Mon Mar  6 00:59:50 2023
data_dict: {'mean': array([56.526947, 62.5556  , 67.85261 , 73.50183 , 76.474724, 77.14888 ,
       83.836754, 69.88962 ], dtype=float32), 'std': array([2.4285107, 3.9468381, 5.52194  , 7.1017284, 8.040505 , 5.7644405,
       5.709766 , 4.6916556], dtype=float32), 'classWeights': array([1.4620788, 5.941515 , 7.897144 ], dtype=float32), 'img_shape': (256, 256, 8)}
epoch: 1 train_epoch_loss: 0.069375 learn_rate: 0.001000
epoch: 2 train_epoch_loss: 0.063033 learn_rate: 0.001000
epoch: 3 train_epoch_loss: 0.061546 learn_rate: 0.001000
epoch: 4 train_epoch_loss: 0.060845 learn_rate: 0.001000
epoch: 5 train_epoch_loss: 0.060928 learn_rate: 0.001000
epoch: 6 train_epoch_loss: 0.060518 learn_rate: 0.001000
epoch: 7 train_epoch_loss: 0.060527 learn_rate: 0.001000
epoch: 8 train_epoch_loss: 0.061324 learn_rate: 0.001000
epoch: 9 train_epoch_loss: 0.059561 learn_rate: 0.000333
epoch: 10 train_epoch_loss: 0.059120 learn_rate: 0.000333
epoch: 11 train_epoch_loss: 0.058816 learn_rate: 0.000333
epoch: 12 train_epoch_loss: 0.058683 learn_rate: 0.000333
epoch: 13 train_epoch_loss: 0.058347 learn_rate: 0.000333
epoch: 14 train_epoch_loss: 0.058142 learn_rate: 0.000333
epoch: 15 train_epoch_loss: 0.057972 learn_rate: 0.000333
epoch: 16 train_epoch_loss: 0.057827 learn_rate: 0.000333
epoch: 17 train_epoch_loss: 0.057607 learn_rate: 0.000333
epoch: 18 train_epoch_loss: 0.057577 learn_rate: 0.000333
epoch: 19 train_epoch_loss: 0.057445 learn_rate: 0.000333
epoch: 20 train_epoch_loss: 0.057461 learn_rate: 0.000333
epoch: 21 train_epoch_loss: 0.057141 learn_rate: 0.000333
epoch: 22 train_epoch_loss: 0.056992 learn_rate: 0.000333
epoch: 23 train_epoch_loss: 0.056837 learn_rate: 0.000333
epoch: 24 train_epoch_loss: 0.056772 learn_rate: 0.000333
epoch: 25 train_epoch_loss: 0.056598 learn_rate: 0.000333
epoch: 26 train_epoch_loss: 0.056510 learn_rate: 0.000333
epoch: 27 train_epoch_loss: 0.056552 learn_rate: 0.000333
epoch: 28 train_epoch_loss: 0.056661 learn_rate: 0.000333
epoch: 29 train_epoch_loss: 0.056271 learn_rate: 0.000111
epoch: 30 train_epoch_loss: 0.056110 learn_rate: 0.000111
epoch: 31 train_epoch_loss: 0.056042 learn_rate: 0.000111
epoch: 32 train_epoch_loss: 0.055968 learn_rate: 0.000111
epoch: 33 train_epoch_loss: 0.055902 learn_rate: 0.000111
epoch: 34 train_epoch_loss: 0.055858 learn_rate: 0.000111
epoch: 35 train_epoch_loss: 0.055800 learn_rate: 0.000111
epoch: 36 train_epoch_loss: 0.055751 learn_rate: 0.000111
epoch: 37 train_epoch_loss: 0.055687 learn_rate: 0.000111
epoch: 38 train_epoch_loss: 0.055667 learn_rate: 0.000111
epoch: 39 train_epoch_loss: 0.055627 learn_rate: 0.000111
epoch: 40 train_epoch_loss: 0.055569 learn_rate: 0.000111
epoch: 41 train_epoch_loss: 0.055531 learn_rate: 0.000111
epoch: 42 train_epoch_loss: 0.055516 learn_rate: 0.000111
epoch: 43 train_epoch_loss: 0.055475 learn_rate: 0.000111
epoch: 44 train_epoch_loss: 0.055424 learn_rate: 0.000111
epoch: 45 train_epoch_loss: 0.055385 learn_rate: 0.000111
epoch: 46 train_epoch_loss: 0.055368 learn_rate: 0.000111
epoch: 47 train_epoch_loss: 0.055314 learn_rate: 0.000111
epoch: 48 train_epoch_loss: 0.055279 learn_rate: 0.000111
epoch: 49 train_epoch_loss: 0.055234 learn_rate: 0.000111
epoch: 50 train_epoch_loss: 0.055194 learn_rate: 0.000111
epoch: 51 train_epoch_loss: 0.055147 learn_rate: 0.000111
epoch: 52 train_epoch_loss: 0.055153 learn_rate: 0.000111
epoch: 53 train_epoch_loss: 0.055113 learn_rate: 0.000111
epoch: 54 train_epoch_loss: 0.055078 learn_rate: 0.000111
epoch: 55 train_epoch_loss: 0.055007 learn_rate: 0.000111
epoch: 56 train_epoch_loss: 0.054999 learn_rate: 0.000111
epoch: 57 train_epoch_loss: 0.055001 learn_rate: 0.000111
epoch: 58 train_epoch_loss: 0.054962 learn_rate: 0.000111
epoch: 59 train_epoch_loss: 0.054957 learn_rate: 0.000111
epoch: 60 train_epoch_loss: 0.054915 learn_rate: 0.000111
epoch: 61 train_epoch_loss: 0.054934 learn_rate: 0.000111
epoch: 62 train_epoch_loss: 0.054856 learn_rate: 0.000111
epoch: 63 train_epoch_loss: 0.054800 learn_rate: 0.000111
epoch: 64 train_epoch_loss: 0.054786 learn_rate: 0.000111
epoch: 65 train_epoch_loss: 0.054738 learn_rate: 0.000111
epoch: 66 train_epoch_loss: 0.054733 learn_rate: 0.000111
epoch: 67 train_epoch_loss: 0.054669 learn_rate: 0.000111
epoch: 68 train_epoch_loss: 0.054662 learn_rate: 0.000111
epoch: 69 train_epoch_loss: 0.054631 learn_rate: 0.000111
epoch: 70 train_epoch_loss: 0.054600 learn_rate: 0.000111
epoch: 71 train_epoch_loss: 0.054549 learn_rate: 0.000111
epoch: 72 train_epoch_loss: 0.054550 learn_rate: 0.000111
epoch: 73 train_epoch_loss: 0.054578 learn_rate: 0.000111
epoch: 74 train_epoch_loss: 0.054490 learn_rate: 0.000037
epoch: 75 train_epoch_loss: 0.054416 learn_rate: 0.000037
epoch: 76 train_epoch_loss: 0.054395 learn_rate: 0.000037
epoch: 77 train_epoch_loss: 0.054364 learn_rate: 0.000037
epoch: 78 train_epoch_loss: 0.054359 learn_rate: 0.000037
epoch: 79 train_epoch_loss: 0.054337 learn_rate: 0.000037
epoch: 80 train_epoch_loss: 0.054331 learn_rate: 0.000037
epoch: 81 train_epoch_loss: 0.054321 learn_rate: 0.000037
epoch: 82 train_epoch_loss: 0.054302 learn_rate: 0.000037
epoch: 83 train_epoch_loss: 0.054281 learn_rate: 0.000037
epoch: 84 train_epoch_loss: 0.054284 learn_rate: 0.000037
epoch: 85 train_epoch_loss: 0.054260 learn_rate: 0.000037
epoch: 86 train_epoch_loss: 0.054250 learn_rate: 0.000037
epoch: 87 train_epoch_loss: 0.054246 learn_rate: 0.000037
epoch: 88 train_epoch_loss: 0.054239 learn_rate: 0.000037
epoch: 89 train_epoch_loss: 0.054230 learn_rate: 0.000037
epoch: 90 train_epoch_loss: 0.054217 learn_rate: 0.000037
epoch: 91 train_epoch_loss: 0.054209 learn_rate: 0.000037
epoch: 92 train_epoch_loss: 0.054201 learn_rate: 0.000037
epoch: 93 train_epoch_loss: 0.054188 learn_rate: 0.000037
epoch: 94 train_epoch_loss: 0.054173 learn_rate: 0.000037
epoch: 95 train_epoch_loss: 0.054159 learn_rate: 0.000037
epoch: 96 train_epoch_loss: 0.054158 learn_rate: 0.000037
epoch: 97 train_epoch_loss: 0.054151 learn_rate: 0.000037
epoch: 98 train_epoch_loss: 0.054132 learn_rate: 0.000037
epoch: 99 train_epoch_loss: 0.054122 learn_rate: 0.000037
epoch: 100 train_epoch_loss: 0.054112 learn_rate: 0.000037
epoch: 101 train_epoch_loss: 0.054102 learn_rate: 0.000037
epoch: 102 train_epoch_loss: 0.054090 learn_rate: 0.000037
epoch: 103 train_epoch_loss: 0.054085 learn_rate: 0.000037
epoch: 104 train_epoch_loss: 0.054077 learn_rate: 0.000037
epoch: 105 train_epoch_loss: 0.054070 learn_rate: 0.000037
epoch: 106 train_epoch_loss: 0.054079 learn_rate: 0.000037
epoch: 107 train_epoch_loss: 0.054056 learn_rate: 0.000037
epoch: 108 train_epoch_loss: 0.054040 learn_rate: 0.000037
epoch: 109 train_epoch_loss: 0.054029 learn_rate: 0.000037
epoch: 110 train_epoch_loss: 0.054038 learn_rate: 0.000037
epoch: 111 train_epoch_loss: 0.054011 learn_rate: 0.000037
epoch: 112 train_epoch_loss: 0.054005 learn_rate: 0.000037
epoch: 113 train_epoch_loss: 0.054009 learn_rate: 0.000037
epoch: 114 train_epoch_loss: 0.054000 learn_rate: 0.000037
epoch: 115 train_epoch_loss: 0.053992 learn_rate: 0.000037
epoch: 116 train_epoch_loss: 0.053978 learn_rate: 0.000037
epoch: 117 train_epoch_loss: 0.053968 learn_rate: 0.000037
epoch: 118 train_epoch_loss: 0.053954 learn_rate: 0.000037
epoch: 119 train_epoch_loss: 0.053956 learn_rate: 0.000037
epoch: 120 train_epoch_loss: 0.053940 learn_rate: 0.000037
epoch: 121 train_epoch_loss: 0.053953 learn_rate: 0.000037
epoch: 122 train_epoch_loss: 0.053939 learn_rate: 0.000037
epoch: 123 train_epoch_loss: 0.053929 learn_rate: 0.000037
epoch: 124 train_epoch_loss: 0.053917 learn_rate: 0.000037
epoch: 125 train_epoch_loss: 0.053908 learn_rate: 0.000037
epoch: 126 train_epoch_loss: 0.053889 learn_rate: 0.000037
epoch: 127 train_epoch_loss: 0.053898 learn_rate: 0.000037
epoch: 128 train_epoch_loss: 0.053871 learn_rate: 0.000037
epoch: 129 train_epoch_loss: 0.053852 learn_rate: 0.000037
epoch: 130 train_epoch_loss: 0.053847 learn_rate: 0.000037
epoch: 131 train_epoch_loss: 0.053845 learn_rate: 0.000037
epoch: 132 train_epoch_loss: 0.053844 learn_rate: 0.000037
epoch: 133 train_epoch_loss: 0.053841 learn_rate: 0.000037
epoch: 134 train_epoch_loss: 0.053818 learn_rate: 0.000037
epoch: 135 train_epoch_loss: 0.053822 learn_rate: 0.000037
epoch: 136 train_epoch_loss: 0.053808 learn_rate: 0.000037
epoch: 137 train_epoch_loss: 0.053797 learn_rate: 0.000037
epoch: 138 train_epoch_loss: 0.053815 learn_rate: 0.000037
epoch: 139 train_epoch_loss: 0.053807 learn_rate: 0.000037
epoch: 140 train_epoch_loss: 0.053781 learn_rate: 0.000012
epoch: 141 train_epoch_loss: 0.053753 learn_rate: 0.000012
epoch: 142 train_epoch_loss: 0.053742 learn_rate: 0.000012
epoch: 143 train_epoch_loss: 0.053732 learn_rate: 0.000012
epoch: 144 train_epoch_loss: 0.053722 learn_rate: 0.000012
epoch: 145 train_epoch_loss: 0.053711 learn_rate: 0.000012
epoch: 146 train_epoch_loss: 0.053723 learn_rate: 0.000012
epoch: 147 train_epoch_loss: 0.053707 learn_rate: 0.000012
epoch: 148 train_epoch_loss: 0.053698 learn_rate: 0.000012
epoch: 149 train_epoch_loss: 0.053704 learn_rate: 0.000012
epoch: 150 train_epoch_loss: 0.053706 learn_rate: 0.000012
epoch: 151 train_epoch_loss: 0.053708 learn_rate: 0.000004
epoch: 152 train_epoch_loss: 0.053706 learn_rate: 0.000004
epoch: 153 train_epoch_loss: 0.053702 learn_rate: 0.000001
epoch: 154 train_epoch_loss: 0.053710 learn_rate: 0.000001
epoch: 155 train_epoch_loss: 0.053710 learn_rate: 0.000000
epoch: 156 train_epoch_loss: 0.053705 learn_rate: 0.000000
