Tue Feb 28 22:13:27 2023
data_dict: {'mean': array([59.754013, 66.1077  , 70.73069 , 75.92262 , 79.18442 , 78.99879 ,
       85.32419 , 71.57193 ], dtype=float32), 'std': array([1.5098926, 2.4854996, 3.5004454, 4.477355 , 5.1664195, 3.291043 ,
       2.744151 , 2.2928967], dtype=float32), 'classWeights': array([1.4587328, 5.8852677, 8.183404 ], dtype=float32), 'img_shape': (256, 256, 8)}
epoch: 1 train_epoch_loss: 0.154486 learn_rate: 0.001000
epoch: 2 train_epoch_loss: 0.089377 learn_rate: 0.001000
epoch: 3 train_epoch_loss: 0.085932 learn_rate: 0.001000
epoch: 4 train_epoch_loss: 0.081734 learn_rate: 0.001000
epoch: 5 train_epoch_loss: 0.078417 learn_rate: 0.001000
epoch: 6 train_epoch_loss: 0.077170 learn_rate: 0.001000
epoch: 7 train_epoch_loss: 0.074782 learn_rate: 0.001000
epoch: 8 train_epoch_loss: 0.072080 learn_rate: 0.001000
epoch: 9 train_epoch_loss: 0.068430 learn_rate: 0.001000
epoch: 10 train_epoch_loss: 0.065614 learn_rate: 0.001000
epoch: 11 train_epoch_loss: 0.065811 learn_rate: 0.001000
epoch: 12 train_epoch_loss: 0.063879 learn_rate: 0.001000
epoch: 13 train_epoch_loss: 0.062306 learn_rate: 0.001000
epoch: 14 train_epoch_loss: 0.062177 learn_rate: 0.001000
epoch: 15 train_epoch_loss: 0.061719 learn_rate: 0.001000
epoch: 16 train_epoch_loss: 0.061462 learn_rate: 0.001000
epoch: 17 train_epoch_loss: 0.060764 learn_rate: 0.001000
epoch: 18 train_epoch_loss: 0.061366 learn_rate: 0.001000
epoch: 19 train_epoch_loss: 0.060809 learn_rate: 0.001000
epoch: 20 train_epoch_loss: 0.060219 learn_rate: 0.000333
epoch: 21 train_epoch_loss: 0.060037 learn_rate: 0.000333
epoch: 22 train_epoch_loss: 0.059856 learn_rate: 0.000333
epoch: 23 train_epoch_loss: 0.059654 learn_rate: 0.000333
epoch: 24 train_epoch_loss: 0.059649 learn_rate: 0.000333
epoch: 25 train_epoch_loss: 0.059535 learn_rate: 0.000333
epoch: 26 train_epoch_loss: 0.059368 learn_rate: 0.000333
epoch: 27 train_epoch_loss: 0.059390 learn_rate: 0.000333
epoch: 28 train_epoch_loss: 0.059220 learn_rate: 0.000333
epoch: 29 train_epoch_loss: 0.059098 learn_rate: 0.000333
epoch: 30 train_epoch_loss: 0.059074 learn_rate: 0.000333
epoch: 31 train_epoch_loss: 0.059069 learn_rate: 0.000333
epoch: 32 train_epoch_loss: 0.058886 learn_rate: 0.000333
epoch: 33 train_epoch_loss: 0.058792 learn_rate: 0.000333
epoch: 34 train_epoch_loss: 0.058656 learn_rate: 0.000333
epoch: 35 train_epoch_loss: 0.058594 learn_rate: 0.000333
epoch: 36 train_epoch_loss: 0.058461 learn_rate: 0.000333
epoch: 37 train_epoch_loss: 0.058426 learn_rate: 0.000333
epoch: 38 train_epoch_loss: 0.058362 learn_rate: 0.000333
epoch: 39 train_epoch_loss: 0.058449 learn_rate: 0.000333
epoch: 40 train_epoch_loss: 0.058208 learn_rate: 0.000333
epoch: 41 train_epoch_loss: 0.058089 learn_rate: 0.000333
epoch: 42 train_epoch_loss: 0.058421 learn_rate: 0.000333
epoch: 43 train_epoch_loss: 0.058086 learn_rate: 0.000333
epoch: 44 train_epoch_loss: 0.057919 learn_rate: 0.000333
epoch: 45 train_epoch_loss: 0.057823 learn_rate: 0.000333
epoch: 46 train_epoch_loss: 0.057784 learn_rate: 0.000333
epoch: 47 train_epoch_loss: 0.057643 learn_rate: 0.000333
epoch: 48 train_epoch_loss: 0.057480 learn_rate: 0.000333
epoch: 49 train_epoch_loss: 0.057500 learn_rate: 0.000333
epoch: 50 train_epoch_loss: 0.057471 learn_rate: 0.000333
epoch: 51 train_epoch_loss: 0.057371 learn_rate: 0.000333
epoch: 52 train_epoch_loss: 0.057506 learn_rate: 0.000333
epoch: 53 train_epoch_loss: 0.057792 learn_rate: 0.000333
epoch: 54 train_epoch_loss: 0.057190 learn_rate: 0.000111
epoch: 55 train_epoch_loss: 0.057102 learn_rate: 0.000111
epoch: 56 train_epoch_loss: 0.057075 learn_rate: 0.000111
epoch: 57 train_epoch_loss: 0.057065 learn_rate: 0.000111
epoch: 58 train_epoch_loss: 0.057020 learn_rate: 0.000111
epoch: 59 train_epoch_loss: 0.056977 learn_rate: 0.000111
epoch: 60 train_epoch_loss: 0.056996 learn_rate: 0.000111
epoch: 61 train_epoch_loss: 0.056928 learn_rate: 0.000111
epoch: 62 train_epoch_loss: 0.056935 learn_rate: 0.000111
epoch: 63 train_epoch_loss: 0.056885 learn_rate: 0.000111
epoch: 64 train_epoch_loss: 0.056888 learn_rate: 0.000111
epoch: 65 train_epoch_loss: 0.056822 learn_rate: 0.000111
epoch: 66 train_epoch_loss: 0.056818 learn_rate: 0.000111
epoch: 67 train_epoch_loss: 0.056766 learn_rate: 0.000111
epoch: 68 train_epoch_loss: 0.056809 learn_rate: 0.000111
epoch: 69 train_epoch_loss: 0.056731 learn_rate: 0.000111
epoch: 70 train_epoch_loss: 0.056722 learn_rate: 0.000111
epoch: 71 train_epoch_loss: 0.056675 learn_rate: 0.000111
epoch: 72 train_epoch_loss: 0.056665 learn_rate: 0.000111
epoch: 73 train_epoch_loss: 0.056631 learn_rate: 0.000111
epoch: 74 train_epoch_loss: 0.056593 learn_rate: 0.000111
epoch: 75 train_epoch_loss: 0.056546 learn_rate: 0.000111
epoch: 76 train_epoch_loss: 0.056570 learn_rate: 0.000111
epoch: 77 train_epoch_loss: 0.056518 learn_rate: 0.000111
epoch: 78 train_epoch_loss: 0.056469 learn_rate: 0.000111
epoch: 79 train_epoch_loss: 0.056438 learn_rate: 0.000111
epoch: 80 train_epoch_loss: 0.056452 learn_rate: 0.000111
epoch: 81 train_epoch_loss: 0.056425 learn_rate: 0.000111
epoch: 82 train_epoch_loss: 0.056437 learn_rate: 0.000111
epoch: 83 train_epoch_loss: 0.056371 learn_rate: 0.000111
epoch: 84 train_epoch_loss: 0.056314 learn_rate: 0.000111
epoch: 85 train_epoch_loss: 0.056273 learn_rate: 0.000111
epoch: 86 train_epoch_loss: 0.056267 learn_rate: 0.000111
epoch: 87 train_epoch_loss: 0.056228 learn_rate: 0.000111
epoch: 88 train_epoch_loss: 0.056229 learn_rate: 0.000111
epoch: 89 train_epoch_loss: 0.056164 learn_rate: 0.000111
epoch: 90 train_epoch_loss: 0.056175 learn_rate: 0.000111
epoch: 91 train_epoch_loss: 0.056131 learn_rate: 0.000111
epoch: 92 train_epoch_loss: 0.056091 learn_rate: 0.000111
epoch: 93 train_epoch_loss: 0.056057 learn_rate: 0.000111
epoch: 94 train_epoch_loss: 0.056029 learn_rate: 0.000111
epoch: 95 train_epoch_loss: 0.056024 learn_rate: 0.000111
epoch: 96 train_epoch_loss: 0.056006 learn_rate: 0.000111
epoch: 97 train_epoch_loss: 0.055963 learn_rate: 0.000111
epoch: 98 train_epoch_loss: 0.055927 learn_rate: 0.000111
epoch: 99 train_epoch_loss: 0.055888 learn_rate: 0.000111
epoch: 100 train_epoch_loss: 0.055884 learn_rate: 0.000111
epoch: 101 train_epoch_loss: 0.055882 learn_rate: 0.000111
epoch: 102 train_epoch_loss: 0.055833 learn_rate: 0.000111
epoch: 103 train_epoch_loss: 0.055794 learn_rate: 0.000111
epoch: 104 train_epoch_loss: 0.055759 learn_rate: 0.000111
epoch: 105 train_epoch_loss: 0.055741 learn_rate: 0.000111
epoch: 106 train_epoch_loss: 0.055715 learn_rate: 0.000111
epoch: 107 train_epoch_loss: 0.055719 learn_rate: 0.000111
epoch: 108 train_epoch_loss: 0.055675 learn_rate: 0.000111
epoch: 109 train_epoch_loss: 0.055665 learn_rate: 0.000111
epoch: 110 train_epoch_loss: 0.055645 learn_rate: 0.000111
epoch: 111 train_epoch_loss: 0.055627 learn_rate: 0.000111
epoch: 112 train_epoch_loss: 0.055612 learn_rate: 0.000111
epoch: 113 train_epoch_loss: 0.055567 learn_rate: 0.000111
epoch: 114 train_epoch_loss: 0.055629 learn_rate: 0.000111
epoch: 115 train_epoch_loss: 0.055554 learn_rate: 0.000111
epoch: 116 train_epoch_loss: 0.055494 learn_rate: 0.000111
epoch: 117 train_epoch_loss: 0.055539 learn_rate: 0.000111
epoch: 118 train_epoch_loss: 0.055486 learn_rate: 0.000111
epoch: 119 train_epoch_loss: 0.055446 learn_rate: 0.000111
epoch: 120 train_epoch_loss: 0.055458 learn_rate: 0.000111
epoch: 121 train_epoch_loss: 0.055424 learn_rate: 0.000111
epoch: 122 train_epoch_loss: 0.055357 learn_rate: 0.000111
epoch: 123 train_epoch_loss: 0.055346 learn_rate: 0.000111
epoch: 124 train_epoch_loss: 0.055311 learn_rate: 0.000111
epoch: 125 train_epoch_loss: 0.055292 learn_rate: 0.000111
epoch: 126 train_epoch_loss: 0.055284 learn_rate: 0.000111
epoch: 127 train_epoch_loss: 0.055297 learn_rate: 0.000111
epoch: 128 train_epoch_loss: 0.055259 learn_rate: 0.000111
epoch: 129 train_epoch_loss: 0.055230 learn_rate: 0.000111
epoch: 130 train_epoch_loss: 0.055189 learn_rate: 0.000111
epoch: 131 train_epoch_loss: 0.055157 learn_rate: 0.000111
epoch: 132 train_epoch_loss: 0.055124 learn_rate: 0.000111
epoch: 133 train_epoch_loss: 0.055092 learn_rate: 0.000111
epoch: 134 train_epoch_loss: 0.055105 learn_rate: 0.000111
epoch: 135 train_epoch_loss: 0.055115 learn_rate: 0.000111
epoch: 136 train_epoch_loss: 0.055034 learn_rate: 0.000037
epoch: 137 train_epoch_loss: 0.055015 learn_rate: 0.000037
epoch: 138 train_epoch_loss: 0.054992 learn_rate: 0.000037
epoch: 139 train_epoch_loss: 0.054986 learn_rate: 0.000037
epoch: 140 train_epoch_loss: 0.054989 learn_rate: 0.000037
epoch: 141 train_epoch_loss: 0.054965 learn_rate: 0.000037
epoch: 142 train_epoch_loss: 0.054961 learn_rate: 0.000037
epoch: 143 train_epoch_loss: 0.054965 learn_rate: 0.000037
epoch: 144 train_epoch_loss: 0.054962 learn_rate: 0.000037
epoch: 145 train_epoch_loss: 0.054937 learn_rate: 0.000012
epoch: 146 train_epoch_loss: 0.054933 learn_rate: 0.000012
epoch: 147 train_epoch_loss: 0.054928 learn_rate: 0.000012
epoch: 148 train_epoch_loss: 0.054936 learn_rate: 0.000012
epoch: 149 train_epoch_loss: 0.054936 learn_rate: 0.000012
epoch: 150 train_epoch_loss: 0.054924 learn_rate: 0.000004
epoch: 151 train_epoch_loss: 0.054926 learn_rate: 0.000004
epoch: 152 train_epoch_loss: 0.054924 learn_rate: 0.000004
epoch: 153 train_epoch_loss: 0.054922 learn_rate: 0.000004
epoch: 154 train_epoch_loss: 0.054930 learn_rate: 0.000004
epoch: 155 train_epoch_loss: 0.054924 learn_rate: 0.000004
epoch: 156 train_epoch_loss: 0.054907 learn_rate: 0.000001
epoch: 157 train_epoch_loss: 0.054922 learn_rate: 0.000001
epoch: 158 train_epoch_loss: 0.054905 learn_rate: 0.000001
epoch: 159 train_epoch_loss: 0.054914 learn_rate: 0.000001
epoch: 160 train_epoch_loss: 0.054916 learn_rate: 0.000001
epoch: 161 train_epoch_loss: 0.054923 learn_rate: 0.000000
epoch: 162 train_epoch_loss: 0.054926 learn_rate: 0.000000
