Sat Apr  1 11:54:49 2023
data_dict: {'mean': array([52.704556, 58.41405 , 64.40699 , 70.58118 , 73.50352 , 74.85682 ,
       81.9623  , 67.729485], dtype=float32), 'std': array([ 3.39593  ,  5.4326706,  7.5754166,  9.685514 , 10.977296 ,
        8.325459 ,  8.875289 ,  7.2722487], dtype=float32), 'classWeights': array([1.4577913, 5.9518204, 8.103015 ], dtype=float32), 'img_shape': (256, 256, 8)}
epoch: 1 train_epoch_loss: 0.218280 learn_rate: 0.000500
epoch: 2 train_epoch_loss: 0.096359 learn_rate: 0.000500
epoch: 3 train_epoch_loss: 0.091023 learn_rate: 0.000500
epoch: 4 train_epoch_loss: 0.088523 learn_rate: 0.000500
epoch: 5 train_epoch_loss: 0.086274 learn_rate: 0.000500
epoch: 6 train_epoch_loss: 0.084184 learn_rate: 0.000500
epoch: 7 train_epoch_loss: 0.082500 learn_rate: 0.000500
epoch: 8 train_epoch_loss: 0.081335 learn_rate: 0.000500
epoch: 9 train_epoch_loss: 0.080434 learn_rate: 0.000500
epoch: 10 train_epoch_loss: 0.079280 learn_rate: 0.000500
epoch: 11 train_epoch_loss: 0.077405 learn_rate: 0.000500
epoch: 12 train_epoch_loss: 0.074670 learn_rate: 0.000500
epoch: 13 train_epoch_loss: 0.070925 learn_rate: 0.000500
epoch: 14 train_epoch_loss: 0.069514 learn_rate: 0.000500
epoch: 15 train_epoch_loss: 0.067390 learn_rate: 0.000500
epoch: 16 train_epoch_loss: 0.065524 learn_rate: 0.000500
epoch: 17 train_epoch_loss: 0.064896 learn_rate: 0.000500
epoch: 18 train_epoch_loss: 0.063963 learn_rate: 0.000500
epoch: 19 train_epoch_loss: 0.062929 learn_rate: 0.000500
epoch: 20 train_epoch_loss: 0.062859 learn_rate: 0.000500
epoch: 21 train_epoch_loss: 0.064781 learn_rate: 0.000500
epoch: 22 train_epoch_loss: 0.062280 learn_rate: 0.000500
epoch: 23 train_epoch_loss: 0.061705 learn_rate: 0.000500
epoch: 24 train_epoch_loss: 0.061651 learn_rate: 0.000500
epoch: 25 train_epoch_loss: 0.061224 learn_rate: 0.000500
epoch: 26 train_epoch_loss: 0.060989 learn_rate: 0.000500
epoch: 27 train_epoch_loss: 0.060857 learn_rate: 0.000500
epoch: 28 train_epoch_loss: 0.060956 learn_rate: 0.000500
epoch: 29 train_epoch_loss: 0.060416 learn_rate: 0.000500
epoch: 30 train_epoch_loss: 0.060079 learn_rate: 0.000500
epoch: 31 train_epoch_loss: 0.059860 learn_rate: 0.000500
epoch: 32 train_epoch_loss: 0.059633 learn_rate: 0.000500
epoch: 33 train_epoch_loss: 0.059334 learn_rate: 0.000500
epoch: 34 train_epoch_loss: 0.059254 learn_rate: 0.000500
epoch: 35 train_epoch_loss: 0.059017 learn_rate: 0.000500
epoch: 36 train_epoch_loss: 0.059340 learn_rate: 0.000500
epoch: 37 train_epoch_loss: 0.058998 learn_rate: 0.000500
epoch: 38 train_epoch_loss: 0.058595 learn_rate: 0.000500
epoch: 39 train_epoch_loss: 0.058483 learn_rate: 0.000500
epoch: 40 train_epoch_loss: 0.058510 learn_rate: 0.000500
epoch: 41 train_epoch_loss: 0.058484 learn_rate: 0.000500
epoch: 42 train_epoch_loss: 0.058122 learn_rate: 0.000167
epoch: 43 train_epoch_loss: 0.057993 learn_rate: 0.000167
epoch: 44 train_epoch_loss: 0.057930 learn_rate: 0.000167
epoch: 45 train_epoch_loss: 0.057850 learn_rate: 0.000167
epoch: 46 train_epoch_loss: 0.057800 learn_rate: 0.000167
epoch: 47 train_epoch_loss: 0.057764 learn_rate: 0.000167
epoch: 48 train_epoch_loss: 0.057706 learn_rate: 0.000167
epoch: 49 train_epoch_loss: 0.057683 learn_rate: 0.000167
epoch: 50 train_epoch_loss: 0.057646 learn_rate: 0.000167
epoch: 51 train_epoch_loss: 0.057574 learn_rate: 0.000167
epoch: 52 train_epoch_loss: 0.057565 learn_rate: 0.000167
epoch: 53 train_epoch_loss: 0.057528 learn_rate: 0.000167
epoch: 54 train_epoch_loss: 0.057539 learn_rate: 0.000167
epoch: 55 train_epoch_loss: 0.057425 learn_rate: 0.000167
epoch: 56 train_epoch_loss: 0.057380 learn_rate: 0.000167
epoch: 57 train_epoch_loss: 0.057341 learn_rate: 0.000167
epoch: 58 train_epoch_loss: 0.057299 learn_rate: 0.000167
epoch: 59 train_epoch_loss: 0.057220 learn_rate: 0.000167
epoch: 60 train_epoch_loss: 0.057231 learn_rate: 0.000167
epoch: 61 train_epoch_loss: 0.057220 learn_rate: 0.000167
epoch: 62 train_epoch_loss: 0.057142 learn_rate: 0.000167
epoch: 63 train_epoch_loss: 0.057166 learn_rate: 0.000167
epoch: 64 train_epoch_loss: 0.057158 learn_rate: 0.000167
epoch: 65 train_epoch_loss: 0.057050 learn_rate: 0.000056
epoch: 66 train_epoch_loss: 0.056981 learn_rate: 0.000056
epoch: 67 train_epoch_loss: 0.056938 learn_rate: 0.000056
epoch: 68 train_epoch_loss: 0.056933 learn_rate: 0.000056
epoch: 69 train_epoch_loss: 0.056908 learn_rate: 0.000056
epoch: 70 train_epoch_loss: 0.056882 learn_rate: 0.000056
epoch: 71 train_epoch_loss: 0.056848 learn_rate: 0.000056
epoch: 72 train_epoch_loss: 0.056831 learn_rate: 0.000056
epoch: 73 train_epoch_loss: 0.056814 learn_rate: 0.000056
epoch: 74 train_epoch_loss: 0.056765 learn_rate: 0.000056
epoch: 75 train_epoch_loss: 0.056737 learn_rate: 0.000056
epoch: 76 train_epoch_loss: 0.056731 learn_rate: 0.000056
epoch: 77 train_epoch_loss: 0.056718 learn_rate: 0.000056
epoch: 78 train_epoch_loss: 0.056653 learn_rate: 0.000056
epoch: 79 train_epoch_loss: 0.056643 learn_rate: 0.000056
epoch: 80 train_epoch_loss: 0.056588 learn_rate: 0.000056
epoch: 81 train_epoch_loss: 0.056566 learn_rate: 0.000056
epoch: 82 train_epoch_loss: 0.056556 learn_rate: 0.000056
epoch: 83 train_epoch_loss: 0.056495 learn_rate: 0.000056
epoch: 84 train_epoch_loss: 0.056502 learn_rate: 0.000056
epoch: 85 train_epoch_loss: 0.056473 learn_rate: 0.000056
epoch: 86 train_epoch_loss: 0.056476 learn_rate: 0.000056
epoch: 87 train_epoch_loss: 0.056417 learn_rate: 0.000056
epoch: 88 train_epoch_loss: 0.056470 learn_rate: 0.000056
epoch: 89 train_epoch_loss: 0.056401 learn_rate: 0.000056
epoch: 90 train_epoch_loss: 0.056371 learn_rate: 0.000056
epoch: 91 train_epoch_loss: 0.056334 learn_rate: 0.000056
epoch: 92 train_epoch_loss: 0.056299 learn_rate: 0.000056
epoch: 93 train_epoch_loss: 0.056312 learn_rate: 0.000056
epoch: 94 train_epoch_loss: 0.056322 learn_rate: 0.000056
epoch: 95 train_epoch_loss: 0.056268 learn_rate: 0.000019
epoch: 96 train_epoch_loss: 0.056214 learn_rate: 0.000019
epoch: 97 train_epoch_loss: 0.056229 learn_rate: 0.000019
epoch: 98 train_epoch_loss: 0.056217 learn_rate: 0.000019
epoch: 99 train_epoch_loss: 0.056202 learn_rate: 0.000006
epoch: 100 train_epoch_loss: 0.056203 learn_rate: 0.000006
epoch: 101 train_epoch_loss: 0.056218 learn_rate: 0.000006
epoch: 102 train_epoch_loss: 0.056207 learn_rate: 0.000002
epoch: 103 train_epoch_loss: 0.056204 learn_rate: 0.000002
epoch: 104 train_epoch_loss: 0.056219 learn_rate: 0.000001
epoch: 105 train_epoch_loss: 0.056227 learn_rate: 0.000001
