Sat Apr  1 13:55:46 2023
data_dict: {'mean': array([52.494503, 58.037212, 63.901188, 69.999794, 72.81345 , 74.46716 ,
       81.75927 , 67.59435 ], dtype=float32), 'std': array([ 3.4899554,  5.612619 ,  7.836796 , 10.009244 , 11.379697 ,
        8.558606 ,  9.1269865,  7.4585433], dtype=float32), 'classWeights': array([1.4731659, 5.736783 , 7.7334805], dtype=float32), 'img_shape': (256, 256, 8)}
epoch: 1 train_epoch_loss: 0.223765 learn_rate: 0.000500
epoch: 2 train_epoch_loss: 0.136842 learn_rate: 0.000500
epoch: 3 train_epoch_loss: 0.109115 learn_rate: 0.000500
epoch: 4 train_epoch_loss: 0.093150 learn_rate: 0.000500
epoch: 5 train_epoch_loss: 0.090757 learn_rate: 0.000500
epoch: 6 train_epoch_loss: 0.090757 learn_rate: 0.000500
epoch: 7 train_epoch_loss: 0.089565 learn_rate: 0.000500
epoch: 8 train_epoch_loss: 0.089593 learn_rate: 0.000500
epoch: 9 train_epoch_loss: 0.089037 learn_rate: 0.000500
epoch: 10 train_epoch_loss: 0.087792 learn_rate: 0.000500
epoch: 11 train_epoch_loss: 0.086129 learn_rate: 0.000500
epoch: 12 train_epoch_loss: 0.083521 learn_rate: 0.000500
epoch: 13 train_epoch_loss: 0.077438 learn_rate: 0.000500
epoch: 14 train_epoch_loss: 0.072971 learn_rate: 0.000500
epoch: 15 train_epoch_loss: 0.070294 learn_rate: 0.000500
epoch: 16 train_epoch_loss: 0.068188 learn_rate: 0.000500
epoch: 17 train_epoch_loss: 0.067781 learn_rate: 0.000500
epoch: 18 train_epoch_loss: 0.066914 learn_rate: 0.000500
epoch: 19 train_epoch_loss: 0.065814 learn_rate: 0.000500
epoch: 20 train_epoch_loss: 0.065536 learn_rate: 0.000500
epoch: 21 train_epoch_loss: 0.065505 learn_rate: 0.000500
epoch: 22 train_epoch_loss: 0.064761 learn_rate: 0.000500
epoch: 23 train_epoch_loss: 0.064379 learn_rate: 0.000500
epoch: 24 train_epoch_loss: 0.064013 learn_rate: 0.000500
epoch: 25 train_epoch_loss: 0.063343 learn_rate: 0.000500
epoch: 26 train_epoch_loss: 0.063454 learn_rate: 0.000500
epoch: 27 train_epoch_loss: 0.062876 learn_rate: 0.000500
epoch: 28 train_epoch_loss: 0.063055 learn_rate: 0.000500
epoch: 29 train_epoch_loss: 0.062539 learn_rate: 0.000500
epoch: 30 train_epoch_loss: 0.062239 learn_rate: 0.000500
epoch: 31 train_epoch_loss: 0.062114 learn_rate: 0.000500
epoch: 32 train_epoch_loss: 0.061815 learn_rate: 0.000500
epoch: 33 train_epoch_loss: 0.061453 learn_rate: 0.000500
epoch: 34 train_epoch_loss: 0.061247 learn_rate: 0.000500
epoch: 35 train_epoch_loss: 0.061480 learn_rate: 0.000500
epoch: 36 train_epoch_loss: 0.061055 learn_rate: 0.000500
epoch: 37 train_epoch_loss: 0.060712 learn_rate: 0.000500
epoch: 38 train_epoch_loss: 0.060452 learn_rate: 0.000500
epoch: 39 train_epoch_loss: 0.060329 learn_rate: 0.000500
epoch: 40 train_epoch_loss: 0.060332 learn_rate: 0.000500
epoch: 41 train_epoch_loss: 0.059745 learn_rate: 0.000500
epoch: 42 train_epoch_loss: 0.059671 learn_rate: 0.000500
epoch: 43 train_epoch_loss: 0.059628 learn_rate: 0.000500
epoch: 44 train_epoch_loss: 0.059426 learn_rate: 0.000500
epoch: 45 train_epoch_loss: 0.059435 learn_rate: 0.000500
epoch: 46 train_epoch_loss: 0.059571 learn_rate: 0.000500
epoch: 47 train_epoch_loss: 0.059203 learn_rate: 0.000167
epoch: 48 train_epoch_loss: 0.059060 learn_rate: 0.000167
epoch: 49 train_epoch_loss: 0.059018 learn_rate: 0.000167
epoch: 50 train_epoch_loss: 0.058828 learn_rate: 0.000167
epoch: 51 train_epoch_loss: 0.058766 learn_rate: 0.000167
epoch: 52 train_epoch_loss: 0.058760 learn_rate: 0.000167
epoch: 53 train_epoch_loss: 0.058657 learn_rate: 0.000167
epoch: 54 train_epoch_loss: 0.058589 learn_rate: 0.000167
epoch: 55 train_epoch_loss: 0.058446 learn_rate: 0.000167
epoch: 56 train_epoch_loss: 0.058495 learn_rate: 0.000167
epoch: 57 train_epoch_loss: 0.058326 learn_rate: 0.000167
epoch: 58 train_epoch_loss: 0.058267 learn_rate: 0.000167
epoch: 59 train_epoch_loss: 0.058243 learn_rate: 0.000167
epoch: 60 train_epoch_loss: 0.058139 learn_rate: 0.000167
epoch: 61 train_epoch_loss: 0.058128 learn_rate: 0.000167
epoch: 62 train_epoch_loss: 0.057995 learn_rate: 0.000167
epoch: 63 train_epoch_loss: 0.058001 learn_rate: 0.000167
epoch: 64 train_epoch_loss: 0.057878 learn_rate: 0.000167
epoch: 65 train_epoch_loss: 0.057796 learn_rate: 0.000167
epoch: 66 train_epoch_loss: 0.057904 learn_rate: 0.000167
epoch: 67 train_epoch_loss: 0.057734 learn_rate: 0.000167
epoch: 68 train_epoch_loss: 0.057770 learn_rate: 0.000167
epoch: 69 train_epoch_loss: 0.057803 learn_rate: 0.000167
epoch: 70 train_epoch_loss: 0.057624 learn_rate: 0.000056
epoch: 71 train_epoch_loss: 0.057523 learn_rate: 0.000056
epoch: 72 train_epoch_loss: 0.057528 learn_rate: 0.000056
epoch: 73 train_epoch_loss: 0.057502 learn_rate: 0.000056
epoch: 74 train_epoch_loss: 0.057503 learn_rate: 0.000056
epoch: 75 train_epoch_loss: 0.057422 learn_rate: 0.000056
epoch: 76 train_epoch_loss: 0.057372 learn_rate: 0.000056
epoch: 77 train_epoch_loss: 0.057354 learn_rate: 0.000056
epoch: 78 train_epoch_loss: 0.057326 learn_rate: 0.000056
epoch: 79 train_epoch_loss: 0.057376 learn_rate: 0.000056
epoch: 80 train_epoch_loss: 0.057239 learn_rate: 0.000056
epoch: 81 train_epoch_loss: 0.057287 learn_rate: 0.000056
epoch: 82 train_epoch_loss: 0.057271 learn_rate: 0.000056
epoch: 83 train_epoch_loss: 0.057281 learn_rate: 0.000019
epoch: 84 train_epoch_loss: 0.057245 learn_rate: 0.000019
epoch: 85 train_epoch_loss: 0.057302 learn_rate: 0.000006
epoch: 86 train_epoch_loss: 0.057282 learn_rate: 0.000006
epoch: 87 train_epoch_loss: 0.057315 learn_rate: 0.000002
epoch: 88 train_epoch_loss: 0.057333 learn_rate: 0.000002
epoch: 89 train_epoch_loss: 0.057345 learn_rate: 0.000001
epoch: 90 train_epoch_loss: 0.057218 learn_rate: 0.000001
epoch: 91 train_epoch_loss: 0.057296 learn_rate: 0.000001
epoch: 92 train_epoch_loss: 0.057198 learn_rate: 0.000001
epoch: 93 train_epoch_loss: 0.057191 learn_rate: 0.000001
epoch: 94 train_epoch_loss: 0.057183 learn_rate: 0.000001
epoch: 95 train_epoch_loss: 0.057270 learn_rate: 0.000001
epoch: 96 train_epoch_loss: 0.057271 learn_rate: 0.000001
