Sat Apr  1 14:06:06 2023
data_dict: {'mean': array([52.869907, 58.491486, 64.34723 , 70.43841 , 73.28416 , 74.786476,
       81.931526, 67.77143 ], dtype=float32), 'std': array([ 3.458957 ,  5.5400424,  7.7102356,  9.832534 , 11.174896 ,
        8.436254 ,  9.015251 ,  7.3691783], dtype=float32), 'classWeights': array([1.46415  , 5.9135494, 7.8440037], dtype=float32), 'img_shape': (256, 256, 8)}
epoch: 1 train_epoch_loss: 0.229288 learn_rate: 0.000500
epoch: 2 train_epoch_loss: 0.112911 learn_rate: 0.000500
epoch: 3 train_epoch_loss: 0.094869 learn_rate: 0.000500
epoch: 4 train_epoch_loss: 0.093721 learn_rate: 0.000500
epoch: 5 train_epoch_loss: 0.092208 learn_rate: 0.000500
epoch: 6 train_epoch_loss: 0.090532 learn_rate: 0.000500
epoch: 7 train_epoch_loss: 0.089929 learn_rate: 0.000500
epoch: 8 train_epoch_loss: 0.089203 learn_rate: 0.000500
epoch: 9 train_epoch_loss: 0.089722 learn_rate: 0.000500
epoch: 10 train_epoch_loss: 0.087748 learn_rate: 0.000500
epoch: 11 train_epoch_loss: 0.086548 learn_rate: 0.000500
epoch: 12 train_epoch_loss: 0.085145 learn_rate: 0.000500
epoch: 13 train_epoch_loss: 0.084711 learn_rate: 0.000500
epoch: 14 train_epoch_loss: 0.083585 learn_rate: 0.000500
epoch: 15 train_epoch_loss: 0.082962 learn_rate: 0.000500
epoch: 16 train_epoch_loss: 0.083013 learn_rate: 0.000500
epoch: 17 train_epoch_loss: 0.080836 learn_rate: 0.000500
epoch: 18 train_epoch_loss: 0.079966 learn_rate: 0.000500
epoch: 19 train_epoch_loss: 0.076132 learn_rate: 0.000500
epoch: 20 train_epoch_loss: 0.076061 learn_rate: 0.000500
epoch: 21 train_epoch_loss: 0.070484 learn_rate: 0.000500
epoch: 22 train_epoch_loss: 0.067586 learn_rate: 0.000500
epoch: 23 train_epoch_loss: 0.066494 learn_rate: 0.000500
epoch: 24 train_epoch_loss: 0.065541 learn_rate: 0.000500
epoch: 25 train_epoch_loss: 0.065250 learn_rate: 0.000500
epoch: 26 train_epoch_loss: 0.066714 learn_rate: 0.000500
epoch: 27 train_epoch_loss: 0.064374 learn_rate: 0.000500
epoch: 28 train_epoch_loss: 0.063954 learn_rate: 0.000500
epoch: 29 train_epoch_loss: 0.063830 learn_rate: 0.000500
epoch: 30 train_epoch_loss: 0.063427 learn_rate: 0.000500
epoch: 31 train_epoch_loss: 0.063871 learn_rate: 0.000500
epoch: 32 train_epoch_loss: 0.062882 learn_rate: 0.000500
epoch: 33 train_epoch_loss: 0.062819 learn_rate: 0.000500
epoch: 34 train_epoch_loss: 0.062310 learn_rate: 0.000500
epoch: 35 train_epoch_loss: 0.062065 learn_rate: 0.000500
epoch: 36 train_epoch_loss: 0.062137 learn_rate: 0.000500
epoch: 37 train_epoch_loss: 0.061983 learn_rate: 0.000500
epoch: 38 train_epoch_loss: 0.062123 learn_rate: 0.000500
epoch: 39 train_epoch_loss: 0.061879 learn_rate: 0.000500
epoch: 40 train_epoch_loss: 0.061532 learn_rate: 0.000500
epoch: 41 train_epoch_loss: 0.061281 learn_rate: 0.000500
epoch: 42 train_epoch_loss: 0.061136 learn_rate: 0.000500
epoch: 43 train_epoch_loss: 0.061026 learn_rate: 0.000500
epoch: 44 train_epoch_loss: 0.060817 learn_rate: 0.000500
epoch: 45 train_epoch_loss: 0.060857 learn_rate: 0.000500
epoch: 46 train_epoch_loss: 0.060792 learn_rate: 0.000500
epoch: 47 train_epoch_loss: 0.061083 learn_rate: 0.000500
epoch: 48 train_epoch_loss: 0.060367 learn_rate: 0.000500
epoch: 49 train_epoch_loss: 0.060183 learn_rate: 0.000500
epoch: 50 train_epoch_loss: 0.060067 learn_rate: 0.000500
epoch: 51 train_epoch_loss: 0.060038 learn_rate: 0.000500
epoch: 52 train_epoch_loss: 0.060280 learn_rate: 0.000500
epoch: 53 train_epoch_loss: 0.060414 learn_rate: 0.000500
epoch: 54 train_epoch_loss: 0.059918 learn_rate: 0.000167
epoch: 55 train_epoch_loss: 0.059567 learn_rate: 0.000167
epoch: 56 train_epoch_loss: 0.059388 learn_rate: 0.000167
epoch: 57 train_epoch_loss: 0.059410 learn_rate: 0.000167
epoch: 58 train_epoch_loss: 0.059377 learn_rate: 0.000167
epoch: 59 train_epoch_loss: 0.059203 learn_rate: 0.000167
epoch: 60 train_epoch_loss: 0.059123 learn_rate: 0.000167
epoch: 61 train_epoch_loss: 0.059116 learn_rate: 0.000167
epoch: 62 train_epoch_loss: 0.059094 learn_rate: 0.000167
epoch: 63 train_epoch_loss: 0.058985 learn_rate: 0.000167
epoch: 64 train_epoch_loss: 0.058970 learn_rate: 0.000167
epoch: 65 train_epoch_loss: 0.058937 learn_rate: 0.000167
epoch: 66 train_epoch_loss: 0.058826 learn_rate: 0.000167
epoch: 67 train_epoch_loss: 0.058800 learn_rate: 0.000167
epoch: 68 train_epoch_loss: 0.058662 learn_rate: 0.000167
epoch: 69 train_epoch_loss: 0.058585 learn_rate: 0.000167
epoch: 70 train_epoch_loss: 0.058479 learn_rate: 0.000167
epoch: 71 train_epoch_loss: 0.058455 learn_rate: 0.000167
epoch: 72 train_epoch_loss: 0.058521 learn_rate: 0.000167
epoch: 73 train_epoch_loss: 0.058399 learn_rate: 0.000167
epoch: 74 train_epoch_loss: 0.058161 learn_rate: 0.000167
epoch: 75 train_epoch_loss: 0.058943 learn_rate: 0.000167
epoch: 76 train_epoch_loss: 0.058479 learn_rate: 0.000167
epoch: 77 train_epoch_loss: 0.058043 learn_rate: 0.000056
epoch: 78 train_epoch_loss: 0.057603 learn_rate: 0.000056
epoch: 79 train_epoch_loss: 0.058261 learn_rate: 0.000056
epoch: 80 train_epoch_loss: 0.057969 learn_rate: 0.000056
epoch: 81 train_epoch_loss: 0.057797 learn_rate: 0.000019
epoch: 82 train_epoch_loss: 0.057560 learn_rate: 0.000019
epoch: 83 train_epoch_loss: 0.057437 learn_rate: 0.000019
epoch: 84 train_epoch_loss: 0.057427 learn_rate: 0.000019
epoch: 85 train_epoch_loss: 0.057442 learn_rate: 0.000019
epoch: 86 train_epoch_loss: 0.057420 learn_rate: 0.000019
epoch: 87 train_epoch_loss: 0.057450 learn_rate: 0.000019
epoch: 88 train_epoch_loss: 0.057352 learn_rate: 0.000019
epoch: 89 train_epoch_loss: 0.057367 learn_rate: 0.000019
epoch: 90 train_epoch_loss: 0.057293 learn_rate: 0.000019
epoch: 91 train_epoch_loss: 0.057254 learn_rate: 0.000019
epoch: 92 train_epoch_loss: 0.057405 learn_rate: 0.000019
epoch: 93 train_epoch_loss: 0.057253 learn_rate: 0.000019
epoch: 94 train_epoch_loss: 0.057326 learn_rate: 0.000019
epoch: 95 train_epoch_loss: 0.057242 learn_rate: 0.000019
epoch: 96 train_epoch_loss: 0.057227 learn_rate: 0.000019
epoch: 97 train_epoch_loss: 0.057234 learn_rate: 0.000019
epoch: 98 train_epoch_loss: 0.057213 learn_rate: 0.000019
epoch: 99 train_epoch_loss: 0.057169 learn_rate: 0.000019
epoch: 100 train_epoch_loss: 0.057125 learn_rate: 0.000019
epoch: 101 train_epoch_loss: 0.057099 learn_rate: 0.000019
epoch: 102 train_epoch_loss: 0.057174 learn_rate: 0.000019
epoch: 103 train_epoch_loss: 0.057175 learn_rate: 0.000019
epoch: 104 train_epoch_loss: 0.057103 learn_rate: 0.000006
epoch: 105 train_epoch_loss: 0.057071 learn_rate: 0.000006
epoch: 106 train_epoch_loss: 0.057144 learn_rate: 0.000006
epoch: 107 train_epoch_loss: 0.057059 learn_rate: 0.000006
epoch: 108 train_epoch_loss: 0.057206 learn_rate: 0.000006
epoch: 109 train_epoch_loss: 0.057089 learn_rate: 0.000006
epoch: 110 train_epoch_loss: 0.057209 learn_rate: 0.000002
epoch: 111 train_epoch_loss: 0.057169 learn_rate: 0.000002
epoch: 112 train_epoch_loss: 0.057084 learn_rate: 0.000001
epoch: 113 train_epoch_loss: 0.057119 learn_rate: 0.000001
