Tue Feb 28 00:41:45 2023
data_dict: {'mean': array([56.192875, 62.235687, 67.55855 , 73.23506 , 76.32264 , 76.86945 ,
       83.504425, 69.5233  ], dtype=float32), 'std': array([2.4996428, 4.023006 , 5.6050677, 7.1528926, 8.15167  , 5.983147 ,
       6.054062 , 4.9844584], dtype=float32), 'classWeights': array([1.4536147, 6.154807 , 7.9539747], dtype=float32), 'img_shape': (256, 256, 8)}
epoch: 1 train_epoch_loss: 0.067230 learn_rate: 0.001000
epoch: 2 train_epoch_loss: 0.062136 learn_rate: 0.001000
epoch: 3 train_epoch_loss: 0.062718 learn_rate: 0.001000
epoch: 4 train_epoch_loss: 0.061511 learn_rate: 0.001000
epoch: 5 train_epoch_loss: 0.060653 learn_rate: 0.001000
epoch: 6 train_epoch_loss: 0.060452 learn_rate: 0.001000
epoch: 7 train_epoch_loss: 0.059989 learn_rate: 0.001000
epoch: 8 train_epoch_loss: 0.060484 learn_rate: 0.001000
epoch: 9 train_epoch_loss: 0.059580 learn_rate: 0.001000
epoch: 10 train_epoch_loss: 0.059304 learn_rate: 0.001000
epoch: 11 train_epoch_loss: 0.058895 learn_rate: 0.001000
epoch: 12 train_epoch_loss: 0.058650 learn_rate: 0.001000
epoch: 13 train_epoch_loss: 0.058488 learn_rate: 0.001000
epoch: 14 train_epoch_loss: 0.058963 learn_rate: 0.001000
epoch: 15 train_epoch_loss: 0.058143 learn_rate: 0.001000
epoch: 16 train_epoch_loss: 0.057987 learn_rate: 0.001000
epoch: 17 train_epoch_loss: 0.058099 learn_rate: 0.001000
epoch: 18 train_epoch_loss: 0.057575 learn_rate: 0.001000
epoch: 19 train_epoch_loss: 0.057579 learn_rate: 0.001000
epoch: 20 train_epoch_loss: 0.058352 learn_rate: 0.001000
epoch: 21 train_epoch_loss: 0.057024 learn_rate: 0.000333
epoch: 22 train_epoch_loss: 0.056740 learn_rate: 0.000333
epoch: 23 train_epoch_loss: 0.056582 learn_rate: 0.000333
epoch: 24 train_epoch_loss: 0.056508 learn_rate: 0.000333
epoch: 25 train_epoch_loss: 0.056298 learn_rate: 0.000333
epoch: 26 train_epoch_loss: 0.056185 learn_rate: 0.000333
epoch: 27 train_epoch_loss: 0.056091 learn_rate: 0.000333
epoch: 28 train_epoch_loss: 0.055981 learn_rate: 0.000333
epoch: 29 train_epoch_loss: 0.055926 learn_rate: 0.000333
epoch: 30 train_epoch_loss: 0.055829 learn_rate: 0.000333
epoch: 31 train_epoch_loss: 0.055882 learn_rate: 0.000333
epoch: 32 train_epoch_loss: 0.055708 learn_rate: 0.000333
epoch: 33 train_epoch_loss: 0.055643 learn_rate: 0.000333
epoch: 34 train_epoch_loss: 0.055684 learn_rate: 0.000333
epoch: 35 train_epoch_loss: 0.055534 learn_rate: 0.000333
epoch: 36 train_epoch_loss: 0.055375 learn_rate: 0.000333
epoch: 37 train_epoch_loss: 0.055368 learn_rate: 0.000333
epoch: 38 train_epoch_loss: 0.055309 learn_rate: 0.000333
epoch: 39 train_epoch_loss: 0.055252 learn_rate: 0.000333
epoch: 40 train_epoch_loss: 0.055144 learn_rate: 0.000333
epoch: 41 train_epoch_loss: 0.055077 learn_rate: 0.000333
epoch: 42 train_epoch_loss: 0.054980 learn_rate: 0.000333
epoch: 43 train_epoch_loss: 0.054978 learn_rate: 0.000333
epoch: 44 train_epoch_loss: 0.054871 learn_rate: 0.000333
epoch: 45 train_epoch_loss: 0.054862 learn_rate: 0.000333
epoch: 46 train_epoch_loss: 0.054810 learn_rate: 0.000333
epoch: 47 train_epoch_loss: 0.054793 learn_rate: 0.000333
epoch: 48 train_epoch_loss: 0.054713 learn_rate: 0.000333
epoch: 49 train_epoch_loss: 0.054669 learn_rate: 0.000333
epoch: 50 train_epoch_loss: 0.054623 learn_rate: 0.000333
epoch: 51 train_epoch_loss: 0.054541 learn_rate: 0.000333
epoch: 52 train_epoch_loss: 0.054545 learn_rate: 0.000333
epoch: 53 train_epoch_loss: 0.054507 learn_rate: 0.000333
epoch: 54 train_epoch_loss: 0.054733 learn_rate: 0.000333
epoch: 55 train_epoch_loss: 0.054549 learn_rate: 0.000333
epoch: 56 train_epoch_loss: 0.054385 learn_rate: 0.000111
epoch: 57 train_epoch_loss: 0.054224 learn_rate: 0.000111
epoch: 58 train_epoch_loss: 0.054165 learn_rate: 0.000111
epoch: 59 train_epoch_loss: 0.054127 learn_rate: 0.000111
epoch: 60 train_epoch_loss: 0.054093 learn_rate: 0.000111
epoch: 61 train_epoch_loss: 0.054059 learn_rate: 0.000111
epoch: 62 train_epoch_loss: 0.054031 learn_rate: 0.000111
epoch: 63 train_epoch_loss: 0.054004 learn_rate: 0.000111
epoch: 64 train_epoch_loss: 0.053981 learn_rate: 0.000111
epoch: 65 train_epoch_loss: 0.053967 learn_rate: 0.000111
epoch: 66 train_epoch_loss: 0.053961 learn_rate: 0.000111
epoch: 67 train_epoch_loss: 0.053924 learn_rate: 0.000111
epoch: 68 train_epoch_loss: 0.053909 learn_rate: 0.000111
epoch: 69 train_epoch_loss: 0.053896 learn_rate: 0.000111
epoch: 70 train_epoch_loss: 0.053887 learn_rate: 0.000111
epoch: 71 train_epoch_loss: 0.053854 learn_rate: 0.000111
epoch: 72 train_epoch_loss: 0.053841 learn_rate: 0.000111
epoch: 73 train_epoch_loss: 0.053820 learn_rate: 0.000111
epoch: 74 train_epoch_loss: 0.053801 learn_rate: 0.000111
epoch: 75 train_epoch_loss: 0.053788 learn_rate: 0.000111
epoch: 76 train_epoch_loss: 0.053786 learn_rate: 0.000111
epoch: 77 train_epoch_loss: 0.053802 learn_rate: 0.000111
epoch: 78 train_epoch_loss: 0.053768 learn_rate: 0.000111
epoch: 79 train_epoch_loss: 0.053735 learn_rate: 0.000111
epoch: 80 train_epoch_loss: 0.053725 learn_rate: 0.000111
epoch: 81 train_epoch_loss: 0.053701 learn_rate: 0.000111
epoch: 82 train_epoch_loss: 0.053697 learn_rate: 0.000111
epoch: 83 train_epoch_loss: 0.053689 learn_rate: 0.000111
epoch: 84 train_epoch_loss: 0.053691 learn_rate: 0.000111
epoch: 85 train_epoch_loss: 0.053672 learn_rate: 0.000111
epoch: 86 train_epoch_loss: 0.053620 learn_rate: 0.000111
epoch: 87 train_epoch_loss: 0.053629 learn_rate: 0.000111
epoch: 88 train_epoch_loss: 0.053590 learn_rate: 0.000111
epoch: 89 train_epoch_loss: 0.053589 learn_rate: 0.000111
epoch: 90 train_epoch_loss: 0.053573 learn_rate: 0.000111
epoch: 91 train_epoch_loss: 0.053582 learn_rate: 0.000111
epoch: 92 train_epoch_loss: 0.053599 learn_rate: 0.000111
epoch: 93 train_epoch_loss: 0.053514 learn_rate: 0.000037
epoch: 94 train_epoch_loss: 0.053470 learn_rate: 0.000037
epoch: 95 train_epoch_loss: 0.053443 learn_rate: 0.000037
epoch: 96 train_epoch_loss: 0.053435 learn_rate: 0.000037
epoch: 97 train_epoch_loss: 0.053416 learn_rate: 0.000037
epoch: 98 train_epoch_loss: 0.053399 learn_rate: 0.000037
epoch: 99 train_epoch_loss: 0.053394 learn_rate: 0.000037
epoch: 100 train_epoch_loss: 0.053389 learn_rate: 0.000037
epoch: 101 train_epoch_loss: 0.053376 learn_rate: 0.000037
epoch: 102 train_epoch_loss: 0.053380 learn_rate: 0.000037
epoch: 103 train_epoch_loss: 0.053376 learn_rate: 0.000037
epoch: 104 train_epoch_loss: 0.053355 learn_rate: 0.000037
epoch: 105 train_epoch_loss: 0.053359 learn_rate: 0.000037
epoch: 106 train_epoch_loss: 0.053346 learn_rate: 0.000037
epoch: 107 train_epoch_loss: 0.053339 learn_rate: 0.000037
epoch: 108 train_epoch_loss: 0.053333 learn_rate: 0.000037
epoch: 109 train_epoch_loss: 0.053331 learn_rate: 0.000037
epoch: 110 train_epoch_loss: 0.053327 learn_rate: 0.000037
epoch: 111 train_epoch_loss: 0.053317 learn_rate: 0.000037
epoch: 112 train_epoch_loss: 0.053308 learn_rate: 0.000037
epoch: 113 train_epoch_loss: 0.053306 learn_rate: 0.000037
epoch: 114 train_epoch_loss: 0.053300 learn_rate: 0.000037
epoch: 115 train_epoch_loss: 0.053293 learn_rate: 0.000037
epoch: 116 train_epoch_loss: 0.053280 learn_rate: 0.000037
epoch: 117 train_epoch_loss: 0.053276 learn_rate: 0.000037
epoch: 118 train_epoch_loss: 0.053269 learn_rate: 0.000037
epoch: 119 train_epoch_loss: 0.053270 learn_rate: 0.000037
epoch: 120 train_epoch_loss: 0.053251 learn_rate: 0.000037
epoch: 121 train_epoch_loss: 0.053248 learn_rate: 0.000037
epoch: 122 train_epoch_loss: 0.053247 learn_rate: 0.000037
epoch: 123 train_epoch_loss: 0.053241 learn_rate: 0.000037
epoch: 124 train_epoch_loss: 0.053226 learn_rate: 0.000037
epoch: 125 train_epoch_loss: 0.053234 learn_rate: 0.000037
epoch: 126 train_epoch_loss: 0.053234 learn_rate: 0.000037
epoch: 127 train_epoch_loss: 0.053217 learn_rate: 0.000012
epoch: 128 train_epoch_loss: 0.053205 learn_rate: 0.000012
epoch: 129 train_epoch_loss: 0.053200 learn_rate: 0.000012
epoch: 130 train_epoch_loss: 0.053186 learn_rate: 0.000012
epoch: 131 train_epoch_loss: 0.053197 learn_rate: 0.000012
epoch: 132 train_epoch_loss: 0.053181 learn_rate: 0.000012
epoch: 133 train_epoch_loss: 0.053188 learn_rate: 0.000012
epoch: 134 train_epoch_loss: 0.053182 learn_rate: 0.000012
epoch: 135 train_epoch_loss: 0.053186 learn_rate: 0.000004
epoch: 136 train_epoch_loss: 0.053174 learn_rate: 0.000004
epoch: 137 train_epoch_loss: 0.053179 learn_rate: 0.000004
epoch: 138 train_epoch_loss: 0.053180 learn_rate: 0.000004
epoch: 139 train_epoch_loss: 0.053172 learn_rate: 0.000001
epoch: 140 train_epoch_loss: 0.053181 learn_rate: 0.000001
epoch: 141 train_epoch_loss: 0.053180 learn_rate: 0.000001
epoch: 142 train_epoch_loss: 0.053180 learn_rate: 0.000000
epoch: 143 train_epoch_loss: 0.053178 learn_rate: 0.000000
