Thu Mar  9 22:27:48 2023
data_dict: {'mean': array([56.516357, 62.598755, 67.95352 , 73.67939 , 76.73934 , 77.34879 ,
       83.991714, 69.97808 ], dtype=float32), 'std': array([2.4172454, 3.8945267, 5.421527 , 6.9228597, 7.855554 , 5.6400247,
       5.617614 , 4.6133065], dtype=float32), 'classWeights': array([1.4551734, 6.0917726, 7.9827566], dtype=float32), 'img_shape': (256, 256, 8)}
epoch: 1 train_epoch_loss: 0.242377 learn_rate: 0.000100
epoch: 2 train_epoch_loss: 0.212862 learn_rate: 0.000100
epoch: 3 train_epoch_loss: 0.166759 learn_rate: 0.000100
epoch: 4 train_epoch_loss: 0.158324 learn_rate: 0.000100
epoch: 5 train_epoch_loss: 0.135478 learn_rate: 0.000100
epoch: 6 train_epoch_loss: 0.116721 learn_rate: 0.000100
epoch: 7 train_epoch_loss: 0.102961 learn_rate: 0.000100
epoch: 8 train_epoch_loss: 0.097372 learn_rate: 0.000100
epoch: 9 train_epoch_loss: 0.094040 learn_rate: 0.000100
epoch: 10 train_epoch_loss: 0.091878 learn_rate: 0.000100
epoch: 11 train_epoch_loss: 0.090016 learn_rate: 0.000100
epoch: 12 train_epoch_loss: 0.088771 learn_rate: 0.000100
epoch: 13 train_epoch_loss: 0.087425 learn_rate: 0.000100
epoch: 14 train_epoch_loss: 0.085586 learn_rate: 0.000100
epoch: 15 train_epoch_loss: 0.084008 learn_rate: 0.000100
epoch: 16 train_epoch_loss: 0.083236 learn_rate: 0.000100
epoch: 17 train_epoch_loss: 0.082995 learn_rate: 0.000100
epoch: 18 train_epoch_loss: 0.082046 learn_rate: 0.000100
epoch: 19 train_epoch_loss: 0.081061 learn_rate: 0.000100
epoch: 20 train_epoch_loss: 0.081537 learn_rate: 0.000100
epoch: 21 train_epoch_loss: 0.080331 learn_rate: 0.000100
epoch: 22 train_epoch_loss: 0.080259 learn_rate: 0.000100
epoch: 23 train_epoch_loss: 0.079770 learn_rate: 0.000100
epoch: 24 train_epoch_loss: 0.078841 learn_rate: 0.000100
epoch: 25 train_epoch_loss: 0.078399 learn_rate: 0.000100
epoch: 26 train_epoch_loss: 0.077730 learn_rate: 0.000100
epoch: 27 train_epoch_loss: 0.077437 learn_rate: 0.000100
epoch: 28 train_epoch_loss: 0.076747 learn_rate: 0.000100
epoch: 29 train_epoch_loss: 0.076404 learn_rate: 0.000100
epoch: 30 train_epoch_loss: 0.076325 learn_rate: 0.000100
epoch: 31 train_epoch_loss: 0.076001 learn_rate: 0.000100
epoch: 32 train_epoch_loss: 0.075770 learn_rate: 0.000100
epoch: 33 train_epoch_loss: 0.075165 learn_rate: 0.000100
epoch: 34 train_epoch_loss: 0.075369 learn_rate: 0.000100
epoch: 35 train_epoch_loss: 0.074708 learn_rate: 0.000100
epoch: 36 train_epoch_loss: 0.074388 learn_rate: 0.000100
epoch: 37 train_epoch_loss: 0.074029 learn_rate: 0.000100
epoch: 38 train_epoch_loss: 0.074541 learn_rate: 0.000100
epoch: 39 train_epoch_loss: 0.073406 learn_rate: 0.000100
epoch: 40 train_epoch_loss: 0.073091 learn_rate: 0.000100
epoch: 41 train_epoch_loss: 0.072959 learn_rate: 0.000100
epoch: 42 train_epoch_loss: 0.072573 learn_rate: 0.000100
epoch: 43 train_epoch_loss: 0.072143 learn_rate: 0.000100
epoch: 44 train_epoch_loss: 0.071862 learn_rate: 0.000100
epoch: 45 train_epoch_loss: 0.070722 learn_rate: 0.000100
epoch: 46 train_epoch_loss: 0.069170 learn_rate: 0.000100
epoch: 47 train_epoch_loss: 0.068215 learn_rate: 0.000100
epoch: 48 train_epoch_loss: 0.065380 learn_rate: 0.000100
epoch: 49 train_epoch_loss: 0.064633 learn_rate: 0.000100
epoch: 50 train_epoch_loss: 0.064557 learn_rate: 0.000100
epoch: 51 train_epoch_loss: 0.064453 learn_rate: 0.000100
epoch: 52 train_epoch_loss: 0.063754 learn_rate: 0.000100
epoch: 53 train_epoch_loss: 0.063371 learn_rate: 0.000100
epoch: 54 train_epoch_loss: 0.063169 learn_rate: 0.000100
epoch: 55 train_epoch_loss: 0.063115 learn_rate: 0.000100
epoch: 56 train_epoch_loss: 0.063154 learn_rate: 0.000100
epoch: 57 train_epoch_loss: 0.063076 learn_rate: 0.000100
epoch: 58 train_epoch_loss: 0.062606 learn_rate: 0.000100
epoch: 59 train_epoch_loss: 0.062494 learn_rate: 0.000100
epoch: 60 train_epoch_loss: 0.062516 learn_rate: 0.000100
epoch: 61 train_epoch_loss: 0.062296 learn_rate: 0.000100
epoch: 62 train_epoch_loss: 0.062157 learn_rate: 0.000100
epoch: 63 train_epoch_loss: 0.061945 learn_rate: 0.000100
epoch: 64 train_epoch_loss: 0.062501 learn_rate: 0.000100
epoch: 65 train_epoch_loss: 0.061873 learn_rate: 0.000100
epoch: 66 train_epoch_loss: 0.061722 learn_rate: 0.000100
epoch: 67 train_epoch_loss: 0.062214 learn_rate: 0.000100
epoch: 68 train_epoch_loss: 0.061618 learn_rate: 0.000100
epoch: 69 train_epoch_loss: 0.061465 learn_rate: 0.000100
epoch: 70 train_epoch_loss: 0.061393 learn_rate: 0.000100
epoch: 71 train_epoch_loss: 0.061494 learn_rate: 0.000100
epoch: 72 train_epoch_loss: 0.061777 learn_rate: 0.000100
epoch: 73 train_epoch_loss: 0.061188 learn_rate: 0.000033
epoch: 74 train_epoch_loss: 0.061101 learn_rate: 0.000033
epoch: 75 train_epoch_loss: 0.061025 learn_rate: 0.000033
epoch: 76 train_epoch_loss: 0.061019 learn_rate: 0.000033
epoch: 77 train_epoch_loss: 0.060988 learn_rate: 0.000033
epoch: 78 train_epoch_loss: 0.060943 learn_rate: 0.000033
epoch: 79 train_epoch_loss: 0.060873 learn_rate: 0.000033
epoch: 80 train_epoch_loss: 0.060906 learn_rate: 0.000033
epoch: 81 train_epoch_loss: 0.060803 learn_rate: 0.000033
epoch: 82 train_epoch_loss: 0.060862 learn_rate: 0.000033
epoch: 83 train_epoch_loss: 0.060782 learn_rate: 0.000033
epoch: 84 train_epoch_loss: 0.060761 learn_rate: 0.000033
epoch: 85 train_epoch_loss: 0.060675 learn_rate: 0.000033
epoch: 86 train_epoch_loss: 0.060645 learn_rate: 0.000033
epoch: 87 train_epoch_loss: 0.060636 learn_rate: 0.000033
epoch: 88 train_epoch_loss: 0.060604 learn_rate: 0.000033
epoch: 89 train_epoch_loss: 0.060542 learn_rate: 0.000033
epoch: 90 train_epoch_loss: 0.060588 learn_rate: 0.000033
epoch: 91 train_epoch_loss: 0.060506 learn_rate: 0.000033
epoch: 92 train_epoch_loss: 0.060483 learn_rate: 0.000033
epoch: 93 train_epoch_loss: 0.060431 learn_rate: 0.000033
epoch: 94 train_epoch_loss: 0.060404 learn_rate: 0.000033
epoch: 95 train_epoch_loss: 0.060388 learn_rate: 0.000033
epoch: 96 train_epoch_loss: 0.060398 learn_rate: 0.000033
epoch: 97 train_epoch_loss: 0.060394 learn_rate: 0.000033
epoch: 98 train_epoch_loss: 0.060301 learn_rate: 0.000011
epoch: 99 train_epoch_loss: 0.060271 learn_rate: 0.000011
epoch: 100 train_epoch_loss: 0.060222 learn_rate: 0.000011
epoch: 101 train_epoch_loss: 0.060214 learn_rate: 0.000011
epoch: 102 train_epoch_loss: 0.060215 learn_rate: 0.000011
epoch: 103 train_epoch_loss: 0.060190 learn_rate: 0.000011
epoch: 104 train_epoch_loss: 0.060170 learn_rate: 0.000011
epoch: 105 train_epoch_loss: 0.060156 learn_rate: 0.000011
epoch: 106 train_epoch_loss: 0.060121 learn_rate: 0.000011
epoch: 107 train_epoch_loss: 0.060125 learn_rate: 0.000011
epoch: 108 train_epoch_loss: 0.060090 learn_rate: 0.000011
epoch: 109 train_epoch_loss: 0.060060 learn_rate: 0.000011
epoch: 110 train_epoch_loss: 0.060096 learn_rate: 0.000011
epoch: 111 train_epoch_loss: 0.060035 learn_rate: 0.000011
epoch: 112 train_epoch_loss: 0.060029 learn_rate: 0.000011
epoch: 113 train_epoch_loss: 0.060051 learn_rate: 0.000011
epoch: 114 train_epoch_loss: 0.060012 learn_rate: 0.000011
epoch: 115 train_epoch_loss: 0.060000 learn_rate: 0.000011
epoch: 116 train_epoch_loss: 0.059968 learn_rate: 0.000011
epoch: 117 train_epoch_loss: 0.059971 learn_rate: 0.000011
epoch: 118 train_epoch_loss: 0.059947 learn_rate: 0.000011
epoch: 119 train_epoch_loss: 0.059909 learn_rate: 0.000011
epoch: 120 train_epoch_loss: 0.059918 learn_rate: 0.000011
epoch: 121 train_epoch_loss: 0.059902 learn_rate: 0.000011
epoch: 122 train_epoch_loss: 0.059874 learn_rate: 0.000011
epoch: 123 train_epoch_loss: 0.059864 learn_rate: 0.000011
epoch: 124 train_epoch_loss: 0.059841 learn_rate: 0.000011
epoch: 125 train_epoch_loss: 0.059826 learn_rate: 0.000011
epoch: 126 train_epoch_loss: 0.059793 learn_rate: 0.000011
epoch: 127 train_epoch_loss: 0.059786 learn_rate: 0.000011
epoch: 128 train_epoch_loss: 0.059744 learn_rate: 0.000011
epoch: 129 train_epoch_loss: 0.059771 learn_rate: 0.000011
epoch: 130 train_epoch_loss: 0.059761 learn_rate: 0.000011
epoch: 131 train_epoch_loss: 0.059731 learn_rate: 0.000004
epoch: 132 train_epoch_loss: 0.059702 learn_rate: 0.000004
epoch: 133 train_epoch_loss: 0.059694 learn_rate: 0.000004
epoch: 134 train_epoch_loss: 0.059684 learn_rate: 0.000004
epoch: 135 train_epoch_loss: 0.059671 learn_rate: 0.000004
epoch: 136 train_epoch_loss: 0.059690 learn_rate: 0.000004
epoch: 137 train_epoch_loss: 0.059655 learn_rate: 0.000004
epoch: 138 train_epoch_loss: 0.059687 learn_rate: 0.000004
epoch: 139 train_epoch_loss: 0.059614 learn_rate: 0.000004
epoch: 140 train_epoch_loss: 0.059624 learn_rate: 0.000004
epoch: 141 train_epoch_loss: 0.059655 learn_rate: 0.000004
epoch: 142 train_epoch_loss: 0.059660 learn_rate: 0.000001
epoch: 143 train_epoch_loss: 0.059652 learn_rate: 0.000001
epoch: 144 train_epoch_loss: 0.059624 learn_rate: 0.000000
epoch: 145 train_epoch_loss: 0.059600 learn_rate: 0.000000
epoch: 146 train_epoch_loss: 0.059626 learn_rate: 0.000000
epoch: 147 train_epoch_loss: 0.059656 learn_rate: 0.000000
