Tue Feb 28 13:47:30 2023
data_dict: {'mean': array([53.198147, 59.00799 , 64.96686 , 71.111755, 74.074394, 75.3085  ,
       82.28418 , 68.05596 ], dtype=float32), 'std': array([ 3.3725123,  5.378906 ,  7.4650073,  9.526198 , 10.796289 ,
        8.191264 ,  8.651915 ,  7.0811944], dtype=float32), 'classWeights': array([1.4528145, 6.04096  , 8.205498 ], dtype=float32), 'img_shape': (256, 256, 8)}
epoch: 1 train_epoch_loss: 0.063327 learn_rate: 0.001000
epoch: 2 train_epoch_loss: 0.059754 learn_rate: 0.001000
epoch: 3 train_epoch_loss: 0.059041 learn_rate: 0.001000
epoch: 4 train_epoch_loss: 0.058478 learn_rate: 0.001000
epoch: 5 train_epoch_loss: 0.058416 learn_rate: 0.001000
epoch: 6 train_epoch_loss: 0.057826 learn_rate: 0.001000
epoch: 7 train_epoch_loss: 0.057795 learn_rate: 0.001000
epoch: 8 train_epoch_loss: 0.057637 learn_rate: 0.001000
epoch: 9 train_epoch_loss: 0.057520 learn_rate: 0.001000
epoch: 10 train_epoch_loss: 0.057183 learn_rate: 0.001000
epoch: 11 train_epoch_loss: 0.057002 learn_rate: 0.001000
epoch: 12 train_epoch_loss: 0.056755 learn_rate: 0.001000
epoch: 13 train_epoch_loss: 0.057044 learn_rate: 0.001000
epoch: 14 train_epoch_loss: 0.056532 learn_rate: 0.001000
epoch: 15 train_epoch_loss: 0.056346 learn_rate: 0.001000
epoch: 16 train_epoch_loss: 0.056280 learn_rate: 0.001000
epoch: 17 train_epoch_loss: 0.056171 learn_rate: 0.001000
epoch: 18 train_epoch_loss: 0.056340 learn_rate: 0.001000
epoch: 19 train_epoch_loss: 0.056093 learn_rate: 0.001000
epoch: 20 train_epoch_loss: 0.056352 learn_rate: 0.001000
epoch: 21 train_epoch_loss: 0.056036 learn_rate: 0.001000
epoch: 22 train_epoch_loss: 0.056761 learn_rate: 0.001000
epoch: 23 train_epoch_loss: 0.057274 learn_rate: 0.001000
epoch: 24 train_epoch_loss: 0.055484 learn_rate: 0.000333
epoch: 25 train_epoch_loss: 0.055211 learn_rate: 0.000333
epoch: 26 train_epoch_loss: 0.055117 learn_rate: 0.000333
epoch: 27 train_epoch_loss: 0.055013 learn_rate: 0.000333
epoch: 28 train_epoch_loss: 0.054922 learn_rate: 0.000333
epoch: 29 train_epoch_loss: 0.054858 learn_rate: 0.000333
epoch: 30 train_epoch_loss: 0.054772 learn_rate: 0.000333
epoch: 31 train_epoch_loss: 0.054723 learn_rate: 0.000333
epoch: 32 train_epoch_loss: 0.054688 learn_rate: 0.000333
epoch: 33 train_epoch_loss: 0.054615 learn_rate: 0.000333
epoch: 34 train_epoch_loss: 0.054555 learn_rate: 0.000333
epoch: 35 train_epoch_loss: 0.054521 learn_rate: 0.000333
epoch: 36 train_epoch_loss: 0.054495 learn_rate: 0.000333
epoch: 37 train_epoch_loss: 0.054420 learn_rate: 0.000333
epoch: 38 train_epoch_loss: 0.054356 learn_rate: 0.000333
epoch: 39 train_epoch_loss: 0.054330 learn_rate: 0.000333
epoch: 40 train_epoch_loss: 0.054300 learn_rate: 0.000333
epoch: 41 train_epoch_loss: 0.054280 learn_rate: 0.000333
epoch: 42 train_epoch_loss: 0.054203 learn_rate: 0.000333
epoch: 43 train_epoch_loss: 0.054166 learn_rate: 0.000333
epoch: 44 train_epoch_loss: 0.054093 learn_rate: 0.000333
epoch: 45 train_epoch_loss: 0.054033 learn_rate: 0.000333
epoch: 46 train_epoch_loss: 0.053985 learn_rate: 0.000333
epoch: 47 train_epoch_loss: 0.054031 learn_rate: 0.000333
epoch: 48 train_epoch_loss: 0.054024 learn_rate: 0.000333
epoch: 49 train_epoch_loss: 0.053896 learn_rate: 0.000111
epoch: 50 train_epoch_loss: 0.053821 learn_rate: 0.000111
epoch: 51 train_epoch_loss: 0.053781 learn_rate: 0.000111
epoch: 52 train_epoch_loss: 0.053742 learn_rate: 0.000111
epoch: 53 train_epoch_loss: 0.053719 learn_rate: 0.000111
epoch: 54 train_epoch_loss: 0.053696 learn_rate: 0.000111
epoch: 55 train_epoch_loss: 0.053676 learn_rate: 0.000111
epoch: 56 train_epoch_loss: 0.053646 learn_rate: 0.000111
epoch: 57 train_epoch_loss: 0.053630 learn_rate: 0.000111
epoch: 58 train_epoch_loss: 0.053603 learn_rate: 0.000111
epoch: 59 train_epoch_loss: 0.053584 learn_rate: 0.000111
epoch: 60 train_epoch_loss: 0.053564 learn_rate: 0.000111
epoch: 61 train_epoch_loss: 0.053535 learn_rate: 0.000111
epoch: 62 train_epoch_loss: 0.053513 learn_rate: 0.000111
epoch: 63 train_epoch_loss: 0.053500 learn_rate: 0.000111
epoch: 64 train_epoch_loss: 0.053478 learn_rate: 0.000111
epoch: 65 train_epoch_loss: 0.053483 learn_rate: 0.000111
epoch: 66 train_epoch_loss: 0.053470 learn_rate: 0.000111
epoch: 67 train_epoch_loss: 0.053442 learn_rate: 0.000111
epoch: 68 train_epoch_loss: 0.053437 learn_rate: 0.000111
epoch: 69 train_epoch_loss: 0.053403 learn_rate: 0.000111
epoch: 70 train_epoch_loss: 0.053389 learn_rate: 0.000111
epoch: 71 train_epoch_loss: 0.053373 learn_rate: 0.000111
epoch: 72 train_epoch_loss: 0.053352 learn_rate: 0.000111
epoch: 73 train_epoch_loss: 0.053334 learn_rate: 0.000111
epoch: 74 train_epoch_loss: 0.053327 learn_rate: 0.000111
epoch: 75 train_epoch_loss: 0.053313 learn_rate: 0.000111
epoch: 76 train_epoch_loss: 0.053294 learn_rate: 0.000111
epoch: 77 train_epoch_loss: 0.053268 learn_rate: 0.000111
epoch: 78 train_epoch_loss: 0.053255 learn_rate: 0.000111
epoch: 79 train_epoch_loss: 0.053250 learn_rate: 0.000111
epoch: 80 train_epoch_loss: 0.053241 learn_rate: 0.000111
epoch: 81 train_epoch_loss: 0.053214 learn_rate: 0.000111
epoch: 82 train_epoch_loss: 0.053213 learn_rate: 0.000111
epoch: 83 train_epoch_loss: 0.053190 learn_rate: 0.000111
epoch: 84 train_epoch_loss: 0.053165 learn_rate: 0.000111
epoch: 85 train_epoch_loss: 0.053173 learn_rate: 0.000111
epoch: 86 train_epoch_loss: 0.053158 learn_rate: 0.000111
epoch: 87 train_epoch_loss: 0.053133 learn_rate: 0.000111
epoch: 88 train_epoch_loss: 0.053112 learn_rate: 0.000111
epoch: 89 train_epoch_loss: 0.053105 learn_rate: 0.000111
epoch: 90 train_epoch_loss: 0.053108 learn_rate: 0.000111
epoch: 91 train_epoch_loss: 0.053160 learn_rate: 0.000111
epoch: 92 train_epoch_loss: 0.053044 learn_rate: 0.000037
epoch: 93 train_epoch_loss: 0.053015 learn_rate: 0.000037
epoch: 94 train_epoch_loss: 0.052989 learn_rate: 0.000037
epoch: 95 train_epoch_loss: 0.052979 learn_rate: 0.000037
epoch: 96 train_epoch_loss: 0.052968 learn_rate: 0.000037
epoch: 97 train_epoch_loss: 0.052960 learn_rate: 0.000037
epoch: 98 train_epoch_loss: 0.052951 learn_rate: 0.000037
epoch: 99 train_epoch_loss: 0.052941 learn_rate: 0.000037
epoch: 100 train_epoch_loss: 0.052933 learn_rate: 0.000037
epoch: 101 train_epoch_loss: 0.052929 learn_rate: 0.000037
epoch: 102 train_epoch_loss: 0.052921 learn_rate: 0.000037
epoch: 103 train_epoch_loss: 0.052918 learn_rate: 0.000037
epoch: 104 train_epoch_loss: 0.052917 learn_rate: 0.000037
epoch: 105 train_epoch_loss: 0.052900 learn_rate: 0.000037
epoch: 106 train_epoch_loss: 0.052901 learn_rate: 0.000037
epoch: 107 train_epoch_loss: 0.052894 learn_rate: 0.000037
epoch: 108 train_epoch_loss: 0.052882 learn_rate: 0.000037
epoch: 109 train_epoch_loss: 0.052873 learn_rate: 0.000037
epoch: 110 train_epoch_loss: 0.052875 learn_rate: 0.000037
epoch: 111 train_epoch_loss: 0.052867 learn_rate: 0.000037
epoch: 112 train_epoch_loss: 0.052861 learn_rate: 0.000037
epoch: 113 train_epoch_loss: 0.052860 learn_rate: 0.000037
epoch: 114 train_epoch_loss: 0.052858 learn_rate: 0.000037
epoch: 115 train_epoch_loss: 0.052846 learn_rate: 0.000037
epoch: 116 train_epoch_loss: 0.052851 learn_rate: 0.000037
epoch: 117 train_epoch_loss: 0.052846 learn_rate: 0.000037
epoch: 118 train_epoch_loss: 0.052845 learn_rate: 0.000037
epoch: 119 train_epoch_loss: 0.052834 learn_rate: 0.000037
epoch: 120 train_epoch_loss: 0.052820 learn_rate: 0.000037
epoch: 121 train_epoch_loss: 0.052820 learn_rate: 0.000037
epoch: 122 train_epoch_loss: 0.052808 learn_rate: 0.000037
epoch: 123 train_epoch_loss: 0.052804 learn_rate: 0.000037
epoch: 124 train_epoch_loss: 0.052805 learn_rate: 0.000037
epoch: 125 train_epoch_loss: 0.052797 learn_rate: 0.000037
epoch: 126 train_epoch_loss: 0.052788 learn_rate: 0.000037
epoch: 127 train_epoch_loss: 0.052793 learn_rate: 0.000037
epoch: 128 train_epoch_loss: 0.052788 learn_rate: 0.000037
epoch: 129 train_epoch_loss: 0.052769 learn_rate: 0.000012
epoch: 130 train_epoch_loss: 0.052759 learn_rate: 0.000012
epoch: 131 train_epoch_loss: 0.052752 learn_rate: 0.000012
epoch: 132 train_epoch_loss: 0.052759 learn_rate: 0.000012
epoch: 133 train_epoch_loss: 0.052740 learn_rate: 0.000012
epoch: 134 train_epoch_loss: 0.052741 learn_rate: 0.000012
epoch: 135 train_epoch_loss: 0.052744 learn_rate: 0.000012
epoch: 136 train_epoch_loss: 0.052742 learn_rate: 0.000004
epoch: 137 train_epoch_loss: 0.052746 learn_rate: 0.000004
epoch: 138 train_epoch_loss: 0.052745 learn_rate: 0.000001
epoch: 139 train_epoch_loss: 0.052745 learn_rate: 0.000001
epoch: 140 train_epoch_loss: 0.052740 learn_rate: 0.000000
epoch: 141 train_epoch_loss: 0.052740 learn_rate: 0.000000
epoch: 142 train_epoch_loss: 0.052745 learn_rate: 0.000000
epoch: 143 train_epoch_loss: 0.052744 learn_rate: 0.000000
