Sat Apr  1 12:43:42 2023
data_dict: {'mean': array([52.043438, 57.586655, 63.57169 , 69.75157 , 72.58602 , 74.22052 ,
       81.553795, 67.344795], dtype=float32), 'std': array([ 3.57216 ,  5.746135,  8.039751, 10.278687, 11.682699,  8.815586,
        9.420258,  7.705479], dtype=float32), 'classWeights': array([1.4698913, 5.812286 , 7.748814 ], dtype=float32), 'img_shape': (256, 256, 8)}
epoch: 1 train_epoch_loss: 0.221327 learn_rate: 0.000500
epoch: 2 train_epoch_loss: 0.121805 learn_rate: 0.000500
epoch: 3 train_epoch_loss: 0.097560 learn_rate: 0.000500
epoch: 4 train_epoch_loss: 0.094057 learn_rate: 0.000500
epoch: 5 train_epoch_loss: 0.091831 learn_rate: 0.000500
epoch: 6 train_epoch_loss: 0.090801 learn_rate: 0.000500
epoch: 7 train_epoch_loss: 0.090389 learn_rate: 0.000500
epoch: 8 train_epoch_loss: 0.089766 learn_rate: 0.000500
epoch: 9 train_epoch_loss: 0.089314 learn_rate: 0.000500
epoch: 10 train_epoch_loss: 0.087842 learn_rate: 0.000500
epoch: 11 train_epoch_loss: 0.085734 learn_rate: 0.000500
epoch: 12 train_epoch_loss: 0.084238 learn_rate: 0.000500
epoch: 13 train_epoch_loss: 0.074685 learn_rate: 0.000500
epoch: 14 train_epoch_loss: 0.070946 learn_rate: 0.000500
epoch: 15 train_epoch_loss: 0.068424 learn_rate: 0.000500
epoch: 16 train_epoch_loss: 0.067603 learn_rate: 0.000500
epoch: 17 train_epoch_loss: 0.065981 learn_rate: 0.000500
epoch: 18 train_epoch_loss: 0.065069 learn_rate: 0.000500
epoch: 19 train_epoch_loss: 0.064216 learn_rate: 0.000500
epoch: 20 train_epoch_loss: 0.064514 learn_rate: 0.000500
epoch: 21 train_epoch_loss: 0.064179 learn_rate: 0.000500
epoch: 22 train_epoch_loss: 0.063541 learn_rate: 0.000500
epoch: 23 train_epoch_loss: 0.062820 learn_rate: 0.000500
epoch: 24 train_epoch_loss: 0.062478 learn_rate: 0.000500
epoch: 25 train_epoch_loss: 0.062090 learn_rate: 0.000500
epoch: 26 train_epoch_loss: 0.061855 learn_rate: 0.000500
epoch: 27 train_epoch_loss: 0.061705 learn_rate: 0.000500
epoch: 28 train_epoch_loss: 0.061944 learn_rate: 0.000500
epoch: 29 train_epoch_loss: 0.061562 learn_rate: 0.000500
epoch: 30 train_epoch_loss: 0.061365 learn_rate: 0.000500
epoch: 31 train_epoch_loss: 0.061130 learn_rate: 0.000500
epoch: 32 train_epoch_loss: 0.060849 learn_rate: 0.000500
epoch: 33 train_epoch_loss: 0.060675 learn_rate: 0.000500
epoch: 34 train_epoch_loss: 0.060667 learn_rate: 0.000500
epoch: 35 train_epoch_loss: 0.060556 learn_rate: 0.000500
epoch: 36 train_epoch_loss: 0.060475 learn_rate: 0.000500
epoch: 37 train_epoch_loss: 0.060219 learn_rate: 0.000500
epoch: 38 train_epoch_loss: 0.060589 learn_rate: 0.000500
epoch: 39 train_epoch_loss: 0.060062 learn_rate: 0.000500
epoch: 40 train_epoch_loss: 0.059750 learn_rate: 0.000500
epoch: 41 train_epoch_loss: 0.059647 learn_rate: 0.000500
epoch: 42 train_epoch_loss: 0.059577 learn_rate: 0.000500
epoch: 43 train_epoch_loss: 0.059622 learn_rate: 0.000500
epoch: 44 train_epoch_loss: 0.059457 learn_rate: 0.000500
epoch: 45 train_epoch_loss: 0.059074 learn_rate: 0.000500
epoch: 46 train_epoch_loss: 0.058967 learn_rate: 0.000500
epoch: 47 train_epoch_loss: 0.059055 learn_rate: 0.000500
epoch: 48 train_epoch_loss: 0.058898 learn_rate: 0.000500
epoch: 49 train_epoch_loss: 0.058646 learn_rate: 0.000500
epoch: 50 train_epoch_loss: 0.058532 learn_rate: 0.000500
epoch: 51 train_epoch_loss: 0.058295 learn_rate: 0.000500
epoch: 52 train_epoch_loss: 0.058288 learn_rate: 0.000500
epoch: 53 train_epoch_loss: 0.058366 learn_rate: 0.000500
epoch: 54 train_epoch_loss: 0.058465 learn_rate: 0.000500
epoch: 55 train_epoch_loss: 0.058042 learn_rate: 0.000167
epoch: 56 train_epoch_loss: 0.057907 learn_rate: 0.000167
epoch: 57 train_epoch_loss: 0.057822 learn_rate: 0.000167
epoch: 58 train_epoch_loss: 0.057787 learn_rate: 0.000167
epoch: 59 train_epoch_loss: 0.057730 learn_rate: 0.000167
epoch: 60 train_epoch_loss: 0.057676 learn_rate: 0.000167
epoch: 61 train_epoch_loss: 0.057593 learn_rate: 0.000167
epoch: 62 train_epoch_loss: 0.057480 learn_rate: 0.000167
epoch: 63 train_epoch_loss: 0.057423 learn_rate: 0.000167
epoch: 64 train_epoch_loss: 0.057367 learn_rate: 0.000167
epoch: 65 train_epoch_loss: 0.057458 learn_rate: 0.000167
epoch: 66 train_epoch_loss: 0.057316 learn_rate: 0.000167
epoch: 67 train_epoch_loss: 0.057268 learn_rate: 0.000167
epoch: 68 train_epoch_loss: 0.057189 learn_rate: 0.000167
epoch: 69 train_epoch_loss: 0.057113 learn_rate: 0.000167
epoch: 70 train_epoch_loss: 0.057017 learn_rate: 0.000167
epoch: 71 train_epoch_loss: 0.056978 learn_rate: 0.000167
epoch: 72 train_epoch_loss: 0.056902 learn_rate: 0.000167
epoch: 73 train_epoch_loss: 0.056878 learn_rate: 0.000167
epoch: 74 train_epoch_loss: 0.056830 learn_rate: 0.000167
epoch: 75 train_epoch_loss: 0.056819 learn_rate: 0.000167
epoch: 76 train_epoch_loss: 0.056735 learn_rate: 0.000167
epoch: 77 train_epoch_loss: 0.056761 learn_rate: 0.000167
epoch: 78 train_epoch_loss: 0.056803 learn_rate: 0.000167
epoch: 79 train_epoch_loss: 0.056671 learn_rate: 0.000056
epoch: 80 train_epoch_loss: 0.056602 learn_rate: 0.000056
epoch: 81 train_epoch_loss: 0.056573 learn_rate: 0.000056
epoch: 82 train_epoch_loss: 0.056559 learn_rate: 0.000056
epoch: 83 train_epoch_loss: 0.056535 learn_rate: 0.000056
epoch: 84 train_epoch_loss: 0.056502 learn_rate: 0.000056
epoch: 85 train_epoch_loss: 0.056501 learn_rate: 0.000056
epoch: 86 train_epoch_loss: 0.056475 learn_rate: 0.000056
epoch: 87 train_epoch_loss: 0.056458 learn_rate: 0.000056
epoch: 88 train_epoch_loss: 0.056441 learn_rate: 0.000056
epoch: 89 train_epoch_loss: 0.056405 learn_rate: 0.000056
epoch: 90 train_epoch_loss: 0.056406 learn_rate: 0.000056
epoch: 91 train_epoch_loss: 0.056393 learn_rate: 0.000056
epoch: 92 train_epoch_loss: 0.056407 learn_rate: 0.000056
epoch: 93 train_epoch_loss: 0.056386 learn_rate: 0.000056
epoch: 94 train_epoch_loss: 0.056349 learn_rate: 0.000056
epoch: 95 train_epoch_loss: 0.056342 learn_rate: 0.000056
epoch: 96 train_epoch_loss: 0.056319 learn_rate: 0.000056
epoch: 97 train_epoch_loss: 0.056315 learn_rate: 0.000056
epoch: 98 train_epoch_loss: 0.056293 learn_rate: 0.000056
epoch: 99 train_epoch_loss: 0.056269 learn_rate: 0.000056
epoch: 100 train_epoch_loss: 0.056247 learn_rate: 0.000056
epoch: 101 train_epoch_loss: 0.056238 learn_rate: 0.000056
epoch: 102 train_epoch_loss: 0.056226 learn_rate: 0.000056
epoch: 103 train_epoch_loss: 0.056222 learn_rate: 0.000056
epoch: 104 train_epoch_loss: 0.056216 learn_rate: 0.000056
epoch: 105 train_epoch_loss: 0.056212 learn_rate: 0.000056
epoch: 106 train_epoch_loss: 0.056191 learn_rate: 0.000056
epoch: 107 train_epoch_loss: 0.056150 learn_rate: 0.000056
epoch: 108 train_epoch_loss: 0.056134 learn_rate: 0.000056
epoch: 109 train_epoch_loss: 0.056119 learn_rate: 0.000056
epoch: 110 train_epoch_loss: 0.056108 learn_rate: 0.000056
epoch: 111 train_epoch_loss: 0.056085 learn_rate: 0.000056
epoch: 112 train_epoch_loss: 0.056093 learn_rate: 0.000056
epoch: 113 train_epoch_loss: 0.056081 learn_rate: 0.000056
epoch: 114 train_epoch_loss: 0.056036 learn_rate: 0.000056
epoch: 115 train_epoch_loss: 0.056049 learn_rate: 0.000056
epoch: 116 train_epoch_loss: 0.056011 learn_rate: 0.000056
epoch: 117 train_epoch_loss: 0.056017 learn_rate: 0.000056
epoch: 118 train_epoch_loss: 0.055978 learn_rate: 0.000056
epoch: 119 train_epoch_loss: 0.055981 learn_rate: 0.000056
epoch: 120 train_epoch_loss: 0.055962 learn_rate: 0.000056
epoch: 121 train_epoch_loss: 0.055943 learn_rate: 0.000056
epoch: 122 train_epoch_loss: 0.055926 learn_rate: 0.000056
epoch: 123 train_epoch_loss: 0.055929 learn_rate: 0.000056
epoch: 124 train_epoch_loss: 0.055905 learn_rate: 0.000056
epoch: 125 train_epoch_loss: 0.055913 learn_rate: 0.000056
epoch: 126 train_epoch_loss: 0.055906 learn_rate: 0.000056
epoch: 127 train_epoch_loss: 0.055874 learn_rate: 0.000019
epoch: 128 train_epoch_loss: 0.055871 learn_rate: 0.000019
epoch: 129 train_epoch_loss: 0.055850 learn_rate: 0.000019
epoch: 130 train_epoch_loss: 0.055836 learn_rate: 0.000019
epoch: 131 train_epoch_loss: 0.055827 learn_rate: 0.000019
epoch: 132 train_epoch_loss: 0.055811 learn_rate: 0.000019
epoch: 133 train_epoch_loss: 0.055801 learn_rate: 0.000019
epoch: 134 train_epoch_loss: 0.055808 learn_rate: 0.000019
epoch: 135 train_epoch_loss: 0.055788 learn_rate: 0.000019
epoch: 136 train_epoch_loss: 0.055786 learn_rate: 0.000019
epoch: 137 train_epoch_loss: 0.055785 learn_rate: 0.000019
epoch: 138 train_epoch_loss: 0.055780 learn_rate: 0.000019
epoch: 139 train_epoch_loss: 0.055780 learn_rate: 0.000019
epoch: 140 train_epoch_loss: 0.055768 learn_rate: 0.000019
epoch: 141 train_epoch_loss: 0.055762 learn_rate: 0.000019
epoch: 142 train_epoch_loss: 0.055756 learn_rate: 0.000019
epoch: 143 train_epoch_loss: 0.055753 learn_rate: 0.000019
epoch: 144 train_epoch_loss: 0.055752 learn_rate: 0.000019
epoch: 145 train_epoch_loss: 0.055736 learn_rate: 0.000019
epoch: 146 train_epoch_loss: 0.055724 learn_rate: 0.000019
epoch: 147 train_epoch_loss: 0.055725 learn_rate: 0.000019
epoch: 148 train_epoch_loss: 0.055723 learn_rate: 0.000019
epoch: 149 train_epoch_loss: 0.055710 learn_rate: 0.000019
epoch: 150 train_epoch_loss: 0.055728 learn_rate: 0.000019
epoch: 151 train_epoch_loss: 0.055711 learn_rate: 0.000019
epoch: 152 train_epoch_loss: 0.055721 learn_rate: 0.000006
epoch: 153 train_epoch_loss: 0.055706 learn_rate: 0.000006
epoch: 154 train_epoch_loss: 0.055695 learn_rate: 0.000006
epoch: 155 train_epoch_loss: 0.055690 learn_rate: 0.000006
epoch: 156 train_epoch_loss: 0.055677 learn_rate: 0.000006
epoch: 157 train_epoch_loss: 0.055697 learn_rate: 0.000006
epoch: 158 train_epoch_loss: 0.055690 learn_rate: 0.000006
epoch: 159 train_epoch_loss: 0.055702 learn_rate: 0.000002
epoch: 160 train_epoch_loss: 0.055686 learn_rate: 0.000002
epoch: 161 train_epoch_loss: 0.055704 learn_rate: 0.000001
epoch: 162 train_epoch_loss: 0.055699 learn_rate: 0.000001
