Tue Feb 28 15:36:28 2023
data_dict: {'mean': array([59.754013, 66.1077  , 70.73069 , 75.92262 , 79.18442 , 78.99879 ,
       85.32419 , 71.57193 ], dtype=float32), 'std': array([1.5098926, 2.4854996, 3.5004454, 4.477355 , 5.1664195, 3.291043 ,
       2.744151 , 2.2928967], dtype=float32), 'classWeights': array([1.4587328, 5.8852677, 8.183404 ], dtype=float32), 'img_shape': (256, 256, 8)}
epoch: 1 train_epoch_loss: 0.064495 learn_rate: 0.001000
epoch: 2 train_epoch_loss: 0.060174 learn_rate: 0.001000
epoch: 3 train_epoch_loss: 0.059578 learn_rate: 0.001000
epoch: 4 train_epoch_loss: 0.059090 learn_rate: 0.001000
epoch: 5 train_epoch_loss: 0.059250 learn_rate: 0.001000
epoch: 6 train_epoch_loss: 0.058630 learn_rate: 0.001000
epoch: 7 train_epoch_loss: 0.058512 learn_rate: 0.001000
epoch: 8 train_epoch_loss: 0.058477 learn_rate: 0.001000
epoch: 9 train_epoch_loss: 0.058662 learn_rate: 0.001000
epoch: 10 train_epoch_loss: 0.058212 learn_rate: 0.001000
epoch: 11 train_epoch_loss: 0.057763 learn_rate: 0.001000
epoch: 12 train_epoch_loss: 0.057644 learn_rate: 0.001000
epoch: 13 train_epoch_loss: 0.057202 learn_rate: 0.001000
epoch: 14 train_epoch_loss: 0.056973 learn_rate: 0.001000
epoch: 15 train_epoch_loss: 0.057010 learn_rate: 0.001000
epoch: 16 train_epoch_loss: 0.056879 learn_rate: 0.001000
epoch: 17 train_epoch_loss: 0.056658 learn_rate: 0.001000
epoch: 18 train_epoch_loss: 0.056651 learn_rate: 0.001000
epoch: 19 train_epoch_loss: 0.056900 learn_rate: 0.001000
epoch: 20 train_epoch_loss: 0.056521 learn_rate: 0.001000
epoch: 21 train_epoch_loss: 0.056663 learn_rate: 0.001000
epoch: 22 train_epoch_loss: 0.056899 learn_rate: 0.001000
epoch: 23 train_epoch_loss: 0.056119 learn_rate: 0.000333
epoch: 24 train_epoch_loss: 0.055727 learn_rate: 0.000333
epoch: 25 train_epoch_loss: 0.055620 learn_rate: 0.000333
epoch: 26 train_epoch_loss: 0.055517 learn_rate: 0.000333
epoch: 27 train_epoch_loss: 0.055370 learn_rate: 0.000333
epoch: 28 train_epoch_loss: 0.055297 learn_rate: 0.000333
epoch: 29 train_epoch_loss: 0.055231 learn_rate: 0.000333
epoch: 30 train_epoch_loss: 0.055167 learn_rate: 0.000333
epoch: 31 train_epoch_loss: 0.055152 learn_rate: 0.000333
epoch: 32 train_epoch_loss: 0.055030 learn_rate: 0.000333
epoch: 33 train_epoch_loss: 0.054961 learn_rate: 0.000333
epoch: 34 train_epoch_loss: 0.054959 learn_rate: 0.000333
epoch: 35 train_epoch_loss: 0.054917 learn_rate: 0.000333
epoch: 36 train_epoch_loss: 0.054870 learn_rate: 0.000333
epoch: 37 train_epoch_loss: 0.054774 learn_rate: 0.000333
epoch: 38 train_epoch_loss: 0.054721 learn_rate: 0.000333
epoch: 39 train_epoch_loss: 0.054634 learn_rate: 0.000333
epoch: 40 train_epoch_loss: 0.054629 learn_rate: 0.000333
epoch: 41 train_epoch_loss: 0.054623 learn_rate: 0.000333
epoch: 42 train_epoch_loss: 0.054544 learn_rate: 0.000333
epoch: 43 train_epoch_loss: 0.054537 learn_rate: 0.000333
epoch: 44 train_epoch_loss: 0.054503 learn_rate: 0.000333
epoch: 45 train_epoch_loss: 0.054542 learn_rate: 0.000333
epoch: 46 train_epoch_loss: 0.054455 learn_rate: 0.000333
epoch: 47 train_epoch_loss: 0.054354 learn_rate: 0.000333
epoch: 48 train_epoch_loss: 0.054404 learn_rate: 0.000333
epoch: 49 train_epoch_loss: 0.054400 learn_rate: 0.000333
epoch: 50 train_epoch_loss: 0.054225 learn_rate: 0.000111
epoch: 51 train_epoch_loss: 0.054143 learn_rate: 0.000111
epoch: 52 train_epoch_loss: 0.054090 learn_rate: 0.000111
epoch: 53 train_epoch_loss: 0.054063 learn_rate: 0.000111
epoch: 54 train_epoch_loss: 0.054032 learn_rate: 0.000111
epoch: 55 train_epoch_loss: 0.053994 learn_rate: 0.000111
epoch: 56 train_epoch_loss: 0.053966 learn_rate: 0.000111
epoch: 57 train_epoch_loss: 0.053942 learn_rate: 0.000111
epoch: 58 train_epoch_loss: 0.053930 learn_rate: 0.000111
epoch: 59 train_epoch_loss: 0.053899 learn_rate: 0.000111
epoch: 60 train_epoch_loss: 0.053891 learn_rate: 0.000111
epoch: 61 train_epoch_loss: 0.053854 learn_rate: 0.000111
epoch: 62 train_epoch_loss: 0.053842 learn_rate: 0.000111
epoch: 63 train_epoch_loss: 0.053840 learn_rate: 0.000111
epoch: 64 train_epoch_loss: 0.053796 learn_rate: 0.000111
epoch: 65 train_epoch_loss: 0.053784 learn_rate: 0.000111
epoch: 66 train_epoch_loss: 0.053780 learn_rate: 0.000111
epoch: 67 train_epoch_loss: 0.053779 learn_rate: 0.000111
epoch: 68 train_epoch_loss: 0.053790 learn_rate: 0.000111
epoch: 69 train_epoch_loss: 0.053754 learn_rate: 0.000111
epoch: 70 train_epoch_loss: 0.053726 learn_rate: 0.000111
epoch: 71 train_epoch_loss: 0.053714 learn_rate: 0.000111
epoch: 72 train_epoch_loss: 0.053683 learn_rate: 0.000111
epoch: 73 train_epoch_loss: 0.053663 learn_rate: 0.000111
epoch: 74 train_epoch_loss: 0.053650 learn_rate: 0.000111
epoch: 75 train_epoch_loss: 0.053627 learn_rate: 0.000111
epoch: 76 train_epoch_loss: 0.053616 learn_rate: 0.000111
epoch: 77 train_epoch_loss: 0.053632 learn_rate: 0.000111
epoch: 78 train_epoch_loss: 0.053612 learn_rate: 0.000111
epoch: 79 train_epoch_loss: 0.053582 learn_rate: 0.000111
epoch: 80 train_epoch_loss: 0.053553 learn_rate: 0.000111
epoch: 81 train_epoch_loss: 0.053561 learn_rate: 0.000111
epoch: 82 train_epoch_loss: 0.053543 learn_rate: 0.000111
epoch: 83 train_epoch_loss: 0.053531 learn_rate: 0.000111
epoch: 84 train_epoch_loss: 0.053500 learn_rate: 0.000111
epoch: 85 train_epoch_loss: 0.053478 learn_rate: 0.000111
epoch: 86 train_epoch_loss: 0.053445 learn_rate: 0.000111
epoch: 87 train_epoch_loss: 0.053445 learn_rate: 0.000111
epoch: 88 train_epoch_loss: 0.053431 learn_rate: 0.000111
epoch: 89 train_epoch_loss: 0.053426 learn_rate: 0.000111
epoch: 90 train_epoch_loss: 0.053408 learn_rate: 0.000111
epoch: 91 train_epoch_loss: 0.053394 learn_rate: 0.000111
epoch: 92 train_epoch_loss: 0.053457 learn_rate: 0.000111
epoch: 93 train_epoch_loss: 0.053402 learn_rate: 0.000111
epoch: 94 train_epoch_loss: 0.053344 learn_rate: 0.000037
epoch: 95 train_epoch_loss: 0.053288 learn_rate: 0.000037
epoch: 96 train_epoch_loss: 0.053271 learn_rate: 0.000037
epoch: 97 train_epoch_loss: 0.053252 learn_rate: 0.000037
epoch: 98 train_epoch_loss: 0.053238 learn_rate: 0.000037
epoch: 99 train_epoch_loss: 0.053237 learn_rate: 0.000037
epoch: 100 train_epoch_loss: 0.053221 learn_rate: 0.000037
epoch: 101 train_epoch_loss: 0.053219 learn_rate: 0.000037
epoch: 102 train_epoch_loss: 0.053207 learn_rate: 0.000037
epoch: 103 train_epoch_loss: 0.053202 learn_rate: 0.000037
epoch: 104 train_epoch_loss: 0.053187 learn_rate: 0.000037
epoch: 105 train_epoch_loss: 0.053194 learn_rate: 0.000037
epoch: 106 train_epoch_loss: 0.053179 learn_rate: 0.000037
epoch: 107 train_epoch_loss: 0.053183 learn_rate: 0.000037
epoch: 108 train_epoch_loss: 0.053167 learn_rate: 0.000037
epoch: 109 train_epoch_loss: 0.053166 learn_rate: 0.000037
epoch: 110 train_epoch_loss: 0.053163 learn_rate: 0.000037
epoch: 111 train_epoch_loss: 0.053150 learn_rate: 0.000037
epoch: 112 train_epoch_loss: 0.053148 learn_rate: 0.000037
epoch: 113 train_epoch_loss: 0.053136 learn_rate: 0.000037
epoch: 114 train_epoch_loss: 0.053134 learn_rate: 0.000037
epoch: 115 train_epoch_loss: 0.053136 learn_rate: 0.000037
epoch: 116 train_epoch_loss: 0.053124 learn_rate: 0.000037
epoch: 117 train_epoch_loss: 0.053114 learn_rate: 0.000037
epoch: 118 train_epoch_loss: 0.053111 learn_rate: 0.000037
epoch: 119 train_epoch_loss: 0.053109 learn_rate: 0.000037
epoch: 120 train_epoch_loss: 0.053079 learn_rate: 0.000037
epoch: 121 train_epoch_loss: 0.053092 learn_rate: 0.000037
epoch: 122 train_epoch_loss: 0.053084 learn_rate: 0.000037
epoch: 123 train_epoch_loss: 0.053079 learn_rate: 0.000012
epoch: 124 train_epoch_loss: 0.053060 learn_rate: 0.000012
epoch: 125 train_epoch_loss: 0.053057 learn_rate: 0.000012
epoch: 126 train_epoch_loss: 0.053052 learn_rate: 0.000012
epoch: 127 train_epoch_loss: 0.053050 learn_rate: 0.000012
epoch: 128 train_epoch_loss: 0.053053 learn_rate: 0.000012
epoch: 129 train_epoch_loss: 0.053043 learn_rate: 0.000012
epoch: 130 train_epoch_loss: 0.053033 learn_rate: 0.000012
epoch: 131 train_epoch_loss: 0.053033 learn_rate: 0.000012
epoch: 132 train_epoch_loss: 0.053033 learn_rate: 0.000012
epoch: 133 train_epoch_loss: 0.053027 learn_rate: 0.000012
epoch: 134 train_epoch_loss: 0.053031 learn_rate: 0.000012
epoch: 135 train_epoch_loss: 0.053020 learn_rate: 0.000012
epoch: 136 train_epoch_loss: 0.053016 learn_rate: 0.000012
epoch: 137 train_epoch_loss: 0.053012 learn_rate: 0.000012
epoch: 138 train_epoch_loss: 0.053017 learn_rate: 0.000012
epoch: 139 train_epoch_loss: 0.053009 learn_rate: 0.000012
epoch: 140 train_epoch_loss: 0.053009 learn_rate: 0.000012
epoch: 141 train_epoch_loss: 0.053002 learn_rate: 0.000012
epoch: 142 train_epoch_loss: 0.052997 learn_rate: 0.000012
epoch: 143 train_epoch_loss: 0.053006 learn_rate: 0.000012
epoch: 144 train_epoch_loss: 0.053004 learn_rate: 0.000012
epoch: 145 train_epoch_loss: 0.052993 learn_rate: 0.000004
epoch: 146 train_epoch_loss: 0.052995 learn_rate: 0.000004
epoch: 147 train_epoch_loss: 0.052992 learn_rate: 0.000004
epoch: 148 train_epoch_loss: 0.052989 learn_rate: 0.000004
epoch: 149 train_epoch_loss: 0.052998 learn_rate: 0.000004
epoch: 150 train_epoch_loss: 0.052990 learn_rate: 0.000004
epoch: 151 train_epoch_loss: 0.052989 learn_rate: 0.000001
epoch: 152 train_epoch_loss: 0.052992 learn_rate: 0.000001
epoch: 153 train_epoch_loss: 0.052993 learn_rate: 0.000000
epoch: 154 train_epoch_loss: 0.052993 learn_rate: 0.000000
