Sun Mar  5 11:14:52 2023
data_dict: {'mean': array([53.667797, 59.432632, 65.22631 , 71.26239 , 74.16836 , 75.46356 ,
       82.370125, 68.22725 ], dtype=float32), 'std': array([ 3.2646372,  5.2050686,  7.2032604,  9.168553 , 10.392577 ,
        7.9029794,  8.38066  ,  6.8486977], dtype=float32), 'classWeights': array([1.4597416, 5.9636707, 7.976654 ], dtype=float32), 'img_shape': (256, 256, 8)}
epoch: 1 train_epoch_loss: 0.158791 learn_rate: 0.001000
epoch: 2 train_epoch_loss: 0.094756 learn_rate: 0.001000
epoch: 3 train_epoch_loss: 0.089642 learn_rate: 0.001000
epoch: 4 train_epoch_loss: 0.084654 learn_rate: 0.001000
epoch: 5 train_epoch_loss: 0.083666 learn_rate: 0.001000
epoch: 6 train_epoch_loss: 0.080808 learn_rate: 0.001000
epoch: 7 train_epoch_loss: 0.077599 learn_rate: 0.001000
epoch: 8 train_epoch_loss: 0.074549 learn_rate: 0.001000
epoch: 9 train_epoch_loss: 0.070632 learn_rate: 0.001000
epoch: 10 train_epoch_loss: 0.068207 learn_rate: 0.001000
epoch: 11 train_epoch_loss: 0.066842 learn_rate: 0.001000
epoch: 12 train_epoch_loss: 0.064847 learn_rate: 0.001000
epoch: 13 train_epoch_loss: 0.064651 learn_rate: 0.001000
epoch: 14 train_epoch_loss: 0.063623 learn_rate: 0.001000
epoch: 15 train_epoch_loss: 0.062767 learn_rate: 0.001000
epoch: 16 train_epoch_loss: 0.062702 learn_rate: 0.001000
epoch: 17 train_epoch_loss: 0.062037 learn_rate: 0.001000
epoch: 18 train_epoch_loss: 0.062004 learn_rate: 0.001000
epoch: 19 train_epoch_loss: 0.061702 learn_rate: 0.001000
epoch: 20 train_epoch_loss: 0.061233 learn_rate: 0.001000
epoch: 21 train_epoch_loss: 0.061079 learn_rate: 0.001000
epoch: 22 train_epoch_loss: 0.061349 learn_rate: 0.001000
epoch: 23 train_epoch_loss: 0.060417 learn_rate: 0.001000
epoch: 24 train_epoch_loss: 0.060115 learn_rate: 0.001000
epoch: 25 train_epoch_loss: 0.060085 learn_rate: 0.001000
epoch: 26 train_epoch_loss: 0.059833 learn_rate: 0.001000
epoch: 27 train_epoch_loss: 0.059500 learn_rate: 0.001000
epoch: 28 train_epoch_loss: 0.059226 learn_rate: 0.001000
epoch: 29 train_epoch_loss: 0.059031 learn_rate: 0.001000
epoch: 30 train_epoch_loss: 0.058830 learn_rate: 0.001000
epoch: 31 train_epoch_loss: 0.058901 learn_rate: 0.001000
epoch: 32 train_epoch_loss: 0.059160 learn_rate: 0.001000
epoch: 33 train_epoch_loss: 0.058473 learn_rate: 0.000333
epoch: 34 train_epoch_loss: 0.058352 learn_rate: 0.000333
epoch: 35 train_epoch_loss: 0.058226 learn_rate: 0.000333
epoch: 36 train_epoch_loss: 0.058121 learn_rate: 0.000333
epoch: 37 train_epoch_loss: 0.058082 learn_rate: 0.000333
epoch: 38 train_epoch_loss: 0.057993 learn_rate: 0.000333
epoch: 39 train_epoch_loss: 0.057982 learn_rate: 0.000333
epoch: 40 train_epoch_loss: 0.057858 learn_rate: 0.000333
epoch: 41 train_epoch_loss: 0.057782 learn_rate: 0.000333
epoch: 42 train_epoch_loss: 0.057774 learn_rate: 0.000333
epoch: 43 train_epoch_loss: 0.057605 learn_rate: 0.000333
epoch: 44 train_epoch_loss: 0.057660 learn_rate: 0.000333
epoch: 45 train_epoch_loss: 0.057547 learn_rate: 0.000333
epoch: 46 train_epoch_loss: 0.057449 learn_rate: 0.000333
epoch: 47 train_epoch_loss: 0.057382 learn_rate: 0.000333
epoch: 48 train_epoch_loss: 0.057324 learn_rate: 0.000333
epoch: 49 train_epoch_loss: 0.057204 learn_rate: 0.000333
epoch: 50 train_epoch_loss: 0.057123 learn_rate: 0.000333
epoch: 51 train_epoch_loss: 0.057105 learn_rate: 0.000333
epoch: 52 train_epoch_loss: 0.057026 learn_rate: 0.000333
epoch: 53 train_epoch_loss: 0.056963 learn_rate: 0.000333
epoch: 54 train_epoch_loss: 0.056891 learn_rate: 0.000333
epoch: 55 train_epoch_loss: 0.056864 learn_rate: 0.000333
epoch: 56 train_epoch_loss: 0.056844 learn_rate: 0.000333
epoch: 57 train_epoch_loss: 0.056762 learn_rate: 0.000333
epoch: 58 train_epoch_loss: 0.056752 learn_rate: 0.000333
epoch: 59 train_epoch_loss: 0.056641 learn_rate: 0.000333
epoch: 60 train_epoch_loss: 0.056583 learn_rate: 0.000333
epoch: 61 train_epoch_loss: 0.056643 learn_rate: 0.000333
epoch: 62 train_epoch_loss: 0.056612 learn_rate: 0.000333
epoch: 63 train_epoch_loss: 0.056454 learn_rate: 0.000111
epoch: 64 train_epoch_loss: 0.056432 learn_rate: 0.000111
epoch: 65 train_epoch_loss: 0.056379 learn_rate: 0.000111
epoch: 66 train_epoch_loss: 0.056341 learn_rate: 0.000111
epoch: 67 train_epoch_loss: 0.056348 learn_rate: 0.000111
epoch: 68 train_epoch_loss: 0.056291 learn_rate: 0.000111
epoch: 69 train_epoch_loss: 0.056261 learn_rate: 0.000111
epoch: 70 train_epoch_loss: 0.056229 learn_rate: 0.000111
epoch: 71 train_epoch_loss: 0.056233 learn_rate: 0.000111
epoch: 72 train_epoch_loss: 0.056203 learn_rate: 0.000111
epoch: 73 train_epoch_loss: 0.056185 learn_rate: 0.000111
epoch: 74 train_epoch_loss: 0.056183 learn_rate: 0.000111
epoch: 75 train_epoch_loss: 0.056130 learn_rate: 0.000111
epoch: 76 train_epoch_loss: 0.056130 learn_rate: 0.000111
epoch: 77 train_epoch_loss: 0.056094 learn_rate: 0.000111
epoch: 78 train_epoch_loss: 0.056097 learn_rate: 0.000111
epoch: 79 train_epoch_loss: 0.056068 learn_rate: 0.000111
epoch: 80 train_epoch_loss: 0.056051 learn_rate: 0.000111
epoch: 81 train_epoch_loss: 0.056034 learn_rate: 0.000111
epoch: 82 train_epoch_loss: 0.056041 learn_rate: 0.000111
epoch: 83 train_epoch_loss: 0.055999 learn_rate: 0.000111
epoch: 84 train_epoch_loss: 0.055993 learn_rate: 0.000111
epoch: 85 train_epoch_loss: 0.055946 learn_rate: 0.000111
epoch: 86 train_epoch_loss: 0.055898 learn_rate: 0.000111
epoch: 87 train_epoch_loss: 0.055870 learn_rate: 0.000111
epoch: 88 train_epoch_loss: 0.055899 learn_rate: 0.000111
epoch: 89 train_epoch_loss: 0.055883 learn_rate: 0.000111
epoch: 90 train_epoch_loss: 0.055830 learn_rate: 0.000037
epoch: 91 train_epoch_loss: 0.055798 learn_rate: 0.000037
epoch: 92 train_epoch_loss: 0.055806 learn_rate: 0.000037
epoch: 93 train_epoch_loss: 0.055808 learn_rate: 0.000037
epoch: 94 train_epoch_loss: 0.055823 learn_rate: 0.000012
epoch: 95 train_epoch_loss: 0.055775 learn_rate: 0.000012
epoch: 96 train_epoch_loss: 0.055804 learn_rate: 0.000012
epoch: 97 train_epoch_loss: 0.055818 learn_rate: 0.000012
epoch: 98 train_epoch_loss: 0.055804 learn_rate: 0.000004
epoch: 99 train_epoch_loss: 0.055797 learn_rate: 0.000004
epoch: 100 train_epoch_loss: 0.055808 learn_rate: 0.000001
epoch: 101 train_epoch_loss: 0.055798 learn_rate: 0.000001
epoch: 102 train_epoch_loss: 0.055790 learn_rate: 0.000000
epoch: 103 train_epoch_loss: 0.055795 learn_rate: 0.000000
