Wed Apr  5 22:58:14 2023
data_dict: {'mean': array([53.32385 , 59.052788, 64.92741 , 71.03094 , 73.78392 , 75.20893 ,
       82.673836, 68.29992 ], dtype=float32), 'std': array([ 3.2431843,  5.052124 ,  7.0727425,  9.044039 , 10.208906 ,
        7.463874 ,  7.813192 ,  6.1460433], dtype=float32), 'classWeights': array([1.467874 , 5.9076552, 7.6732235], dtype=float32), 'img_shape': (256, 256, 8)}
epoch: 1 train_epoch_loss: 0.189347 learn_rate: 0.001000
epoch: 2 train_epoch_loss: 0.125892 learn_rate: 0.001000
epoch: 3 train_epoch_loss: 0.104295 learn_rate: 0.001000
epoch: 4 train_epoch_loss: 0.096038 learn_rate: 0.001000
epoch: 5 train_epoch_loss: 0.094087 learn_rate: 0.001000
epoch: 6 train_epoch_loss: 0.093988 learn_rate: 0.001000
epoch: 7 train_epoch_loss: 0.092435 learn_rate: 0.001000
epoch: 8 train_epoch_loss: 0.092094 learn_rate: 0.001000
epoch: 9 train_epoch_loss: 0.091815 learn_rate: 0.001000
epoch: 10 train_epoch_loss: 0.091697 learn_rate: 0.001000
epoch: 11 train_epoch_loss: 0.091505 learn_rate: 0.001000
epoch: 12 train_epoch_loss: 0.090978 learn_rate: 0.001000
epoch: 13 train_epoch_loss: 0.090878 learn_rate: 0.001000
epoch: 14 train_epoch_loss: 0.090245 learn_rate: 0.001000
epoch: 15 train_epoch_loss: 0.089373 learn_rate: 0.001000
epoch: 16 train_epoch_loss: 0.089486 learn_rate: 0.001000
epoch: 17 train_epoch_loss: 0.088243 learn_rate: 0.001000
epoch: 18 train_epoch_loss: 0.082285 learn_rate: 0.001000
epoch: 19 train_epoch_loss: 0.074880 learn_rate: 0.001000
epoch: 20 train_epoch_loss: 0.070377 learn_rate: 0.001000
epoch: 21 train_epoch_loss: 0.068037 learn_rate: 0.001000
epoch: 22 train_epoch_loss: 0.067813 learn_rate: 0.001000
epoch: 23 train_epoch_loss: 0.066934 learn_rate: 0.001000
epoch: 24 train_epoch_loss: 0.066803 learn_rate: 0.001000
epoch: 25 train_epoch_loss: 0.065707 learn_rate: 0.001000
epoch: 26 train_epoch_loss: 0.066481 learn_rate: 0.001000
epoch: 27 train_epoch_loss: 0.066217 learn_rate: 0.001000
epoch: 28 train_epoch_loss: 0.065076 learn_rate: 0.000333
epoch: 29 train_epoch_loss: 0.064730 learn_rate: 0.000333
epoch: 30 train_epoch_loss: 0.064434 learn_rate: 0.000333
epoch: 31 train_epoch_loss: 0.064114 learn_rate: 0.000333
epoch: 32 train_epoch_loss: 0.064036 learn_rate: 0.000333
epoch: 33 train_epoch_loss: 0.063732 learn_rate: 0.000333
epoch: 34 train_epoch_loss: 0.063546 learn_rate: 0.000333
epoch: 35 train_epoch_loss: 0.063416 learn_rate: 0.000333
epoch: 36 train_epoch_loss: 0.063457 learn_rate: 0.000333
epoch: 37 train_epoch_loss: 0.063537 learn_rate: 0.000333
epoch: 38 train_epoch_loss: 0.063467 learn_rate: 0.000111
epoch: 39 train_epoch_loss: 0.062922 learn_rate: 0.000111
epoch: 40 train_epoch_loss: 0.062891 learn_rate: 0.000111
epoch: 41 train_epoch_loss: 0.062810 learn_rate: 0.000111
epoch: 42 train_epoch_loss: 0.062784 learn_rate: 0.000111
epoch: 43 train_epoch_loss: 0.062781 learn_rate: 0.000111
epoch: 44 train_epoch_loss: 0.062657 learn_rate: 0.000111
epoch: 45 train_epoch_loss: 0.062729 learn_rate: 0.000111
epoch: 46 train_epoch_loss: 0.062521 learn_rate: 0.000111
epoch: 47 train_epoch_loss: 0.062500 learn_rate: 0.000111
epoch: 48 train_epoch_loss: 0.062382 learn_rate: 0.000111
epoch: 49 train_epoch_loss: 0.062346 learn_rate: 0.000111
epoch: 50 train_epoch_loss: 0.062246 learn_rate: 0.000111
epoch: 51 train_epoch_loss: 0.062112 learn_rate: 0.000111
epoch: 52 train_epoch_loss: 0.062025 learn_rate: 0.000111
epoch: 53 train_epoch_loss: 0.061898 learn_rate: 0.000111
epoch: 54 train_epoch_loss: 0.061909 learn_rate: 0.000111
epoch: 55 train_epoch_loss: 0.061879 learn_rate: 0.000111
epoch: 56 train_epoch_loss: 0.061767 learn_rate: 0.000111
epoch: 57 train_epoch_loss: 0.061597 learn_rate: 0.000111
epoch: 58 train_epoch_loss: 0.061439 learn_rate: 0.000111
epoch: 59 train_epoch_loss: 0.061424 learn_rate: 0.000111
epoch: 60 train_epoch_loss: 0.061301 learn_rate: 0.000111
epoch: 61 train_epoch_loss: 0.061283 learn_rate: 0.000111
epoch: 62 train_epoch_loss: 0.061429 learn_rate: 0.000111
epoch: 63 train_epoch_loss: 0.061138 learn_rate: 0.000111
epoch: 64 train_epoch_loss: 0.061105 learn_rate: 0.000111
epoch: 65 train_epoch_loss: 0.061188 learn_rate: 0.000111
epoch: 66 train_epoch_loss: 0.061027 learn_rate: 0.000111
epoch: 67 train_epoch_loss: 0.060925 learn_rate: 0.000111
epoch: 68 train_epoch_loss: 0.060796 learn_rate: 0.000111
epoch: 69 train_epoch_loss: 0.060859 learn_rate: 0.000111
epoch: 70 train_epoch_loss: 0.060760 learn_rate: 0.000111
epoch: 71 train_epoch_loss: 0.060684 learn_rate: 0.000111
epoch: 72 train_epoch_loss: 0.060563 learn_rate: 0.000111
epoch: 73 train_epoch_loss: 0.060569 learn_rate: 0.000111
epoch: 74 train_epoch_loss: 0.060388 learn_rate: 0.000111
epoch: 75 train_epoch_loss: 0.060449 learn_rate: 0.000111
epoch: 76 train_epoch_loss: 0.060328 learn_rate: 0.000111
epoch: 77 train_epoch_loss: 0.060203 learn_rate: 0.000111
epoch: 78 train_epoch_loss: 0.060152 learn_rate: 0.000111
epoch: 79 train_epoch_loss: 0.060063 learn_rate: 0.000111
epoch: 80 train_epoch_loss: 0.060007 learn_rate: 0.000111
epoch: 81 train_epoch_loss: 0.059864 learn_rate: 0.000111
epoch: 82 train_epoch_loss: 0.059865 learn_rate: 0.000111
epoch: 83 train_epoch_loss: 0.059820 learn_rate: 0.000111
epoch: 84 train_epoch_loss: 0.059684 learn_rate: 0.000111
epoch: 85 train_epoch_loss: 0.059688 learn_rate: 0.000111
epoch: 86 train_epoch_loss: 0.059867 learn_rate: 0.000111
epoch: 87 train_epoch_loss: 0.059570 learn_rate: 0.000037
epoch: 88 train_epoch_loss: 0.059487 learn_rate: 0.000037
epoch: 89 train_epoch_loss: 0.059431 learn_rate: 0.000037
epoch: 90 train_epoch_loss: 0.059386 learn_rate: 0.000037
epoch: 91 train_epoch_loss: 0.059355 learn_rate: 0.000037
epoch: 92 train_epoch_loss: 0.059323 learn_rate: 0.000037
epoch: 93 train_epoch_loss: 0.059289 learn_rate: 0.000037
epoch: 94 train_epoch_loss: 0.059230 learn_rate: 0.000037
epoch: 95 train_epoch_loss: 0.059244 learn_rate: 0.000037
epoch: 96 train_epoch_loss: 0.059232 learn_rate: 0.000037
epoch: 97 train_epoch_loss: 0.059197 learn_rate: 0.000012
epoch: 98 train_epoch_loss: 0.059133 learn_rate: 0.000012
epoch: 99 train_epoch_loss: 0.059113 learn_rate: 0.000012
epoch: 100 train_epoch_loss: 0.059111 learn_rate: 0.000012
epoch: 101 train_epoch_loss: 0.059079 learn_rate: 0.000012
epoch: 102 train_epoch_loss: 0.059096 learn_rate: 0.000012
epoch: 103 train_epoch_loss: 0.059081 learn_rate: 0.000012
epoch: 104 train_epoch_loss: 0.059080 learn_rate: 0.000004
epoch: 105 train_epoch_loss: 0.059092 learn_rate: 0.000004
epoch: 106 train_epoch_loss: 0.059101 learn_rate: 0.000001
epoch: 107 train_epoch_loss: 0.059107 learn_rate: 0.000001
epoch: 108 train_epoch_loss: 0.059090 learn_rate: 0.000000
epoch: 109 train_epoch_loss: 0.059078 learn_rate: 0.000000
epoch: 110 train_epoch_loss: 0.059087 learn_rate: 0.000000
epoch: 111 train_epoch_loss: 0.059082 learn_rate: 0.000000
