Wed Apr  5 22:04:36 2023
data_dict: {'mean': array([54.74614, 60.76062, 66.43544, 72.37372, 75.61715, 76.42235,
       83.56448, 69.36118], dtype=float32), 'std': array([2.9566698, 4.7724013, 6.615552 , 8.451785 , 9.619562 , 6.956944 ,
       7.178286 , 5.799544 ], dtype=float32), 'classWeights': array([1.4609852, 6.042391 , 7.772597 ], dtype=float32), 'img_shape': (256, 256, 8)}
epoch: 1 train_epoch_loss: 0.198885 learn_rate: 0.001000
epoch: 2 train_epoch_loss: 0.168205 learn_rate: 0.001000
epoch: 3 train_epoch_loss: 0.131297 learn_rate: 0.001000
epoch: 4 train_epoch_loss: 0.095322 learn_rate: 0.001000
epoch: 5 train_epoch_loss: 0.091098 learn_rate: 0.001000
epoch: 6 train_epoch_loss: 0.089462 learn_rate: 0.001000
epoch: 7 train_epoch_loss: 0.088045 learn_rate: 0.001000
epoch: 8 train_epoch_loss: 0.086661 learn_rate: 0.001000
epoch: 9 train_epoch_loss: 0.084858 learn_rate: 0.001000
epoch: 10 train_epoch_loss: 0.082819 learn_rate: 0.001000
epoch: 11 train_epoch_loss: 0.079933 learn_rate: 0.001000
epoch: 12 train_epoch_loss: 0.077292 learn_rate: 0.001000
epoch: 13 train_epoch_loss: 0.075464 learn_rate: 0.001000
epoch: 14 train_epoch_loss: 0.074863 learn_rate: 0.001000
epoch: 15 train_epoch_loss: 0.073609 learn_rate: 0.001000
epoch: 16 train_epoch_loss: 0.072138 learn_rate: 0.001000
epoch: 17 train_epoch_loss: 0.069109 learn_rate: 0.001000
epoch: 18 train_epoch_loss: 0.067901 learn_rate: 0.001000
epoch: 19 train_epoch_loss: 0.066497 learn_rate: 0.001000
epoch: 20 train_epoch_loss: 0.067153 learn_rate: 0.001000
epoch: 21 train_epoch_loss: 0.066230 learn_rate: 0.001000
epoch: 22 train_epoch_loss: 0.065942 learn_rate: 0.001000
epoch: 23 train_epoch_loss: 0.064968 learn_rate: 0.001000
epoch: 24 train_epoch_loss: 0.064274 learn_rate: 0.001000
epoch: 25 train_epoch_loss: 0.064318 learn_rate: 0.001000
epoch: 26 train_epoch_loss: 0.064136 learn_rate: 0.001000
epoch: 27 train_epoch_loss: 0.064596 learn_rate: 0.001000
epoch: 28 train_epoch_loss: 0.063445 learn_rate: 0.001000
epoch: 29 train_epoch_loss: 0.063487 learn_rate: 0.001000
epoch: 30 train_epoch_loss: 0.063415 learn_rate: 0.001000
epoch: 31 train_epoch_loss: 0.063547 learn_rate: 0.001000
epoch: 32 train_epoch_loss: 0.062555 learn_rate: 0.001000
epoch: 33 train_epoch_loss: 0.062643 learn_rate: 0.001000
epoch: 34 train_epoch_loss: 0.062376 learn_rate: 0.001000
epoch: 35 train_epoch_loss: 0.061788 learn_rate: 0.001000
epoch: 36 train_epoch_loss: 0.061767 learn_rate: 0.001000
epoch: 37 train_epoch_loss: 0.061616 learn_rate: 0.001000
epoch: 38 train_epoch_loss: 0.061792 learn_rate: 0.001000
epoch: 39 train_epoch_loss: 0.061687 learn_rate: 0.001000
epoch: 40 train_epoch_loss: 0.061137 learn_rate: 0.000333
epoch: 41 train_epoch_loss: 0.060989 learn_rate: 0.000333
epoch: 42 train_epoch_loss: 0.060836 learn_rate: 0.000333
epoch: 43 train_epoch_loss: 0.060791 learn_rate: 0.000333
epoch: 44 train_epoch_loss: 0.060648 learn_rate: 0.000333
epoch: 45 train_epoch_loss: 0.060530 learn_rate: 0.000333
epoch: 46 train_epoch_loss: 0.060415 learn_rate: 0.000333
epoch: 47 train_epoch_loss: 0.060345 learn_rate: 0.000333
epoch: 48 train_epoch_loss: 0.060292 learn_rate: 0.000333
epoch: 49 train_epoch_loss: 0.060188 learn_rate: 0.000333
epoch: 50 train_epoch_loss: 0.060043 learn_rate: 0.000333
epoch: 51 train_epoch_loss: 0.060243 learn_rate: 0.000333
epoch: 52 train_epoch_loss: 0.059938 learn_rate: 0.000333
epoch: 53 train_epoch_loss: 0.059677 learn_rate: 0.000333
epoch: 54 train_epoch_loss: 0.059687 learn_rate: 0.000333
epoch: 55 train_epoch_loss: 0.059809 learn_rate: 0.000333
epoch: 56 train_epoch_loss: 0.059535 learn_rate: 0.000111
epoch: 57 train_epoch_loss: 0.059402 learn_rate: 0.000111
epoch: 58 train_epoch_loss: 0.059353 learn_rate: 0.000111
epoch: 59 train_epoch_loss: 0.059257 learn_rate: 0.000111
epoch: 60 train_epoch_loss: 0.059195 learn_rate: 0.000111
epoch: 61 train_epoch_loss: 0.059132 learn_rate: 0.000111
epoch: 62 train_epoch_loss: 0.059089 learn_rate: 0.000111
epoch: 63 train_epoch_loss: 0.059032 learn_rate: 0.000111
epoch: 64 train_epoch_loss: 0.058982 learn_rate: 0.000111
epoch: 65 train_epoch_loss: 0.058909 learn_rate: 0.000111
epoch: 66 train_epoch_loss: 0.058853 learn_rate: 0.000111
epoch: 67 train_epoch_loss: 0.058809 learn_rate: 0.000111
epoch: 68 train_epoch_loss: 0.058729 learn_rate: 0.000111
epoch: 69 train_epoch_loss: 0.058715 learn_rate: 0.000111
epoch: 70 train_epoch_loss: 0.058646 learn_rate: 0.000111
epoch: 71 train_epoch_loss: 0.058576 learn_rate: 0.000111
epoch: 72 train_epoch_loss: 0.058519 learn_rate: 0.000111
epoch: 73 train_epoch_loss: 0.058457 learn_rate: 0.000111
epoch: 74 train_epoch_loss: 0.058375 learn_rate: 0.000111
epoch: 75 train_epoch_loss: 0.058335 learn_rate: 0.000111
epoch: 76 train_epoch_loss: 0.058316 learn_rate: 0.000111
epoch: 77 train_epoch_loss: 0.058370 learn_rate: 0.000111
epoch: 78 train_epoch_loss: 0.058248 learn_rate: 0.000111
epoch: 79 train_epoch_loss: 0.058197 learn_rate: 0.000111
epoch: 80 train_epoch_loss: 0.058102 learn_rate: 0.000111
epoch: 81 train_epoch_loss: 0.058096 learn_rate: 0.000111
epoch: 82 train_epoch_loss: 0.058013 learn_rate: 0.000111
epoch: 83 train_epoch_loss: 0.057950 learn_rate: 0.000111
epoch: 84 train_epoch_loss: 0.057916 learn_rate: 0.000111
epoch: 85 train_epoch_loss: 0.057848 learn_rate: 0.000111
epoch: 86 train_epoch_loss: 0.057841 learn_rate: 0.000111
epoch: 87 train_epoch_loss: 0.057776 learn_rate: 0.000111
epoch: 88 train_epoch_loss: 0.057698 learn_rate: 0.000111
epoch: 89 train_epoch_loss: 0.057663 learn_rate: 0.000111
epoch: 90 train_epoch_loss: 0.057568 learn_rate: 0.000111
epoch: 91 train_epoch_loss: 0.057521 learn_rate: 0.000111
epoch: 92 train_epoch_loss: 0.057484 learn_rate: 0.000111
epoch: 93 train_epoch_loss: 0.057448 learn_rate: 0.000111
epoch: 94 train_epoch_loss: 0.057403 learn_rate: 0.000111
epoch: 95 train_epoch_loss: 0.057309 learn_rate: 0.000111
epoch: 96 train_epoch_loss: 0.057301 learn_rate: 0.000111
epoch: 97 train_epoch_loss: 0.057240 learn_rate: 0.000111
epoch: 98 train_epoch_loss: 0.057187 learn_rate: 0.000111
epoch: 99 train_epoch_loss: 0.057139 learn_rate: 0.000111
epoch: 100 train_epoch_loss: 0.057013 learn_rate: 0.000111
epoch: 101 train_epoch_loss: 0.056991 learn_rate: 0.000111
epoch: 102 train_epoch_loss: 0.056976 learn_rate: 0.000111
epoch: 103 train_epoch_loss: 0.056946 learn_rate: 0.000111
epoch: 104 train_epoch_loss: 0.056884 learn_rate: 0.000111
epoch: 105 train_epoch_loss: 0.056840 learn_rate: 0.000111
epoch: 106 train_epoch_loss: 0.056851 learn_rate: 0.000111
epoch: 107 train_epoch_loss: 0.056832 learn_rate: 0.000111
epoch: 108 train_epoch_loss: 0.056733 learn_rate: 0.000111
epoch: 109 train_epoch_loss: 0.056659 learn_rate: 0.000111
epoch: 110 train_epoch_loss: 0.056610 learn_rate: 0.000111
epoch: 111 train_epoch_loss: 0.056572 learn_rate: 0.000111
epoch: 112 train_epoch_loss: 0.056557 learn_rate: 0.000111
epoch: 113 train_epoch_loss: 0.056577 learn_rate: 0.000111
epoch: 114 train_epoch_loss: 0.056572 learn_rate: 0.000111
epoch: 115 train_epoch_loss: 0.056471 learn_rate: 0.000037
epoch: 116 train_epoch_loss: 0.056399 learn_rate: 0.000037
epoch: 117 train_epoch_loss: 0.056340 learn_rate: 0.000037
epoch: 118 train_epoch_loss: 0.056329 learn_rate: 0.000037
epoch: 119 train_epoch_loss: 0.056313 learn_rate: 0.000037
epoch: 120 train_epoch_loss: 0.056291 learn_rate: 0.000037
epoch: 121 train_epoch_loss: 0.056284 learn_rate: 0.000037
epoch: 122 train_epoch_loss: 0.056255 learn_rate: 0.000037
epoch: 123 train_epoch_loss: 0.056235 learn_rate: 0.000037
epoch: 124 train_epoch_loss: 0.056222 learn_rate: 0.000037
epoch: 125 train_epoch_loss: 0.056222 learn_rate: 0.000037
epoch: 126 train_epoch_loss: 0.056192 learn_rate: 0.000037
epoch: 127 train_epoch_loss: 0.056178 learn_rate: 0.000037
epoch: 128 train_epoch_loss: 0.056145 learn_rate: 0.000037
epoch: 129 train_epoch_loss: 0.056130 learn_rate: 0.000037
epoch: 130 train_epoch_loss: 0.056147 learn_rate: 0.000037
epoch: 131 train_epoch_loss: 0.056121 learn_rate: 0.000037
epoch: 132 train_epoch_loss: 0.056117 learn_rate: 0.000037
epoch: 133 train_epoch_loss: 0.056100 learn_rate: 0.000037
epoch: 134 train_epoch_loss: 0.056084 learn_rate: 0.000037
epoch: 135 train_epoch_loss: 0.056062 learn_rate: 0.000037
epoch: 136 train_epoch_loss: 0.056058 learn_rate: 0.000037
epoch: 137 train_epoch_loss: 0.056044 learn_rate: 0.000037
epoch: 138 train_epoch_loss: 0.056044 learn_rate: 0.000037
epoch: 139 train_epoch_loss: 0.056027 learn_rate: 0.000037
epoch: 140 train_epoch_loss: 0.056009 learn_rate: 0.000037
epoch: 141 train_epoch_loss: 0.056010 learn_rate: 0.000037
epoch: 142 train_epoch_loss: 0.055982 learn_rate: 0.000037
epoch: 143 train_epoch_loss: 0.055939 learn_rate: 0.000037
epoch: 144 train_epoch_loss: 0.055946 learn_rate: 0.000037
epoch: 145 train_epoch_loss: 0.055926 learn_rate: 0.000037
epoch: 146 train_epoch_loss: 0.055935 learn_rate: 0.000037
epoch: 147 train_epoch_loss: 0.055909 learn_rate: 0.000037
epoch: 148 train_epoch_loss: 0.055903 learn_rate: 0.000037
epoch: 149 train_epoch_loss: 0.055903 learn_rate: 0.000037
epoch: 150 train_epoch_loss: 0.055887 learn_rate: 0.000037
epoch: 151 train_epoch_loss: 0.055859 learn_rate: 0.000037
epoch: 152 train_epoch_loss: 0.055839 learn_rate: 0.000037
epoch: 153 train_epoch_loss: 0.055824 learn_rate: 0.000037
epoch: 154 train_epoch_loss: 0.055818 learn_rate: 0.000037
epoch: 155 train_epoch_loss: 0.055786 learn_rate: 0.000037
epoch: 156 train_epoch_loss: 0.055791 learn_rate: 0.000037
epoch: 157 train_epoch_loss: 0.055776 learn_rate: 0.000037
epoch: 158 train_epoch_loss: 0.055757 learn_rate: 0.000037
epoch: 159 train_epoch_loss: 0.055754 learn_rate: 0.000037
epoch: 160 train_epoch_loss: 0.055727 learn_rate: 0.000037
epoch: 161 train_epoch_loss: 0.055718 learn_rate: 0.000037
epoch: 162 train_epoch_loss: 0.055692 learn_rate: 0.000037
epoch: 163 train_epoch_loss: 0.055724 learn_rate: 0.000037
epoch: 164 train_epoch_loss: 0.055743 learn_rate: 0.000037
epoch: 165 train_epoch_loss: 0.055670 learn_rate: 0.000012
epoch: 166 train_epoch_loss: 0.055628 learn_rate: 0.000012
epoch: 167 train_epoch_loss: 0.055651 learn_rate: 0.000012
epoch: 168 train_epoch_loss: 0.055637 learn_rate: 0.000012
epoch: 169 train_epoch_loss: 0.055645 learn_rate: 0.000004
epoch: 170 train_epoch_loss: 0.055631 learn_rate: 0.000004
epoch: 171 train_epoch_loss: 0.055637 learn_rate: 0.000001
epoch: 172 train_epoch_loss: 0.055638 learn_rate: 0.000001
epoch: 173 train_epoch_loss: 0.055644 learn_rate: 0.000000
epoch: 174 train_epoch_loss: 0.055621 learn_rate: 0.000000
epoch: 175 train_epoch_loss: 0.055639 learn_rate: 0.000000
epoch: 176 train_epoch_loss: 0.055634 learn_rate: 0.000000
