Wed Apr  5 23:54:26 2023
data_dict: {'mean': array([57.666286, 65.0704  , 67.21603 , 72.83689 , 75.80717 , 77.02595 ,
       83.42223 , 69.77799 ], dtype=float32), 'std': array([2.9137645, 5.1338882, 5.7131057, 7.6103134, 8.49818  , 6.257692 ,
       6.855646 , 5.540731 ], dtype=float32), 'classWeights': array([1.4606304, 5.980229 , 7.900221 ], dtype=float32), 'img_shape': (256, 256, 8)}
epoch: 1 train_epoch_loss: 0.190502 learn_rate: 0.000900
epoch: 2 train_epoch_loss: 0.133632 learn_rate: 0.000900
epoch: 3 train_epoch_loss: 0.122354 learn_rate: 0.000900
epoch: 4 train_epoch_loss: 0.104881 learn_rate: 0.000900
epoch: 5 train_epoch_loss: 0.092639 learn_rate: 0.000900
epoch: 6 train_epoch_loss: 0.090128 learn_rate: 0.000900
epoch: 7 train_epoch_loss: 0.089265 learn_rate: 0.000900
epoch: 8 train_epoch_loss: 0.087031 learn_rate: 0.000900
epoch: 9 train_epoch_loss: 0.085124 learn_rate: 0.000900
epoch: 10 train_epoch_loss: 0.084668 learn_rate: 0.000900
epoch: 11 train_epoch_loss: 0.082545 learn_rate: 0.000900
epoch: 12 train_epoch_loss: 0.091339 learn_rate: 0.000900
epoch: 13 train_epoch_loss: 0.087426 learn_rate: 0.000900
epoch: 14 train_epoch_loss: 0.081766 learn_rate: 0.000300
epoch: 15 train_epoch_loss: 0.079322 learn_rate: 0.000300
epoch: 16 train_epoch_loss: 0.078910 learn_rate: 0.000300
epoch: 17 train_epoch_loss: 0.077646 learn_rate: 0.000300
epoch: 18 train_epoch_loss: 0.076356 learn_rate: 0.000300
epoch: 19 train_epoch_loss: 0.075342 learn_rate: 0.000300
epoch: 20 train_epoch_loss: 0.075917 learn_rate: 0.000300
epoch: 21 train_epoch_loss: 0.076438 learn_rate: 0.000300
epoch: 22 train_epoch_loss: 0.074326 learn_rate: 0.000100
epoch: 23 train_epoch_loss: 0.073419 learn_rate: 0.000100
epoch: 24 train_epoch_loss: 0.072657 learn_rate: 0.000100
epoch: 25 train_epoch_loss: 0.071940 learn_rate: 0.000100
epoch: 26 train_epoch_loss: 0.071055 learn_rate: 0.000100
epoch: 27 train_epoch_loss: 0.070140 learn_rate: 0.000100
epoch: 28 train_epoch_loss: 0.071101 learn_rate: 0.000100
epoch: 29 train_epoch_loss: 0.070507 learn_rate: 0.000100
epoch: 30 train_epoch_loss: 0.069855 learn_rate: 0.000033
epoch: 31 train_epoch_loss: 0.069502 learn_rate: 0.000033
epoch: 32 train_epoch_loss: 0.069282 learn_rate: 0.000033
epoch: 33 train_epoch_loss: 0.069315 learn_rate: 0.000033
epoch: 34 train_epoch_loss: 0.069102 learn_rate: 0.000033
epoch: 35 train_epoch_loss: 0.068917 learn_rate: 0.000033
epoch: 36 train_epoch_loss: 0.068837 learn_rate: 0.000033
epoch: 37 train_epoch_loss: 0.068832 learn_rate: 0.000033
epoch: 38 train_epoch_loss: 0.068699 learn_rate: 0.000033
epoch: 39 train_epoch_loss: 0.068585 learn_rate: 0.000033
epoch: 40 train_epoch_loss: 0.068401 learn_rate: 0.000033
epoch: 41 train_epoch_loss: 0.068556 learn_rate: 0.000033
epoch: 42 train_epoch_loss: 0.068242 learn_rate: 0.000033
epoch: 43 train_epoch_loss: 0.068029 learn_rate: 0.000033
epoch: 44 train_epoch_loss: 0.068031 learn_rate: 0.000033
epoch: 45 train_epoch_loss: 0.067845 learn_rate: 0.000033
epoch: 46 train_epoch_loss: 0.067932 learn_rate: 0.000033
epoch: 47 train_epoch_loss: 0.067656 learn_rate: 0.000033
epoch: 48 train_epoch_loss: 0.067568 learn_rate: 0.000033
epoch: 49 train_epoch_loss: 0.067399 learn_rate: 0.000033
epoch: 50 train_epoch_loss: 0.067244 learn_rate: 0.000033
epoch: 51 train_epoch_loss: 0.067205 learn_rate: 0.000033
epoch: 52 train_epoch_loss: 0.067029 learn_rate: 0.000033
epoch: 53 train_epoch_loss: 0.066982 learn_rate: 0.000033
epoch: 54 train_epoch_loss: 0.067007 learn_rate: 0.000033
epoch: 55 train_epoch_loss: 0.066998 learn_rate: 0.000033
epoch: 56 train_epoch_loss: 0.066744 learn_rate: 0.000011
epoch: 57 train_epoch_loss: 0.066634 learn_rate: 0.000011
epoch: 58 train_epoch_loss: 0.066540 learn_rate: 0.000011
epoch: 59 train_epoch_loss: 0.066495 learn_rate: 0.000011
epoch: 60 train_epoch_loss: 0.066427 learn_rate: 0.000011
epoch: 61 train_epoch_loss: 0.066434 learn_rate: 0.000011
epoch: 62 train_epoch_loss: 0.066350 learn_rate: 0.000011
epoch: 63 train_epoch_loss: 0.066348 learn_rate: 0.000011
epoch: 64 train_epoch_loss: 0.066254 learn_rate: 0.000011
epoch: 65 train_epoch_loss: 0.066198 learn_rate: 0.000011
epoch: 66 train_epoch_loss: 0.066142 learn_rate: 0.000011
epoch: 67 train_epoch_loss: 0.066095 learn_rate: 0.000011
epoch: 68 train_epoch_loss: 0.066025 learn_rate: 0.000011
epoch: 69 train_epoch_loss: 0.065970 learn_rate: 0.000011
epoch: 70 train_epoch_loss: 0.065900 learn_rate: 0.000011
epoch: 71 train_epoch_loss: 0.065896 learn_rate: 0.000011
epoch: 72 train_epoch_loss: 0.065896 learn_rate: 0.000011
epoch: 73 train_epoch_loss: 0.065749 learn_rate: 0.000011
epoch: 74 train_epoch_loss: 0.065682 learn_rate: 0.000011
epoch: 75 train_epoch_loss: 0.065682 learn_rate: 0.000011
epoch: 76 train_epoch_loss: 0.065663 learn_rate: 0.000011
epoch: 77 train_epoch_loss: 0.065547 learn_rate: 0.000011
epoch: 78 train_epoch_loss: 0.065510 learn_rate: 0.000011
epoch: 79 train_epoch_loss: 0.065476 learn_rate: 0.000011
epoch: 80 train_epoch_loss: 0.065427 learn_rate: 0.000011
epoch: 81 train_epoch_loss: 0.065363 learn_rate: 0.000011
epoch: 82 train_epoch_loss: 0.065303 learn_rate: 0.000011
epoch: 83 train_epoch_loss: 0.065274 learn_rate: 0.000011
epoch: 84 train_epoch_loss: 0.065279 learn_rate: 0.000011
epoch: 85 train_epoch_loss: 0.065193 learn_rate: 0.000011
epoch: 86 train_epoch_loss: 0.065121 learn_rate: 0.000011
epoch: 87 train_epoch_loss: 0.065058 learn_rate: 0.000011
epoch: 88 train_epoch_loss: 0.065058 learn_rate: 0.000011
epoch: 89 train_epoch_loss: 0.065018 learn_rate: 0.000011
epoch: 90 train_epoch_loss: 0.064955 learn_rate: 0.000011
epoch: 91 train_epoch_loss: 0.064966 learn_rate: 0.000011
epoch: 92 train_epoch_loss: 0.064906 learn_rate: 0.000011
epoch: 93 train_epoch_loss: 0.064826 learn_rate: 0.000011
epoch: 94 train_epoch_loss: 0.064838 learn_rate: 0.000011
epoch: 95 train_epoch_loss: 0.064827 learn_rate: 0.000011
epoch: 96 train_epoch_loss: 0.064745 learn_rate: 0.000004
epoch: 97 train_epoch_loss: 0.064707 learn_rate: 0.000004
epoch: 98 train_epoch_loss: 0.064681 learn_rate: 0.000004
epoch: 99 train_epoch_loss: 0.064650 learn_rate: 0.000004
epoch: 100 train_epoch_loss: 0.064619 learn_rate: 0.000004
epoch: 101 train_epoch_loss: 0.064659 learn_rate: 0.000004
epoch: 102 train_epoch_loss: 0.064607 learn_rate: 0.000004
epoch: 103 train_epoch_loss: 0.064612 learn_rate: 0.000004
epoch: 104 train_epoch_loss: 0.064574 learn_rate: 0.000004
epoch: 105 train_epoch_loss: 0.064547 learn_rate: 0.000004
epoch: 106 train_epoch_loss: 0.064526 learn_rate: 0.000004
epoch: 107 train_epoch_loss: 0.064562 learn_rate: 0.000004
epoch: 108 train_epoch_loss: 0.064537 learn_rate: 0.000004
epoch: 109 train_epoch_loss: 0.064511 learn_rate: 0.000001
epoch: 110 train_epoch_loss: 0.064494 learn_rate: 0.000001
epoch: 111 train_epoch_loss: 0.064463 learn_rate: 0.000001
epoch: 112 train_epoch_loss: 0.064504 learn_rate: 0.000001
epoch: 113 train_epoch_loss: 0.064495 learn_rate: 0.000001
epoch: 114 train_epoch_loss: 0.064480 learn_rate: 0.000000
epoch: 115 train_epoch_loss: 0.064476 learn_rate: 0.000000
