Sat Apr  1 15:27:56 2023
data_dict: {'mean': array([54.91771 , 60.847916, 66.45697 , 72.22472 , 75.50061 , 76.240654,
       83.38693 , 69.24539 ], dtype=float32), 'std': array([3.0159483, 4.7548165, 6.612429 , 8.405171 , 9.58276  , 6.9685693,
       7.1858344, 5.808743 ], dtype=float32), 'classWeights': array([1.4684427, 5.952743 , 7.569361 ], dtype=float32), 'img_shape': (256, 256, 8)}
epoch: 1 train_epoch_loss: 0.220072 learn_rate: 0.000500
epoch: 2 train_epoch_loss: 0.135386 learn_rate: 0.000500
epoch: 3 train_epoch_loss: 0.107021 learn_rate: 0.000500
epoch: 4 train_epoch_loss: 0.099372 learn_rate: 0.000500
epoch: 5 train_epoch_loss: 0.096703 learn_rate: 0.000500
epoch: 6 train_epoch_loss: 0.095757 learn_rate: 0.000500
epoch: 7 train_epoch_loss: 0.094840 learn_rate: 0.000500
epoch: 8 train_epoch_loss: 0.094094 learn_rate: 0.000500
epoch: 9 train_epoch_loss: 0.092830 learn_rate: 0.000500
epoch: 10 train_epoch_loss: 0.090679 learn_rate: 0.000500
epoch: 11 train_epoch_loss: 0.089040 learn_rate: 0.000500
epoch: 12 train_epoch_loss: 0.085308 learn_rate: 0.000500
epoch: 13 train_epoch_loss: 0.079154 learn_rate: 0.000500
epoch: 14 train_epoch_loss: 0.074239 learn_rate: 0.000500
epoch: 15 train_epoch_loss: 0.070939 learn_rate: 0.000500
epoch: 16 train_epoch_loss: 0.068864 learn_rate: 0.000500
epoch: 17 train_epoch_loss: 0.067751 learn_rate: 0.000500
epoch: 18 train_epoch_loss: 0.067063 learn_rate: 0.000500
epoch: 19 train_epoch_loss: 0.067491 learn_rate: 0.000500
epoch: 20 train_epoch_loss: 0.066345 learn_rate: 0.000500
epoch: 21 train_epoch_loss: 0.065771 learn_rate: 0.000500
epoch: 22 train_epoch_loss: 0.065178 learn_rate: 0.000500
epoch: 23 train_epoch_loss: 0.066507 learn_rate: 0.000500
epoch: 24 train_epoch_loss: 0.065329 learn_rate: 0.000500
epoch: 25 train_epoch_loss: 0.064909 learn_rate: 0.000167
epoch: 26 train_epoch_loss: 0.064454 learn_rate: 0.000167
epoch: 27 train_epoch_loss: 0.064367 learn_rate: 0.000167
epoch: 28 train_epoch_loss: 0.064199 learn_rate: 0.000167
epoch: 29 train_epoch_loss: 0.064320 learn_rate: 0.000167
epoch: 30 train_epoch_loss: 0.063971 learn_rate: 0.000167
epoch: 31 train_epoch_loss: 0.064194 learn_rate: 0.000167
epoch: 32 train_epoch_loss: 0.063999 learn_rate: 0.000167
epoch: 33 train_epoch_loss: 0.063839 learn_rate: 0.000056
epoch: 34 train_epoch_loss: 0.063758 learn_rate: 0.000056
epoch: 35 train_epoch_loss: 0.063742 learn_rate: 0.000056
epoch: 36 train_epoch_loss: 0.063664 learn_rate: 0.000056
epoch: 37 train_epoch_loss: 0.063643 learn_rate: 0.000056
epoch: 38 train_epoch_loss: 0.063665 learn_rate: 0.000056
epoch: 39 train_epoch_loss: 0.063603 learn_rate: 0.000056
epoch: 40 train_epoch_loss: 0.063545 learn_rate: 0.000056
epoch: 41 train_epoch_loss: 0.063480 learn_rate: 0.000056
epoch: 42 train_epoch_loss: 0.063502 learn_rate: 0.000056
epoch: 43 train_epoch_loss: 0.063491 learn_rate: 0.000056
epoch: 44 train_epoch_loss: 0.063404 learn_rate: 0.000019
epoch: 45 train_epoch_loss: 0.063399 learn_rate: 0.000019
epoch: 46 train_epoch_loss: 0.063362 learn_rate: 0.000019
epoch: 47 train_epoch_loss: 0.063351 learn_rate: 0.000019
epoch: 48 train_epoch_loss: 0.063347 learn_rate: 0.000019
epoch: 49 train_epoch_loss: 0.063330 learn_rate: 0.000019
epoch: 50 train_epoch_loss: 0.063324 learn_rate: 0.000019
epoch: 51 train_epoch_loss: 0.063317 learn_rate: 0.000019
epoch: 52 train_epoch_loss: 0.063284 learn_rate: 0.000019
epoch: 53 train_epoch_loss: 0.063265 learn_rate: 0.000019
epoch: 54 train_epoch_loss: 0.063243 learn_rate: 0.000019
epoch: 55 train_epoch_loss: 0.063223 learn_rate: 0.000019
epoch: 56 train_epoch_loss: 0.063175 learn_rate: 0.000019
epoch: 57 train_epoch_loss: 0.063167 learn_rate: 0.000019
epoch: 58 train_epoch_loss: 0.063174 learn_rate: 0.000019
epoch: 59 train_epoch_loss: 0.063188 learn_rate: 0.000019
epoch: 60 train_epoch_loss: 0.063183 learn_rate: 0.000006
epoch: 61 train_epoch_loss: 0.063151 learn_rate: 0.000006
epoch: 62 train_epoch_loss: 0.063175 learn_rate: 0.000006
epoch: 63 train_epoch_loss: 0.063158 learn_rate: 0.000006
epoch: 64 train_epoch_loss: 0.063137 learn_rate: 0.000002
epoch: 65 train_epoch_loss: 0.063131 learn_rate: 0.000002
epoch: 66 train_epoch_loss: 0.063173 learn_rate: 0.000002
epoch: 67 train_epoch_loss: 0.063131 learn_rate: 0.000002
epoch: 68 train_epoch_loss: 0.063112 learn_rate: 0.000002
epoch: 69 train_epoch_loss: 0.063120 learn_rate: 0.000002
epoch: 70 train_epoch_loss: 0.063135 learn_rate: 0.000002
epoch: 71 train_epoch_loss: 0.063146 learn_rate: 0.000001
epoch: 72 train_epoch_loss: 0.063122 learn_rate: 0.000001
