Sat Apr  1 14:32:40 2023
data_dict: {'mean': array([52.494503, 58.037212, 63.901188, 69.999794, 72.81345 , 74.46716 ,
       81.75927 , 67.59435 ], dtype=float32), 'std': array([ 3.4899554,  5.612619 ,  7.836796 , 10.009244 , 11.379697 ,
        8.558606 ,  9.1269865,  7.4585433], dtype=float32), 'classWeights': array([1.4731659, 5.736783 , 7.7334805], dtype=float32), 'img_shape': (256, 256, 8)}
epoch: 1 train_epoch_loss: 0.182545 learn_rate: 0.001000
epoch: 2 train_epoch_loss: 0.101143 learn_rate: 0.001000
epoch: 3 train_epoch_loss: 0.093970 learn_rate: 0.001000
epoch: 4 train_epoch_loss: 0.089820 learn_rate: 0.001000
epoch: 5 train_epoch_loss: 0.087922 learn_rate: 0.001000
epoch: 6 train_epoch_loss: 0.088269 learn_rate: 0.001000
epoch: 7 train_epoch_loss: 0.085141 learn_rate: 0.001000
epoch: 8 train_epoch_loss: 0.082340 learn_rate: 0.001000
epoch: 9 train_epoch_loss: 0.076847 learn_rate: 0.001000
epoch: 10 train_epoch_loss: 0.078843 learn_rate: 0.001000
epoch: 11 train_epoch_loss: 0.071144 learn_rate: 0.001000
epoch: 12 train_epoch_loss: 0.069490 learn_rate: 0.001000
epoch: 13 train_epoch_loss: 0.067889 learn_rate: 0.001000
epoch: 14 train_epoch_loss: 0.066815 learn_rate: 0.001000
epoch: 15 train_epoch_loss: 0.065410 learn_rate: 0.001000
epoch: 16 train_epoch_loss: 0.065518 learn_rate: 0.001000
epoch: 17 train_epoch_loss: 0.064137 learn_rate: 0.001000
epoch: 18 train_epoch_loss: 0.065503 learn_rate: 0.001000
epoch: 19 train_epoch_loss: 0.063670 learn_rate: 0.001000
epoch: 20 train_epoch_loss: 0.062941 learn_rate: 0.001000
epoch: 21 train_epoch_loss: 0.062785 learn_rate: 0.001000
epoch: 22 train_epoch_loss: 0.062590 learn_rate: 0.001000
epoch: 23 train_epoch_loss: 0.062397 learn_rate: 0.001000
epoch: 24 train_epoch_loss: 0.062191 learn_rate: 0.001000
epoch: 25 train_epoch_loss: 0.062143 learn_rate: 0.001000
epoch: 26 train_epoch_loss: 0.061899 learn_rate: 0.001000
epoch: 27 train_epoch_loss: 0.061878 learn_rate: 0.001000
epoch: 28 train_epoch_loss: 0.061734 learn_rate: 0.001000
epoch: 29 train_epoch_loss: 0.061620 learn_rate: 0.001000
epoch: 30 train_epoch_loss: 0.061499 learn_rate: 0.001000
epoch: 31 train_epoch_loss: 0.061217 learn_rate: 0.001000
epoch: 32 train_epoch_loss: 0.061480 learn_rate: 0.001000
epoch: 33 train_epoch_loss: 0.061035 learn_rate: 0.001000
epoch: 34 train_epoch_loss: 0.061818 learn_rate: 0.001000
epoch: 35 train_epoch_loss: 0.061138 learn_rate: 0.001000
epoch: 36 train_epoch_loss: 0.060718 learn_rate: 0.000333
epoch: 37 train_epoch_loss: 0.060308 learn_rate: 0.000333
epoch: 38 train_epoch_loss: 0.060476 learn_rate: 0.000333
epoch: 39 train_epoch_loss: 0.060284 learn_rate: 0.000333
epoch: 40 train_epoch_loss: 0.060211 learn_rate: 0.000333
epoch: 41 train_epoch_loss: 0.060177 learn_rate: 0.000333
epoch: 42 train_epoch_loss: 0.060213 learn_rate: 0.000333
epoch: 43 train_epoch_loss: 0.060051 learn_rate: 0.000333
epoch: 44 train_epoch_loss: 0.059968 learn_rate: 0.000333
epoch: 45 train_epoch_loss: 0.059950 learn_rate: 0.000333
epoch: 46 train_epoch_loss: 0.059854 learn_rate: 0.000333
epoch: 47 train_epoch_loss: 0.059793 learn_rate: 0.000333
epoch: 48 train_epoch_loss: 0.059927 learn_rate: 0.000333
epoch: 49 train_epoch_loss: 0.059661 learn_rate: 0.000333
epoch: 50 train_epoch_loss: 0.059854 learn_rate: 0.000333
epoch: 51 train_epoch_loss: 0.059437 learn_rate: 0.000333
epoch: 52 train_epoch_loss: 0.059533 learn_rate: 0.000333
epoch: 53 train_epoch_loss: 0.059571 learn_rate: 0.000333
epoch: 54 train_epoch_loss: 0.059572 learn_rate: 0.000111
epoch: 55 train_epoch_loss: 0.059389 learn_rate: 0.000111
epoch: 56 train_epoch_loss: 0.059421 learn_rate: 0.000111
epoch: 57 train_epoch_loss: 0.059420 learn_rate: 0.000111
epoch: 58 train_epoch_loss: 0.059330 learn_rate: 0.000037
epoch: 59 train_epoch_loss: 0.059335 learn_rate: 0.000037
epoch: 60 train_epoch_loss: 0.059356 learn_rate: 0.000037
epoch: 61 train_epoch_loss: 0.059354 learn_rate: 0.000012
epoch: 62 train_epoch_loss: 0.059317 learn_rate: 0.000012
epoch: 63 train_epoch_loss: 0.059333 learn_rate: 0.000012
epoch: 64 train_epoch_loss: 0.059348 learn_rate: 0.000012
epoch: 65 train_epoch_loss: 0.059404 learn_rate: 0.000004
epoch: 66 train_epoch_loss: 0.059328 learn_rate: 0.000004
epoch: 67 train_epoch_loss: 0.059381 learn_rate: 0.000001
epoch: 68 train_epoch_loss: 0.059322 learn_rate: 0.000001
epoch: 69 train_epoch_loss: 0.059348 learn_rate: 0.000000
epoch: 70 train_epoch_loss: 0.059339 learn_rate: 0.000000
