Fri Apr  7 18:01:13 2023
data_dict: {'mean': array([54.888985, 61.163834, 65.920006, 71.819565, 74.79899 , 75.977554,
       82.9887  , 68.92138 ], dtype=float32), 'std': array([3.1087246, 5.078441 , 6.614935 , 8.5443   , 9.641554 , 7.086605 ,
       7.502511 , 6.027805 ], dtype=float32), 'classWeights': array([1.4652137, 5.978794 , 7.676482 ], dtype=float32), 'img_shape': (256, 256, 8)}
epoch: 1 train_epoch_loss: 0.137422 learn_rate: 0.001000
epoch: 2 train_epoch_loss: 0.092873 learn_rate: 0.001000
epoch: 3 train_epoch_loss: 0.089955 learn_rate: 0.001000
epoch: 4 train_epoch_loss: 0.086150 learn_rate: 0.001000
epoch: 5 train_epoch_loss: 0.077579 learn_rate: 0.001000
epoch: 6 train_epoch_loss: 0.070169 learn_rate: 0.001000
epoch: 7 train_epoch_loss: 0.069318 learn_rate: 0.001000
epoch: 8 train_epoch_loss: 0.066843 learn_rate: 0.001000
epoch: 9 train_epoch_loss: 0.065947 learn_rate: 0.001000
epoch: 10 train_epoch_loss: 0.064960 learn_rate: 0.001000
epoch: 11 train_epoch_loss: 0.063990 learn_rate: 0.001000
epoch: 12 train_epoch_loss: 0.062893 learn_rate: 0.001000
epoch: 13 train_epoch_loss: 0.062630 learn_rate: 0.001000
epoch: 14 train_epoch_loss: 0.062245 learn_rate: 0.001000
epoch: 15 train_epoch_loss: 0.061203 learn_rate: 0.001000
epoch: 16 train_epoch_loss: 0.061794 learn_rate: 0.001000
epoch: 17 train_epoch_loss: 0.060951 learn_rate: 0.001000
epoch: 18 train_epoch_loss: 0.060552 learn_rate: 0.001000
epoch: 19 train_epoch_loss: 0.060579 learn_rate: 0.001000
epoch: 20 train_epoch_loss: 0.060189 learn_rate: 0.001000
epoch: 21 train_epoch_loss: 0.060009 learn_rate: 0.001000
epoch: 22 train_epoch_loss: 0.059250 learn_rate: 0.001000
epoch: 23 train_epoch_loss: 0.058872 learn_rate: 0.001000
epoch: 24 train_epoch_loss: 0.058584 learn_rate: 0.001000
epoch: 25 train_epoch_loss: 0.058375 learn_rate: 0.001000
epoch: 26 train_epoch_loss: 0.058514 learn_rate: 0.001000
epoch: 27 train_epoch_loss: 0.059986 learn_rate: 0.001000
epoch: 28 train_epoch_loss: 0.057946 learn_rate: 0.000333
epoch: 29 train_epoch_loss: 0.057825 learn_rate: 0.000333
epoch: 30 train_epoch_loss: 0.057745 learn_rate: 0.000333
epoch: 31 train_epoch_loss: 0.057659 learn_rate: 0.000333
epoch: 32 train_epoch_loss: 0.057558 learn_rate: 0.000333
epoch: 33 train_epoch_loss: 0.057511 learn_rate: 0.000333
epoch: 34 train_epoch_loss: 0.057384 learn_rate: 0.000333
epoch: 35 train_epoch_loss: 0.057354 learn_rate: 0.000333
epoch: 36 train_epoch_loss: 0.057368 learn_rate: 0.000333
epoch: 37 train_epoch_loss: 0.057200 learn_rate: 0.000333
epoch: 38 train_epoch_loss: 0.057117 learn_rate: 0.000333
epoch: 39 train_epoch_loss: 0.057051 learn_rate: 0.000333
epoch: 40 train_epoch_loss: 0.057086 learn_rate: 0.000333
epoch: 41 train_epoch_loss: 0.056921 learn_rate: 0.000333
epoch: 42 train_epoch_loss: 0.056838 learn_rate: 0.000333
epoch: 43 train_epoch_loss: 0.056696 learn_rate: 0.000333
epoch: 44 train_epoch_loss: 0.056690 learn_rate: 0.000333
epoch: 45 train_epoch_loss: 0.056582 learn_rate: 0.000333
epoch: 46 train_epoch_loss: 0.056483 learn_rate: 0.000333
epoch: 47 train_epoch_loss: 0.056395 learn_rate: 0.000333
epoch: 48 train_epoch_loss: 0.056357 learn_rate: 0.000333
epoch: 49 train_epoch_loss: 0.056255 learn_rate: 0.000333
epoch: 50 train_epoch_loss: 0.056805 learn_rate: 0.000333
epoch: 51 train_epoch_loss: 0.056683 learn_rate: 0.000333
epoch: 52 train_epoch_loss: 0.056086 learn_rate: 0.000111
epoch: 53 train_epoch_loss: 0.055986 learn_rate: 0.000111
epoch: 54 train_epoch_loss: 0.055929 learn_rate: 0.000111
epoch: 55 train_epoch_loss: 0.055906 learn_rate: 0.000111
epoch: 56 train_epoch_loss: 0.055871 learn_rate: 0.000111
epoch: 57 train_epoch_loss: 0.055823 learn_rate: 0.000111
epoch: 58 train_epoch_loss: 0.055787 learn_rate: 0.000111
epoch: 59 train_epoch_loss: 0.055746 learn_rate: 0.000111
epoch: 60 train_epoch_loss: 0.055712 learn_rate: 0.000111
epoch: 61 train_epoch_loss: 0.055686 learn_rate: 0.000111
epoch: 62 train_epoch_loss: 0.055649 learn_rate: 0.000111
epoch: 63 train_epoch_loss: 0.055616 learn_rate: 0.000111
epoch: 64 train_epoch_loss: 0.055569 learn_rate: 0.000111
epoch: 65 train_epoch_loss: 0.055550 learn_rate: 0.000111
epoch: 66 train_epoch_loss: 0.055529 learn_rate: 0.000111
epoch: 67 train_epoch_loss: 0.055489 learn_rate: 0.000111
epoch: 68 train_epoch_loss: 0.055457 learn_rate: 0.000111
epoch: 69 train_epoch_loss: 0.055410 learn_rate: 0.000111
epoch: 70 train_epoch_loss: 0.055381 learn_rate: 0.000111
epoch: 71 train_epoch_loss: 0.055334 learn_rate: 0.000111
epoch: 72 train_epoch_loss: 0.055288 learn_rate: 0.000111
epoch: 73 train_epoch_loss: 0.055278 learn_rate: 0.000111
epoch: 74 train_epoch_loss: 0.055260 learn_rate: 0.000111
epoch: 75 train_epoch_loss: 0.055211 learn_rate: 0.000111
epoch: 76 train_epoch_loss: 0.055167 learn_rate: 0.000111
epoch: 77 train_epoch_loss: 0.055137 learn_rate: 0.000111
epoch: 78 train_epoch_loss: 0.055103 learn_rate: 0.000111
epoch: 79 train_epoch_loss: 0.055069 learn_rate: 0.000111
epoch: 80 train_epoch_loss: 0.055051 learn_rate: 0.000111
epoch: 81 train_epoch_loss: 0.055007 learn_rate: 0.000111
epoch: 82 train_epoch_loss: 0.055010 learn_rate: 0.000111
epoch: 83 train_epoch_loss: 0.054969 learn_rate: 0.000111
epoch: 84 train_epoch_loss: 0.054933 learn_rate: 0.000111
epoch: 85 train_epoch_loss: 0.054902 learn_rate: 0.000111
epoch: 86 train_epoch_loss: 0.054885 learn_rate: 0.000111
epoch: 87 train_epoch_loss: 0.054862 learn_rate: 0.000111
epoch: 88 train_epoch_loss: 0.054817 learn_rate: 0.000111
epoch: 89 train_epoch_loss: 0.054796 learn_rate: 0.000111
epoch: 90 train_epoch_loss: 0.054764 learn_rate: 0.000111
epoch: 91 train_epoch_loss: 0.054763 learn_rate: 0.000111
epoch: 92 train_epoch_loss: 0.054750 learn_rate: 0.000111
epoch: 93 train_epoch_loss: 0.054684 learn_rate: 0.000111
epoch: 94 train_epoch_loss: 0.054687 learn_rate: 0.000111
epoch: 95 train_epoch_loss: 0.054659 learn_rate: 0.000111
epoch: 96 train_epoch_loss: 0.054633 learn_rate: 0.000111
epoch: 97 train_epoch_loss: 0.054618 learn_rate: 0.000111
epoch: 98 train_epoch_loss: 0.054568 learn_rate: 0.000111
epoch: 99 train_epoch_loss: 0.054586 learn_rate: 0.000111
epoch: 100 train_epoch_loss: 0.054601 learn_rate: 0.000111
epoch: 101 train_epoch_loss: 0.054515 learn_rate: 0.000037
epoch: 102 train_epoch_loss: 0.054495 learn_rate: 0.000037
epoch: 103 train_epoch_loss: 0.054479 learn_rate: 0.000037
epoch: 104 train_epoch_loss: 0.054464 learn_rate: 0.000037
epoch: 105 train_epoch_loss: 0.054449 learn_rate: 0.000037
epoch: 106 train_epoch_loss: 0.054440 learn_rate: 0.000037
epoch: 107 train_epoch_loss: 0.054432 learn_rate: 0.000037
epoch: 108 train_epoch_loss: 0.054421 learn_rate: 0.000037
epoch: 109 train_epoch_loss: 0.054414 learn_rate: 0.000037
epoch: 110 train_epoch_loss: 0.054400 learn_rate: 0.000037
epoch: 111 train_epoch_loss: 0.054394 learn_rate: 0.000037
epoch: 112 train_epoch_loss: 0.054378 learn_rate: 0.000037
epoch: 113 train_epoch_loss: 0.054368 learn_rate: 0.000037
epoch: 114 train_epoch_loss: 0.054366 learn_rate: 0.000037
epoch: 115 train_epoch_loss: 0.054354 learn_rate: 0.000037
epoch: 116 train_epoch_loss: 0.054341 learn_rate: 0.000037
epoch: 117 train_epoch_loss: 0.054340 learn_rate: 0.000037
epoch: 118 train_epoch_loss: 0.054331 learn_rate: 0.000037
epoch: 119 train_epoch_loss: 0.054320 learn_rate: 0.000037
epoch: 120 train_epoch_loss: 0.054306 learn_rate: 0.000037
epoch: 121 train_epoch_loss: 0.054297 learn_rate: 0.000037
epoch: 122 train_epoch_loss: 0.054298 learn_rate: 0.000037
epoch: 123 train_epoch_loss: 0.054283 learn_rate: 0.000037
epoch: 124 train_epoch_loss: 0.054278 learn_rate: 0.000037
epoch: 125 train_epoch_loss: 0.054255 learn_rate: 0.000037
epoch: 126 train_epoch_loss: 0.054262 learn_rate: 0.000037
epoch: 127 train_epoch_loss: 0.054247 learn_rate: 0.000037
epoch: 128 train_epoch_loss: 0.054236 learn_rate: 0.000037
epoch: 129 train_epoch_loss: 0.054235 learn_rate: 0.000037
epoch: 130 train_epoch_loss: 0.054223 learn_rate: 0.000037
epoch: 131 train_epoch_loss: 0.054202 learn_rate: 0.000037
epoch: 132 train_epoch_loss: 0.054196 learn_rate: 0.000037
epoch: 133 train_epoch_loss: 0.054189 learn_rate: 0.000037
epoch: 134 train_epoch_loss: 0.054172 learn_rate: 0.000037
epoch: 135 train_epoch_loss: 0.054177 learn_rate: 0.000037
epoch: 136 train_epoch_loss: 0.054167 learn_rate: 0.000037
epoch: 137 train_epoch_loss: 0.054162 learn_rate: 0.000037
epoch: 138 train_epoch_loss: 0.054145 learn_rate: 0.000037
epoch: 139 train_epoch_loss: 0.054139 learn_rate: 0.000037
epoch: 140 train_epoch_loss: 0.054135 learn_rate: 0.000037
epoch: 141 train_epoch_loss: 0.054129 learn_rate: 0.000037
epoch: 142 train_epoch_loss: 0.054119 learn_rate: 0.000037
epoch: 143 train_epoch_loss: 0.054112 learn_rate: 0.000037
epoch: 144 train_epoch_loss: 0.054091 learn_rate: 0.000037
epoch: 145 train_epoch_loss: 0.054094 learn_rate: 0.000037
epoch: 146 train_epoch_loss: 0.054091 learn_rate: 0.000037
epoch: 147 train_epoch_loss: 0.054085 learn_rate: 0.000037
epoch: 148 train_epoch_loss: 0.054080 learn_rate: 0.000037
epoch: 149 train_epoch_loss: 0.054109 learn_rate: 0.000037
epoch: 150 train_epoch_loss: 0.054053 learn_rate: 0.000037
epoch: 151 train_epoch_loss: 0.054050 learn_rate: 0.000037
epoch: 152 train_epoch_loss: 0.054035 learn_rate: 0.000037
epoch: 153 train_epoch_loss: 0.054036 learn_rate: 0.000037
epoch: 154 train_epoch_loss: 0.054020 learn_rate: 0.000037
epoch: 155 train_epoch_loss: 0.054019 learn_rate: 0.000037
epoch: 156 train_epoch_loss: 0.054010 learn_rate: 0.000037
epoch: 157 train_epoch_loss: 0.054000 learn_rate: 0.000037
epoch: 158 train_epoch_loss: 0.053989 learn_rate: 0.000037
epoch: 159 train_epoch_loss: 0.053992 learn_rate: 0.000037
epoch: 160 train_epoch_loss: 0.053986 learn_rate: 0.000037
epoch: 161 train_epoch_loss: 0.053979 learn_rate: 0.000037
epoch: 162 train_epoch_loss: 0.053965 learn_rate: 0.000037
epoch: 163 train_epoch_loss: 0.053966 learn_rate: 0.000037
epoch: 164 train_epoch_loss: 0.053972 learn_rate: 0.000037
epoch: 165 train_epoch_loss: 0.053957 learn_rate: 0.000012
epoch: 166 train_epoch_loss: 0.053939 learn_rate: 0.000012
epoch: 167 train_epoch_loss: 0.053933 learn_rate: 0.000012
epoch: 168 train_epoch_loss: 0.053933 learn_rate: 0.000012
epoch: 169 train_epoch_loss: 0.053926 learn_rate: 0.000012
epoch: 170 train_epoch_loss: 0.053928 learn_rate: 0.000012
epoch: 171 train_epoch_loss: 0.053918 learn_rate: 0.000012
epoch: 172 train_epoch_loss: 0.053916 learn_rate: 0.000012
epoch: 173 train_epoch_loss: 0.053917 learn_rate: 0.000012
epoch: 174 train_epoch_loss: 0.053908 learn_rate: 0.000012
epoch: 175 train_epoch_loss: 0.053905 learn_rate: 0.000012
epoch: 176 train_epoch_loss: 0.053909 learn_rate: 0.000012
epoch: 177 train_epoch_loss: 0.053905 learn_rate: 0.000012
epoch: 178 train_epoch_loss: 0.053904 learn_rate: 0.000004
epoch: 179 train_epoch_loss: 0.053902 learn_rate: 0.000004
epoch: 180 train_epoch_loss: 0.053903 learn_rate: 0.000004
epoch: 181 train_epoch_loss: 0.053902 learn_rate: 0.000004
epoch: 182 train_epoch_loss: 0.053904 learn_rate: 0.000001
epoch: 183 train_epoch_loss: 0.053898 learn_rate: 0.000001
epoch: 184 train_epoch_loss: 0.053895 learn_rate: 0.000001
epoch: 185 train_epoch_loss: 0.053897 learn_rate: 0.000001
epoch: 186 train_epoch_loss: 0.053903 learn_rate: 0.000001
epoch: 187 train_epoch_loss: 0.053894 learn_rate: 0.000000
epoch: 188 train_epoch_loss: 0.053887 learn_rate: 0.000000
epoch: 189 train_epoch_loss: 0.053900 learn_rate: 0.000000
epoch: 190 train_epoch_loss: 0.053896 learn_rate: 0.000000
