Fri Apr  7 16:56:18 2023
data_dict: {'mean': array([55.24545 , 61.627945, 66.193016, 72.08046 , 75.06949 , 76.21901 ,
       83.22026 , 69.14638 ], dtype=float32), 'std': array([3.0378723, 4.9861393, 6.467145 , 8.3687105, 9.442198 , 6.8928323,
       7.282373 , 5.828769 ], dtype=float32), 'classWeights': array([1.463153 , 5.9762087, 7.780836 ], dtype=float32), 'img_shape': (256, 256, 8)}
epoch: 1 train_epoch_loss: 0.136796 learn_rate: 0.001000
epoch: 2 train_epoch_loss: 0.093629 learn_rate: 0.001000
epoch: 3 train_epoch_loss: 0.084650 learn_rate: 0.001000
epoch: 4 train_epoch_loss: 0.078141 learn_rate: 0.001000
epoch: 5 train_epoch_loss: 0.077061 learn_rate: 0.001000
epoch: 6 train_epoch_loss: 0.070392 learn_rate: 0.001000
epoch: 7 train_epoch_loss: 0.068017 learn_rate: 0.001000
epoch: 8 train_epoch_loss: 0.067038 learn_rate: 0.001000
epoch: 9 train_epoch_loss: 0.065603 learn_rate: 0.001000
epoch: 10 train_epoch_loss: 0.064923 learn_rate: 0.001000
epoch: 11 train_epoch_loss: 0.064054 learn_rate: 0.001000
epoch: 12 train_epoch_loss: 0.064691 learn_rate: 0.001000
epoch: 13 train_epoch_loss: 0.063027 learn_rate: 0.001000
epoch: 14 train_epoch_loss: 0.062488 learn_rate: 0.001000
epoch: 15 train_epoch_loss: 0.061822 learn_rate: 0.001000
epoch: 16 train_epoch_loss: 0.061497 learn_rate: 0.001000
epoch: 17 train_epoch_loss: 0.061147 learn_rate: 0.001000
epoch: 18 train_epoch_loss: 0.060519 learn_rate: 0.001000
epoch: 19 train_epoch_loss: 0.060095 learn_rate: 0.001000
epoch: 20 train_epoch_loss: 0.060137 learn_rate: 0.001000
epoch: 21 train_epoch_loss: 0.060560 learn_rate: 0.001000
epoch: 22 train_epoch_loss: 0.059384 learn_rate: 0.000333
epoch: 23 train_epoch_loss: 0.059187 learn_rate: 0.000333
epoch: 24 train_epoch_loss: 0.059076 learn_rate: 0.000333
epoch: 25 train_epoch_loss: 0.058938 learn_rate: 0.000333
epoch: 26 train_epoch_loss: 0.058927 learn_rate: 0.000333
epoch: 27 train_epoch_loss: 0.058846 learn_rate: 0.000333
epoch: 28 train_epoch_loss: 0.058747 learn_rate: 0.000333
epoch: 29 train_epoch_loss: 0.058612 learn_rate: 0.000333
epoch: 30 train_epoch_loss: 0.058587 learn_rate: 0.000333
epoch: 31 train_epoch_loss: 0.058470 learn_rate: 0.000333
epoch: 32 train_epoch_loss: 0.058410 learn_rate: 0.000333
epoch: 33 train_epoch_loss: 0.058260 learn_rate: 0.000333
epoch: 34 train_epoch_loss: 0.058190 learn_rate: 0.000333
epoch: 35 train_epoch_loss: 0.058134 learn_rate: 0.000333
epoch: 36 train_epoch_loss: 0.058041 learn_rate: 0.000333
epoch: 37 train_epoch_loss: 0.057945 learn_rate: 0.000333
epoch: 38 train_epoch_loss: 0.057934 learn_rate: 0.000333
epoch: 39 train_epoch_loss: 0.057815 learn_rate: 0.000333
epoch: 40 train_epoch_loss: 0.057747 learn_rate: 0.000333
epoch: 41 train_epoch_loss: 0.057722 learn_rate: 0.000333
epoch: 42 train_epoch_loss: 0.057701 learn_rate: 0.000333
epoch: 43 train_epoch_loss: 0.057744 learn_rate: 0.000333
epoch: 44 train_epoch_loss: 0.057508 learn_rate: 0.000333
epoch: 45 train_epoch_loss: 0.057479 learn_rate: 0.000333
epoch: 46 train_epoch_loss: 0.057481 learn_rate: 0.000333
epoch: 47 train_epoch_loss: 0.057211 learn_rate: 0.000333
epoch: 48 train_epoch_loss: 0.057153 learn_rate: 0.000333
epoch: 49 train_epoch_loss: 0.057006 learn_rate: 0.000333
epoch: 50 train_epoch_loss: 0.057002 learn_rate: 0.000333
epoch: 51 train_epoch_loss: 0.056777 learn_rate: 0.000333
epoch: 52 train_epoch_loss: 0.056636 learn_rate: 0.000333
epoch: 53 train_epoch_loss: 0.056670 learn_rate: 0.000333
epoch: 54 train_epoch_loss: 0.056494 learn_rate: 0.000333
epoch: 55 train_epoch_loss: 0.056302 learn_rate: 0.000333
epoch: 56 train_epoch_loss: 0.056231 learn_rate: 0.000333
epoch: 57 train_epoch_loss: 0.056269 learn_rate: 0.000333
epoch: 58 train_epoch_loss: 0.056029 learn_rate: 0.000333
epoch: 59 train_epoch_loss: 0.055877 learn_rate: 0.000333
epoch: 60 train_epoch_loss: 0.055773 learn_rate: 0.000333
epoch: 61 train_epoch_loss: 0.055717 learn_rate: 0.000333
epoch: 62 train_epoch_loss: 0.055592 learn_rate: 0.000333
epoch: 63 train_epoch_loss: 0.055485 learn_rate: 0.000333
epoch: 64 train_epoch_loss: 0.055396 learn_rate: 0.000333
epoch: 65 train_epoch_loss: 0.055306 learn_rate: 0.000333
epoch: 66 train_epoch_loss: 0.055282 learn_rate: 0.000333
epoch: 67 train_epoch_loss: 0.055175 learn_rate: 0.000333
epoch: 68 train_epoch_loss: 0.055204 learn_rate: 0.000333
epoch: 69 train_epoch_loss: 0.055083 learn_rate: 0.000333
epoch: 70 train_epoch_loss: 0.054944 learn_rate: 0.000333
epoch: 71 train_epoch_loss: 0.054939 learn_rate: 0.000333
epoch: 72 train_epoch_loss: 0.054813 learn_rate: 0.000333
epoch: 73 train_epoch_loss: 0.054737 learn_rate: 0.000333
epoch: 74 train_epoch_loss: 0.054721 learn_rate: 0.000333
epoch: 75 train_epoch_loss: 0.054789 learn_rate: 0.000333
epoch: 76 train_epoch_loss: 0.054723 learn_rate: 0.000333
epoch: 77 train_epoch_loss: 0.054546 learn_rate: 0.000111
epoch: 78 train_epoch_loss: 0.054458 learn_rate: 0.000111
epoch: 79 train_epoch_loss: 0.054412 learn_rate: 0.000111
epoch: 80 train_epoch_loss: 0.054383 learn_rate: 0.000111
epoch: 81 train_epoch_loss: 0.054353 learn_rate: 0.000111
epoch: 82 train_epoch_loss: 0.054332 learn_rate: 0.000111
epoch: 83 train_epoch_loss: 0.054300 learn_rate: 0.000111
epoch: 84 train_epoch_loss: 0.054268 learn_rate: 0.000111
epoch: 85 train_epoch_loss: 0.054251 learn_rate: 0.000111
epoch: 86 train_epoch_loss: 0.054227 learn_rate: 0.000111
epoch: 87 train_epoch_loss: 0.054208 learn_rate: 0.000111
epoch: 88 train_epoch_loss: 0.054174 learn_rate: 0.000111
epoch: 89 train_epoch_loss: 0.054143 learn_rate: 0.000111
epoch: 90 train_epoch_loss: 0.054135 learn_rate: 0.000111
epoch: 91 train_epoch_loss: 0.054112 learn_rate: 0.000111
epoch: 92 train_epoch_loss: 0.054100 learn_rate: 0.000111
epoch: 93 train_epoch_loss: 0.054051 learn_rate: 0.000111
epoch: 94 train_epoch_loss: 0.054045 learn_rate: 0.000111
epoch: 95 train_epoch_loss: 0.054029 learn_rate: 0.000111
epoch: 96 train_epoch_loss: 0.053991 learn_rate: 0.000111
epoch: 97 train_epoch_loss: 0.053986 learn_rate: 0.000111
epoch: 98 train_epoch_loss: 0.053964 learn_rate: 0.000111
epoch: 99 train_epoch_loss: 0.053971 learn_rate: 0.000111
epoch: 100 train_epoch_loss: 0.053948 learn_rate: 0.000111
epoch: 101 train_epoch_loss: 0.053898 learn_rate: 0.000111
epoch: 102 train_epoch_loss: 0.053866 learn_rate: 0.000111
epoch: 103 train_epoch_loss: 0.053856 learn_rate: 0.000111
epoch: 104 train_epoch_loss: 0.053855 learn_rate: 0.000111
epoch: 105 train_epoch_loss: 0.053827 learn_rate: 0.000111
epoch: 106 train_epoch_loss: 0.053810 learn_rate: 0.000111
epoch: 107 train_epoch_loss: 0.053804 learn_rate: 0.000111
epoch: 108 train_epoch_loss: 0.053787 learn_rate: 0.000111
epoch: 109 train_epoch_loss: 0.053780 learn_rate: 0.000111
epoch: 110 train_epoch_loss: 0.053740 learn_rate: 0.000111
epoch: 111 train_epoch_loss: 0.053718 learn_rate: 0.000111
epoch: 112 train_epoch_loss: 0.053705 learn_rate: 0.000111
epoch: 113 train_epoch_loss: 0.053702 learn_rate: 0.000111
epoch: 114 train_epoch_loss: 0.053678 learn_rate: 0.000111
epoch: 115 train_epoch_loss: 0.053662 learn_rate: 0.000111
epoch: 116 train_epoch_loss: 0.053656 learn_rate: 0.000111
epoch: 117 train_epoch_loss: 0.053643 learn_rate: 0.000111
epoch: 118 train_epoch_loss: 0.053607 learn_rate: 0.000111
epoch: 119 train_epoch_loss: 0.053598 learn_rate: 0.000111
epoch: 120 train_epoch_loss: 0.053604 learn_rate: 0.000111
epoch: 121 train_epoch_loss: 0.053569 learn_rate: 0.000111
epoch: 122 train_epoch_loss: 0.053557 learn_rate: 0.000111
epoch: 123 train_epoch_loss: 0.053543 learn_rate: 0.000111
epoch: 124 train_epoch_loss: 0.053525 learn_rate: 0.000111
epoch: 125 train_epoch_loss: 0.053521 learn_rate: 0.000111
epoch: 126 train_epoch_loss: 0.053515 learn_rate: 0.000111
epoch: 127 train_epoch_loss: 0.053492 learn_rate: 0.000111
epoch: 128 train_epoch_loss: 0.053494 learn_rate: 0.000111
epoch: 129 train_epoch_loss: 0.053460 learn_rate: 0.000111
epoch: 130 train_epoch_loss: 0.053463 learn_rate: 0.000111
epoch: 131 train_epoch_loss: 0.053481 learn_rate: 0.000111
epoch: 132 train_epoch_loss: 0.053410 learn_rate: 0.000037
epoch: 133 train_epoch_loss: 0.053377 learn_rate: 0.000037
epoch: 134 train_epoch_loss: 0.053366 learn_rate: 0.000037
epoch: 135 train_epoch_loss: 0.053353 learn_rate: 0.000037
epoch: 136 train_epoch_loss: 0.053344 learn_rate: 0.000037
epoch: 137 train_epoch_loss: 0.053334 learn_rate: 0.000037
epoch: 138 train_epoch_loss: 0.053334 learn_rate: 0.000037
epoch: 139 train_epoch_loss: 0.053330 learn_rate: 0.000037
epoch: 140 train_epoch_loss: 0.053324 learn_rate: 0.000037
epoch: 141 train_epoch_loss: 0.053309 learn_rate: 0.000037
epoch: 142 train_epoch_loss: 0.053313 learn_rate: 0.000037
epoch: 143 train_epoch_loss: 0.053307 learn_rate: 0.000037
epoch: 144 train_epoch_loss: 0.053294 learn_rate: 0.000037
epoch: 145 train_epoch_loss: 0.053289 learn_rate: 0.000037
epoch: 146 train_epoch_loss: 0.053284 learn_rate: 0.000037
epoch: 147 train_epoch_loss: 0.053283 learn_rate: 0.000037
epoch: 148 train_epoch_loss: 0.053281 learn_rate: 0.000037
epoch: 149 train_epoch_loss: 0.053274 learn_rate: 0.000037
epoch: 150 train_epoch_loss: 0.053264 learn_rate: 0.000037
epoch: 151 train_epoch_loss: 0.053253 learn_rate: 0.000037
epoch: 152 train_epoch_loss: 0.053244 learn_rate: 0.000037
epoch: 153 train_epoch_loss: 0.053239 learn_rate: 0.000037
epoch: 154 train_epoch_loss: 0.053243 learn_rate: 0.000037
epoch: 155 train_epoch_loss: 0.053239 learn_rate: 0.000037
epoch: 156 train_epoch_loss: 0.053223 learn_rate: 0.000012
epoch: 157 train_epoch_loss: 0.053216 learn_rate: 0.000012
epoch: 158 train_epoch_loss: 0.053219 learn_rate: 0.000012
epoch: 159 train_epoch_loss: 0.053210 learn_rate: 0.000012
epoch: 160 train_epoch_loss: 0.053214 learn_rate: 0.000012
epoch: 161 train_epoch_loss: 0.053210 learn_rate: 0.000012
epoch: 162 train_epoch_loss: 0.053209 learn_rate: 0.000004
epoch: 163 train_epoch_loss: 0.053206 learn_rate: 0.000004
epoch: 164 train_epoch_loss: 0.053206 learn_rate: 0.000004
epoch: 165 train_epoch_loss: 0.053206 learn_rate: 0.000004
epoch: 166 train_epoch_loss: 0.053198 learn_rate: 0.000004
epoch: 167 train_epoch_loss: 0.053197 learn_rate: 0.000004
epoch: 168 train_epoch_loss: 0.053204 learn_rate: 0.000004
epoch: 169 train_epoch_loss: 0.053202 learn_rate: 0.000004
epoch: 170 train_epoch_loss: 0.053195 learn_rate: 0.000001
epoch: 171 train_epoch_loss: 0.053199 learn_rate: 0.000001
epoch: 172 train_epoch_loss: 0.053206 learn_rate: 0.000001
epoch: 173 train_epoch_loss: 0.053194 learn_rate: 0.000000
epoch: 174 train_epoch_loss: 0.053203 learn_rate: 0.000000
epoch: 175 train_epoch_loss: 0.053197 learn_rate: 0.000000
