Sun Apr 16 14:09:45 2023
data_dict: {'mean': array([54.91771 , 60.847916, 66.45697 , 72.22472 , 75.50061 , 76.240654,
       83.38693 , 69.24539 ], dtype=float32), 'std': array([3.0159483, 4.7548165, 6.612429 , 8.405171 , 9.58276  , 6.9685693,
       7.1858344, 5.808743 ], dtype=float32), 'classWeights': array([1.4684427, 5.952743 , 7.569361 ], dtype=float32), 'img_shape': (256, 256, 8)}
epoch: 1 train_epoch_loss: 0.137741 learn_rate: 0.010000
epoch: 2 train_epoch_loss: 0.106403 learn_rate: 0.010000
epoch: 3 train_epoch_loss: 0.098115 learn_rate: 0.010000
epoch: 4 train_epoch_loss: 0.095751 learn_rate: 0.010000
epoch: 5 train_epoch_loss: 0.094281 learn_rate: 0.010000
epoch: 6 train_epoch_loss: 0.092431 learn_rate: 0.010000
epoch: 7 train_epoch_loss: 0.091243 learn_rate: 0.010000
epoch: 8 train_epoch_loss: 0.089259 learn_rate: 0.010000
epoch: 9 train_epoch_loss: 0.088557 learn_rate: 0.010000
epoch: 10 train_epoch_loss: 0.084667 learn_rate: 0.010000
epoch: 11 train_epoch_loss: 0.080863 learn_rate: 0.010000
epoch: 12 train_epoch_loss: 0.078968 learn_rate: 0.010000
epoch: 13 train_epoch_loss: 0.077812 learn_rate: 0.010000
epoch: 14 train_epoch_loss: 0.076407 learn_rate: 0.010000
epoch: 15 train_epoch_loss: 0.074594 learn_rate: 0.010000
epoch: 16 train_epoch_loss: 0.073491 learn_rate: 0.010000
epoch: 17 train_epoch_loss: 0.073142 learn_rate: 0.010000
epoch: 18 train_epoch_loss: 0.072024 learn_rate: 0.010000
epoch: 19 train_epoch_loss: 0.073114 learn_rate: 0.010000
epoch: 20 train_epoch_loss: 0.072075 learn_rate: 0.010000
epoch: 21 train_epoch_loss: 0.071255 learn_rate: 0.003333
epoch: 22 train_epoch_loss: 0.070975 learn_rate: 0.003333
epoch: 23 train_epoch_loss: 0.070747 learn_rate: 0.003333
epoch: 24 train_epoch_loss: 0.070614 learn_rate: 0.003333
epoch: 25 train_epoch_loss: 0.070349 learn_rate: 0.003333
epoch: 26 train_epoch_loss: 0.070171 learn_rate: 0.003333
epoch: 27 train_epoch_loss: 0.070174 learn_rate: 0.003333
epoch: 28 train_epoch_loss: 0.070411 learn_rate: 0.003333
epoch: 29 train_epoch_loss: 0.069874 learn_rate: 0.001111
epoch: 30 train_epoch_loss: 0.069751 learn_rate: 0.001111
epoch: 31 train_epoch_loss: 0.069767 learn_rate: 0.001111
epoch: 32 train_epoch_loss: 0.069843 learn_rate: 0.001111
epoch: 33 train_epoch_loss: 0.069765 learn_rate: 0.000370
epoch: 34 train_epoch_loss: 0.069665 learn_rate: 0.000370
epoch: 35 train_epoch_loss: 0.069696 learn_rate: 0.000370
epoch: 36 train_epoch_loss: 0.069627 learn_rate: 0.000370
epoch: 37 train_epoch_loss: 0.069657 learn_rate: 0.000370
epoch: 38 train_epoch_loss: 0.069658 learn_rate: 0.000370
epoch: 39 train_epoch_loss: 0.069636 learn_rate: 0.000123
epoch: 40 train_epoch_loss: 0.069576 learn_rate: 0.000123
epoch: 41 train_epoch_loss: 0.069575 learn_rate: 0.000123
epoch: 42 train_epoch_loss: 0.069576 learn_rate: 0.000123
epoch: 43 train_epoch_loss: 0.069582 learn_rate: 0.000123
epoch: 44 train_epoch_loss: 0.069570 learn_rate: 0.000041
epoch: 45 train_epoch_loss: 0.069515 learn_rate: 0.000041
epoch: 46 train_epoch_loss: 0.069569 learn_rate: 0.000041
epoch: 47 train_epoch_loss: 0.069609 learn_rate: 0.000041
epoch: 48 train_epoch_loss: 0.069532 learn_rate: 0.000014
epoch: 49 train_epoch_loss: 0.069506 learn_rate: 0.000014
epoch: 50 train_epoch_loss: 0.069551 learn_rate: 0.000014
epoch: 51 train_epoch_loss: 0.069553 learn_rate: 0.000014
epoch: 52 train_epoch_loss: 0.069555 learn_rate: 0.000005
epoch: 53 train_epoch_loss: 0.069564 learn_rate: 0.000005
epoch: 54 train_epoch_loss: 0.069514 learn_rate: 0.000002
epoch: 55 train_epoch_loss: 0.069538 learn_rate: 0.000002
epoch: 56 train_epoch_loss: 0.069551 learn_rate: 0.000001
epoch: 57 train_epoch_loss: 0.069553 learn_rate: 0.000001
