Sat Apr  1 14:46:55 2023
data_dict: {'mean': array([53.631657, 59.386177, 65.18495 , 71.2283  , 74.13533 , 75.42689 ,
       82.37583 , 68.217026], dtype=float32), 'std': array([ 3.260954 ,  5.198741 ,  7.2061744,  9.186479 , 10.414896 ,
        7.8783207,  8.385254 ,  6.86095  ], dtype=float32), 'classWeights': array([1.4569852, 5.957359 , 8.136178 ], dtype=float32), 'img_shape': (256, 256, 8)}
epoch: 1 train_epoch_loss: 0.229560 learn_rate: 0.000500
epoch: 2 train_epoch_loss: 0.164659 learn_rate: 0.000500
epoch: 3 train_epoch_loss: 0.094512 learn_rate: 0.000500
epoch: 4 train_epoch_loss: 0.091996 learn_rate: 0.000500
epoch: 5 train_epoch_loss: 0.091193 learn_rate: 0.000500
epoch: 6 train_epoch_loss: 0.090216 learn_rate: 0.000500
epoch: 7 train_epoch_loss: 0.089508 learn_rate: 0.000500
epoch: 8 train_epoch_loss: 0.088337 learn_rate: 0.000500
epoch: 9 train_epoch_loss: 0.086296 learn_rate: 0.000500
epoch: 10 train_epoch_loss: 0.083144 learn_rate: 0.000500
epoch: 11 train_epoch_loss: 0.076230 learn_rate: 0.000500
epoch: 12 train_epoch_loss: 0.071686 learn_rate: 0.000500
epoch: 13 train_epoch_loss: 0.067608 learn_rate: 0.000500
epoch: 14 train_epoch_loss: 0.066373 learn_rate: 0.000500
epoch: 15 train_epoch_loss: 0.065272 learn_rate: 0.000500
epoch: 16 train_epoch_loss: 0.064060 learn_rate: 0.000500
epoch: 17 train_epoch_loss: 0.063536 learn_rate: 0.000500
epoch: 18 train_epoch_loss: 0.062474 learn_rate: 0.000500
epoch: 19 train_epoch_loss: 0.062585 learn_rate: 0.000500
epoch: 20 train_epoch_loss: 0.062384 learn_rate: 0.000500
epoch: 21 train_epoch_loss: 0.062619 learn_rate: 0.000500
epoch: 22 train_epoch_loss: 0.061710 learn_rate: 0.000500
epoch: 23 train_epoch_loss: 0.061633 learn_rate: 0.000500
epoch: 24 train_epoch_loss: 0.061325 learn_rate: 0.000500
epoch: 25 train_epoch_loss: 0.060674 learn_rate: 0.000500
epoch: 26 train_epoch_loss: 0.060518 learn_rate: 0.000500
epoch: 27 train_epoch_loss: 0.060295 learn_rate: 0.000500
epoch: 28 train_epoch_loss: 0.060175 learn_rate: 0.000500
epoch: 29 train_epoch_loss: 0.059846 learn_rate: 0.000500
epoch: 30 train_epoch_loss: 0.059754 learn_rate: 0.000500
epoch: 31 train_epoch_loss: 0.059928 learn_rate: 0.000500
epoch: 32 train_epoch_loss: 0.059484 learn_rate: 0.000500
epoch: 33 train_epoch_loss: 0.059984 learn_rate: 0.000500
epoch: 34 train_epoch_loss: 0.059816 learn_rate: 0.000500
epoch: 35 train_epoch_loss: 0.059147 learn_rate: 0.000167
epoch: 36 train_epoch_loss: 0.058915 learn_rate: 0.000167
epoch: 37 train_epoch_loss: 0.058895 learn_rate: 0.000167
epoch: 38 train_epoch_loss: 0.058749 learn_rate: 0.000167
epoch: 39 train_epoch_loss: 0.058722 learn_rate: 0.000167
epoch: 40 train_epoch_loss: 0.058573 learn_rate: 0.000167
epoch: 41 train_epoch_loss: 0.058614 learn_rate: 0.000167
epoch: 42 train_epoch_loss: 0.058490 learn_rate: 0.000167
epoch: 43 train_epoch_loss: 0.058377 learn_rate: 0.000167
epoch: 44 train_epoch_loss: 0.058352 learn_rate: 0.000167
epoch: 45 train_epoch_loss: 0.058268 learn_rate: 0.000167
epoch: 46 train_epoch_loss: 0.058281 learn_rate: 0.000167
epoch: 47 train_epoch_loss: 0.058180 learn_rate: 0.000167
epoch: 48 train_epoch_loss: 0.058254 learn_rate: 0.000167
epoch: 49 train_epoch_loss: 0.058177 learn_rate: 0.000167
epoch: 50 train_epoch_loss: 0.058155 learn_rate: 0.000167
epoch: 51 train_epoch_loss: 0.057951 learn_rate: 0.000167
epoch: 52 train_epoch_loss: 0.057896 learn_rate: 0.000167
epoch: 53 train_epoch_loss: 0.057791 learn_rate: 0.000167
epoch: 54 train_epoch_loss: 0.057759 learn_rate: 0.000167
epoch: 55 train_epoch_loss: 0.057688 learn_rate: 0.000167
epoch: 56 train_epoch_loss: 0.057790 learn_rate: 0.000167
epoch: 57 train_epoch_loss: 0.057741 learn_rate: 0.000167
epoch: 58 train_epoch_loss: 0.057647 learn_rate: 0.000056
epoch: 59 train_epoch_loss: 0.057581 learn_rate: 0.000056
epoch: 60 train_epoch_loss: 0.057538 learn_rate: 0.000056
epoch: 61 train_epoch_loss: 0.057490 learn_rate: 0.000056
epoch: 62 train_epoch_loss: 0.057468 learn_rate: 0.000056
epoch: 63 train_epoch_loss: 0.057455 learn_rate: 0.000056
epoch: 64 train_epoch_loss: 0.057392 learn_rate: 0.000056
epoch: 65 train_epoch_loss: 0.057398 learn_rate: 0.000056
epoch: 66 train_epoch_loss: 0.057332 learn_rate: 0.000056
epoch: 67 train_epoch_loss: 0.057334 learn_rate: 0.000056
epoch: 68 train_epoch_loss: 0.057294 learn_rate: 0.000056
epoch: 69 train_epoch_loss: 0.057278 learn_rate: 0.000056
epoch: 70 train_epoch_loss: 0.057261 learn_rate: 0.000056
epoch: 71 train_epoch_loss: 0.057248 learn_rate: 0.000056
epoch: 72 train_epoch_loss: 0.057211 learn_rate: 0.000056
epoch: 73 train_epoch_loss: 0.057176 learn_rate: 0.000056
epoch: 74 train_epoch_loss: 0.057179 learn_rate: 0.000056
epoch: 75 train_epoch_loss: 0.057166 learn_rate: 0.000056
epoch: 76 train_epoch_loss: 0.057135 learn_rate: 0.000056
epoch: 77 train_epoch_loss: 0.057119 learn_rate: 0.000056
epoch: 78 train_epoch_loss: 0.057072 learn_rate: 0.000056
epoch: 79 train_epoch_loss: 0.057094 learn_rate: 0.000056
epoch: 80 train_epoch_loss: 0.057054 learn_rate: 0.000056
epoch: 81 train_epoch_loss: 0.056987 learn_rate: 0.000056
epoch: 82 train_epoch_loss: 0.057015 learn_rate: 0.000056
epoch: 83 train_epoch_loss: 0.056955 learn_rate: 0.000056
epoch: 84 train_epoch_loss: 0.056930 learn_rate: 0.000056
epoch: 85 train_epoch_loss: 0.056940 learn_rate: 0.000056
epoch: 86 train_epoch_loss: 0.056863 learn_rate: 0.000056
epoch: 87 train_epoch_loss: 0.056875 learn_rate: 0.000056
epoch: 88 train_epoch_loss: 0.056866 learn_rate: 0.000056
epoch: 89 train_epoch_loss: 0.056841 learn_rate: 0.000019
epoch: 90 train_epoch_loss: 0.056848 learn_rate: 0.000019
epoch: 91 train_epoch_loss: 0.056821 learn_rate: 0.000019
epoch: 92 train_epoch_loss: 0.056766 learn_rate: 0.000019
epoch: 93 train_epoch_loss: 0.056764 learn_rate: 0.000019
epoch: 94 train_epoch_loss: 0.056774 learn_rate: 0.000019
epoch: 95 train_epoch_loss: 0.056752 learn_rate: 0.000019
epoch: 96 train_epoch_loss: 0.056749 learn_rate: 0.000019
epoch: 97 train_epoch_loss: 0.056768 learn_rate: 0.000019
epoch: 98 train_epoch_loss: 0.056710 learn_rate: 0.000019
epoch: 99 train_epoch_loss: 0.056733 learn_rate: 0.000019
epoch: 100 train_epoch_loss: 0.056694 learn_rate: 0.000019
epoch: 101 train_epoch_loss: 0.056667 learn_rate: 0.000019
epoch: 102 train_epoch_loss: 0.056688 learn_rate: 0.000019
epoch: 103 train_epoch_loss: 0.056654 learn_rate: 0.000019
epoch: 104 train_epoch_loss: 0.056682 learn_rate: 0.000019
epoch: 105 train_epoch_loss: 0.056633 learn_rate: 0.000019
epoch: 106 train_epoch_loss: 0.056662 learn_rate: 0.000019
epoch: 107 train_epoch_loss: 0.056644 learn_rate: 0.000019
epoch: 108 train_epoch_loss: 0.056659 learn_rate: 0.000006
epoch: 109 train_epoch_loss: 0.056649 learn_rate: 0.000006
epoch: 110 train_epoch_loss: 0.056621 learn_rate: 0.000002
epoch: 111 train_epoch_loss: 0.056606 learn_rate: 0.000002
epoch: 112 train_epoch_loss: 0.056602 learn_rate: 0.000002
epoch: 113 train_epoch_loss: 0.056620 learn_rate: 0.000002
epoch: 114 train_epoch_loss: 0.056636 learn_rate: 0.000002
epoch: 115 train_epoch_loss: 0.056596 learn_rate: 0.000001
epoch: 116 train_epoch_loss: 0.056641 learn_rate: 0.000001
epoch: 117 train_epoch_loss: 0.056614 learn_rate: 0.000001
