Sun Apr 16 11:20:33 2023
data_dict: {'mean': array([54.85348 , 60.663074, 66.20853 , 72.08681 , 74.9597  , 76.144775,
       82.83809 , 68.795364], dtype=float32), 'std': array([3.187269 , 5.0454187, 6.9193983, 8.761767 , 9.956169 , 7.525857 ,
       8.043238 , 6.5620556], dtype=float32), 'classWeights': array([1.4506127, 6.1729636, 8.082946 ], dtype=float32), 'img_shape': (256, 256, 8)}
epoch: 1 train_epoch_loss: 0.111486 learn_rate: 0.010000
epoch: 2 train_epoch_loss: 0.085936 learn_rate: 0.010000
epoch: 3 train_epoch_loss: 0.083685 learn_rate: 0.010000
epoch: 4 train_epoch_loss: 0.081780 learn_rate: 0.010000
epoch: 5 train_epoch_loss: 0.076725 learn_rate: 0.010000
epoch: 6 train_epoch_loss: 0.071963 learn_rate: 0.010000
epoch: 7 train_epoch_loss: 0.069131 learn_rate: 0.010000
epoch: 8 train_epoch_loss: 0.066630 learn_rate: 0.010000
epoch: 9 train_epoch_loss: 0.066023 learn_rate: 0.010000
epoch: 10 train_epoch_loss: 0.065281 learn_rate: 0.010000
epoch: 11 train_epoch_loss: 0.063978 learn_rate: 0.010000
epoch: 12 train_epoch_loss: 0.063227 learn_rate: 0.010000
epoch: 13 train_epoch_loss: 0.064268 learn_rate: 0.010000
epoch: 14 train_epoch_loss: 0.064177 learn_rate: 0.010000
epoch: 15 train_epoch_loss: 0.062099 learn_rate: 0.003333
epoch: 16 train_epoch_loss: 0.061915 learn_rate: 0.003333
epoch: 17 train_epoch_loss: 0.061515 learn_rate: 0.003333
epoch: 18 train_epoch_loss: 0.061552 learn_rate: 0.003333
epoch: 19 train_epoch_loss: 0.061344 learn_rate: 0.003333
epoch: 20 train_epoch_loss: 0.061105 learn_rate: 0.003333
epoch: 21 train_epoch_loss: 0.060981 learn_rate: 0.003333
epoch: 22 train_epoch_loss: 0.061006 learn_rate: 0.003333
epoch: 23 train_epoch_loss: 0.060766 learn_rate: 0.003333
epoch: 24 train_epoch_loss: 0.060763 learn_rate: 0.003333
epoch: 25 train_epoch_loss: 0.060603 learn_rate: 0.003333
epoch: 26 train_epoch_loss: 0.060396 learn_rate: 0.003333
epoch: 27 train_epoch_loss: 0.060639 learn_rate: 0.003333
epoch: 28 train_epoch_loss: 0.060260 learn_rate: 0.003333
epoch: 29 train_epoch_loss: 0.060095 learn_rate: 0.003333
epoch: 30 train_epoch_loss: 0.060150 learn_rate: 0.003333
epoch: 31 train_epoch_loss: 0.059953 learn_rate: 0.003333
epoch: 32 train_epoch_loss: 0.059720 learn_rate: 0.003333
epoch: 33 train_epoch_loss: 0.059731 learn_rate: 0.003333
epoch: 34 train_epoch_loss: 0.059642 learn_rate: 0.003333
epoch: 35 train_epoch_loss: 0.059549 learn_rate: 0.003333
epoch: 36 train_epoch_loss: 0.059596 learn_rate: 0.003333
epoch: 37 train_epoch_loss: 0.059824 learn_rate: 0.003333
epoch: 38 train_epoch_loss: 0.059308 learn_rate: 0.001111
epoch: 39 train_epoch_loss: 0.059143 learn_rate: 0.001111
epoch: 40 train_epoch_loss: 0.059133 learn_rate: 0.001111
epoch: 41 train_epoch_loss: 0.059053 learn_rate: 0.001111
epoch: 42 train_epoch_loss: 0.059027 learn_rate: 0.001111
epoch: 43 train_epoch_loss: 0.059002 learn_rate: 0.001111
epoch: 44 train_epoch_loss: 0.058919 learn_rate: 0.001111
epoch: 45 train_epoch_loss: 0.058932 learn_rate: 0.001111
epoch: 46 train_epoch_loss: 0.058860 learn_rate: 0.001111
epoch: 47 train_epoch_loss: 0.058816 learn_rate: 0.001111
epoch: 48 train_epoch_loss: 0.058884 learn_rate: 0.001111
epoch: 49 train_epoch_loss: 0.058817 learn_rate: 0.001111
epoch: 50 train_epoch_loss: 0.058719 learn_rate: 0.000370
epoch: 51 train_epoch_loss: 0.058703 learn_rate: 0.000370
epoch: 52 train_epoch_loss: 0.058714 learn_rate: 0.000370
epoch: 53 train_epoch_loss: 0.058713 learn_rate: 0.000370
epoch: 54 train_epoch_loss: 0.058691 learn_rate: 0.000123
epoch: 55 train_epoch_loss: 0.058680 learn_rate: 0.000123
epoch: 56 train_epoch_loss: 0.058635 learn_rate: 0.000123
epoch: 57 train_epoch_loss: 0.058646 learn_rate: 0.000123
epoch: 58 train_epoch_loss: 0.058643 learn_rate: 0.000123
epoch: 59 train_epoch_loss: 0.058643 learn_rate: 0.000041
epoch: 60 train_epoch_loss: 0.058632 learn_rate: 0.000041
epoch: 61 train_epoch_loss: 0.058655 learn_rate: 0.000041
epoch: 62 train_epoch_loss: 0.058631 learn_rate: 0.000041
epoch: 63 train_epoch_loss: 0.058664 learn_rate: 0.000041
epoch: 64 train_epoch_loss: 0.058645 learn_rate: 0.000041
epoch: 65 train_epoch_loss: 0.058610 learn_rate: 0.000014
epoch: 66 train_epoch_loss: 0.058646 learn_rate: 0.000014
epoch: 67 train_epoch_loss: 0.058643 learn_rate: 0.000014
epoch: 68 train_epoch_loss: 0.058611 learn_rate: 0.000005
epoch: 69 train_epoch_loss: 0.058647 learn_rate: 0.000005
epoch: 70 train_epoch_loss: 0.058636 learn_rate: 0.000002
epoch: 71 train_epoch_loss: 0.058618 learn_rate: 0.000002
epoch: 72 train_epoch_loss: 0.058639 learn_rate: 0.000001
epoch: 73 train_epoch_loss: 0.058641 learn_rate: 0.000001
