Wed Apr  5 23:28:44 2023
data_dict: {'mean': array([56.867905, 63.953056, 66.65227 , 72.30092 , 75.24162 , 76.53816 ,
       83.02243 , 69.33091 ], dtype=float32), 'std': array([3.0192776, 5.2781615, 6.0207863, 7.9877524, 8.940878 , 6.627737 ,
       7.269999 , 5.8820033], dtype=float32), 'classWeights': array([1.4686904, 5.8979964, 7.651585 ], dtype=float32), 'img_shape': (256, 256, 8)}
epoch: 1 train_epoch_loss: 0.202095 learn_rate: 0.001000
epoch: 2 train_epoch_loss: 0.135856 learn_rate: 0.001000
epoch: 3 train_epoch_loss: 0.119581 learn_rate: 0.001000
epoch: 4 train_epoch_loss: 0.091820 learn_rate: 0.001000
epoch: 5 train_epoch_loss: 0.083055 learn_rate: 0.001000
epoch: 6 train_epoch_loss: 0.076997 learn_rate: 0.001000
epoch: 7 train_epoch_loss: 0.075733 learn_rate: 0.001000
epoch: 8 train_epoch_loss: 0.072171 learn_rate: 0.001000
epoch: 9 train_epoch_loss: 0.070523 learn_rate: 0.001000
epoch: 10 train_epoch_loss: 0.069377 learn_rate: 0.001000
epoch: 11 train_epoch_loss: 0.068504 learn_rate: 0.001000
epoch: 12 train_epoch_loss: 0.067412 learn_rate: 0.001000
epoch: 13 train_epoch_loss: 0.066556 learn_rate: 0.001000
epoch: 14 train_epoch_loss: 0.066933 learn_rate: 0.001000
epoch: 15 train_epoch_loss: 0.065886 learn_rate: 0.001000
epoch: 16 train_epoch_loss: 0.065478 learn_rate: 0.001000
epoch: 17 train_epoch_loss: 0.064735 learn_rate: 0.001000
epoch: 18 train_epoch_loss: 0.064502 learn_rate: 0.001000
epoch: 19 train_epoch_loss: 0.063869 learn_rate: 0.001000
epoch: 20 train_epoch_loss: 0.063364 learn_rate: 0.001000
epoch: 21 train_epoch_loss: 0.063248 learn_rate: 0.001000
epoch: 22 train_epoch_loss: 0.063243 learn_rate: 0.001000
epoch: 23 train_epoch_loss: 0.062928 learn_rate: 0.001000
epoch: 24 train_epoch_loss: 0.063191 learn_rate: 0.001000
epoch: 25 train_epoch_loss: 0.062433 learn_rate: 0.001000
epoch: 26 train_epoch_loss: 0.062259 learn_rate: 0.001000
epoch: 27 train_epoch_loss: 0.061770 learn_rate: 0.001000
epoch: 28 train_epoch_loss: 0.061616 learn_rate: 0.001000
epoch: 29 train_epoch_loss: 0.062049 learn_rate: 0.001000
epoch: 30 train_epoch_loss: 0.062413 learn_rate: 0.001000
epoch: 31 train_epoch_loss: 0.061383 learn_rate: 0.000333
epoch: 32 train_epoch_loss: 0.060950 learn_rate: 0.000333
epoch: 33 train_epoch_loss: 0.060791 learn_rate: 0.000333
epoch: 34 train_epoch_loss: 0.060644 learn_rate: 0.000333
epoch: 35 train_epoch_loss: 0.060592 learn_rate: 0.000333
epoch: 36 train_epoch_loss: 0.060405 learn_rate: 0.000333
epoch: 37 train_epoch_loss: 0.060307 learn_rate: 0.000333
epoch: 38 train_epoch_loss: 0.060237 learn_rate: 0.000333
epoch: 39 train_epoch_loss: 0.060180 learn_rate: 0.000333
epoch: 40 train_epoch_loss: 0.060100 learn_rate: 0.000333
epoch: 41 train_epoch_loss: 0.059881 learn_rate: 0.000333
epoch: 42 train_epoch_loss: 0.059766 learn_rate: 0.000333
epoch: 43 train_epoch_loss: 0.059662 learn_rate: 0.000333
epoch: 44 train_epoch_loss: 0.059529 learn_rate: 0.000333
epoch: 45 train_epoch_loss: 0.059531 learn_rate: 0.000333
epoch: 46 train_epoch_loss: 0.059433 learn_rate: 0.000333
epoch: 47 train_epoch_loss: 0.059267 learn_rate: 0.000333
epoch: 48 train_epoch_loss: 0.059204 learn_rate: 0.000333
epoch: 49 train_epoch_loss: 0.059165 learn_rate: 0.000333
epoch: 50 train_epoch_loss: 0.059070 learn_rate: 0.000333
epoch: 51 train_epoch_loss: 0.059022 learn_rate: 0.000333
epoch: 52 train_epoch_loss: 0.058915 learn_rate: 0.000333
epoch: 53 train_epoch_loss: 0.058787 learn_rate: 0.000333
epoch: 54 train_epoch_loss: 0.058767 learn_rate: 0.000333
epoch: 55 train_epoch_loss: 0.058516 learn_rate: 0.000333
epoch: 56 train_epoch_loss: 0.058555 learn_rate: 0.000333
epoch: 57 train_epoch_loss: 0.058556 learn_rate: 0.000333
epoch: 58 train_epoch_loss: 0.058429 learn_rate: 0.000111
epoch: 59 train_epoch_loss: 0.058318 learn_rate: 0.000111
epoch: 60 train_epoch_loss: 0.058210 learn_rate: 0.000111
epoch: 61 train_epoch_loss: 0.058141 learn_rate: 0.000111
epoch: 62 train_epoch_loss: 0.058094 learn_rate: 0.000111
epoch: 63 train_epoch_loss: 0.058066 learn_rate: 0.000111
epoch: 64 train_epoch_loss: 0.058028 learn_rate: 0.000111
epoch: 65 train_epoch_loss: 0.057980 learn_rate: 0.000111
epoch: 66 train_epoch_loss: 0.057901 learn_rate: 0.000111
epoch: 67 train_epoch_loss: 0.057839 learn_rate: 0.000111
epoch: 68 train_epoch_loss: 0.057808 learn_rate: 0.000111
epoch: 69 train_epoch_loss: 0.057755 learn_rate: 0.000111
epoch: 70 train_epoch_loss: 0.057724 learn_rate: 0.000111
epoch: 71 train_epoch_loss: 0.057671 learn_rate: 0.000111
epoch: 72 train_epoch_loss: 0.057631 learn_rate: 0.000111
epoch: 73 train_epoch_loss: 0.057547 learn_rate: 0.000111
epoch: 74 train_epoch_loss: 0.057531 learn_rate: 0.000111
epoch: 75 train_epoch_loss: 0.057488 learn_rate: 0.000111
epoch: 76 train_epoch_loss: 0.057478 learn_rate: 0.000111
epoch: 77 train_epoch_loss: 0.057387 learn_rate: 0.000111
epoch: 78 train_epoch_loss: 0.057343 learn_rate: 0.000111
epoch: 79 train_epoch_loss: 0.057288 learn_rate: 0.000111
epoch: 80 train_epoch_loss: 0.057232 learn_rate: 0.000111
epoch: 81 train_epoch_loss: 0.057185 learn_rate: 0.000111
epoch: 82 train_epoch_loss: 0.057144 learn_rate: 0.000111
epoch: 83 train_epoch_loss: 0.057109 learn_rate: 0.000111
epoch: 84 train_epoch_loss: 0.057075 learn_rate: 0.000111
epoch: 85 train_epoch_loss: 0.057032 learn_rate: 0.000111
epoch: 86 train_epoch_loss: 0.057037 learn_rate: 0.000111
epoch: 87 train_epoch_loss: 0.057006 learn_rate: 0.000111
epoch: 88 train_epoch_loss: 0.056937 learn_rate: 0.000111
epoch: 89 train_epoch_loss: 0.056864 learn_rate: 0.000111
epoch: 90 train_epoch_loss: 0.056857 learn_rate: 0.000111
epoch: 91 train_epoch_loss: 0.056829 learn_rate: 0.000111
epoch: 92 train_epoch_loss: 0.056820 learn_rate: 0.000111
epoch: 93 train_epoch_loss: 0.056776 learn_rate: 0.000111
epoch: 94 train_epoch_loss: 0.056735 learn_rate: 0.000111
epoch: 95 train_epoch_loss: 0.056706 learn_rate: 0.000111
epoch: 96 train_epoch_loss: 0.056668 learn_rate: 0.000111
epoch: 97 train_epoch_loss: 0.056648 learn_rate: 0.000111
epoch: 98 train_epoch_loss: 0.056610 learn_rate: 0.000111
epoch: 99 train_epoch_loss: 0.056565 learn_rate: 0.000111
epoch: 100 train_epoch_loss: 0.056567 learn_rate: 0.000111
epoch: 101 train_epoch_loss: 0.056546 learn_rate: 0.000111
epoch: 102 train_epoch_loss: 0.056498 learn_rate: 0.000111
epoch: 103 train_epoch_loss: 0.056477 learn_rate: 0.000111
epoch: 104 train_epoch_loss: 0.056424 learn_rate: 0.000111
epoch: 105 train_epoch_loss: 0.056422 learn_rate: 0.000111
epoch: 106 train_epoch_loss: 0.056384 learn_rate: 0.000111
epoch: 107 train_epoch_loss: 0.056361 learn_rate: 0.000111
epoch: 108 train_epoch_loss: 0.056357 learn_rate: 0.000111
epoch: 109 train_epoch_loss: 0.056436 learn_rate: 0.000111
epoch: 110 train_epoch_loss: 0.056419 learn_rate: 0.000111
epoch: 111 train_epoch_loss: 0.056274 learn_rate: 0.000037
epoch: 112 train_epoch_loss: 0.056221 learn_rate: 0.000037
epoch: 113 train_epoch_loss: 0.056208 learn_rate: 0.000037
epoch: 114 train_epoch_loss: 0.056201 learn_rate: 0.000037
epoch: 115 train_epoch_loss: 0.056182 learn_rate: 0.000037
epoch: 116 train_epoch_loss: 0.056166 learn_rate: 0.000037
epoch: 117 train_epoch_loss: 0.056156 learn_rate: 0.000037
epoch: 118 train_epoch_loss: 0.056145 learn_rate: 0.000037
epoch: 119 train_epoch_loss: 0.056119 learn_rate: 0.000037
epoch: 120 train_epoch_loss: 0.056117 learn_rate: 0.000037
epoch: 121 train_epoch_loss: 0.056117 learn_rate: 0.000037
epoch: 122 train_epoch_loss: 0.056100 learn_rate: 0.000037
epoch: 123 train_epoch_loss: 0.056087 learn_rate: 0.000037
epoch: 124 train_epoch_loss: 0.056085 learn_rate: 0.000037
epoch: 125 train_epoch_loss: 0.056078 learn_rate: 0.000037
epoch: 126 train_epoch_loss: 0.056064 learn_rate: 0.000037
epoch: 127 train_epoch_loss: 0.056023 learn_rate: 0.000037
epoch: 128 train_epoch_loss: 0.056007 learn_rate: 0.000037
epoch: 129 train_epoch_loss: 0.056030 learn_rate: 0.000037
epoch: 130 train_epoch_loss: 0.056019 learn_rate: 0.000037
epoch: 131 train_epoch_loss: 0.056029 learn_rate: 0.000012
epoch: 132 train_epoch_loss: 0.055996 learn_rate: 0.000012
epoch: 133 train_epoch_loss: 0.055997 learn_rate: 0.000012
epoch: 134 train_epoch_loss: 0.056000 learn_rate: 0.000012
epoch: 135 train_epoch_loss: 0.055993 learn_rate: 0.000004
epoch: 136 train_epoch_loss: 0.055994 learn_rate: 0.000004
epoch: 137 train_epoch_loss: 0.056007 learn_rate: 0.000004
epoch: 138 train_epoch_loss: 0.055994 learn_rate: 0.000001
epoch: 139 train_epoch_loss: 0.056012 learn_rate: 0.000001
epoch: 140 train_epoch_loss: 0.055986 learn_rate: 0.000000
epoch: 141 train_epoch_loss: 0.055994 learn_rate: 0.000000
epoch: 142 train_epoch_loss: 0.055992 learn_rate: 0.000000
