Wed Apr  5 23:09:05 2023
data_dict: {'mean': array([53.052795, 58.777657, 64.67219 , 70.78416 , 73.53834 , 74.97214 ,
       82.378815, 68.072044], dtype=float32), 'std': array([ 3.3502166,  5.1847625,  7.2084637,  9.193347 , 10.364272 ,
        7.675131 ,  8.059254 ,  6.401853 ], dtype=float32), 'classWeights': array([1.4659929, 5.997993 , 7.607291 ], dtype=float32), 'img_shape': (256, 256, 8)}
epoch: 1 train_epoch_loss: 0.182008 learn_rate: 0.001000
epoch: 2 train_epoch_loss: 0.104322 learn_rate: 0.001000
epoch: 3 train_epoch_loss: 0.096797 learn_rate: 0.001000
epoch: 4 train_epoch_loss: 0.093575 learn_rate: 0.001000
epoch: 5 train_epoch_loss: 0.092379 learn_rate: 0.001000
epoch: 6 train_epoch_loss: 0.091844 learn_rate: 0.001000
epoch: 7 train_epoch_loss: 0.090905 learn_rate: 0.001000
epoch: 8 train_epoch_loss: 0.089888 learn_rate: 0.001000
epoch: 9 train_epoch_loss: 0.087525 learn_rate: 0.001000
epoch: 10 train_epoch_loss: 0.083957 learn_rate: 0.001000
epoch: 11 train_epoch_loss: 0.079080 learn_rate: 0.001000
epoch: 12 train_epoch_loss: 0.079027 learn_rate: 0.001000
epoch: 13 train_epoch_loss: 0.074676 learn_rate: 0.001000
epoch: 14 train_epoch_loss: 0.071603 learn_rate: 0.001000
epoch: 15 train_epoch_loss: 0.070456 learn_rate: 0.001000
epoch: 16 train_epoch_loss: 0.069869 learn_rate: 0.001000
epoch: 17 train_epoch_loss: 0.068631 learn_rate: 0.001000
epoch: 18 train_epoch_loss: 0.066721 learn_rate: 0.001000
epoch: 19 train_epoch_loss: 0.069540 learn_rate: 0.001000
epoch: 20 train_epoch_loss: 0.067294 learn_rate: 0.001000
epoch: 21 train_epoch_loss: 0.066040 learn_rate: 0.000333
epoch: 22 train_epoch_loss: 0.065439 learn_rate: 0.000333
epoch: 23 train_epoch_loss: 0.065556 learn_rate: 0.000333
epoch: 24 train_epoch_loss: 0.064896 learn_rate: 0.000333
epoch: 25 train_epoch_loss: 0.064377 learn_rate: 0.000333
epoch: 26 train_epoch_loss: 0.064348 learn_rate: 0.000333
epoch: 27 train_epoch_loss: 0.063760 learn_rate: 0.000333
epoch: 28 train_epoch_loss: 0.063837 learn_rate: 0.000333
epoch: 29 train_epoch_loss: 0.063471 learn_rate: 0.000333
epoch: 30 train_epoch_loss: 0.063271 learn_rate: 0.000333
epoch: 31 train_epoch_loss: 0.063388 learn_rate: 0.000333
epoch: 32 train_epoch_loss: 0.062772 learn_rate: 0.000333
epoch: 33 train_epoch_loss: 0.062428 learn_rate: 0.000333
epoch: 34 train_epoch_loss: 0.062587 learn_rate: 0.000333
epoch: 35 train_epoch_loss: 0.063964 learn_rate: 0.000333
epoch: 36 train_epoch_loss: 0.061926 learn_rate: 0.000111
epoch: 37 train_epoch_loss: 0.061671 learn_rate: 0.000111
epoch: 38 train_epoch_loss: 0.061565 learn_rate: 0.000111
epoch: 39 train_epoch_loss: 0.061439 learn_rate: 0.000111
epoch: 40 train_epoch_loss: 0.061265 learn_rate: 0.000111
epoch: 41 train_epoch_loss: 0.061115 learn_rate: 0.000111
epoch: 42 train_epoch_loss: 0.060937 learn_rate: 0.000111
epoch: 43 train_epoch_loss: 0.060820 learn_rate: 0.000111
epoch: 44 train_epoch_loss: 0.060634 learn_rate: 0.000111
epoch: 45 train_epoch_loss: 0.060519 learn_rate: 0.000111
epoch: 46 train_epoch_loss: 0.060425 learn_rate: 0.000111
epoch: 47 train_epoch_loss: 0.060313 learn_rate: 0.000111
epoch: 48 train_epoch_loss: 0.060313 learn_rate: 0.000111
epoch: 49 train_epoch_loss: 0.060086 learn_rate: 0.000111
epoch: 50 train_epoch_loss: 0.059937 learn_rate: 0.000111
epoch: 51 train_epoch_loss: 0.059873 learn_rate: 0.000111
epoch: 52 train_epoch_loss: 0.059809 learn_rate: 0.000111
epoch: 53 train_epoch_loss: 0.059685 learn_rate: 0.000111
epoch: 54 train_epoch_loss: 0.059691 learn_rate: 0.000111
epoch: 55 train_epoch_loss: 0.059556 learn_rate: 0.000111
epoch: 56 train_epoch_loss: 0.059470 learn_rate: 0.000111
epoch: 57 train_epoch_loss: 0.059316 learn_rate: 0.000111
epoch: 58 train_epoch_loss: 0.059243 learn_rate: 0.000111
epoch: 59 train_epoch_loss: 0.059235 learn_rate: 0.000111
epoch: 60 train_epoch_loss: 0.059182 learn_rate: 0.000111
epoch: 61 train_epoch_loss: 0.059112 learn_rate: 0.000111
epoch: 62 train_epoch_loss: 0.059038 learn_rate: 0.000111
epoch: 63 train_epoch_loss: 0.059009 learn_rate: 0.000111
epoch: 64 train_epoch_loss: 0.059044 learn_rate: 0.000111
epoch: 65 train_epoch_loss: 0.058871 learn_rate: 0.000111
epoch: 66 train_epoch_loss: 0.058752 learn_rate: 0.000111
epoch: 67 train_epoch_loss: 0.058671 learn_rate: 0.000111
epoch: 68 train_epoch_loss: 0.058663 learn_rate: 0.000111
epoch: 69 train_epoch_loss: 0.058590 learn_rate: 0.000111
epoch: 70 train_epoch_loss: 0.058509 learn_rate: 0.000111
epoch: 71 train_epoch_loss: 0.058485 learn_rate: 0.000111
epoch: 72 train_epoch_loss: 0.058464 learn_rate: 0.000111
epoch: 73 train_epoch_loss: 0.058574 learn_rate: 0.000111
epoch: 74 train_epoch_loss: 0.058572 learn_rate: 0.000111
epoch: 75 train_epoch_loss: 0.058363 learn_rate: 0.000037
epoch: 76 train_epoch_loss: 0.058298 learn_rate: 0.000037
epoch: 77 train_epoch_loss: 0.058256 learn_rate: 0.000037
epoch: 78 train_epoch_loss: 0.058200 learn_rate: 0.000037
epoch: 79 train_epoch_loss: 0.058189 learn_rate: 0.000037
epoch: 80 train_epoch_loss: 0.058162 learn_rate: 0.000037
epoch: 81 train_epoch_loss: 0.058137 learn_rate: 0.000037
epoch: 82 train_epoch_loss: 0.058114 learn_rate: 0.000037
epoch: 83 train_epoch_loss: 0.058134 learn_rate: 0.000037
epoch: 84 train_epoch_loss: 0.058111 learn_rate: 0.000037
epoch: 85 train_epoch_loss: 0.058046 learn_rate: 0.000037
epoch: 86 train_epoch_loss: 0.058036 learn_rate: 0.000037
epoch: 87 train_epoch_loss: 0.058049 learn_rate: 0.000037
epoch: 88 train_epoch_loss: 0.058018 learn_rate: 0.000037
epoch: 89 train_epoch_loss: 0.058022 learn_rate: 0.000037
epoch: 90 train_epoch_loss: 0.057993 learn_rate: 0.000037
epoch: 91 train_epoch_loss: 0.057969 learn_rate: 0.000037
epoch: 92 train_epoch_loss: 0.057963 learn_rate: 0.000037
epoch: 93 train_epoch_loss: 0.057921 learn_rate: 0.000037
epoch: 94 train_epoch_loss: 0.057927 learn_rate: 0.000037
epoch: 95 train_epoch_loss: 0.057894 learn_rate: 0.000037
epoch: 96 train_epoch_loss: 0.057861 learn_rate: 0.000037
epoch: 97 train_epoch_loss: 0.057882 learn_rate: 0.000037
epoch: 98 train_epoch_loss: 0.057840 learn_rate: 0.000037
epoch: 99 train_epoch_loss: 0.057823 learn_rate: 0.000037
epoch: 100 train_epoch_loss: 0.057776 learn_rate: 0.000037
epoch: 101 train_epoch_loss: 0.057795 learn_rate: 0.000037
epoch: 102 train_epoch_loss: 0.057750 learn_rate: 0.000037
epoch: 103 train_epoch_loss: 0.057784 learn_rate: 0.000037
epoch: 104 train_epoch_loss: 0.057760 learn_rate: 0.000037
epoch: 105 train_epoch_loss: 0.057746 learn_rate: 0.000012
epoch: 106 train_epoch_loss: 0.057709 learn_rate: 0.000012
epoch: 107 train_epoch_loss: 0.057692 learn_rate: 0.000012
epoch: 108 train_epoch_loss: 0.057695 learn_rate: 0.000012
epoch: 109 train_epoch_loss: 0.057690 learn_rate: 0.000012
epoch: 110 train_epoch_loss: 0.057692 learn_rate: 0.000012
epoch: 111 train_epoch_loss: 0.057672 learn_rate: 0.000012
epoch: 112 train_epoch_loss: 0.057674 learn_rate: 0.000012
epoch: 113 train_epoch_loss: 0.057649 learn_rate: 0.000012
epoch: 114 train_epoch_loss: 0.057645 learn_rate: 0.000012
epoch: 115 train_epoch_loss: 0.057665 learn_rate: 0.000012
epoch: 116 train_epoch_loss: 0.057639 learn_rate: 0.000012
epoch: 117 train_epoch_loss: 0.057626 learn_rate: 0.000012
epoch: 118 train_epoch_loss: 0.057639 learn_rate: 0.000012
epoch: 119 train_epoch_loss: 0.057631 learn_rate: 0.000012
epoch: 120 train_epoch_loss: 0.057611 learn_rate: 0.000004
epoch: 121 train_epoch_loss: 0.057604 learn_rate: 0.000004
epoch: 122 train_epoch_loss: 0.057619 learn_rate: 0.000004
epoch: 123 train_epoch_loss: 0.057599 learn_rate: 0.000004
epoch: 124 train_epoch_loss: 0.057603 learn_rate: 0.000004
epoch: 125 train_epoch_loss: 0.057599 learn_rate: 0.000004
epoch: 126 train_epoch_loss: 0.057604 learn_rate: 0.000001
epoch: 127 train_epoch_loss: 0.057620 learn_rate: 0.000001
epoch: 128 train_epoch_loss: 0.057605 learn_rate: 0.000000
epoch: 129 train_epoch_loss: 0.057610 learn_rate: 0.000000
