Sun Apr 16 15:08:31 2023
data_dict: {'mean': array([56.370834, 62.571587, 67.94127 , 73.57913 , 77.01733 , 77.36416 ,
       84.41526 , 70.29706 ], dtype=float32), 'std': array([2.5766346, 4.1927876, 5.795644 , 7.4346523, 8.477099 , 5.953421 ,
       5.969947 , 4.779999 ], dtype=float32), 'classWeights': array([1.4676169, 5.941861 , 7.626101 ], dtype=float32), 'img_shape': (256, 256, 8)}
epoch: 1 train_epoch_loss: 0.203873 learn_rate: 0.001000
epoch: 2 train_epoch_loss: 0.115856 learn_rate: 0.001000
epoch: 3 train_epoch_loss: 0.099521 learn_rate: 0.001000
epoch: 4 train_epoch_loss: 0.095808 learn_rate: 0.001000
epoch: 5 train_epoch_loss: 0.093748 learn_rate: 0.001000
epoch: 6 train_epoch_loss: 0.092624 learn_rate: 0.001000
epoch: 7 train_epoch_loss: 0.091925 learn_rate: 0.001000
epoch: 8 train_epoch_loss: 0.090929 learn_rate: 0.001000
epoch: 9 train_epoch_loss: 0.089448 learn_rate: 0.001000
epoch: 10 train_epoch_loss: 0.087905 learn_rate: 0.001000
epoch: 11 train_epoch_loss: 0.084145 learn_rate: 0.001000
epoch: 12 train_epoch_loss: 0.079170 learn_rate: 0.001000
epoch: 13 train_epoch_loss: 0.075037 learn_rate: 0.001000
epoch: 14 train_epoch_loss: 0.072614 learn_rate: 0.001000
epoch: 15 train_epoch_loss: 0.071905 learn_rate: 0.001000
epoch: 16 train_epoch_loss: 0.069787 learn_rate: 0.001000
epoch: 17 train_epoch_loss: 0.067986 learn_rate: 0.001000
epoch: 18 train_epoch_loss: 0.067730 learn_rate: 0.001000
epoch: 19 train_epoch_loss: 0.068596 learn_rate: 0.001000
epoch: 20 train_epoch_loss: 0.067733 learn_rate: 0.001000
epoch: 21 train_epoch_loss: 0.067198 learn_rate: 0.000333
epoch: 22 train_epoch_loss: 0.067163 learn_rate: 0.000333
epoch: 23 train_epoch_loss: 0.066749 learn_rate: 0.000333
epoch: 24 train_epoch_loss: 0.066408 learn_rate: 0.000333
epoch: 25 train_epoch_loss: 0.066388 learn_rate: 0.000333
epoch: 26 train_epoch_loss: 0.066224 learn_rate: 0.000333
epoch: 27 train_epoch_loss: 0.066128 learn_rate: 0.000333
epoch: 28 train_epoch_loss: 0.065876 learn_rate: 0.000333
epoch: 29 train_epoch_loss: 0.065654 learn_rate: 0.000333
epoch: 30 train_epoch_loss: 0.065573 learn_rate: 0.000333
epoch: 31 train_epoch_loss: 0.065093 learn_rate: 0.000333
epoch: 32 train_epoch_loss: 0.064878 learn_rate: 0.000333
epoch: 33 train_epoch_loss: 0.064737 learn_rate: 0.000333
epoch: 34 train_epoch_loss: 0.064459 learn_rate: 0.000333
epoch: 35 train_epoch_loss: 0.064021 learn_rate: 0.000333
epoch: 36 train_epoch_loss: 0.063789 learn_rate: 0.000333
epoch: 37 train_epoch_loss: 0.063782 learn_rate: 0.000333
epoch: 38 train_epoch_loss: 0.063228 learn_rate: 0.000333
epoch: 39 train_epoch_loss: 0.063090 learn_rate: 0.000333
epoch: 40 train_epoch_loss: 0.063763 learn_rate: 0.000333
epoch: 41 train_epoch_loss: 0.063371 learn_rate: 0.000333
epoch: 42 train_epoch_loss: 0.062919 learn_rate: 0.000111
epoch: 43 train_epoch_loss: 0.062513 learn_rate: 0.000111
epoch: 44 train_epoch_loss: 0.062357 learn_rate: 0.000111
epoch: 45 train_epoch_loss: 0.062230 learn_rate: 0.000111
epoch: 46 train_epoch_loss: 0.062194 learn_rate: 0.000111
epoch: 47 train_epoch_loss: 0.062049 learn_rate: 0.000111
epoch: 48 train_epoch_loss: 0.061963 learn_rate: 0.000111
epoch: 49 train_epoch_loss: 0.061840 learn_rate: 0.000111
epoch: 50 train_epoch_loss: 0.061655 learn_rate: 0.000111
epoch: 51 train_epoch_loss: 0.061579 learn_rate: 0.000111
epoch: 52 train_epoch_loss: 0.061566 learn_rate: 0.000111
epoch: 53 train_epoch_loss: 0.061456 learn_rate: 0.000111
epoch: 54 train_epoch_loss: 0.061394 learn_rate: 0.000111
epoch: 55 train_epoch_loss: 0.061310 learn_rate: 0.000111
epoch: 56 train_epoch_loss: 0.061193 learn_rate: 0.000111
epoch: 57 train_epoch_loss: 0.061156 learn_rate: 0.000111
epoch: 58 train_epoch_loss: 0.061065 learn_rate: 0.000111
epoch: 59 train_epoch_loss: 0.061039 learn_rate: 0.000111
epoch: 60 train_epoch_loss: 0.060893 learn_rate: 0.000111
epoch: 61 train_epoch_loss: 0.060897 learn_rate: 0.000111
epoch: 62 train_epoch_loss: 0.060869 learn_rate: 0.000111
epoch: 63 train_epoch_loss: 0.060746 learn_rate: 0.000111
epoch: 64 train_epoch_loss: 0.060694 learn_rate: 0.000111
epoch: 65 train_epoch_loss: 0.060664 learn_rate: 0.000111
epoch: 66 train_epoch_loss: 0.060588 learn_rate: 0.000111
epoch: 67 train_epoch_loss: 0.060564 learn_rate: 0.000111
epoch: 68 train_epoch_loss: 0.060510 learn_rate: 0.000111
epoch: 69 train_epoch_loss: 0.060424 learn_rate: 0.000111
epoch: 70 train_epoch_loss: 0.060412 learn_rate: 0.000111
epoch: 71 train_epoch_loss: 0.060358 learn_rate: 0.000111
epoch: 72 train_epoch_loss: 0.060343 learn_rate: 0.000111
epoch: 73 train_epoch_loss: 0.060301 learn_rate: 0.000111
epoch: 74 train_epoch_loss: 0.060226 learn_rate: 0.000111
epoch: 75 train_epoch_loss: 0.060130 learn_rate: 0.000111
epoch: 76 train_epoch_loss: 0.060067 learn_rate: 0.000111
epoch: 77 train_epoch_loss: 0.060124 learn_rate: 0.000111
epoch: 78 train_epoch_loss: 0.059995 learn_rate: 0.000111
epoch: 79 train_epoch_loss: 0.059956 learn_rate: 0.000111
epoch: 80 train_epoch_loss: 0.059856 learn_rate: 0.000111
epoch: 81 train_epoch_loss: 0.059845 learn_rate: 0.000111
epoch: 82 train_epoch_loss: 0.059824 learn_rate: 0.000111
epoch: 83 train_epoch_loss: 0.059790 learn_rate: 0.000111
epoch: 84 train_epoch_loss: 0.059664 learn_rate: 0.000111
epoch: 85 train_epoch_loss: 0.059609 learn_rate: 0.000111
epoch: 86 train_epoch_loss: 0.059693 learn_rate: 0.000111
epoch: 87 train_epoch_loss: 0.059646 learn_rate: 0.000111
epoch: 88 train_epoch_loss: 0.059559 learn_rate: 0.000037
epoch: 89 train_epoch_loss: 0.059443 learn_rate: 0.000037
epoch: 90 train_epoch_loss: 0.059439 learn_rate: 0.000037
epoch: 91 train_epoch_loss: 0.059396 learn_rate: 0.000037
epoch: 92 train_epoch_loss: 0.059352 learn_rate: 0.000037
epoch: 93 train_epoch_loss: 0.059367 learn_rate: 0.000037
epoch: 94 train_epoch_loss: 0.059306 learn_rate: 0.000037
epoch: 95 train_epoch_loss: 0.059332 learn_rate: 0.000037
epoch: 96 train_epoch_loss: 0.059272 learn_rate: 0.000037
epoch: 97 train_epoch_loss: 0.059256 learn_rate: 0.000037
epoch: 98 train_epoch_loss: 0.059262 learn_rate: 0.000037
epoch: 99 train_epoch_loss: 0.059209 learn_rate: 0.000037
epoch: 100 train_epoch_loss: 0.059193 learn_rate: 0.000037
epoch: 101 train_epoch_loss: 0.059202 learn_rate: 0.000037
epoch: 102 train_epoch_loss: 0.059169 learn_rate: 0.000037
epoch: 103 train_epoch_loss: 0.059160 learn_rate: 0.000037
epoch: 104 train_epoch_loss: 0.059126 learn_rate: 0.000037
epoch: 105 train_epoch_loss: 0.059107 learn_rate: 0.000037
epoch: 106 train_epoch_loss: 0.059058 learn_rate: 0.000037
epoch: 107 train_epoch_loss: 0.059051 learn_rate: 0.000037
epoch: 108 train_epoch_loss: 0.059044 learn_rate: 0.000037
epoch: 109 train_epoch_loss: 0.059025 learn_rate: 0.000037
epoch: 110 train_epoch_loss: 0.059040 learn_rate: 0.000037
epoch: 111 train_epoch_loss: 0.059029 learn_rate: 0.000037
epoch: 112 train_epoch_loss: 0.058969 learn_rate: 0.000012
epoch: 113 train_epoch_loss: 0.058980 learn_rate: 0.000012
epoch: 114 train_epoch_loss: 0.058980 learn_rate: 0.000012
epoch: 115 train_epoch_loss: 0.058962 learn_rate: 0.000004
epoch: 116 train_epoch_loss: 0.058975 learn_rate: 0.000004
epoch: 117 train_epoch_loss: 0.058954 learn_rate: 0.000004
epoch: 118 train_epoch_loss: 0.058977 learn_rate: 0.000004
epoch: 119 train_epoch_loss: 0.058961 learn_rate: 0.000004
epoch: 120 train_epoch_loss: 0.058974 learn_rate: 0.000001
epoch: 121 train_epoch_loss: 0.058957 learn_rate: 0.000001
epoch: 122 train_epoch_loss: 0.058982 learn_rate: 0.000000
epoch: 123 train_epoch_loss: 0.058968 learn_rate: 0.000000
