Mon Apr 17 18:58:15 2023
data_dict: {'mean': array([56.49852 , 62.948845, 68.536255, 74.23764 , 77.40034 , 76.85788 ,
       84.45408 , 70.347466], dtype=float32), 'std': array([2.759165 , 4.4006186, 6.1005836, 7.706542 , 8.750029 , 5.851194 ,
       5.9233265, 4.7275705], dtype=float32), 'classWeights': array([1.4673613, 5.912934 , 7.6883216], dtype=float32), 'img_shape': (256, 256, 8)}
epoch: 1 train_epoch_loss: 0.239554 learn_rate: 0.001000
epoch: 2 train_epoch_loss: 0.178813 learn_rate: 0.001000
epoch: 3 train_epoch_loss: 0.108563 learn_rate: 0.001000
epoch: 4 train_epoch_loss: 0.098271 learn_rate: 0.001000
epoch: 5 train_epoch_loss: 0.096245 learn_rate: 0.001000
epoch: 6 train_epoch_loss: 0.095667 learn_rate: 0.001000
epoch: 7 train_epoch_loss: 0.095437 learn_rate: 0.001000
epoch: 8 train_epoch_loss: 0.093718 learn_rate: 0.001000
epoch: 9 train_epoch_loss: 0.092503 learn_rate: 0.001000
epoch: 10 train_epoch_loss: 0.092218 learn_rate: 0.001000
epoch: 11 train_epoch_loss: 0.091678 learn_rate: 0.001000
epoch: 12 train_epoch_loss: 0.091090 learn_rate: 0.001000
epoch: 13 train_epoch_loss: 0.091121 learn_rate: 0.001000
epoch: 14 train_epoch_loss: 0.090802 learn_rate: 0.001000
epoch: 15 train_epoch_loss: 0.090418 learn_rate: 0.001000
epoch: 16 train_epoch_loss: 0.090357 learn_rate: 0.001000
epoch: 17 train_epoch_loss: 0.090071 learn_rate: 0.001000
epoch: 18 train_epoch_loss: 0.090009 learn_rate: 0.001000
epoch: 19 train_epoch_loss: 0.089583 learn_rate: 0.001000
epoch: 20 train_epoch_loss: 0.089355 learn_rate: 0.001000
epoch: 21 train_epoch_loss: 0.088844 learn_rate: 0.001000
epoch: 22 train_epoch_loss: 0.088075 learn_rate: 0.001000
epoch: 23 train_epoch_loss: 0.087047 learn_rate: 0.001000
epoch: 24 train_epoch_loss: 0.086350 learn_rate: 0.001000
epoch: 25 train_epoch_loss: 0.085339 learn_rate: 0.001000
epoch: 26 train_epoch_loss: 0.084664 learn_rate: 0.001000
epoch: 27 train_epoch_loss: 0.083149 learn_rate: 0.001000
epoch: 28 train_epoch_loss: 0.082545 learn_rate: 0.001000
epoch: 29 train_epoch_loss: 0.081113 learn_rate: 0.001000
epoch: 30 train_epoch_loss: 0.078998 learn_rate: 0.001000
epoch: 31 train_epoch_loss: 0.072161 learn_rate: 0.001000
epoch: 32 train_epoch_loss: 0.070504 learn_rate: 0.001000
epoch: 33 train_epoch_loss: 0.070050 learn_rate: 0.001000
epoch: 34 train_epoch_loss: 0.068386 learn_rate: 0.001000
epoch: 35 train_epoch_loss: 0.067672 learn_rate: 0.001000
epoch: 36 train_epoch_loss: 0.067331 learn_rate: 0.001000
epoch: 37 train_epoch_loss: 0.066941 learn_rate: 0.001000
epoch: 38 train_epoch_loss: 0.066518 learn_rate: 0.001000
epoch: 39 train_epoch_loss: 0.067185 learn_rate: 0.001000
epoch: 40 train_epoch_loss: 0.066328 learn_rate: 0.001000
epoch: 41 train_epoch_loss: 0.065534 learn_rate: 0.001000
epoch: 42 train_epoch_loss: 0.065098 learn_rate: 0.001000
epoch: 43 train_epoch_loss: 0.064839 learn_rate: 0.001000
epoch: 44 train_epoch_loss: 0.066183 learn_rate: 0.001000
epoch: 45 train_epoch_loss: 0.065356 learn_rate: 0.001000
epoch: 46 train_epoch_loss: 0.064569 learn_rate: 0.000333
epoch: 47 train_epoch_loss: 0.064211 learn_rate: 0.000333
epoch: 48 train_epoch_loss: 0.063873 learn_rate: 0.000333
epoch: 49 train_epoch_loss: 0.063699 learn_rate: 0.000333
epoch: 50 train_epoch_loss: 0.063503 learn_rate: 0.000333
epoch: 51 train_epoch_loss: 0.063379 learn_rate: 0.000333
epoch: 52 train_epoch_loss: 0.063197 learn_rate: 0.000333
epoch: 53 train_epoch_loss: 0.063104 learn_rate: 0.000333
epoch: 54 train_epoch_loss: 0.063080 learn_rate: 0.000333
epoch: 55 train_epoch_loss: 0.062707 learn_rate: 0.000333
epoch: 56 train_epoch_loss: 0.062426 learn_rate: 0.000333
epoch: 57 train_epoch_loss: 0.062338 learn_rate: 0.000333
epoch: 58 train_epoch_loss: 0.062444 learn_rate: 0.000333
epoch: 59 train_epoch_loss: 0.062060 learn_rate: 0.000333
epoch: 60 train_epoch_loss: 0.061803 learn_rate: 0.000333
epoch: 61 train_epoch_loss: 0.061652 learn_rate: 0.000333
epoch: 62 train_epoch_loss: 0.061547 learn_rate: 0.000333
epoch: 63 train_epoch_loss: 0.061417 learn_rate: 0.000333
epoch: 64 train_epoch_loss: 0.061297 learn_rate: 0.000333
epoch: 65 train_epoch_loss: 0.061157 learn_rate: 0.000333
epoch: 66 train_epoch_loss: 0.061158 learn_rate: 0.000333
epoch: 67 train_epoch_loss: 0.061111 learn_rate: 0.000333
epoch: 68 train_epoch_loss: 0.060867 learn_rate: 0.000333
epoch: 69 train_epoch_loss: 0.060689 learn_rate: 0.000333
epoch: 70 train_epoch_loss: 0.060681 learn_rate: 0.000333
epoch: 71 train_epoch_loss: 0.060357 learn_rate: 0.000333
epoch: 72 train_epoch_loss: 0.060204 learn_rate: 0.000333
epoch: 73 train_epoch_loss: 0.060105 learn_rate: 0.000333
epoch: 74 train_epoch_loss: 0.060029 learn_rate: 0.000333
epoch: 75 train_epoch_loss: 0.059922 learn_rate: 0.000333
epoch: 76 train_epoch_loss: 0.059955 learn_rate: 0.000333
epoch: 77 train_epoch_loss: 0.059748 learn_rate: 0.000333
epoch: 78 train_epoch_loss: 0.059668 learn_rate: 0.000333
epoch: 79 train_epoch_loss: 0.059569 learn_rate: 0.000333
epoch: 80 train_epoch_loss: 0.059435 learn_rate: 0.000333
epoch: 81 train_epoch_loss: 0.059322 learn_rate: 0.000333
epoch: 82 train_epoch_loss: 0.059165 learn_rate: 0.000333
epoch: 83 train_epoch_loss: 0.059085 learn_rate: 0.000333
epoch: 84 train_epoch_loss: 0.059319 learn_rate: 0.000333
epoch: 85 train_epoch_loss: 0.059106 learn_rate: 0.000333
epoch: 86 train_epoch_loss: 0.058967 learn_rate: 0.000111
epoch: 87 train_epoch_loss: 0.058845 learn_rate: 0.000111
epoch: 88 train_epoch_loss: 0.058786 learn_rate: 0.000111
epoch: 89 train_epoch_loss: 0.058750 learn_rate: 0.000111
epoch: 90 train_epoch_loss: 0.058708 learn_rate: 0.000111
epoch: 91 train_epoch_loss: 0.058684 learn_rate: 0.000111
epoch: 92 train_epoch_loss: 0.058637 learn_rate: 0.000111
epoch: 93 train_epoch_loss: 0.058583 learn_rate: 0.000111
epoch: 94 train_epoch_loss: 0.058557 learn_rate: 0.000111
epoch: 95 train_epoch_loss: 0.058513 learn_rate: 0.000111
epoch: 96 train_epoch_loss: 0.058466 learn_rate: 0.000111
epoch: 97 train_epoch_loss: 0.058457 learn_rate: 0.000111
epoch: 98 train_epoch_loss: 0.058437 learn_rate: 0.000111
epoch: 99 train_epoch_loss: 0.058420 learn_rate: 0.000111
epoch: 100 train_epoch_loss: 0.058404 learn_rate: 0.000111
epoch: 101 train_epoch_loss: 0.058368 learn_rate: 0.000111
epoch: 102 train_epoch_loss: 0.058325 learn_rate: 0.000111
epoch: 103 train_epoch_loss: 0.058314 learn_rate: 0.000111
epoch: 104 train_epoch_loss: 0.058296 learn_rate: 0.000111
epoch: 105 train_epoch_loss: 0.058302 learn_rate: 0.000111
epoch: 106 train_epoch_loss: 0.058260 learn_rate: 0.000111
epoch: 107 train_epoch_loss: 0.058246 learn_rate: 0.000111
epoch: 108 train_epoch_loss: 0.058209 learn_rate: 0.000111
epoch: 109 train_epoch_loss: 0.058184 learn_rate: 0.000111
epoch: 110 train_epoch_loss: 0.058155 learn_rate: 0.000111
epoch: 111 train_epoch_loss: 0.058111 learn_rate: 0.000111
epoch: 112 train_epoch_loss: 0.058072 learn_rate: 0.000111
epoch: 113 train_epoch_loss: 0.058070 learn_rate: 0.000111
epoch: 114 train_epoch_loss: 0.058049 learn_rate: 0.000111
epoch: 115 train_epoch_loss: 0.058006 learn_rate: 0.000111
epoch: 116 train_epoch_loss: 0.057994 learn_rate: 0.000111
epoch: 117 train_epoch_loss: 0.057967 learn_rate: 0.000111
epoch: 118 train_epoch_loss: 0.057987 learn_rate: 0.000111
epoch: 119 train_epoch_loss: 0.057947 learn_rate: 0.000111
epoch: 120 train_epoch_loss: 0.057930 learn_rate: 0.000111
epoch: 121 train_epoch_loss: 0.057901 learn_rate: 0.000111
epoch: 122 train_epoch_loss: 0.057887 learn_rate: 0.000111
epoch: 123 train_epoch_loss: 0.057832 learn_rate: 0.000111
epoch: 124 train_epoch_loss: 0.057814 learn_rate: 0.000111
epoch: 125 train_epoch_loss: 0.057793 learn_rate: 0.000111
epoch: 126 train_epoch_loss: 0.057763 learn_rate: 0.000111
epoch: 127 train_epoch_loss: 0.057720 learn_rate: 0.000111
epoch: 128 train_epoch_loss: 0.057717 learn_rate: 0.000111
epoch: 129 train_epoch_loss: 0.057675 learn_rate: 0.000111
epoch: 130 train_epoch_loss: 0.057694 learn_rate: 0.000111
epoch: 131 train_epoch_loss: 0.057706 learn_rate: 0.000111
epoch: 132 train_epoch_loss: 0.057640 learn_rate: 0.000037
epoch: 133 train_epoch_loss: 0.057596 learn_rate: 0.000037
epoch: 134 train_epoch_loss: 0.057544 learn_rate: 0.000037
epoch: 135 train_epoch_loss: 0.057520 learn_rate: 0.000037
epoch: 136 train_epoch_loss: 0.057514 learn_rate: 0.000037
epoch: 137 train_epoch_loss: 0.057482 learn_rate: 0.000037
epoch: 138 train_epoch_loss: 0.057482 learn_rate: 0.000037
epoch: 139 train_epoch_loss: 0.057464 learn_rate: 0.000037
epoch: 140 train_epoch_loss: 0.057452 learn_rate: 0.000037
epoch: 141 train_epoch_loss: 0.057441 learn_rate: 0.000037
epoch: 142 train_epoch_loss: 0.057415 learn_rate: 0.000037
epoch: 143 train_epoch_loss: 0.057421 learn_rate: 0.000037
epoch: 144 train_epoch_loss: 0.057397 learn_rate: 0.000037
epoch: 145 train_epoch_loss: 0.057375 learn_rate: 0.000037
epoch: 146 train_epoch_loss: 0.057366 learn_rate: 0.000037
epoch: 147 train_epoch_loss: 0.057344 learn_rate: 0.000037
epoch: 148 train_epoch_loss: 0.057332 learn_rate: 0.000037
epoch: 149 train_epoch_loss: 0.057322 learn_rate: 0.000037
epoch: 150 train_epoch_loss: 0.057315 learn_rate: 0.000037
epoch: 151 train_epoch_loss: 0.057290 learn_rate: 0.000037
epoch: 152 train_epoch_loss: 0.057273 learn_rate: 0.000037
epoch: 153 train_epoch_loss: 0.057250 learn_rate: 0.000037
epoch: 154 train_epoch_loss: 0.057245 learn_rate: 0.000037
epoch: 155 train_epoch_loss: 0.057226 learn_rate: 0.000037
epoch: 156 train_epoch_loss: 0.057188 learn_rate: 0.000037
epoch: 157 train_epoch_loss: 0.057179 learn_rate: 0.000037
epoch: 158 train_epoch_loss: 0.057170 learn_rate: 0.000037
epoch: 159 train_epoch_loss: 0.057164 learn_rate: 0.000037
epoch: 160 train_epoch_loss: 0.057152 learn_rate: 0.000037
epoch: 161 train_epoch_loss: 0.057156 learn_rate: 0.000037
epoch: 162 train_epoch_loss: 0.057124 learn_rate: 0.000037
epoch: 163 train_epoch_loss: 0.057097 learn_rate: 0.000037
epoch: 164 train_epoch_loss: 0.057069 learn_rate: 0.000037
epoch: 165 train_epoch_loss: 0.057049 learn_rate: 0.000037
epoch: 166 train_epoch_loss: 0.057037 learn_rate: 0.000037
epoch: 167 train_epoch_loss: 0.057034 learn_rate: 0.000037
epoch: 168 train_epoch_loss: 0.057009 learn_rate: 0.000037
epoch: 169 train_epoch_loss: 0.057008 learn_rate: 0.000037
epoch: 170 train_epoch_loss: 0.056995 learn_rate: 0.000037
epoch: 171 train_epoch_loss: 0.056987 learn_rate: 0.000037
epoch: 172 train_epoch_loss: 0.056957 learn_rate: 0.000037
epoch: 173 train_epoch_loss: 0.056964 learn_rate: 0.000037
epoch: 174 train_epoch_loss: 0.056943 learn_rate: 0.000037
epoch: 175 train_epoch_loss: 0.056933 learn_rate: 0.000037
epoch: 176 train_epoch_loss: 0.056906 learn_rate: 0.000037
epoch: 177 train_epoch_loss: 0.056878 learn_rate: 0.000037
epoch: 178 train_epoch_loss: 0.056887 learn_rate: 0.000037
epoch: 179 train_epoch_loss: 0.056888 learn_rate: 0.000037
epoch: 180 train_epoch_loss: 0.056860 learn_rate: 0.000012
epoch: 181 train_epoch_loss: 0.056856 learn_rate: 0.000012
epoch: 182 train_epoch_loss: 0.056846 learn_rate: 0.000012
epoch: 183 train_epoch_loss: 0.056840 learn_rate: 0.000012
epoch: 184 train_epoch_loss: 0.056827 learn_rate: 0.000012
epoch: 185 train_epoch_loss: 0.056829 learn_rate: 0.000012
epoch: 186 train_epoch_loss: 0.056820 learn_rate: 0.000012
epoch: 187 train_epoch_loss: 0.056818 learn_rate: 0.000012
epoch: 188 train_epoch_loss: 0.056819 learn_rate: 0.000012
epoch: 189 train_epoch_loss: 0.056805 learn_rate: 0.000012
epoch: 190 train_epoch_loss: 0.056806 learn_rate: 0.000012
epoch: 191 train_epoch_loss: 0.056803 learn_rate: 0.000012
epoch: 192 train_epoch_loss: 0.056801 learn_rate: 0.000012
epoch: 193 train_epoch_loss: 0.056790 learn_rate: 0.000012
epoch: 194 train_epoch_loss: 0.056785 learn_rate: 0.000012
epoch: 195 train_epoch_loss: 0.056779 learn_rate: 0.000012
epoch: 196 train_epoch_loss: 0.056785 learn_rate: 0.000012
epoch: 197 train_epoch_loss: 0.056781 learn_rate: 0.000012
epoch: 198 train_epoch_loss: 0.056792 learn_rate: 0.000004
epoch: 199 train_epoch_loss: 0.056787 learn_rate: 0.000004
epoch: 200 train_epoch_loss: 0.056780 learn_rate: 0.000001
epoch: 201 train_epoch_loss: 0.056779 learn_rate: 0.000001
epoch: 202 train_epoch_loss: 0.056778 learn_rate: 0.000001
epoch: 203 train_epoch_loss: 0.056761 learn_rate: 0.000001
epoch: 204 train_epoch_loss: 0.056778 learn_rate: 0.000001
epoch: 205 train_epoch_loss: 0.056775 learn_rate: 0.000001
epoch: 206 train_epoch_loss: 0.056769 learn_rate: 0.000000
epoch: 207 train_epoch_loss: 0.056770 learn_rate: 0.000000
