Tue Apr 25 23:30:30 2023
data_dict: {'mean': array([55.188217, 61.66017 , 67.54262 , 73.843124, 77.338745, 76.09013 ,
       82.51336 , 68.599525], dtype=float32), 'std': array([ 3.2057374,  5.3662305,  7.3917594,  9.235081 , 10.719669 ,
        7.46902  ,  8.004333 ,  6.497079 ], dtype=float32), 'classWeights': array([1.4657078, 5.9477997, 7.7063737], dtype=float32), 'img_shape': (256, 256, 8)}
epoch: 1 train_epoch_loss: 0.137870 learn_rate: 0.010000
epoch: 2 train_epoch_loss: 0.099770 learn_rate: 0.010000
epoch: 3 train_epoch_loss: 0.089852 learn_rate: 0.010000
epoch: 4 train_epoch_loss: 0.085410 learn_rate: 0.010000
epoch: 5 train_epoch_loss: 0.080208 learn_rate: 0.010000
epoch: 6 train_epoch_loss: 0.075762 learn_rate: 0.010000
epoch: 7 train_epoch_loss: 0.098365 learn_rate: 0.010000
epoch: 8 train_epoch_loss: 0.143618 learn_rate: 0.010000
epoch: 9 train_epoch_loss: 0.071658 learn_rate: 0.003333
epoch: 10 train_epoch_loss: 0.070014 learn_rate: 0.003333
epoch: 11 train_epoch_loss: 0.068910 learn_rate: 0.003333
epoch: 12 train_epoch_loss: 0.067714 learn_rate: 0.003333
epoch: 13 train_epoch_loss: 0.066717 learn_rate: 0.003333
epoch: 14 train_epoch_loss: 0.066081 learn_rate: 0.003333
epoch: 15 train_epoch_loss: 0.065323 learn_rate: 0.003333
epoch: 16 train_epoch_loss: 0.065125 learn_rate: 0.003333
epoch: 17 train_epoch_loss: 0.064479 learn_rate: 0.003333
epoch: 18 train_epoch_loss: 0.064588 learn_rate: 0.003333
epoch: 19 train_epoch_loss: 0.064335 learn_rate: 0.003333
epoch: 20 train_epoch_loss: 0.063885 learn_rate: 0.003333
epoch: 21 train_epoch_loss: 0.063359 learn_rate: 0.003333
epoch: 22 train_epoch_loss: 0.063651 learn_rate: 0.003333
epoch: 23 train_epoch_loss: 0.063496 learn_rate: 0.003333
epoch: 24 train_epoch_loss: 0.063037 learn_rate: 0.001111
epoch: 25 train_epoch_loss: 0.062785 learn_rate: 0.001111
epoch: 26 train_epoch_loss: 0.062572 learn_rate: 0.001111
epoch: 27 train_epoch_loss: 0.062414 learn_rate: 0.001111
epoch: 28 train_epoch_loss: 0.062416 learn_rate: 0.001111
epoch: 29 train_epoch_loss: 0.062339 learn_rate: 0.001111
epoch: 30 train_epoch_loss: 0.062106 learn_rate: 0.001111
epoch: 31 train_epoch_loss: 0.061893 learn_rate: 0.001111
epoch: 32 train_epoch_loss: 0.061925 learn_rate: 0.001111
epoch: 33 train_epoch_loss: 0.061912 learn_rate: 0.001111
epoch: 34 train_epoch_loss: 0.061762 learn_rate: 0.000370
epoch: 35 train_epoch_loss: 0.061741 learn_rate: 0.000370
epoch: 36 train_epoch_loss: 0.061634 learn_rate: 0.000370
epoch: 37 train_epoch_loss: 0.061682 learn_rate: 0.000370
epoch: 38 train_epoch_loss: 0.061580 learn_rate: 0.000370
epoch: 39 train_epoch_loss: 0.061521 learn_rate: 0.000370
epoch: 40 train_epoch_loss: 0.061505 learn_rate: 0.000370
epoch: 41 train_epoch_loss: 0.061489 learn_rate: 0.000370
epoch: 42 train_epoch_loss: 0.061529 learn_rate: 0.000370
epoch: 43 train_epoch_loss: 0.061426 learn_rate: 0.000370
epoch: 44 train_epoch_loss: 0.061406 learn_rate: 0.000370
epoch: 45 train_epoch_loss: 0.061371 learn_rate: 0.000370
epoch: 46 train_epoch_loss: 0.061339 learn_rate: 0.000370
epoch: 47 train_epoch_loss: 0.061321 learn_rate: 0.000370
epoch: 48 train_epoch_loss: 0.061238 learn_rate: 0.000370
epoch: 49 train_epoch_loss: 0.061181 learn_rate: 0.000370
epoch: 50 train_epoch_loss: 0.061133 learn_rate: 0.000370
epoch: 51 train_epoch_loss: 0.061127 learn_rate: 0.000370
epoch: 52 train_epoch_loss: 0.061055 learn_rate: 0.000370
epoch: 53 train_epoch_loss: 0.061046 learn_rate: 0.000370
epoch: 54 train_epoch_loss: 0.060940 learn_rate: 0.000370
epoch: 55 train_epoch_loss: 0.060986 learn_rate: 0.000370
epoch: 56 train_epoch_loss: 0.060854 learn_rate: 0.000370
epoch: 57 train_epoch_loss: 0.060703 learn_rate: 0.000370
epoch: 58 train_epoch_loss: 0.060771 learn_rate: 0.000370
epoch: 59 train_epoch_loss: 0.060703 learn_rate: 0.000370
epoch: 60 train_epoch_loss: 0.060715 learn_rate: 0.000370
epoch: 61 train_epoch_loss: 0.060802 learn_rate: 0.000370
epoch: 62 train_epoch_loss: 0.060628 learn_rate: 0.000123
epoch: 63 train_epoch_loss: 0.060611 learn_rate: 0.000123
epoch: 64 train_epoch_loss: 0.060565 learn_rate: 0.000123
epoch: 65 train_epoch_loss: 0.060603 learn_rate: 0.000123
epoch: 66 train_epoch_loss: 0.060544 learn_rate: 0.000123
epoch: 67 train_epoch_loss: 0.060535 learn_rate: 0.000123
epoch: 68 train_epoch_loss: 0.060522 learn_rate: 0.000123
epoch: 69 train_epoch_loss: 0.060548 learn_rate: 0.000123
epoch: 70 train_epoch_loss: 0.060426 learn_rate: 0.000123
epoch: 71 train_epoch_loss: 0.060484 learn_rate: 0.000123
epoch: 72 train_epoch_loss: 0.060478 learn_rate: 0.000123
epoch: 73 train_epoch_loss: 0.060374 learn_rate: 0.000041
epoch: 74 train_epoch_loss: 0.060431 learn_rate: 0.000041
epoch: 75 train_epoch_loss: 0.060475 learn_rate: 0.000041
epoch: 76 train_epoch_loss: 0.060447 learn_rate: 0.000014
epoch: 77 train_epoch_loss: 0.060464 learn_rate: 0.000014
epoch: 78 train_epoch_loss: 0.060377 learn_rate: 0.000005
epoch: 79 train_epoch_loss: 0.060423 learn_rate: 0.000005
epoch: 80 train_epoch_loss: 0.060425 learn_rate: 0.000002
epoch: 81 train_epoch_loss: 0.060357 learn_rate: 0.000002
epoch: 82 train_epoch_loss: 0.060428 learn_rate: 0.000002
epoch: 83 train_epoch_loss: 0.060443 learn_rate: 0.000002
epoch: 84 train_epoch_loss: 0.060462 learn_rate: 0.000001
epoch: 85 train_epoch_loss: 0.060399 learn_rate: 0.000001
