Thu Apr 27 01:53:23 2023
data_dict: {'mean': array([53.760475, 59.68678 , 65.528595, 71.5093  , 74.48431 , 75.272766,
       82.764824, 68.58264 ], dtype=float32), 'std': array([ 3.2217252,  5.1760044,  7.235985 ,  9.197803 , 10.428832 ,
        7.5634184,  7.9637656,  6.4640794], dtype=float32), 'classWeights': array([1.4667162, 5.9092665, 7.725725 ], dtype=float32), 'img_shape': (256, 256, 8)}
epoch: 1 iter: 1 train_iter_loss: 0.244262 learn_rate: 0.010000 
epoch: 1 iter: 2 train_iter_loss: 0.239969 learn_rate: 0.010000 
epoch: 1 iter: 3 train_iter_loss: 0.212314 learn_rate: 0.010000 
epoch: 1 iter: 4 train_iter_loss: 0.170116 learn_rate: 0.010000 
epoch: 1 iter: 5 train_iter_loss: 0.159065 learn_rate: 0.010000 
epoch: 1 iter: 6 train_iter_loss: 0.140869 learn_rate: 0.010000 
epoch: 1 iter: 7 train_iter_loss: 0.138585 learn_rate: 0.010000 
epoch: 1 iter: 8 train_iter_loss: 0.128332 learn_rate: 0.010000 
epoch: 1 iter: 9 train_iter_loss: 0.119426 learn_rate: 0.010000 
epoch: 1 iter: 10 train_iter_loss: 0.121580 learn_rate: 0.010000 
epoch: 1 iter: 11 train_iter_loss: 0.116844 learn_rate: 0.010000 
epoch: 1 iter: 12 train_iter_loss: 0.093637 learn_rate: 0.010000 
epoch: 1 iter: 13 train_iter_loss: 0.117562 learn_rate: 0.010000 
epoch: 1 iter: 14 train_iter_loss: 0.097117 learn_rate: 0.010000 
epoch: 1 iter: 15 train_iter_loss: 0.087175 learn_rate: 0.010000 
epoch: 1 iter: 16 train_iter_loss: 0.101630 learn_rate: 0.010000 
epoch: 1 iter: 17 train_iter_loss: 0.104524 learn_rate: 0.010000 
epoch: 1 iter: 18 train_iter_loss: 0.092920 learn_rate: 0.010000 
epoch: 1 iter: 19 train_iter_loss: 0.107505 learn_rate: 0.010000 
epoch: 1 iter: 20 train_iter_loss: 0.102467 learn_rate: 0.010000 
epoch: 1 iter: 21 train_iter_loss: 0.101863 learn_rate: 0.010000 
epoch: 1 iter: 22 train_iter_loss: 0.104077 learn_rate: 0.010000 
epoch: 1 iter: 23 train_iter_loss: 0.094042 learn_rate: 0.010000 
epoch: 1 train_epoch_loss: 0.130256 learn_rate: 0.010000 test_p: 0.437855 test_r: 0.624302 test_f: 0.514536
epoch: 2 iter: 1 train_iter_loss: 0.089250 learn_rate: 0.010000 
epoch: 2 iter: 2 train_iter_loss: 0.102714 learn_rate: 0.010000 
epoch: 2 iter: 3 train_iter_loss: 0.097264 learn_rate: 0.010000 
epoch: 2 iter: 4 train_iter_loss: 0.100792 learn_rate: 0.010000 
epoch: 2 iter: 5 train_iter_loss: 0.103301 learn_rate: 0.010000 
epoch: 2 iter: 6 train_iter_loss: 0.088313 learn_rate: 0.010000 
epoch: 2 iter: 7 train_iter_loss: 0.089282 learn_rate: 0.010000 
epoch: 2 iter: 8 train_iter_loss: 0.089767 learn_rate: 0.010000 
epoch: 2 iter: 9 train_iter_loss: 0.087341 learn_rate: 0.010000 
epoch: 2 iter: 10 train_iter_loss: 0.098142 learn_rate: 0.010000 
epoch: 2 iter: 11 train_iter_loss: 0.106887 learn_rate: 0.010000 
epoch: 2 iter: 12 train_iter_loss: 0.100303 learn_rate: 0.010000 
epoch: 2 iter: 13 train_iter_loss: 0.101683 learn_rate: 0.010000 
epoch: 2 iter: 14 train_iter_loss: 0.086790 learn_rate: 0.010000 
epoch: 2 iter: 15 train_iter_loss: 0.098609 learn_rate: 0.010000 
epoch: 2 iter: 16 train_iter_loss: 0.085409 learn_rate: 0.010000 
epoch: 2 iter: 17 train_iter_loss: 0.090486 learn_rate: 0.010000 
epoch: 2 iter: 18 train_iter_loss: 0.095089 learn_rate: 0.010000 
epoch: 2 iter: 19 train_iter_loss: 0.084104 learn_rate: 0.010000 
epoch: 2 iter: 20 train_iter_loss: 0.094529 learn_rate: 0.010000 
epoch: 2 iter: 21 train_iter_loss: 0.085986 learn_rate: 0.010000 
epoch: 2 iter: 22 train_iter_loss: 0.102972 learn_rate: 0.010000 
epoch: 2 iter: 23 train_iter_loss: 0.085621 learn_rate: 0.010000 
epoch: 2 train_epoch_loss: 0.094115 learn_rate: 0.010000 test_p: 0.434486 test_r: 0.625237 test_f: 0.512566
epoch: 3 iter: 1 train_iter_loss: 0.103715 learn_rate: 0.010000 
epoch: 3 iter: 2 train_iter_loss: 0.085147 learn_rate: 0.010000 
epoch: 3 iter: 3 train_iter_loss: 0.081733 learn_rate: 0.010000 
epoch: 3 iter: 4 train_iter_loss: 0.086827 learn_rate: 0.010000 
epoch: 3 iter: 5 train_iter_loss: 0.104396 learn_rate: 0.010000 
epoch: 3 iter: 6 train_iter_loss: 0.093595 learn_rate: 0.010000 
epoch: 3 iter: 7 train_iter_loss: 0.081192 learn_rate: 0.010000 
epoch: 3 iter: 8 train_iter_loss: 0.086879 learn_rate: 0.010000 
epoch: 3 iter: 9 train_iter_loss: 0.081572 learn_rate: 0.010000 
epoch: 3 iter: 10 train_iter_loss: 0.084684 learn_rate: 0.010000 
epoch: 3 iter: 11 train_iter_loss: 0.091834 learn_rate: 0.010000 
epoch: 3 iter: 12 train_iter_loss: 0.088456 learn_rate: 0.010000 
epoch: 3 iter: 13 train_iter_loss: 0.101956 learn_rate: 0.010000 
epoch: 3 iter: 14 train_iter_loss: 0.090229 learn_rate: 0.010000 
epoch: 3 iter: 15 train_iter_loss: 0.102676 learn_rate: 0.010000 
epoch: 3 iter: 16 train_iter_loss: 0.106256 learn_rate: 0.010000 
epoch: 3 iter: 17 train_iter_loss: 0.095626 learn_rate: 0.010000 
epoch: 3 iter: 18 train_iter_loss: 0.090598 learn_rate: 0.010000 
epoch: 3 iter: 19 train_iter_loss: 0.087451 learn_rate: 0.010000 
epoch: 3 iter: 20 train_iter_loss: 0.089350 learn_rate: 0.010000 
epoch: 3 iter: 21 train_iter_loss: 0.087448 learn_rate: 0.010000 
epoch: 3 iter: 22 train_iter_loss: 0.086004 learn_rate: 0.010000 
epoch: 3 iter: 23 train_iter_loss: 0.099233 learn_rate: 0.010000 
epoch: 3 train_epoch_loss: 0.091602 learn_rate: 0.010000 test_p: 0.642492 test_r: 0.628089 test_f: 0.634807
epoch: 4 iter: 1 train_iter_loss: 0.102317 learn_rate: 0.010000 
epoch: 4 iter: 2 train_iter_loss: 0.100741 learn_rate: 0.010000 
epoch: 4 iter: 3 train_iter_loss: 0.091887 learn_rate: 0.010000 
epoch: 4 iter: 4 train_iter_loss: 0.089972 learn_rate: 0.010000 
epoch: 4 iter: 5 train_iter_loss: 0.093417 learn_rate: 0.010000 
epoch: 4 iter: 6 train_iter_loss: 0.086582 learn_rate: 0.010000 
epoch: 4 iter: 7 train_iter_loss: 0.090172 learn_rate: 0.010000 
epoch: 4 iter: 8 train_iter_loss: 0.077421 learn_rate: 0.010000 
epoch: 4 iter: 9 train_iter_loss: 0.094228 learn_rate: 0.010000 
epoch: 4 iter: 10 train_iter_loss: 0.083613 learn_rate: 0.010000 
epoch: 4 iter: 11 train_iter_loss: 0.093804 learn_rate: 0.010000 
epoch: 4 iter: 12 train_iter_loss: 0.085367 learn_rate: 0.010000 
epoch: 4 iter: 13 train_iter_loss: 0.079627 learn_rate: 0.010000 
epoch: 4 iter: 14 train_iter_loss: 0.084611 learn_rate: 0.010000 
epoch: 4 iter: 15 train_iter_loss: 0.090588 learn_rate: 0.010000 
epoch: 4 iter: 16 train_iter_loss: 0.080458 learn_rate: 0.010000 
epoch: 4 iter: 17 train_iter_loss: 0.085896 learn_rate: 0.010000 
epoch: 4 iter: 18 train_iter_loss: 0.087993 learn_rate: 0.010000 
epoch: 4 iter: 19 train_iter_loss: 0.087961 learn_rate: 0.010000 
epoch: 4 iter: 20 train_iter_loss: 0.090546 learn_rate: 0.010000 
epoch: 4 iter: 21 train_iter_loss: 0.088513 learn_rate: 0.010000 
epoch: 4 iter: 22 train_iter_loss: 0.098532 learn_rate: 0.010000 
epoch: 4 iter: 23 train_iter_loss: 0.077999 learn_rate: 0.010000 
epoch: 4 train_epoch_loss: 0.088793 learn_rate: 0.010000 test_p: 0.673089 test_r: 0.660090 test_f: 0.666372
epoch: 5 iter: 1 train_iter_loss: 0.093928 learn_rate: 0.010000 
epoch: 5 iter: 2 train_iter_loss: 0.097900 learn_rate: 0.010000 
epoch: 5 iter: 3 train_iter_loss: 0.090985 learn_rate: 0.010000 
epoch: 5 iter: 4 train_iter_loss: 0.089460 learn_rate: 0.010000 
epoch: 5 iter: 5 train_iter_loss: 0.093313 learn_rate: 0.010000 
epoch: 5 iter: 6 train_iter_loss: 0.090527 learn_rate: 0.010000 
epoch: 5 iter: 7 train_iter_loss: 0.082669 learn_rate: 0.010000 
epoch: 5 iter: 8 train_iter_loss: 0.081875 learn_rate: 0.010000 
epoch: 5 iter: 9 train_iter_loss: 0.079393 learn_rate: 0.010000 
epoch: 5 iter: 10 train_iter_loss: 0.081898 learn_rate: 0.010000 
epoch: 5 iter: 11 train_iter_loss: 0.084403 learn_rate: 0.010000 
epoch: 5 iter: 12 train_iter_loss: 0.090663 learn_rate: 0.010000 
epoch: 5 iter: 13 train_iter_loss: 0.092783 learn_rate: 0.010000 
epoch: 5 iter: 14 train_iter_loss: 0.078549 learn_rate: 0.010000 
epoch: 5 iter: 15 train_iter_loss: 0.076832 learn_rate: 0.010000 
epoch: 5 iter: 16 train_iter_loss: 0.088591 learn_rate: 0.010000 
epoch: 5 iter: 17 train_iter_loss: 0.087494 learn_rate: 0.010000 
epoch: 5 iter: 18 train_iter_loss: 0.087069 learn_rate: 0.010000 
epoch: 5 iter: 19 train_iter_loss: 0.083015 learn_rate: 0.010000 
epoch: 5 iter: 20 train_iter_loss: 0.083952 learn_rate: 0.010000 
epoch: 5 iter: 21 train_iter_loss: 0.090574 learn_rate: 0.010000 
epoch: 5 iter: 22 train_iter_loss: 0.084187 learn_rate: 0.010000 
epoch: 5 iter: 23 train_iter_loss: 0.076967 learn_rate: 0.010000 
epoch: 5 train_epoch_loss: 0.086393 learn_rate: 0.010000 test_p: 0.706279 test_r: 0.691223 test_f: 0.698636
epoch: 6 iter: 1 train_iter_loss: 0.085382 learn_rate: 0.010000 
epoch: 6 iter: 2 train_iter_loss: 0.083282 learn_rate: 0.010000 
epoch: 6 iter: 3 train_iter_loss: 0.086508 learn_rate: 0.010000 
epoch: 6 iter: 4 train_iter_loss: 0.085528 learn_rate: 0.010000 
epoch: 6 iter: 5 train_iter_loss: 0.088839 learn_rate: 0.010000 
epoch: 6 iter: 6 train_iter_loss: 0.081471 learn_rate: 0.010000 
epoch: 6 iter: 7 train_iter_loss: 0.078243 learn_rate: 0.010000 
epoch: 6 iter: 8 train_iter_loss: 0.082748 learn_rate: 0.010000 
epoch: 6 iter: 9 train_iter_loss: 0.090072 learn_rate: 0.010000 
epoch: 6 iter: 10 train_iter_loss: 0.075032 learn_rate: 0.010000 
epoch: 6 iter: 11 train_iter_loss: 0.085330 learn_rate: 0.010000 
epoch: 6 iter: 12 train_iter_loss: 0.079746 learn_rate: 0.010000 
epoch: 6 iter: 13 train_iter_loss: 0.078657 learn_rate: 0.010000 
epoch: 6 iter: 14 train_iter_loss: 0.081492 learn_rate: 0.010000 
epoch: 6 iter: 15 train_iter_loss: 0.087525 learn_rate: 0.010000 
epoch: 6 iter: 16 train_iter_loss: 0.086350 learn_rate: 0.010000 
epoch: 6 iter: 17 train_iter_loss: 0.081493 learn_rate: 0.010000 
epoch: 6 iter: 18 train_iter_loss: 0.074496 learn_rate: 0.010000 
epoch: 6 iter: 19 train_iter_loss: 0.084071 learn_rate: 0.010000 
epoch: 6 iter: 20 train_iter_loss: 0.080565 learn_rate: 0.010000 
epoch: 6 iter: 21 train_iter_loss: 0.082122 learn_rate: 0.010000 
epoch: 6 iter: 22 train_iter_loss: 0.076124 learn_rate: 0.010000 
epoch: 6 iter: 23 train_iter_loss: 0.082981 learn_rate: 0.010000 
epoch: 6 train_epoch_loss: 0.082524 learn_rate: 0.010000 test_p: 0.766742 test_r: 0.754910 test_f: 0.760748
epoch: 7 iter: 1 train_iter_loss: 0.083481 learn_rate: 0.010000 
epoch: 7 iter: 2 train_iter_loss: 0.083557 learn_rate: 0.010000 
epoch: 7 iter: 3 train_iter_loss: 0.077075 learn_rate: 0.010000 
epoch: 7 iter: 4 train_iter_loss: 0.078302 learn_rate: 0.010000 
epoch: 7 iter: 5 train_iter_loss: 0.079606 learn_rate: 0.010000 
epoch: 7 iter: 6 train_iter_loss: 0.076105 learn_rate: 0.010000 
epoch: 7 iter: 7 train_iter_loss: 0.078828 learn_rate: 0.010000 
epoch: 7 iter: 8 train_iter_loss: 0.076141 learn_rate: 0.010000 
epoch: 7 iter: 9 train_iter_loss: 0.076584 learn_rate: 0.010000 
epoch: 7 iter: 10 train_iter_loss: 0.076486 learn_rate: 0.010000 
epoch: 7 iter: 11 train_iter_loss: 0.078861 learn_rate: 0.010000 
epoch: 7 iter: 12 train_iter_loss: 0.073196 learn_rate: 0.010000 
epoch: 7 iter: 13 train_iter_loss: 0.075831 learn_rate: 0.010000 
epoch: 7 iter: 14 train_iter_loss: 0.081032 learn_rate: 0.010000 
epoch: 7 iter: 15 train_iter_loss: 0.078180 learn_rate: 0.010000 
epoch: 7 iter: 16 train_iter_loss: 0.075481 learn_rate: 0.010000 
epoch: 7 iter: 17 train_iter_loss: 0.075273 learn_rate: 0.010000 
epoch: 7 iter: 18 train_iter_loss: 0.078984 learn_rate: 0.010000 
epoch: 7 iter: 19 train_iter_loss: 0.074807 learn_rate: 0.010000 
epoch: 7 iter: 20 train_iter_loss: 0.073345 learn_rate: 0.010000 
epoch: 7 iter: 21 train_iter_loss: 0.079481 learn_rate: 0.010000 
epoch: 7 iter: 22 train_iter_loss: 0.074018 learn_rate: 0.010000 
epoch: 7 iter: 23 train_iter_loss: 0.078145 learn_rate: 0.010000 
epoch: 7 train_epoch_loss: 0.077513 learn_rate: 0.010000 test_p: 0.767704 test_r: 0.732571 test_f: 0.749718
epoch: 8 iter: 1 train_iter_loss: 0.079915 learn_rate: 0.010000 
epoch: 8 iter: 2 train_iter_loss: 0.076167 learn_rate: 0.010000 
epoch: 8 iter: 3 train_iter_loss: 0.074040 learn_rate: 0.010000 
epoch: 8 iter: 4 train_iter_loss: 0.076133 learn_rate: 0.010000 
epoch: 8 iter: 5 train_iter_loss: 0.076333 learn_rate: 0.010000 
epoch: 8 iter: 6 train_iter_loss: 0.074256 learn_rate: 0.010000 
epoch: 8 iter: 7 train_iter_loss: 0.075444 learn_rate: 0.010000 
epoch: 8 iter: 8 train_iter_loss: 0.070271 learn_rate: 0.010000 
epoch: 8 iter: 9 train_iter_loss: 0.073272 learn_rate: 0.010000 
epoch: 8 iter: 10 train_iter_loss: 0.068754 learn_rate: 0.010000 
epoch: 8 iter: 11 train_iter_loss: 0.073419 learn_rate: 0.010000 
epoch: 8 iter: 12 train_iter_loss: 0.079832 learn_rate: 0.010000 
epoch: 8 iter: 13 train_iter_loss: 0.080801 learn_rate: 0.010000 
epoch: 8 iter: 14 train_iter_loss: 0.084623 learn_rate: 0.010000 
epoch: 8 iter: 15 train_iter_loss: 0.076248 learn_rate: 0.010000 
epoch: 8 iter: 16 train_iter_loss: 0.076858 learn_rate: 0.010000 
epoch: 8 iter: 17 train_iter_loss: 0.073297 learn_rate: 0.010000 
epoch: 8 iter: 18 train_iter_loss: 0.077227 learn_rate: 0.010000 
epoch: 8 iter: 19 train_iter_loss: 0.071177 learn_rate: 0.010000 
epoch: 8 iter: 20 train_iter_loss: 0.084816 learn_rate: 0.010000 
epoch: 8 iter: 21 train_iter_loss: 0.082627 learn_rate: 0.010000 
epoch: 8 iter: 22 train_iter_loss: 0.079825 learn_rate: 0.010000 
epoch: 8 iter: 23 train_iter_loss: 0.077041 learn_rate: 0.010000 
epoch: 8 train_epoch_loss: 0.076625 learn_rate: 0.010000 test_p: 0.759324 test_r: 0.744756 test_f: 0.751941
epoch: 9 iter: 1 train_iter_loss: 0.075136 learn_rate: 0.010000 
epoch: 9 iter: 2 train_iter_loss: 0.076091 learn_rate: 0.010000 
epoch: 9 iter: 3 train_iter_loss: 0.075385 learn_rate: 0.010000 
epoch: 9 iter: 4 train_iter_loss: 0.071519 learn_rate: 0.010000 
epoch: 9 iter: 5 train_iter_loss: 0.072385 learn_rate: 0.010000 
epoch: 9 iter: 6 train_iter_loss: 0.075357 learn_rate: 0.010000 
epoch: 9 iter: 7 train_iter_loss: 0.073196 learn_rate: 0.010000 
epoch: 9 iter: 8 train_iter_loss: 0.075598 learn_rate: 0.010000 
epoch: 9 iter: 9 train_iter_loss: 0.079838 learn_rate: 0.010000 
epoch: 9 iter: 10 train_iter_loss: 0.076698 learn_rate: 0.010000 
epoch: 9 iter: 11 train_iter_loss: 0.070996 learn_rate: 0.010000 
epoch: 9 iter: 12 train_iter_loss: 0.074161 learn_rate: 0.010000 
epoch: 9 iter: 13 train_iter_loss: 0.070294 learn_rate: 0.010000 
epoch: 9 iter: 14 train_iter_loss: 0.070044 learn_rate: 0.010000 
epoch: 9 iter: 15 train_iter_loss: 0.075298 learn_rate: 0.010000 
epoch: 9 iter: 16 train_iter_loss: 0.074422 learn_rate: 0.010000 
epoch: 9 iter: 17 train_iter_loss: 0.073562 learn_rate: 0.010000 
epoch: 9 iter: 18 train_iter_loss: 0.073444 learn_rate: 0.010000 
epoch: 9 iter: 19 train_iter_loss: 0.070407 learn_rate: 0.010000 
epoch: 9 iter: 20 train_iter_loss: 0.075873 learn_rate: 0.010000 
epoch: 9 iter: 21 train_iter_loss: 0.073520 learn_rate: 0.010000 
epoch: 9 iter: 22 train_iter_loss: 0.072471 learn_rate: 0.010000 
epoch: 9 iter: 23 train_iter_loss: 0.066962 learn_rate: 0.010000 
epoch: 9 train_epoch_loss: 0.073594 learn_rate: 0.010000 test_p: 0.774701 test_r: 0.749957 test_f: 0.762109
epoch: 10 iter: 1 train_iter_loss: 0.074706 learn_rate: 0.010000 
epoch: 10 iter: 2 train_iter_loss: 0.071072 learn_rate: 0.010000 
epoch: 10 iter: 3 train_iter_loss: 0.072842 learn_rate: 0.010000 
epoch: 10 iter: 4 train_iter_loss: 0.075550 learn_rate: 0.010000 
epoch: 10 iter: 5 train_iter_loss: 0.075543 learn_rate: 0.010000 
epoch: 10 iter: 6 train_iter_loss: 0.065888 learn_rate: 0.010000 
epoch: 10 iter: 7 train_iter_loss: 0.071429 learn_rate: 0.010000 
epoch: 10 iter: 8 train_iter_loss: 0.074549 learn_rate: 0.010000 
epoch: 10 iter: 9 train_iter_loss: 0.082481 learn_rate: 0.010000 
epoch: 10 iter: 10 train_iter_loss: 0.079094 learn_rate: 0.010000 
epoch: 10 iter: 11 train_iter_loss: 0.078609 learn_rate: 0.010000 
epoch: 10 iter: 12 train_iter_loss: 0.074983 learn_rate: 0.010000 
epoch: 10 iter: 13 train_iter_loss: 0.077285 learn_rate: 0.010000 
epoch: 10 iter: 14 train_iter_loss: 0.075993 learn_rate: 0.010000 
epoch: 10 iter: 15 train_iter_loss: 0.075690 learn_rate: 0.010000 
epoch: 10 iter: 16 train_iter_loss: 0.074584 learn_rate: 0.010000 
epoch: 10 iter: 17 train_iter_loss: 0.074753 learn_rate: 0.010000 
epoch: 10 iter: 18 train_iter_loss: 0.077593 learn_rate: 0.010000 
epoch: 10 iter: 19 train_iter_loss: 0.072584 learn_rate: 0.010000 
epoch: 10 iter: 20 train_iter_loss: 0.072828 learn_rate: 0.010000 
epoch: 10 iter: 21 train_iter_loss: 0.076473 learn_rate: 0.010000 
epoch: 10 iter: 22 train_iter_loss: 0.071543 learn_rate: 0.010000 
epoch: 10 iter: 23 train_iter_loss: 0.074265 learn_rate: 0.010000 
epoch: 10 train_epoch_loss: 0.074797 learn_rate: 0.010000 test_p: 0.778059 test_r: 0.753511 test_f: 0.765539
epoch: 11 iter: 1 train_iter_loss: 0.071249 learn_rate: 0.010000 
epoch: 11 iter: 2 train_iter_loss: 0.070739 learn_rate: 0.010000 
epoch: 11 iter: 3 train_iter_loss: 0.076039 learn_rate: 0.010000 
epoch: 11 iter: 4 train_iter_loss: 0.072450 learn_rate: 0.010000 
epoch: 11 iter: 5 train_iter_loss: 0.070745 learn_rate: 0.010000 
epoch: 11 iter: 6 train_iter_loss: 0.068711 learn_rate: 0.010000 
epoch: 11 iter: 7 train_iter_loss: 0.072927 learn_rate: 0.010000 
epoch: 11 iter: 8 train_iter_loss: 0.072157 learn_rate: 0.010000 
epoch: 11 iter: 9 train_iter_loss: 0.070670 learn_rate: 0.010000 
epoch: 11 iter: 10 train_iter_loss: 0.073441 learn_rate: 0.010000 
epoch: 11 iter: 11 train_iter_loss: 0.070456 learn_rate: 0.010000 
epoch: 11 iter: 12 train_iter_loss: 0.072852 learn_rate: 0.010000 
epoch: 11 iter: 13 train_iter_loss: 0.068133 learn_rate: 0.010000 
epoch: 11 iter: 14 train_iter_loss: 0.074531 learn_rate: 0.010000 
epoch: 11 iter: 15 train_iter_loss: 0.071017 learn_rate: 0.010000 
epoch: 11 iter: 16 train_iter_loss: 0.069457 learn_rate: 0.010000 
epoch: 11 iter: 17 train_iter_loss: 0.071188 learn_rate: 0.010000 
epoch: 11 iter: 18 train_iter_loss: 0.070336 learn_rate: 0.010000 
epoch: 11 iter: 19 train_iter_loss: 0.071412 learn_rate: 0.010000 
epoch: 11 iter: 20 train_iter_loss: 0.075160 learn_rate: 0.010000 
epoch: 11 iter: 21 train_iter_loss: 0.072597 learn_rate: 0.010000 
epoch: 11 iter: 22 train_iter_loss: 0.073178 learn_rate: 0.010000 
epoch: 11 iter: 23 train_iter_loss: 0.070841 learn_rate: 0.010000 
epoch: 11 train_epoch_loss: 0.071752 learn_rate: 0.010000 test_p: 0.752663 test_r: 0.742372 test_f: 0.747482
epoch: 12 iter: 1 train_iter_loss: 0.069457 learn_rate: 0.010000 
epoch: 12 iter: 2 train_iter_loss: 0.071942 learn_rate: 0.010000 
epoch: 12 iter: 3 train_iter_loss: 0.067967 learn_rate: 0.010000 
epoch: 12 iter: 4 train_iter_loss: 0.068274 learn_rate: 0.010000 
epoch: 12 iter: 5 train_iter_loss: 0.066461 learn_rate: 0.010000 
epoch: 12 iter: 6 train_iter_loss: 0.072668 learn_rate: 0.010000 
epoch: 12 iter: 7 train_iter_loss: 0.071365 learn_rate: 0.010000 
epoch: 12 iter: 8 train_iter_loss: 0.070520 learn_rate: 0.010000 
epoch: 12 iter: 9 train_iter_loss: 0.067737 learn_rate: 0.010000 
epoch: 12 iter: 10 train_iter_loss: 0.069722 learn_rate: 0.010000 
epoch: 12 iter: 11 train_iter_loss: 0.073443 learn_rate: 0.010000 
epoch: 12 iter: 12 train_iter_loss: 0.068159 learn_rate: 0.010000 
epoch: 12 iter: 13 train_iter_loss: 0.066628 learn_rate: 0.010000 
epoch: 12 iter: 14 train_iter_loss: 0.066182 learn_rate: 0.010000 
epoch: 12 iter: 15 train_iter_loss: 0.072480 learn_rate: 0.010000 
epoch: 12 iter: 16 train_iter_loss: 0.067741 learn_rate: 0.010000 
epoch: 12 iter: 17 train_iter_loss: 0.073451 learn_rate: 0.010000 
epoch: 12 iter: 18 train_iter_loss: 0.069055 learn_rate: 0.010000 
epoch: 12 iter: 19 train_iter_loss: 0.071748 learn_rate: 0.010000 
epoch: 12 iter: 20 train_iter_loss: 0.067934 learn_rate: 0.010000 
epoch: 12 iter: 21 train_iter_loss: 0.075865 learn_rate: 0.010000 
epoch: 12 iter: 22 train_iter_loss: 0.069863 learn_rate: 0.010000 
epoch: 12 iter: 23 train_iter_loss: 0.068960 learn_rate: 0.010000 
epoch: 12 train_epoch_loss: 0.069897 learn_rate: 0.010000 test_p: 0.762562 test_r: 0.744802 test_f: 0.753573
epoch: 13 iter: 1 train_iter_loss: 0.067846 learn_rate: 0.010000 
epoch: 13 iter: 2 train_iter_loss: 0.066735 learn_rate: 0.010000 
epoch: 13 iter: 3 train_iter_loss: 0.070235 learn_rate: 0.010000 
epoch: 13 iter: 4 train_iter_loss: 0.067753 learn_rate: 0.010000 
epoch: 13 iter: 5 train_iter_loss: 0.072606 learn_rate: 0.010000 
epoch: 13 iter: 6 train_iter_loss: 0.067561 learn_rate: 0.010000 
epoch: 13 iter: 7 train_iter_loss: 0.068869 learn_rate: 0.010000 
epoch: 13 iter: 8 train_iter_loss: 0.073819 learn_rate: 0.010000 
epoch: 13 iter: 9 train_iter_loss: 0.069554 learn_rate: 0.010000 
epoch: 13 iter: 10 train_iter_loss: 0.069235 learn_rate: 0.010000 
epoch: 13 iter: 11 train_iter_loss: 0.068341 learn_rate: 0.010000 
epoch: 13 iter: 12 train_iter_loss: 0.067395 learn_rate: 0.010000 
epoch: 13 iter: 13 train_iter_loss: 0.065446 learn_rate: 0.010000 
epoch: 13 iter: 14 train_iter_loss: 0.066928 learn_rate: 0.010000 
epoch: 13 iter: 15 train_iter_loss: 0.068474 learn_rate: 0.010000 
epoch: 13 iter: 16 train_iter_loss: 0.068333 learn_rate: 0.010000 
epoch: 13 iter: 17 train_iter_loss: 0.067595 learn_rate: 0.010000 
epoch: 13 iter: 18 train_iter_loss: 0.068633 learn_rate: 0.010000 
epoch: 13 iter: 19 train_iter_loss: 0.069687 learn_rate: 0.010000 
epoch: 13 iter: 20 train_iter_loss: 0.071640 learn_rate: 0.010000 
epoch: 13 iter: 21 train_iter_loss: 0.071454 learn_rate: 0.010000 
epoch: 13 iter: 22 train_iter_loss: 0.070410 learn_rate: 0.010000 
epoch: 13 iter: 23 train_iter_loss: 0.070862 learn_rate: 0.010000 
epoch: 13 train_epoch_loss: 0.069105 learn_rate: 0.010000 test_p: 0.758823 test_r: 0.749267 test_f: 0.754006
epoch: 14 iter: 1 train_iter_loss: 0.067688 learn_rate: 0.010000 
epoch: 14 iter: 2 train_iter_loss: 0.075322 learn_rate: 0.010000 
epoch: 14 iter: 3 train_iter_loss: 0.068905 learn_rate: 0.010000 
epoch: 14 iter: 4 train_iter_loss: 0.065654 learn_rate: 0.010000 
epoch: 14 iter: 5 train_iter_loss: 0.065819 learn_rate: 0.010000 
epoch: 14 iter: 6 train_iter_loss: 0.071700 learn_rate: 0.010000 
epoch: 14 iter: 7 train_iter_loss: 0.068042 learn_rate: 0.010000 
epoch: 14 iter: 8 train_iter_loss: 0.071898 learn_rate: 0.010000 
epoch: 14 iter: 9 train_iter_loss: 0.070023 learn_rate: 0.010000 
epoch: 14 iter: 10 train_iter_loss: 0.066722 learn_rate: 0.010000 
epoch: 14 iter: 11 train_iter_loss: 0.065630 learn_rate: 0.010000 
epoch: 14 iter: 12 train_iter_loss: 0.070247 learn_rate: 0.010000 
epoch: 14 iter: 13 train_iter_loss: 0.072669 learn_rate: 0.010000 
epoch: 14 iter: 14 train_iter_loss: 0.064327 learn_rate: 0.010000 
epoch: 14 iter: 15 train_iter_loss: 0.070706 learn_rate: 0.010000 
epoch: 14 iter: 16 train_iter_loss: 0.070948 learn_rate: 0.010000 
epoch: 14 iter: 17 train_iter_loss: 0.067914 learn_rate: 0.010000 
epoch: 14 iter: 18 train_iter_loss: 0.069219 learn_rate: 0.010000 
epoch: 14 iter: 19 train_iter_loss: 0.069175 learn_rate: 0.010000 
epoch: 14 iter: 20 train_iter_loss: 0.066883 learn_rate: 0.010000 
epoch: 14 iter: 21 train_iter_loss: 0.071922 learn_rate: 0.010000 
epoch: 14 iter: 22 train_iter_loss: 0.072445 learn_rate: 0.010000 
epoch: 14 iter: 23 train_iter_loss: 0.063720 learn_rate: 0.010000 
epoch: 14 train_epoch_loss: 0.069025 learn_rate: 0.010000 test_p: 0.754555 test_r: 0.725463 test_f: 0.739655
epoch: 15 iter: 1 train_iter_loss: 0.070989 learn_rate: 0.010000 
epoch: 15 iter: 2 train_iter_loss: 0.069353 learn_rate: 0.010000 
epoch: 15 iter: 3 train_iter_loss: 0.069154 learn_rate: 0.010000 
epoch: 15 iter: 4 train_iter_loss: 0.069505 learn_rate: 0.010000 
epoch: 15 iter: 5 train_iter_loss: 0.067334 learn_rate: 0.010000 
epoch: 15 iter: 6 train_iter_loss: 0.068315 learn_rate: 0.010000 
epoch: 15 iter: 7 train_iter_loss: 0.070363 learn_rate: 0.010000 
epoch: 15 iter: 8 train_iter_loss: 0.070760 learn_rate: 0.010000 
epoch: 15 iter: 9 train_iter_loss: 0.072983 learn_rate: 0.010000 
epoch: 15 iter: 10 train_iter_loss: 0.064505 learn_rate: 0.010000 
epoch: 15 iter: 11 train_iter_loss: 0.066484 learn_rate: 0.010000 
epoch: 15 iter: 12 train_iter_loss: 0.066925 learn_rate: 0.010000 
epoch: 15 iter: 13 train_iter_loss: 0.071322 learn_rate: 0.010000 
epoch: 15 iter: 14 train_iter_loss: 0.068688 learn_rate: 0.010000 
epoch: 15 iter: 15 train_iter_loss: 0.068510 learn_rate: 0.010000 
epoch: 15 iter: 16 train_iter_loss: 0.067380 learn_rate: 0.010000 
epoch: 15 iter: 17 train_iter_loss: 0.065235 learn_rate: 0.010000 
epoch: 15 iter: 18 train_iter_loss: 0.072265 learn_rate: 0.010000 
epoch: 15 iter: 19 train_iter_loss: 0.070091 learn_rate: 0.010000 
epoch: 15 iter: 20 train_iter_loss: 0.064440 learn_rate: 0.010000 
epoch: 15 iter: 21 train_iter_loss: 0.065971 learn_rate: 0.010000 
epoch: 15 iter: 22 train_iter_loss: 0.064947 learn_rate: 0.010000 
epoch: 15 iter: 23 train_iter_loss: 0.065375 learn_rate: 0.010000 
epoch: 15 train_epoch_loss: 0.068300 learn_rate: 0.010000 test_p: 0.777083 test_r: 0.756879 test_f: 0.766835
epoch: 16 iter: 1 train_iter_loss: 0.063811 learn_rate: 0.010000 
epoch: 16 iter: 2 train_iter_loss: 0.065726 learn_rate: 0.010000 
epoch: 16 iter: 3 train_iter_loss: 0.067543 learn_rate: 0.010000 
epoch: 16 iter: 4 train_iter_loss: 0.070758 learn_rate: 0.010000 
epoch: 16 iter: 5 train_iter_loss: 0.066425 learn_rate: 0.010000 
epoch: 16 iter: 6 train_iter_loss: 0.067245 learn_rate: 0.010000 
epoch: 16 iter: 7 train_iter_loss: 0.068292 learn_rate: 0.010000 
epoch: 16 iter: 8 train_iter_loss: 0.064199 learn_rate: 0.010000 
epoch: 16 iter: 9 train_iter_loss: 0.072763 learn_rate: 0.010000 
epoch: 16 iter: 10 train_iter_loss: 0.066937 learn_rate: 0.010000 
epoch: 16 iter: 11 train_iter_loss: 0.067909 learn_rate: 0.010000 
epoch: 16 iter: 12 train_iter_loss: 0.068069 learn_rate: 0.010000 
epoch: 16 iter: 13 train_iter_loss: 0.066486 learn_rate: 0.010000 
epoch: 16 iter: 14 train_iter_loss: 0.062568 learn_rate: 0.010000 
epoch: 16 iter: 15 train_iter_loss: 0.066471 learn_rate: 0.010000 
epoch: 16 iter: 16 train_iter_loss: 0.068253 learn_rate: 0.010000 
epoch: 16 iter: 17 train_iter_loss: 0.068784 learn_rate: 0.010000 
epoch: 16 iter: 18 train_iter_loss: 0.071742 learn_rate: 0.010000 
epoch: 16 iter: 19 train_iter_loss: 0.067496 learn_rate: 0.010000 
epoch: 16 iter: 20 train_iter_loss: 0.068616 learn_rate: 0.010000 
epoch: 16 iter: 21 train_iter_loss: 0.068386 learn_rate: 0.010000 
epoch: 16 iter: 22 train_iter_loss: 0.065927 learn_rate: 0.010000 
epoch: 16 iter: 23 train_iter_loss: 0.066066 learn_rate: 0.010000 
epoch: 16 train_epoch_loss: 0.067412 learn_rate: 0.010000 test_p: 0.746549 test_r: 0.729229 test_f: 0.737757
epoch: 17 iter: 1 train_iter_loss: 0.070268 learn_rate: 0.010000 
epoch: 17 iter: 2 train_iter_loss: 0.069141 learn_rate: 0.010000 
epoch: 17 iter: 3 train_iter_loss: 0.067685 learn_rate: 0.010000 
epoch: 17 iter: 4 train_iter_loss: 0.064197 learn_rate: 0.010000 
epoch: 17 iter: 5 train_iter_loss: 0.065327 learn_rate: 0.010000 
epoch: 17 iter: 6 train_iter_loss: 0.065163 learn_rate: 0.010000 
epoch: 17 iter: 7 train_iter_loss: 0.071106 learn_rate: 0.010000 
epoch: 17 iter: 8 train_iter_loss: 0.067164 learn_rate: 0.010000 
epoch: 17 iter: 9 train_iter_loss: 0.065065 learn_rate: 0.010000 
epoch: 17 iter: 10 train_iter_loss: 0.065836 learn_rate: 0.010000 
epoch: 17 iter: 11 train_iter_loss: 0.071302 learn_rate: 0.010000 
epoch: 17 iter: 12 train_iter_loss: 0.068998 learn_rate: 0.010000 
epoch: 17 iter: 13 train_iter_loss: 0.071858 learn_rate: 0.010000 
epoch: 17 iter: 14 train_iter_loss: 0.068946 learn_rate: 0.010000 
epoch: 17 iter: 15 train_iter_loss: 0.066774 learn_rate: 0.010000 
epoch: 17 iter: 16 train_iter_loss: 0.064055 learn_rate: 0.010000 
epoch: 17 iter: 17 train_iter_loss: 0.070779 learn_rate: 0.010000 
epoch: 17 iter: 18 train_iter_loss: 0.065475 learn_rate: 0.010000 
epoch: 17 iter: 19 train_iter_loss: 0.064855 learn_rate: 0.010000 
epoch: 17 iter: 20 train_iter_loss: 0.068353 learn_rate: 0.010000 
epoch: 17 iter: 21 train_iter_loss: 0.067284 learn_rate: 0.010000 
epoch: 17 iter: 22 train_iter_loss: 0.066790 learn_rate: 0.010000 
epoch: 17 iter: 23 train_iter_loss: 0.065090 learn_rate: 0.010000 
epoch: 17 train_epoch_loss: 0.067457 learn_rate: 0.010000 test_p: 0.783357 test_r: 0.772238 test_f: 0.777735
epoch: 18 iter: 1 train_iter_loss: 0.064133 learn_rate: 0.010000 
epoch: 18 iter: 2 train_iter_loss: 0.069455 learn_rate: 0.010000 
epoch: 18 iter: 3 train_iter_loss: 0.067032 learn_rate: 0.010000 
epoch: 18 iter: 4 train_iter_loss: 0.071557 learn_rate: 0.010000 
epoch: 18 iter: 5 train_iter_loss: 0.065610 learn_rate: 0.010000 
epoch: 18 iter: 6 train_iter_loss: 0.069768 learn_rate: 0.010000 
epoch: 18 iter: 7 train_iter_loss: 0.065393 learn_rate: 0.010000 
epoch: 18 iter: 8 train_iter_loss: 0.064199 learn_rate: 0.010000 
epoch: 18 iter: 9 train_iter_loss: 0.067578 learn_rate: 0.010000 
epoch: 18 iter: 10 train_iter_loss: 0.068209 learn_rate: 0.010000 
epoch: 18 iter: 11 train_iter_loss: 0.069309 learn_rate: 0.010000 
epoch: 18 iter: 12 train_iter_loss: 0.069420 learn_rate: 0.010000 
epoch: 18 iter: 13 train_iter_loss: 0.067772 learn_rate: 0.010000 
epoch: 18 iter: 14 train_iter_loss: 0.067470 learn_rate: 0.010000 
epoch: 18 iter: 15 train_iter_loss: 0.064859 learn_rate: 0.010000 
epoch: 18 iter: 16 train_iter_loss: 0.067309 learn_rate: 0.010000 
epoch: 18 iter: 17 train_iter_loss: 0.065254 learn_rate: 0.010000 
epoch: 18 iter: 18 train_iter_loss: 0.065617 learn_rate: 0.010000 
epoch: 18 iter: 19 train_iter_loss: 0.067012 learn_rate: 0.010000 
epoch: 18 iter: 20 train_iter_loss: 0.068318 learn_rate: 0.010000 
epoch: 18 iter: 21 train_iter_loss: 0.066554 learn_rate: 0.010000 
epoch: 18 iter: 22 train_iter_loss: 0.064070 learn_rate: 0.010000 
epoch: 18 iter: 23 train_iter_loss: 0.067968 learn_rate: 0.010000 
epoch: 18 train_epoch_loss: 0.067125 learn_rate: 0.010000 test_p: 0.769250 test_r: 0.746263 test_f: 0.757554
epoch: 19 iter: 1 train_iter_loss: 0.067702 learn_rate: 0.010000 
epoch: 19 iter: 2 train_iter_loss: 0.064490 learn_rate: 0.010000 
epoch: 19 iter: 3 train_iter_loss: 0.067669 learn_rate: 0.010000 
epoch: 19 iter: 4 train_iter_loss: 0.066134 learn_rate: 0.010000 
epoch: 19 iter: 5 train_iter_loss: 0.069726 learn_rate: 0.010000 
epoch: 19 iter: 6 train_iter_loss: 0.067304 learn_rate: 0.010000 
epoch: 19 iter: 7 train_iter_loss: 0.071086 learn_rate: 0.010000 
epoch: 19 iter: 8 train_iter_loss: 0.069235 learn_rate: 0.010000 
epoch: 19 iter: 9 train_iter_loss: 0.067925 learn_rate: 0.010000 
epoch: 19 iter: 10 train_iter_loss: 0.066760 learn_rate: 0.010000 
epoch: 19 iter: 11 train_iter_loss: 0.064693 learn_rate: 0.010000 
epoch: 19 iter: 12 train_iter_loss: 0.065464 learn_rate: 0.010000 
epoch: 19 iter: 13 train_iter_loss: 0.064113 learn_rate: 0.010000 
epoch: 19 iter: 14 train_iter_loss: 0.070466 learn_rate: 0.010000 
epoch: 19 iter: 15 train_iter_loss: 0.068749 learn_rate: 0.010000 
epoch: 19 iter: 16 train_iter_loss: 0.065908 learn_rate: 0.010000 
epoch: 19 iter: 17 train_iter_loss: 0.066348 learn_rate: 0.010000 
epoch: 19 iter: 18 train_iter_loss: 0.064657 learn_rate: 0.010000 
epoch: 19 iter: 19 train_iter_loss: 0.067160 learn_rate: 0.010000 
epoch: 19 iter: 20 train_iter_loss: 0.067366 learn_rate: 0.010000 
epoch: 19 iter: 21 train_iter_loss: 0.065632 learn_rate: 0.010000 
epoch: 19 iter: 22 train_iter_loss: 0.067208 learn_rate: 0.010000 
epoch: 19 iter: 23 train_iter_loss: 0.067942 learn_rate: 0.010000 
epoch: 19 train_epoch_loss: 0.067119 learn_rate: 0.010000 test_p: 0.793089 test_r: 0.779686 test_f: 0.786256
epoch: 20 iter: 1 train_iter_loss: 0.065003 learn_rate: 0.010000 
epoch: 20 iter: 2 train_iter_loss: 0.069860 learn_rate: 0.010000 
epoch: 20 iter: 3 train_iter_loss: 0.066693 learn_rate: 0.010000 
epoch: 20 iter: 4 train_iter_loss: 0.066796 learn_rate: 0.010000 
epoch: 20 iter: 5 train_iter_loss: 0.069768 learn_rate: 0.010000 
epoch: 20 iter: 6 train_iter_loss: 0.066010 learn_rate: 0.010000 
epoch: 20 iter: 7 train_iter_loss: 0.067503 learn_rate: 0.010000 
epoch: 20 iter: 8 train_iter_loss: 0.064364 learn_rate: 0.010000 
epoch: 20 iter: 9 train_iter_loss: 0.064801 learn_rate: 0.010000 
epoch: 20 iter: 10 train_iter_loss: 0.065855 learn_rate: 0.010000 
epoch: 20 iter: 11 train_iter_loss: 0.065784 learn_rate: 0.010000 
epoch: 20 iter: 12 train_iter_loss: 0.065678 learn_rate: 0.010000 
epoch: 20 iter: 13 train_iter_loss: 0.063434 learn_rate: 0.010000 
epoch: 20 iter: 14 train_iter_loss: 0.065982 learn_rate: 0.010000 
epoch: 20 iter: 15 train_iter_loss: 0.064572 learn_rate: 0.010000 
epoch: 20 iter: 16 train_iter_loss: 0.069884 learn_rate: 0.010000 
epoch: 20 iter: 17 train_iter_loss: 0.065460 learn_rate: 0.010000 
epoch: 20 iter: 18 train_iter_loss: 0.065246 learn_rate: 0.010000 
epoch: 20 iter: 19 train_iter_loss: 0.069790 learn_rate: 0.010000 
epoch: 20 iter: 20 train_iter_loss: 0.068379 learn_rate: 0.010000 
epoch: 20 iter: 21 train_iter_loss: 0.066237 learn_rate: 0.010000 
epoch: 20 iter: 22 train_iter_loss: 0.065877 learn_rate: 0.010000 
epoch: 20 iter: 23 train_iter_loss: 0.069185 learn_rate: 0.010000 
epoch: 20 train_epoch_loss: 0.066616 learn_rate: 0.010000 test_p: 0.772965 test_r: 0.751046 test_f: 0.761766
epoch: 21 iter: 1 train_iter_loss: 0.065298 learn_rate: 0.010000 
epoch: 21 iter: 2 train_iter_loss: 0.067827 learn_rate: 0.010000 
epoch: 21 iter: 3 train_iter_loss: 0.067690 learn_rate: 0.010000 
epoch: 21 iter: 4 train_iter_loss: 0.065710 learn_rate: 0.010000 
epoch: 21 iter: 5 train_iter_loss: 0.065157 learn_rate: 0.010000 
epoch: 21 iter: 6 train_iter_loss: 0.067596 learn_rate: 0.010000 
epoch: 21 iter: 7 train_iter_loss: 0.066325 learn_rate: 0.010000 
epoch: 21 iter: 8 train_iter_loss: 0.067682 learn_rate: 0.010000 
epoch: 21 iter: 9 train_iter_loss: 0.064904 learn_rate: 0.010000 
epoch: 21 iter: 10 train_iter_loss: 0.067505 learn_rate: 0.010000 
epoch: 21 iter: 11 train_iter_loss: 0.067913 learn_rate: 0.010000 
epoch: 21 iter: 12 train_iter_loss: 0.070068 learn_rate: 0.010000 
epoch: 21 iter: 13 train_iter_loss: 0.064157 learn_rate: 0.010000 
epoch: 21 iter: 14 train_iter_loss: 0.069132 learn_rate: 0.010000 
epoch: 21 iter: 15 train_iter_loss: 0.066264 learn_rate: 0.010000 
epoch: 21 iter: 16 train_iter_loss: 0.065965 learn_rate: 0.010000 
epoch: 21 iter: 17 train_iter_loss: 0.065662 learn_rate: 0.010000 
epoch: 21 iter: 18 train_iter_loss: 0.068657 learn_rate: 0.010000 
epoch: 21 iter: 19 train_iter_loss: 0.066712 learn_rate: 0.010000 
epoch: 21 iter: 20 train_iter_loss: 0.065850 learn_rate: 0.010000 
epoch: 21 iter: 21 train_iter_loss: 0.065700 learn_rate: 0.010000 
epoch: 21 iter: 22 train_iter_loss: 0.066081 learn_rate: 0.010000 
epoch: 21 iter: 23 train_iter_loss: 0.069711 learn_rate: 0.010000 
epoch: 21 train_epoch_loss: 0.066851 learn_rate: 0.010000 test_p: 0.781006 test_r: 0.768739 test_f: 0.774794
epoch: 22 iter: 1 train_iter_loss: 0.065699 learn_rate: 0.010000 
epoch: 22 iter: 2 train_iter_loss: 0.066562 learn_rate: 0.010000 
epoch: 22 iter: 3 train_iter_loss: 0.063826 learn_rate: 0.010000 
epoch: 22 iter: 4 train_iter_loss: 0.066376 learn_rate: 0.010000 
epoch: 22 iter: 5 train_iter_loss: 0.066506 learn_rate: 0.010000 
epoch: 22 iter: 6 train_iter_loss: 0.066158 learn_rate: 0.010000 
epoch: 22 iter: 7 train_iter_loss: 0.063399 learn_rate: 0.010000 
epoch: 22 iter: 8 train_iter_loss: 0.067436 learn_rate: 0.010000 
epoch: 22 iter: 9 train_iter_loss: 0.069251 learn_rate: 0.010000 
epoch: 22 iter: 10 train_iter_loss: 0.065197 learn_rate: 0.010000 
epoch: 22 iter: 11 train_iter_loss: 0.066579 learn_rate: 0.010000 
epoch: 22 iter: 12 train_iter_loss: 0.066626 learn_rate: 0.010000 
epoch: 22 iter: 13 train_iter_loss: 0.068039 learn_rate: 0.010000 
epoch: 22 iter: 14 train_iter_loss: 0.065180 learn_rate: 0.010000 
epoch: 22 iter: 15 train_iter_loss: 0.065330 learn_rate: 0.010000 
epoch: 22 iter: 16 train_iter_loss: 0.064937 learn_rate: 0.010000 
epoch: 22 iter: 17 train_iter_loss: 0.067489 learn_rate: 0.010000 
epoch: 22 iter: 18 train_iter_loss: 0.067431 learn_rate: 0.010000 
epoch: 22 iter: 19 train_iter_loss: 0.064924 learn_rate: 0.010000 
epoch: 22 iter: 20 train_iter_loss: 0.066919 learn_rate: 0.010000 
epoch: 22 iter: 21 train_iter_loss: 0.068184 learn_rate: 0.010000 
epoch: 22 iter: 22 train_iter_loss: 0.067456 learn_rate: 0.010000 
epoch: 22 iter: 23 train_iter_loss: 0.068444 learn_rate: 0.010000 
epoch: 22 train_epoch_loss: 0.066432 learn_rate: 0.010000 test_p: 0.781684 test_r: 0.760130 test_f: 0.770671
epoch: 23 iter: 1 train_iter_loss: 0.068986 learn_rate: 0.010000 
epoch: 23 iter: 2 train_iter_loss: 0.067931 learn_rate: 0.010000 
epoch: 23 iter: 3 train_iter_loss: 0.064790 learn_rate: 0.010000 
epoch: 23 iter: 4 train_iter_loss: 0.062741 learn_rate: 0.010000 
epoch: 23 iter: 5 train_iter_loss: 0.063985 learn_rate: 0.010000 
epoch: 23 iter: 6 train_iter_loss: 0.064380 learn_rate: 0.010000 
epoch: 23 iter: 7 train_iter_loss: 0.064938 learn_rate: 0.010000 
epoch: 23 iter: 8 train_iter_loss: 0.066603 learn_rate: 0.010000 
epoch: 23 iter: 9 train_iter_loss: 0.069225 learn_rate: 0.010000 
epoch: 23 iter: 10 train_iter_loss: 0.066592 learn_rate: 0.010000 
epoch: 23 iter: 11 train_iter_loss: 0.066290 learn_rate: 0.010000 
epoch: 23 iter: 12 train_iter_loss: 0.068130 learn_rate: 0.010000 
epoch: 23 iter: 13 train_iter_loss: 0.066382 learn_rate: 0.010000 
epoch: 23 iter: 14 train_iter_loss: 0.066745 learn_rate: 0.010000 
epoch: 23 iter: 15 train_iter_loss: 0.066914 learn_rate: 0.010000 
epoch: 23 iter: 16 train_iter_loss: 0.065692 learn_rate: 0.010000 
epoch: 23 iter: 17 train_iter_loss: 0.064218 learn_rate: 0.010000 
epoch: 23 iter: 18 train_iter_loss: 0.065341 learn_rate: 0.010000 
epoch: 23 iter: 19 train_iter_loss: 0.066949 learn_rate: 0.010000 
epoch: 23 iter: 20 train_iter_loss: 0.067224 learn_rate: 0.010000 
epoch: 23 iter: 21 train_iter_loss: 0.063283 learn_rate: 0.010000 
epoch: 23 iter: 22 train_iter_loss: 0.065823 learn_rate: 0.010000 
epoch: 23 iter: 23 train_iter_loss: 0.067907 learn_rate: 0.010000 
epoch: 23 train_epoch_loss: 0.066133 learn_rate: 0.010000 test_p: 0.782631 test_r: 0.757039 test_f: 0.769533
epoch: 24 iter: 1 train_iter_loss: 0.066596 learn_rate: 0.010000 
epoch: 24 iter: 2 train_iter_loss: 0.065806 learn_rate: 0.010000 
epoch: 24 iter: 3 train_iter_loss: 0.073425 learn_rate: 0.010000 
epoch: 24 iter: 4 train_iter_loss: 0.069557 learn_rate: 0.010000 
epoch: 24 iter: 5 train_iter_loss: 0.068510 learn_rate: 0.010000 
epoch: 24 iter: 6 train_iter_loss: 0.065050 learn_rate: 0.010000 
epoch: 24 iter: 7 train_iter_loss: 0.069304 learn_rate: 0.010000 
epoch: 24 iter: 8 train_iter_loss: 0.065162 learn_rate: 0.010000 
epoch: 24 iter: 9 train_iter_loss: 0.065463 learn_rate: 0.010000 
epoch: 24 iter: 10 train_iter_loss: 0.071293 learn_rate: 0.010000 
epoch: 24 iter: 11 train_iter_loss: 0.067402 learn_rate: 0.010000 
epoch: 24 iter: 12 train_iter_loss: 0.065826 learn_rate: 0.010000 
epoch: 24 iter: 13 train_iter_loss: 0.066197 learn_rate: 0.010000 
epoch: 24 iter: 14 train_iter_loss: 0.066959 learn_rate: 0.010000 
epoch: 24 iter: 15 train_iter_loss: 0.067887 learn_rate: 0.010000 
epoch: 24 iter: 16 train_iter_loss: 0.071293 learn_rate: 0.010000 
epoch: 24 iter: 17 train_iter_loss: 0.066302 learn_rate: 0.010000 
epoch: 24 iter: 18 train_iter_loss: 0.066114 learn_rate: 0.010000 
epoch: 24 iter: 19 train_iter_loss: 0.064837 learn_rate: 0.010000 
epoch: 24 iter: 20 train_iter_loss: 0.066690 learn_rate: 0.010000 
epoch: 24 iter: 21 train_iter_loss: 0.068533 learn_rate: 0.010000 
epoch: 24 iter: 22 train_iter_loss: 0.067517 learn_rate: 0.010000 
epoch: 24 iter: 23 train_iter_loss: 0.070357 learn_rate: 0.010000 
epoch: 24 train_epoch_loss: 0.067656 learn_rate: 0.010000 test_p: 0.782591 test_r: 0.757639 test_f: 0.769860
epoch: 25 iter: 1 train_iter_loss: 0.063724 learn_rate: 0.010000 
epoch: 25 iter: 2 train_iter_loss: 0.066226 learn_rate: 0.010000 
epoch: 25 iter: 3 train_iter_loss: 0.066924 learn_rate: 0.010000 
epoch: 25 iter: 4 train_iter_loss: 0.066578 learn_rate: 0.010000 
epoch: 25 iter: 5 train_iter_loss: 0.063907 learn_rate: 0.010000 
epoch: 25 iter: 6 train_iter_loss: 0.073616 learn_rate: 0.010000 
epoch: 25 iter: 7 train_iter_loss: 0.066653 learn_rate: 0.010000 
epoch: 25 iter: 8 train_iter_loss: 0.068897 learn_rate: 0.010000 
epoch: 25 iter: 9 train_iter_loss: 0.069082 learn_rate: 0.010000 
epoch: 25 iter: 10 train_iter_loss: 0.064632 learn_rate: 0.010000 
epoch: 25 iter: 11 train_iter_loss: 0.067964 learn_rate: 0.010000 
epoch: 25 iter: 12 train_iter_loss: 0.073294 learn_rate: 0.010000 
epoch: 25 iter: 13 train_iter_loss: 0.071214 learn_rate: 0.010000 
epoch: 25 iter: 14 train_iter_loss: 0.066342 learn_rate: 0.010000 
epoch: 25 iter: 15 train_iter_loss: 0.068633 learn_rate: 0.010000 
epoch: 25 iter: 16 train_iter_loss: 0.063609 learn_rate: 0.010000 
epoch: 25 iter: 17 train_iter_loss: 0.067584 learn_rate: 0.010000 
epoch: 25 iter: 18 train_iter_loss: 0.067388 learn_rate: 0.010000 
epoch: 25 iter: 19 train_iter_loss: 0.067565 learn_rate: 0.010000 
epoch: 25 iter: 20 train_iter_loss: 0.072881 learn_rate: 0.010000 
epoch: 25 iter: 21 train_iter_loss: 0.062577 learn_rate: 0.010000 
epoch: 25 iter: 22 train_iter_loss: 0.068806 learn_rate: 0.010000 
epoch: 25 iter: 23 train_iter_loss: 0.069841 learn_rate: 0.010000 
epoch: 25 train_epoch_loss: 0.067737 learn_rate: 0.010000 test_p: 0.761077 test_r: 0.758986 test_f: 0.760029
epoch: 26 iter: 1 train_iter_loss: 0.066839 learn_rate: 0.003333 
epoch: 26 iter: 2 train_iter_loss: 0.067410 learn_rate: 0.003333 
epoch: 26 iter: 3 train_iter_loss: 0.066807 learn_rate: 0.003333 
epoch: 26 iter: 4 train_iter_loss: 0.065448 learn_rate: 0.003333 
epoch: 26 iter: 5 train_iter_loss: 0.064144 learn_rate: 0.003333 
epoch: 26 iter: 6 train_iter_loss: 0.067884 learn_rate: 0.003333 
epoch: 26 iter: 7 train_iter_loss: 0.065514 learn_rate: 0.003333 
epoch: 26 iter: 8 train_iter_loss: 0.062243 learn_rate: 0.003333 
epoch: 26 iter: 9 train_iter_loss: 0.064652 learn_rate: 0.003333 
epoch: 26 iter: 10 train_iter_loss: 0.064727 learn_rate: 0.003333 
epoch: 26 iter: 11 train_iter_loss: 0.064331 learn_rate: 0.003333 
epoch: 26 iter: 12 train_iter_loss: 0.068475 learn_rate: 0.003333 
epoch: 26 iter: 13 train_iter_loss: 0.064079 learn_rate: 0.003333 
epoch: 26 iter: 14 train_iter_loss: 0.066945 learn_rate: 0.003333 
epoch: 26 iter: 15 train_iter_loss: 0.063976 learn_rate: 0.003333 
epoch: 26 iter: 16 train_iter_loss: 0.066262 learn_rate: 0.003333 
epoch: 26 iter: 17 train_iter_loss: 0.067459 learn_rate: 0.003333 
epoch: 26 iter: 18 train_iter_loss: 0.067857 learn_rate: 0.003333 
epoch: 26 iter: 19 train_iter_loss: 0.065018 learn_rate: 0.003333 
epoch: 26 iter: 20 train_iter_loss: 0.064552 learn_rate: 0.003333 
epoch: 26 iter: 21 train_iter_loss: 0.064501 learn_rate: 0.003333 
epoch: 26 iter: 22 train_iter_loss: 0.067250 learn_rate: 0.003333 
epoch: 26 iter: 23 train_iter_loss: 0.065964 learn_rate: 0.003333 
epoch: 26 train_epoch_loss: 0.065754 learn_rate: 0.003333 test_p: 0.783435 test_r: 0.767286 test_f: 0.775228
epoch: 27 iter: 1 train_iter_loss: 0.068100 learn_rate: 0.003333 
epoch: 27 iter: 2 train_iter_loss: 0.067635 learn_rate: 0.003333 
epoch: 27 iter: 3 train_iter_loss: 0.065976 learn_rate: 0.003333 
epoch: 27 iter: 4 train_iter_loss: 0.065238 learn_rate: 0.003333 
epoch: 27 iter: 5 train_iter_loss: 0.066158 learn_rate: 0.003333 
epoch: 27 iter: 6 train_iter_loss: 0.062482 learn_rate: 0.003333 
epoch: 27 iter: 7 train_iter_loss: 0.064356 learn_rate: 0.003333 
epoch: 27 iter: 8 train_iter_loss: 0.063026 learn_rate: 0.003333 
epoch: 27 iter: 9 train_iter_loss: 0.063801 learn_rate: 0.003333 
epoch: 27 iter: 10 train_iter_loss: 0.066231 learn_rate: 0.003333 
epoch: 27 iter: 11 train_iter_loss: 0.064474 learn_rate: 0.003333 
epoch: 27 iter: 12 train_iter_loss: 0.063825 learn_rate: 0.003333 
epoch: 27 iter: 13 train_iter_loss: 0.068827 learn_rate: 0.003333 
epoch: 27 iter: 14 train_iter_loss: 0.066477 learn_rate: 0.003333 
epoch: 27 iter: 15 train_iter_loss: 0.065907 learn_rate: 0.003333 
epoch: 27 iter: 16 train_iter_loss: 0.066662 learn_rate: 0.003333 
epoch: 27 iter: 17 train_iter_loss: 0.064805 learn_rate: 0.003333 
epoch: 27 iter: 18 train_iter_loss: 0.065507 learn_rate: 0.003333 
epoch: 27 iter: 19 train_iter_loss: 0.066483 learn_rate: 0.003333 
epoch: 27 iter: 20 train_iter_loss: 0.062683 learn_rate: 0.003333 
epoch: 27 iter: 21 train_iter_loss: 0.066535 learn_rate: 0.003333 
epoch: 27 iter: 22 train_iter_loss: 0.066798 learn_rate: 0.003333 
epoch: 27 iter: 23 train_iter_loss: 0.063206 learn_rate: 0.003333 
epoch: 27 train_epoch_loss: 0.065443 learn_rate: 0.003333 test_p: 0.795324 test_r: 0.780587 test_f: 0.787839
epoch: 28 iter: 1 train_iter_loss: 0.065527 learn_rate: 0.003333 
epoch: 28 iter: 2 train_iter_loss: 0.064567 learn_rate: 0.003333 
epoch: 28 iter: 3 train_iter_loss: 0.066206 learn_rate: 0.003333 
epoch: 28 iter: 4 train_iter_loss: 0.066602 learn_rate: 0.003333 
epoch: 28 iter: 5 train_iter_loss: 0.063142 learn_rate: 0.003333 
epoch: 28 iter: 6 train_iter_loss: 0.068345 learn_rate: 0.003333 
epoch: 28 iter: 7 train_iter_loss: 0.068438 learn_rate: 0.003333 
epoch: 28 iter: 8 train_iter_loss: 0.067413 learn_rate: 0.003333 
epoch: 28 iter: 9 train_iter_loss: 0.064596 learn_rate: 0.003333 
epoch: 28 iter: 10 train_iter_loss: 0.066121 learn_rate: 0.003333 
epoch: 28 iter: 11 train_iter_loss: 0.066386 learn_rate: 0.003333 
epoch: 28 iter: 12 train_iter_loss: 0.064190 learn_rate: 0.003333 
epoch: 28 iter: 13 train_iter_loss: 0.063798 learn_rate: 0.003333 
epoch: 28 iter: 14 train_iter_loss: 0.068216 learn_rate: 0.003333 
epoch: 28 iter: 15 train_iter_loss: 0.067568 learn_rate: 0.003333 
epoch: 28 iter: 16 train_iter_loss: 0.062879 learn_rate: 0.003333 
epoch: 28 iter: 17 train_iter_loss: 0.063796 learn_rate: 0.003333 
epoch: 28 iter: 18 train_iter_loss: 0.062553 learn_rate: 0.003333 
epoch: 28 iter: 19 train_iter_loss: 0.061962 learn_rate: 0.003333 
epoch: 28 iter: 20 train_iter_loss: 0.068083 learn_rate: 0.003333 
epoch: 28 iter: 21 train_iter_loss: 0.064060 learn_rate: 0.003333 
epoch: 28 iter: 22 train_iter_loss: 0.065361 learn_rate: 0.003333 
epoch: 28 iter: 23 train_iter_loss: 0.066384 learn_rate: 0.003333 
epoch: 28 train_epoch_loss: 0.065487 learn_rate: 0.003333 test_p: 0.782244 test_r: 0.761692 test_f: 0.771772
epoch: 29 iter: 1 train_iter_loss: 0.064919 learn_rate: 0.003333 
epoch: 29 iter: 2 train_iter_loss: 0.065322 learn_rate: 0.003333 
epoch: 29 iter: 3 train_iter_loss: 0.064317 learn_rate: 0.003333 
epoch: 29 iter: 4 train_iter_loss: 0.066058 learn_rate: 0.003333 
epoch: 29 iter: 5 train_iter_loss: 0.068960 learn_rate: 0.003333 
epoch: 29 iter: 6 train_iter_loss: 0.064896 learn_rate: 0.003333 
epoch: 29 iter: 7 train_iter_loss: 0.062690 learn_rate: 0.003333 
epoch: 29 iter: 8 train_iter_loss: 0.065639 learn_rate: 0.003333 
epoch: 29 iter: 9 train_iter_loss: 0.068268 learn_rate: 0.003333 
epoch: 29 iter: 10 train_iter_loss: 0.063285 learn_rate: 0.003333 
epoch: 29 iter: 11 train_iter_loss: 0.064837 learn_rate: 0.003333 
epoch: 29 iter: 12 train_iter_loss: 0.063761 learn_rate: 0.003333 
epoch: 29 iter: 13 train_iter_loss: 0.070204 learn_rate: 0.003333 
epoch: 29 iter: 14 train_iter_loss: 0.066897 learn_rate: 0.003333 
epoch: 29 iter: 15 train_iter_loss: 0.064430 learn_rate: 0.003333 
epoch: 29 iter: 16 train_iter_loss: 0.064152 learn_rate: 0.003333 
epoch: 29 iter: 17 train_iter_loss: 0.065055 learn_rate: 0.003333 
epoch: 29 iter: 18 train_iter_loss: 0.068800 learn_rate: 0.003333 
epoch: 29 iter: 19 train_iter_loss: 0.063364 learn_rate: 0.003333 
epoch: 29 iter: 20 train_iter_loss: 0.067535 learn_rate: 0.003333 
epoch: 29 iter: 21 train_iter_loss: 0.068073 learn_rate: 0.003333 
epoch: 29 iter: 22 train_iter_loss: 0.064555 learn_rate: 0.003333 
epoch: 29 iter: 23 train_iter_loss: 0.063293 learn_rate: 0.003333 
epoch: 29 train_epoch_loss: 0.065622 learn_rate: 0.003333 test_p: 0.781381 test_r: 0.758078 test_f: 0.769518
epoch: 30 iter: 1 train_iter_loss: 0.065255 learn_rate: 0.001111 
epoch: 30 iter: 2 train_iter_loss: 0.066204 learn_rate: 0.001111 
epoch: 30 iter: 3 train_iter_loss: 0.065819 learn_rate: 0.001111 
epoch: 30 iter: 4 train_iter_loss: 0.065577 learn_rate: 0.001111 
epoch: 30 iter: 5 train_iter_loss: 0.067583 learn_rate: 0.001111 
epoch: 30 iter: 6 train_iter_loss: 0.067368 learn_rate: 0.001111 
epoch: 30 iter: 7 train_iter_loss: 0.065229 learn_rate: 0.001111 
epoch: 30 iter: 8 train_iter_loss: 0.064818 learn_rate: 0.001111 
epoch: 30 iter: 9 train_iter_loss: 0.064821 learn_rate: 0.001111 
epoch: 30 iter: 10 train_iter_loss: 0.065027 learn_rate: 0.001111 
epoch: 30 iter: 11 train_iter_loss: 0.064332 learn_rate: 0.001111 
epoch: 30 iter: 12 train_iter_loss: 0.064508 learn_rate: 0.001111 
epoch: 30 iter: 13 train_iter_loss: 0.064067 learn_rate: 0.001111 
epoch: 30 iter: 14 train_iter_loss: 0.066454 learn_rate: 0.001111 
epoch: 30 iter: 15 train_iter_loss: 0.065672 learn_rate: 0.001111 
epoch: 30 iter: 16 train_iter_loss: 0.063131 learn_rate: 0.001111 
epoch: 30 iter: 17 train_iter_loss: 0.067405 learn_rate: 0.001111 
epoch: 30 iter: 18 train_iter_loss: 0.063707 learn_rate: 0.001111 
epoch: 30 iter: 19 train_iter_loss: 0.065682 learn_rate: 0.001111 
epoch: 30 iter: 20 train_iter_loss: 0.063931 learn_rate: 0.001111 
epoch: 30 iter: 21 train_iter_loss: 0.066469 learn_rate: 0.001111 
epoch: 30 iter: 22 train_iter_loss: 0.063886 learn_rate: 0.001111 
epoch: 30 iter: 23 train_iter_loss: 0.062238 learn_rate: 0.001111 
epoch: 30 train_epoch_loss: 0.065182 learn_rate: 0.001111 test_p: 0.791841 test_r: 0.773232 test_f: 0.782353
epoch: 31 iter: 1 train_iter_loss: 0.065963 learn_rate: 0.001111 
epoch: 31 iter: 2 train_iter_loss: 0.067393 learn_rate: 0.001111 
epoch: 31 iter: 3 train_iter_loss: 0.065140 learn_rate: 0.001111 
epoch: 31 iter: 4 train_iter_loss: 0.064172 learn_rate: 0.001111 
epoch: 31 iter: 5 train_iter_loss: 0.066121 learn_rate: 0.001111 
epoch: 31 iter: 6 train_iter_loss: 0.064633 learn_rate: 0.001111 
epoch: 31 iter: 7 train_iter_loss: 0.066360 learn_rate: 0.001111 
epoch: 31 iter: 8 train_iter_loss: 0.063676 learn_rate: 0.001111 
epoch: 31 iter: 9 train_iter_loss: 0.064111 learn_rate: 0.001111 
epoch: 31 iter: 10 train_iter_loss: 0.066015 learn_rate: 0.001111 
epoch: 31 iter: 11 train_iter_loss: 0.063281 learn_rate: 0.001111 
epoch: 31 iter: 12 train_iter_loss: 0.067285 learn_rate: 0.001111 
epoch: 31 iter: 13 train_iter_loss: 0.062689 learn_rate: 0.001111 
epoch: 31 iter: 14 train_iter_loss: 0.065742 learn_rate: 0.001111 
epoch: 31 iter: 15 train_iter_loss: 0.064175 learn_rate: 0.001111 
epoch: 31 iter: 16 train_iter_loss: 0.065736 learn_rate: 0.001111 
epoch: 31 iter: 17 train_iter_loss: 0.066021 learn_rate: 0.001111 
epoch: 31 iter: 18 train_iter_loss: 0.065266 learn_rate: 0.001111 
epoch: 31 iter: 19 train_iter_loss: 0.068524 learn_rate: 0.001111 
epoch: 31 iter: 20 train_iter_loss: 0.062048 learn_rate: 0.001111 
epoch: 31 iter: 21 train_iter_loss: 0.066840 learn_rate: 0.001111 
epoch: 31 iter: 22 train_iter_loss: 0.063343 learn_rate: 0.001111 
epoch: 31 iter: 23 train_iter_loss: 0.063563 learn_rate: 0.001111 
epoch: 31 train_epoch_loss: 0.065135 learn_rate: 0.001111 test_p: 0.785180 test_r: 0.763946 test_f: 0.774329
epoch: 32 iter: 1 train_iter_loss: 0.064385 learn_rate: 0.001111 
epoch: 32 iter: 2 train_iter_loss: 0.065400 learn_rate: 0.001111 
epoch: 32 iter: 3 train_iter_loss: 0.064834 learn_rate: 0.001111 
epoch: 32 iter: 4 train_iter_loss: 0.065704 learn_rate: 0.001111 
epoch: 32 iter: 5 train_iter_loss: 0.065437 learn_rate: 0.001111 
epoch: 32 iter: 6 train_iter_loss: 0.063410 learn_rate: 0.001111 
epoch: 32 iter: 7 train_iter_loss: 0.064589 learn_rate: 0.001111 
epoch: 32 iter: 8 train_iter_loss: 0.065721 learn_rate: 0.001111 
epoch: 32 iter: 9 train_iter_loss: 0.064712 learn_rate: 0.001111 
epoch: 32 iter: 10 train_iter_loss: 0.065185 learn_rate: 0.001111 
epoch: 32 iter: 11 train_iter_loss: 0.064557 learn_rate: 0.001111 
epoch: 32 iter: 12 train_iter_loss: 0.065350 learn_rate: 0.001111 
epoch: 32 iter: 13 train_iter_loss: 0.066564 learn_rate: 0.001111 
epoch: 32 iter: 14 train_iter_loss: 0.064651 learn_rate: 0.001111 
epoch: 32 iter: 15 train_iter_loss: 0.064854 learn_rate: 0.001111 
epoch: 32 iter: 16 train_iter_loss: 0.067061 learn_rate: 0.001111 
epoch: 32 iter: 17 train_iter_loss: 0.062245 learn_rate: 0.001111 
epoch: 32 iter: 18 train_iter_loss: 0.066711 learn_rate: 0.001111 
epoch: 32 iter: 19 train_iter_loss: 0.064087 learn_rate: 0.001111 
epoch: 32 iter: 20 train_iter_loss: 0.067279 learn_rate: 0.001111 
epoch: 32 iter: 21 train_iter_loss: 0.065166 learn_rate: 0.001111 
epoch: 32 iter: 22 train_iter_loss: 0.068461 learn_rate: 0.001111 
epoch: 32 iter: 23 train_iter_loss: 0.063311 learn_rate: 0.001111 
epoch: 32 train_epoch_loss: 0.065203 learn_rate: 0.001111 test_p: 0.786619 test_r: 0.768413 test_f: 0.777352
epoch: 33 iter: 1 train_iter_loss: 0.065273 learn_rate: 0.001111 
epoch: 33 iter: 2 train_iter_loss: 0.063715 learn_rate: 0.001111 
epoch: 33 iter: 3 train_iter_loss: 0.068363 learn_rate: 0.001111 
epoch: 33 iter: 4 train_iter_loss: 0.062807 learn_rate: 0.001111 
epoch: 33 iter: 5 train_iter_loss: 0.064978 learn_rate: 0.001111 
epoch: 33 iter: 6 train_iter_loss: 0.064065 learn_rate: 0.001111 
epoch: 33 iter: 7 train_iter_loss: 0.063482 learn_rate: 0.001111 
epoch: 33 iter: 8 train_iter_loss: 0.064274 learn_rate: 0.001111 
epoch: 33 iter: 9 train_iter_loss: 0.066808 learn_rate: 0.001111 
epoch: 33 iter: 10 train_iter_loss: 0.066829 learn_rate: 0.001111 
epoch: 33 iter: 11 train_iter_loss: 0.063487 learn_rate: 0.001111 
epoch: 33 iter: 12 train_iter_loss: 0.065675 learn_rate: 0.001111 
epoch: 33 iter: 13 train_iter_loss: 0.067964 learn_rate: 0.001111 
epoch: 33 iter: 14 train_iter_loss: 0.064013 learn_rate: 0.001111 
epoch: 33 iter: 15 train_iter_loss: 0.064507 learn_rate: 0.001111 
epoch: 33 iter: 16 train_iter_loss: 0.064290 learn_rate: 0.001111 
epoch: 33 iter: 17 train_iter_loss: 0.066233 learn_rate: 0.001111 
epoch: 33 iter: 18 train_iter_loss: 0.064406 learn_rate: 0.001111 
epoch: 33 iter: 19 train_iter_loss: 0.065006 learn_rate: 0.001111 
epoch: 33 iter: 20 train_iter_loss: 0.065540 learn_rate: 0.001111 
epoch: 33 iter: 21 train_iter_loss: 0.064047 learn_rate: 0.001111 
epoch: 33 iter: 22 train_iter_loss: 0.066441 learn_rate: 0.001111 
epoch: 33 iter: 23 train_iter_loss: 0.068593 learn_rate: 0.001111 
epoch: 33 train_epoch_loss: 0.065252 learn_rate: 0.001111 test_p: 0.789146 test_r: 0.770175 test_f: 0.779483
epoch: 34 iter: 1 train_iter_loss: 0.064313 learn_rate: 0.000370 
epoch: 34 iter: 2 train_iter_loss: 0.065782 learn_rate: 0.000370 
epoch: 34 iter: 3 train_iter_loss: 0.065483 learn_rate: 0.000370 
epoch: 34 iter: 4 train_iter_loss: 0.067900 learn_rate: 0.000370 
epoch: 34 iter: 5 train_iter_loss: 0.063887 learn_rate: 0.000370 
epoch: 34 iter: 6 train_iter_loss: 0.064050 learn_rate: 0.000370 
epoch: 34 iter: 7 train_iter_loss: 0.065841 learn_rate: 0.000370 
epoch: 34 iter: 8 train_iter_loss: 0.066291 learn_rate: 0.000370 
epoch: 34 iter: 9 train_iter_loss: 0.064281 learn_rate: 0.000370 
epoch: 34 iter: 10 train_iter_loss: 0.064788 learn_rate: 0.000370 
epoch: 34 iter: 11 train_iter_loss: 0.065454 learn_rate: 0.000370 
epoch: 34 iter: 12 train_iter_loss: 0.062498 learn_rate: 0.000370 
epoch: 34 iter: 13 train_iter_loss: 0.065119 learn_rate: 0.000370 
epoch: 34 iter: 14 train_iter_loss: 0.063713 learn_rate: 0.000370 
epoch: 34 iter: 15 train_iter_loss: 0.066375 learn_rate: 0.000370 
epoch: 34 iter: 16 train_iter_loss: 0.068062 learn_rate: 0.000370 
epoch: 34 iter: 17 train_iter_loss: 0.066482 learn_rate: 0.000370 
epoch: 34 iter: 18 train_iter_loss: 0.064328 learn_rate: 0.000370 
epoch: 34 iter: 19 train_iter_loss: 0.067010 learn_rate: 0.000370 
epoch: 34 iter: 20 train_iter_loss: 0.065680 learn_rate: 0.000370 
epoch: 34 iter: 21 train_iter_loss: 0.060847 learn_rate: 0.000370 
epoch: 34 iter: 22 train_iter_loss: 0.065606 learn_rate: 0.000370 
epoch: 34 iter: 23 train_iter_loss: 0.065284 learn_rate: 0.000370 
epoch: 34 train_epoch_loss: 0.065177 learn_rate: 0.000370 test_p: 0.787120 test_r: 0.768617 test_f: 0.777697
epoch: 35 iter: 1 train_iter_loss: 0.063175 learn_rate: 0.000370 
epoch: 35 iter: 2 train_iter_loss: 0.065279 learn_rate: 0.000370 
epoch: 35 iter: 3 train_iter_loss: 0.064954 learn_rate: 0.000370 
epoch: 35 iter: 4 train_iter_loss: 0.067575 learn_rate: 0.000370 
epoch: 35 iter: 5 train_iter_loss: 0.067187 learn_rate: 0.000370 
epoch: 35 iter: 6 train_iter_loss: 0.066513 learn_rate: 0.000370 
epoch: 35 iter: 7 train_iter_loss: 0.063448 learn_rate: 0.000370 
epoch: 35 iter: 8 train_iter_loss: 0.066470 learn_rate: 0.000370 
epoch: 35 iter: 9 train_iter_loss: 0.062996 learn_rate: 0.000370 
epoch: 35 iter: 10 train_iter_loss: 0.064511 learn_rate: 0.000370 
epoch: 35 iter: 11 train_iter_loss: 0.065586 learn_rate: 0.000370 
epoch: 35 iter: 12 train_iter_loss: 0.064303 learn_rate: 0.000370 
epoch: 35 iter: 13 train_iter_loss: 0.064624 learn_rate: 0.000370 
epoch: 35 iter: 14 train_iter_loss: 0.064942 learn_rate: 0.000370 
epoch: 35 iter: 15 train_iter_loss: 0.062896 learn_rate: 0.000370 
epoch: 35 iter: 16 train_iter_loss: 0.066802 learn_rate: 0.000370 
epoch: 35 iter: 17 train_iter_loss: 0.066603 learn_rate: 0.000370 
epoch: 35 iter: 18 train_iter_loss: 0.065096 learn_rate: 0.000370 
epoch: 35 iter: 19 train_iter_loss: 0.068264 learn_rate: 0.000370 
epoch: 35 iter: 20 train_iter_loss: 0.063073 learn_rate: 0.000370 
epoch: 35 iter: 21 train_iter_loss: 0.065778 learn_rate: 0.000370 
epoch: 35 iter: 22 train_iter_loss: 0.063727 learn_rate: 0.000370 
epoch: 35 iter: 23 train_iter_loss: 0.061498 learn_rate: 0.000370 
epoch: 35 train_epoch_loss: 0.065013 learn_rate: 0.000370 test_p: 0.787235 test_r: 0.768305 test_f: 0.777590
epoch: 36 iter: 1 train_iter_loss: 0.065163 learn_rate: 0.000370 
epoch: 36 iter: 2 train_iter_loss: 0.063923 learn_rate: 0.000370 
epoch: 36 iter: 3 train_iter_loss: 0.066432 learn_rate: 0.000370 
epoch: 36 iter: 4 train_iter_loss: 0.062753 learn_rate: 0.000370 
epoch: 36 iter: 5 train_iter_loss: 0.065793 learn_rate: 0.000370 
epoch: 36 iter: 6 train_iter_loss: 0.063301 learn_rate: 0.000370 
epoch: 36 iter: 7 train_iter_loss: 0.063214 learn_rate: 0.000370 
epoch: 36 iter: 8 train_iter_loss: 0.065729 learn_rate: 0.000370 
epoch: 36 iter: 9 train_iter_loss: 0.066472 learn_rate: 0.000370 
epoch: 36 iter: 10 train_iter_loss: 0.068006 learn_rate: 0.000370 
epoch: 36 iter: 11 train_iter_loss: 0.062409 learn_rate: 0.000370 
epoch: 36 iter: 12 train_iter_loss: 0.068257 learn_rate: 0.000370 
epoch: 36 iter: 13 train_iter_loss: 0.066083 learn_rate: 0.000370 
epoch: 36 iter: 14 train_iter_loss: 0.063328 learn_rate: 0.000370 
epoch: 36 iter: 15 train_iter_loss: 0.066100 learn_rate: 0.000370 
epoch: 36 iter: 16 train_iter_loss: 0.065944 learn_rate: 0.000370 
epoch: 36 iter: 17 train_iter_loss: 0.063207 learn_rate: 0.000370 
epoch: 36 iter: 18 train_iter_loss: 0.068481 learn_rate: 0.000370 
epoch: 36 iter: 19 train_iter_loss: 0.067507 learn_rate: 0.000370 
epoch: 36 iter: 20 train_iter_loss: 0.061496 learn_rate: 0.000370 
epoch: 36 iter: 21 train_iter_loss: 0.064714 learn_rate: 0.000370 
epoch: 36 iter: 22 train_iter_loss: 0.062568 learn_rate: 0.000370 
epoch: 36 iter: 23 train_iter_loss: 0.066039 learn_rate: 0.000370 
epoch: 36 train_epoch_loss: 0.065083 learn_rate: 0.000370 test_p: 0.787526 test_r: 0.768661 test_f: 0.777913
epoch: 37 iter: 1 train_iter_loss: 0.061552 learn_rate: 0.000370 
epoch: 37 iter: 2 train_iter_loss: 0.065694 learn_rate: 0.000370 
epoch: 37 iter: 3 train_iter_loss: 0.067205 learn_rate: 0.000370 
epoch: 37 iter: 4 train_iter_loss: 0.066426 learn_rate: 0.000370 
epoch: 37 iter: 5 train_iter_loss: 0.066982 learn_rate: 0.000370 
epoch: 37 iter: 6 train_iter_loss: 0.064866 learn_rate: 0.000370 
epoch: 37 iter: 7 train_iter_loss: 0.064293 learn_rate: 0.000370 
epoch: 37 iter: 8 train_iter_loss: 0.064280 learn_rate: 0.000370 
epoch: 37 iter: 9 train_iter_loss: 0.065638 learn_rate: 0.000370 
epoch: 37 iter: 10 train_iter_loss: 0.063272 learn_rate: 0.000370 
epoch: 37 iter: 11 train_iter_loss: 0.063136 learn_rate: 0.000370 
epoch: 37 iter: 12 train_iter_loss: 0.064027 learn_rate: 0.000370 
epoch: 37 iter: 13 train_iter_loss: 0.067187 learn_rate: 0.000370 
epoch: 37 iter: 14 train_iter_loss: 0.063609 learn_rate: 0.000370 
epoch: 37 iter: 15 train_iter_loss: 0.068220 learn_rate: 0.000370 
epoch: 37 iter: 16 train_iter_loss: 0.063477 learn_rate: 0.000370 
epoch: 37 iter: 17 train_iter_loss: 0.065759 learn_rate: 0.000370 
epoch: 37 iter: 18 train_iter_loss: 0.068422 learn_rate: 0.000370 
epoch: 37 iter: 19 train_iter_loss: 0.063076 learn_rate: 0.000370 
epoch: 37 iter: 20 train_iter_loss: 0.064161 learn_rate: 0.000370 
epoch: 37 iter: 21 train_iter_loss: 0.067305 learn_rate: 0.000370 
epoch: 37 iter: 22 train_iter_loss: 0.064960 learn_rate: 0.000370 
epoch: 37 iter: 23 train_iter_loss: 0.060179 learn_rate: 0.000370 
epoch: 37 train_epoch_loss: 0.064945 learn_rate: 0.000370 test_p: 0.788117 test_r: 0.769749 test_f: 0.778763
epoch: 38 iter: 1 train_iter_loss: 0.065276 learn_rate: 0.000370 
epoch: 38 iter: 2 train_iter_loss: 0.064206 learn_rate: 0.000370 
epoch: 38 iter: 3 train_iter_loss: 0.065508 learn_rate: 0.000370 
epoch: 38 iter: 4 train_iter_loss: 0.064243 learn_rate: 0.000370 
epoch: 38 iter: 5 train_iter_loss: 0.061870 learn_rate: 0.000370 
epoch: 38 iter: 6 train_iter_loss: 0.062706 learn_rate: 0.000370 
epoch: 38 iter: 7 train_iter_loss: 0.066537 learn_rate: 0.000370 
epoch: 38 iter: 8 train_iter_loss: 0.066970 learn_rate: 0.000370 
epoch: 38 iter: 9 train_iter_loss: 0.063693 learn_rate: 0.000370 
epoch: 38 iter: 10 train_iter_loss: 0.064439 learn_rate: 0.000370 
epoch: 38 iter: 11 train_iter_loss: 0.064653 learn_rate: 0.000370 
epoch: 38 iter: 12 train_iter_loss: 0.065479 learn_rate: 0.000370 
epoch: 38 iter: 13 train_iter_loss: 0.068250 learn_rate: 0.000370 
epoch: 38 iter: 14 train_iter_loss: 0.062993 learn_rate: 0.000370 
epoch: 38 iter: 15 train_iter_loss: 0.065646 learn_rate: 0.000370 
epoch: 38 iter: 16 train_iter_loss: 0.066993 learn_rate: 0.000370 
epoch: 38 iter: 17 train_iter_loss: 0.067303 learn_rate: 0.000370 
epoch: 38 iter: 18 train_iter_loss: 0.063097 learn_rate: 0.000370 
epoch: 38 iter: 19 train_iter_loss: 0.063835 learn_rate: 0.000370 
epoch: 38 iter: 20 train_iter_loss: 0.063336 learn_rate: 0.000370 
epoch: 38 iter: 21 train_iter_loss: 0.065282 learn_rate: 0.000370 
epoch: 38 iter: 22 train_iter_loss: 0.065103 learn_rate: 0.000370 
epoch: 38 iter: 23 train_iter_loss: 0.071658 learn_rate: 0.000370 
epoch: 38 train_epoch_loss: 0.065177 learn_rate: 0.000370 test_p: 0.788125 test_r: 0.770391 test_f: 0.779094
epoch: 39 iter: 1 train_iter_loss: 0.064454 learn_rate: 0.000370 
epoch: 39 iter: 2 train_iter_loss: 0.068148 learn_rate: 0.000370 
epoch: 39 iter: 3 train_iter_loss: 0.066354 learn_rate: 0.000370 
epoch: 39 iter: 4 train_iter_loss: 0.065017 learn_rate: 0.000370 
epoch: 39 iter: 5 train_iter_loss: 0.063803 learn_rate: 0.000370 
epoch: 39 iter: 6 train_iter_loss: 0.064740 learn_rate: 0.000370 
epoch: 39 iter: 7 train_iter_loss: 0.063678 learn_rate: 0.000370 
epoch: 39 iter: 8 train_iter_loss: 0.066023 learn_rate: 0.000370 
epoch: 39 iter: 9 train_iter_loss: 0.064153 learn_rate: 0.000370 
epoch: 39 iter: 10 train_iter_loss: 0.063097 learn_rate: 0.000370 
epoch: 39 iter: 11 train_iter_loss: 0.071264 learn_rate: 0.000370 
epoch: 39 iter: 12 train_iter_loss: 0.063250 learn_rate: 0.000370 
epoch: 39 iter: 13 train_iter_loss: 0.062433 learn_rate: 0.000370 
epoch: 39 iter: 14 train_iter_loss: 0.064661 learn_rate: 0.000370 
epoch: 39 iter: 15 train_iter_loss: 0.065368 learn_rate: 0.000370 
epoch: 39 iter: 16 train_iter_loss: 0.066025 learn_rate: 0.000370 
epoch: 39 iter: 17 train_iter_loss: 0.062357 learn_rate: 0.000370 
epoch: 39 iter: 18 train_iter_loss: 0.063616 learn_rate: 0.000370 
epoch: 39 iter: 19 train_iter_loss: 0.064298 learn_rate: 0.000370 
epoch: 39 iter: 20 train_iter_loss: 0.069564 learn_rate: 0.000370 
epoch: 39 iter: 21 train_iter_loss: 0.064497 learn_rate: 0.000370 
epoch: 39 iter: 22 train_iter_loss: 0.063781 learn_rate: 0.000370 
epoch: 39 iter: 23 train_iter_loss: 0.066818 learn_rate: 0.000370 
epoch: 39 train_epoch_loss: 0.065104 learn_rate: 0.000370 test_p: 0.787762 test_r: 0.768244 test_f: 0.777809
epoch: 40 iter: 1 train_iter_loss: 0.062926 learn_rate: 0.000123 
epoch: 40 iter: 2 train_iter_loss: 0.065528 learn_rate: 0.000123 
epoch: 40 iter: 3 train_iter_loss: 0.063455 learn_rate: 0.000123 
epoch: 40 iter: 4 train_iter_loss: 0.063307 learn_rate: 0.000123 
epoch: 40 iter: 5 train_iter_loss: 0.065506 learn_rate: 0.000123 
epoch: 40 iter: 6 train_iter_loss: 0.063133 learn_rate: 0.000123 
epoch: 40 iter: 7 train_iter_loss: 0.064166 learn_rate: 0.000123 
epoch: 40 iter: 8 train_iter_loss: 0.063398 learn_rate: 0.000123 
epoch: 40 iter: 9 train_iter_loss: 0.064358 learn_rate: 0.000123 
epoch: 40 iter: 10 train_iter_loss: 0.068838 learn_rate: 0.000123 
epoch: 40 iter: 11 train_iter_loss: 0.065333 learn_rate: 0.000123 
epoch: 40 iter: 12 train_iter_loss: 0.063792 learn_rate: 0.000123 
epoch: 40 iter: 13 train_iter_loss: 0.066332 learn_rate: 0.000123 
epoch: 40 iter: 14 train_iter_loss: 0.065124 learn_rate: 0.000123 
epoch: 40 iter: 15 train_iter_loss: 0.067197 learn_rate: 0.000123 
epoch: 40 iter: 16 train_iter_loss: 0.064421 learn_rate: 0.000123 
epoch: 40 iter: 17 train_iter_loss: 0.065504 learn_rate: 0.000123 
epoch: 40 iter: 18 train_iter_loss: 0.065499 learn_rate: 0.000123 
epoch: 40 iter: 19 train_iter_loss: 0.067638 learn_rate: 0.000123 
epoch: 40 iter: 20 train_iter_loss: 0.068088 learn_rate: 0.000123 
epoch: 40 iter: 21 train_iter_loss: 0.061240 learn_rate: 0.000123 
epoch: 40 iter: 22 train_iter_loss: 0.066738 learn_rate: 0.000123 
epoch: 40 iter: 23 train_iter_loss: 0.063988 learn_rate: 0.000123 
epoch: 40 train_epoch_loss: 0.065022 learn_rate: 0.000123 test_p: 0.787737 test_r: 0.769509 test_f: 0.778456
epoch: 41 iter: 1 train_iter_loss: 0.068154 learn_rate: 0.000123 
epoch: 41 iter: 2 train_iter_loss: 0.065098 learn_rate: 0.000123 
epoch: 41 iter: 3 train_iter_loss: 0.061646 learn_rate: 0.000123 
epoch: 41 iter: 4 train_iter_loss: 0.066278 learn_rate: 0.000123 
epoch: 41 iter: 5 train_iter_loss: 0.064321 learn_rate: 0.000123 
epoch: 41 iter: 6 train_iter_loss: 0.062018 learn_rate: 0.000123 
epoch: 41 iter: 7 train_iter_loss: 0.064231 learn_rate: 0.000123 
epoch: 41 iter: 8 train_iter_loss: 0.065608 learn_rate: 0.000123 
epoch: 41 iter: 9 train_iter_loss: 0.064608 learn_rate: 0.000123 
epoch: 41 iter: 10 train_iter_loss: 0.066001 learn_rate: 0.000123 
epoch: 41 iter: 11 train_iter_loss: 0.066706 learn_rate: 0.000123 
epoch: 41 iter: 12 train_iter_loss: 0.066676 learn_rate: 0.000123 
epoch: 41 iter: 13 train_iter_loss: 0.064789 learn_rate: 0.000123 
epoch: 41 iter: 14 train_iter_loss: 0.063110 learn_rate: 0.000123 
epoch: 41 iter: 15 train_iter_loss: 0.065144 learn_rate: 0.000123 
epoch: 41 iter: 16 train_iter_loss: 0.065709 learn_rate: 0.000123 
epoch: 41 iter: 17 train_iter_loss: 0.065483 learn_rate: 0.000123 
epoch: 41 iter: 18 train_iter_loss: 0.064262 learn_rate: 0.000123 
epoch: 41 iter: 19 train_iter_loss: 0.065677 learn_rate: 0.000123 
epoch: 41 iter: 20 train_iter_loss: 0.066184 learn_rate: 0.000123 
epoch: 41 iter: 21 train_iter_loss: 0.063429 learn_rate: 0.000123 
epoch: 41 iter: 22 train_iter_loss: 0.065517 learn_rate: 0.000123 
epoch: 41 iter: 23 train_iter_loss: 0.066189 learn_rate: 0.000123 
epoch: 41 train_epoch_loss: 0.065080 learn_rate: 0.000123 test_p: 0.787562 test_r: 0.768079 test_f: 0.777630
epoch: 42 iter: 1 train_iter_loss: 0.067161 learn_rate: 0.000041 
epoch: 42 iter: 2 train_iter_loss: 0.062604 learn_rate: 0.000041 
epoch: 42 iter: 3 train_iter_loss: 0.065869 learn_rate: 0.000041 
epoch: 42 iter: 4 train_iter_loss: 0.064879 learn_rate: 0.000041 
epoch: 42 iter: 5 train_iter_loss: 0.065669 learn_rate: 0.000041 
epoch: 42 iter: 6 train_iter_loss: 0.066003 learn_rate: 0.000041 
epoch: 42 iter: 7 train_iter_loss: 0.063544 learn_rate: 0.000041 
epoch: 42 iter: 8 train_iter_loss: 0.066426 learn_rate: 0.000041 
epoch: 42 iter: 9 train_iter_loss: 0.062940 learn_rate: 0.000041 
epoch: 42 iter: 10 train_iter_loss: 0.063724 learn_rate: 0.000041 
epoch: 42 iter: 11 train_iter_loss: 0.068747 learn_rate: 0.000041 
epoch: 42 iter: 12 train_iter_loss: 0.062865 learn_rate: 0.000041 
epoch: 42 iter: 13 train_iter_loss: 0.063985 learn_rate: 0.000041 
epoch: 42 iter: 14 train_iter_loss: 0.062533 learn_rate: 0.000041 
epoch: 42 iter: 15 train_iter_loss: 0.064133 learn_rate: 0.000041 
epoch: 42 iter: 16 train_iter_loss: 0.066029 learn_rate: 0.000041 
epoch: 42 iter: 17 train_iter_loss: 0.063314 learn_rate: 0.000041 
epoch: 42 iter: 18 train_iter_loss: 0.065571 learn_rate: 0.000041 
epoch: 42 iter: 19 train_iter_loss: 0.066144 learn_rate: 0.000041 
epoch: 42 iter: 20 train_iter_loss: 0.065202 learn_rate: 0.000041 
epoch: 42 iter: 21 train_iter_loss: 0.066540 learn_rate: 0.000041 
epoch: 42 iter: 22 train_iter_loss: 0.066598 learn_rate: 0.000041 
epoch: 42 iter: 23 train_iter_loss: 0.064943 learn_rate: 0.000041 
epoch: 42 train_epoch_loss: 0.065018 learn_rate: 0.000041 test_p: 0.788057 test_r: 0.769577 test_f: 0.778645
epoch: 43 iter: 1 train_iter_loss: 0.065892 learn_rate: 0.000041 
epoch: 43 iter: 2 train_iter_loss: 0.063904 learn_rate: 0.000041 
epoch: 43 iter: 3 train_iter_loss: 0.065923 learn_rate: 0.000041 
epoch: 43 iter: 4 train_iter_loss: 0.065115 learn_rate: 0.000041 
epoch: 43 iter: 5 train_iter_loss: 0.062811 learn_rate: 0.000041 
epoch: 43 iter: 6 train_iter_loss: 0.065005 learn_rate: 0.000041 
epoch: 43 iter: 7 train_iter_loss: 0.067038 learn_rate: 0.000041 
epoch: 43 iter: 8 train_iter_loss: 0.065512 learn_rate: 0.000041 
epoch: 43 iter: 9 train_iter_loss: 0.069107 learn_rate: 0.000041 
epoch: 43 iter: 10 train_iter_loss: 0.065551 learn_rate: 0.000041 
epoch: 43 iter: 11 train_iter_loss: 0.062502 learn_rate: 0.000041 
epoch: 43 iter: 12 train_iter_loss: 0.066260 learn_rate: 0.000041 
epoch: 43 iter: 13 train_iter_loss: 0.068920 learn_rate: 0.000041 
epoch: 43 iter: 14 train_iter_loss: 0.063464 learn_rate: 0.000041 
epoch: 43 iter: 15 train_iter_loss: 0.062671 learn_rate: 0.000041 
epoch: 43 iter: 16 train_iter_loss: 0.067378 learn_rate: 0.000041 
epoch: 43 iter: 17 train_iter_loss: 0.066440 learn_rate: 0.000041 
epoch: 43 iter: 18 train_iter_loss: 0.061292 learn_rate: 0.000041 
epoch: 43 iter: 19 train_iter_loss: 0.065688 learn_rate: 0.000041 
epoch: 43 iter: 20 train_iter_loss: 0.064872 learn_rate: 0.000041 
epoch: 43 iter: 21 train_iter_loss: 0.064636 learn_rate: 0.000041 
epoch: 43 iter: 22 train_iter_loss: 0.063058 learn_rate: 0.000041 
epoch: 43 iter: 23 train_iter_loss: 0.059731 learn_rate: 0.000041 
epoch: 43 train_epoch_loss: 0.064903 learn_rate: 0.000041 test_p: 0.787997 test_r: 0.769018 test_f: 0.778327
epoch: 44 iter: 1 train_iter_loss: 0.067824 learn_rate: 0.000041 
epoch: 44 iter: 2 train_iter_loss: 0.063433 learn_rate: 0.000041 
epoch: 44 iter: 3 train_iter_loss: 0.063979 learn_rate: 0.000041 
epoch: 44 iter: 4 train_iter_loss: 0.064165 learn_rate: 0.000041 
epoch: 44 iter: 5 train_iter_loss: 0.063466 learn_rate: 0.000041 
epoch: 44 iter: 6 train_iter_loss: 0.061689 learn_rate: 0.000041 
epoch: 44 iter: 7 train_iter_loss: 0.063360 learn_rate: 0.000041 
epoch: 44 iter: 8 train_iter_loss: 0.065413 learn_rate: 0.000041 
epoch: 44 iter: 9 train_iter_loss: 0.065911 learn_rate: 0.000041 
epoch: 44 iter: 10 train_iter_loss: 0.067079 learn_rate: 0.000041 
epoch: 44 iter: 11 train_iter_loss: 0.063053 learn_rate: 0.000041 
epoch: 44 iter: 12 train_iter_loss: 0.065513 learn_rate: 0.000041 
epoch: 44 iter: 13 train_iter_loss: 0.066399 learn_rate: 0.000041 
epoch: 44 iter: 14 train_iter_loss: 0.065625 learn_rate: 0.000041 
epoch: 44 iter: 15 train_iter_loss: 0.064350 learn_rate: 0.000041 
epoch: 44 iter: 16 train_iter_loss: 0.068191 learn_rate: 0.000041 
epoch: 44 iter: 17 train_iter_loss: 0.064215 learn_rate: 0.000041 
epoch: 44 iter: 18 train_iter_loss: 0.062935 learn_rate: 0.000041 
epoch: 44 iter: 19 train_iter_loss: 0.068950 learn_rate: 0.000041 
epoch: 44 iter: 20 train_iter_loss: 0.065428 learn_rate: 0.000041 
epoch: 44 iter: 21 train_iter_loss: 0.065130 learn_rate: 0.000041 
epoch: 44 iter: 22 train_iter_loss: 0.066215 learn_rate: 0.000041 
epoch: 44 iter: 23 train_iter_loss: 0.060807 learn_rate: 0.000041 
epoch: 44 train_epoch_loss: 0.064919 learn_rate: 0.000041 test_p: 0.787727 test_r: 0.769057 test_f: 0.778217
epoch: 45 iter: 1 train_iter_loss: 0.067158 learn_rate: 0.000041 
epoch: 45 iter: 2 train_iter_loss: 0.063559 learn_rate: 0.000041 
epoch: 45 iter: 3 train_iter_loss: 0.066633 learn_rate: 0.000041 
epoch: 45 iter: 4 train_iter_loss: 0.067299 learn_rate: 0.000041 
epoch: 45 iter: 5 train_iter_loss: 0.063307 learn_rate: 0.000041 
epoch: 45 iter: 6 train_iter_loss: 0.063713 learn_rate: 0.000041 
epoch: 45 iter: 7 train_iter_loss: 0.062649 learn_rate: 0.000041 
epoch: 45 iter: 8 train_iter_loss: 0.067197 learn_rate: 0.000041 
epoch: 45 iter: 9 train_iter_loss: 0.063519 learn_rate: 0.000041 
epoch: 45 iter: 10 train_iter_loss: 0.064360 learn_rate: 0.000041 
epoch: 45 iter: 11 train_iter_loss: 0.065397 learn_rate: 0.000041 
epoch: 45 iter: 12 train_iter_loss: 0.067499 learn_rate: 0.000041 
epoch: 45 iter: 13 train_iter_loss: 0.064989 learn_rate: 0.000041 
epoch: 45 iter: 14 train_iter_loss: 0.065611 learn_rate: 0.000041 
epoch: 45 iter: 15 train_iter_loss: 0.065116 learn_rate: 0.000041 
epoch: 45 iter: 16 train_iter_loss: 0.065689 learn_rate: 0.000041 
epoch: 45 iter: 17 train_iter_loss: 0.063802 learn_rate: 0.000041 
epoch: 45 iter: 18 train_iter_loss: 0.062962 learn_rate: 0.000041 
epoch: 45 iter: 19 train_iter_loss: 0.066510 learn_rate: 0.000041 
epoch: 45 iter: 20 train_iter_loss: 0.065801 learn_rate: 0.000041 
epoch: 45 iter: 21 train_iter_loss: 0.064710 learn_rate: 0.000041 
epoch: 45 iter: 22 train_iter_loss: 0.064545 learn_rate: 0.000041 
epoch: 45 iter: 23 train_iter_loss: 0.062913 learn_rate: 0.000041 
epoch: 45 train_epoch_loss: 0.064997 learn_rate: 0.000041 test_p: 0.787933 test_r: 0.769483 test_f: 0.778536
epoch: 46 iter: 1 train_iter_loss: 0.064814 learn_rate: 0.000014 
epoch: 46 iter: 2 train_iter_loss: 0.065430 learn_rate: 0.000014 
epoch: 46 iter: 3 train_iter_loss: 0.064072 learn_rate: 0.000014 
epoch: 46 iter: 4 train_iter_loss: 0.066851 learn_rate: 0.000014 
epoch: 46 iter: 5 train_iter_loss: 0.063852 learn_rate: 0.000014 
epoch: 46 iter: 6 train_iter_loss: 0.062704 learn_rate: 0.000014 
epoch: 46 iter: 7 train_iter_loss: 0.063359 learn_rate: 0.000014 
epoch: 46 iter: 8 train_iter_loss: 0.065853 learn_rate: 0.000014 
epoch: 46 iter: 9 train_iter_loss: 0.065645 learn_rate: 0.000014 
epoch: 46 iter: 10 train_iter_loss: 0.066194 learn_rate: 0.000014 
epoch: 46 iter: 11 train_iter_loss: 0.067229 learn_rate: 0.000014 
epoch: 46 iter: 12 train_iter_loss: 0.067287 learn_rate: 0.000014 
epoch: 46 iter: 13 train_iter_loss: 0.064491 learn_rate: 0.000014 
epoch: 46 iter: 14 train_iter_loss: 0.065381 learn_rate: 0.000014 
epoch: 46 iter: 15 train_iter_loss: 0.065220 learn_rate: 0.000014 
epoch: 46 iter: 16 train_iter_loss: 0.063139 learn_rate: 0.000014 
epoch: 46 iter: 17 train_iter_loss: 0.066793 learn_rate: 0.000014 
epoch: 46 iter: 18 train_iter_loss: 0.064380 learn_rate: 0.000014 
epoch: 46 iter: 19 train_iter_loss: 0.065509 learn_rate: 0.000014 
epoch: 46 iter: 20 train_iter_loss: 0.062253 learn_rate: 0.000014 
epoch: 46 iter: 21 train_iter_loss: 0.065785 learn_rate: 0.000014 
epoch: 46 iter: 22 train_iter_loss: 0.065011 learn_rate: 0.000014 
epoch: 46 iter: 23 train_iter_loss: 0.064948 learn_rate: 0.000014 
epoch: 46 train_epoch_loss: 0.065052 learn_rate: 0.000014 test_p: 0.787880 test_r: 0.768568 test_f: 0.778037
epoch: 47 iter: 1 train_iter_loss: 0.065363 learn_rate: 0.000014 
epoch: 47 iter: 2 train_iter_loss: 0.063260 learn_rate: 0.000014 
epoch: 47 iter: 3 train_iter_loss: 0.068067 learn_rate: 0.000014 
epoch: 47 iter: 4 train_iter_loss: 0.063149 learn_rate: 0.000014 
epoch: 47 iter: 5 train_iter_loss: 0.061894 learn_rate: 0.000014 
epoch: 47 iter: 6 train_iter_loss: 0.066869 learn_rate: 0.000014 
epoch: 47 iter: 7 train_iter_loss: 0.063201 learn_rate: 0.000014 
epoch: 47 iter: 8 train_iter_loss: 0.066979 learn_rate: 0.000014 
epoch: 47 iter: 9 train_iter_loss: 0.064702 learn_rate: 0.000014 
epoch: 47 iter: 10 train_iter_loss: 0.066120 learn_rate: 0.000014 
epoch: 47 iter: 11 train_iter_loss: 0.064636 learn_rate: 0.000014 
epoch: 47 iter: 12 train_iter_loss: 0.066080 learn_rate: 0.000014 
epoch: 47 iter: 13 train_iter_loss: 0.066565 learn_rate: 0.000014 
epoch: 47 iter: 14 train_iter_loss: 0.064551 learn_rate: 0.000014 
epoch: 47 iter: 15 train_iter_loss: 0.063841 learn_rate: 0.000014 
epoch: 47 iter: 16 train_iter_loss: 0.065602 learn_rate: 0.000014 
epoch: 47 iter: 17 train_iter_loss: 0.066357 learn_rate: 0.000014 
epoch: 47 iter: 18 train_iter_loss: 0.064210 learn_rate: 0.000014 
epoch: 47 iter: 19 train_iter_loss: 0.063279 learn_rate: 0.000014 
epoch: 47 iter: 20 train_iter_loss: 0.067013 learn_rate: 0.000014 
epoch: 47 iter: 21 train_iter_loss: 0.065394 learn_rate: 0.000014 
epoch: 47 iter: 22 train_iter_loss: 0.063767 learn_rate: 0.000014 
epoch: 47 iter: 23 train_iter_loss: 0.065279 learn_rate: 0.000014 
epoch: 47 train_epoch_loss: 0.065051 learn_rate: 0.000014 test_p: 0.787906 test_r: 0.768641 test_f: 0.778087
epoch: 48 iter: 1 train_iter_loss: 0.061752 learn_rate: 0.000005 
epoch: 48 iter: 2 train_iter_loss: 0.064358 learn_rate: 0.000005 
epoch: 48 iter: 3 train_iter_loss: 0.064045 learn_rate: 0.000005 
epoch: 48 iter: 4 train_iter_loss: 0.065371 learn_rate: 0.000005 
epoch: 48 iter: 5 train_iter_loss: 0.064818 learn_rate: 0.000005 
epoch: 48 iter: 6 train_iter_loss: 0.065878 learn_rate: 0.000005 
epoch: 48 iter: 7 train_iter_loss: 0.066391 learn_rate: 0.000005 
epoch: 48 iter: 8 train_iter_loss: 0.062018 learn_rate: 0.000005 
epoch: 48 iter: 9 train_iter_loss: 0.065912 learn_rate: 0.000005 
epoch: 48 iter: 10 train_iter_loss: 0.063470 learn_rate: 0.000005 
epoch: 48 iter: 11 train_iter_loss: 0.064728 learn_rate: 0.000005 
epoch: 48 iter: 12 train_iter_loss: 0.061679 learn_rate: 0.000005 
epoch: 48 iter: 13 train_iter_loss: 0.064257 learn_rate: 0.000005 
epoch: 48 iter: 14 train_iter_loss: 0.071456 learn_rate: 0.000005 
epoch: 48 iter: 15 train_iter_loss: 0.065413 learn_rate: 0.000005 
epoch: 48 iter: 16 train_iter_loss: 0.067928 learn_rate: 0.000005 
epoch: 48 iter: 17 train_iter_loss: 0.067522 learn_rate: 0.000005 
epoch: 48 iter: 18 train_iter_loss: 0.065415 learn_rate: 0.000005 
epoch: 48 iter: 19 train_iter_loss: 0.067247 learn_rate: 0.000005 
epoch: 48 iter: 20 train_iter_loss: 0.063025 learn_rate: 0.000005 
epoch: 48 iter: 21 train_iter_loss: 0.064372 learn_rate: 0.000005 
epoch: 48 iter: 22 train_iter_loss: 0.065032 learn_rate: 0.000005 
epoch: 48 iter: 23 train_iter_loss: 0.061853 learn_rate: 0.000005 
epoch: 48 train_epoch_loss: 0.064954 learn_rate: 0.000005 test_p: 0.787951 test_r: 0.769011 test_f: 0.778301
epoch: 49 iter: 1 train_iter_loss: 0.062841 learn_rate: 0.000005 
epoch: 49 iter: 2 train_iter_loss: 0.066466 learn_rate: 0.000005 
epoch: 49 iter: 3 train_iter_loss: 0.063284 learn_rate: 0.000005 
epoch: 49 iter: 4 train_iter_loss: 0.065450 learn_rate: 0.000005 
epoch: 49 iter: 5 train_iter_loss: 0.067260 learn_rate: 0.000005 
epoch: 49 iter: 6 train_iter_loss: 0.066539 learn_rate: 0.000005 
epoch: 49 iter: 7 train_iter_loss: 0.063833 learn_rate: 0.000005 
epoch: 49 iter: 8 train_iter_loss: 0.063432 learn_rate: 0.000005 
epoch: 49 iter: 9 train_iter_loss: 0.065482 learn_rate: 0.000005 
epoch: 49 iter: 10 train_iter_loss: 0.067948 learn_rate: 0.000005 
epoch: 49 iter: 11 train_iter_loss: 0.066171 learn_rate: 0.000005 
epoch: 49 iter: 12 train_iter_loss: 0.066744 learn_rate: 0.000005 
epoch: 49 iter: 13 train_iter_loss: 0.065246 learn_rate: 0.000005 
epoch: 49 iter: 14 train_iter_loss: 0.067249 learn_rate: 0.000005 
epoch: 49 iter: 15 train_iter_loss: 0.062412 learn_rate: 0.000005 
epoch: 49 iter: 16 train_iter_loss: 0.063415 learn_rate: 0.000005 
epoch: 49 iter: 17 train_iter_loss: 0.062727 learn_rate: 0.000005 
epoch: 49 iter: 18 train_iter_loss: 0.067372 learn_rate: 0.000005 
epoch: 49 iter: 19 train_iter_loss: 0.064596 learn_rate: 0.000005 
epoch: 49 iter: 20 train_iter_loss: 0.062728 learn_rate: 0.000005 
epoch: 49 iter: 21 train_iter_loss: 0.064251 learn_rate: 0.000005 
epoch: 49 iter: 22 train_iter_loss: 0.062696 learn_rate: 0.000005 
epoch: 49 iter: 23 train_iter_loss: 0.068678 learn_rate: 0.000005 
epoch: 49 train_epoch_loss: 0.065079 learn_rate: 0.000005 test_p: 0.787904 test_r: 0.769005 test_f: 0.778275
epoch: 50 iter: 1 train_iter_loss: 0.068572 learn_rate: 0.000002 
epoch: 50 iter: 2 train_iter_loss: 0.063047 learn_rate: 0.000002 
epoch: 50 iter: 3 train_iter_loss: 0.064066 learn_rate: 0.000002 
epoch: 50 iter: 4 train_iter_loss: 0.066744 learn_rate: 0.000002 
epoch: 50 iter: 5 train_iter_loss: 0.067753 learn_rate: 0.000002 
epoch: 50 iter: 6 train_iter_loss: 0.065225 learn_rate: 0.000002 
epoch: 50 iter: 7 train_iter_loss: 0.063814 learn_rate: 0.000002 
epoch: 50 iter: 8 train_iter_loss: 0.064694 learn_rate: 0.000002 
epoch: 50 iter: 9 train_iter_loss: 0.065854 learn_rate: 0.000002 
epoch: 50 iter: 10 train_iter_loss: 0.065201 learn_rate: 0.000002 
epoch: 50 iter: 11 train_iter_loss: 0.064526 learn_rate: 0.000002 
epoch: 50 iter: 12 train_iter_loss: 0.063187 learn_rate: 0.000002 
epoch: 50 iter: 13 train_iter_loss: 0.063442 learn_rate: 0.000002 
epoch: 50 iter: 14 train_iter_loss: 0.064884 learn_rate: 0.000002 
epoch: 50 iter: 15 train_iter_loss: 0.062941 learn_rate: 0.000002 
epoch: 50 iter: 16 train_iter_loss: 0.067619 learn_rate: 0.000002 
epoch: 50 iter: 17 train_iter_loss: 0.065686 learn_rate: 0.000002 
epoch: 50 iter: 18 train_iter_loss: 0.063018 learn_rate: 0.000002 
epoch: 50 iter: 19 train_iter_loss: 0.063644 learn_rate: 0.000002 
epoch: 50 iter: 20 train_iter_loss: 0.065028 learn_rate: 0.000002 
epoch: 50 iter: 21 train_iter_loss: 0.066444 learn_rate: 0.000002 
epoch: 50 iter: 22 train_iter_loss: 0.065549 learn_rate: 0.000002 
epoch: 50 iter: 23 train_iter_loss: 0.064898 learn_rate: 0.000002 
epoch: 50 train_epoch_loss: 0.065036 learn_rate: 0.000002 test_p: 0.787999 test_r: 0.769018 test_f: 0.778328
epoch: 51 iter: 1 train_iter_loss: 0.065605 learn_rate: 0.000002 
epoch: 51 iter: 2 train_iter_loss: 0.071348 learn_rate: 0.000002 
epoch: 51 iter: 3 train_iter_loss: 0.062594 learn_rate: 0.000002 
epoch: 51 iter: 4 train_iter_loss: 0.067975 learn_rate: 0.000002 
epoch: 51 iter: 5 train_iter_loss: 0.063342 learn_rate: 0.000002 
epoch: 51 iter: 6 train_iter_loss: 0.067087 learn_rate: 0.000002 
epoch: 51 iter: 7 train_iter_loss: 0.064013 learn_rate: 0.000002 
epoch: 51 iter: 8 train_iter_loss: 0.066566 learn_rate: 0.000002 
epoch: 51 iter: 9 train_iter_loss: 0.062819 learn_rate: 0.000002 
epoch: 51 iter: 10 train_iter_loss: 0.063489 learn_rate: 0.000002 
epoch: 51 iter: 11 train_iter_loss: 0.067128 learn_rate: 0.000002 
epoch: 51 iter: 12 train_iter_loss: 0.064316 learn_rate: 0.000002 
epoch: 51 iter: 13 train_iter_loss: 0.065981 learn_rate: 0.000002 
epoch: 51 iter: 14 train_iter_loss: 0.069148 learn_rate: 0.000002 
epoch: 51 iter: 15 train_iter_loss: 0.063019 learn_rate: 0.000002 
epoch: 51 iter: 16 train_iter_loss: 0.064109 learn_rate: 0.000002 
epoch: 51 iter: 17 train_iter_loss: 0.063694 learn_rate: 0.000002 
epoch: 51 iter: 18 train_iter_loss: 0.062016 learn_rate: 0.000002 
epoch: 51 iter: 19 train_iter_loss: 0.064825 learn_rate: 0.000002 
epoch: 51 iter: 20 train_iter_loss: 0.064397 learn_rate: 0.000002 
epoch: 51 iter: 21 train_iter_loss: 0.063915 learn_rate: 0.000002 
epoch: 51 iter: 22 train_iter_loss: 0.064452 learn_rate: 0.000002 
epoch: 51 iter: 23 train_iter_loss: 0.062245 learn_rate: 0.000002 
epoch: 51 train_epoch_loss: 0.064960 learn_rate: 0.000002 test_p: 0.787961 test_r: 0.768988 test_f: 0.778294
epoch: 52 iter: 1 train_iter_loss: 0.063980 learn_rate: 0.000001 
epoch: 52 iter: 2 train_iter_loss: 0.068084 learn_rate: 0.000001 
epoch: 52 iter: 3 train_iter_loss: 0.062566 learn_rate: 0.000001 
epoch: 52 iter: 4 train_iter_loss: 0.064174 learn_rate: 0.000001 
epoch: 52 iter: 5 train_iter_loss: 0.066332 learn_rate: 0.000001 
epoch: 52 iter: 6 train_iter_loss: 0.063541 learn_rate: 0.000001 
epoch: 52 iter: 7 train_iter_loss: 0.064522 learn_rate: 0.000001 
epoch: 52 iter: 8 train_iter_loss: 0.065394 learn_rate: 0.000001 
epoch: 52 iter: 9 train_iter_loss: 0.062596 learn_rate: 0.000001 
epoch: 52 iter: 10 train_iter_loss: 0.062658 learn_rate: 0.000001 
epoch: 52 iter: 11 train_iter_loss: 0.067236 learn_rate: 0.000001 
epoch: 52 iter: 12 train_iter_loss: 0.061817 learn_rate: 0.000001 
epoch: 52 iter: 13 train_iter_loss: 0.069063 learn_rate: 0.000001 
epoch: 52 iter: 14 train_iter_loss: 0.065108 learn_rate: 0.000001 
epoch: 52 iter: 15 train_iter_loss: 0.065876 learn_rate: 0.000001 
epoch: 52 iter: 16 train_iter_loss: 0.069610 learn_rate: 0.000001 
epoch: 52 iter: 17 train_iter_loss: 0.063805 learn_rate: 0.000001 
epoch: 52 iter: 18 train_iter_loss: 0.065401 learn_rate: 0.000001 
epoch: 52 iter: 19 train_iter_loss: 0.064930 learn_rate: 0.000001 
epoch: 52 iter: 20 train_iter_loss: 0.064338 learn_rate: 0.000001 
epoch: 52 iter: 21 train_iter_loss: 0.065185 learn_rate: 0.000001 
epoch: 52 iter: 22 train_iter_loss: 0.065765 learn_rate: 0.000001 
epoch: 52 iter: 23 train_iter_loss: 0.061969 learn_rate: 0.000001 
epoch: 52 train_epoch_loss: 0.064954 learn_rate: 0.000001 test_p: 0.787999 test_r: 0.769020 test_f: 0.778329
epoch: 53 iter: 1 train_iter_loss: 0.064952 learn_rate: 0.000001 
epoch: 53 iter: 2 train_iter_loss: 0.063436 learn_rate: 0.000001 
epoch: 53 iter: 3 train_iter_loss: 0.066834 learn_rate: 0.000001 
epoch: 53 iter: 4 train_iter_loss: 0.063742 learn_rate: 0.000001 
epoch: 53 iter: 5 train_iter_loss: 0.064235 learn_rate: 0.000001 
epoch: 53 iter: 6 train_iter_loss: 0.065735 learn_rate: 0.000001 
epoch: 53 iter: 7 train_iter_loss: 0.064420 learn_rate: 0.000001 
epoch: 53 iter: 8 train_iter_loss: 0.063465 learn_rate: 0.000001 
epoch: 53 iter: 9 train_iter_loss: 0.068235 learn_rate: 0.000001 
epoch: 53 iter: 10 train_iter_loss: 0.065062 learn_rate: 0.000001 
epoch: 53 iter: 11 train_iter_loss: 0.064207 learn_rate: 0.000001 
epoch: 53 iter: 12 train_iter_loss: 0.065486 learn_rate: 0.000001 
epoch: 53 iter: 13 train_iter_loss: 0.066297 learn_rate: 0.000001 
epoch: 53 iter: 14 train_iter_loss: 0.063395 learn_rate: 0.000001 
epoch: 53 iter: 15 train_iter_loss: 0.064498 learn_rate: 0.000001 
epoch: 53 iter: 16 train_iter_loss: 0.065854 learn_rate: 0.000001 
epoch: 53 iter: 17 train_iter_loss: 0.066425 learn_rate: 0.000001 
epoch: 53 iter: 18 train_iter_loss: 0.064936 learn_rate: 0.000001 
epoch: 53 iter: 19 train_iter_loss: 0.062561 learn_rate: 0.000001 
epoch: 53 iter: 20 train_iter_loss: 0.060630 learn_rate: 0.000001 
epoch: 53 iter: 21 train_iter_loss: 0.064414 learn_rate: 0.000001 
epoch: 53 iter: 22 train_iter_loss: 0.070142 learn_rate: 0.000001 
epoch: 53 iter: 23 train_iter_loss: 0.067702 learn_rate: 0.000001 
epoch: 53 train_epoch_loss: 0.065072 learn_rate: 0.000001 test_p: 0.787999 test_r: 0.769020 test_f: 0.778329
