Thu Apr 27 03:02:43 2023
data_dict: {'mean': array([52.671955, 58.467014, 64.36774 , 70.66405 , 73.61569 , 74.980606,
       82.51188 , 68.249916], dtype=float32), 'std': array([ 3.3862731,  5.402023 ,  7.500906 ,  9.607309 , 10.917853 ,
        7.8615   ,  8.134379 ,  6.6115108], dtype=float32), 'classWeights': array([1.4682337, 5.8915005, 7.6846166], dtype=float32), 'img_shape': (256, 256, 8)}
epoch: 1 iter: 1 train_iter_loss: 0.243896 learn_rate: 0.010000 
epoch: 1 iter: 2 train_iter_loss: 0.227598 learn_rate: 0.010000 
epoch: 1 iter: 3 train_iter_loss: 0.161260 learn_rate: 0.010000 
epoch: 1 iter: 4 train_iter_loss: 0.142373 learn_rate: 0.010000 
epoch: 1 iter: 5 train_iter_loss: 0.127988 learn_rate: 0.010000 
epoch: 1 iter: 6 train_iter_loss: 0.130864 learn_rate: 0.010000 
epoch: 1 iter: 7 train_iter_loss: 0.141677 learn_rate: 0.010000 
epoch: 1 iter: 8 train_iter_loss: 0.130639 learn_rate: 0.010000 
epoch: 1 iter: 9 train_iter_loss: 0.123095 learn_rate: 0.010000 
epoch: 1 iter: 10 train_iter_loss: 0.122448 learn_rate: 0.010000 
epoch: 1 iter: 11 train_iter_loss: 0.111955 learn_rate: 0.010000 
epoch: 1 iter: 12 train_iter_loss: 0.127384 learn_rate: 0.010000 
epoch: 1 iter: 13 train_iter_loss: 0.129797 learn_rate: 0.010000 
epoch: 1 iter: 14 train_iter_loss: 0.115103 learn_rate: 0.010000 
epoch: 1 iter: 15 train_iter_loss: 0.133349 learn_rate: 0.010000 
epoch: 1 iter: 16 train_iter_loss: 0.119175 learn_rate: 0.010000 
epoch: 1 iter: 17 train_iter_loss: 0.132898 learn_rate: 0.010000 
epoch: 1 iter: 18 train_iter_loss: 0.102882 learn_rate: 0.010000 
epoch: 1 iter: 19 train_iter_loss: 0.112067 learn_rate: 0.010000 
epoch: 1 iter: 20 train_iter_loss: 0.127160 learn_rate: 0.010000 
epoch: 1 iter: 21 train_iter_loss: 0.114904 learn_rate: 0.010000 
epoch: 1 iter: 22 train_iter_loss: 0.120882 learn_rate: 0.010000 
epoch: 1 iter: 23 train_iter_loss: 0.120930 learn_rate: 0.010000 
epoch: 1 train_epoch_loss: 0.135666 learn_rate: 0.010000 test_p: 0.389708 test_r: 0.555910 test_f: 0.458163
epoch: 2 iter: 1 train_iter_loss: 0.103866 learn_rate: 0.010000 
epoch: 2 iter: 2 train_iter_loss: 0.112261 learn_rate: 0.010000 
epoch: 2 iter: 3 train_iter_loss: 0.104502 learn_rate: 0.010000 
epoch: 2 iter: 4 train_iter_loss: 0.101008 learn_rate: 0.010000 
epoch: 2 iter: 5 train_iter_loss: 0.103449 learn_rate: 0.010000 
epoch: 2 iter: 6 train_iter_loss: 0.092028 learn_rate: 0.010000 
epoch: 2 iter: 7 train_iter_loss: 0.098472 learn_rate: 0.010000 
epoch: 2 iter: 8 train_iter_loss: 0.110923 learn_rate: 0.010000 
epoch: 2 iter: 9 train_iter_loss: 0.100446 learn_rate: 0.010000 
epoch: 2 iter: 10 train_iter_loss: 0.115932 learn_rate: 0.010000 
epoch: 2 iter: 11 train_iter_loss: 0.103447 learn_rate: 0.010000 
epoch: 2 iter: 12 train_iter_loss: 0.113739 learn_rate: 0.010000 
epoch: 2 iter: 13 train_iter_loss: 0.089463 learn_rate: 0.010000 
epoch: 2 iter: 14 train_iter_loss: 0.085746 learn_rate: 0.010000 
epoch: 2 iter: 15 train_iter_loss: 0.104131 learn_rate: 0.010000 
epoch: 2 iter: 16 train_iter_loss: 0.097357 learn_rate: 0.010000 
epoch: 2 iter: 17 train_iter_loss: 0.105024 learn_rate: 0.010000 
epoch: 2 iter: 18 train_iter_loss: 0.114068 learn_rate: 0.010000 
epoch: 2 iter: 19 train_iter_loss: 0.105467 learn_rate: 0.010000 
epoch: 2 iter: 20 train_iter_loss: 0.099423 learn_rate: 0.010000 
epoch: 2 iter: 21 train_iter_loss: 0.088996 learn_rate: 0.010000 
epoch: 2 iter: 22 train_iter_loss: 0.087996 learn_rate: 0.010000 
epoch: 2 iter: 23 train_iter_loss: 0.092188 learn_rate: 0.010000 
epoch: 2 train_epoch_loss: 0.101301 learn_rate: 0.010000 test_p: 0.565088 test_r: 0.564752 test_f: 0.564799
epoch: 3 iter: 1 train_iter_loss: 0.094342 learn_rate: 0.010000 
epoch: 3 iter: 2 train_iter_loss: 0.097350 learn_rate: 0.010000 
epoch: 3 iter: 3 train_iter_loss: 0.091943 learn_rate: 0.010000 
epoch: 3 iter: 4 train_iter_loss: 0.093224 learn_rate: 0.010000 
epoch: 3 iter: 5 train_iter_loss: 0.091123 learn_rate: 0.010000 
epoch: 3 iter: 6 train_iter_loss: 0.100125 learn_rate: 0.010000 
epoch: 3 iter: 7 train_iter_loss: 0.090207 learn_rate: 0.010000 
epoch: 3 iter: 8 train_iter_loss: 0.102087 learn_rate: 0.010000 
epoch: 3 iter: 9 train_iter_loss: 0.098591 learn_rate: 0.010000 
epoch: 3 iter: 10 train_iter_loss: 0.098545 learn_rate: 0.010000 
epoch: 3 iter: 11 train_iter_loss: 0.093791 learn_rate: 0.010000 
epoch: 3 iter: 12 train_iter_loss: 0.093189 learn_rate: 0.010000 
epoch: 3 iter: 13 train_iter_loss: 0.097448 learn_rate: 0.010000 
epoch: 3 iter: 14 train_iter_loss: 0.099596 learn_rate: 0.010000 
epoch: 3 iter: 15 train_iter_loss: 0.086137 learn_rate: 0.010000 
epoch: 3 iter: 16 train_iter_loss: 0.092626 learn_rate: 0.010000 
epoch: 3 iter: 17 train_iter_loss: 0.089817 learn_rate: 0.010000 
epoch: 3 iter: 18 train_iter_loss: 0.095339 learn_rate: 0.010000 
epoch: 3 iter: 19 train_iter_loss: 0.089237 learn_rate: 0.010000 
epoch: 3 iter: 20 train_iter_loss: 0.101570 learn_rate: 0.010000 
epoch: 3 iter: 21 train_iter_loss: 0.090801 learn_rate: 0.010000 
epoch: 3 iter: 22 train_iter_loss: 0.091539 learn_rate: 0.010000 
epoch: 3 iter: 23 train_iter_loss: 0.079510 learn_rate: 0.010000 
epoch: 3 train_epoch_loss: 0.093832 learn_rate: 0.010000 test_p: 0.543343 test_r: 0.583151 test_f: 0.562460
epoch: 4 iter: 1 train_iter_loss: 0.085665 learn_rate: 0.010000 
epoch: 4 iter: 2 train_iter_loss: 0.087286 learn_rate: 0.010000 
epoch: 4 iter: 3 train_iter_loss: 0.089771 learn_rate: 0.010000 
epoch: 4 iter: 4 train_iter_loss: 0.093838 learn_rate: 0.010000 
epoch: 4 iter: 5 train_iter_loss: 0.086875 learn_rate: 0.010000 
epoch: 4 iter: 6 train_iter_loss: 0.104316 learn_rate: 0.010000 
epoch: 4 iter: 7 train_iter_loss: 0.086536 learn_rate: 0.010000 
epoch: 4 iter: 8 train_iter_loss: 0.090376 learn_rate: 0.010000 
epoch: 4 iter: 9 train_iter_loss: 0.096157 learn_rate: 0.010000 
epoch: 4 iter: 10 train_iter_loss: 0.097558 learn_rate: 0.010000 
epoch: 4 iter: 11 train_iter_loss: 0.086663 learn_rate: 0.010000 
epoch: 4 iter: 12 train_iter_loss: 0.090756 learn_rate: 0.010000 
epoch: 4 iter: 13 train_iter_loss: 0.093302 learn_rate: 0.010000 
epoch: 4 iter: 14 train_iter_loss: 0.092202 learn_rate: 0.010000 
epoch: 4 iter: 15 train_iter_loss: 0.091080 learn_rate: 0.010000 
epoch: 4 iter: 16 train_iter_loss: 0.084753 learn_rate: 0.010000 
epoch: 4 iter: 17 train_iter_loss: 0.083207 learn_rate: 0.010000 
epoch: 4 iter: 18 train_iter_loss: 0.100791 learn_rate: 0.010000 
epoch: 4 iter: 19 train_iter_loss: 0.097964 learn_rate: 0.010000 
epoch: 4 iter: 20 train_iter_loss: 0.096152 learn_rate: 0.010000 
epoch: 4 iter: 21 train_iter_loss: 0.097113 learn_rate: 0.010000 
epoch: 4 iter: 22 train_iter_loss: 0.087056 learn_rate: 0.010000 
epoch: 4 iter: 23 train_iter_loss: 0.094526 learn_rate: 0.010000 
epoch: 4 train_epoch_loss: 0.091911 learn_rate: 0.010000 test_p: 0.511706 test_r: 0.561549 test_f: 0.535209
epoch: 5 iter: 1 train_iter_loss: 0.090545 learn_rate: 0.010000 
epoch: 5 iter: 2 train_iter_loss: 0.089920 learn_rate: 0.010000 
epoch: 5 iter: 3 train_iter_loss: 0.090040 learn_rate: 0.010000 
epoch: 5 iter: 4 train_iter_loss: 0.085563 learn_rate: 0.010000 
epoch: 5 iter: 5 train_iter_loss: 0.081754 learn_rate: 0.010000 
epoch: 5 iter: 6 train_iter_loss: 0.092160 learn_rate: 0.010000 
epoch: 5 iter: 7 train_iter_loss: 0.087363 learn_rate: 0.010000 
epoch: 5 iter: 8 train_iter_loss: 0.092697 learn_rate: 0.010000 
epoch: 5 iter: 9 train_iter_loss: 0.090392 learn_rate: 0.010000 
epoch: 5 iter: 10 train_iter_loss: 0.086945 learn_rate: 0.010000 
epoch: 5 iter: 11 train_iter_loss: 0.089743 learn_rate: 0.010000 
epoch: 5 iter: 12 train_iter_loss: 0.092541 learn_rate: 0.010000 
epoch: 5 iter: 13 train_iter_loss: 0.096229 learn_rate: 0.010000 
epoch: 5 iter: 14 train_iter_loss: 0.092172 learn_rate: 0.010000 
epoch: 5 iter: 15 train_iter_loss: 0.088383 learn_rate: 0.010000 
epoch: 5 iter: 16 train_iter_loss: 0.083828 learn_rate: 0.010000 
epoch: 5 iter: 17 train_iter_loss: 0.085280 learn_rate: 0.010000 
epoch: 5 iter: 18 train_iter_loss: 0.095043 learn_rate: 0.010000 
epoch: 5 iter: 19 train_iter_loss: 0.085212 learn_rate: 0.010000 
epoch: 5 iter: 20 train_iter_loss: 0.090425 learn_rate: 0.010000 
epoch: 5 iter: 21 train_iter_loss: 0.097762 learn_rate: 0.010000 
epoch: 5 iter: 22 train_iter_loss: 0.091946 learn_rate: 0.010000 
epoch: 5 iter: 23 train_iter_loss: 0.085056 learn_rate: 0.010000 
epoch: 5 train_epoch_loss: 0.089609 learn_rate: 0.010000 test_p: 0.563990 test_r: 0.553762 test_f: 0.558470
epoch: 6 iter: 1 train_iter_loss: 0.078563 learn_rate: 0.010000 
epoch: 6 iter: 2 train_iter_loss: 0.086095 learn_rate: 0.010000 
epoch: 6 iter: 3 train_iter_loss: 0.090052 learn_rate: 0.010000 
epoch: 6 iter: 4 train_iter_loss: 0.086219 learn_rate: 0.010000 
epoch: 6 iter: 5 train_iter_loss: 0.087461 learn_rate: 0.010000 
epoch: 6 iter: 6 train_iter_loss: 0.087458 learn_rate: 0.010000 
epoch: 6 iter: 7 train_iter_loss: 0.075936 learn_rate: 0.010000 
epoch: 6 iter: 8 train_iter_loss: 0.077139 learn_rate: 0.010000 
epoch: 6 iter: 9 train_iter_loss: 0.089661 learn_rate: 0.010000 
epoch: 6 iter: 10 train_iter_loss: 0.085585 learn_rate: 0.010000 
epoch: 6 iter: 11 train_iter_loss: 0.082157 learn_rate: 0.010000 
epoch: 6 iter: 12 train_iter_loss: 0.085680 learn_rate: 0.010000 
epoch: 6 iter: 13 train_iter_loss: 0.084517 learn_rate: 0.010000 
epoch: 6 iter: 14 train_iter_loss: 0.080014 learn_rate: 0.010000 
epoch: 6 iter: 15 train_iter_loss: 0.087592 learn_rate: 0.010000 
epoch: 6 iter: 16 train_iter_loss: 0.088034 learn_rate: 0.010000 
epoch: 6 iter: 17 train_iter_loss: 0.080582 learn_rate: 0.010000 
epoch: 6 iter: 18 train_iter_loss: 0.080077 learn_rate: 0.010000 
epoch: 6 iter: 19 train_iter_loss: 0.081554 learn_rate: 0.010000 
epoch: 6 iter: 20 train_iter_loss: 0.093906 learn_rate: 0.010000 
epoch: 6 iter: 21 train_iter_loss: 0.086332 learn_rate: 0.010000 
epoch: 6 iter: 22 train_iter_loss: 0.091983 learn_rate: 0.010000 
epoch: 6 iter: 23 train_iter_loss: 0.087753 learn_rate: 0.010000 
epoch: 6 train_epoch_loss: 0.084972 learn_rate: 0.010000 test_p: 0.571628 test_r: 0.610480 test_f: 0.589108
epoch: 7 iter: 1 train_iter_loss: 0.084943 learn_rate: 0.010000 
epoch: 7 iter: 2 train_iter_loss: 0.082005 learn_rate: 0.010000 
epoch: 7 iter: 3 train_iter_loss: 0.091742 learn_rate: 0.010000 
epoch: 7 iter: 4 train_iter_loss: 0.073073 learn_rate: 0.010000 
epoch: 7 iter: 5 train_iter_loss: 0.082151 learn_rate: 0.010000 
epoch: 7 iter: 6 train_iter_loss: 0.085937 learn_rate: 0.010000 
epoch: 7 iter: 7 train_iter_loss: 0.079027 learn_rate: 0.010000 
epoch: 7 iter: 8 train_iter_loss: 0.091043 learn_rate: 0.010000 
epoch: 7 iter: 9 train_iter_loss: 0.079888 learn_rate: 0.010000 
epoch: 7 iter: 10 train_iter_loss: 0.079417 learn_rate: 0.010000 
epoch: 7 iter: 11 train_iter_loss: 0.075103 learn_rate: 0.010000 
epoch: 7 iter: 12 train_iter_loss: 0.073832 learn_rate: 0.010000 
epoch: 7 iter: 13 train_iter_loss: 0.084643 learn_rate: 0.010000 
epoch: 7 iter: 14 train_iter_loss: 0.084021 learn_rate: 0.010000 
epoch: 7 iter: 15 train_iter_loss: 0.078683 learn_rate: 0.010000 
epoch: 7 iter: 16 train_iter_loss: 0.082423 learn_rate: 0.010000 
epoch: 7 iter: 17 train_iter_loss: 0.077836 learn_rate: 0.010000 
epoch: 7 iter: 18 train_iter_loss: 0.078850 learn_rate: 0.010000 
epoch: 7 iter: 19 train_iter_loss: 0.079634 learn_rate: 0.010000 
epoch: 7 iter: 20 train_iter_loss: 0.077160 learn_rate: 0.010000 
epoch: 7 iter: 21 train_iter_loss: 0.080148 learn_rate: 0.010000 
epoch: 7 iter: 22 train_iter_loss: 0.075541 learn_rate: 0.010000 
epoch: 7 iter: 23 train_iter_loss: 0.083091 learn_rate: 0.010000 
epoch: 7 train_epoch_loss: 0.080878 learn_rate: 0.010000 test_p: 0.679837 test_r: 0.625606 test_f: 0.651482
epoch: 8 iter: 1 train_iter_loss: 0.082559 learn_rate: 0.010000 
epoch: 8 iter: 2 train_iter_loss: 0.072888 learn_rate: 0.010000 
epoch: 8 iter: 3 train_iter_loss: 0.071692 learn_rate: 0.010000 
epoch: 8 iter: 4 train_iter_loss: 0.079043 learn_rate: 0.010000 
epoch: 8 iter: 5 train_iter_loss: 0.079697 learn_rate: 0.010000 
epoch: 8 iter: 6 train_iter_loss: 0.077922 learn_rate: 0.010000 
epoch: 8 iter: 7 train_iter_loss: 0.077054 learn_rate: 0.010000 
epoch: 8 iter: 8 train_iter_loss: 0.076134 learn_rate: 0.010000 
epoch: 8 iter: 9 train_iter_loss: 0.075224 learn_rate: 0.010000 
epoch: 8 iter: 10 train_iter_loss: 0.080775 learn_rate: 0.010000 
epoch: 8 iter: 11 train_iter_loss: 0.074435 learn_rate: 0.010000 
epoch: 8 iter: 12 train_iter_loss: 0.073214 learn_rate: 0.010000 
epoch: 8 iter: 13 train_iter_loss: 0.077151 learn_rate: 0.010000 
epoch: 8 iter: 14 train_iter_loss: 0.070391 learn_rate: 0.010000 
epoch: 8 iter: 15 train_iter_loss: 0.070268 learn_rate: 0.010000 
epoch: 8 iter: 16 train_iter_loss: 0.075387 learn_rate: 0.010000 
epoch: 8 iter: 17 train_iter_loss: 0.075455 learn_rate: 0.010000 
epoch: 8 iter: 18 train_iter_loss: 0.071323 learn_rate: 0.010000 
epoch: 8 iter: 19 train_iter_loss: 0.069415 learn_rate: 0.010000 
epoch: 8 iter: 20 train_iter_loss: 0.071824 learn_rate: 0.010000 
epoch: 8 iter: 21 train_iter_loss: 0.067221 learn_rate: 0.010000 
epoch: 8 iter: 22 train_iter_loss: 0.074169 learn_rate: 0.010000 
epoch: 8 iter: 23 train_iter_loss: 0.073481 learn_rate: 0.010000 
epoch: 8 train_epoch_loss: 0.074640 learn_rate: 0.010000 test_p: 0.800602 test_r: 0.768293 test_f: 0.783997
epoch: 9 iter: 1 train_iter_loss: 0.069833 learn_rate: 0.010000 
epoch: 9 iter: 2 train_iter_loss: 0.069001 learn_rate: 0.010000 
epoch: 9 iter: 3 train_iter_loss: 0.071662 learn_rate: 0.010000 
epoch: 9 iter: 4 train_iter_loss: 0.074022 learn_rate: 0.010000 
epoch: 9 iter: 5 train_iter_loss: 0.076494 learn_rate: 0.010000 
epoch: 9 iter: 6 train_iter_loss: 0.074570 learn_rate: 0.010000 
epoch: 9 iter: 7 train_iter_loss: 0.069412 learn_rate: 0.010000 
epoch: 9 iter: 8 train_iter_loss: 0.075231 learn_rate: 0.010000 
epoch: 9 iter: 9 train_iter_loss: 0.073191 learn_rate: 0.010000 
epoch: 9 iter: 10 train_iter_loss: 0.070294 learn_rate: 0.010000 
epoch: 9 iter: 11 train_iter_loss: 0.073254 learn_rate: 0.010000 
epoch: 9 iter: 12 train_iter_loss: 0.076360 learn_rate: 0.010000 
epoch: 9 iter: 13 train_iter_loss: 0.077748 learn_rate: 0.010000 
epoch: 9 iter: 14 train_iter_loss: 0.066619 learn_rate: 0.010000 
epoch: 9 iter: 15 train_iter_loss: 0.074556 learn_rate: 0.010000 
epoch: 9 iter: 16 train_iter_loss: 0.070251 learn_rate: 0.010000 
epoch: 9 iter: 17 train_iter_loss: 0.074475 learn_rate: 0.010000 
epoch: 9 iter: 18 train_iter_loss: 0.070524 learn_rate: 0.010000 
epoch: 9 iter: 19 train_iter_loss: 0.071951 learn_rate: 0.010000 
epoch: 9 iter: 20 train_iter_loss: 0.073646 learn_rate: 0.010000 
epoch: 9 iter: 21 train_iter_loss: 0.071170 learn_rate: 0.010000 
epoch: 9 iter: 22 train_iter_loss: 0.072684 learn_rate: 0.010000 
epoch: 9 iter: 23 train_iter_loss: 0.073996 learn_rate: 0.010000 
epoch: 9 train_epoch_loss: 0.072650 learn_rate: 0.010000 test_p: 0.767833 test_r: 0.752424 test_f: 0.760011
epoch: 10 iter: 1 train_iter_loss: 0.071436 learn_rate: 0.010000 
epoch: 10 iter: 2 train_iter_loss: 0.072754 learn_rate: 0.010000 
epoch: 10 iter: 3 train_iter_loss: 0.076697 learn_rate: 0.010000 
epoch: 10 iter: 4 train_iter_loss: 0.071825 learn_rate: 0.010000 
epoch: 10 iter: 5 train_iter_loss: 0.067895 learn_rate: 0.010000 
epoch: 10 iter: 6 train_iter_loss: 0.077982 learn_rate: 0.010000 
epoch: 10 iter: 7 train_iter_loss: 0.088952 learn_rate: 0.010000 
epoch: 10 iter: 8 train_iter_loss: 0.072573 learn_rate: 0.010000 
epoch: 10 iter: 9 train_iter_loss: 0.078621 learn_rate: 0.010000 
epoch: 10 iter: 10 train_iter_loss: 0.076338 learn_rate: 0.010000 
epoch: 10 iter: 11 train_iter_loss: 0.076046 learn_rate: 0.010000 
epoch: 10 iter: 12 train_iter_loss: 0.072621 learn_rate: 0.010000 
epoch: 10 iter: 13 train_iter_loss: 0.078982 learn_rate: 0.010000 
epoch: 10 iter: 14 train_iter_loss: 0.078081 learn_rate: 0.010000 
epoch: 10 iter: 15 train_iter_loss: 0.075767 learn_rate: 0.010000 
epoch: 10 iter: 16 train_iter_loss: 0.078514 learn_rate: 0.010000 
epoch: 10 iter: 17 train_iter_loss: 0.075221 learn_rate: 0.010000 
epoch: 10 iter: 18 train_iter_loss: 0.078697 learn_rate: 0.010000 
epoch: 10 iter: 19 train_iter_loss: 0.077319 learn_rate: 0.010000 
epoch: 10 iter: 20 train_iter_loss: 0.074158 learn_rate: 0.010000 
epoch: 10 iter: 21 train_iter_loss: 0.070703 learn_rate: 0.010000 
epoch: 10 iter: 22 train_iter_loss: 0.073601 learn_rate: 0.010000 
epoch: 10 iter: 23 train_iter_loss: 0.074622 learn_rate: 0.010000 
epoch: 10 train_epoch_loss: 0.075626 learn_rate: 0.010000 test_p: 0.714222 test_r: 0.683262 test_f: 0.698251
epoch: 11 iter: 1 train_iter_loss: 0.073959 learn_rate: 0.010000 
epoch: 11 iter: 2 train_iter_loss: 0.075634 learn_rate: 0.010000 
epoch: 11 iter: 3 train_iter_loss: 0.077310 learn_rate: 0.010000 
epoch: 11 iter: 4 train_iter_loss: 0.071646 learn_rate: 0.010000 
epoch: 11 iter: 5 train_iter_loss: 0.074087 learn_rate: 0.010000 
epoch: 11 iter: 6 train_iter_loss: 0.075302 learn_rate: 0.010000 
epoch: 11 iter: 7 train_iter_loss: 0.069738 learn_rate: 0.010000 
epoch: 11 iter: 8 train_iter_loss: 0.074848 learn_rate: 0.010000 
epoch: 11 iter: 9 train_iter_loss: 0.073905 learn_rate: 0.010000 
epoch: 11 iter: 10 train_iter_loss: 0.071568 learn_rate: 0.010000 
epoch: 11 iter: 11 train_iter_loss: 0.073846 learn_rate: 0.010000 
epoch: 11 iter: 12 train_iter_loss: 0.073592 learn_rate: 0.010000 
epoch: 11 iter: 13 train_iter_loss: 0.075118 learn_rate: 0.010000 
epoch: 11 iter: 14 train_iter_loss: 0.071218 learn_rate: 0.010000 
epoch: 11 iter: 15 train_iter_loss: 0.072664 learn_rate: 0.010000 
epoch: 11 iter: 16 train_iter_loss: 0.074424 learn_rate: 0.010000 
epoch: 11 iter: 17 train_iter_loss: 0.073333 learn_rate: 0.010000 
epoch: 11 iter: 18 train_iter_loss: 0.069921 learn_rate: 0.010000 
epoch: 11 iter: 19 train_iter_loss: 0.073290 learn_rate: 0.010000 
epoch: 11 iter: 20 train_iter_loss: 0.070496 learn_rate: 0.010000 
epoch: 11 iter: 21 train_iter_loss: 0.073592 learn_rate: 0.010000 
epoch: 11 iter: 22 train_iter_loss: 0.067998 learn_rate: 0.010000 
epoch: 11 iter: 23 train_iter_loss: 0.069731 learn_rate: 0.010000 
epoch: 11 train_epoch_loss: 0.072923 learn_rate: 0.010000 test_p: 0.715155 test_r: 0.667994 test_f: 0.690407
epoch: 12 iter: 1 train_iter_loss: 0.073769 learn_rate: 0.003333 
epoch: 12 iter: 2 train_iter_loss: 0.067328 learn_rate: 0.003333 
epoch: 12 iter: 3 train_iter_loss: 0.072203 learn_rate: 0.003333 
epoch: 12 iter: 4 train_iter_loss: 0.068890 learn_rate: 0.003333 
epoch: 12 iter: 5 train_iter_loss: 0.070567 learn_rate: 0.003333 
epoch: 12 iter: 6 train_iter_loss: 0.068367 learn_rate: 0.003333 
epoch: 12 iter: 7 train_iter_loss: 0.069045 learn_rate: 0.003333 
epoch: 12 iter: 8 train_iter_loss: 0.072132 learn_rate: 0.003333 
epoch: 12 iter: 9 train_iter_loss: 0.069565 learn_rate: 0.003333 
epoch: 12 iter: 10 train_iter_loss: 0.072728 learn_rate: 0.003333 
epoch: 12 iter: 11 train_iter_loss: 0.073420 learn_rate: 0.003333 
epoch: 12 iter: 12 train_iter_loss: 0.070971 learn_rate: 0.003333 
epoch: 12 iter: 13 train_iter_loss: 0.071956 learn_rate: 0.003333 
epoch: 12 iter: 14 train_iter_loss: 0.066364 learn_rate: 0.003333 
epoch: 12 iter: 15 train_iter_loss: 0.071265 learn_rate: 0.003333 
epoch: 12 iter: 16 train_iter_loss: 0.069820 learn_rate: 0.003333 
epoch: 12 iter: 17 train_iter_loss: 0.073055 learn_rate: 0.003333 
epoch: 12 iter: 18 train_iter_loss: 0.067657 learn_rate: 0.003333 
epoch: 12 iter: 19 train_iter_loss: 0.070773 learn_rate: 0.003333 
epoch: 12 iter: 20 train_iter_loss: 0.071696 learn_rate: 0.003333 
epoch: 12 iter: 21 train_iter_loss: 0.072284 learn_rate: 0.003333 
epoch: 12 iter: 22 train_iter_loss: 0.069527 learn_rate: 0.003333 
epoch: 12 iter: 23 train_iter_loss: 0.069785 learn_rate: 0.003333 
epoch: 12 train_epoch_loss: 0.070572 learn_rate: 0.003333 test_p: 0.743339 test_r: 0.717515 test_f: 0.730099
epoch: 13 iter: 1 train_iter_loss: 0.070582 learn_rate: 0.003333 
epoch: 13 iter: 2 train_iter_loss: 0.070577 learn_rate: 0.003333 
epoch: 13 iter: 3 train_iter_loss: 0.067654 learn_rate: 0.003333 
epoch: 13 iter: 4 train_iter_loss: 0.071993 learn_rate: 0.003333 
epoch: 13 iter: 5 train_iter_loss: 0.073630 learn_rate: 0.003333 
epoch: 13 iter: 6 train_iter_loss: 0.064827 learn_rate: 0.003333 
epoch: 13 iter: 7 train_iter_loss: 0.070921 learn_rate: 0.003333 
epoch: 13 iter: 8 train_iter_loss: 0.068897 learn_rate: 0.003333 
epoch: 13 iter: 9 train_iter_loss: 0.068097 learn_rate: 0.003333 
epoch: 13 iter: 10 train_iter_loss: 0.069353 learn_rate: 0.003333 
epoch: 13 iter: 11 train_iter_loss: 0.070401 learn_rate: 0.003333 
epoch: 13 iter: 12 train_iter_loss: 0.071127 learn_rate: 0.003333 
epoch: 13 iter: 13 train_iter_loss: 0.072477 learn_rate: 0.003333 
epoch: 13 iter: 14 train_iter_loss: 0.070829 learn_rate: 0.003333 
epoch: 13 iter: 15 train_iter_loss: 0.072666 learn_rate: 0.003333 
epoch: 13 iter: 16 train_iter_loss: 0.075696 learn_rate: 0.003333 
epoch: 13 iter: 17 train_iter_loss: 0.070107 learn_rate: 0.003333 
epoch: 13 iter: 18 train_iter_loss: 0.073580 learn_rate: 0.003333 
epoch: 13 iter: 19 train_iter_loss: 0.065973 learn_rate: 0.003333 
epoch: 13 iter: 20 train_iter_loss: 0.068328 learn_rate: 0.003333 
epoch: 13 iter: 21 train_iter_loss: 0.073092 learn_rate: 0.003333 
epoch: 13 iter: 22 train_iter_loss: 0.071442 learn_rate: 0.003333 
epoch: 13 iter: 23 train_iter_loss: 0.069918 learn_rate: 0.003333 
epoch: 13 train_epoch_loss: 0.070529 learn_rate: 0.003333 test_p: 0.747197 test_r: 0.723382 test_f: 0.734984
epoch: 14 iter: 1 train_iter_loss: 0.069259 learn_rate: 0.003333 
epoch: 14 iter: 2 train_iter_loss: 0.067259 learn_rate: 0.003333 
epoch: 14 iter: 3 train_iter_loss: 0.065644 learn_rate: 0.003333 
epoch: 14 iter: 4 train_iter_loss: 0.070560 learn_rate: 0.003333 
epoch: 14 iter: 5 train_iter_loss: 0.068322 learn_rate: 0.003333 
epoch: 14 iter: 6 train_iter_loss: 0.070282 learn_rate: 0.003333 
epoch: 14 iter: 7 train_iter_loss: 0.069687 learn_rate: 0.003333 
epoch: 14 iter: 8 train_iter_loss: 0.067155 learn_rate: 0.003333 
epoch: 14 iter: 9 train_iter_loss: 0.071852 learn_rate: 0.003333 
epoch: 14 iter: 10 train_iter_loss: 0.071372 learn_rate: 0.003333 
epoch: 14 iter: 11 train_iter_loss: 0.072974 learn_rate: 0.003333 
epoch: 14 iter: 12 train_iter_loss: 0.071512 learn_rate: 0.003333 
epoch: 14 iter: 13 train_iter_loss: 0.071017 learn_rate: 0.003333 
epoch: 14 iter: 14 train_iter_loss: 0.067732 learn_rate: 0.003333 
epoch: 14 iter: 15 train_iter_loss: 0.070598 learn_rate: 0.003333 
epoch: 14 iter: 16 train_iter_loss: 0.067034 learn_rate: 0.003333 
epoch: 14 iter: 17 train_iter_loss: 0.072578 learn_rate: 0.003333 
epoch: 14 iter: 18 train_iter_loss: 0.068963 learn_rate: 0.003333 
epoch: 14 iter: 19 train_iter_loss: 0.073162 learn_rate: 0.003333 
epoch: 14 iter: 20 train_iter_loss: 0.069371 learn_rate: 0.003333 
epoch: 14 iter: 21 train_iter_loss: 0.068448 learn_rate: 0.003333 
epoch: 14 iter: 22 train_iter_loss: 0.069815 learn_rate: 0.003333 
epoch: 14 iter: 23 train_iter_loss: 0.069615 learn_rate: 0.003333 
epoch: 14 train_epoch_loss: 0.069748 learn_rate: 0.003333 test_p: 0.726804 test_r: 0.696187 test_f: 0.710991
epoch: 15 iter: 1 train_iter_loss: 0.071440 learn_rate: 0.003333 
epoch: 15 iter: 2 train_iter_loss: 0.068373 learn_rate: 0.003333 
epoch: 15 iter: 3 train_iter_loss: 0.068827 learn_rate: 0.003333 
epoch: 15 iter: 4 train_iter_loss: 0.067647 learn_rate: 0.003333 
epoch: 15 iter: 5 train_iter_loss: 0.074795 learn_rate: 0.003333 
epoch: 15 iter: 6 train_iter_loss: 0.068264 learn_rate: 0.003333 
epoch: 15 iter: 7 train_iter_loss: 0.066210 learn_rate: 0.003333 
epoch: 15 iter: 8 train_iter_loss: 0.073109 learn_rate: 0.003333 
epoch: 15 iter: 9 train_iter_loss: 0.071011 learn_rate: 0.003333 
epoch: 15 iter: 10 train_iter_loss: 0.067647 learn_rate: 0.003333 
epoch: 15 iter: 11 train_iter_loss: 0.069477 learn_rate: 0.003333 
epoch: 15 iter: 12 train_iter_loss: 0.067918 learn_rate: 0.003333 
epoch: 15 iter: 13 train_iter_loss: 0.071307 learn_rate: 0.003333 
epoch: 15 iter: 14 train_iter_loss: 0.067517 learn_rate: 0.003333 
epoch: 15 iter: 15 train_iter_loss: 0.068352 learn_rate: 0.003333 
epoch: 15 iter: 16 train_iter_loss: 0.067526 learn_rate: 0.003333 
epoch: 15 iter: 17 train_iter_loss: 0.071183 learn_rate: 0.003333 
epoch: 15 iter: 18 train_iter_loss: 0.067569 learn_rate: 0.003333 
epoch: 15 iter: 19 train_iter_loss: 0.071862 learn_rate: 0.003333 
epoch: 15 iter: 20 train_iter_loss: 0.067341 learn_rate: 0.003333 
epoch: 15 iter: 21 train_iter_loss: 0.067489 learn_rate: 0.003333 
epoch: 15 iter: 22 train_iter_loss: 0.070609 learn_rate: 0.003333 
epoch: 15 iter: 23 train_iter_loss: 0.073072 learn_rate: 0.003333 
epoch: 15 train_epoch_loss: 0.069502 learn_rate: 0.003333 test_p: 0.680710 test_r: 0.642449 test_f: 0.660829
epoch: 16 iter: 1 train_iter_loss: 0.070624 learn_rate: 0.003333 
epoch: 16 iter: 2 train_iter_loss: 0.072985 learn_rate: 0.003333 
epoch: 16 iter: 3 train_iter_loss: 0.071046 learn_rate: 0.003333 
epoch: 16 iter: 4 train_iter_loss: 0.069443 learn_rate: 0.003333 
epoch: 16 iter: 5 train_iter_loss: 0.067280 learn_rate: 0.003333 
epoch: 16 iter: 6 train_iter_loss: 0.069284 learn_rate: 0.003333 
epoch: 16 iter: 7 train_iter_loss: 0.068894 learn_rate: 0.003333 
epoch: 16 iter: 8 train_iter_loss: 0.069378 learn_rate: 0.003333 
epoch: 16 iter: 9 train_iter_loss: 0.069488 learn_rate: 0.003333 
epoch: 16 iter: 10 train_iter_loss: 0.070927 learn_rate: 0.003333 
epoch: 16 iter: 11 train_iter_loss: 0.066907 learn_rate: 0.003333 
epoch: 16 iter: 12 train_iter_loss: 0.068967 learn_rate: 0.003333 
epoch: 16 iter: 13 train_iter_loss: 0.072583 learn_rate: 0.003333 
epoch: 16 iter: 14 train_iter_loss: 0.069398 learn_rate: 0.003333 
epoch: 16 iter: 15 train_iter_loss: 0.067970 learn_rate: 0.003333 
epoch: 16 iter: 16 train_iter_loss: 0.070439 learn_rate: 0.003333 
epoch: 16 iter: 17 train_iter_loss: 0.066820 learn_rate: 0.003333 
epoch: 16 iter: 18 train_iter_loss: 0.067670 learn_rate: 0.003333 
epoch: 16 iter: 19 train_iter_loss: 0.065827 learn_rate: 0.003333 
epoch: 16 iter: 20 train_iter_loss: 0.070542 learn_rate: 0.003333 
epoch: 16 iter: 21 train_iter_loss: 0.067533 learn_rate: 0.003333 
epoch: 16 iter: 22 train_iter_loss: 0.071163 learn_rate: 0.003333 
epoch: 16 iter: 23 train_iter_loss: 0.071085 learn_rate: 0.003333 
epoch: 16 train_epoch_loss: 0.069402 learn_rate: 0.003333 test_p: 0.685956 test_r: 0.662699 test_f: 0.673991
epoch: 17 iter: 1 train_iter_loss: 0.069037 learn_rate: 0.003333 
epoch: 17 iter: 2 train_iter_loss: 0.068703 learn_rate: 0.003333 
epoch: 17 iter: 3 train_iter_loss: 0.068891 learn_rate: 0.003333 
epoch: 17 iter: 4 train_iter_loss: 0.067696 learn_rate: 0.003333 
epoch: 17 iter: 5 train_iter_loss: 0.069965 learn_rate: 0.003333 
epoch: 17 iter: 6 train_iter_loss: 0.068313 learn_rate: 0.003333 
epoch: 17 iter: 7 train_iter_loss: 0.069826 learn_rate: 0.003333 
epoch: 17 iter: 8 train_iter_loss: 0.073931 learn_rate: 0.003333 
epoch: 17 iter: 9 train_iter_loss: 0.072810 learn_rate: 0.003333 
epoch: 17 iter: 10 train_iter_loss: 0.070365 learn_rate: 0.003333 
epoch: 17 iter: 11 train_iter_loss: 0.064448 learn_rate: 0.003333 
epoch: 17 iter: 12 train_iter_loss: 0.068489 learn_rate: 0.003333 
epoch: 17 iter: 13 train_iter_loss: 0.070022 learn_rate: 0.003333 
epoch: 17 iter: 14 train_iter_loss: 0.067294 learn_rate: 0.003333 
epoch: 17 iter: 15 train_iter_loss: 0.072893 learn_rate: 0.003333 
epoch: 17 iter: 16 train_iter_loss: 0.069993 learn_rate: 0.003333 
epoch: 17 iter: 17 train_iter_loss: 0.067948 learn_rate: 0.003333 
epoch: 17 iter: 18 train_iter_loss: 0.068251 learn_rate: 0.003333 
epoch: 17 iter: 19 train_iter_loss: 0.067930 learn_rate: 0.003333 
epoch: 17 iter: 20 train_iter_loss: 0.064260 learn_rate: 0.003333 
epoch: 17 iter: 21 train_iter_loss: 0.069162 learn_rate: 0.003333 
epoch: 17 iter: 22 train_iter_loss: 0.071310 learn_rate: 0.003333 
epoch: 17 iter: 23 train_iter_loss: 0.071673 learn_rate: 0.003333 
epoch: 17 train_epoch_loss: 0.069270 learn_rate: 0.003333 test_p: 0.721864 test_r: 0.704389 test_f: 0.712927
epoch: 18 iter: 1 train_iter_loss: 0.072989 learn_rate: 0.003333 
epoch: 18 iter: 2 train_iter_loss: 0.073885 learn_rate: 0.003333 
epoch: 18 iter: 3 train_iter_loss: 0.067713 learn_rate: 0.003333 
epoch: 18 iter: 4 train_iter_loss: 0.068025 learn_rate: 0.003333 
epoch: 18 iter: 5 train_iter_loss: 0.069077 learn_rate: 0.003333 
epoch: 18 iter: 6 train_iter_loss: 0.066949 learn_rate: 0.003333 
epoch: 18 iter: 7 train_iter_loss: 0.067416 learn_rate: 0.003333 
epoch: 18 iter: 8 train_iter_loss: 0.067955 learn_rate: 0.003333 
epoch: 18 iter: 9 train_iter_loss: 0.068866 learn_rate: 0.003333 
epoch: 18 iter: 10 train_iter_loss: 0.070260 learn_rate: 0.003333 
epoch: 18 iter: 11 train_iter_loss: 0.069397 learn_rate: 0.003333 
epoch: 18 iter: 12 train_iter_loss: 0.070584 learn_rate: 0.003333 
epoch: 18 iter: 13 train_iter_loss: 0.069928 learn_rate: 0.003333 
epoch: 18 iter: 14 train_iter_loss: 0.069486 learn_rate: 0.003333 
epoch: 18 iter: 15 train_iter_loss: 0.068712 learn_rate: 0.003333 
epoch: 18 iter: 16 train_iter_loss: 0.065092 learn_rate: 0.003333 
epoch: 18 iter: 17 train_iter_loss: 0.067742 learn_rate: 0.003333 
epoch: 18 iter: 18 train_iter_loss: 0.068350 learn_rate: 0.003333 
epoch: 18 iter: 19 train_iter_loss: 0.065692 learn_rate: 0.003333 
epoch: 18 iter: 20 train_iter_loss: 0.066978 learn_rate: 0.003333 
epoch: 18 iter: 21 train_iter_loss: 0.067951 learn_rate: 0.003333 
epoch: 18 iter: 22 train_iter_loss: 0.068600 learn_rate: 0.003333 
epoch: 18 iter: 23 train_iter_loss: 0.072687 learn_rate: 0.003333 
epoch: 18 train_epoch_loss: 0.068884 learn_rate: 0.003333 test_p: 0.690560 test_r: 0.663559 test_f: 0.676661
epoch: 19 iter: 1 train_iter_loss: 0.068180 learn_rate: 0.003333 
epoch: 19 iter: 2 train_iter_loss: 0.068724 learn_rate: 0.003333 
epoch: 19 iter: 3 train_iter_loss: 0.071065 learn_rate: 0.003333 
epoch: 19 iter: 4 train_iter_loss: 0.064857 learn_rate: 0.003333 
epoch: 19 iter: 5 train_iter_loss: 0.072428 learn_rate: 0.003333 
epoch: 19 iter: 6 train_iter_loss: 0.067901 learn_rate: 0.003333 
epoch: 19 iter: 7 train_iter_loss: 0.065922 learn_rate: 0.003333 
epoch: 19 iter: 8 train_iter_loss: 0.068921 learn_rate: 0.003333 
epoch: 19 iter: 9 train_iter_loss: 0.071746 learn_rate: 0.003333 
epoch: 19 iter: 10 train_iter_loss: 0.069264 learn_rate: 0.003333 
epoch: 19 iter: 11 train_iter_loss: 0.068328 learn_rate: 0.003333 
epoch: 19 iter: 12 train_iter_loss: 0.066953 learn_rate: 0.003333 
epoch: 19 iter: 13 train_iter_loss: 0.064826 learn_rate: 0.003333 
epoch: 19 iter: 14 train_iter_loss: 0.068877 learn_rate: 0.003333 
epoch: 19 iter: 15 train_iter_loss: 0.065836 learn_rate: 0.003333 
epoch: 19 iter: 16 train_iter_loss: 0.072557 learn_rate: 0.003333 
epoch: 19 iter: 17 train_iter_loss: 0.070683 learn_rate: 0.003333 
epoch: 19 iter: 18 train_iter_loss: 0.069794 learn_rate: 0.003333 
epoch: 19 iter: 19 train_iter_loss: 0.065060 learn_rate: 0.003333 
epoch: 19 iter: 20 train_iter_loss: 0.067861 learn_rate: 0.003333 
epoch: 19 iter: 21 train_iter_loss: 0.071614 learn_rate: 0.003333 
epoch: 19 iter: 22 train_iter_loss: 0.067245 learn_rate: 0.003333 
epoch: 19 iter: 23 train_iter_loss: 0.065682 learn_rate: 0.003333 
epoch: 19 train_epoch_loss: 0.068449 learn_rate: 0.003333 test_p: 0.669657 test_r: 0.648353 test_f: 0.658554
epoch: 20 iter: 1 train_iter_loss: 0.068921 learn_rate: 0.003333 
epoch: 20 iter: 2 train_iter_loss: 0.066228 learn_rate: 0.003333 
epoch: 20 iter: 3 train_iter_loss: 0.066230 learn_rate: 0.003333 
epoch: 20 iter: 4 train_iter_loss: 0.071184 learn_rate: 0.003333 
epoch: 20 iter: 5 train_iter_loss: 0.068697 learn_rate: 0.003333 
epoch: 20 iter: 6 train_iter_loss: 0.067134 learn_rate: 0.003333 
epoch: 20 iter: 7 train_iter_loss: 0.068989 learn_rate: 0.003333 
epoch: 20 iter: 8 train_iter_loss: 0.065810 learn_rate: 0.003333 
epoch: 20 iter: 9 train_iter_loss: 0.067226 learn_rate: 0.003333 
epoch: 20 iter: 10 train_iter_loss: 0.070223 learn_rate: 0.003333 
epoch: 20 iter: 11 train_iter_loss: 0.066335 learn_rate: 0.003333 
epoch: 20 iter: 12 train_iter_loss: 0.069594 learn_rate: 0.003333 
epoch: 20 iter: 13 train_iter_loss: 0.072091 learn_rate: 0.003333 
epoch: 20 iter: 14 train_iter_loss: 0.067888 learn_rate: 0.003333 
epoch: 20 iter: 15 train_iter_loss: 0.070201 learn_rate: 0.003333 
epoch: 20 iter: 16 train_iter_loss: 0.069005 learn_rate: 0.003333 
epoch: 20 iter: 17 train_iter_loss: 0.066772 learn_rate: 0.003333 
epoch: 20 iter: 18 train_iter_loss: 0.069249 learn_rate: 0.003333 
epoch: 20 iter: 19 train_iter_loss: 0.069806 learn_rate: 0.003333 
epoch: 20 iter: 20 train_iter_loss: 0.065391 learn_rate: 0.003333 
epoch: 20 iter: 21 train_iter_loss: 0.068981 learn_rate: 0.003333 
epoch: 20 iter: 22 train_iter_loss: 0.069545 learn_rate: 0.003333 
epoch: 20 iter: 23 train_iter_loss: 0.072499 learn_rate: 0.003333 
epoch: 20 train_epoch_loss: 0.068609 learn_rate: 0.003333 test_p: 0.681639 test_r: 0.668837 test_f: 0.674958
epoch: 21 iter: 1 train_iter_loss: 0.069919 learn_rate: 0.003333 
epoch: 21 iter: 2 train_iter_loss: 0.066596 learn_rate: 0.003333 
epoch: 21 iter: 3 train_iter_loss: 0.067966 learn_rate: 0.003333 
epoch: 21 iter: 4 train_iter_loss: 0.067872 learn_rate: 0.003333 
epoch: 21 iter: 5 train_iter_loss: 0.069184 learn_rate: 0.003333 
epoch: 21 iter: 6 train_iter_loss: 0.065804 learn_rate: 0.003333 
epoch: 21 iter: 7 train_iter_loss: 0.067595 learn_rate: 0.003333 
epoch: 21 iter: 8 train_iter_loss: 0.066482 learn_rate: 0.003333 
epoch: 21 iter: 9 train_iter_loss: 0.072232 learn_rate: 0.003333 
epoch: 21 iter: 10 train_iter_loss: 0.068154 learn_rate: 0.003333 
epoch: 21 iter: 11 train_iter_loss: 0.069998 learn_rate: 0.003333 
epoch: 21 iter: 12 train_iter_loss: 0.064930 learn_rate: 0.003333 
epoch: 21 iter: 13 train_iter_loss: 0.067599 learn_rate: 0.003333 
epoch: 21 iter: 14 train_iter_loss: 0.070122 learn_rate: 0.003333 
epoch: 21 iter: 15 train_iter_loss: 0.067222 learn_rate: 0.003333 
epoch: 21 iter: 16 train_iter_loss: 0.067457 learn_rate: 0.003333 
epoch: 21 iter: 17 train_iter_loss: 0.065860 learn_rate: 0.003333 
epoch: 21 iter: 18 train_iter_loss: 0.067922 learn_rate: 0.003333 
epoch: 21 iter: 19 train_iter_loss: 0.072546 learn_rate: 0.003333 
epoch: 21 iter: 20 train_iter_loss: 0.069794 learn_rate: 0.003333 
epoch: 21 iter: 21 train_iter_loss: 0.069874 learn_rate: 0.003333 
epoch: 21 iter: 22 train_iter_loss: 0.069382 learn_rate: 0.003333 
epoch: 21 iter: 23 train_iter_loss: 0.070583 learn_rate: 0.003333 
epoch: 21 train_epoch_loss: 0.068482 learn_rate: 0.003333 test_p: 0.673723 test_r: 0.642994 test_f: 0.657834
epoch: 22 iter: 1 train_iter_loss: 0.067575 learn_rate: 0.001111 
epoch: 22 iter: 2 train_iter_loss: 0.072265 learn_rate: 0.001111 
epoch: 22 iter: 3 train_iter_loss: 0.068359 learn_rate: 0.001111 
epoch: 22 iter: 4 train_iter_loss: 0.069134 learn_rate: 0.001111 
epoch: 22 iter: 5 train_iter_loss: 0.068242 learn_rate: 0.001111 
epoch: 22 iter: 6 train_iter_loss: 0.068681 learn_rate: 0.001111 
epoch: 22 iter: 7 train_iter_loss: 0.065497 learn_rate: 0.001111 
epoch: 22 iter: 8 train_iter_loss: 0.065450 learn_rate: 0.001111 
epoch: 22 iter: 9 train_iter_loss: 0.070408 learn_rate: 0.001111 
epoch: 22 iter: 10 train_iter_loss: 0.068923 learn_rate: 0.001111 
epoch: 22 iter: 11 train_iter_loss: 0.066003 learn_rate: 0.001111 
epoch: 22 iter: 12 train_iter_loss: 0.066985 learn_rate: 0.001111 
epoch: 22 iter: 13 train_iter_loss: 0.067883 learn_rate: 0.001111 
epoch: 22 iter: 14 train_iter_loss: 0.069767 learn_rate: 0.001111 
epoch: 22 iter: 15 train_iter_loss: 0.071855 learn_rate: 0.001111 
epoch: 22 iter: 16 train_iter_loss: 0.068746 learn_rate: 0.001111 
epoch: 22 iter: 17 train_iter_loss: 0.070595 learn_rate: 0.001111 
epoch: 22 iter: 18 train_iter_loss: 0.067451 learn_rate: 0.001111 
epoch: 22 iter: 19 train_iter_loss: 0.069221 learn_rate: 0.001111 
epoch: 22 iter: 20 train_iter_loss: 0.070630 learn_rate: 0.001111 
epoch: 22 iter: 21 train_iter_loss: 0.067258 learn_rate: 0.001111 
epoch: 22 iter: 22 train_iter_loss: 0.065440 learn_rate: 0.001111 
epoch: 22 iter: 23 train_iter_loss: 0.064282 learn_rate: 0.001111 
epoch: 22 train_epoch_loss: 0.068289 learn_rate: 0.001111 test_p: 0.687381 test_r: 0.674263 test_f: 0.680654
epoch: 23 iter: 1 train_iter_loss: 0.068823 learn_rate: 0.001111 
epoch: 23 iter: 2 train_iter_loss: 0.067669 learn_rate: 0.001111 
epoch: 23 iter: 3 train_iter_loss: 0.066695 learn_rate: 0.001111 
epoch: 23 iter: 4 train_iter_loss: 0.065029 learn_rate: 0.001111 
epoch: 23 iter: 5 train_iter_loss: 0.065043 learn_rate: 0.001111 
epoch: 23 iter: 6 train_iter_loss: 0.068152 learn_rate: 0.001111 
epoch: 23 iter: 7 train_iter_loss: 0.065500 learn_rate: 0.001111 
epoch: 23 iter: 8 train_iter_loss: 0.066735 learn_rate: 0.001111 
epoch: 23 iter: 9 train_iter_loss: 0.066042 learn_rate: 0.001111 
epoch: 23 iter: 10 train_iter_loss: 0.068241 learn_rate: 0.001111 
epoch: 23 iter: 11 train_iter_loss: 0.070211 learn_rate: 0.001111 
epoch: 23 iter: 12 train_iter_loss: 0.067854 learn_rate: 0.001111 
epoch: 23 iter: 13 train_iter_loss: 0.067923 learn_rate: 0.001111 
epoch: 23 iter: 14 train_iter_loss: 0.068112 learn_rate: 0.001111 
epoch: 23 iter: 15 train_iter_loss: 0.069595 learn_rate: 0.001111 
epoch: 23 iter: 16 train_iter_loss: 0.070356 learn_rate: 0.001111 
epoch: 23 iter: 17 train_iter_loss: 0.068463 learn_rate: 0.001111 
epoch: 23 iter: 18 train_iter_loss: 0.068679 learn_rate: 0.001111 
epoch: 23 iter: 19 train_iter_loss: 0.069228 learn_rate: 0.001111 
epoch: 23 iter: 20 train_iter_loss: 0.068530 learn_rate: 0.001111 
epoch: 23 iter: 21 train_iter_loss: 0.069871 learn_rate: 0.001111 
epoch: 23 iter: 22 train_iter_loss: 0.065915 learn_rate: 0.001111 
epoch: 23 iter: 23 train_iter_loss: 0.073501 learn_rate: 0.001111 
epoch: 23 train_epoch_loss: 0.068094 learn_rate: 0.001111 test_p: 0.684094 test_r: 0.674303 test_f: 0.679034
epoch: 24 iter: 1 train_iter_loss: 0.062605 learn_rate: 0.001111 
epoch: 24 iter: 2 train_iter_loss: 0.066199 learn_rate: 0.001111 
epoch: 24 iter: 3 train_iter_loss: 0.065328 learn_rate: 0.001111 
epoch: 24 iter: 4 train_iter_loss: 0.068565 learn_rate: 0.001111 
epoch: 24 iter: 5 train_iter_loss: 0.072321 learn_rate: 0.001111 
epoch: 24 iter: 6 train_iter_loss: 0.064297 learn_rate: 0.001111 
epoch: 24 iter: 7 train_iter_loss: 0.069564 learn_rate: 0.001111 
epoch: 24 iter: 8 train_iter_loss: 0.069915 learn_rate: 0.001111 
epoch: 24 iter: 9 train_iter_loss: 0.064907 learn_rate: 0.001111 
epoch: 24 iter: 10 train_iter_loss: 0.069427 learn_rate: 0.001111 
epoch: 24 iter: 11 train_iter_loss: 0.064557 learn_rate: 0.001111 
epoch: 24 iter: 12 train_iter_loss: 0.067583 learn_rate: 0.001111 
epoch: 24 iter: 13 train_iter_loss: 0.070994 learn_rate: 0.001111 
epoch: 24 iter: 14 train_iter_loss: 0.067571 learn_rate: 0.001111 
epoch: 24 iter: 15 train_iter_loss: 0.066293 learn_rate: 0.001111 
epoch: 24 iter: 16 train_iter_loss: 0.071319 learn_rate: 0.001111 
epoch: 24 iter: 17 train_iter_loss: 0.066421 learn_rate: 0.001111 
epoch: 24 iter: 18 train_iter_loss: 0.071079 learn_rate: 0.001111 
epoch: 24 iter: 19 train_iter_loss: 0.070586 learn_rate: 0.001111 
epoch: 24 iter: 20 train_iter_loss: 0.068003 learn_rate: 0.001111 
epoch: 24 iter: 21 train_iter_loss: 0.067308 learn_rate: 0.001111 
epoch: 24 iter: 22 train_iter_loss: 0.066622 learn_rate: 0.001111 
epoch: 24 iter: 23 train_iter_loss: 0.068228 learn_rate: 0.001111 
epoch: 24 train_epoch_loss: 0.067813 learn_rate: 0.001111 test_p: 0.682703 test_r: 0.667460 test_f: 0.674870
epoch: 25 iter: 1 train_iter_loss: 0.068328 learn_rate: 0.001111 
epoch: 25 iter: 2 train_iter_loss: 0.065374 learn_rate: 0.001111 
epoch: 25 iter: 3 train_iter_loss: 0.066982 learn_rate: 0.001111 
epoch: 25 iter: 4 train_iter_loss: 0.069053 learn_rate: 0.001111 
epoch: 25 iter: 5 train_iter_loss: 0.068522 learn_rate: 0.001111 
epoch: 25 iter: 6 train_iter_loss: 0.068001 learn_rate: 0.001111 
epoch: 25 iter: 7 train_iter_loss: 0.068139 learn_rate: 0.001111 
epoch: 25 iter: 8 train_iter_loss: 0.066655 learn_rate: 0.001111 
epoch: 25 iter: 9 train_iter_loss: 0.068887 learn_rate: 0.001111 
epoch: 25 iter: 10 train_iter_loss: 0.067879 learn_rate: 0.001111 
epoch: 25 iter: 11 train_iter_loss: 0.067378 learn_rate: 0.001111 
epoch: 25 iter: 12 train_iter_loss: 0.067384 learn_rate: 0.001111 
epoch: 25 iter: 13 train_iter_loss: 0.065143 learn_rate: 0.001111 
epoch: 25 iter: 14 train_iter_loss: 0.067171 learn_rate: 0.001111 
epoch: 25 iter: 15 train_iter_loss: 0.068847 learn_rate: 0.001111 
epoch: 25 iter: 16 train_iter_loss: 0.069022 learn_rate: 0.001111 
epoch: 25 iter: 17 train_iter_loss: 0.061497 learn_rate: 0.001111 
epoch: 25 iter: 18 train_iter_loss: 0.071477 learn_rate: 0.001111 
epoch: 25 iter: 19 train_iter_loss: 0.069132 learn_rate: 0.001111 
epoch: 25 iter: 20 train_iter_loss: 0.065944 learn_rate: 0.001111 
epoch: 25 iter: 21 train_iter_loss: 0.072304 learn_rate: 0.001111 
epoch: 25 iter: 22 train_iter_loss: 0.067710 learn_rate: 0.001111 
epoch: 25 iter: 23 train_iter_loss: 0.066628 learn_rate: 0.001111 
epoch: 25 train_epoch_loss: 0.067716 learn_rate: 0.001111 test_p: 0.684260 test_r: 0.669984 test_f: 0.676910
epoch: 26 iter: 1 train_iter_loss: 0.067901 learn_rate: 0.001111 
epoch: 26 iter: 2 train_iter_loss: 0.066494 learn_rate: 0.001111 
epoch: 26 iter: 3 train_iter_loss: 0.067268 learn_rate: 0.001111 
epoch: 26 iter: 4 train_iter_loss: 0.063437 learn_rate: 0.001111 
epoch: 26 iter: 5 train_iter_loss: 0.066973 learn_rate: 0.001111 
epoch: 26 iter: 6 train_iter_loss: 0.068556 learn_rate: 0.001111 
epoch: 26 iter: 7 train_iter_loss: 0.065361 learn_rate: 0.001111 
epoch: 26 iter: 8 train_iter_loss: 0.069655 learn_rate: 0.001111 
epoch: 26 iter: 9 train_iter_loss: 0.068885 learn_rate: 0.001111 
epoch: 26 iter: 10 train_iter_loss: 0.069342 learn_rate: 0.001111 
epoch: 26 iter: 11 train_iter_loss: 0.067217 learn_rate: 0.001111 
epoch: 26 iter: 12 train_iter_loss: 0.066332 learn_rate: 0.001111 
epoch: 26 iter: 13 train_iter_loss: 0.066937 learn_rate: 0.001111 
epoch: 26 iter: 14 train_iter_loss: 0.068263 learn_rate: 0.001111 
epoch: 26 iter: 15 train_iter_loss: 0.065350 learn_rate: 0.001111 
epoch: 26 iter: 16 train_iter_loss: 0.069760 learn_rate: 0.001111 
epoch: 26 iter: 17 train_iter_loss: 0.070928 learn_rate: 0.001111 
epoch: 26 iter: 18 train_iter_loss: 0.069704 learn_rate: 0.001111 
epoch: 26 iter: 19 train_iter_loss: 0.064949 learn_rate: 0.001111 
epoch: 26 iter: 20 train_iter_loss: 0.067612 learn_rate: 0.001111 
epoch: 26 iter: 21 train_iter_loss: 0.069125 learn_rate: 0.001111 
epoch: 26 iter: 22 train_iter_loss: 0.067168 learn_rate: 0.001111 
epoch: 26 iter: 23 train_iter_loss: 0.070557 learn_rate: 0.001111 
epoch: 26 train_epoch_loss: 0.067729 learn_rate: 0.001111 test_p: 0.679835 test_r: 0.666263 test_f: 0.672839
epoch: 27 iter: 1 train_iter_loss: 0.063609 learn_rate: 0.001111 
epoch: 27 iter: 2 train_iter_loss: 0.066366 learn_rate: 0.001111 
epoch: 27 iter: 3 train_iter_loss: 0.070258 learn_rate: 0.001111 
epoch: 27 iter: 4 train_iter_loss: 0.071670 learn_rate: 0.001111 
epoch: 27 iter: 5 train_iter_loss: 0.068511 learn_rate: 0.001111 
epoch: 27 iter: 6 train_iter_loss: 0.064762 learn_rate: 0.001111 
epoch: 27 iter: 7 train_iter_loss: 0.069321 learn_rate: 0.001111 
epoch: 27 iter: 8 train_iter_loss: 0.071573 learn_rate: 0.001111 
epoch: 27 iter: 9 train_iter_loss: 0.064705 learn_rate: 0.001111 
epoch: 27 iter: 10 train_iter_loss: 0.064484 learn_rate: 0.001111 
epoch: 27 iter: 11 train_iter_loss: 0.064368 learn_rate: 0.001111 
epoch: 27 iter: 12 train_iter_loss: 0.069226 learn_rate: 0.001111 
epoch: 27 iter: 13 train_iter_loss: 0.066981 learn_rate: 0.001111 
epoch: 27 iter: 14 train_iter_loss: 0.067915 learn_rate: 0.001111 
epoch: 27 iter: 15 train_iter_loss: 0.067596 learn_rate: 0.001111 
epoch: 27 iter: 16 train_iter_loss: 0.067821 learn_rate: 0.001111 
epoch: 27 iter: 17 train_iter_loss: 0.068674 learn_rate: 0.001111 
epoch: 27 iter: 18 train_iter_loss: 0.068073 learn_rate: 0.001111 
epoch: 27 iter: 19 train_iter_loss: 0.065437 learn_rate: 0.001111 
epoch: 27 iter: 20 train_iter_loss: 0.065311 learn_rate: 0.001111 
epoch: 27 iter: 21 train_iter_loss: 0.069625 learn_rate: 0.001111 
epoch: 27 iter: 22 train_iter_loss: 0.067394 learn_rate: 0.001111 
epoch: 27 iter: 23 train_iter_loss: 0.074507 learn_rate: 0.001111 
epoch: 27 train_epoch_loss: 0.067747 learn_rate: 0.001111 test_p: 0.688540 test_r: 0.672880 test_f: 0.680500
epoch: 28 iter: 1 train_iter_loss: 0.068698 learn_rate: 0.000370 
epoch: 28 iter: 2 train_iter_loss: 0.068335 learn_rate: 0.000370 
epoch: 28 iter: 3 train_iter_loss: 0.069071 learn_rate: 0.000370 
epoch: 28 iter: 4 train_iter_loss: 0.069951 learn_rate: 0.000370 
epoch: 28 iter: 5 train_iter_loss: 0.066916 learn_rate: 0.000370 
epoch: 28 iter: 6 train_iter_loss: 0.069470 learn_rate: 0.000370 
epoch: 28 iter: 7 train_iter_loss: 0.067508 learn_rate: 0.000370 
epoch: 28 iter: 8 train_iter_loss: 0.064420 learn_rate: 0.000370 
epoch: 28 iter: 9 train_iter_loss: 0.067920 learn_rate: 0.000370 
epoch: 28 iter: 10 train_iter_loss: 0.064338 learn_rate: 0.000370 
epoch: 28 iter: 11 train_iter_loss: 0.066749 learn_rate: 0.000370 
epoch: 28 iter: 12 train_iter_loss: 0.068105 learn_rate: 0.000370 
epoch: 28 iter: 13 train_iter_loss: 0.067655 learn_rate: 0.000370 
epoch: 28 iter: 14 train_iter_loss: 0.066152 learn_rate: 0.000370 
epoch: 28 iter: 15 train_iter_loss: 0.069118 learn_rate: 0.000370 
epoch: 28 iter: 16 train_iter_loss: 0.067412 learn_rate: 0.000370 
epoch: 28 iter: 17 train_iter_loss: 0.071568 learn_rate: 0.000370 
epoch: 28 iter: 18 train_iter_loss: 0.067087 learn_rate: 0.000370 
epoch: 28 iter: 19 train_iter_loss: 0.065999 learn_rate: 0.000370 
epoch: 28 iter: 20 train_iter_loss: 0.068665 learn_rate: 0.000370 
epoch: 28 iter: 21 train_iter_loss: 0.071214 learn_rate: 0.000370 
epoch: 28 iter: 22 train_iter_loss: 0.065870 learn_rate: 0.000370 
epoch: 28 iter: 23 train_iter_loss: 0.064810 learn_rate: 0.000370 
epoch: 28 train_epoch_loss: 0.067697 learn_rate: 0.000370 test_p: 0.690370 test_r: 0.674656 test_f: 0.682331
epoch: 29 iter: 1 train_iter_loss: 0.067952 learn_rate: 0.000370 
epoch: 29 iter: 2 train_iter_loss: 0.070770 learn_rate: 0.000370 
epoch: 29 iter: 3 train_iter_loss: 0.070655 learn_rate: 0.000370 
epoch: 29 iter: 4 train_iter_loss: 0.064446 learn_rate: 0.000370 
epoch: 29 iter: 5 train_iter_loss: 0.067760 learn_rate: 0.000370 
epoch: 29 iter: 6 train_iter_loss: 0.067661 learn_rate: 0.000370 
epoch: 29 iter: 7 train_iter_loss: 0.067976 learn_rate: 0.000370 
epoch: 29 iter: 8 train_iter_loss: 0.070332 learn_rate: 0.000370 
epoch: 29 iter: 9 train_iter_loss: 0.066741 learn_rate: 0.000370 
epoch: 29 iter: 10 train_iter_loss: 0.071329 learn_rate: 0.000370 
epoch: 29 iter: 11 train_iter_loss: 0.066125 learn_rate: 0.000370 
epoch: 29 iter: 12 train_iter_loss: 0.067099 learn_rate: 0.000370 
epoch: 29 iter: 13 train_iter_loss: 0.067587 learn_rate: 0.000370 
epoch: 29 iter: 14 train_iter_loss: 0.065874 learn_rate: 0.000370 
epoch: 29 iter: 15 train_iter_loss: 0.067592 learn_rate: 0.000370 
epoch: 29 iter: 16 train_iter_loss: 0.066695 learn_rate: 0.000370 
epoch: 29 iter: 17 train_iter_loss: 0.069169 learn_rate: 0.000370 
epoch: 29 iter: 18 train_iter_loss: 0.064004 learn_rate: 0.000370 
epoch: 29 iter: 19 train_iter_loss: 0.068768 learn_rate: 0.000370 
epoch: 29 iter: 20 train_iter_loss: 0.068758 learn_rate: 0.000370 
epoch: 29 iter: 21 train_iter_loss: 0.067993 learn_rate: 0.000370 
epoch: 29 iter: 22 train_iter_loss: 0.063869 learn_rate: 0.000370 
epoch: 29 iter: 23 train_iter_loss: 0.067192 learn_rate: 0.000370 
epoch: 29 train_epoch_loss: 0.067667 learn_rate: 0.000370 test_p: 0.687481 test_r: 0.675054 test_f: 0.681101
epoch: 30 iter: 1 train_iter_loss: 0.066704 learn_rate: 0.000370 
epoch: 30 iter: 2 train_iter_loss: 0.067046 learn_rate: 0.000370 
epoch: 30 iter: 3 train_iter_loss: 0.067842 learn_rate: 0.000370 
epoch: 30 iter: 4 train_iter_loss: 0.065985 learn_rate: 0.000370 
epoch: 30 iter: 5 train_iter_loss: 0.071120 learn_rate: 0.000370 
epoch: 30 iter: 6 train_iter_loss: 0.066290 learn_rate: 0.000370 
epoch: 30 iter: 7 train_iter_loss: 0.067978 learn_rate: 0.000370 
epoch: 30 iter: 8 train_iter_loss: 0.066102 learn_rate: 0.000370 
epoch: 30 iter: 9 train_iter_loss: 0.070465 learn_rate: 0.000370 
epoch: 30 iter: 10 train_iter_loss: 0.065748 learn_rate: 0.000370 
epoch: 30 iter: 11 train_iter_loss: 0.062834 learn_rate: 0.000370 
epoch: 30 iter: 12 train_iter_loss: 0.066214 learn_rate: 0.000370 
epoch: 30 iter: 13 train_iter_loss: 0.069607 learn_rate: 0.000370 
epoch: 30 iter: 14 train_iter_loss: 0.069030 learn_rate: 0.000370 
epoch: 30 iter: 15 train_iter_loss: 0.066619 learn_rate: 0.000370 
epoch: 30 iter: 16 train_iter_loss: 0.066701 learn_rate: 0.000370 
epoch: 30 iter: 17 train_iter_loss: 0.067923 learn_rate: 0.000370 
epoch: 30 iter: 18 train_iter_loss: 0.070253 learn_rate: 0.000370 
epoch: 30 iter: 19 train_iter_loss: 0.068261 learn_rate: 0.000370 
epoch: 30 iter: 20 train_iter_loss: 0.065876 learn_rate: 0.000370 
epoch: 30 iter: 21 train_iter_loss: 0.072058 learn_rate: 0.000370 
epoch: 30 iter: 22 train_iter_loss: 0.067166 learn_rate: 0.000370 
epoch: 30 iter: 23 train_iter_loss: 0.067723 learn_rate: 0.000370 
epoch: 30 train_epoch_loss: 0.067632 learn_rate: 0.000370 test_p: 0.685958 test_r: 0.675360 test_f: 0.680472
epoch: 31 iter: 1 train_iter_loss: 0.063589 learn_rate: 0.000370 
epoch: 31 iter: 2 train_iter_loss: 0.067527 learn_rate: 0.000370 
epoch: 31 iter: 3 train_iter_loss: 0.068814 learn_rate: 0.000370 
epoch: 31 iter: 4 train_iter_loss: 0.069461 learn_rate: 0.000370 
epoch: 31 iter: 5 train_iter_loss: 0.069004 learn_rate: 0.000370 
epoch: 31 iter: 6 train_iter_loss: 0.070416 learn_rate: 0.000370 
epoch: 31 iter: 7 train_iter_loss: 0.064326 learn_rate: 0.000370 
epoch: 31 iter: 8 train_iter_loss: 0.067007 learn_rate: 0.000370 
epoch: 31 iter: 9 train_iter_loss: 0.067334 learn_rate: 0.000370 
epoch: 31 iter: 10 train_iter_loss: 0.071954 learn_rate: 0.000370 
epoch: 31 iter: 11 train_iter_loss: 0.066445 learn_rate: 0.000370 
epoch: 31 iter: 12 train_iter_loss: 0.065294 learn_rate: 0.000370 
epoch: 31 iter: 13 train_iter_loss: 0.066424 learn_rate: 0.000370 
epoch: 31 iter: 14 train_iter_loss: 0.068684 learn_rate: 0.000370 
epoch: 31 iter: 15 train_iter_loss: 0.070078 learn_rate: 0.000370 
epoch: 31 iter: 16 train_iter_loss: 0.068439 learn_rate: 0.000370 
epoch: 31 iter: 17 train_iter_loss: 0.066667 learn_rate: 0.000370 
epoch: 31 iter: 18 train_iter_loss: 0.067265 learn_rate: 0.000370 
epoch: 31 iter: 19 train_iter_loss: 0.066229 learn_rate: 0.000370 
epoch: 31 iter: 20 train_iter_loss: 0.064564 learn_rate: 0.000370 
epoch: 31 iter: 21 train_iter_loss: 0.067335 learn_rate: 0.000370 
epoch: 31 iter: 22 train_iter_loss: 0.070993 learn_rate: 0.000370 
epoch: 31 iter: 23 train_iter_loss: 0.067152 learn_rate: 0.000370 
epoch: 31 train_epoch_loss: 0.067609 learn_rate: 0.000370 test_p: 0.681957 test_r: 0.670158 test_f: 0.675879
epoch: 32 iter: 1 train_iter_loss: 0.069327 learn_rate: 0.000370 
epoch: 32 iter: 2 train_iter_loss: 0.064955 learn_rate: 0.000370 
epoch: 32 iter: 3 train_iter_loss: 0.065478 learn_rate: 0.000370 
epoch: 32 iter: 4 train_iter_loss: 0.066516 learn_rate: 0.000370 
epoch: 32 iter: 5 train_iter_loss: 0.068271 learn_rate: 0.000370 
epoch: 32 iter: 6 train_iter_loss: 0.068862 learn_rate: 0.000370 
epoch: 32 iter: 7 train_iter_loss: 0.067388 learn_rate: 0.000370 
epoch: 32 iter: 8 train_iter_loss: 0.066711 learn_rate: 0.000370 
epoch: 32 iter: 9 train_iter_loss: 0.069169 learn_rate: 0.000370 
epoch: 32 iter: 10 train_iter_loss: 0.066587 learn_rate: 0.000370 
epoch: 32 iter: 11 train_iter_loss: 0.067049 learn_rate: 0.000370 
epoch: 32 iter: 12 train_iter_loss: 0.065411 learn_rate: 0.000370 
epoch: 32 iter: 13 train_iter_loss: 0.069523 learn_rate: 0.000370 
epoch: 32 iter: 14 train_iter_loss: 0.067131 learn_rate: 0.000370 
epoch: 32 iter: 15 train_iter_loss: 0.065054 learn_rate: 0.000370 
epoch: 32 iter: 16 train_iter_loss: 0.068359 learn_rate: 0.000370 
epoch: 32 iter: 17 train_iter_loss: 0.067803 learn_rate: 0.000370 
epoch: 32 iter: 18 train_iter_loss: 0.070928 learn_rate: 0.000370 
epoch: 32 iter: 19 train_iter_loss: 0.063998 learn_rate: 0.000370 
epoch: 32 iter: 20 train_iter_loss: 0.067687 learn_rate: 0.000370 
epoch: 32 iter: 21 train_iter_loss: 0.070510 learn_rate: 0.000370 
epoch: 32 iter: 22 train_iter_loss: 0.069067 learn_rate: 0.000370 
epoch: 32 iter: 23 train_iter_loss: 0.070227 learn_rate: 0.000370 
epoch: 32 train_epoch_loss: 0.067653 learn_rate: 0.000370 test_p: 0.687241 test_r: 0.672257 test_f: 0.679545
epoch: 33 iter: 1 train_iter_loss: 0.068753 learn_rate: 0.000370 
epoch: 33 iter: 2 train_iter_loss: 0.070536 learn_rate: 0.000370 
epoch: 33 iter: 3 train_iter_loss: 0.069100 learn_rate: 0.000370 
epoch: 33 iter: 4 train_iter_loss: 0.066758 learn_rate: 0.000370 
epoch: 33 iter: 5 train_iter_loss: 0.065881 learn_rate: 0.000370 
epoch: 33 iter: 6 train_iter_loss: 0.064705 learn_rate: 0.000370 
epoch: 33 iter: 7 train_iter_loss: 0.070188 learn_rate: 0.000370 
epoch: 33 iter: 8 train_iter_loss: 0.065000 learn_rate: 0.000370 
epoch: 33 iter: 9 train_iter_loss: 0.068022 learn_rate: 0.000370 
epoch: 33 iter: 10 train_iter_loss: 0.065310 learn_rate: 0.000370 
epoch: 33 iter: 11 train_iter_loss: 0.066619 learn_rate: 0.000370 
epoch: 33 iter: 12 train_iter_loss: 0.069430 learn_rate: 0.000370 
epoch: 33 iter: 13 train_iter_loss: 0.066118 learn_rate: 0.000370 
epoch: 33 iter: 14 train_iter_loss: 0.067351 learn_rate: 0.000370 
epoch: 33 iter: 15 train_iter_loss: 0.066159 learn_rate: 0.000370 
epoch: 33 iter: 16 train_iter_loss: 0.068521 learn_rate: 0.000370 
epoch: 33 iter: 17 train_iter_loss: 0.068075 learn_rate: 0.000370 
epoch: 33 iter: 18 train_iter_loss: 0.067529 learn_rate: 0.000370 
epoch: 33 iter: 19 train_iter_loss: 0.068738 learn_rate: 0.000370 
epoch: 33 iter: 20 train_iter_loss: 0.068578 learn_rate: 0.000370 
epoch: 33 iter: 21 train_iter_loss: 0.069343 learn_rate: 0.000370 
epoch: 33 iter: 22 train_iter_loss: 0.065668 learn_rate: 0.000370 
epoch: 33 iter: 23 train_iter_loss: 0.065634 learn_rate: 0.000370 
epoch: 33 train_epoch_loss: 0.067479 learn_rate: 0.000370 test_p: 0.685394 test_r: 0.673620 test_f: 0.679330
epoch: 34 iter: 1 train_iter_loss: 0.067659 learn_rate: 0.000370 
epoch: 34 iter: 2 train_iter_loss: 0.067635 learn_rate: 0.000370 
epoch: 34 iter: 3 train_iter_loss: 0.067454 learn_rate: 0.000370 
epoch: 34 iter: 4 train_iter_loss: 0.069566 learn_rate: 0.000370 
epoch: 34 iter: 5 train_iter_loss: 0.069663 learn_rate: 0.000370 
epoch: 34 iter: 6 train_iter_loss: 0.062058 learn_rate: 0.000370 
epoch: 34 iter: 7 train_iter_loss: 0.065648 learn_rate: 0.000370 
epoch: 34 iter: 8 train_iter_loss: 0.071252 learn_rate: 0.000370 
epoch: 34 iter: 9 train_iter_loss: 0.065112 learn_rate: 0.000370 
epoch: 34 iter: 10 train_iter_loss: 0.065963 learn_rate: 0.000370 
epoch: 34 iter: 11 train_iter_loss: 0.066239 learn_rate: 0.000370 
epoch: 34 iter: 12 train_iter_loss: 0.068995 learn_rate: 0.000370 
epoch: 34 iter: 13 train_iter_loss: 0.070445 learn_rate: 0.000370 
epoch: 34 iter: 14 train_iter_loss: 0.068240 learn_rate: 0.000370 
epoch: 34 iter: 15 train_iter_loss: 0.066488 learn_rate: 0.000370 
epoch: 34 iter: 16 train_iter_loss: 0.067604 learn_rate: 0.000370 
epoch: 34 iter: 17 train_iter_loss: 0.065532 learn_rate: 0.000370 
epoch: 34 iter: 18 train_iter_loss: 0.068298 learn_rate: 0.000370 
epoch: 34 iter: 19 train_iter_loss: 0.066664 learn_rate: 0.000370 
epoch: 34 iter: 20 train_iter_loss: 0.068412 learn_rate: 0.000370 
epoch: 34 iter: 21 train_iter_loss: 0.067950 learn_rate: 0.000370 
epoch: 34 iter: 22 train_iter_loss: 0.065938 learn_rate: 0.000370 
epoch: 34 iter: 23 train_iter_loss: 0.071815 learn_rate: 0.000370 
epoch: 34 train_epoch_loss: 0.067593 learn_rate: 0.000370 test_p: 0.690811 test_r: 0.678552 test_f: 0.684517
epoch: 35 iter: 1 train_iter_loss: 0.068888 learn_rate: 0.000370 
epoch: 35 iter: 2 train_iter_loss: 0.064033 learn_rate: 0.000370 
epoch: 35 iter: 3 train_iter_loss: 0.068389 learn_rate: 0.000370 
epoch: 35 iter: 4 train_iter_loss: 0.063305 learn_rate: 0.000370 
epoch: 35 iter: 5 train_iter_loss: 0.065364 learn_rate: 0.000370 
epoch: 35 iter: 6 train_iter_loss: 0.071415 learn_rate: 0.000370 
epoch: 35 iter: 7 train_iter_loss: 0.065154 learn_rate: 0.000370 
epoch: 35 iter: 8 train_iter_loss: 0.067399 learn_rate: 0.000370 
epoch: 35 iter: 9 train_iter_loss: 0.070393 learn_rate: 0.000370 
epoch: 35 iter: 10 train_iter_loss: 0.067918 learn_rate: 0.000370 
epoch: 35 iter: 11 train_iter_loss: 0.069194 learn_rate: 0.000370 
epoch: 35 iter: 12 train_iter_loss: 0.070019 learn_rate: 0.000370 
epoch: 35 iter: 13 train_iter_loss: 0.063888 learn_rate: 0.000370 
epoch: 35 iter: 14 train_iter_loss: 0.068740 learn_rate: 0.000370 
epoch: 35 iter: 15 train_iter_loss: 0.069226 learn_rate: 0.000370 
epoch: 35 iter: 16 train_iter_loss: 0.068683 learn_rate: 0.000370 
epoch: 35 iter: 17 train_iter_loss: 0.066096 learn_rate: 0.000370 
epoch: 35 iter: 18 train_iter_loss: 0.065048 learn_rate: 0.000370 
epoch: 35 iter: 19 train_iter_loss: 0.071292 learn_rate: 0.000370 
epoch: 35 iter: 20 train_iter_loss: 0.068516 learn_rate: 0.000370 
epoch: 35 iter: 21 train_iter_loss: 0.065869 learn_rate: 0.000370 
epoch: 35 iter: 22 train_iter_loss: 0.064773 learn_rate: 0.000370 
epoch: 35 iter: 23 train_iter_loss: 0.068672 learn_rate: 0.000370 
epoch: 35 train_epoch_loss: 0.067490 learn_rate: 0.000370 test_p: 0.685333 test_r: 0.674853 test_f: 0.679896
epoch: 36 iter: 1 train_iter_loss: 0.065926 learn_rate: 0.000123 
epoch: 36 iter: 2 train_iter_loss: 0.065605 learn_rate: 0.000123 
epoch: 36 iter: 3 train_iter_loss: 0.071318 learn_rate: 0.000123 
epoch: 36 iter: 4 train_iter_loss: 0.068807 learn_rate: 0.000123 
epoch: 36 iter: 5 train_iter_loss: 0.068540 learn_rate: 0.000123 
epoch: 36 iter: 6 train_iter_loss: 0.067301 learn_rate: 0.000123 
epoch: 36 iter: 7 train_iter_loss: 0.069795 learn_rate: 0.000123 
epoch: 36 iter: 8 train_iter_loss: 0.068337 learn_rate: 0.000123 
epoch: 36 iter: 9 train_iter_loss: 0.069164 learn_rate: 0.000123 
epoch: 36 iter: 10 train_iter_loss: 0.068188 learn_rate: 0.000123 
epoch: 36 iter: 11 train_iter_loss: 0.070597 learn_rate: 0.000123 
epoch: 36 iter: 12 train_iter_loss: 0.067671 learn_rate: 0.000123 
epoch: 36 iter: 13 train_iter_loss: 0.067154 learn_rate: 0.000123 
epoch: 36 iter: 14 train_iter_loss: 0.069204 learn_rate: 0.000123 
epoch: 36 iter: 15 train_iter_loss: 0.066993 learn_rate: 0.000123 
epoch: 36 iter: 16 train_iter_loss: 0.066961 learn_rate: 0.000123 
epoch: 36 iter: 17 train_iter_loss: 0.064972 learn_rate: 0.000123 
epoch: 36 iter: 18 train_iter_loss: 0.062908 learn_rate: 0.000123 
epoch: 36 iter: 19 train_iter_loss: 0.064109 learn_rate: 0.000123 
epoch: 36 iter: 20 train_iter_loss: 0.068636 learn_rate: 0.000123 
epoch: 36 iter: 21 train_iter_loss: 0.066787 learn_rate: 0.000123 
epoch: 36 iter: 22 train_iter_loss: 0.065725 learn_rate: 0.000123 
epoch: 36 iter: 23 train_iter_loss: 0.067583 learn_rate: 0.000123 
epoch: 36 train_epoch_loss: 0.067490 learn_rate: 0.000123 test_p: 0.688218 test_r: 0.676617 test_f: 0.682250
epoch: 37 iter: 1 train_iter_loss: 0.068085 learn_rate: 0.000123 
epoch: 37 iter: 2 train_iter_loss: 0.062031 learn_rate: 0.000123 
epoch: 37 iter: 3 train_iter_loss: 0.064336 learn_rate: 0.000123 
epoch: 37 iter: 4 train_iter_loss: 0.067431 learn_rate: 0.000123 
epoch: 37 iter: 5 train_iter_loss: 0.069779 learn_rate: 0.000123 
epoch: 37 iter: 6 train_iter_loss: 0.068481 learn_rate: 0.000123 
epoch: 37 iter: 7 train_iter_loss: 0.068720 learn_rate: 0.000123 
epoch: 37 iter: 8 train_iter_loss: 0.067498 learn_rate: 0.000123 
epoch: 37 iter: 9 train_iter_loss: 0.066150 learn_rate: 0.000123 
epoch: 37 iter: 10 train_iter_loss: 0.068019 learn_rate: 0.000123 
epoch: 37 iter: 11 train_iter_loss: 0.072634 learn_rate: 0.000123 
epoch: 37 iter: 12 train_iter_loss: 0.066831 learn_rate: 0.000123 
epoch: 37 iter: 13 train_iter_loss: 0.068285 learn_rate: 0.000123 
epoch: 37 iter: 14 train_iter_loss: 0.066145 learn_rate: 0.000123 
epoch: 37 iter: 15 train_iter_loss: 0.067205 learn_rate: 0.000123 
epoch: 37 iter: 16 train_iter_loss: 0.064861 learn_rate: 0.000123 
epoch: 37 iter: 17 train_iter_loss: 0.066509 learn_rate: 0.000123 
epoch: 37 iter: 18 train_iter_loss: 0.065004 learn_rate: 0.000123 
epoch: 37 iter: 19 train_iter_loss: 0.069018 learn_rate: 0.000123 
epoch: 37 iter: 20 train_iter_loss: 0.066068 learn_rate: 0.000123 
epoch: 37 iter: 21 train_iter_loss: 0.069656 learn_rate: 0.000123 
epoch: 37 iter: 22 train_iter_loss: 0.070663 learn_rate: 0.000123 
epoch: 37 iter: 23 train_iter_loss: 0.068756 learn_rate: 0.000123 
epoch: 37 train_epoch_loss: 0.067485 learn_rate: 0.000123 test_p: 0.687224 test_r: 0.675607 test_f: 0.681243
epoch: 38 iter: 1 train_iter_loss: 0.066007 learn_rate: 0.000041 
epoch: 38 iter: 2 train_iter_loss: 0.068460 learn_rate: 0.000041 
epoch: 38 iter: 3 train_iter_loss: 0.066415 learn_rate: 0.000041 
epoch: 38 iter: 4 train_iter_loss: 0.067619 learn_rate: 0.000041 
epoch: 38 iter: 5 train_iter_loss: 0.067708 learn_rate: 0.000041 
epoch: 38 iter: 6 train_iter_loss: 0.067615 learn_rate: 0.000041 
epoch: 38 iter: 7 train_iter_loss: 0.066553 learn_rate: 0.000041 
epoch: 38 iter: 8 train_iter_loss: 0.067937 learn_rate: 0.000041 
epoch: 38 iter: 9 train_iter_loss: 0.065866 learn_rate: 0.000041 
epoch: 38 iter: 10 train_iter_loss: 0.069726 learn_rate: 0.000041 
epoch: 38 iter: 11 train_iter_loss: 0.068140 learn_rate: 0.000041 
epoch: 38 iter: 12 train_iter_loss: 0.066379 learn_rate: 0.000041 
epoch: 38 iter: 13 train_iter_loss: 0.071373 learn_rate: 0.000041 
epoch: 38 iter: 14 train_iter_loss: 0.066004 learn_rate: 0.000041 
epoch: 38 iter: 15 train_iter_loss: 0.070338 learn_rate: 0.000041 
epoch: 38 iter: 16 train_iter_loss: 0.069041 learn_rate: 0.000041 
epoch: 38 iter: 17 train_iter_loss: 0.066229 learn_rate: 0.000041 
epoch: 38 iter: 18 train_iter_loss: 0.068002 learn_rate: 0.000041 
epoch: 38 iter: 19 train_iter_loss: 0.067024 learn_rate: 0.000041 
epoch: 38 iter: 20 train_iter_loss: 0.067683 learn_rate: 0.000041 
epoch: 38 iter: 21 train_iter_loss: 0.067495 learn_rate: 0.000041 
epoch: 38 iter: 22 train_iter_loss: 0.064841 learn_rate: 0.000041 
epoch: 38 iter: 23 train_iter_loss: 0.064364 learn_rate: 0.000041 
epoch: 38 train_epoch_loss: 0.067427 learn_rate: 0.000041 test_p: 0.687456 test_r: 0.676795 test_f: 0.681956
epoch: 39 iter: 1 train_iter_loss: 0.063014 learn_rate: 0.000041 
epoch: 39 iter: 2 train_iter_loss: 0.071332 learn_rate: 0.000041 
epoch: 39 iter: 3 train_iter_loss: 0.069962 learn_rate: 0.000041 
epoch: 39 iter: 4 train_iter_loss: 0.068908 learn_rate: 0.000041 
epoch: 39 iter: 5 train_iter_loss: 0.065410 learn_rate: 0.000041 
epoch: 39 iter: 6 train_iter_loss: 0.067108 learn_rate: 0.000041 
epoch: 39 iter: 7 train_iter_loss: 0.067283 learn_rate: 0.000041 
epoch: 39 iter: 8 train_iter_loss: 0.066890 learn_rate: 0.000041 
epoch: 39 iter: 9 train_iter_loss: 0.068506 learn_rate: 0.000041 
epoch: 39 iter: 10 train_iter_loss: 0.068997 learn_rate: 0.000041 
epoch: 39 iter: 11 train_iter_loss: 0.067485 learn_rate: 0.000041 
epoch: 39 iter: 12 train_iter_loss: 0.065002 learn_rate: 0.000041 
epoch: 39 iter: 13 train_iter_loss: 0.067012 learn_rate: 0.000041 
epoch: 39 iter: 14 train_iter_loss: 0.067715 learn_rate: 0.000041 
epoch: 39 iter: 15 train_iter_loss: 0.067225 learn_rate: 0.000041 
epoch: 39 iter: 16 train_iter_loss: 0.065467 learn_rate: 0.000041 
epoch: 39 iter: 17 train_iter_loss: 0.065311 learn_rate: 0.000041 
epoch: 39 iter: 18 train_iter_loss: 0.064957 learn_rate: 0.000041 
epoch: 39 iter: 19 train_iter_loss: 0.069713 learn_rate: 0.000041 
epoch: 39 iter: 20 train_iter_loss: 0.071487 learn_rate: 0.000041 
epoch: 39 iter: 21 train_iter_loss: 0.070336 learn_rate: 0.000041 
epoch: 39 iter: 22 train_iter_loss: 0.066607 learn_rate: 0.000041 
epoch: 39 iter: 23 train_iter_loss: 0.064264 learn_rate: 0.000041 
epoch: 39 train_epoch_loss: 0.067391 learn_rate: 0.000041 test_p: 0.687533 test_r: 0.676912 test_f: 0.682057
epoch: 40 iter: 1 train_iter_loss: 0.068333 learn_rate: 0.000041 
epoch: 40 iter: 2 train_iter_loss: 0.066939 learn_rate: 0.000041 
epoch: 40 iter: 3 train_iter_loss: 0.068117 learn_rate: 0.000041 
epoch: 40 iter: 4 train_iter_loss: 0.066229 learn_rate: 0.000041 
epoch: 40 iter: 5 train_iter_loss: 0.066790 learn_rate: 0.000041 
epoch: 40 iter: 6 train_iter_loss: 0.067167 learn_rate: 0.000041 
epoch: 40 iter: 7 train_iter_loss: 0.069847 learn_rate: 0.000041 
epoch: 40 iter: 8 train_iter_loss: 0.063329 learn_rate: 0.000041 
epoch: 40 iter: 9 train_iter_loss: 0.068113 learn_rate: 0.000041 
epoch: 40 iter: 10 train_iter_loss: 0.065254 learn_rate: 0.000041 
epoch: 40 iter: 11 train_iter_loss: 0.067256 learn_rate: 0.000041 
epoch: 40 iter: 12 train_iter_loss: 0.066027 learn_rate: 0.000041 
epoch: 40 iter: 13 train_iter_loss: 0.067898 learn_rate: 0.000041 
epoch: 40 iter: 14 train_iter_loss: 0.069432 learn_rate: 0.000041 
epoch: 40 iter: 15 train_iter_loss: 0.066957 learn_rate: 0.000041 
epoch: 40 iter: 16 train_iter_loss: 0.066393 learn_rate: 0.000041 
epoch: 40 iter: 17 train_iter_loss: 0.067271 learn_rate: 0.000041 
epoch: 40 iter: 18 train_iter_loss: 0.070678 learn_rate: 0.000041 
epoch: 40 iter: 19 train_iter_loss: 0.066011 learn_rate: 0.000041 
epoch: 40 iter: 20 train_iter_loss: 0.066921 learn_rate: 0.000041 
epoch: 40 iter: 21 train_iter_loss: 0.070706 learn_rate: 0.000041 
epoch: 40 iter: 22 train_iter_loss: 0.069870 learn_rate: 0.000041 
epoch: 40 iter: 23 train_iter_loss: 0.065217 learn_rate: 0.000041 
epoch: 40 train_epoch_loss: 0.067424 learn_rate: 0.000041 test_p: 0.687257 test_r: 0.676347 test_f: 0.681629
epoch: 41 iter: 1 train_iter_loss: 0.063900 learn_rate: 0.000041 
epoch: 41 iter: 2 train_iter_loss: 0.068795 learn_rate: 0.000041 
epoch: 41 iter: 3 train_iter_loss: 0.067972 learn_rate: 0.000041 
epoch: 41 iter: 4 train_iter_loss: 0.066474 learn_rate: 0.000041 
epoch: 41 iter: 5 train_iter_loss: 0.070797 learn_rate: 0.000041 
epoch: 41 iter: 6 train_iter_loss: 0.068962 learn_rate: 0.000041 
epoch: 41 iter: 7 train_iter_loss: 0.064661 learn_rate: 0.000041 
epoch: 41 iter: 8 train_iter_loss: 0.068111 learn_rate: 0.000041 
epoch: 41 iter: 9 train_iter_loss: 0.067208 learn_rate: 0.000041 
epoch: 41 iter: 10 train_iter_loss: 0.067691 learn_rate: 0.000041 
epoch: 41 iter: 11 train_iter_loss: 0.066540 learn_rate: 0.000041 
epoch: 41 iter: 12 train_iter_loss: 0.067076 learn_rate: 0.000041 
epoch: 41 iter: 13 train_iter_loss: 0.068127 learn_rate: 0.000041 
epoch: 41 iter: 14 train_iter_loss: 0.069079 learn_rate: 0.000041 
epoch: 41 iter: 15 train_iter_loss: 0.067736 learn_rate: 0.000041 
epoch: 41 iter: 16 train_iter_loss: 0.069106 learn_rate: 0.000041 
epoch: 41 iter: 17 train_iter_loss: 0.064887 learn_rate: 0.000041 
epoch: 41 iter: 18 train_iter_loss: 0.068930 learn_rate: 0.000041 
epoch: 41 iter: 19 train_iter_loss: 0.068705 learn_rate: 0.000041 
epoch: 41 iter: 20 train_iter_loss: 0.068525 learn_rate: 0.000041 
epoch: 41 iter: 21 train_iter_loss: 0.066760 learn_rate: 0.000041 
epoch: 41 iter: 22 train_iter_loss: 0.066415 learn_rate: 0.000041 
epoch: 41 iter: 23 train_iter_loss: 0.063497 learn_rate: 0.000041 
epoch: 41 train_epoch_loss: 0.067389 learn_rate: 0.000041 test_p: 0.687090 test_r: 0.675498 test_f: 0.681116
epoch: 42 iter: 1 train_iter_loss: 0.064357 learn_rate: 0.000041 
epoch: 42 iter: 2 train_iter_loss: 0.069470 learn_rate: 0.000041 
epoch: 42 iter: 3 train_iter_loss: 0.068776 learn_rate: 0.000041 
epoch: 42 iter: 4 train_iter_loss: 0.066314 learn_rate: 0.000041 
epoch: 42 iter: 5 train_iter_loss: 0.067220 learn_rate: 0.000041 
epoch: 42 iter: 6 train_iter_loss: 0.067115 learn_rate: 0.000041 
epoch: 42 iter: 7 train_iter_loss: 0.070349 learn_rate: 0.000041 
epoch: 42 iter: 8 train_iter_loss: 0.061936 learn_rate: 0.000041 
epoch: 42 iter: 9 train_iter_loss: 0.067898 learn_rate: 0.000041 
epoch: 42 iter: 10 train_iter_loss: 0.066076 learn_rate: 0.000041 
epoch: 42 iter: 11 train_iter_loss: 0.068697 learn_rate: 0.000041 
epoch: 42 iter: 12 train_iter_loss: 0.067011 learn_rate: 0.000041 
epoch: 42 iter: 13 train_iter_loss: 0.069582 learn_rate: 0.000041 
epoch: 42 iter: 14 train_iter_loss: 0.068667 learn_rate: 0.000041 
epoch: 42 iter: 15 train_iter_loss: 0.069500 learn_rate: 0.000041 
epoch: 42 iter: 16 train_iter_loss: 0.067931 learn_rate: 0.000041 
epoch: 42 iter: 17 train_iter_loss: 0.064910 learn_rate: 0.000041 
epoch: 42 iter: 18 train_iter_loss: 0.070442 learn_rate: 0.000041 
epoch: 42 iter: 19 train_iter_loss: 0.070290 learn_rate: 0.000041 
epoch: 42 iter: 20 train_iter_loss: 0.068741 learn_rate: 0.000041 
epoch: 42 iter: 21 train_iter_loss: 0.064825 learn_rate: 0.000041 
epoch: 42 iter: 22 train_iter_loss: 0.063809 learn_rate: 0.000041 
epoch: 42 iter: 23 train_iter_loss: 0.067111 learn_rate: 0.000041 
epoch: 42 train_epoch_loss: 0.067436 learn_rate: 0.000041 test_p: 0.686805 test_r: 0.675492 test_f: 0.680970
epoch: 43 iter: 1 train_iter_loss: 0.064595 learn_rate: 0.000041 
epoch: 43 iter: 2 train_iter_loss: 0.066317 learn_rate: 0.000041 
epoch: 43 iter: 3 train_iter_loss: 0.072085 learn_rate: 0.000041 
epoch: 43 iter: 4 train_iter_loss: 0.064017 learn_rate: 0.000041 
epoch: 43 iter: 5 train_iter_loss: 0.066270 learn_rate: 0.000041 
epoch: 43 iter: 6 train_iter_loss: 0.066007 learn_rate: 0.000041 
epoch: 43 iter: 7 train_iter_loss: 0.066541 learn_rate: 0.000041 
epoch: 43 iter: 8 train_iter_loss: 0.066046 learn_rate: 0.000041 
epoch: 43 iter: 9 train_iter_loss: 0.065905 learn_rate: 0.000041 
epoch: 43 iter: 10 train_iter_loss: 0.062812 learn_rate: 0.000041 
epoch: 43 iter: 11 train_iter_loss: 0.066842 learn_rate: 0.000041 
epoch: 43 iter: 12 train_iter_loss: 0.072041 learn_rate: 0.000041 
epoch: 43 iter: 13 train_iter_loss: 0.070750 learn_rate: 0.000041 
epoch: 43 iter: 14 train_iter_loss: 0.068392 learn_rate: 0.000041 
epoch: 43 iter: 15 train_iter_loss: 0.064417 learn_rate: 0.000041 
epoch: 43 iter: 16 train_iter_loss: 0.070838 learn_rate: 0.000041 
epoch: 43 iter: 17 train_iter_loss: 0.065388 learn_rate: 0.000041 
epoch: 43 iter: 18 train_iter_loss: 0.066576 learn_rate: 0.000041 
epoch: 43 iter: 19 train_iter_loss: 0.070451 learn_rate: 0.000041 
epoch: 43 iter: 20 train_iter_loss: 0.068189 learn_rate: 0.000041 
epoch: 43 iter: 21 train_iter_loss: 0.068107 learn_rate: 0.000041 
epoch: 43 iter: 22 train_iter_loss: 0.069237 learn_rate: 0.000041 
epoch: 43 iter: 23 train_iter_loss: 0.070234 learn_rate: 0.000041 
epoch: 43 train_epoch_loss: 0.067481 learn_rate: 0.000041 test_p: 0.686799 test_r: 0.675673 test_f: 0.681060
epoch: 44 iter: 1 train_iter_loss: 0.067897 learn_rate: 0.000014 
epoch: 44 iter: 2 train_iter_loss: 0.067164 learn_rate: 0.000014 
epoch: 44 iter: 3 train_iter_loss: 0.068784 learn_rate: 0.000014 
epoch: 44 iter: 4 train_iter_loss: 0.067561 learn_rate: 0.000014 
epoch: 44 iter: 5 train_iter_loss: 0.066972 learn_rate: 0.000014 
epoch: 44 iter: 6 train_iter_loss: 0.065827 learn_rate: 0.000014 
epoch: 44 iter: 7 train_iter_loss: 0.067998 learn_rate: 0.000014 
epoch: 44 iter: 8 train_iter_loss: 0.068904 learn_rate: 0.000014 
epoch: 44 iter: 9 train_iter_loss: 0.067733 learn_rate: 0.000014 
epoch: 44 iter: 10 train_iter_loss: 0.064799 learn_rate: 0.000014 
epoch: 44 iter: 11 train_iter_loss: 0.069529 learn_rate: 0.000014 
epoch: 44 iter: 12 train_iter_loss: 0.067396 learn_rate: 0.000014 
epoch: 44 iter: 13 train_iter_loss: 0.064385 learn_rate: 0.000014 
epoch: 44 iter: 14 train_iter_loss: 0.066544 learn_rate: 0.000014 
epoch: 44 iter: 15 train_iter_loss: 0.068276 learn_rate: 0.000014 
epoch: 44 iter: 16 train_iter_loss: 0.068492 learn_rate: 0.000014 
epoch: 44 iter: 17 train_iter_loss: 0.064197 learn_rate: 0.000014 
epoch: 44 iter: 18 train_iter_loss: 0.066847 learn_rate: 0.000014 
epoch: 44 iter: 19 train_iter_loss: 0.067357 learn_rate: 0.000014 
epoch: 44 iter: 20 train_iter_loss: 0.069623 learn_rate: 0.000014 
epoch: 44 iter: 21 train_iter_loss: 0.066699 learn_rate: 0.000014 
epoch: 44 iter: 22 train_iter_loss: 0.070117 learn_rate: 0.000014 
epoch: 44 iter: 23 train_iter_loss: 0.070300 learn_rate: 0.000014 
epoch: 44 train_epoch_loss: 0.067539 learn_rate: 0.000014 test_p: 0.687352 test_r: 0.675856 test_f: 0.681426
epoch: 45 iter: 1 train_iter_loss: 0.065203 learn_rate: 0.000014 
epoch: 45 iter: 2 train_iter_loss: 0.070988 learn_rate: 0.000014 
epoch: 45 iter: 3 train_iter_loss: 0.067798 learn_rate: 0.000014 
epoch: 45 iter: 4 train_iter_loss: 0.066957 learn_rate: 0.000014 
epoch: 45 iter: 5 train_iter_loss: 0.065640 learn_rate: 0.000014 
epoch: 45 iter: 6 train_iter_loss: 0.067515 learn_rate: 0.000014 
epoch: 45 iter: 7 train_iter_loss: 0.066141 learn_rate: 0.000014 
epoch: 45 iter: 8 train_iter_loss: 0.069058 learn_rate: 0.000014 
epoch: 45 iter: 9 train_iter_loss: 0.067179 learn_rate: 0.000014 
epoch: 45 iter: 10 train_iter_loss: 0.067431 learn_rate: 0.000014 
epoch: 45 iter: 11 train_iter_loss: 0.069965 learn_rate: 0.000014 
epoch: 45 iter: 12 train_iter_loss: 0.067109 learn_rate: 0.000014 
epoch: 45 iter: 13 train_iter_loss: 0.065852 learn_rate: 0.000014 
epoch: 45 iter: 14 train_iter_loss: 0.065698 learn_rate: 0.000014 
epoch: 45 iter: 15 train_iter_loss: 0.066078 learn_rate: 0.000014 
epoch: 45 iter: 16 train_iter_loss: 0.067838 learn_rate: 0.000014 
epoch: 45 iter: 17 train_iter_loss: 0.068050 learn_rate: 0.000014 
epoch: 45 iter: 18 train_iter_loss: 0.065858 learn_rate: 0.000014 
epoch: 45 iter: 19 train_iter_loss: 0.067787 learn_rate: 0.000014 
epoch: 45 iter: 20 train_iter_loss: 0.068086 learn_rate: 0.000014 
epoch: 45 iter: 21 train_iter_loss: 0.066500 learn_rate: 0.000014 
epoch: 45 iter: 22 train_iter_loss: 0.071051 learn_rate: 0.000014 
epoch: 45 iter: 23 train_iter_loss: 0.068719 learn_rate: 0.000014 
epoch: 45 train_epoch_loss: 0.067500 learn_rate: 0.000014 test_p: 0.686751 test_r: 0.675618 test_f: 0.681011
epoch: 46 iter: 1 train_iter_loss: 0.066708 learn_rate: 0.000005 
epoch: 46 iter: 2 train_iter_loss: 0.069157 learn_rate: 0.000005 
epoch: 46 iter: 3 train_iter_loss: 0.068479 learn_rate: 0.000005 
epoch: 46 iter: 4 train_iter_loss: 0.067503 learn_rate: 0.000005 
epoch: 46 iter: 5 train_iter_loss: 0.067819 learn_rate: 0.000005 
epoch: 46 iter: 6 train_iter_loss: 0.066206 learn_rate: 0.000005 
epoch: 46 iter: 7 train_iter_loss: 0.064283 learn_rate: 0.000005 
epoch: 46 iter: 8 train_iter_loss: 0.065556 learn_rate: 0.000005 
epoch: 46 iter: 9 train_iter_loss: 0.065733 learn_rate: 0.000005 
epoch: 46 iter: 10 train_iter_loss: 0.065799 learn_rate: 0.000005 
epoch: 46 iter: 11 train_iter_loss: 0.067828 learn_rate: 0.000005 
epoch: 46 iter: 12 train_iter_loss: 0.065792 learn_rate: 0.000005 
epoch: 46 iter: 13 train_iter_loss: 0.069693 learn_rate: 0.000005 
epoch: 46 iter: 14 train_iter_loss: 0.070376 learn_rate: 0.000005 
epoch: 46 iter: 15 train_iter_loss: 0.069193 learn_rate: 0.000005 
epoch: 46 iter: 16 train_iter_loss: 0.070245 learn_rate: 0.000005 
epoch: 46 iter: 17 train_iter_loss: 0.066329 learn_rate: 0.000005 
epoch: 46 iter: 18 train_iter_loss: 0.068583 learn_rate: 0.000005 
epoch: 46 iter: 19 train_iter_loss: 0.065930 learn_rate: 0.000005 
epoch: 46 iter: 20 train_iter_loss: 0.068977 learn_rate: 0.000005 
epoch: 46 iter: 21 train_iter_loss: 0.065174 learn_rate: 0.000005 
epoch: 46 iter: 22 train_iter_loss: 0.068738 learn_rate: 0.000005 
epoch: 46 iter: 23 train_iter_loss: 0.067685 learn_rate: 0.000005 
epoch: 46 train_epoch_loss: 0.067469 learn_rate: 0.000005 test_p: 0.687130 test_r: 0.675591 test_f: 0.681181
epoch: 47 iter: 1 train_iter_loss: 0.067098 learn_rate: 0.000005 
epoch: 47 iter: 2 train_iter_loss: 0.066470 learn_rate: 0.000005 
epoch: 47 iter: 3 train_iter_loss: 0.066643 learn_rate: 0.000005 
epoch: 47 iter: 4 train_iter_loss: 0.071318 learn_rate: 0.000005 
epoch: 47 iter: 5 train_iter_loss: 0.069109 learn_rate: 0.000005 
epoch: 47 iter: 6 train_iter_loss: 0.069417 learn_rate: 0.000005 
epoch: 47 iter: 7 train_iter_loss: 0.063011 learn_rate: 0.000005 
epoch: 47 iter: 8 train_iter_loss: 0.069202 learn_rate: 0.000005 
epoch: 47 iter: 9 train_iter_loss: 0.065575 learn_rate: 0.000005 
epoch: 47 iter: 10 train_iter_loss: 0.067591 learn_rate: 0.000005 
epoch: 47 iter: 11 train_iter_loss: 0.068505 learn_rate: 0.000005 
epoch: 47 iter: 12 train_iter_loss: 0.069708 learn_rate: 0.000005 
epoch: 47 iter: 13 train_iter_loss: 0.067326 learn_rate: 0.000005 
epoch: 47 iter: 14 train_iter_loss: 0.070175 learn_rate: 0.000005 
epoch: 47 iter: 15 train_iter_loss: 0.064363 learn_rate: 0.000005 
epoch: 47 iter: 16 train_iter_loss: 0.062317 learn_rate: 0.000005 
epoch: 47 iter: 17 train_iter_loss: 0.072146 learn_rate: 0.000005 
epoch: 47 iter: 18 train_iter_loss: 0.067572 learn_rate: 0.000005 
epoch: 47 iter: 19 train_iter_loss: 0.068586 learn_rate: 0.000005 
epoch: 47 iter: 20 train_iter_loss: 0.067044 learn_rate: 0.000005 
epoch: 47 iter: 21 train_iter_loss: 0.066352 learn_rate: 0.000005 
epoch: 47 iter: 22 train_iter_loss: 0.064986 learn_rate: 0.000005 
epoch: 47 iter: 23 train_iter_loss: 0.065188 learn_rate: 0.000005 
epoch: 47 train_epoch_loss: 0.067378 learn_rate: 0.000005 test_p: 0.687083 test_r: 0.675853 test_f: 0.681291
epoch: 48 iter: 1 train_iter_loss: 0.069001 learn_rate: 0.000005 
epoch: 48 iter: 2 train_iter_loss: 0.066384 learn_rate: 0.000005 
epoch: 48 iter: 3 train_iter_loss: 0.066099 learn_rate: 0.000005 
epoch: 48 iter: 4 train_iter_loss: 0.065605 learn_rate: 0.000005 
epoch: 48 iter: 5 train_iter_loss: 0.068428 learn_rate: 0.000005 
epoch: 48 iter: 6 train_iter_loss: 0.066590 learn_rate: 0.000005 
epoch: 48 iter: 7 train_iter_loss: 0.066502 learn_rate: 0.000005 
epoch: 48 iter: 8 train_iter_loss: 0.065273 learn_rate: 0.000005 
epoch: 48 iter: 9 train_iter_loss: 0.068710 learn_rate: 0.000005 
epoch: 48 iter: 10 train_iter_loss: 0.066100 learn_rate: 0.000005 
epoch: 48 iter: 11 train_iter_loss: 0.071084 learn_rate: 0.000005 
epoch: 48 iter: 12 train_iter_loss: 0.065771 learn_rate: 0.000005 
epoch: 48 iter: 13 train_iter_loss: 0.066964 learn_rate: 0.000005 
epoch: 48 iter: 14 train_iter_loss: 0.069835 learn_rate: 0.000005 
epoch: 48 iter: 15 train_iter_loss: 0.070995 learn_rate: 0.000005 
epoch: 48 iter: 16 train_iter_loss: 0.068739 learn_rate: 0.000005 
epoch: 48 iter: 17 train_iter_loss: 0.064374 learn_rate: 0.000005 
epoch: 48 iter: 18 train_iter_loss: 0.066405 learn_rate: 0.000005 
epoch: 48 iter: 19 train_iter_loss: 0.068661 learn_rate: 0.000005 
epoch: 48 iter: 20 train_iter_loss: 0.068155 learn_rate: 0.000005 
epoch: 48 iter: 21 train_iter_loss: 0.070696 learn_rate: 0.000005 
epoch: 48 iter: 22 train_iter_loss: 0.064822 learn_rate: 0.000005 
epoch: 48 iter: 23 train_iter_loss: 0.065107 learn_rate: 0.000005 
epoch: 48 train_epoch_loss: 0.067404 learn_rate: 0.000005 test_p: 0.687134 test_r: 0.675895 test_f: 0.681338
epoch: 49 iter: 1 train_iter_loss: 0.067716 learn_rate: 0.000005 
epoch: 49 iter: 2 train_iter_loss: 0.067830 learn_rate: 0.000005 
epoch: 49 iter: 3 train_iter_loss: 0.068866 learn_rate: 0.000005 
epoch: 49 iter: 4 train_iter_loss: 0.068855 learn_rate: 0.000005 
epoch: 49 iter: 5 train_iter_loss: 0.068721 learn_rate: 0.000005 
epoch: 49 iter: 6 train_iter_loss: 0.068266 learn_rate: 0.000005 
epoch: 49 iter: 7 train_iter_loss: 0.068884 learn_rate: 0.000005 
epoch: 49 iter: 8 train_iter_loss: 0.065678 learn_rate: 0.000005 
epoch: 49 iter: 9 train_iter_loss: 0.068752 learn_rate: 0.000005 
epoch: 49 iter: 10 train_iter_loss: 0.069596 learn_rate: 0.000005 
epoch: 49 iter: 11 train_iter_loss: 0.068006 learn_rate: 0.000005 
epoch: 49 iter: 12 train_iter_loss: 0.069464 learn_rate: 0.000005 
epoch: 49 iter: 13 train_iter_loss: 0.067799 learn_rate: 0.000005 
epoch: 49 iter: 14 train_iter_loss: 0.065234 learn_rate: 0.000005 
epoch: 49 iter: 15 train_iter_loss: 0.067767 learn_rate: 0.000005 
epoch: 49 iter: 16 train_iter_loss: 0.068222 learn_rate: 0.000005 
epoch: 49 iter: 17 train_iter_loss: 0.065758 learn_rate: 0.000005 
epoch: 49 iter: 18 train_iter_loss: 0.063539 learn_rate: 0.000005 
epoch: 49 iter: 19 train_iter_loss: 0.066011 learn_rate: 0.000005 
epoch: 49 iter: 20 train_iter_loss: 0.064782 learn_rate: 0.000005 
epoch: 49 iter: 21 train_iter_loss: 0.066746 learn_rate: 0.000005 
epoch: 49 iter: 22 train_iter_loss: 0.064633 learn_rate: 0.000005 
epoch: 49 iter: 23 train_iter_loss: 0.072837 learn_rate: 0.000005 
epoch: 49 train_epoch_loss: 0.067564 learn_rate: 0.000005 test_p: 0.687224 test_r: 0.675992 test_f: 0.681431
epoch: 50 iter: 1 train_iter_loss: 0.068698 learn_rate: 0.000002 
epoch: 50 iter: 2 train_iter_loss: 0.070668 learn_rate: 0.000002 
epoch: 50 iter: 3 train_iter_loss: 0.065594 learn_rate: 0.000002 
epoch: 50 iter: 4 train_iter_loss: 0.066867 learn_rate: 0.000002 
epoch: 50 iter: 5 train_iter_loss: 0.068503 learn_rate: 0.000002 
epoch: 50 iter: 6 train_iter_loss: 0.068733 learn_rate: 0.000002 
epoch: 50 iter: 7 train_iter_loss: 0.067012 learn_rate: 0.000002 
epoch: 50 iter: 8 train_iter_loss: 0.073005 learn_rate: 0.000002 
epoch: 50 iter: 9 train_iter_loss: 0.067641 learn_rate: 0.000002 
epoch: 50 iter: 10 train_iter_loss: 0.067529 learn_rate: 0.000002 
epoch: 50 iter: 11 train_iter_loss: 0.063210 learn_rate: 0.000002 
epoch: 50 iter: 12 train_iter_loss: 0.066642 learn_rate: 0.000002 
epoch: 50 iter: 13 train_iter_loss: 0.065874 learn_rate: 0.000002 
epoch: 50 iter: 14 train_iter_loss: 0.066234 learn_rate: 0.000002 
epoch: 50 iter: 15 train_iter_loss: 0.066176 learn_rate: 0.000002 
epoch: 50 iter: 16 train_iter_loss: 0.066383 learn_rate: 0.000002 
epoch: 50 iter: 17 train_iter_loss: 0.067800 learn_rate: 0.000002 
epoch: 50 iter: 18 train_iter_loss: 0.068379 learn_rate: 0.000002 
epoch: 50 iter: 19 train_iter_loss: 0.065319 learn_rate: 0.000002 
epoch: 50 iter: 20 train_iter_loss: 0.065958 learn_rate: 0.000002 
epoch: 50 iter: 21 train_iter_loss: 0.070102 learn_rate: 0.000002 
epoch: 50 iter: 22 train_iter_loss: 0.069978 learn_rate: 0.000002 
epoch: 50 iter: 23 train_iter_loss: 0.062272 learn_rate: 0.000002 
epoch: 50 train_epoch_loss: 0.067329 learn_rate: 0.000002 test_p: 0.687286 test_r: 0.675933 test_f: 0.681431
epoch: 51 iter: 1 train_iter_loss: 0.068782 learn_rate: 0.000002 
epoch: 51 iter: 2 train_iter_loss: 0.068800 learn_rate: 0.000002 
epoch: 51 iter: 3 train_iter_loss: 0.070386 learn_rate: 0.000002 
epoch: 51 iter: 4 train_iter_loss: 0.070577 learn_rate: 0.000002 
epoch: 51 iter: 5 train_iter_loss: 0.068395 learn_rate: 0.000002 
epoch: 51 iter: 6 train_iter_loss: 0.068446 learn_rate: 0.000002 
epoch: 51 iter: 7 train_iter_loss: 0.069430 learn_rate: 0.000002 
epoch: 51 iter: 8 train_iter_loss: 0.064518 learn_rate: 0.000002 
epoch: 51 iter: 9 train_iter_loss: 0.068739 learn_rate: 0.000002 
epoch: 51 iter: 10 train_iter_loss: 0.064984 learn_rate: 0.000002 
epoch: 51 iter: 11 train_iter_loss: 0.065948 learn_rate: 0.000002 
epoch: 51 iter: 12 train_iter_loss: 0.068629 learn_rate: 0.000002 
epoch: 51 iter: 13 train_iter_loss: 0.064096 learn_rate: 0.000002 
epoch: 51 iter: 14 train_iter_loss: 0.066763 learn_rate: 0.000002 
epoch: 51 iter: 15 train_iter_loss: 0.068729 learn_rate: 0.000002 
epoch: 51 iter: 16 train_iter_loss: 0.066015 learn_rate: 0.000002 
epoch: 51 iter: 17 train_iter_loss: 0.069925 learn_rate: 0.000002 
epoch: 51 iter: 18 train_iter_loss: 0.066655 learn_rate: 0.000002 
epoch: 51 iter: 19 train_iter_loss: 0.068144 learn_rate: 0.000002 
epoch: 51 iter: 20 train_iter_loss: 0.068531 learn_rate: 0.000002 
epoch: 51 iter: 21 train_iter_loss: 0.064689 learn_rate: 0.000002 
epoch: 51 iter: 22 train_iter_loss: 0.064894 learn_rate: 0.000002 
epoch: 51 iter: 23 train_iter_loss: 0.062281 learn_rate: 0.000002 
epoch: 51 train_epoch_loss: 0.067320 learn_rate: 0.000002 test_p: 0.687345 test_r: 0.676022 test_f: 0.681505
epoch: 52 iter: 1 train_iter_loss: 0.070369 learn_rate: 0.000002 
epoch: 52 iter: 2 train_iter_loss: 0.067211 learn_rate: 0.000002 
epoch: 52 iter: 3 train_iter_loss: 0.071212 learn_rate: 0.000002 
epoch: 52 iter: 4 train_iter_loss: 0.067225 learn_rate: 0.000002 
epoch: 52 iter: 5 train_iter_loss: 0.071312 learn_rate: 0.000002 
epoch: 52 iter: 6 train_iter_loss: 0.067375 learn_rate: 0.000002 
epoch: 52 iter: 7 train_iter_loss: 0.066041 learn_rate: 0.000002 
epoch: 52 iter: 8 train_iter_loss: 0.069135 learn_rate: 0.000002 
epoch: 52 iter: 9 train_iter_loss: 0.066277 learn_rate: 0.000002 
epoch: 52 iter: 10 train_iter_loss: 0.067762 learn_rate: 0.000002 
epoch: 52 iter: 11 train_iter_loss: 0.067779 learn_rate: 0.000002 
epoch: 52 iter: 12 train_iter_loss: 0.061442 learn_rate: 0.000002 
epoch: 52 iter: 13 train_iter_loss: 0.069673 learn_rate: 0.000002 
epoch: 52 iter: 14 train_iter_loss: 0.065869 learn_rate: 0.000002 
epoch: 52 iter: 15 train_iter_loss: 0.065932 learn_rate: 0.000002 
epoch: 52 iter: 16 train_iter_loss: 0.067385 learn_rate: 0.000002 
epoch: 52 iter: 17 train_iter_loss: 0.068498 learn_rate: 0.000002 
epoch: 52 iter: 18 train_iter_loss: 0.067256 learn_rate: 0.000002 
epoch: 52 iter: 19 train_iter_loss: 0.065613 learn_rate: 0.000002 
epoch: 52 iter: 20 train_iter_loss: 0.065124 learn_rate: 0.000002 
epoch: 52 iter: 21 train_iter_loss: 0.066795 learn_rate: 0.000002 
epoch: 52 iter: 22 train_iter_loss: 0.069411 learn_rate: 0.000002 
epoch: 52 iter: 23 train_iter_loss: 0.066025 learn_rate: 0.000002 
epoch: 52 train_epoch_loss: 0.067423 learn_rate: 0.000002 test_p: 0.687279 test_r: 0.676031 test_f: 0.681478
epoch: 53 iter: 1 train_iter_loss: 0.065984 learn_rate: 0.000002 
epoch: 53 iter: 2 train_iter_loss: 0.068502 learn_rate: 0.000002 
epoch: 53 iter: 3 train_iter_loss: 0.066972 learn_rate: 0.000002 
epoch: 53 iter: 4 train_iter_loss: 0.064817 learn_rate: 0.000002 
epoch: 53 iter: 5 train_iter_loss: 0.069129 learn_rate: 0.000002 
epoch: 53 iter: 6 train_iter_loss: 0.068863 learn_rate: 0.000002 
epoch: 53 iter: 7 train_iter_loss: 0.065561 learn_rate: 0.000002 
epoch: 53 iter: 8 train_iter_loss: 0.069343 learn_rate: 0.000002 
epoch: 53 iter: 9 train_iter_loss: 0.065763 learn_rate: 0.000002 
epoch: 53 iter: 10 train_iter_loss: 0.068728 learn_rate: 0.000002 
epoch: 53 iter: 11 train_iter_loss: 0.067838 learn_rate: 0.000002 
epoch: 53 iter: 12 train_iter_loss: 0.064543 learn_rate: 0.000002 
epoch: 53 iter: 13 train_iter_loss: 0.067651 learn_rate: 0.000002 
epoch: 53 iter: 14 train_iter_loss: 0.066788 learn_rate: 0.000002 
epoch: 53 iter: 15 train_iter_loss: 0.066737 learn_rate: 0.000002 
epoch: 53 iter: 16 train_iter_loss: 0.067633 learn_rate: 0.000002 
epoch: 53 iter: 17 train_iter_loss: 0.064655 learn_rate: 0.000002 
epoch: 53 iter: 18 train_iter_loss: 0.071089 learn_rate: 0.000002 
epoch: 53 iter: 19 train_iter_loss: 0.069826 learn_rate: 0.000002 
epoch: 53 iter: 20 train_iter_loss: 0.067568 learn_rate: 0.000002 
epoch: 53 iter: 21 train_iter_loss: 0.065147 learn_rate: 0.000002 
epoch: 53 iter: 22 train_iter_loss: 0.069617 learn_rate: 0.000002 
epoch: 53 iter: 23 train_iter_loss: 0.069827 learn_rate: 0.000002 
epoch: 53 train_epoch_loss: 0.067504 learn_rate: 0.000002 test_p: 0.687266 test_r: 0.676076 test_f: 0.681495
epoch: 54 iter: 1 train_iter_loss: 0.067435 learn_rate: 0.000001 
epoch: 54 iter: 2 train_iter_loss: 0.067513 learn_rate: 0.000001 
epoch: 54 iter: 3 train_iter_loss: 0.067197 learn_rate: 0.000001 
epoch: 54 iter: 4 train_iter_loss: 0.065480 learn_rate: 0.000001 
epoch: 54 iter: 5 train_iter_loss: 0.065691 learn_rate: 0.000001 
epoch: 54 iter: 6 train_iter_loss: 0.070126 learn_rate: 0.000001 
epoch: 54 iter: 7 train_iter_loss: 0.069255 learn_rate: 0.000001 
epoch: 54 iter: 8 train_iter_loss: 0.067453 learn_rate: 0.000001 
epoch: 54 iter: 9 train_iter_loss: 0.063995 learn_rate: 0.000001 
epoch: 54 iter: 10 train_iter_loss: 0.064408 learn_rate: 0.000001 
epoch: 54 iter: 11 train_iter_loss: 0.067021 learn_rate: 0.000001 
epoch: 54 iter: 12 train_iter_loss: 0.064788 learn_rate: 0.000001 
epoch: 54 iter: 13 train_iter_loss: 0.066904 learn_rate: 0.000001 
epoch: 54 iter: 14 train_iter_loss: 0.073530 learn_rate: 0.000001 
epoch: 54 iter: 15 train_iter_loss: 0.068608 learn_rate: 0.000001 
epoch: 54 iter: 16 train_iter_loss: 0.067179 learn_rate: 0.000001 
epoch: 54 iter: 17 train_iter_loss: 0.072135 learn_rate: 0.000001 
epoch: 54 iter: 18 train_iter_loss: 0.067617 learn_rate: 0.000001 
epoch: 54 iter: 19 train_iter_loss: 0.068904 learn_rate: 0.000001 
epoch: 54 iter: 20 train_iter_loss: 0.067644 learn_rate: 0.000001 
epoch: 54 iter: 21 train_iter_loss: 0.065154 learn_rate: 0.000001 
epoch: 54 iter: 22 train_iter_loss: 0.066260 learn_rate: 0.000001 
epoch: 54 iter: 23 train_iter_loss: 0.064562 learn_rate: 0.000001 
epoch: 54 train_epoch_loss: 0.067342 learn_rate: 0.000001 test_p: 0.687303 test_r: 0.676039 test_f: 0.681494
epoch: 55 iter: 1 train_iter_loss: 0.069556 learn_rate: 0.000001 
epoch: 55 iter: 2 train_iter_loss: 0.068250 learn_rate: 0.000001 
epoch: 55 iter: 3 train_iter_loss: 0.069649 learn_rate: 0.000001 
epoch: 55 iter: 4 train_iter_loss: 0.067555 learn_rate: 0.000001 
epoch: 55 iter: 5 train_iter_loss: 0.064552 learn_rate: 0.000001 
epoch: 55 iter: 6 train_iter_loss: 0.068301 learn_rate: 0.000001 
epoch: 55 iter: 7 train_iter_loss: 0.069326 learn_rate: 0.000001 
epoch: 55 iter: 8 train_iter_loss: 0.064327 learn_rate: 0.000001 
epoch: 55 iter: 9 train_iter_loss: 0.066761 learn_rate: 0.000001 
epoch: 55 iter: 10 train_iter_loss: 0.065797 learn_rate: 0.000001 
epoch: 55 iter: 11 train_iter_loss: 0.065277 learn_rate: 0.000001 
epoch: 55 iter: 12 train_iter_loss: 0.068726 learn_rate: 0.000001 
epoch: 55 iter: 13 train_iter_loss: 0.064533 learn_rate: 0.000001 
epoch: 55 iter: 14 train_iter_loss: 0.069517 learn_rate: 0.000001 
epoch: 55 iter: 15 train_iter_loss: 0.067860 learn_rate: 0.000001 
epoch: 55 iter: 16 train_iter_loss: 0.067515 learn_rate: 0.000001 
epoch: 55 iter: 17 train_iter_loss: 0.067117 learn_rate: 0.000001 
epoch: 55 iter: 18 train_iter_loss: 0.067228 learn_rate: 0.000001 
epoch: 55 iter: 19 train_iter_loss: 0.069961 learn_rate: 0.000001 
epoch: 55 iter: 20 train_iter_loss: 0.063401 learn_rate: 0.000001 
epoch: 55 iter: 21 train_iter_loss: 0.070945 learn_rate: 0.000001 
epoch: 55 iter: 22 train_iter_loss: 0.068805 learn_rate: 0.000001 
epoch: 55 iter: 23 train_iter_loss: 0.065537 learn_rate: 0.000001 
epoch: 55 train_epoch_loss: 0.067413 learn_rate: 0.000001 test_p: 0.687276 test_r: 0.676026 test_f: 0.681474
