Thu Apr 27 19:06:41 2023
data_dict: {'mean': array([55.535168, 62.070362, 67.8261  , 74.06603 , 77.59538 , 76.173965,
       82.65482 , 68.78948 ], dtype=float32), 'std': array([ 3.367767 ,  5.5066624,  7.5173616,  9.3685665, 10.872954 ,
        7.602637 ,  8.1016035,  6.6036377], dtype=float32), 'classWeights': array([1.4754406, 5.855664 , 7.418394 ], dtype=float32), 'img_shape': (256, 256, 8)}
epoch: 1 iter: 1 train_iter_loss: 0.066878 learn_rate: 0.000010 
epoch: 1 iter: 2 train_iter_loss: 0.066877 learn_rate: 0.000010 
epoch: 1 iter: 3 train_iter_loss: 0.069873 learn_rate: 0.000010 
epoch: 1 iter: 4 train_iter_loss: 0.072875 learn_rate: 0.000010 
epoch: 1 iter: 5 train_iter_loss: 0.069679 learn_rate: 0.000010 
epoch: 1 iter: 6 train_iter_loss: 0.070853 learn_rate: 0.000010 
epoch: 1 iter: 7 train_iter_loss: 0.069182 learn_rate: 0.000010 
epoch: 1 iter: 8 train_iter_loss: 0.071667 learn_rate: 0.000010 
epoch: 1 iter: 9 train_iter_loss: 0.066085 learn_rate: 0.000010 
epoch: 1 iter: 10 train_iter_loss: 0.071167 learn_rate: 0.000010 
epoch: 1 iter: 11 train_iter_loss: 0.070149 learn_rate: 0.000010 
epoch: 1 iter: 12 train_iter_loss: 0.070619 learn_rate: 0.000010 
epoch: 1 iter: 13 train_iter_loss: 0.070456 learn_rate: 0.000010 
epoch: 1 iter: 14 train_iter_loss: 0.073096 learn_rate: 0.000010 
epoch: 1 iter: 15 train_iter_loss: 0.065510 learn_rate: 0.000010 
epoch: 1 iter: 16 train_iter_loss: 0.070701 learn_rate: 0.000010 
epoch: 1 iter: 17 train_iter_loss: 0.066839 learn_rate: 0.000010 
epoch: 1 iter: 18 train_iter_loss: 0.070234 learn_rate: 0.000010 
epoch: 1 iter: 19 train_iter_loss: 0.068087 learn_rate: 0.000010 
epoch: 1 iter: 20 train_iter_loss: 0.075395 learn_rate: 0.000010 
epoch: 1 iter: 21 train_iter_loss: 0.074571 learn_rate: 0.000010 
epoch: 1 iter: 22 train_iter_loss: 0.069371 learn_rate: 0.000010 
epoch: 1 iter: 23 train_iter_loss: 0.069321 learn_rate: 0.000010 
epoch: 1 train_epoch_loss: 0.069978 learn_rate: 0.000010 test_p: 0.571526 test_r: 0.512928 test_f: 0.540154
epoch: 2 iter: 1 train_iter_loss: 0.067447 learn_rate: 0.000010 
epoch: 2 iter: 2 train_iter_loss: 0.072075 learn_rate: 0.000010 
epoch: 2 iter: 3 train_iter_loss: 0.067866 learn_rate: 0.000010 
epoch: 2 iter: 4 train_iter_loss: 0.065481 learn_rate: 0.000010 
epoch: 2 iter: 5 train_iter_loss: 0.066896 learn_rate: 0.000010 
epoch: 2 iter: 6 train_iter_loss: 0.072898 learn_rate: 0.000010 
epoch: 2 iter: 7 train_iter_loss: 0.070231 learn_rate: 0.000010 
epoch: 2 iter: 8 train_iter_loss: 0.066661 learn_rate: 0.000010 
epoch: 2 iter: 9 train_iter_loss: 0.071479 learn_rate: 0.000010 
epoch: 2 iter: 10 train_iter_loss: 0.072885 learn_rate: 0.000010 
epoch: 2 iter: 11 train_iter_loss: 0.069610 learn_rate: 0.000010 
epoch: 2 iter: 12 train_iter_loss: 0.068545 learn_rate: 0.000010 
epoch: 2 iter: 13 train_iter_loss: 0.070089 learn_rate: 0.000010 
epoch: 2 iter: 14 train_iter_loss: 0.072108 learn_rate: 0.000010 
epoch: 2 iter: 15 train_iter_loss: 0.072657 learn_rate: 0.000010 
epoch: 2 iter: 16 train_iter_loss: 0.071390 learn_rate: 0.000010 
epoch: 2 iter: 17 train_iter_loss: 0.069167 learn_rate: 0.000010 
epoch: 2 iter: 18 train_iter_loss: 0.072907 learn_rate: 0.000010 
epoch: 2 iter: 19 train_iter_loss: 0.071415 learn_rate: 0.000010 
epoch: 2 iter: 20 train_iter_loss: 0.068729 learn_rate: 0.000010 
epoch: 2 iter: 21 train_iter_loss: 0.070275 learn_rate: 0.000010 
epoch: 2 iter: 22 train_iter_loss: 0.067329 learn_rate: 0.000010 
epoch: 2 iter: 23 train_iter_loss: 0.070284 learn_rate: 0.000010 
epoch: 2 train_epoch_loss: 0.069932 learn_rate: 0.000010 test_p: 0.572716 test_r: 0.514072 test_f: 0.541315
epoch: 3 iter: 1 train_iter_loss: 0.067878 learn_rate: 0.000010 
epoch: 3 iter: 2 train_iter_loss: 0.071448 learn_rate: 0.000010 
epoch: 3 iter: 3 train_iter_loss: 0.075445 learn_rate: 0.000010 
epoch: 3 iter: 4 train_iter_loss: 0.073889 learn_rate: 0.000010 
epoch: 3 iter: 5 train_iter_loss: 0.068179 learn_rate: 0.000010 
epoch: 3 iter: 6 train_iter_loss: 0.067378 learn_rate: 0.000010 
epoch: 3 iter: 7 train_iter_loss: 0.070436 learn_rate: 0.000010 
epoch: 3 iter: 8 train_iter_loss: 0.067172 learn_rate: 0.000010 
epoch: 3 iter: 9 train_iter_loss: 0.072894 learn_rate: 0.000010 
epoch: 3 iter: 10 train_iter_loss: 0.065276 learn_rate: 0.000010 
epoch: 3 iter: 11 train_iter_loss: 0.067067 learn_rate: 0.000010 
epoch: 3 iter: 12 train_iter_loss: 0.069971 learn_rate: 0.000010 
epoch: 3 iter: 13 train_iter_loss: 0.072278 learn_rate: 0.000010 
epoch: 3 iter: 14 train_iter_loss: 0.066914 learn_rate: 0.000010 
epoch: 3 iter: 15 train_iter_loss: 0.070708 learn_rate: 0.000010 
epoch: 3 iter: 16 train_iter_loss: 0.070902 learn_rate: 0.000010 
epoch: 3 iter: 17 train_iter_loss: 0.068861 learn_rate: 0.000010 
epoch: 3 iter: 18 train_iter_loss: 0.066108 learn_rate: 0.000010 
epoch: 3 iter: 19 train_iter_loss: 0.072734 learn_rate: 0.000010 
epoch: 3 iter: 20 train_iter_loss: 0.070550 learn_rate: 0.000010 
epoch: 3 iter: 21 train_iter_loss: 0.064938 learn_rate: 0.000010 
epoch: 3 iter: 22 train_iter_loss: 0.074331 learn_rate: 0.000010 
epoch: 3 iter: 23 train_iter_loss: 0.071488 learn_rate: 0.000010 
epoch: 3 train_epoch_loss: 0.069863 learn_rate: 0.000010 test_p: 0.573879 test_r: 0.514811 test_f: 0.542217
epoch: 4 iter: 1 train_iter_loss: 0.071157 learn_rate: 0.000010 
epoch: 4 iter: 2 train_iter_loss: 0.073058 learn_rate: 0.000010 
epoch: 4 iter: 3 train_iter_loss: 0.065092 learn_rate: 0.000010 
epoch: 4 iter: 4 train_iter_loss: 0.068532 learn_rate: 0.000010 
epoch: 4 iter: 5 train_iter_loss: 0.069938 learn_rate: 0.000010 
epoch: 4 iter: 6 train_iter_loss: 0.073153 learn_rate: 0.000010 
epoch: 4 iter: 7 train_iter_loss: 0.067101 learn_rate: 0.000010 
epoch: 4 iter: 8 train_iter_loss: 0.067813 learn_rate: 0.000010 
epoch: 4 iter: 9 train_iter_loss: 0.072064 learn_rate: 0.000010 
epoch: 4 iter: 10 train_iter_loss: 0.066509 learn_rate: 0.000010 
epoch: 4 iter: 11 train_iter_loss: 0.071350 learn_rate: 0.000010 
epoch: 4 iter: 12 train_iter_loss: 0.068610 learn_rate: 0.000010 
epoch: 4 iter: 13 train_iter_loss: 0.069426 learn_rate: 0.000010 
epoch: 4 iter: 14 train_iter_loss: 0.070522 learn_rate: 0.000010 
epoch: 4 iter: 15 train_iter_loss: 0.070497 learn_rate: 0.000010 
epoch: 4 iter: 16 train_iter_loss: 0.068352 learn_rate: 0.000010 
epoch: 4 iter: 17 train_iter_loss: 0.070556 learn_rate: 0.000010 
epoch: 4 iter: 18 train_iter_loss: 0.073970 learn_rate: 0.000010 
epoch: 4 iter: 19 train_iter_loss: 0.074305 learn_rate: 0.000010 
epoch: 4 iter: 20 train_iter_loss: 0.067301 learn_rate: 0.000010 
epoch: 4 iter: 21 train_iter_loss: 0.069342 learn_rate: 0.000010 
epoch: 4 iter: 22 train_iter_loss: 0.068788 learn_rate: 0.000010 
epoch: 4 iter: 23 train_iter_loss: 0.067193 learn_rate: 0.000010 
epoch: 4 train_epoch_loss: 0.069766 learn_rate: 0.000010 test_p: 0.575280 test_r: 0.515805 test_f: 0.543373
epoch: 5 iter: 1 train_iter_loss: 0.072154 learn_rate: 0.000010 
epoch: 5 iter: 2 train_iter_loss: 0.069029 learn_rate: 0.000010 
epoch: 5 iter: 3 train_iter_loss: 0.072275 learn_rate: 0.000010 
epoch: 5 iter: 4 train_iter_loss: 0.070385 learn_rate: 0.000010 
epoch: 5 iter: 5 train_iter_loss: 0.070218 learn_rate: 0.000010 
epoch: 5 iter: 6 train_iter_loss: 0.071804 learn_rate: 0.000010 
epoch: 5 iter: 7 train_iter_loss: 0.069230 learn_rate: 0.000010 
epoch: 5 iter: 8 train_iter_loss: 0.068953 learn_rate: 0.000010 
epoch: 5 iter: 9 train_iter_loss: 0.066786 learn_rate: 0.000010 
epoch: 5 iter: 10 train_iter_loss: 0.068102 learn_rate: 0.000010 
epoch: 5 iter: 11 train_iter_loss: 0.069751 learn_rate: 0.000010 
epoch: 5 iter: 12 train_iter_loss: 0.070017 learn_rate: 0.000010 
epoch: 5 iter: 13 train_iter_loss: 0.070338 learn_rate: 0.000010 
epoch: 5 iter: 14 train_iter_loss: 0.064269 learn_rate: 0.000010 
epoch: 5 iter: 15 train_iter_loss: 0.070977 learn_rate: 0.000010 
epoch: 5 iter: 16 train_iter_loss: 0.070717 learn_rate: 0.000010 
epoch: 5 iter: 17 train_iter_loss: 0.068608 learn_rate: 0.000010 
epoch: 5 iter: 18 train_iter_loss: 0.077069 learn_rate: 0.000010 
epoch: 5 iter: 19 train_iter_loss: 0.069058 learn_rate: 0.000010 
epoch: 5 iter: 20 train_iter_loss: 0.070008 learn_rate: 0.000010 
epoch: 5 iter: 21 train_iter_loss: 0.068875 learn_rate: 0.000010 
epoch: 5 iter: 22 train_iter_loss: 0.068701 learn_rate: 0.000010 
epoch: 5 iter: 23 train_iter_loss: 0.065835 learn_rate: 0.000010 
epoch: 5 train_epoch_loss: 0.069703 learn_rate: 0.000010 test_p: 0.576170 test_r: 0.516518 test_f: 0.544156
epoch: 6 iter: 1 train_iter_loss: 0.072183 learn_rate: 0.000010 
epoch: 6 iter: 2 train_iter_loss: 0.066162 learn_rate: 0.000010 
epoch: 6 iter: 3 train_iter_loss: 0.067936 learn_rate: 0.000010 
epoch: 6 iter: 4 train_iter_loss: 0.073224 learn_rate: 0.000010 
epoch: 6 iter: 5 train_iter_loss: 0.070378 learn_rate: 0.000010 
epoch: 6 iter: 6 train_iter_loss: 0.069743 learn_rate: 0.000010 
epoch: 6 iter: 7 train_iter_loss: 0.068125 learn_rate: 0.000010 
epoch: 6 iter: 8 train_iter_loss: 0.070557 learn_rate: 0.000010 
epoch: 6 iter: 9 train_iter_loss: 0.069760 learn_rate: 0.000010 
epoch: 6 iter: 10 train_iter_loss: 0.071249 learn_rate: 0.000010 
epoch: 6 iter: 11 train_iter_loss: 0.074267 learn_rate: 0.000010 
epoch: 6 iter: 12 train_iter_loss: 0.067496 learn_rate: 0.000010 
epoch: 6 iter: 13 train_iter_loss: 0.072143 learn_rate: 0.000010 
epoch: 6 iter: 14 train_iter_loss: 0.069104 learn_rate: 0.000010 
epoch: 6 iter: 15 train_iter_loss: 0.069790 learn_rate: 0.000010 
epoch: 6 iter: 16 train_iter_loss: 0.068499 learn_rate: 0.000010 
epoch: 6 iter: 17 train_iter_loss: 0.066941 learn_rate: 0.000010 
epoch: 6 iter: 18 train_iter_loss: 0.071882 learn_rate: 0.000010 
epoch: 6 iter: 19 train_iter_loss: 0.072327 learn_rate: 0.000010 
epoch: 6 iter: 20 train_iter_loss: 0.071851 learn_rate: 0.000010 
epoch: 6 iter: 21 train_iter_loss: 0.065875 learn_rate: 0.000010 
epoch: 6 iter: 22 train_iter_loss: 0.067898 learn_rate: 0.000010 
epoch: 6 iter: 23 train_iter_loss: 0.065331 learn_rate: 0.000010 
epoch: 6 train_epoch_loss: 0.069684 learn_rate: 0.000010 test_p: 0.577091 test_r: 0.517501 test_f: 0.545101
epoch: 7 iter: 1 train_iter_loss: 0.069684 learn_rate: 0.000010 
epoch: 7 iter: 2 train_iter_loss: 0.074699 learn_rate: 0.000010 
epoch: 7 iter: 3 train_iter_loss: 0.068410 learn_rate: 0.000010 
epoch: 7 iter: 4 train_iter_loss: 0.066170 learn_rate: 0.000010 
epoch: 7 iter: 5 train_iter_loss: 0.066201 learn_rate: 0.000010 
epoch: 7 iter: 6 train_iter_loss: 0.070439 learn_rate: 0.000010 
epoch: 7 iter: 7 train_iter_loss: 0.077880 learn_rate: 0.000010 
epoch: 7 iter: 8 train_iter_loss: 0.072007 learn_rate: 0.000010 
epoch: 7 iter: 9 train_iter_loss: 0.069320 learn_rate: 0.000010 
epoch: 7 iter: 10 train_iter_loss: 0.070281 learn_rate: 0.000010 
epoch: 7 iter: 11 train_iter_loss: 0.067532 learn_rate: 0.000010 
epoch: 7 iter: 12 train_iter_loss: 0.072254 learn_rate: 0.000010 
epoch: 7 iter: 13 train_iter_loss: 0.067248 learn_rate: 0.000010 
epoch: 7 iter: 14 train_iter_loss: 0.066472 learn_rate: 0.000010 
epoch: 7 iter: 15 train_iter_loss: 0.074521 learn_rate: 0.000010 
epoch: 7 iter: 16 train_iter_loss: 0.068963 learn_rate: 0.000010 
epoch: 7 iter: 17 train_iter_loss: 0.068375 learn_rate: 0.000010 
epoch: 7 iter: 18 train_iter_loss: 0.067075 learn_rate: 0.000010 
epoch: 7 iter: 19 train_iter_loss: 0.069986 learn_rate: 0.000010 
epoch: 7 iter: 20 train_iter_loss: 0.069958 learn_rate: 0.000010 
epoch: 7 iter: 21 train_iter_loss: 0.067628 learn_rate: 0.000010 
epoch: 7 iter: 22 train_iter_loss: 0.067195 learn_rate: 0.000010 
epoch: 7 iter: 23 train_iter_loss: 0.072606 learn_rate: 0.000010 
epoch: 7 train_epoch_loss: 0.069778 learn_rate: 0.000010 test_p: 0.579050 test_r: 0.519649 test_f: 0.547143
epoch: 8 iter: 1 train_iter_loss: 0.073173 learn_rate: 0.000010 
epoch: 8 iter: 2 train_iter_loss: 0.071222 learn_rate: 0.000010 
epoch: 8 iter: 3 train_iter_loss: 0.068724 learn_rate: 0.000010 
epoch: 8 iter: 4 train_iter_loss: 0.068355 learn_rate: 0.000010 
epoch: 8 iter: 5 train_iter_loss: 0.073059 learn_rate: 0.000010 
epoch: 8 iter: 6 train_iter_loss: 0.067305 learn_rate: 0.000010 
epoch: 8 iter: 7 train_iter_loss: 0.066765 learn_rate: 0.000010 
epoch: 8 iter: 8 train_iter_loss: 0.067829 learn_rate: 0.000010 
epoch: 8 iter: 9 train_iter_loss: 0.071337 learn_rate: 0.000010 
epoch: 8 iter: 10 train_iter_loss: 0.074451 learn_rate: 0.000010 
epoch: 8 iter: 11 train_iter_loss: 0.066202 learn_rate: 0.000010 
epoch: 8 iter: 12 train_iter_loss: 0.074127 learn_rate: 0.000010 
epoch: 8 iter: 13 train_iter_loss: 0.069637 learn_rate: 0.000010 
epoch: 8 iter: 14 train_iter_loss: 0.067896 learn_rate: 0.000010 
epoch: 8 iter: 15 train_iter_loss: 0.068123 learn_rate: 0.000010 
epoch: 8 iter: 16 train_iter_loss: 0.069010 learn_rate: 0.000010 
epoch: 8 iter: 17 train_iter_loss: 0.065878 learn_rate: 0.000010 
epoch: 8 iter: 18 train_iter_loss: 0.068072 learn_rate: 0.000010 
epoch: 8 iter: 19 train_iter_loss: 0.075033 learn_rate: 0.000010 
epoch: 8 iter: 20 train_iter_loss: 0.067554 learn_rate: 0.000010 
epoch: 8 iter: 21 train_iter_loss: 0.069079 learn_rate: 0.000010 
epoch: 8 iter: 22 train_iter_loss: 0.069683 learn_rate: 0.000010 
epoch: 8 iter: 23 train_iter_loss: 0.071000 learn_rate: 0.000010 
epoch: 8 train_epoch_loss: 0.069718 learn_rate: 0.000010 test_p: 0.579645 test_r: 0.520439 test_f: 0.547848
epoch: 9 iter: 1 train_iter_loss: 0.071414 learn_rate: 0.000003 
epoch: 9 iter: 2 train_iter_loss: 0.066687 learn_rate: 0.000003 
epoch: 9 iter: 3 train_iter_loss: 0.069289 learn_rate: 0.000003 
epoch: 9 iter: 4 train_iter_loss: 0.072052 learn_rate: 0.000003 
epoch: 9 iter: 5 train_iter_loss: 0.073324 learn_rate: 0.000003 
epoch: 9 iter: 6 train_iter_loss: 0.073153 learn_rate: 0.000003 
epoch: 9 iter: 7 train_iter_loss: 0.070558 learn_rate: 0.000003 
epoch: 9 iter: 8 train_iter_loss: 0.067835 learn_rate: 0.000003 
epoch: 9 iter: 9 train_iter_loss: 0.071621 learn_rate: 0.000003 
epoch: 9 iter: 10 train_iter_loss: 0.069622 learn_rate: 0.000003 
epoch: 9 iter: 11 train_iter_loss: 0.068046 learn_rate: 0.000003 
epoch: 9 iter: 12 train_iter_loss: 0.068374 learn_rate: 0.000003 
epoch: 9 iter: 13 train_iter_loss: 0.067995 learn_rate: 0.000003 
epoch: 9 iter: 14 train_iter_loss: 0.066580 learn_rate: 0.000003 
epoch: 9 iter: 15 train_iter_loss: 0.068078 learn_rate: 0.000003 
epoch: 9 iter: 16 train_iter_loss: 0.071176 learn_rate: 0.000003 
epoch: 9 iter: 17 train_iter_loss: 0.067980 learn_rate: 0.000003 
epoch: 9 iter: 18 train_iter_loss: 0.071246 learn_rate: 0.000003 
epoch: 9 iter: 19 train_iter_loss: 0.071186 learn_rate: 0.000003 
epoch: 9 iter: 20 train_iter_loss: 0.068716 learn_rate: 0.000003 
epoch: 9 iter: 21 train_iter_loss: 0.072058 learn_rate: 0.000003 
epoch: 9 iter: 22 train_iter_loss: 0.068403 learn_rate: 0.000003 
epoch: 9 iter: 23 train_iter_loss: 0.068438 learn_rate: 0.000003 
epoch: 9 train_epoch_loss: 0.069732 learn_rate: 0.000003 test_p: 0.577871 test_r: 0.518602 test_f: 0.546047
epoch: 10 iter: 1 train_iter_loss: 0.069701 learn_rate: 0.000003 
epoch: 10 iter: 2 train_iter_loss: 0.067683 learn_rate: 0.000003 
epoch: 10 iter: 3 train_iter_loss: 0.074099 learn_rate: 0.000003 
epoch: 10 iter: 4 train_iter_loss: 0.066675 learn_rate: 0.000003 
epoch: 10 iter: 5 train_iter_loss: 0.071220 learn_rate: 0.000003 
epoch: 10 iter: 6 train_iter_loss: 0.068089 learn_rate: 0.000003 
epoch: 10 iter: 7 train_iter_loss: 0.068173 learn_rate: 0.000003 
epoch: 10 iter: 8 train_iter_loss: 0.068864 learn_rate: 0.000003 
epoch: 10 iter: 9 train_iter_loss: 0.066420 learn_rate: 0.000003 
epoch: 10 iter: 10 train_iter_loss: 0.073521 learn_rate: 0.000003 
epoch: 10 iter: 11 train_iter_loss: 0.067088 learn_rate: 0.000003 
epoch: 10 iter: 12 train_iter_loss: 0.074932 learn_rate: 0.000003 
epoch: 10 iter: 13 train_iter_loss: 0.069656 learn_rate: 0.000003 
epoch: 10 iter: 14 train_iter_loss: 0.068216 learn_rate: 0.000003 
epoch: 10 iter: 15 train_iter_loss: 0.072277 learn_rate: 0.000003 
epoch: 10 iter: 16 train_iter_loss: 0.073168 learn_rate: 0.000003 
epoch: 10 iter: 17 train_iter_loss: 0.066386 learn_rate: 0.000003 
epoch: 10 iter: 18 train_iter_loss: 0.066902 learn_rate: 0.000003 
epoch: 10 iter: 19 train_iter_loss: 0.068273 learn_rate: 0.000003 
epoch: 10 iter: 20 train_iter_loss: 0.073700 learn_rate: 0.000003 
epoch: 10 iter: 21 train_iter_loss: 0.066508 learn_rate: 0.000003 
epoch: 10 iter: 22 train_iter_loss: 0.073586 learn_rate: 0.000003 
epoch: 10 iter: 23 train_iter_loss: 0.066354 learn_rate: 0.000003 
epoch: 10 train_epoch_loss: 0.069630 learn_rate: 0.000003 test_p: 0.578550 test_r: 0.519393 test_f: 0.546794
epoch: 11 iter: 1 train_iter_loss: 0.068868 learn_rate: 0.000003 
epoch: 11 iter: 2 train_iter_loss: 0.068753 learn_rate: 0.000003 
epoch: 11 iter: 3 train_iter_loss: 0.071949 learn_rate: 0.000003 
epoch: 11 iter: 4 train_iter_loss: 0.065060 learn_rate: 0.000003 
epoch: 11 iter: 5 train_iter_loss: 0.065084 learn_rate: 0.000003 
epoch: 11 iter: 6 train_iter_loss: 0.070708 learn_rate: 0.000003 
epoch: 11 iter: 7 train_iter_loss: 0.066520 learn_rate: 0.000003 
epoch: 11 iter: 8 train_iter_loss: 0.069178 learn_rate: 0.000003 
epoch: 11 iter: 9 train_iter_loss: 0.068035 learn_rate: 0.000003 
epoch: 11 iter: 10 train_iter_loss: 0.068890 learn_rate: 0.000003 
epoch: 11 iter: 11 train_iter_loss: 0.069153 learn_rate: 0.000003 
epoch: 11 iter: 12 train_iter_loss: 0.068893 learn_rate: 0.000003 
epoch: 11 iter: 13 train_iter_loss: 0.071922 learn_rate: 0.000003 
epoch: 11 iter: 14 train_iter_loss: 0.072141 learn_rate: 0.000003 
epoch: 11 iter: 15 train_iter_loss: 0.069921 learn_rate: 0.000003 
epoch: 11 iter: 16 train_iter_loss: 0.075643 learn_rate: 0.000003 
epoch: 11 iter: 17 train_iter_loss: 0.068938 learn_rate: 0.000003 
epoch: 11 iter: 18 train_iter_loss: 0.068362 learn_rate: 0.000003 
epoch: 11 iter: 19 train_iter_loss: 0.068190 learn_rate: 0.000003 
epoch: 11 iter: 20 train_iter_loss: 0.075181 learn_rate: 0.000003 
epoch: 11 iter: 21 train_iter_loss: 0.069745 learn_rate: 0.000003 
epoch: 11 iter: 22 train_iter_loss: 0.072394 learn_rate: 0.000003 
epoch: 11 iter: 23 train_iter_loss: 0.068596 learn_rate: 0.000003 
epoch: 11 train_epoch_loss: 0.069658 learn_rate: 0.000003 test_p: 0.578959 test_r: 0.519795 test_f: 0.547195
epoch: 12 iter: 1 train_iter_loss: 0.073478 learn_rate: 0.000003 
epoch: 12 iter: 2 train_iter_loss: 0.066533 learn_rate: 0.000003 
epoch: 12 iter: 3 train_iter_loss: 0.068958 learn_rate: 0.000003 
epoch: 12 iter: 4 train_iter_loss: 0.068110 learn_rate: 0.000003 
epoch: 12 iter: 5 train_iter_loss: 0.068844 learn_rate: 0.000003 
epoch: 12 iter: 6 train_iter_loss: 0.071629 learn_rate: 0.000003 
epoch: 12 iter: 7 train_iter_loss: 0.068063 learn_rate: 0.000003 
epoch: 12 iter: 8 train_iter_loss: 0.069305 learn_rate: 0.000003 
epoch: 12 iter: 9 train_iter_loss: 0.068185 learn_rate: 0.000003 
epoch: 12 iter: 10 train_iter_loss: 0.068569 learn_rate: 0.000003 
epoch: 12 iter: 11 train_iter_loss: 0.073697 learn_rate: 0.000003 
epoch: 12 iter: 12 train_iter_loss: 0.069669 learn_rate: 0.000003 
epoch: 12 iter: 13 train_iter_loss: 0.069763 learn_rate: 0.000003 
epoch: 12 iter: 14 train_iter_loss: 0.070289 learn_rate: 0.000003 
epoch: 12 iter: 15 train_iter_loss: 0.072351 learn_rate: 0.000003 
epoch: 12 iter: 16 train_iter_loss: 0.071220 learn_rate: 0.000003 
epoch: 12 iter: 17 train_iter_loss: 0.066010 learn_rate: 0.000003 
epoch: 12 iter: 18 train_iter_loss: 0.071865 learn_rate: 0.000003 
epoch: 12 iter: 19 train_iter_loss: 0.069804 learn_rate: 0.000003 
epoch: 12 iter: 20 train_iter_loss: 0.072251 learn_rate: 0.000003 
epoch: 12 iter: 21 train_iter_loss: 0.069159 learn_rate: 0.000003 
epoch: 12 iter: 22 train_iter_loss: 0.065742 learn_rate: 0.000003 
epoch: 12 iter: 23 train_iter_loss: 0.070306 learn_rate: 0.000003 
epoch: 12 train_epoch_loss: 0.069730 learn_rate: 0.000003 test_p: 0.579309 test_r: 0.519994 test_f: 0.547453
epoch: 13 iter: 1 train_iter_loss: 0.070161 learn_rate: 0.000001 
epoch: 13 iter: 2 train_iter_loss: 0.070963 learn_rate: 0.000001 
epoch: 13 iter: 3 train_iter_loss: 0.071800 learn_rate: 0.000001 
epoch: 13 iter: 4 train_iter_loss: 0.067805 learn_rate: 0.000001 
epoch: 13 iter: 5 train_iter_loss: 0.068768 learn_rate: 0.000001 
epoch: 13 iter: 6 train_iter_loss: 0.065876 learn_rate: 0.000001 
epoch: 13 iter: 7 train_iter_loss: 0.068081 learn_rate: 0.000001 
epoch: 13 iter: 8 train_iter_loss: 0.076073 learn_rate: 0.000001 
epoch: 13 iter: 9 train_iter_loss: 0.070515 learn_rate: 0.000001 
epoch: 13 iter: 10 train_iter_loss: 0.071163 learn_rate: 0.000001 
epoch: 13 iter: 11 train_iter_loss: 0.071536 learn_rate: 0.000001 
epoch: 13 iter: 12 train_iter_loss: 0.069051 learn_rate: 0.000001 
epoch: 13 iter: 13 train_iter_loss: 0.068650 learn_rate: 0.000001 
epoch: 13 iter: 14 train_iter_loss: 0.068685 learn_rate: 0.000001 
epoch: 13 iter: 15 train_iter_loss: 0.070573 learn_rate: 0.000001 
epoch: 13 iter: 16 train_iter_loss: 0.069019 learn_rate: 0.000001 
epoch: 13 iter: 17 train_iter_loss: 0.070789 learn_rate: 0.000001 
epoch: 13 iter: 18 train_iter_loss: 0.066497 learn_rate: 0.000001 
epoch: 13 iter: 19 train_iter_loss: 0.069580 learn_rate: 0.000001 
epoch: 13 iter: 20 train_iter_loss: 0.071242 learn_rate: 0.000001 
epoch: 13 iter: 21 train_iter_loss: 0.068850 learn_rate: 0.000001 
epoch: 13 iter: 22 train_iter_loss: 0.069324 learn_rate: 0.000001 
epoch: 13 iter: 23 train_iter_loss: 0.069039 learn_rate: 0.000001 
epoch: 13 train_epoch_loss: 0.069741 learn_rate: 0.000001 test_p: 0.578573 test_r: 0.519430 test_f: 0.546825
epoch: 14 iter: 1 train_iter_loss: 0.070466 learn_rate: 0.000001 
epoch: 14 iter: 2 train_iter_loss: 0.066200 learn_rate: 0.000001 
epoch: 14 iter: 3 train_iter_loss: 0.068820 learn_rate: 0.000001 
epoch: 14 iter: 4 train_iter_loss: 0.069235 learn_rate: 0.000001 
epoch: 14 iter: 5 train_iter_loss: 0.068144 learn_rate: 0.000001 
epoch: 14 iter: 6 train_iter_loss: 0.070040 learn_rate: 0.000001 
epoch: 14 iter: 7 train_iter_loss: 0.069185 learn_rate: 0.000001 
epoch: 14 iter: 8 train_iter_loss: 0.073137 learn_rate: 0.000001 
epoch: 14 iter: 9 train_iter_loss: 0.068965 learn_rate: 0.000001 
epoch: 14 iter: 10 train_iter_loss: 0.072734 learn_rate: 0.000001 
epoch: 14 iter: 11 train_iter_loss: 0.072855 learn_rate: 0.000001 
epoch: 14 iter: 12 train_iter_loss: 0.067709 learn_rate: 0.000001 
epoch: 14 iter: 13 train_iter_loss: 0.069064 learn_rate: 0.000001 
epoch: 14 iter: 14 train_iter_loss: 0.068608 learn_rate: 0.000001 
epoch: 14 iter: 15 train_iter_loss: 0.070163 learn_rate: 0.000001 
epoch: 14 iter: 16 train_iter_loss: 0.066826 learn_rate: 0.000001 
epoch: 14 iter: 17 train_iter_loss: 0.073836 learn_rate: 0.000001 
epoch: 14 iter: 18 train_iter_loss: 0.069688 learn_rate: 0.000001 
epoch: 14 iter: 19 train_iter_loss: 0.069723 learn_rate: 0.000001 
epoch: 14 iter: 20 train_iter_loss: 0.071379 learn_rate: 0.000001 
epoch: 14 iter: 21 train_iter_loss: 0.069753 learn_rate: 0.000001 
epoch: 14 iter: 22 train_iter_loss: 0.068585 learn_rate: 0.000001 
epoch: 14 iter: 23 train_iter_loss: 0.068406 learn_rate: 0.000001 
epoch: 14 train_epoch_loss: 0.069718 learn_rate: 0.000001 test_p: 0.578932 test_r: 0.519741 test_f: 0.547154
epoch: 15 iter: 1 train_iter_loss: 0.068173 learn_rate: 0.000000 
epoch: 15 iter: 2 train_iter_loss: 0.068672 learn_rate: 0.000000 
epoch: 15 iter: 3 train_iter_loss: 0.073211 learn_rate: 0.000000 
epoch: 15 iter: 4 train_iter_loss: 0.066789 learn_rate: 0.000000 
epoch: 15 iter: 5 train_iter_loss: 0.071888 learn_rate: 0.000000 
epoch: 15 iter: 6 train_iter_loss: 0.071222 learn_rate: 0.000000 
epoch: 15 iter: 7 train_iter_loss: 0.068384 learn_rate: 0.000000 
epoch: 15 iter: 8 train_iter_loss: 0.069834 learn_rate: 0.000000 
epoch: 15 iter: 9 train_iter_loss: 0.070764 learn_rate: 0.000000 
epoch: 15 iter: 10 train_iter_loss: 0.068924 learn_rate: 0.000000 
epoch: 15 iter: 11 train_iter_loss: 0.069657 learn_rate: 0.000000 
epoch: 15 iter: 12 train_iter_loss: 0.069781 learn_rate: 0.000000 
epoch: 15 iter: 13 train_iter_loss: 0.075495 learn_rate: 0.000000 
epoch: 15 iter: 14 train_iter_loss: 0.070608 learn_rate: 0.000000 
epoch: 15 iter: 15 train_iter_loss: 0.067378 learn_rate: 0.000000 
epoch: 15 iter: 16 train_iter_loss: 0.066148 learn_rate: 0.000000 
epoch: 15 iter: 17 train_iter_loss: 0.071230 learn_rate: 0.000000 
epoch: 15 iter: 18 train_iter_loss: 0.067427 learn_rate: 0.000000 
epoch: 15 iter: 19 train_iter_loss: 0.073647 learn_rate: 0.000000 
epoch: 15 iter: 20 train_iter_loss: 0.066539 learn_rate: 0.000000 
epoch: 15 iter: 21 train_iter_loss: 0.069314 learn_rate: 0.000000 
epoch: 15 iter: 22 train_iter_loss: 0.068953 learn_rate: 0.000000 
epoch: 15 iter: 23 train_iter_loss: 0.068410 learn_rate: 0.000000 
epoch: 15 train_epoch_loss: 0.069672 learn_rate: 0.000000 test_p: 0.578563 test_r: 0.519417 test_f: 0.546813
epoch: 16 iter: 1 train_iter_loss: 0.070692 learn_rate: 0.000000 
epoch: 16 iter: 2 train_iter_loss: 0.073776 learn_rate: 0.000000 
epoch: 16 iter: 3 train_iter_loss: 0.072115 learn_rate: 0.000000 
epoch: 16 iter: 4 train_iter_loss: 0.065207 learn_rate: 0.000000 
epoch: 16 iter: 5 train_iter_loss: 0.067470 learn_rate: 0.000000 
epoch: 16 iter: 6 train_iter_loss: 0.068168 learn_rate: 0.000000 
epoch: 16 iter: 7 train_iter_loss: 0.072053 learn_rate: 0.000000 
epoch: 16 iter: 8 train_iter_loss: 0.069033 learn_rate: 0.000000 
epoch: 16 iter: 9 train_iter_loss: 0.069464 learn_rate: 0.000000 
epoch: 16 iter: 10 train_iter_loss: 0.071450 learn_rate: 0.000000 
epoch: 16 iter: 11 train_iter_loss: 0.066353 learn_rate: 0.000000 
epoch: 16 iter: 12 train_iter_loss: 0.071802 learn_rate: 0.000000 
epoch: 16 iter: 13 train_iter_loss: 0.074589 learn_rate: 0.000000 
epoch: 16 iter: 14 train_iter_loss: 0.071873 learn_rate: 0.000000 
epoch: 16 iter: 15 train_iter_loss: 0.068593 learn_rate: 0.000000 
epoch: 16 iter: 16 train_iter_loss: 0.067884 learn_rate: 0.000000 
epoch: 16 iter: 17 train_iter_loss: 0.064950 learn_rate: 0.000000 
epoch: 16 iter: 18 train_iter_loss: 0.073909 learn_rate: 0.000000 
epoch: 16 iter: 19 train_iter_loss: 0.069151 learn_rate: 0.000000 
epoch: 16 iter: 20 train_iter_loss: 0.067764 learn_rate: 0.000000 
epoch: 16 iter: 21 train_iter_loss: 0.069576 learn_rate: 0.000000 
epoch: 16 iter: 22 train_iter_loss: 0.066503 learn_rate: 0.000000 
epoch: 16 iter: 23 train_iter_loss: 0.071528 learn_rate: 0.000000 
epoch: 16 train_epoch_loss: 0.069735 learn_rate: 0.000000 test_p: 0.578585 test_r: 0.519443 test_f: 0.546837
