Mon Apr 24 18:18:37 2023
data_dict: {'mean': array([53.008724, 58.89943 , 64.55422 , 70.811   , 73.77593 , 74.81222 ,
       82.460266, 68.285835], dtype=float32), 'std': array([ 3.243824 ,  5.158519 ,  7.1599717,  9.230747 , 10.470321 ,
        7.5122843,  7.7729673,  6.340298 ], dtype=float32), 'classWeights': array([1.4746557, 5.818424 , 7.5163145], dtype=float32), 'img_shape': (256, 256, 8)}
epoch: 1 train_epoch_loss: 0.116810 learn_rate: 0.010000
epoch: 2 train_epoch_loss: 0.094505 learn_rate: 0.010000
epoch: 3 train_epoch_loss: 0.090686 learn_rate: 0.010000
epoch: 4 train_epoch_loss: 0.085877 learn_rate: 0.010000
epoch: 5 train_epoch_loss: 0.078842 learn_rate: 0.010000
epoch: 6 train_epoch_loss: 0.073101 learn_rate: 0.010000
epoch: 7 train_epoch_loss: 0.071066 learn_rate: 0.010000
epoch: 8 train_epoch_loss: 0.069872 learn_rate: 0.010000
epoch: 9 train_epoch_loss: 0.069332 learn_rate: 0.010000
epoch: 10 train_epoch_loss: 0.068977 learn_rate: 0.010000
epoch: 11 train_epoch_loss: 0.068969 learn_rate: 0.010000
epoch: 12 train_epoch_loss: 0.067411 learn_rate: 0.010000
epoch: 13 train_epoch_loss: 0.072300 learn_rate: 0.010000
epoch: 14 train_epoch_loss: 0.079252 learn_rate: 0.010000
epoch: 15 train_epoch_loss: 0.065608 learn_rate: 0.003333
epoch: 16 train_epoch_loss: 0.065231 learn_rate: 0.003333
epoch: 17 train_epoch_loss: 0.064996 learn_rate: 0.003333
epoch: 18 train_epoch_loss: 0.065265 learn_rate: 0.003333
epoch: 19 train_epoch_loss: 0.064393 learn_rate: 0.003333
epoch: 20 train_epoch_loss: 0.064248 learn_rate: 0.003333
epoch: 21 train_epoch_loss: 0.063785 learn_rate: 0.003333
epoch: 22 train_epoch_loss: 0.063992 learn_rate: 0.003333
epoch: 23 train_epoch_loss: 0.063693 learn_rate: 0.003333
epoch: 24 train_epoch_loss: 0.063771 learn_rate: 0.003333
epoch: 25 train_epoch_loss: 0.063374 learn_rate: 0.003333
epoch: 26 train_epoch_loss: 0.063347 learn_rate: 0.003333
epoch: 27 train_epoch_loss: 0.063164 learn_rate: 0.003333
epoch: 28 train_epoch_loss: 0.062793 learn_rate: 0.003333
epoch: 29 train_epoch_loss: 0.062594 learn_rate: 0.003333
epoch: 30 train_epoch_loss: 0.062547 learn_rate: 0.003333
epoch: 31 train_epoch_loss: 0.062511 learn_rate: 0.003333
epoch: 32 train_epoch_loss: 0.062233 learn_rate: 0.003333
epoch: 33 train_epoch_loss: 0.062142 learn_rate: 0.003333
epoch: 34 train_epoch_loss: 0.061708 learn_rate: 0.003333
epoch: 35 train_epoch_loss: 0.061809 learn_rate: 0.003333
epoch: 36 train_epoch_loss: 0.061702 learn_rate: 0.003333
epoch: 37 train_epoch_loss: 0.061738 learn_rate: 0.003333
epoch: 38 train_epoch_loss: 0.061924 learn_rate: 0.003333
epoch: 39 train_epoch_loss: 0.061151 learn_rate: 0.001111
epoch: 40 train_epoch_loss: 0.060946 learn_rate: 0.001111
epoch: 41 train_epoch_loss: 0.060821 learn_rate: 0.001111
epoch: 42 train_epoch_loss: 0.060734 learn_rate: 0.001111
epoch: 43 train_epoch_loss: 0.060651 learn_rate: 0.001111
epoch: 44 train_epoch_loss: 0.060565 learn_rate: 0.001111
epoch: 45 train_epoch_loss: 0.060699 learn_rate: 0.001111
epoch: 46 train_epoch_loss: 0.060447 learn_rate: 0.001111
epoch: 47 train_epoch_loss: 0.060554 learn_rate: 0.001111
epoch: 48 train_epoch_loss: 0.060400 learn_rate: 0.001111
epoch: 49 train_epoch_loss: 0.060309 learn_rate: 0.001111
epoch: 50 train_epoch_loss: 0.060217 learn_rate: 0.001111
epoch: 51 train_epoch_loss: 0.060175 learn_rate: 0.001111
epoch: 52 train_epoch_loss: 0.060200 learn_rate: 0.001111
epoch: 53 train_epoch_loss: 0.060076 learn_rate: 0.001111
epoch: 54 train_epoch_loss: 0.060148 learn_rate: 0.001111
epoch: 55 train_epoch_loss: 0.059983 learn_rate: 0.001111
epoch: 56 train_epoch_loss: 0.059918 learn_rate: 0.001111
epoch: 57 train_epoch_loss: 0.059895 learn_rate: 0.001111
epoch: 58 train_epoch_loss: 0.059861 learn_rate: 0.001111
epoch: 59 train_epoch_loss: 0.059794 learn_rate: 0.001111
epoch: 60 train_epoch_loss: 0.059745 learn_rate: 0.001111
epoch: 61 train_epoch_loss: 0.059621 learn_rate: 0.001111
epoch: 62 train_epoch_loss: 0.059532 learn_rate: 0.001111
epoch: 63 train_epoch_loss: 0.059585 learn_rate: 0.001111
epoch: 64 train_epoch_loss: 0.059494 learn_rate: 0.001111
epoch: 65 train_epoch_loss: 0.059356 learn_rate: 0.001111
epoch: 66 train_epoch_loss: 0.059390 learn_rate: 0.001111
epoch: 67 train_epoch_loss: 0.059420 learn_rate: 0.001111
epoch: 68 train_epoch_loss: 0.059230 learn_rate: 0.000370
epoch: 69 train_epoch_loss: 0.059174 learn_rate: 0.000370
epoch: 70 train_epoch_loss: 0.059112 learn_rate: 0.000370
epoch: 71 train_epoch_loss: 0.059090 learn_rate: 0.000370
epoch: 72 train_epoch_loss: 0.059072 learn_rate: 0.000370
epoch: 73 train_epoch_loss: 0.059063 learn_rate: 0.000370
epoch: 74 train_epoch_loss: 0.059022 learn_rate: 0.000370
epoch: 75 train_epoch_loss: 0.059001 learn_rate: 0.000370
epoch: 76 train_epoch_loss: 0.059003 learn_rate: 0.000370
epoch: 77 train_epoch_loss: 0.058962 learn_rate: 0.000370
epoch: 78 train_epoch_loss: 0.058961 learn_rate: 0.000370
epoch: 79 train_epoch_loss: 0.058917 learn_rate: 0.000370
epoch: 80 train_epoch_loss: 0.058911 learn_rate: 0.000370
epoch: 81 train_epoch_loss: 0.058877 learn_rate: 0.000370
epoch: 82 train_epoch_loss: 0.058870 learn_rate: 0.000370
epoch: 83 train_epoch_loss: 0.058870 learn_rate: 0.000370
epoch: 84 train_epoch_loss: 0.058875 learn_rate: 0.000370
epoch: 85 train_epoch_loss: 0.058823 learn_rate: 0.000123
epoch: 86 train_epoch_loss: 0.058799 learn_rate: 0.000123
epoch: 87 train_epoch_loss: 0.058802 learn_rate: 0.000123
epoch: 88 train_epoch_loss: 0.058778 learn_rate: 0.000123
epoch: 89 train_epoch_loss: 0.058788 learn_rate: 0.000123
epoch: 90 train_epoch_loss: 0.058771 learn_rate: 0.000123
epoch: 91 train_epoch_loss: 0.058770 learn_rate: 0.000123
epoch: 92 train_epoch_loss: 0.058751 learn_rate: 0.000123
epoch: 93 train_epoch_loss: 0.058741 learn_rate: 0.000123
epoch: 94 train_epoch_loss: 0.058744 learn_rate: 0.000123
epoch: 95 train_epoch_loss: 0.058730 learn_rate: 0.000123
epoch: 96 train_epoch_loss: 0.058736 learn_rate: 0.000123
epoch: 97 train_epoch_loss: 0.058710 learn_rate: 0.000123
epoch: 98 train_epoch_loss: 0.058725 learn_rate: 0.000123
epoch: 99 train_epoch_loss: 0.058728 learn_rate: 0.000123
epoch: 100 train_epoch_loss: 0.058690 learn_rate: 0.000041
epoch: 101 train_epoch_loss: 0.058711 learn_rate: 0.000041
epoch: 102 train_epoch_loss: 0.058713 learn_rate: 0.000041
epoch: 103 train_epoch_loss: 0.058695 learn_rate: 0.000014
epoch: 104 train_epoch_loss: 0.058686 learn_rate: 0.000014
epoch: 105 train_epoch_loss: 0.058712 learn_rate: 0.000014
epoch: 106 train_epoch_loss: 0.058700 learn_rate: 0.000014
epoch: 107 train_epoch_loss: 0.058694 learn_rate: 0.000005
epoch: 108 train_epoch_loss: 0.058705 learn_rate: 0.000005
epoch: 109 train_epoch_loss: 0.058700 learn_rate: 0.000002
epoch: 110 train_epoch_loss: 0.058671 learn_rate: 0.000002
epoch: 111 train_epoch_loss: 0.058690 learn_rate: 0.000002
epoch: 112 train_epoch_loss: 0.058690 learn_rate: 0.000002
epoch: 113 train_epoch_loss: 0.058693 learn_rate: 0.000001
epoch: 114 train_epoch_loss: 0.058685 learn_rate: 0.000001
