Fri Apr 28 00:52:37 2023
data_dict: {'mean': array([53.83709 , 59.7799  , 65.64548 , 71.68239 , 74.67547 , 75.48911 ,
       82.907524, 68.72418 ], dtype=float32), 'std': array([ 3.2879689,  5.2169957,  7.234304 ,  9.1760235, 10.414158 ,
        7.4774494,  7.7762947,  6.3169813], dtype=float32), 'classWeights': array([1.4679539, 5.952565 , 7.592226 ], dtype=float32), 'img_shape': (256, 256, 8)}
epoch: 1 iter: 1 train_iter_loss: 0.247531 learn_rate: 0.005000 
epoch: 1 iter: 2 train_iter_loss: 0.211848 learn_rate: 0.005000 
epoch: 1 iter: 3 train_iter_loss: 0.181947 learn_rate: 0.005000 
epoch: 1 iter: 4 train_iter_loss: 0.160920 learn_rate: 0.005000 
epoch: 1 iter: 5 train_iter_loss: 0.164253 learn_rate: 0.005000 
epoch: 1 iter: 6 train_iter_loss: 0.147974 learn_rate: 0.005000 
epoch: 1 iter: 7 train_iter_loss: 0.143388 learn_rate: 0.005000 
epoch: 1 iter: 8 train_iter_loss: 0.180669 learn_rate: 0.005000 
epoch: 1 iter: 9 train_iter_loss: 0.139279 learn_rate: 0.005000 
epoch: 1 iter: 10 train_iter_loss: 0.155217 learn_rate: 0.005000 
epoch: 1 iter: 11 train_iter_loss: 0.131867 learn_rate: 0.005000 
epoch: 1 iter: 12 train_iter_loss: 0.124269 learn_rate: 0.005000 
epoch: 1 iter: 13 train_iter_loss: 0.126222 learn_rate: 0.005000 
epoch: 1 iter: 14 train_iter_loss: 0.119592 learn_rate: 0.005000 
epoch: 1 iter: 15 train_iter_loss: 0.116192 learn_rate: 0.005000 
epoch: 1 iter: 16 train_iter_loss: 0.118496 learn_rate: 0.005000 
epoch: 1 iter: 17 train_iter_loss: 0.109317 learn_rate: 0.005000 
epoch: 1 iter: 18 train_iter_loss: 0.102076 learn_rate: 0.005000 
epoch: 1 iter: 19 train_iter_loss: 0.097489 learn_rate: 0.005000 
epoch: 1 iter: 20 train_iter_loss: 0.095945 learn_rate: 0.005000 
epoch: 1 iter: 21 train_iter_loss: 0.095374 learn_rate: 0.005000 
epoch: 1 iter: 22 train_iter_loss: 0.099254 learn_rate: 0.005000 
epoch: 1 iter: 23 train_iter_loss: 0.089326 learn_rate: 0.005000 
epoch: 1 iter: 24 train_iter_loss: 0.088626 learn_rate: 0.005000 
epoch: 1 iter: 25 train_iter_loss: 0.084674 learn_rate: 0.005000 
epoch: 1 iter: 26 train_iter_loss: 0.087476 learn_rate: 0.005000 
epoch: 1 iter: 27 train_iter_loss: 0.102414 learn_rate: 0.005000 
epoch: 1 iter: 28 train_iter_loss: 0.089926 learn_rate: 0.005000 
epoch: 1 iter: 29 train_iter_loss: 0.095029 learn_rate: 0.005000 
epoch: 1 iter: 30 train_iter_loss: 0.085082 learn_rate: 0.005000 
epoch: 1 iter: 31 train_iter_loss: 0.081341 learn_rate: 0.005000 
epoch: 1 iter: 32 train_iter_loss: 0.101033 learn_rate: 0.005000 
epoch: 1 iter: 33 train_iter_loss: 0.092908 learn_rate: 0.005000 
epoch: 1 iter: 34 train_iter_loss: 0.083165 learn_rate: 0.005000 
epoch: 1 iter: 35 train_iter_loss: 0.091236 learn_rate: 0.005000 
epoch: 1 iter: 36 train_iter_loss: 0.078144 learn_rate: 0.005000 
epoch: 1 iter: 37 train_iter_loss: 0.074564 learn_rate: 0.005000 
epoch: 1 iter: 38 train_iter_loss: 0.085139 learn_rate: 0.005000 
epoch: 1 iter: 39 train_iter_loss: 0.073540 learn_rate: 0.005000 
epoch: 1 iter: 40 train_iter_loss: 0.086519 learn_rate: 0.005000 
epoch: 1 iter: 41 train_iter_loss: 0.080789 learn_rate: 0.005000 
epoch: 1 iter: 42 train_iter_loss: 0.082588 learn_rate: 0.005000 
epoch: 1 iter: 43 train_iter_loss: 0.074866 learn_rate: 0.005000 
epoch: 1 iter: 44 train_iter_loss: 0.080017 learn_rate: 0.005000 
epoch: 1 iter: 45 train_iter_loss: 0.073628 learn_rate: 0.005000 
epoch: 1 train_epoch_loss: 0.111803 learn_rate: 0.005000 test_p: 0.598705 test_r: 0.527920 test_f: 0.560485
epoch: 2 iter: 1 train_iter_loss: 0.096696 learn_rate: 0.005000 
epoch: 2 iter: 2 train_iter_loss: 0.136086 learn_rate: 0.005000 
epoch: 2 iter: 3 train_iter_loss: 0.120386 learn_rate: 0.005000 
epoch: 2 iter: 4 train_iter_loss: 0.122367 learn_rate: 0.005000 
epoch: 2 iter: 5 train_iter_loss: 0.127829 learn_rate: 0.005000 
epoch: 2 iter: 6 train_iter_loss: 0.122045 learn_rate: 0.005000 
epoch: 2 iter: 7 train_iter_loss: 0.084298 learn_rate: 0.005000 
epoch: 2 iter: 8 train_iter_loss: 0.122778 learn_rate: 0.005000 
epoch: 2 iter: 9 train_iter_loss: 0.093842 learn_rate: 0.005000 
epoch: 2 iter: 10 train_iter_loss: 0.101035 learn_rate: 0.005000 
epoch: 2 iter: 11 train_iter_loss: 0.100945 learn_rate: 0.005000 
epoch: 2 iter: 12 train_iter_loss: 0.101190 learn_rate: 0.005000 
epoch: 2 iter: 13 train_iter_loss: 0.114096 learn_rate: 0.005000 
epoch: 2 iter: 14 train_iter_loss: 0.090991 learn_rate: 0.005000 
epoch: 2 iter: 15 train_iter_loss: 0.112672 learn_rate: 0.005000 
epoch: 2 iter: 16 train_iter_loss: 0.104706 learn_rate: 0.005000 
epoch: 2 iter: 17 train_iter_loss: 0.095813 learn_rate: 0.005000 
epoch: 2 iter: 18 train_iter_loss: 0.100262 learn_rate: 0.005000 
epoch: 2 iter: 19 train_iter_loss: 0.088244 learn_rate: 0.005000 
epoch: 2 iter: 20 train_iter_loss: 0.090942 learn_rate: 0.005000 
epoch: 2 iter: 21 train_iter_loss: 0.078586 learn_rate: 0.005000 
epoch: 2 iter: 22 train_iter_loss: 0.127616 learn_rate: 0.005000 
epoch: 2 iter: 23 train_iter_loss: 0.087722 learn_rate: 0.005000 
epoch: 2 iter: 24 train_iter_loss: 0.085128 learn_rate: 0.005000 
epoch: 2 iter: 25 train_iter_loss: 0.085873 learn_rate: 0.005000 
epoch: 2 iter: 26 train_iter_loss: 0.097263 learn_rate: 0.005000 
epoch: 2 iter: 27 train_iter_loss: 0.089993 learn_rate: 0.005000 
epoch: 2 iter: 28 train_iter_loss: 0.117444 learn_rate: 0.005000 
epoch: 2 iter: 29 train_iter_loss: 0.089021 learn_rate: 0.005000 
epoch: 2 iter: 30 train_iter_loss: 0.084324 learn_rate: 0.005000 
epoch: 2 iter: 31 train_iter_loss: 0.088940 learn_rate: 0.005000 
epoch: 2 iter: 32 train_iter_loss: 0.097057 learn_rate: 0.005000 
epoch: 2 iter: 33 train_iter_loss: 0.093473 learn_rate: 0.005000 
epoch: 2 iter: 34 train_iter_loss: 0.099391 learn_rate: 0.005000 
epoch: 2 iter: 35 train_iter_loss: 0.094582 learn_rate: 0.005000 
epoch: 2 iter: 36 train_iter_loss: 0.084747 learn_rate: 0.005000 
epoch: 2 iter: 37 train_iter_loss: 0.078438 learn_rate: 0.005000 
epoch: 2 iter: 38 train_iter_loss: 0.080143 learn_rate: 0.005000 
epoch: 2 iter: 39 train_iter_loss: 0.079553 learn_rate: 0.005000 
epoch: 2 iter: 40 train_iter_loss: 0.092316 learn_rate: 0.005000 
epoch: 2 iter: 41 train_iter_loss: 0.091529 learn_rate: 0.005000 
epoch: 2 iter: 42 train_iter_loss: 0.104353 learn_rate: 0.005000 
epoch: 2 iter: 43 train_iter_loss: 0.094597 learn_rate: 0.005000 
epoch: 2 iter: 44 train_iter_loss: 0.091937 learn_rate: 0.005000 
epoch: 2 iter: 45 train_iter_loss: 0.087433 learn_rate: 0.005000 
epoch: 2 train_epoch_loss: 0.098415 learn_rate: 0.005000 test_p: 0.703072 test_r: 0.639835 test_f: 0.668462
epoch: 3 iter: 1 train_iter_loss: 0.098327 learn_rate: 0.005000 
epoch: 3 iter: 2 train_iter_loss: 0.081164 learn_rate: 0.005000 
epoch: 3 iter: 3 train_iter_loss: 0.093330 learn_rate: 0.005000 
epoch: 3 iter: 4 train_iter_loss: 0.091890 learn_rate: 0.005000 
epoch: 3 iter: 5 train_iter_loss: 0.087262 learn_rate: 0.005000 
epoch: 3 iter: 6 train_iter_loss: 0.087113 learn_rate: 0.005000 
epoch: 3 iter: 7 train_iter_loss: 0.078089 learn_rate: 0.005000 
epoch: 3 iter: 8 train_iter_loss: 0.094069 learn_rate: 0.005000 
epoch: 3 iter: 9 train_iter_loss: 0.083341 learn_rate: 0.005000 
epoch: 3 iter: 10 train_iter_loss: 0.090745 learn_rate: 0.005000 
epoch: 3 iter: 11 train_iter_loss: 0.079756 learn_rate: 0.005000 
epoch: 3 iter: 12 train_iter_loss: 0.087196 learn_rate: 0.005000 
epoch: 3 iter: 13 train_iter_loss: 0.071158 learn_rate: 0.005000 
epoch: 3 iter: 14 train_iter_loss: 0.079066 learn_rate: 0.005000 
epoch: 3 iter: 15 train_iter_loss: 0.079458 learn_rate: 0.005000 
epoch: 3 iter: 16 train_iter_loss: 0.088025 learn_rate: 0.005000 
epoch: 3 iter: 17 train_iter_loss: 0.074037 learn_rate: 0.005000 
epoch: 3 iter: 18 train_iter_loss: 0.073867 learn_rate: 0.005000 
epoch: 3 iter: 19 train_iter_loss: 0.074963 learn_rate: 0.005000 
epoch: 3 iter: 20 train_iter_loss: 0.081350 learn_rate: 0.005000 
epoch: 3 iter: 21 train_iter_loss: 0.080047 learn_rate: 0.005000 
epoch: 3 iter: 22 train_iter_loss: 0.077000 learn_rate: 0.005000 
epoch: 3 iter: 23 train_iter_loss: 0.079233 learn_rate: 0.005000 
epoch: 3 iter: 24 train_iter_loss: 0.083578 learn_rate: 0.005000 
epoch: 3 iter: 25 train_iter_loss: 0.085249 learn_rate: 0.005000 
epoch: 3 iter: 26 train_iter_loss: 0.085885 learn_rate: 0.005000 
epoch: 3 iter: 27 train_iter_loss: 0.082719 learn_rate: 0.005000 
epoch: 3 iter: 28 train_iter_loss: 0.077083 learn_rate: 0.005000 
epoch: 3 iter: 29 train_iter_loss: 0.071718 learn_rate: 0.005000 
epoch: 3 iter: 30 train_iter_loss: 0.082082 learn_rate: 0.005000 
epoch: 3 iter: 31 train_iter_loss: 0.082765 learn_rate: 0.005000 
epoch: 3 iter: 32 train_iter_loss: 0.092732 learn_rate: 0.005000 
epoch: 3 iter: 33 train_iter_loss: 0.077668 learn_rate: 0.005000 
epoch: 3 iter: 34 train_iter_loss: 0.088035 learn_rate: 0.005000 
epoch: 3 iter: 35 train_iter_loss: 0.087602 learn_rate: 0.005000 
epoch: 3 iter: 36 train_iter_loss: 0.076412 learn_rate: 0.005000 
epoch: 3 iter: 37 train_iter_loss: 0.067117 learn_rate: 0.005000 
epoch: 3 iter: 38 train_iter_loss: 0.085547 learn_rate: 0.005000 
epoch: 3 iter: 39 train_iter_loss: 0.076089 learn_rate: 0.005000 
epoch: 3 iter: 40 train_iter_loss: 0.072988 learn_rate: 0.005000 
epoch: 3 iter: 41 train_iter_loss: 0.071746 learn_rate: 0.005000 
epoch: 3 iter: 42 train_iter_loss: 0.066452 learn_rate: 0.005000 
epoch: 3 iter: 43 train_iter_loss: 0.072448 learn_rate: 0.005000 
epoch: 3 iter: 44 train_iter_loss: 0.071976 learn_rate: 0.005000 
epoch: 3 iter: 45 train_iter_loss: 0.071331 learn_rate: 0.005000 
epoch: 3 train_epoch_loss: 0.080882 learn_rate: 0.005000 test_p: 0.766025 test_r: 0.673782 test_f: 0.715961
epoch: 4 iter: 1 train_iter_loss: 0.076142 learn_rate: 0.005000 
epoch: 4 iter: 2 train_iter_loss: 0.081625 learn_rate: 0.005000 
epoch: 4 iter: 3 train_iter_loss: 0.073976 learn_rate: 0.005000 
epoch: 4 iter: 4 train_iter_loss: 0.073495 learn_rate: 0.005000 
epoch: 4 iter: 5 train_iter_loss: 0.082519 learn_rate: 0.005000 
epoch: 4 iter: 6 train_iter_loss: 0.077953 learn_rate: 0.005000 
epoch: 4 iter: 7 train_iter_loss: 0.065772 learn_rate: 0.005000 
epoch: 4 iter: 8 train_iter_loss: 0.073047 learn_rate: 0.005000 
epoch: 4 iter: 9 train_iter_loss: 0.072627 learn_rate: 0.005000 
epoch: 4 iter: 10 train_iter_loss: 0.076554 learn_rate: 0.005000 
epoch: 4 iter: 11 train_iter_loss: 0.071279 learn_rate: 0.005000 
epoch: 4 iter: 12 train_iter_loss: 0.083506 learn_rate: 0.005000 
epoch: 4 iter: 13 train_iter_loss: 0.079119 learn_rate: 0.005000 
epoch: 4 iter: 14 train_iter_loss: 0.079014 learn_rate: 0.005000 
epoch: 4 iter: 15 train_iter_loss: 0.076950 learn_rate: 0.005000 
epoch: 4 iter: 16 train_iter_loss: 0.078177 learn_rate: 0.005000 
epoch: 4 iter: 17 train_iter_loss: 0.072905 learn_rate: 0.005000 
epoch: 4 iter: 18 train_iter_loss: 0.072920 learn_rate: 0.005000 
epoch: 4 iter: 19 train_iter_loss: 0.064917 learn_rate: 0.005000 
epoch: 4 iter: 20 train_iter_loss: 0.074971 learn_rate: 0.005000 
epoch: 4 iter: 21 train_iter_loss: 0.067491 learn_rate: 0.005000 
epoch: 4 iter: 22 train_iter_loss: 0.078201 learn_rate: 0.005000 
epoch: 4 iter: 23 train_iter_loss: 0.069825 learn_rate: 0.005000 
epoch: 4 iter: 24 train_iter_loss: 0.070051 learn_rate: 0.005000 
epoch: 4 iter: 25 train_iter_loss: 0.072669 learn_rate: 0.005000 
epoch: 4 iter: 26 train_iter_loss: 0.069212 learn_rate: 0.005000 
epoch: 4 iter: 27 train_iter_loss: 0.070697 learn_rate: 0.005000 
epoch: 4 iter: 28 train_iter_loss: 0.073125 learn_rate: 0.005000 
epoch: 4 iter: 29 train_iter_loss: 0.070919 learn_rate: 0.005000 
epoch: 4 iter: 30 train_iter_loss: 0.066130 learn_rate: 0.005000 
epoch: 4 iter: 31 train_iter_loss: 0.077457 learn_rate: 0.005000 
epoch: 4 iter: 32 train_iter_loss: 0.067712 learn_rate: 0.005000 
epoch: 4 iter: 33 train_iter_loss: 0.065832 learn_rate: 0.005000 
epoch: 4 iter: 34 train_iter_loss: 0.070542 learn_rate: 0.005000 
epoch: 4 iter: 35 train_iter_loss: 0.067802 learn_rate: 0.005000 
epoch: 4 iter: 36 train_iter_loss: 0.065672 learn_rate: 0.005000 
epoch: 4 iter: 37 train_iter_loss: 0.072873 learn_rate: 0.005000 
epoch: 4 iter: 38 train_iter_loss: 0.069797 learn_rate: 0.005000 
epoch: 4 iter: 39 train_iter_loss: 0.069295 learn_rate: 0.005000 
epoch: 4 iter: 40 train_iter_loss: 0.072436 learn_rate: 0.005000 
epoch: 4 iter: 41 train_iter_loss: 0.064725 learn_rate: 0.005000 
epoch: 4 iter: 42 train_iter_loss: 0.070808 learn_rate: 0.005000 
epoch: 4 iter: 43 train_iter_loss: 0.062118 learn_rate: 0.005000 
epoch: 4 iter: 44 train_iter_loss: 0.070581 learn_rate: 0.005000 
epoch: 4 iter: 45 train_iter_loss: 0.069006 learn_rate: 0.005000 
epoch: 4 train_epoch_loss: 0.072277 learn_rate: 0.005000 test_p: 0.760404 test_r: 0.592414 test_f: 0.660285
epoch: 5 iter: 1 train_iter_loss: 0.067264 learn_rate: 0.005000 
epoch: 5 iter: 2 train_iter_loss: 0.068698 learn_rate: 0.005000 
epoch: 5 iter: 3 train_iter_loss: 0.071147 learn_rate: 0.005000 
epoch: 5 iter: 4 train_iter_loss: 0.074180 learn_rate: 0.005000 
epoch: 5 iter: 5 train_iter_loss: 0.069789 learn_rate: 0.005000 
epoch: 5 iter: 6 train_iter_loss: 0.069338 learn_rate: 0.005000 
epoch: 5 iter: 7 train_iter_loss: 0.070586 learn_rate: 0.005000 
epoch: 5 iter: 8 train_iter_loss: 0.065577 learn_rate: 0.005000 
epoch: 5 iter: 9 train_iter_loss: 0.067185 learn_rate: 0.005000 
epoch: 5 iter: 10 train_iter_loss: 0.068380 learn_rate: 0.005000 
epoch: 5 iter: 11 train_iter_loss: 0.065614 learn_rate: 0.005000 
epoch: 5 iter: 12 train_iter_loss: 0.069183 learn_rate: 0.005000 
epoch: 5 iter: 13 train_iter_loss: 0.069057 learn_rate: 0.005000 
epoch: 5 iter: 14 train_iter_loss: 0.069276 learn_rate: 0.005000 
epoch: 5 iter: 15 train_iter_loss: 0.080341 learn_rate: 0.005000 
epoch: 5 iter: 16 train_iter_loss: 0.069490 learn_rate: 0.005000 
epoch: 5 iter: 17 train_iter_loss: 0.067803 learn_rate: 0.005000 
epoch: 5 iter: 18 train_iter_loss: 0.065280 learn_rate: 0.005000 
epoch: 5 iter: 19 train_iter_loss: 0.066013 learn_rate: 0.005000 
epoch: 5 iter: 20 train_iter_loss: 0.064396 learn_rate: 0.005000 
epoch: 5 iter: 21 train_iter_loss: 0.068033 learn_rate: 0.005000 
epoch: 5 iter: 22 train_iter_loss: 0.063541 learn_rate: 0.005000 
epoch: 5 iter: 23 train_iter_loss: 0.069207 learn_rate: 0.005000 
epoch: 5 iter: 24 train_iter_loss: 0.069253 learn_rate: 0.005000 
epoch: 5 iter: 25 train_iter_loss: 0.068058 learn_rate: 0.005000 
epoch: 5 iter: 26 train_iter_loss: 0.073162 learn_rate: 0.005000 
epoch: 5 iter: 27 train_iter_loss: 0.067924 learn_rate: 0.005000 
epoch: 5 iter: 28 train_iter_loss: 0.067434 learn_rate: 0.005000 
epoch: 5 iter: 29 train_iter_loss: 0.086201 learn_rate: 0.005000 
epoch: 5 iter: 30 train_iter_loss: 0.069222 learn_rate: 0.005000 
epoch: 5 iter: 31 train_iter_loss: 0.072767 learn_rate: 0.005000 
epoch: 5 iter: 32 train_iter_loss: 0.069185 learn_rate: 0.005000 
epoch: 5 iter: 33 train_iter_loss: 0.070700 learn_rate: 0.005000 
epoch: 5 iter: 34 train_iter_loss: 0.072660 learn_rate: 0.005000 
epoch: 5 iter: 35 train_iter_loss: 0.075680 learn_rate: 0.005000 
epoch: 5 iter: 36 train_iter_loss: 0.069702 learn_rate: 0.005000 
epoch: 5 iter: 37 train_iter_loss: 0.063374 learn_rate: 0.005000 
epoch: 5 iter: 38 train_iter_loss: 0.072152 learn_rate: 0.005000 
epoch: 5 iter: 39 train_iter_loss: 0.068876 learn_rate: 0.005000 
epoch: 5 iter: 40 train_iter_loss: 0.073660 learn_rate: 0.005000 
epoch: 5 iter: 41 train_iter_loss: 0.067152 learn_rate: 0.005000 
epoch: 5 iter: 42 train_iter_loss: 0.064007 learn_rate: 0.005000 
epoch: 5 iter: 43 train_iter_loss: 0.070265 learn_rate: 0.005000 
epoch: 5 iter: 44 train_iter_loss: 0.068210 learn_rate: 0.005000 
epoch: 5 iter: 45 train_iter_loss: 0.075162 learn_rate: 0.005000 
epoch: 5 train_epoch_loss: 0.069649 learn_rate: 0.005000 test_p: 0.421770 test_r: 0.523079 test_f: 0.456833
epoch: 6 iter: 1 train_iter_loss: 0.071355 learn_rate: 0.005000 
epoch: 6 iter: 2 train_iter_loss: 0.065881 learn_rate: 0.005000 
epoch: 6 iter: 3 train_iter_loss: 0.067924 learn_rate: 0.005000 
epoch: 6 iter: 4 train_iter_loss: 0.066684 learn_rate: 0.005000 
epoch: 6 iter: 5 train_iter_loss: 0.078343 learn_rate: 0.005000 
epoch: 6 iter: 6 train_iter_loss: 0.070042 learn_rate: 0.005000 
epoch: 6 iter: 7 train_iter_loss: 0.070548 learn_rate: 0.005000 
epoch: 6 iter: 8 train_iter_loss: 0.068400 learn_rate: 0.005000 
epoch: 6 iter: 9 train_iter_loss: 0.066164 learn_rate: 0.005000 
epoch: 6 iter: 10 train_iter_loss: 0.068903 learn_rate: 0.005000 
epoch: 6 iter: 11 train_iter_loss: 0.072336 learn_rate: 0.005000 
epoch: 6 iter: 12 train_iter_loss: 0.072513 learn_rate: 0.005000 
epoch: 6 iter: 13 train_iter_loss: 0.066712 learn_rate: 0.005000 
epoch: 6 iter: 14 train_iter_loss: 0.066615 learn_rate: 0.005000 
epoch: 6 iter: 15 train_iter_loss: 0.070313 learn_rate: 0.005000 
epoch: 6 iter: 16 train_iter_loss: 0.066446 learn_rate: 0.005000 
epoch: 6 iter: 17 train_iter_loss: 0.069200 learn_rate: 0.005000 
epoch: 6 iter: 18 train_iter_loss: 0.067831 learn_rate: 0.005000 
epoch: 6 iter: 19 train_iter_loss: 0.071647 learn_rate: 0.005000 
epoch: 6 iter: 20 train_iter_loss: 0.067929 learn_rate: 0.005000 
epoch: 6 iter: 21 train_iter_loss: 0.069309 learn_rate: 0.005000 
epoch: 6 iter: 22 train_iter_loss: 0.068454 learn_rate: 0.005000 
epoch: 6 iter: 23 train_iter_loss: 0.066316 learn_rate: 0.005000 
epoch: 6 iter: 24 train_iter_loss: 0.066080 learn_rate: 0.005000 
epoch: 6 iter: 25 train_iter_loss: 0.070071 learn_rate: 0.005000 
epoch: 6 iter: 26 train_iter_loss: 0.066831 learn_rate: 0.005000 
epoch: 6 iter: 27 train_iter_loss: 0.067370 learn_rate: 0.005000 
epoch: 6 iter: 28 train_iter_loss: 0.066636 learn_rate: 0.005000 
epoch: 6 iter: 29 train_iter_loss: 0.065126 learn_rate: 0.005000 
epoch: 6 iter: 30 train_iter_loss: 0.081379 learn_rate: 0.005000 
epoch: 6 iter: 31 train_iter_loss: 0.070993 learn_rate: 0.005000 
epoch: 6 iter: 32 train_iter_loss: 0.064565 learn_rate: 0.005000 
epoch: 6 iter: 33 train_iter_loss: 0.074400 learn_rate: 0.005000 
epoch: 6 iter: 34 train_iter_loss: 0.072536 learn_rate: 0.005000 
epoch: 6 iter: 35 train_iter_loss: 0.072810 learn_rate: 0.005000 
epoch: 6 iter: 36 train_iter_loss: 0.067086 learn_rate: 0.005000 
epoch: 6 iter: 37 train_iter_loss: 0.070774 learn_rate: 0.005000 
epoch: 6 iter: 38 train_iter_loss: 0.064467 learn_rate: 0.005000 
epoch: 6 iter: 39 train_iter_loss: 0.070113 learn_rate: 0.005000 
epoch: 6 iter: 40 train_iter_loss: 0.066433 learn_rate: 0.005000 
epoch: 6 iter: 41 train_iter_loss: 0.070984 learn_rate: 0.005000 
epoch: 6 iter: 42 train_iter_loss: 0.065144 learn_rate: 0.005000 
epoch: 6 iter: 43 train_iter_loss: 0.067894 learn_rate: 0.005000 
epoch: 6 iter: 44 train_iter_loss: 0.063971 learn_rate: 0.005000 
epoch: 6 iter: 45 train_iter_loss: 0.070203 learn_rate: 0.005000 
epoch: 6 train_epoch_loss: 0.069016 learn_rate: 0.005000 test_p: 0.674678 test_r: 0.628165 test_f: 0.648692
epoch: 7 iter: 1 train_iter_loss: 0.066259 learn_rate: 0.005000 
epoch: 7 iter: 2 train_iter_loss: 0.062055 learn_rate: 0.005000 
epoch: 7 iter: 3 train_iter_loss: 0.067644 learn_rate: 0.005000 
epoch: 7 iter: 4 train_iter_loss: 0.064475 learn_rate: 0.005000 
epoch: 7 iter: 5 train_iter_loss: 0.077302 learn_rate: 0.005000 
epoch: 7 iter: 6 train_iter_loss: 0.063152 learn_rate: 0.005000 
epoch: 7 iter: 7 train_iter_loss: 0.065431 learn_rate: 0.005000 
epoch: 7 iter: 8 train_iter_loss: 0.064539 learn_rate: 0.005000 
epoch: 7 iter: 9 train_iter_loss: 0.063778 learn_rate: 0.005000 
epoch: 7 iter: 10 train_iter_loss: 0.068300 learn_rate: 0.005000 
epoch: 7 iter: 11 train_iter_loss: 0.063319 learn_rate: 0.005000 
epoch: 7 iter: 12 train_iter_loss: 0.062671 learn_rate: 0.005000 
epoch: 7 iter: 13 train_iter_loss: 0.062635 learn_rate: 0.005000 
epoch: 7 iter: 14 train_iter_loss: 0.064620 learn_rate: 0.005000 
epoch: 7 iter: 15 train_iter_loss: 0.062594 learn_rate: 0.005000 
epoch: 7 iter: 16 train_iter_loss: 0.066293 learn_rate: 0.005000 
epoch: 7 iter: 17 train_iter_loss: 0.065286 learn_rate: 0.005000 
epoch: 7 iter: 18 train_iter_loss: 0.066903 learn_rate: 0.005000 
epoch: 7 iter: 19 train_iter_loss: 0.063996 learn_rate: 0.005000 
epoch: 7 iter: 20 train_iter_loss: 0.065141 learn_rate: 0.005000 
epoch: 7 iter: 21 train_iter_loss: 0.063182 learn_rate: 0.005000 
epoch: 7 iter: 22 train_iter_loss: 0.063472 learn_rate: 0.005000 
epoch: 7 iter: 23 train_iter_loss: 0.070571 learn_rate: 0.005000 
epoch: 7 iter: 24 train_iter_loss: 0.061902 learn_rate: 0.005000 
epoch: 7 iter: 25 train_iter_loss: 0.065721 learn_rate: 0.005000 
epoch: 7 iter: 26 train_iter_loss: 0.066053 learn_rate: 0.005000 
epoch: 7 iter: 27 train_iter_loss: 0.062553 learn_rate: 0.005000 
epoch: 7 iter: 28 train_iter_loss: 0.067509 learn_rate: 0.005000 
epoch: 7 iter: 29 train_iter_loss: 0.061983 learn_rate: 0.005000 
epoch: 7 iter: 30 train_iter_loss: 0.063027 learn_rate: 0.005000 
epoch: 7 iter: 31 train_iter_loss: 0.066209 learn_rate: 0.005000 
epoch: 7 iter: 32 train_iter_loss: 0.070677 learn_rate: 0.005000 
epoch: 7 iter: 33 train_iter_loss: 0.067105 learn_rate: 0.005000 
epoch: 7 iter: 34 train_iter_loss: 0.063329 learn_rate: 0.005000 
epoch: 7 iter: 35 train_iter_loss: 0.067345 learn_rate: 0.005000 
epoch: 7 iter: 36 train_iter_loss: 0.064420 learn_rate: 0.005000 
epoch: 7 iter: 37 train_iter_loss: 0.067737 learn_rate: 0.005000 
epoch: 7 iter: 38 train_iter_loss: 0.064816 learn_rate: 0.005000 
epoch: 7 iter: 39 train_iter_loss: 0.068845 learn_rate: 0.005000 
epoch: 7 iter: 40 train_iter_loss: 0.063860 learn_rate: 0.005000 
epoch: 7 iter: 41 train_iter_loss: 0.065566 learn_rate: 0.005000 
epoch: 7 iter: 42 train_iter_loss: 0.065492 learn_rate: 0.005000 
epoch: 7 iter: 43 train_iter_loss: 0.065710 learn_rate: 0.005000 
epoch: 7 iter: 44 train_iter_loss: 0.064927 learn_rate: 0.005000 
epoch: 7 iter: 45 train_iter_loss: 0.066898 learn_rate: 0.005000 
epoch: 7 train_epoch_loss: 0.065451 learn_rate: 0.005000 test_p: 0.777560 test_r: 0.696374 test_f: 0.733304
epoch: 8 iter: 1 train_iter_loss: 0.060934 learn_rate: 0.005000 
epoch: 8 iter: 2 train_iter_loss: 0.063344 learn_rate: 0.005000 
epoch: 8 iter: 3 train_iter_loss: 0.069362 learn_rate: 0.005000 
epoch: 8 iter: 4 train_iter_loss: 0.064630 learn_rate: 0.005000 
epoch: 8 iter: 5 train_iter_loss: 0.066374 learn_rate: 0.005000 
epoch: 8 iter: 6 train_iter_loss: 0.065087 learn_rate: 0.005000 
epoch: 8 iter: 7 train_iter_loss: 0.063535 learn_rate: 0.005000 
epoch: 8 iter: 8 train_iter_loss: 0.063132 learn_rate: 0.005000 
epoch: 8 iter: 9 train_iter_loss: 0.062636 learn_rate: 0.005000 
epoch: 8 iter: 10 train_iter_loss: 0.068146 learn_rate: 0.005000 
epoch: 8 iter: 11 train_iter_loss: 0.061057 learn_rate: 0.005000 
epoch: 8 iter: 12 train_iter_loss: 0.064103 learn_rate: 0.005000 
epoch: 8 iter: 13 train_iter_loss: 0.066342 learn_rate: 0.005000 
epoch: 8 iter: 14 train_iter_loss: 0.063372 learn_rate: 0.005000 
epoch: 8 iter: 15 train_iter_loss: 0.066037 learn_rate: 0.005000 
epoch: 8 iter: 16 train_iter_loss: 0.065241 learn_rate: 0.005000 
epoch: 8 iter: 17 train_iter_loss: 0.065015 learn_rate: 0.005000 
epoch: 8 iter: 18 train_iter_loss: 0.067919 learn_rate: 0.005000 
epoch: 8 iter: 19 train_iter_loss: 0.063815 learn_rate: 0.005000 
epoch: 8 iter: 20 train_iter_loss: 0.063807 learn_rate: 0.005000 
epoch: 8 iter: 21 train_iter_loss: 0.066936 learn_rate: 0.005000 
epoch: 8 iter: 22 train_iter_loss: 0.061181 learn_rate: 0.005000 
epoch: 8 iter: 23 train_iter_loss: 0.063054 learn_rate: 0.005000 
epoch: 8 iter: 24 train_iter_loss: 0.071499 learn_rate: 0.005000 
epoch: 8 iter: 25 train_iter_loss: 0.069301 learn_rate: 0.005000 
epoch: 8 iter: 26 train_iter_loss: 0.066953 learn_rate: 0.005000 
epoch: 8 iter: 27 train_iter_loss: 0.068311 learn_rate: 0.005000 
epoch: 8 iter: 28 train_iter_loss: 0.064539 learn_rate: 0.005000 
epoch: 8 iter: 29 train_iter_loss: 0.062630 learn_rate: 0.005000 
epoch: 8 iter: 30 train_iter_loss: 0.068619 learn_rate: 0.005000 
epoch: 8 iter: 31 train_iter_loss: 0.065976 learn_rate: 0.005000 
epoch: 8 iter: 32 train_iter_loss: 0.062746 learn_rate: 0.005000 
epoch: 8 iter: 33 train_iter_loss: 0.066961 learn_rate: 0.005000 
epoch: 8 iter: 34 train_iter_loss: 0.064330 learn_rate: 0.005000 
epoch: 8 iter: 35 train_iter_loss: 0.068838 learn_rate: 0.005000 
epoch: 8 iter: 36 train_iter_loss: 0.065238 learn_rate: 0.005000 
epoch: 8 iter: 37 train_iter_loss: 0.065703 learn_rate: 0.005000 
epoch: 8 iter: 38 train_iter_loss: 0.066196 learn_rate: 0.005000 
epoch: 8 iter: 39 train_iter_loss: 0.061661 learn_rate: 0.005000 
epoch: 8 iter: 40 train_iter_loss: 0.068410 learn_rate: 0.005000 
epoch: 8 iter: 41 train_iter_loss: 0.058771 learn_rate: 0.005000 
epoch: 8 iter: 42 train_iter_loss: 0.063567 learn_rate: 0.005000 
epoch: 8 iter: 43 train_iter_loss: 0.063181 learn_rate: 0.005000 
epoch: 8 iter: 44 train_iter_loss: 0.064865 learn_rate: 0.005000 
epoch: 8 iter: 45 train_iter_loss: 0.064438 learn_rate: 0.005000 
epoch: 8 train_epoch_loss: 0.065062 learn_rate: 0.005000 test_p: 0.771499 test_r: 0.701981 test_f: 0.734564
epoch: 9 iter: 1 train_iter_loss: 0.064208 learn_rate: 0.005000 
epoch: 9 iter: 2 train_iter_loss: 0.067234 learn_rate: 0.005000 
epoch: 9 iter: 3 train_iter_loss: 0.066258 learn_rate: 0.005000 
epoch: 9 iter: 4 train_iter_loss: 0.065301 learn_rate: 0.005000 
epoch: 9 iter: 5 train_iter_loss: 0.061497 learn_rate: 0.005000 
epoch: 9 iter: 6 train_iter_loss: 0.063800 learn_rate: 0.005000 
epoch: 9 iter: 7 train_iter_loss: 0.058295 learn_rate: 0.005000 
epoch: 9 iter: 8 train_iter_loss: 0.064287 learn_rate: 0.005000 
epoch: 9 iter: 9 train_iter_loss: 0.063231 learn_rate: 0.005000 
epoch: 9 iter: 10 train_iter_loss: 0.061140 learn_rate: 0.005000 
epoch: 9 iter: 11 train_iter_loss: 0.064348 learn_rate: 0.005000 
epoch: 9 iter: 12 train_iter_loss: 0.062202 learn_rate: 0.005000 
epoch: 9 iter: 13 train_iter_loss: 0.065716 learn_rate: 0.005000 
epoch: 9 iter: 14 train_iter_loss: 0.064655 learn_rate: 0.005000 
epoch: 9 iter: 15 train_iter_loss: 0.060529 learn_rate: 0.005000 
epoch: 9 iter: 16 train_iter_loss: 0.070272 learn_rate: 0.005000 
epoch: 9 iter: 17 train_iter_loss: 0.059172 learn_rate: 0.005000 
epoch: 9 iter: 18 train_iter_loss: 0.059490 learn_rate: 0.005000 
epoch: 9 iter: 19 train_iter_loss: 0.067227 learn_rate: 0.005000 
epoch: 9 iter: 20 train_iter_loss: 0.062316 learn_rate: 0.005000 
epoch: 9 iter: 21 train_iter_loss: 0.061574 learn_rate: 0.005000 
epoch: 9 iter: 22 train_iter_loss: 0.067282 learn_rate: 0.005000 
epoch: 9 iter: 23 train_iter_loss: 0.065192 learn_rate: 0.005000 
epoch: 9 iter: 24 train_iter_loss: 0.064362 learn_rate: 0.005000 
epoch: 9 iter: 25 train_iter_loss: 0.062617 learn_rate: 0.005000 
epoch: 9 iter: 26 train_iter_loss: 0.065113 learn_rate: 0.005000 
epoch: 9 iter: 27 train_iter_loss: 0.065277 learn_rate: 0.005000 
epoch: 9 iter: 28 train_iter_loss: 0.065402 learn_rate: 0.005000 
epoch: 9 iter: 29 train_iter_loss: 0.068255 learn_rate: 0.005000 
epoch: 9 iter: 30 train_iter_loss: 0.065038 learn_rate: 0.005000 
epoch: 9 iter: 31 train_iter_loss: 0.061461 learn_rate: 0.005000 
epoch: 9 iter: 32 train_iter_loss: 0.063026 learn_rate: 0.005000 
epoch: 9 iter: 33 train_iter_loss: 0.064722 learn_rate: 0.005000 
epoch: 9 iter: 34 train_iter_loss: 0.063302 learn_rate: 0.005000 
epoch: 9 iter: 35 train_iter_loss: 0.065312 learn_rate: 0.005000 
epoch: 9 iter: 36 train_iter_loss: 0.064603 learn_rate: 0.005000 
epoch: 9 iter: 37 train_iter_loss: 0.066297 learn_rate: 0.005000 
epoch: 9 iter: 38 train_iter_loss: 0.061848 learn_rate: 0.005000 
epoch: 9 iter: 39 train_iter_loss: 0.064477 learn_rate: 0.005000 
epoch: 9 iter: 40 train_iter_loss: 0.068788 learn_rate: 0.005000 
epoch: 9 iter: 41 train_iter_loss: 0.064174 learn_rate: 0.005000 
epoch: 9 iter: 42 train_iter_loss: 0.064241 learn_rate: 0.005000 
epoch: 9 iter: 43 train_iter_loss: 0.066019 learn_rate: 0.005000 
epoch: 9 iter: 44 train_iter_loss: 0.068268 learn_rate: 0.005000 
epoch: 9 iter: 45 train_iter_loss: 0.066440 learn_rate: 0.005000 
epoch: 9 train_epoch_loss: 0.064317 learn_rate: 0.005000 test_p: 0.758086 test_r: 0.654009 test_f: 0.701581
epoch: 10 iter: 1 train_iter_loss: 0.062717 learn_rate: 0.005000 
epoch: 10 iter: 2 train_iter_loss: 0.063874 learn_rate: 0.005000 
epoch: 10 iter: 3 train_iter_loss: 0.065004 learn_rate: 0.005000 
epoch: 10 iter: 4 train_iter_loss: 0.066016 learn_rate: 0.005000 
epoch: 10 iter: 5 train_iter_loss: 0.063586 learn_rate: 0.005000 
epoch: 10 iter: 6 train_iter_loss: 0.062532 learn_rate: 0.005000 
epoch: 10 iter: 7 train_iter_loss: 0.062159 learn_rate: 0.005000 
epoch: 10 iter: 8 train_iter_loss: 0.063333 learn_rate: 0.005000 
epoch: 10 iter: 9 train_iter_loss: 0.063535 learn_rate: 0.005000 
epoch: 10 iter: 10 train_iter_loss: 0.063146 learn_rate: 0.005000 
epoch: 10 iter: 11 train_iter_loss: 0.061530 learn_rate: 0.005000 
epoch: 10 iter: 12 train_iter_loss: 0.065205 learn_rate: 0.005000 
epoch: 10 iter: 13 train_iter_loss: 0.064639 learn_rate: 0.005000 
epoch: 10 iter: 14 train_iter_loss: 0.068021 learn_rate: 0.005000 
epoch: 10 iter: 15 train_iter_loss: 0.060695 learn_rate: 0.005000 
epoch: 10 iter: 16 train_iter_loss: 0.062326 learn_rate: 0.005000 
epoch: 10 iter: 17 train_iter_loss: 0.063739 learn_rate: 0.005000 
epoch: 10 iter: 18 train_iter_loss: 0.060533 learn_rate: 0.005000 
epoch: 10 iter: 19 train_iter_loss: 0.070865 learn_rate: 0.005000 
epoch: 10 iter: 20 train_iter_loss: 0.063554 learn_rate: 0.005000 
epoch: 10 iter: 21 train_iter_loss: 0.066646 learn_rate: 0.005000 
epoch: 10 iter: 22 train_iter_loss: 0.062962 learn_rate: 0.005000 
epoch: 10 iter: 23 train_iter_loss: 0.067495 learn_rate: 0.005000 
epoch: 10 iter: 24 train_iter_loss: 0.065153 learn_rate: 0.005000 
epoch: 10 iter: 25 train_iter_loss: 0.065661 learn_rate: 0.005000 
epoch: 10 iter: 26 train_iter_loss: 0.063325 learn_rate: 0.005000 
epoch: 10 iter: 27 train_iter_loss: 0.061682 learn_rate: 0.005000 
epoch: 10 iter: 28 train_iter_loss: 0.066601 learn_rate: 0.005000 
epoch: 10 iter: 29 train_iter_loss: 0.062357 learn_rate: 0.005000 
epoch: 10 iter: 30 train_iter_loss: 0.060834 learn_rate: 0.005000 
epoch: 10 iter: 31 train_iter_loss: 0.062864 learn_rate: 0.005000 
epoch: 10 iter: 32 train_iter_loss: 0.063906 learn_rate: 0.005000 
epoch: 10 iter: 33 train_iter_loss: 0.063184 learn_rate: 0.005000 
epoch: 10 iter: 34 train_iter_loss: 0.064540 learn_rate: 0.005000 
epoch: 10 iter: 35 train_iter_loss: 0.070197 learn_rate: 0.005000 
epoch: 10 iter: 36 train_iter_loss: 0.068547 learn_rate: 0.005000 
epoch: 10 iter: 37 train_iter_loss: 0.064043 learn_rate: 0.005000 
epoch: 10 iter: 38 train_iter_loss: 0.061878 learn_rate: 0.005000 
epoch: 10 iter: 39 train_iter_loss: 0.062384 learn_rate: 0.005000 
epoch: 10 iter: 40 train_iter_loss: 0.064734 learn_rate: 0.005000 
epoch: 10 iter: 41 train_iter_loss: 0.065183 learn_rate: 0.005000 
epoch: 10 iter: 42 train_iter_loss: 0.067228 learn_rate: 0.005000 
epoch: 10 iter: 43 train_iter_loss: 0.064072 learn_rate: 0.005000 
epoch: 10 iter: 44 train_iter_loss: 0.061125 learn_rate: 0.005000 
epoch: 10 iter: 45 train_iter_loss: 0.066280 learn_rate: 0.005000 
epoch: 10 train_epoch_loss: 0.064220 learn_rate: 0.005000 test_p: 0.555807 test_r: 0.539075 test_f: 0.527228
epoch: 11 iter: 1 train_iter_loss: 0.065697 learn_rate: 0.005000 
epoch: 11 iter: 2 train_iter_loss: 0.063724 learn_rate: 0.005000 
epoch: 11 iter: 3 train_iter_loss: 0.063142 learn_rate: 0.005000 
epoch: 11 iter: 4 train_iter_loss: 0.062551 learn_rate: 0.005000 
epoch: 11 iter: 5 train_iter_loss: 0.062103 learn_rate: 0.005000 
epoch: 11 iter: 6 train_iter_loss: 0.064961 learn_rate: 0.005000 
epoch: 11 iter: 7 train_iter_loss: 0.067349 learn_rate: 0.005000 
epoch: 11 iter: 8 train_iter_loss: 0.063443 learn_rate: 0.005000 
epoch: 11 iter: 9 train_iter_loss: 0.063773 learn_rate: 0.005000 
epoch: 11 iter: 10 train_iter_loss: 0.062983 learn_rate: 0.005000 
epoch: 11 iter: 11 train_iter_loss: 0.060353 learn_rate: 0.005000 
epoch: 11 iter: 12 train_iter_loss: 0.059131 learn_rate: 0.005000 
epoch: 11 iter: 13 train_iter_loss: 0.060840 learn_rate: 0.005000 
epoch: 11 iter: 14 train_iter_loss: 0.065007 learn_rate: 0.005000 
epoch: 11 iter: 15 train_iter_loss: 0.063536 learn_rate: 0.005000 
epoch: 11 iter: 16 train_iter_loss: 0.064010 learn_rate: 0.005000 
epoch: 11 iter: 17 train_iter_loss: 0.061203 learn_rate: 0.005000 
epoch: 11 iter: 18 train_iter_loss: 0.066442 learn_rate: 0.005000 
epoch: 11 iter: 19 train_iter_loss: 0.060055 learn_rate: 0.005000 
epoch: 11 iter: 20 train_iter_loss: 0.062994 learn_rate: 0.005000 
epoch: 11 iter: 21 train_iter_loss: 0.063099 learn_rate: 0.005000 
epoch: 11 iter: 22 train_iter_loss: 0.062113 learn_rate: 0.005000 
epoch: 11 iter: 23 train_iter_loss: 0.059891 learn_rate: 0.005000 
epoch: 11 iter: 24 train_iter_loss: 0.065015 learn_rate: 0.005000 
epoch: 11 iter: 25 train_iter_loss: 0.061660 learn_rate: 0.005000 
epoch: 11 iter: 26 train_iter_loss: 0.067163 learn_rate: 0.005000 
epoch: 11 iter: 27 train_iter_loss: 0.059704 learn_rate: 0.005000 
epoch: 11 iter: 28 train_iter_loss: 0.062838 learn_rate: 0.005000 
epoch: 11 iter: 29 train_iter_loss: 0.064980 learn_rate: 0.005000 
epoch: 11 iter: 30 train_iter_loss: 0.060910 learn_rate: 0.005000 
epoch: 11 iter: 31 train_iter_loss: 0.064902 learn_rate: 0.005000 
epoch: 11 iter: 32 train_iter_loss: 0.062537 learn_rate: 0.005000 
epoch: 11 iter: 33 train_iter_loss: 0.066579 learn_rate: 0.005000 
epoch: 11 iter: 34 train_iter_loss: 0.062931 learn_rate: 0.005000 
epoch: 11 iter: 35 train_iter_loss: 0.064801 learn_rate: 0.005000 
epoch: 11 iter: 36 train_iter_loss: 0.063105 learn_rate: 0.005000 
epoch: 11 iter: 37 train_iter_loss: 0.065546 learn_rate: 0.005000 
epoch: 11 iter: 38 train_iter_loss: 0.063213 learn_rate: 0.005000 
epoch: 11 iter: 39 train_iter_loss: 0.061327 learn_rate: 0.005000 
epoch: 11 iter: 40 train_iter_loss: 0.064135 learn_rate: 0.005000 
epoch: 11 iter: 41 train_iter_loss: 0.060875 learn_rate: 0.005000 
epoch: 11 iter: 42 train_iter_loss: 0.062259 learn_rate: 0.005000 
epoch: 11 iter: 43 train_iter_loss: 0.062501 learn_rate: 0.005000 
epoch: 11 iter: 44 train_iter_loss: 0.062331 learn_rate: 0.005000 
epoch: 11 iter: 45 train_iter_loss: 0.063036 learn_rate: 0.005000 
epoch: 11 train_epoch_loss: 0.063128 learn_rate: 0.005000 test_p: 0.753193 test_r: 0.631938 test_f: 0.685850
epoch: 12 iter: 1 train_iter_loss: 0.064988 learn_rate: 0.005000 
epoch: 12 iter: 2 train_iter_loss: 0.061871 learn_rate: 0.005000 
epoch: 12 iter: 3 train_iter_loss: 0.060278 learn_rate: 0.005000 
epoch: 12 iter: 4 train_iter_loss: 0.059575 learn_rate: 0.005000 
epoch: 12 iter: 5 train_iter_loss: 0.058286 learn_rate: 0.005000 
epoch: 12 iter: 6 train_iter_loss: 0.064357 learn_rate: 0.005000 
epoch: 12 iter: 7 train_iter_loss: 0.058263 learn_rate: 0.005000 
epoch: 12 iter: 8 train_iter_loss: 0.064327 learn_rate: 0.005000 
epoch: 12 iter: 9 train_iter_loss: 0.062844 learn_rate: 0.005000 
epoch: 12 iter: 10 train_iter_loss: 0.062422 learn_rate: 0.005000 
epoch: 12 iter: 11 train_iter_loss: 0.061431 learn_rate: 0.005000 
epoch: 12 iter: 12 train_iter_loss: 0.064610 learn_rate: 0.005000 
epoch: 12 iter: 13 train_iter_loss: 0.061366 learn_rate: 0.005000 
epoch: 12 iter: 14 train_iter_loss: 0.061243 learn_rate: 0.005000 
epoch: 12 iter: 15 train_iter_loss: 0.061464 learn_rate: 0.005000 
epoch: 12 iter: 16 train_iter_loss: 0.065532 learn_rate: 0.005000 
epoch: 12 iter: 17 train_iter_loss: 0.060270 learn_rate: 0.005000 
epoch: 12 iter: 18 train_iter_loss: 0.063854 learn_rate: 0.005000 
epoch: 12 iter: 19 train_iter_loss: 0.063398 learn_rate: 0.005000 
epoch: 12 iter: 20 train_iter_loss: 0.063583 learn_rate: 0.005000 
epoch: 12 iter: 21 train_iter_loss: 0.064303 learn_rate: 0.005000 
epoch: 12 iter: 22 train_iter_loss: 0.062132 learn_rate: 0.005000 
epoch: 12 iter: 23 train_iter_loss: 0.062120 learn_rate: 0.005000 
epoch: 12 iter: 24 train_iter_loss: 0.060538 learn_rate: 0.005000 
epoch: 12 iter: 25 train_iter_loss: 0.062197 learn_rate: 0.005000 
epoch: 12 iter: 26 train_iter_loss: 0.063166 learn_rate: 0.005000 
epoch: 12 iter: 27 train_iter_loss: 0.064306 learn_rate: 0.005000 
epoch: 12 iter: 28 train_iter_loss: 0.062168 learn_rate: 0.005000 
epoch: 12 iter: 29 train_iter_loss: 0.063794 learn_rate: 0.005000 
epoch: 12 iter: 30 train_iter_loss: 0.060972 learn_rate: 0.005000 
epoch: 12 iter: 31 train_iter_loss: 0.060700 learn_rate: 0.005000 
epoch: 12 iter: 32 train_iter_loss: 0.062583 learn_rate: 0.005000 
epoch: 12 iter: 33 train_iter_loss: 0.063451 learn_rate: 0.005000 
epoch: 12 iter: 34 train_iter_loss: 0.062811 learn_rate: 0.005000 
epoch: 12 iter: 35 train_iter_loss: 0.063404 learn_rate: 0.005000 
epoch: 12 iter: 36 train_iter_loss: 0.066147 learn_rate: 0.005000 
epoch: 12 iter: 37 train_iter_loss: 0.062806 learn_rate: 0.005000 
epoch: 12 iter: 38 train_iter_loss: 0.063899 learn_rate: 0.005000 
epoch: 12 iter: 39 train_iter_loss: 0.064744 learn_rate: 0.005000 
epoch: 12 iter: 40 train_iter_loss: 0.062967 learn_rate: 0.005000 
epoch: 12 iter: 41 train_iter_loss: 0.064931 learn_rate: 0.005000 
epoch: 12 iter: 42 train_iter_loss: 0.063216 learn_rate: 0.005000 
epoch: 12 iter: 43 train_iter_loss: 0.060713 learn_rate: 0.005000 
epoch: 12 iter: 44 train_iter_loss: 0.061920 learn_rate: 0.005000 
epoch: 12 iter: 45 train_iter_loss: 0.060897 learn_rate: 0.005000 
epoch: 12 train_epoch_loss: 0.062552 learn_rate: 0.005000 test_p: 0.805570 test_r: 0.764999 test_f: 0.784042
epoch: 13 iter: 1 train_iter_loss: 0.062761 learn_rate: 0.005000 
epoch: 13 iter: 2 train_iter_loss: 0.064524 learn_rate: 0.005000 
epoch: 13 iter: 3 train_iter_loss: 0.064498 learn_rate: 0.005000 
epoch: 13 iter: 4 train_iter_loss: 0.062747 learn_rate: 0.005000 
epoch: 13 iter: 5 train_iter_loss: 0.062207 learn_rate: 0.005000 
epoch: 13 iter: 6 train_iter_loss: 0.065730 learn_rate: 0.005000 
epoch: 13 iter: 7 train_iter_loss: 0.062531 learn_rate: 0.005000 
epoch: 13 iter: 8 train_iter_loss: 0.066438 learn_rate: 0.005000 
epoch: 13 iter: 9 train_iter_loss: 0.064346 learn_rate: 0.005000 
epoch: 13 iter: 10 train_iter_loss: 0.063040 learn_rate: 0.005000 
epoch: 13 iter: 11 train_iter_loss: 0.061010 learn_rate: 0.005000 
epoch: 13 iter: 12 train_iter_loss: 0.066767 learn_rate: 0.005000 
epoch: 13 iter: 13 train_iter_loss: 0.060321 learn_rate: 0.005000 
epoch: 13 iter: 14 train_iter_loss: 0.063162 learn_rate: 0.005000 
epoch: 13 iter: 15 train_iter_loss: 0.064041 learn_rate: 0.005000 
epoch: 13 iter: 16 train_iter_loss: 0.060953 learn_rate: 0.005000 
epoch: 13 iter: 17 train_iter_loss: 0.061154 learn_rate: 0.005000 
epoch: 13 iter: 18 train_iter_loss: 0.061481 learn_rate: 0.005000 
epoch: 13 iter: 19 train_iter_loss: 0.060243 learn_rate: 0.005000 
epoch: 13 iter: 20 train_iter_loss: 0.063915 learn_rate: 0.005000 
epoch: 13 iter: 21 train_iter_loss: 0.061245 learn_rate: 0.005000 
epoch: 13 iter: 22 train_iter_loss: 0.061372 learn_rate: 0.005000 
epoch: 13 iter: 23 train_iter_loss: 0.064320 learn_rate: 0.005000 
epoch: 13 iter: 24 train_iter_loss: 0.063029 learn_rate: 0.005000 
epoch: 13 iter: 25 train_iter_loss: 0.060707 learn_rate: 0.005000 
epoch: 13 iter: 26 train_iter_loss: 0.063767 learn_rate: 0.005000 
epoch: 13 iter: 27 train_iter_loss: 0.064851 learn_rate: 0.005000 
epoch: 13 iter: 28 train_iter_loss: 0.058781 learn_rate: 0.005000 
epoch: 13 iter: 29 train_iter_loss: 0.066341 learn_rate: 0.005000 
epoch: 13 iter: 30 train_iter_loss: 0.065168 learn_rate: 0.005000 
epoch: 13 iter: 31 train_iter_loss: 0.063829 learn_rate: 0.005000 
epoch: 13 iter: 32 train_iter_loss: 0.063673 learn_rate: 0.005000 
epoch: 13 iter: 33 train_iter_loss: 0.064729 learn_rate: 0.005000 
epoch: 13 iter: 34 train_iter_loss: 0.064153 learn_rate: 0.005000 
epoch: 13 iter: 35 train_iter_loss: 0.063179 learn_rate: 0.005000 
epoch: 13 iter: 36 train_iter_loss: 0.065495 learn_rate: 0.005000 
epoch: 13 iter: 37 train_iter_loss: 0.062646 learn_rate: 0.005000 
epoch: 13 iter: 38 train_iter_loss: 0.058945 learn_rate: 0.005000 
epoch: 13 iter: 39 train_iter_loss: 0.063598 learn_rate: 0.005000 
epoch: 13 iter: 40 train_iter_loss: 0.061378 learn_rate: 0.005000 
epoch: 13 iter: 41 train_iter_loss: 0.063999 learn_rate: 0.005000 
epoch: 13 iter: 42 train_iter_loss: 0.065185 learn_rate: 0.005000 
epoch: 13 iter: 43 train_iter_loss: 0.059488 learn_rate: 0.005000 
epoch: 13 iter: 44 train_iter_loss: 0.063277 learn_rate: 0.005000 
epoch: 13 iter: 45 train_iter_loss: 0.062769 learn_rate: 0.005000 
epoch: 13 train_epoch_loss: 0.063062 learn_rate: 0.005000 test_p: 0.757189 test_r: 0.676865 test_f: 0.713167
epoch: 14 iter: 1 train_iter_loss: 0.062410 learn_rate: 0.005000 
epoch: 14 iter: 2 train_iter_loss: 0.062984 learn_rate: 0.005000 
epoch: 14 iter: 3 train_iter_loss: 0.063916 learn_rate: 0.005000 
epoch: 14 iter: 4 train_iter_loss: 0.062610 learn_rate: 0.005000 
epoch: 14 iter: 5 train_iter_loss: 0.059744 learn_rate: 0.005000 
epoch: 14 iter: 6 train_iter_loss: 0.061269 learn_rate: 0.005000 
epoch: 14 iter: 7 train_iter_loss: 0.064447 learn_rate: 0.005000 
epoch: 14 iter: 8 train_iter_loss: 0.063271 learn_rate: 0.005000 
epoch: 14 iter: 9 train_iter_loss: 0.059431 learn_rate: 0.005000 
epoch: 14 iter: 10 train_iter_loss: 0.061180 learn_rate: 0.005000 
epoch: 14 iter: 11 train_iter_loss: 0.063977 learn_rate: 0.005000 
epoch: 14 iter: 12 train_iter_loss: 0.062948 learn_rate: 0.005000 
epoch: 14 iter: 13 train_iter_loss: 0.066112 learn_rate: 0.005000 
epoch: 14 iter: 14 train_iter_loss: 0.059928 learn_rate: 0.005000 
epoch: 14 iter: 15 train_iter_loss: 0.062667 learn_rate: 0.005000 
epoch: 14 iter: 16 train_iter_loss: 0.062233 learn_rate: 0.005000 
epoch: 14 iter: 17 train_iter_loss: 0.061153 learn_rate: 0.005000 
epoch: 14 iter: 18 train_iter_loss: 0.060960 learn_rate: 0.005000 
epoch: 14 iter: 19 train_iter_loss: 0.060997 learn_rate: 0.005000 
epoch: 14 iter: 20 train_iter_loss: 0.060792 learn_rate: 0.005000 
epoch: 14 iter: 21 train_iter_loss: 0.064968 learn_rate: 0.005000 
epoch: 14 iter: 22 train_iter_loss: 0.062319 learn_rate: 0.005000 
epoch: 14 iter: 23 train_iter_loss: 0.060115 learn_rate: 0.005000 
epoch: 14 iter: 24 train_iter_loss: 0.063473 learn_rate: 0.005000 
epoch: 14 iter: 25 train_iter_loss: 0.063311 learn_rate: 0.005000 
epoch: 14 iter: 26 train_iter_loss: 0.062273 learn_rate: 0.005000 
epoch: 14 iter: 27 train_iter_loss: 0.061876 learn_rate: 0.005000 
epoch: 14 iter: 28 train_iter_loss: 0.063361 learn_rate: 0.005000 
epoch: 14 iter: 29 train_iter_loss: 0.060716 learn_rate: 0.005000 
epoch: 14 iter: 30 train_iter_loss: 0.060023 learn_rate: 0.005000 
epoch: 14 iter: 31 train_iter_loss: 0.063853 learn_rate: 0.005000 
epoch: 14 iter: 32 train_iter_loss: 0.058437 learn_rate: 0.005000 
epoch: 14 iter: 33 train_iter_loss: 0.063343 learn_rate: 0.005000 
epoch: 14 iter: 34 train_iter_loss: 0.060211 learn_rate: 0.005000 
epoch: 14 iter: 35 train_iter_loss: 0.059939 learn_rate: 0.005000 
epoch: 14 iter: 36 train_iter_loss: 0.063457 learn_rate: 0.005000 
epoch: 14 iter: 37 train_iter_loss: 0.060271 learn_rate: 0.005000 
epoch: 14 iter: 38 train_iter_loss: 0.063065 learn_rate: 0.005000 
epoch: 14 iter: 39 train_iter_loss: 0.062458 learn_rate: 0.005000 
epoch: 14 iter: 40 train_iter_loss: 0.061690 learn_rate: 0.005000 
epoch: 14 iter: 41 train_iter_loss: 0.060664 learn_rate: 0.005000 
epoch: 14 iter: 42 train_iter_loss: 0.059466 learn_rate: 0.005000 
epoch: 14 iter: 43 train_iter_loss: 0.060509 learn_rate: 0.005000 
epoch: 14 iter: 44 train_iter_loss: 0.062176 learn_rate: 0.005000 
epoch: 14 iter: 45 train_iter_loss: 0.060130 learn_rate: 0.005000 
epoch: 14 train_epoch_loss: 0.061892 learn_rate: 0.005000 test_p: 0.757967 test_r: 0.643914 test_f: 0.694659
epoch: 15 iter: 1 train_iter_loss: 0.058728 learn_rate: 0.005000 
epoch: 15 iter: 2 train_iter_loss: 0.058081 learn_rate: 0.005000 
epoch: 15 iter: 3 train_iter_loss: 0.060793 learn_rate: 0.005000 
epoch: 15 iter: 4 train_iter_loss: 0.061550 learn_rate: 0.005000 
epoch: 15 iter: 5 train_iter_loss: 0.062817 learn_rate: 0.005000 
epoch: 15 iter: 6 train_iter_loss: 0.058841 learn_rate: 0.005000 
epoch: 15 iter: 7 train_iter_loss: 0.064171 learn_rate: 0.005000 
epoch: 15 iter: 8 train_iter_loss: 0.061970 learn_rate: 0.005000 
epoch: 15 iter: 9 train_iter_loss: 0.060766 learn_rate: 0.005000 
epoch: 15 iter: 10 train_iter_loss: 0.060926 learn_rate: 0.005000 
epoch: 15 iter: 11 train_iter_loss: 0.062631 learn_rate: 0.005000 
epoch: 15 iter: 12 train_iter_loss: 0.060720 learn_rate: 0.005000 
epoch: 15 iter: 13 train_iter_loss: 0.062142 learn_rate: 0.005000 
epoch: 15 iter: 14 train_iter_loss: 0.061513 learn_rate: 0.005000 
epoch: 15 iter: 15 train_iter_loss: 0.062983 learn_rate: 0.005000 
epoch: 15 iter: 16 train_iter_loss: 0.060595 learn_rate: 0.005000 
epoch: 15 iter: 17 train_iter_loss: 0.063856 learn_rate: 0.005000 
epoch: 15 iter: 18 train_iter_loss: 0.061986 learn_rate: 0.005000 
epoch: 15 iter: 19 train_iter_loss: 0.059744 learn_rate: 0.005000 
epoch: 15 iter: 20 train_iter_loss: 0.061469 learn_rate: 0.005000 
epoch: 15 iter: 21 train_iter_loss: 0.061507 learn_rate: 0.005000 
epoch: 15 iter: 22 train_iter_loss: 0.062805 learn_rate: 0.005000 
epoch: 15 iter: 23 train_iter_loss: 0.059845 learn_rate: 0.005000 
epoch: 15 iter: 24 train_iter_loss: 0.065689 learn_rate: 0.005000 
epoch: 15 iter: 25 train_iter_loss: 0.060992 learn_rate: 0.005000 
epoch: 15 iter: 26 train_iter_loss: 0.061261 learn_rate: 0.005000 
epoch: 15 iter: 27 train_iter_loss: 0.064133 learn_rate: 0.005000 
epoch: 15 iter: 28 train_iter_loss: 0.063152 learn_rate: 0.005000 
epoch: 15 iter: 29 train_iter_loss: 0.062119 learn_rate: 0.005000 
epoch: 15 iter: 30 train_iter_loss: 0.061965 learn_rate: 0.005000 
epoch: 15 iter: 31 train_iter_loss: 0.060635 learn_rate: 0.005000 
epoch: 15 iter: 32 train_iter_loss: 0.063426 learn_rate: 0.005000 
epoch: 15 iter: 33 train_iter_loss: 0.060151 learn_rate: 0.005000 
epoch: 15 iter: 34 train_iter_loss: 0.061141 learn_rate: 0.005000 
epoch: 15 iter: 35 train_iter_loss: 0.062018 learn_rate: 0.005000 
epoch: 15 iter: 36 train_iter_loss: 0.061776 learn_rate: 0.005000 
epoch: 15 iter: 37 train_iter_loss: 0.060990 learn_rate: 0.005000 
epoch: 15 iter: 38 train_iter_loss: 0.062365 learn_rate: 0.005000 
epoch: 15 iter: 39 train_iter_loss: 0.062287 learn_rate: 0.005000 
epoch: 15 iter: 40 train_iter_loss: 0.063559 learn_rate: 0.005000 
epoch: 15 iter: 41 train_iter_loss: 0.061307 learn_rate: 0.005000 
epoch: 15 iter: 42 train_iter_loss: 0.061800 learn_rate: 0.005000 
epoch: 15 iter: 43 train_iter_loss: 0.061175 learn_rate: 0.005000 
epoch: 15 iter: 44 train_iter_loss: 0.061542 learn_rate: 0.005000 
epoch: 15 iter: 45 train_iter_loss: 0.060838 learn_rate: 0.005000 
epoch: 15 train_epoch_loss: 0.061661 learn_rate: 0.005000 test_p: 0.799095 test_r: 0.751679 test_f: 0.773641
epoch: 16 iter: 1 train_iter_loss: 0.061295 learn_rate: 0.005000 
epoch: 16 iter: 2 train_iter_loss: 0.065807 learn_rate: 0.005000 
epoch: 16 iter: 3 train_iter_loss: 0.061324 learn_rate: 0.005000 
epoch: 16 iter: 4 train_iter_loss: 0.061799 learn_rate: 0.005000 
epoch: 16 iter: 5 train_iter_loss: 0.059608 learn_rate: 0.005000 
epoch: 16 iter: 6 train_iter_loss: 0.059802 learn_rate: 0.005000 
epoch: 16 iter: 7 train_iter_loss: 0.061670 learn_rate: 0.005000 
epoch: 16 iter: 8 train_iter_loss: 0.060486 learn_rate: 0.005000 
epoch: 16 iter: 9 train_iter_loss: 0.062594 learn_rate: 0.005000 
epoch: 16 iter: 10 train_iter_loss: 0.061848 learn_rate: 0.005000 
epoch: 16 iter: 11 train_iter_loss: 0.060529 learn_rate: 0.005000 
epoch: 16 iter: 12 train_iter_loss: 0.061853 learn_rate: 0.005000 
epoch: 16 iter: 13 train_iter_loss: 0.062019 learn_rate: 0.005000 
epoch: 16 iter: 14 train_iter_loss: 0.059785 learn_rate: 0.005000 
epoch: 16 iter: 15 train_iter_loss: 0.061549 learn_rate: 0.005000 
epoch: 16 iter: 16 train_iter_loss: 0.059965 learn_rate: 0.005000 
epoch: 16 iter: 17 train_iter_loss: 0.059038 learn_rate: 0.005000 
epoch: 16 iter: 18 train_iter_loss: 0.062730 learn_rate: 0.005000 
epoch: 16 iter: 19 train_iter_loss: 0.062825 learn_rate: 0.005000 
epoch: 16 iter: 20 train_iter_loss: 0.060596 learn_rate: 0.005000 
epoch: 16 iter: 21 train_iter_loss: 0.060541 learn_rate: 0.005000 
epoch: 16 iter: 22 train_iter_loss: 0.062339 learn_rate: 0.005000 
epoch: 16 iter: 23 train_iter_loss: 0.060729 learn_rate: 0.005000 
epoch: 16 iter: 24 train_iter_loss: 0.061327 learn_rate: 0.005000 
epoch: 16 iter: 25 train_iter_loss: 0.063128 learn_rate: 0.005000 
epoch: 16 iter: 26 train_iter_loss: 0.058837 learn_rate: 0.005000 
epoch: 16 iter: 27 train_iter_loss: 0.061707 learn_rate: 0.005000 
epoch: 16 iter: 28 train_iter_loss: 0.061240 learn_rate: 0.005000 
epoch: 16 iter: 29 train_iter_loss: 0.057288 learn_rate: 0.005000 
epoch: 16 iter: 30 train_iter_loss: 0.062604 learn_rate: 0.005000 
epoch: 16 iter: 31 train_iter_loss: 0.061192 learn_rate: 0.005000 
epoch: 16 iter: 32 train_iter_loss: 0.062713 learn_rate: 0.005000 
epoch: 16 iter: 33 train_iter_loss: 0.060988 learn_rate: 0.005000 
epoch: 16 iter: 34 train_iter_loss: 0.065015 learn_rate: 0.005000 
epoch: 16 iter: 35 train_iter_loss: 0.062776 learn_rate: 0.005000 
epoch: 16 iter: 36 train_iter_loss: 0.058785 learn_rate: 0.005000 
epoch: 16 iter: 37 train_iter_loss: 0.062167 learn_rate: 0.005000 
epoch: 16 iter: 38 train_iter_loss: 0.058261 learn_rate: 0.005000 
epoch: 16 iter: 39 train_iter_loss: 0.059074 learn_rate: 0.005000 
epoch: 16 iter: 40 train_iter_loss: 0.062957 learn_rate: 0.005000 
epoch: 16 iter: 41 train_iter_loss: 0.062540 learn_rate: 0.005000 
epoch: 16 iter: 42 train_iter_loss: 0.060869 learn_rate: 0.005000 
epoch: 16 iter: 43 train_iter_loss: 0.060998 learn_rate: 0.005000 
epoch: 16 iter: 44 train_iter_loss: 0.060843 learn_rate: 0.005000 
epoch: 16 iter: 45 train_iter_loss: 0.060472 learn_rate: 0.005000 
epoch: 16 train_epoch_loss: 0.061256 learn_rate: 0.005000 test_p: 0.787736 test_r: 0.727711 test_f: 0.756006
epoch: 17 iter: 1 train_iter_loss: 0.059958 learn_rate: 0.005000 
epoch: 17 iter: 2 train_iter_loss: 0.059555 learn_rate: 0.005000 
epoch: 17 iter: 3 train_iter_loss: 0.059472 learn_rate: 0.005000 
epoch: 17 iter: 4 train_iter_loss: 0.060958 learn_rate: 0.005000 
epoch: 17 iter: 5 train_iter_loss: 0.062927 learn_rate: 0.005000 
epoch: 17 iter: 6 train_iter_loss: 0.060953 learn_rate: 0.005000 
epoch: 17 iter: 7 train_iter_loss: 0.060766 learn_rate: 0.005000 
epoch: 17 iter: 8 train_iter_loss: 0.062734 learn_rate: 0.005000 
epoch: 17 iter: 9 train_iter_loss: 0.060815 learn_rate: 0.005000 
epoch: 17 iter: 10 train_iter_loss: 0.061295 learn_rate: 0.005000 
epoch: 17 iter: 11 train_iter_loss: 0.061191 learn_rate: 0.005000 
epoch: 17 iter: 12 train_iter_loss: 0.060673 learn_rate: 0.005000 
epoch: 17 iter: 13 train_iter_loss: 0.061658 learn_rate: 0.005000 
epoch: 17 iter: 14 train_iter_loss: 0.056720 learn_rate: 0.005000 
epoch: 17 iter: 15 train_iter_loss: 0.059618 learn_rate: 0.005000 
epoch: 17 iter: 16 train_iter_loss: 0.059847 learn_rate: 0.005000 
epoch: 17 iter: 17 train_iter_loss: 0.062701 learn_rate: 0.005000 
epoch: 17 iter: 18 train_iter_loss: 0.059270 learn_rate: 0.005000 
epoch: 17 iter: 19 train_iter_loss: 0.058535 learn_rate: 0.005000 
epoch: 17 iter: 20 train_iter_loss: 0.060925 learn_rate: 0.005000 
epoch: 17 iter: 21 train_iter_loss: 0.060816 learn_rate: 0.005000 
epoch: 17 iter: 22 train_iter_loss: 0.059970 learn_rate: 0.005000 
epoch: 17 iter: 23 train_iter_loss: 0.060937 learn_rate: 0.005000 
epoch: 17 iter: 24 train_iter_loss: 0.060299 learn_rate: 0.005000 
epoch: 17 iter: 25 train_iter_loss: 0.057981 learn_rate: 0.005000 
epoch: 17 iter: 26 train_iter_loss: 0.060854 learn_rate: 0.005000 
epoch: 17 iter: 27 train_iter_loss: 0.060880 learn_rate: 0.005000 
epoch: 17 iter: 28 train_iter_loss: 0.062476 learn_rate: 0.005000 
epoch: 17 iter: 29 train_iter_loss: 0.060745 learn_rate: 0.005000 
epoch: 17 iter: 30 train_iter_loss: 0.060646 learn_rate: 0.005000 
epoch: 17 iter: 31 train_iter_loss: 0.060709 learn_rate: 0.005000 
epoch: 17 iter: 32 train_iter_loss: 0.061183 learn_rate: 0.005000 
epoch: 17 iter: 33 train_iter_loss: 0.063211 learn_rate: 0.005000 
epoch: 17 iter: 34 train_iter_loss: 0.061464 learn_rate: 0.005000 
epoch: 17 iter: 35 train_iter_loss: 0.061560 learn_rate: 0.005000 
epoch: 17 iter: 36 train_iter_loss: 0.062047 learn_rate: 0.005000 
epoch: 17 iter: 37 train_iter_loss: 0.059454 learn_rate: 0.005000 
epoch: 17 iter: 38 train_iter_loss: 0.060894 learn_rate: 0.005000 
epoch: 17 iter: 39 train_iter_loss: 0.059861 learn_rate: 0.005000 
epoch: 17 iter: 40 train_iter_loss: 0.060106 learn_rate: 0.005000 
epoch: 17 iter: 41 train_iter_loss: 0.060060 learn_rate: 0.005000 
epoch: 17 iter: 42 train_iter_loss: 0.060860 learn_rate: 0.005000 
epoch: 17 iter: 43 train_iter_loss: 0.060939 learn_rate: 0.005000 
epoch: 17 iter: 44 train_iter_loss: 0.062076 learn_rate: 0.005000 
epoch: 17 iter: 45 train_iter_loss: 0.057895 learn_rate: 0.005000 
epoch: 17 train_epoch_loss: 0.060633 learn_rate: 0.005000 test_p: 0.782039 test_r: 0.706303 test_f: 0.741510
epoch: 18 iter: 1 train_iter_loss: 0.061107 learn_rate: 0.005000 
epoch: 18 iter: 2 train_iter_loss: 0.060064 learn_rate: 0.005000 
epoch: 18 iter: 3 train_iter_loss: 0.059708 learn_rate: 0.005000 
epoch: 18 iter: 4 train_iter_loss: 0.061868 learn_rate: 0.005000 
epoch: 18 iter: 5 train_iter_loss: 0.061847 learn_rate: 0.005000 
epoch: 18 iter: 6 train_iter_loss: 0.062179 learn_rate: 0.005000 
epoch: 18 iter: 7 train_iter_loss: 0.061328 learn_rate: 0.005000 
epoch: 18 iter: 8 train_iter_loss: 0.061011 learn_rate: 0.005000 
epoch: 18 iter: 9 train_iter_loss: 0.061299 learn_rate: 0.005000 
epoch: 18 iter: 10 train_iter_loss: 0.058360 learn_rate: 0.005000 
epoch: 18 iter: 11 train_iter_loss: 0.060089 learn_rate: 0.005000 
epoch: 18 iter: 12 train_iter_loss: 0.061846 learn_rate: 0.005000 
epoch: 18 iter: 13 train_iter_loss: 0.061192 learn_rate: 0.005000 
epoch: 18 iter: 14 train_iter_loss: 0.060223 learn_rate: 0.005000 
epoch: 18 iter: 15 train_iter_loss: 0.059169 learn_rate: 0.005000 
epoch: 18 iter: 16 train_iter_loss: 0.061350 learn_rate: 0.005000 
epoch: 18 iter: 17 train_iter_loss: 0.059992 learn_rate: 0.005000 
epoch: 18 iter: 18 train_iter_loss: 0.061109 learn_rate: 0.005000 
epoch: 18 iter: 19 train_iter_loss: 0.064639 learn_rate: 0.005000 
epoch: 18 iter: 20 train_iter_loss: 0.063240 learn_rate: 0.005000 
epoch: 18 iter: 21 train_iter_loss: 0.061359 learn_rate: 0.005000 
epoch: 18 iter: 22 train_iter_loss: 0.063832 learn_rate: 0.005000 
epoch: 18 iter: 23 train_iter_loss: 0.061460 learn_rate: 0.005000 
epoch: 18 iter: 24 train_iter_loss: 0.058457 learn_rate: 0.005000 
epoch: 18 iter: 25 train_iter_loss: 0.062743 learn_rate: 0.005000 
epoch: 18 iter: 26 train_iter_loss: 0.062150 learn_rate: 0.005000 
epoch: 18 iter: 27 train_iter_loss: 0.061292 learn_rate: 0.005000 
epoch: 18 iter: 28 train_iter_loss: 0.064011 learn_rate: 0.005000 
epoch: 18 iter: 29 train_iter_loss: 0.060103 learn_rate: 0.005000 
epoch: 18 iter: 30 train_iter_loss: 0.060840 learn_rate: 0.005000 
epoch: 18 iter: 31 train_iter_loss: 0.061681 learn_rate: 0.005000 
epoch: 18 iter: 32 train_iter_loss: 0.064093 learn_rate: 0.005000 
epoch: 18 iter: 33 train_iter_loss: 0.062177 learn_rate: 0.005000 
epoch: 18 iter: 34 train_iter_loss: 0.061240 learn_rate: 0.005000 
epoch: 18 iter: 35 train_iter_loss: 0.063106 learn_rate: 0.005000 
epoch: 18 iter: 36 train_iter_loss: 0.064754 learn_rate: 0.005000 
epoch: 18 iter: 37 train_iter_loss: 0.061707 learn_rate: 0.005000 
epoch: 18 iter: 38 train_iter_loss: 0.059722 learn_rate: 0.005000 
epoch: 18 iter: 39 train_iter_loss: 0.061469 learn_rate: 0.005000 
epoch: 18 iter: 40 train_iter_loss: 0.063031 learn_rate: 0.005000 
epoch: 18 iter: 41 train_iter_loss: 0.061390 learn_rate: 0.005000 
epoch: 18 iter: 42 train_iter_loss: 0.060390 learn_rate: 0.005000 
epoch: 18 iter: 43 train_iter_loss: 0.064929 learn_rate: 0.005000 
epoch: 18 iter: 44 train_iter_loss: 0.059691 learn_rate: 0.005000 
epoch: 18 iter: 45 train_iter_loss: 0.059437 learn_rate: 0.005000 
epoch: 18 train_epoch_loss: 0.061482 learn_rate: 0.005000 test_p: 0.851914 test_r: 0.798975 test_f: 0.821732
epoch: 19 iter: 1 train_iter_loss: 0.061120 learn_rate: 0.005000 
epoch: 19 iter: 2 train_iter_loss: 0.062065 learn_rate: 0.005000 
epoch: 19 iter: 3 train_iter_loss: 0.062969 learn_rate: 0.005000 
epoch: 19 iter: 4 train_iter_loss: 0.061324 learn_rate: 0.005000 
epoch: 19 iter: 5 train_iter_loss: 0.058775 learn_rate: 0.005000 
epoch: 19 iter: 6 train_iter_loss: 0.064385 learn_rate: 0.005000 
epoch: 19 iter: 7 train_iter_loss: 0.059646 learn_rate: 0.005000 
epoch: 19 iter: 8 train_iter_loss: 0.062875 learn_rate: 0.005000 
epoch: 19 iter: 9 train_iter_loss: 0.065540 learn_rate: 0.005000 
epoch: 19 iter: 10 train_iter_loss: 0.062985 learn_rate: 0.005000 
epoch: 19 iter: 11 train_iter_loss: 0.060435 learn_rate: 0.005000 
epoch: 19 iter: 12 train_iter_loss: 0.062487 learn_rate: 0.005000 
epoch: 19 iter: 13 train_iter_loss: 0.059177 learn_rate: 0.005000 
epoch: 19 iter: 14 train_iter_loss: 0.062256 learn_rate: 0.005000 
epoch: 19 iter: 15 train_iter_loss: 0.057922 learn_rate: 0.005000 
epoch: 19 iter: 16 train_iter_loss: 0.063310 learn_rate: 0.005000 
epoch: 19 iter: 17 train_iter_loss: 0.060312 learn_rate: 0.005000 
epoch: 19 iter: 18 train_iter_loss: 0.059971 learn_rate: 0.005000 
epoch: 19 iter: 19 train_iter_loss: 0.061373 learn_rate: 0.005000 
epoch: 19 iter: 20 train_iter_loss: 0.061582 learn_rate: 0.005000 
epoch: 19 iter: 21 train_iter_loss: 0.063110 learn_rate: 0.005000 
epoch: 19 iter: 22 train_iter_loss: 0.058150 learn_rate: 0.005000 
epoch: 19 iter: 23 train_iter_loss: 0.058843 learn_rate: 0.005000 
epoch: 19 iter: 24 train_iter_loss: 0.063792 learn_rate: 0.005000 
epoch: 19 iter: 25 train_iter_loss: 0.058555 learn_rate: 0.005000 
epoch: 19 iter: 26 train_iter_loss: 0.060833 learn_rate: 0.005000 
epoch: 19 iter: 27 train_iter_loss: 0.059199 learn_rate: 0.005000 
epoch: 19 iter: 28 train_iter_loss: 0.060137 learn_rate: 0.005000 
epoch: 19 iter: 29 train_iter_loss: 0.058877 learn_rate: 0.005000 
epoch: 19 iter: 30 train_iter_loss: 0.061913 learn_rate: 0.005000 
epoch: 19 iter: 31 train_iter_loss: 0.060260 learn_rate: 0.005000 
epoch: 19 iter: 32 train_iter_loss: 0.061476 learn_rate: 0.005000 
epoch: 19 iter: 33 train_iter_loss: 0.060242 learn_rate: 0.005000 
epoch: 19 iter: 34 train_iter_loss: 0.061814 learn_rate: 0.005000 
epoch: 19 iter: 35 train_iter_loss: 0.058427 learn_rate: 0.005000 
epoch: 19 iter: 36 train_iter_loss: 0.061568 learn_rate: 0.005000 
epoch: 19 iter: 37 train_iter_loss: 0.063358 learn_rate: 0.005000 
epoch: 19 iter: 38 train_iter_loss: 0.061322 learn_rate: 0.005000 
epoch: 19 iter: 39 train_iter_loss: 0.060942 learn_rate: 0.005000 
epoch: 19 iter: 40 train_iter_loss: 0.060421 learn_rate: 0.005000 
epoch: 19 iter: 41 train_iter_loss: 0.062442 learn_rate: 0.005000 
epoch: 19 iter: 42 train_iter_loss: 0.059673 learn_rate: 0.005000 
epoch: 19 iter: 43 train_iter_loss: 0.060251 learn_rate: 0.005000 
epoch: 19 iter: 44 train_iter_loss: 0.062105 learn_rate: 0.005000 
epoch: 19 iter: 45 train_iter_loss: 0.058486 learn_rate: 0.005000 
epoch: 19 train_epoch_loss: 0.061038 learn_rate: 0.005000 test_p: 0.744502 test_r: 0.640225 test_f: 0.686630
epoch: 20 iter: 1 train_iter_loss: 0.060442 learn_rate: 0.001667 
epoch: 20 iter: 2 train_iter_loss: 0.062154 learn_rate: 0.001667 
epoch: 20 iter: 3 train_iter_loss: 0.061403 learn_rate: 0.001667 
epoch: 20 iter: 4 train_iter_loss: 0.056715 learn_rate: 0.001667 
epoch: 20 iter: 5 train_iter_loss: 0.059166 learn_rate: 0.001667 
epoch: 20 iter: 6 train_iter_loss: 0.061902 learn_rate: 0.001667 
epoch: 20 iter: 7 train_iter_loss: 0.057767 learn_rate: 0.001667 
epoch: 20 iter: 8 train_iter_loss: 0.057734 learn_rate: 0.001667 
epoch: 20 iter: 9 train_iter_loss: 0.058968 learn_rate: 0.001667 
epoch: 20 iter: 10 train_iter_loss: 0.060623 learn_rate: 0.001667 
epoch: 20 iter: 11 train_iter_loss: 0.063162 learn_rate: 0.001667 
epoch: 20 iter: 12 train_iter_loss: 0.061908 learn_rate: 0.001667 
epoch: 20 iter: 13 train_iter_loss: 0.059730 learn_rate: 0.001667 
epoch: 20 iter: 14 train_iter_loss: 0.060281 learn_rate: 0.001667 
epoch: 20 iter: 15 train_iter_loss: 0.061616 learn_rate: 0.001667 
epoch: 20 iter: 16 train_iter_loss: 0.062997 learn_rate: 0.001667 
epoch: 20 iter: 17 train_iter_loss: 0.060105 learn_rate: 0.001667 
epoch: 20 iter: 18 train_iter_loss: 0.061659 learn_rate: 0.001667 
epoch: 20 iter: 19 train_iter_loss: 0.059130 learn_rate: 0.001667 
epoch: 20 iter: 20 train_iter_loss: 0.057838 learn_rate: 0.001667 
epoch: 20 iter: 21 train_iter_loss: 0.060482 learn_rate: 0.001667 
epoch: 20 iter: 22 train_iter_loss: 0.059509 learn_rate: 0.001667 
epoch: 20 iter: 23 train_iter_loss: 0.057982 learn_rate: 0.001667 
epoch: 20 iter: 24 train_iter_loss: 0.059958 learn_rate: 0.001667 
epoch: 20 iter: 25 train_iter_loss: 0.057307 learn_rate: 0.001667 
epoch: 20 iter: 26 train_iter_loss: 0.060755 learn_rate: 0.001667 
epoch: 20 iter: 27 train_iter_loss: 0.060786 learn_rate: 0.001667 
epoch: 20 iter: 28 train_iter_loss: 0.059022 learn_rate: 0.001667 
epoch: 20 iter: 29 train_iter_loss: 0.058755 learn_rate: 0.001667 
epoch: 20 iter: 30 train_iter_loss: 0.058660 learn_rate: 0.001667 
epoch: 20 iter: 31 train_iter_loss: 0.058951 learn_rate: 0.001667 
epoch: 20 iter: 32 train_iter_loss: 0.060953 learn_rate: 0.001667 
epoch: 20 iter: 33 train_iter_loss: 0.059343 learn_rate: 0.001667 
epoch: 20 iter: 34 train_iter_loss: 0.061118 learn_rate: 0.001667 
epoch: 20 iter: 35 train_iter_loss: 0.060254 learn_rate: 0.001667 
epoch: 20 iter: 36 train_iter_loss: 0.060763 learn_rate: 0.001667 
epoch: 20 iter: 37 train_iter_loss: 0.058726 learn_rate: 0.001667 
epoch: 20 iter: 38 train_iter_loss: 0.058149 learn_rate: 0.001667 
epoch: 20 iter: 39 train_iter_loss: 0.060511 learn_rate: 0.001667 
epoch: 20 iter: 40 train_iter_loss: 0.060736 learn_rate: 0.001667 
epoch: 20 iter: 41 train_iter_loss: 0.058521 learn_rate: 0.001667 
epoch: 20 iter: 42 train_iter_loss: 0.060223 learn_rate: 0.001667 
epoch: 20 iter: 43 train_iter_loss: 0.060508 learn_rate: 0.001667 
epoch: 20 iter: 44 train_iter_loss: 0.060538 learn_rate: 0.001667 
epoch: 20 iter: 45 train_iter_loss: 0.060049 learn_rate: 0.001667 
epoch: 20 train_epoch_loss: 0.059952 learn_rate: 0.001667 test_p: 0.796676 test_r: 0.733565 test_f: 0.762874
epoch: 21 iter: 1 train_iter_loss: 0.059942 learn_rate: 0.001667 
epoch: 21 iter: 2 train_iter_loss: 0.060964 learn_rate: 0.001667 
epoch: 21 iter: 3 train_iter_loss: 0.057956 learn_rate: 0.001667 
epoch: 21 iter: 4 train_iter_loss: 0.060167 learn_rate: 0.001667 
epoch: 21 iter: 5 train_iter_loss: 0.059044 learn_rate: 0.001667 
epoch: 21 iter: 6 train_iter_loss: 0.060759 learn_rate: 0.001667 
epoch: 21 iter: 7 train_iter_loss: 0.057837 learn_rate: 0.001667 
epoch: 21 iter: 8 train_iter_loss: 0.059046 learn_rate: 0.001667 
epoch: 21 iter: 9 train_iter_loss: 0.059616 learn_rate: 0.001667 
epoch: 21 iter: 10 train_iter_loss: 0.059614 learn_rate: 0.001667 
epoch: 21 iter: 11 train_iter_loss: 0.058947 learn_rate: 0.001667 
epoch: 21 iter: 12 train_iter_loss: 0.061028 learn_rate: 0.001667 
epoch: 21 iter: 13 train_iter_loss: 0.058307 learn_rate: 0.001667 
epoch: 21 iter: 14 train_iter_loss: 0.057447 learn_rate: 0.001667 
epoch: 21 iter: 15 train_iter_loss: 0.058903 learn_rate: 0.001667 
epoch: 21 iter: 16 train_iter_loss: 0.059513 learn_rate: 0.001667 
epoch: 21 iter: 17 train_iter_loss: 0.059544 learn_rate: 0.001667 
epoch: 21 iter: 18 train_iter_loss: 0.060223 learn_rate: 0.001667 
epoch: 21 iter: 19 train_iter_loss: 0.059350 learn_rate: 0.001667 
epoch: 21 iter: 20 train_iter_loss: 0.060345 learn_rate: 0.001667 
epoch: 21 iter: 21 train_iter_loss: 0.059983 learn_rate: 0.001667 
epoch: 21 iter: 22 train_iter_loss: 0.060391 learn_rate: 0.001667 
epoch: 21 iter: 23 train_iter_loss: 0.058459 learn_rate: 0.001667 
epoch: 21 iter: 24 train_iter_loss: 0.060308 learn_rate: 0.001667 
epoch: 21 iter: 25 train_iter_loss: 0.059140 learn_rate: 0.001667 
epoch: 21 iter: 26 train_iter_loss: 0.059297 learn_rate: 0.001667 
epoch: 21 iter: 27 train_iter_loss: 0.058603 learn_rate: 0.001667 
epoch: 21 iter: 28 train_iter_loss: 0.059991 learn_rate: 0.001667 
epoch: 21 iter: 29 train_iter_loss: 0.061077 learn_rate: 0.001667 
epoch: 21 iter: 30 train_iter_loss: 0.059675 learn_rate: 0.001667 
epoch: 21 iter: 31 train_iter_loss: 0.059406 learn_rate: 0.001667 
epoch: 21 iter: 32 train_iter_loss: 0.060976 learn_rate: 0.001667 
epoch: 21 iter: 33 train_iter_loss: 0.058233 learn_rate: 0.001667 
epoch: 21 iter: 34 train_iter_loss: 0.059755 learn_rate: 0.001667 
epoch: 21 iter: 35 train_iter_loss: 0.061121 learn_rate: 0.001667 
epoch: 21 iter: 36 train_iter_loss: 0.061701 learn_rate: 0.001667 
epoch: 21 iter: 37 train_iter_loss: 0.060066 learn_rate: 0.001667 
epoch: 21 iter: 38 train_iter_loss: 0.060628 learn_rate: 0.001667 
epoch: 21 iter: 39 train_iter_loss: 0.058651 learn_rate: 0.001667 
epoch: 21 iter: 40 train_iter_loss: 0.059507 learn_rate: 0.001667 
epoch: 21 iter: 41 train_iter_loss: 0.060579 learn_rate: 0.001667 
epoch: 21 iter: 42 train_iter_loss: 0.058449 learn_rate: 0.001667 
epoch: 21 iter: 43 train_iter_loss: 0.060818 learn_rate: 0.001667 
epoch: 21 iter: 44 train_iter_loss: 0.060782 learn_rate: 0.001667 
epoch: 21 iter: 45 train_iter_loss: 0.060039 learn_rate: 0.001667 
epoch: 21 train_epoch_loss: 0.059693 learn_rate: 0.001667 test_p: 0.788615 test_r: 0.718644 test_f: 0.751047
epoch: 22 iter: 1 train_iter_loss: 0.058692 learn_rate: 0.001667 
epoch: 22 iter: 2 train_iter_loss: 0.060338 learn_rate: 0.001667 
epoch: 22 iter: 3 train_iter_loss: 0.058886 learn_rate: 0.001667 
epoch: 22 iter: 4 train_iter_loss: 0.060747 learn_rate: 0.001667 
epoch: 22 iter: 5 train_iter_loss: 0.059707 learn_rate: 0.001667 
epoch: 22 iter: 6 train_iter_loss: 0.060007 learn_rate: 0.001667 
epoch: 22 iter: 7 train_iter_loss: 0.059502 learn_rate: 0.001667 
epoch: 22 iter: 8 train_iter_loss: 0.060305 learn_rate: 0.001667 
epoch: 22 iter: 9 train_iter_loss: 0.058325 learn_rate: 0.001667 
epoch: 22 iter: 10 train_iter_loss: 0.059179 learn_rate: 0.001667 
epoch: 22 iter: 11 train_iter_loss: 0.060488 learn_rate: 0.001667 
epoch: 22 iter: 12 train_iter_loss: 0.059757 learn_rate: 0.001667 
epoch: 22 iter: 13 train_iter_loss: 0.058737 learn_rate: 0.001667 
epoch: 22 iter: 14 train_iter_loss: 0.059338 learn_rate: 0.001667 
epoch: 22 iter: 15 train_iter_loss: 0.057853 learn_rate: 0.001667 
epoch: 22 iter: 16 train_iter_loss: 0.057485 learn_rate: 0.001667 
epoch: 22 iter: 17 train_iter_loss: 0.060392 learn_rate: 0.001667 
epoch: 22 iter: 18 train_iter_loss: 0.059945 learn_rate: 0.001667 
epoch: 22 iter: 19 train_iter_loss: 0.059839 learn_rate: 0.001667 
epoch: 22 iter: 20 train_iter_loss: 0.059329 learn_rate: 0.001667 
epoch: 22 iter: 21 train_iter_loss: 0.060697 learn_rate: 0.001667 
epoch: 22 iter: 22 train_iter_loss: 0.060807 learn_rate: 0.001667 
epoch: 22 iter: 23 train_iter_loss: 0.060467 learn_rate: 0.001667 
epoch: 22 iter: 24 train_iter_loss: 0.058039 learn_rate: 0.001667 
epoch: 22 iter: 25 train_iter_loss: 0.059938 learn_rate: 0.001667 
epoch: 22 iter: 26 train_iter_loss: 0.058452 learn_rate: 0.001667 
epoch: 22 iter: 27 train_iter_loss: 0.059675 learn_rate: 0.001667 
epoch: 22 iter: 28 train_iter_loss: 0.058810 learn_rate: 0.001667 
epoch: 22 iter: 29 train_iter_loss: 0.060181 learn_rate: 0.001667 
epoch: 22 iter: 30 train_iter_loss: 0.059740 learn_rate: 0.001667 
epoch: 22 iter: 31 train_iter_loss: 0.057782 learn_rate: 0.001667 
epoch: 22 iter: 32 train_iter_loss: 0.060452 learn_rate: 0.001667 
epoch: 22 iter: 33 train_iter_loss: 0.059439 learn_rate: 0.001667 
epoch: 22 iter: 34 train_iter_loss: 0.060217 learn_rate: 0.001667 
epoch: 22 iter: 35 train_iter_loss: 0.058161 learn_rate: 0.001667 
epoch: 22 iter: 36 train_iter_loss: 0.058939 learn_rate: 0.001667 
epoch: 22 iter: 37 train_iter_loss: 0.062123 learn_rate: 0.001667 
epoch: 22 iter: 38 train_iter_loss: 0.058122 learn_rate: 0.001667 
epoch: 22 iter: 39 train_iter_loss: 0.059058 learn_rate: 0.001667 
epoch: 22 iter: 40 train_iter_loss: 0.058652 learn_rate: 0.001667 
epoch: 22 iter: 41 train_iter_loss: 0.057710 learn_rate: 0.001667 
epoch: 22 iter: 42 train_iter_loss: 0.059134 learn_rate: 0.001667 
epoch: 22 iter: 43 train_iter_loss: 0.061796 learn_rate: 0.001667 
epoch: 22 iter: 44 train_iter_loss: 0.059328 learn_rate: 0.001667 
epoch: 22 iter: 45 train_iter_loss: 0.057619 learn_rate: 0.001667 
epoch: 22 train_epoch_loss: 0.059426 learn_rate: 0.001667 test_p: 0.793033 test_r: 0.727999 test_f: 0.758190
epoch: 23 iter: 1 train_iter_loss: 0.058189 learn_rate: 0.001667 
epoch: 23 iter: 2 train_iter_loss: 0.060446 learn_rate: 0.001667 
epoch: 23 iter: 3 train_iter_loss: 0.061266 learn_rate: 0.001667 
epoch: 23 iter: 4 train_iter_loss: 0.060430 learn_rate: 0.001667 
epoch: 23 iter: 5 train_iter_loss: 0.059283 learn_rate: 0.001667 
epoch: 23 iter: 6 train_iter_loss: 0.058097 learn_rate: 0.001667 
epoch: 23 iter: 7 train_iter_loss: 0.058616 learn_rate: 0.001667 
epoch: 23 iter: 8 train_iter_loss: 0.059849 learn_rate: 0.001667 
epoch: 23 iter: 9 train_iter_loss: 0.060133 learn_rate: 0.001667 
epoch: 23 iter: 10 train_iter_loss: 0.060813 learn_rate: 0.001667 
epoch: 23 iter: 11 train_iter_loss: 0.058874 learn_rate: 0.001667 
epoch: 23 iter: 12 train_iter_loss: 0.058724 learn_rate: 0.001667 
epoch: 23 iter: 13 train_iter_loss: 0.059937 learn_rate: 0.001667 
epoch: 23 iter: 14 train_iter_loss: 0.059546 learn_rate: 0.001667 
epoch: 23 iter: 15 train_iter_loss: 0.059528 learn_rate: 0.001667 
epoch: 23 iter: 16 train_iter_loss: 0.058873 learn_rate: 0.001667 
epoch: 23 iter: 17 train_iter_loss: 0.058228 learn_rate: 0.001667 
epoch: 23 iter: 18 train_iter_loss: 0.060162 learn_rate: 0.001667 
epoch: 23 iter: 19 train_iter_loss: 0.058582 learn_rate: 0.001667 
epoch: 23 iter: 20 train_iter_loss: 0.062001 learn_rate: 0.001667 
epoch: 23 iter: 21 train_iter_loss: 0.058096 learn_rate: 0.001667 
epoch: 23 iter: 22 train_iter_loss: 0.057672 learn_rate: 0.001667 
epoch: 23 iter: 23 train_iter_loss: 0.059841 learn_rate: 0.001667 
epoch: 23 iter: 24 train_iter_loss: 0.058721 learn_rate: 0.001667 
epoch: 23 iter: 25 train_iter_loss: 0.059443 learn_rate: 0.001667 
epoch: 23 iter: 26 train_iter_loss: 0.059301 learn_rate: 0.001667 
epoch: 23 iter: 27 train_iter_loss: 0.058278 learn_rate: 0.001667 
epoch: 23 iter: 28 train_iter_loss: 0.061794 learn_rate: 0.001667 
epoch: 23 iter: 29 train_iter_loss: 0.060090 learn_rate: 0.001667 
epoch: 23 iter: 30 train_iter_loss: 0.060497 learn_rate: 0.001667 
epoch: 23 iter: 31 train_iter_loss: 0.057504 learn_rate: 0.001667 
epoch: 23 iter: 32 train_iter_loss: 0.059361 learn_rate: 0.001667 
epoch: 23 iter: 33 train_iter_loss: 0.060547 learn_rate: 0.001667 
epoch: 23 iter: 34 train_iter_loss: 0.058766 learn_rate: 0.001667 
epoch: 23 iter: 35 train_iter_loss: 0.060316 learn_rate: 0.001667 
epoch: 23 iter: 36 train_iter_loss: 0.059724 learn_rate: 0.001667 
epoch: 23 iter: 37 train_iter_loss: 0.060751 learn_rate: 0.001667 
epoch: 23 iter: 38 train_iter_loss: 0.060019 learn_rate: 0.001667 
epoch: 23 iter: 39 train_iter_loss: 0.058553 learn_rate: 0.001667 
epoch: 23 iter: 40 train_iter_loss: 0.058597 learn_rate: 0.001667 
epoch: 23 iter: 41 train_iter_loss: 0.059748 learn_rate: 0.001667 
epoch: 23 iter: 42 train_iter_loss: 0.059406 learn_rate: 0.001667 
epoch: 23 iter: 43 train_iter_loss: 0.057185 learn_rate: 0.001667 
epoch: 23 iter: 44 train_iter_loss: 0.055798 learn_rate: 0.001667 
epoch: 23 iter: 45 train_iter_loss: 0.059133 learn_rate: 0.001667 
epoch: 23 train_epoch_loss: 0.059349 learn_rate: 0.001667 test_p: 0.809908 test_r: 0.761683 test_f: 0.783879
epoch: 24 iter: 1 train_iter_loss: 0.057629 learn_rate: 0.001667 
epoch: 24 iter: 2 train_iter_loss: 0.058586 learn_rate: 0.001667 
epoch: 24 iter: 3 train_iter_loss: 0.059228 learn_rate: 0.001667 
epoch: 24 iter: 4 train_iter_loss: 0.057904 learn_rate: 0.001667 
epoch: 24 iter: 5 train_iter_loss: 0.059678 learn_rate: 0.001667 
epoch: 24 iter: 6 train_iter_loss: 0.057861 learn_rate: 0.001667 
epoch: 24 iter: 7 train_iter_loss: 0.059626 learn_rate: 0.001667 
epoch: 24 iter: 8 train_iter_loss: 0.060397 learn_rate: 0.001667 
epoch: 24 iter: 9 train_iter_loss: 0.059412 learn_rate: 0.001667 
epoch: 24 iter: 10 train_iter_loss: 0.061795 learn_rate: 0.001667 
epoch: 24 iter: 11 train_iter_loss: 0.059367 learn_rate: 0.001667 
epoch: 24 iter: 12 train_iter_loss: 0.059593 learn_rate: 0.001667 
epoch: 24 iter: 13 train_iter_loss: 0.058926 learn_rate: 0.001667 
epoch: 24 iter: 14 train_iter_loss: 0.060906 learn_rate: 0.001667 
epoch: 24 iter: 15 train_iter_loss: 0.060956 learn_rate: 0.001667 
epoch: 24 iter: 16 train_iter_loss: 0.059713 learn_rate: 0.001667 
epoch: 24 iter: 17 train_iter_loss: 0.059389 learn_rate: 0.001667 
epoch: 24 iter: 18 train_iter_loss: 0.058693 learn_rate: 0.001667 
epoch: 24 iter: 19 train_iter_loss: 0.060414 learn_rate: 0.001667 
epoch: 24 iter: 20 train_iter_loss: 0.059659 learn_rate: 0.001667 
epoch: 24 iter: 21 train_iter_loss: 0.057181 learn_rate: 0.001667 
epoch: 24 iter: 22 train_iter_loss: 0.059408 learn_rate: 0.001667 
epoch: 24 iter: 23 train_iter_loss: 0.058699 learn_rate: 0.001667 
epoch: 24 iter: 24 train_iter_loss: 0.058684 learn_rate: 0.001667 
epoch: 24 iter: 25 train_iter_loss: 0.057064 learn_rate: 0.001667 
epoch: 24 iter: 26 train_iter_loss: 0.057289 learn_rate: 0.001667 
epoch: 24 iter: 27 train_iter_loss: 0.058775 learn_rate: 0.001667 
epoch: 24 iter: 28 train_iter_loss: 0.061581 learn_rate: 0.001667 
epoch: 24 iter: 29 train_iter_loss: 0.059428 learn_rate: 0.001667 
epoch: 24 iter: 30 train_iter_loss: 0.058384 learn_rate: 0.001667 
epoch: 24 iter: 31 train_iter_loss: 0.058907 learn_rate: 0.001667 
epoch: 24 iter: 32 train_iter_loss: 0.059228 learn_rate: 0.001667 
epoch: 24 iter: 33 train_iter_loss: 0.060958 learn_rate: 0.001667 
epoch: 24 iter: 34 train_iter_loss: 0.057794 learn_rate: 0.001667 
epoch: 24 iter: 35 train_iter_loss: 0.058405 learn_rate: 0.001667 
epoch: 24 iter: 36 train_iter_loss: 0.058436 learn_rate: 0.001667 
epoch: 24 iter: 37 train_iter_loss: 0.060303 learn_rate: 0.001667 
epoch: 24 iter: 38 train_iter_loss: 0.059818 learn_rate: 0.001667 
epoch: 24 iter: 39 train_iter_loss: 0.059773 learn_rate: 0.001667 
epoch: 24 iter: 40 train_iter_loss: 0.058842 learn_rate: 0.001667 
epoch: 24 iter: 41 train_iter_loss: 0.059197 learn_rate: 0.001667 
epoch: 24 iter: 42 train_iter_loss: 0.059003 learn_rate: 0.001667 
epoch: 24 iter: 43 train_iter_loss: 0.059224 learn_rate: 0.001667 
epoch: 24 iter: 44 train_iter_loss: 0.060602 learn_rate: 0.001667 
epoch: 24 iter: 45 train_iter_loss: 0.057620 learn_rate: 0.001667 
epoch: 24 train_epoch_loss: 0.059207 learn_rate: 0.001667 test_p: 0.771495 test_r: 0.675454 test_f: 0.719173
epoch: 25 iter: 1 train_iter_loss: 0.059142 learn_rate: 0.001667 
epoch: 25 iter: 2 train_iter_loss: 0.057405 learn_rate: 0.001667 
epoch: 25 iter: 3 train_iter_loss: 0.060191 learn_rate: 0.001667 
epoch: 25 iter: 4 train_iter_loss: 0.061661 learn_rate: 0.001667 
epoch: 25 iter: 5 train_iter_loss: 0.057684 learn_rate: 0.001667 
epoch: 25 iter: 6 train_iter_loss: 0.059635 learn_rate: 0.001667 
epoch: 25 iter: 7 train_iter_loss: 0.060781 learn_rate: 0.001667 
epoch: 25 iter: 8 train_iter_loss: 0.061515 learn_rate: 0.001667 
epoch: 25 iter: 9 train_iter_loss: 0.059034 learn_rate: 0.001667 
epoch: 25 iter: 10 train_iter_loss: 0.057754 learn_rate: 0.001667 
epoch: 25 iter: 11 train_iter_loss: 0.059863 learn_rate: 0.001667 
epoch: 25 iter: 12 train_iter_loss: 0.059034 learn_rate: 0.001667 
epoch: 25 iter: 13 train_iter_loss: 0.059697 learn_rate: 0.001667 
epoch: 25 iter: 14 train_iter_loss: 0.058188 learn_rate: 0.001667 
epoch: 25 iter: 15 train_iter_loss: 0.056540 learn_rate: 0.001667 
epoch: 25 iter: 16 train_iter_loss: 0.059760 learn_rate: 0.001667 
epoch: 25 iter: 17 train_iter_loss: 0.060320 learn_rate: 0.001667 
epoch: 25 iter: 18 train_iter_loss: 0.061307 learn_rate: 0.001667 
epoch: 25 iter: 19 train_iter_loss: 0.058940 learn_rate: 0.001667 
epoch: 25 iter: 20 train_iter_loss: 0.059821 learn_rate: 0.001667 
epoch: 25 iter: 21 train_iter_loss: 0.058949 learn_rate: 0.001667 
epoch: 25 iter: 22 train_iter_loss: 0.058889 learn_rate: 0.001667 
epoch: 25 iter: 23 train_iter_loss: 0.057010 learn_rate: 0.001667 
epoch: 25 iter: 24 train_iter_loss: 0.061148 learn_rate: 0.001667 
epoch: 25 iter: 25 train_iter_loss: 0.058470 learn_rate: 0.001667 
epoch: 25 iter: 26 train_iter_loss: 0.059281 learn_rate: 0.001667 
epoch: 25 iter: 27 train_iter_loss: 0.061158 learn_rate: 0.001667 
epoch: 25 iter: 28 train_iter_loss: 0.059335 learn_rate: 0.001667 
epoch: 25 iter: 29 train_iter_loss: 0.060369 learn_rate: 0.001667 
epoch: 25 iter: 30 train_iter_loss: 0.058832 learn_rate: 0.001667 
epoch: 25 iter: 31 train_iter_loss: 0.062025 learn_rate: 0.001667 
epoch: 25 iter: 32 train_iter_loss: 0.059243 learn_rate: 0.001667 
epoch: 25 iter: 33 train_iter_loss: 0.058215 learn_rate: 0.001667 
epoch: 25 iter: 34 train_iter_loss: 0.059687 learn_rate: 0.001667 
epoch: 25 iter: 35 train_iter_loss: 0.059180 learn_rate: 0.001667 
epoch: 25 iter: 36 train_iter_loss: 0.060253 learn_rate: 0.001667 
epoch: 25 iter: 37 train_iter_loss: 0.058710 learn_rate: 0.001667 
epoch: 25 iter: 38 train_iter_loss: 0.058390 learn_rate: 0.001667 
epoch: 25 iter: 39 train_iter_loss: 0.057826 learn_rate: 0.001667 
epoch: 25 iter: 40 train_iter_loss: 0.059308 learn_rate: 0.001667 
epoch: 25 iter: 41 train_iter_loss: 0.058926 learn_rate: 0.001667 
epoch: 25 iter: 42 train_iter_loss: 0.062308 learn_rate: 0.001667 
epoch: 25 iter: 43 train_iter_loss: 0.059434 learn_rate: 0.001667 
epoch: 25 iter: 44 train_iter_loss: 0.060837 learn_rate: 0.001667 
epoch: 25 iter: 45 train_iter_loss: 0.058643 learn_rate: 0.001667 
epoch: 25 train_epoch_loss: 0.059438 learn_rate: 0.001667 test_p: 0.795183 test_r: 0.750084 test_f: 0.771571
epoch: 26 iter: 1 train_iter_loss: 0.059849 learn_rate: 0.001667 
epoch: 26 iter: 2 train_iter_loss: 0.060481 learn_rate: 0.001667 
epoch: 26 iter: 3 train_iter_loss: 0.057893 learn_rate: 0.001667 
epoch: 26 iter: 4 train_iter_loss: 0.056700 learn_rate: 0.001667 
epoch: 26 iter: 5 train_iter_loss: 0.058080 learn_rate: 0.001667 
epoch: 26 iter: 6 train_iter_loss: 0.060037 learn_rate: 0.001667 
epoch: 26 iter: 7 train_iter_loss: 0.059359 learn_rate: 0.001667 
epoch: 26 iter: 8 train_iter_loss: 0.059070 learn_rate: 0.001667 
epoch: 26 iter: 9 train_iter_loss: 0.060036 learn_rate: 0.001667 
epoch: 26 iter: 10 train_iter_loss: 0.057536 learn_rate: 0.001667 
epoch: 26 iter: 11 train_iter_loss: 0.060065 learn_rate: 0.001667 
epoch: 26 iter: 12 train_iter_loss: 0.057860 learn_rate: 0.001667 
epoch: 26 iter: 13 train_iter_loss: 0.059798 learn_rate: 0.001667 
epoch: 26 iter: 14 train_iter_loss: 0.059309 learn_rate: 0.001667 
epoch: 26 iter: 15 train_iter_loss: 0.058645 learn_rate: 0.001667 
epoch: 26 iter: 16 train_iter_loss: 0.057280 learn_rate: 0.001667 
epoch: 26 iter: 17 train_iter_loss: 0.058639 learn_rate: 0.001667 
epoch: 26 iter: 18 train_iter_loss: 0.059454 learn_rate: 0.001667 
epoch: 26 iter: 19 train_iter_loss: 0.057239 learn_rate: 0.001667 
epoch: 26 iter: 20 train_iter_loss: 0.059508 learn_rate: 0.001667 
epoch: 26 iter: 21 train_iter_loss: 0.058767 learn_rate: 0.001667 
epoch: 26 iter: 22 train_iter_loss: 0.059419 learn_rate: 0.001667 
epoch: 26 iter: 23 train_iter_loss: 0.058525 learn_rate: 0.001667 
epoch: 26 iter: 24 train_iter_loss: 0.059081 learn_rate: 0.001667 
epoch: 26 iter: 25 train_iter_loss: 0.058196 learn_rate: 0.001667 
epoch: 26 iter: 26 train_iter_loss: 0.058343 learn_rate: 0.001667 
epoch: 26 iter: 27 train_iter_loss: 0.059106 learn_rate: 0.001667 
epoch: 26 iter: 28 train_iter_loss: 0.059534 learn_rate: 0.001667 
epoch: 26 iter: 29 train_iter_loss: 0.058815 learn_rate: 0.001667 
epoch: 26 iter: 30 train_iter_loss: 0.059532 learn_rate: 0.001667 
epoch: 26 iter: 31 train_iter_loss: 0.058760 learn_rate: 0.001667 
epoch: 26 iter: 32 train_iter_loss: 0.058998 learn_rate: 0.001667 
epoch: 26 iter: 33 train_iter_loss: 0.060136 learn_rate: 0.001667 
epoch: 26 iter: 34 train_iter_loss: 0.058111 learn_rate: 0.001667 
epoch: 26 iter: 35 train_iter_loss: 0.057914 learn_rate: 0.001667 
epoch: 26 iter: 36 train_iter_loss: 0.058152 learn_rate: 0.001667 
epoch: 26 iter: 37 train_iter_loss: 0.060490 learn_rate: 0.001667 
epoch: 26 iter: 38 train_iter_loss: 0.058514 learn_rate: 0.001667 
epoch: 26 iter: 39 train_iter_loss: 0.060125 learn_rate: 0.001667 
epoch: 26 iter: 40 train_iter_loss: 0.057749 learn_rate: 0.001667 
epoch: 26 iter: 41 train_iter_loss: 0.059229 learn_rate: 0.001667 
epoch: 26 iter: 42 train_iter_loss: 0.060472 learn_rate: 0.001667 
epoch: 26 iter: 43 train_iter_loss: 0.060229 learn_rate: 0.001667 
epoch: 26 iter: 44 train_iter_loss: 0.060279 learn_rate: 0.001667 
epoch: 26 iter: 45 train_iter_loss: 0.059635 learn_rate: 0.001667 
epoch: 26 train_epoch_loss: 0.058999 learn_rate: 0.001667 test_p: 0.791110 test_r: 0.725317 test_f: 0.755770
epoch: 27 iter: 1 train_iter_loss: 0.059535 learn_rate: 0.001667 
epoch: 27 iter: 2 train_iter_loss: 0.059237 learn_rate: 0.001667 
epoch: 27 iter: 3 train_iter_loss: 0.057938 learn_rate: 0.001667 
epoch: 27 iter: 4 train_iter_loss: 0.059102 learn_rate: 0.001667 
epoch: 27 iter: 5 train_iter_loss: 0.057972 learn_rate: 0.001667 
epoch: 27 iter: 6 train_iter_loss: 0.059062 learn_rate: 0.001667 
epoch: 27 iter: 7 train_iter_loss: 0.056485 learn_rate: 0.001667 
epoch: 27 iter: 8 train_iter_loss: 0.058901 learn_rate: 0.001667 
epoch: 27 iter: 9 train_iter_loss: 0.056611 learn_rate: 0.001667 
epoch: 27 iter: 10 train_iter_loss: 0.057781 learn_rate: 0.001667 
epoch: 27 iter: 11 train_iter_loss: 0.061107 learn_rate: 0.001667 
epoch: 27 iter: 12 train_iter_loss: 0.060116 learn_rate: 0.001667 
epoch: 27 iter: 13 train_iter_loss: 0.060730 learn_rate: 0.001667 
epoch: 27 iter: 14 train_iter_loss: 0.058161 learn_rate: 0.001667 
epoch: 27 iter: 15 train_iter_loss: 0.058141 learn_rate: 0.001667 
epoch: 27 iter: 16 train_iter_loss: 0.060412 learn_rate: 0.001667 
epoch: 27 iter: 17 train_iter_loss: 0.061106 learn_rate: 0.001667 
epoch: 27 iter: 18 train_iter_loss: 0.060067 learn_rate: 0.001667 
epoch: 27 iter: 19 train_iter_loss: 0.058088 learn_rate: 0.001667 
epoch: 27 iter: 20 train_iter_loss: 0.059576 learn_rate: 0.001667 
epoch: 27 iter: 21 train_iter_loss: 0.058870 learn_rate: 0.001667 
epoch: 27 iter: 22 train_iter_loss: 0.058162 learn_rate: 0.001667 
epoch: 27 iter: 23 train_iter_loss: 0.060097 learn_rate: 0.001667 
epoch: 27 iter: 24 train_iter_loss: 0.060777 learn_rate: 0.001667 
epoch: 27 iter: 25 train_iter_loss: 0.060945 learn_rate: 0.001667 
epoch: 27 iter: 26 train_iter_loss: 0.058064 learn_rate: 0.001667 
epoch: 27 iter: 27 train_iter_loss: 0.059055 learn_rate: 0.001667 
epoch: 27 iter: 28 train_iter_loss: 0.061165 learn_rate: 0.001667 
epoch: 27 iter: 29 train_iter_loss: 0.068923 learn_rate: 0.001667 
epoch: 27 iter: 30 train_iter_loss: 0.063108 learn_rate: 0.001667 
epoch: 27 iter: 31 train_iter_loss: 0.059406 learn_rate: 0.001667 
epoch: 27 iter: 32 train_iter_loss: 0.059293 learn_rate: 0.001667 
epoch: 27 iter: 33 train_iter_loss: 0.058571 learn_rate: 0.001667 
epoch: 27 iter: 34 train_iter_loss: 0.061797 learn_rate: 0.001667 
epoch: 27 iter: 35 train_iter_loss: 0.063483 learn_rate: 0.001667 
epoch: 27 iter: 36 train_iter_loss: 0.061412 learn_rate: 0.001667 
epoch: 27 iter: 37 train_iter_loss: 0.057315 learn_rate: 0.001667 
epoch: 27 iter: 38 train_iter_loss: 0.065741 learn_rate: 0.001667 
epoch: 27 iter: 39 train_iter_loss: 0.059153 learn_rate: 0.001667 
epoch: 27 iter: 40 train_iter_loss: 0.057768 learn_rate: 0.001667 
epoch: 27 iter: 41 train_iter_loss: 0.060409 learn_rate: 0.001667 
epoch: 27 iter: 42 train_iter_loss: 0.060190 learn_rate: 0.001667 
epoch: 27 iter: 43 train_iter_loss: 0.061245 learn_rate: 0.001667 
epoch: 27 iter: 44 train_iter_loss: 0.058820 learn_rate: 0.001667 
epoch: 27 iter: 45 train_iter_loss: 0.059889 learn_rate: 0.001667 
epoch: 27 train_epoch_loss: 0.059862 learn_rate: 0.001667 test_p: 0.833663 test_r: 0.812999 test_f: 0.822892
epoch: 28 iter: 1 train_iter_loss: 0.060955 learn_rate: 0.001667 
epoch: 28 iter: 2 train_iter_loss: 0.057918 learn_rate: 0.001667 
epoch: 28 iter: 3 train_iter_loss: 0.057678 learn_rate: 0.001667 
epoch: 28 iter: 4 train_iter_loss: 0.059956 learn_rate: 0.001667 
epoch: 28 iter: 5 train_iter_loss: 0.058284 learn_rate: 0.001667 
epoch: 28 iter: 6 train_iter_loss: 0.059191 learn_rate: 0.001667 
epoch: 28 iter: 7 train_iter_loss: 0.061096 learn_rate: 0.001667 
epoch: 28 iter: 8 train_iter_loss: 0.060014 learn_rate: 0.001667 
epoch: 28 iter: 9 train_iter_loss: 0.060439 learn_rate: 0.001667 
epoch: 28 iter: 10 train_iter_loss: 0.061761 learn_rate: 0.001667 
epoch: 28 iter: 11 train_iter_loss: 0.060948 learn_rate: 0.001667 
epoch: 28 iter: 12 train_iter_loss: 0.060376 learn_rate: 0.001667 
epoch: 28 iter: 13 train_iter_loss: 0.060470 learn_rate: 0.001667 
epoch: 28 iter: 14 train_iter_loss: 0.060997 learn_rate: 0.001667 
epoch: 28 iter: 15 train_iter_loss: 0.057361 learn_rate: 0.001667 
epoch: 28 iter: 16 train_iter_loss: 0.060199 learn_rate: 0.001667 
epoch: 28 iter: 17 train_iter_loss: 0.057457 learn_rate: 0.001667 
epoch: 28 iter: 18 train_iter_loss: 0.062478 learn_rate: 0.001667 
epoch: 28 iter: 19 train_iter_loss: 0.059201 learn_rate: 0.001667 
epoch: 28 iter: 20 train_iter_loss: 0.059591 learn_rate: 0.001667 
epoch: 28 iter: 21 train_iter_loss: 0.060427 learn_rate: 0.001667 
epoch: 28 iter: 22 train_iter_loss: 0.059059 learn_rate: 0.001667 
epoch: 28 iter: 23 train_iter_loss: 0.060466 learn_rate: 0.001667 
epoch: 28 iter: 24 train_iter_loss: 0.059252 learn_rate: 0.001667 
epoch: 28 iter: 25 train_iter_loss: 0.058133 learn_rate: 0.001667 
epoch: 28 iter: 26 train_iter_loss: 0.059542 learn_rate: 0.001667 
epoch: 28 iter: 27 train_iter_loss: 0.058705 learn_rate: 0.001667 
epoch: 28 iter: 28 train_iter_loss: 0.062209 learn_rate: 0.001667 
epoch: 28 iter: 29 train_iter_loss: 0.059361 learn_rate: 0.001667 
epoch: 28 iter: 30 train_iter_loss: 0.058162 learn_rate: 0.001667 
epoch: 28 iter: 31 train_iter_loss: 0.058525 learn_rate: 0.001667 
epoch: 28 iter: 32 train_iter_loss: 0.061327 learn_rate: 0.001667 
epoch: 28 iter: 33 train_iter_loss: 0.058990 learn_rate: 0.001667 
epoch: 28 iter: 34 train_iter_loss: 0.059628 learn_rate: 0.001667 
epoch: 28 iter: 35 train_iter_loss: 0.058674 learn_rate: 0.001667 
epoch: 28 iter: 36 train_iter_loss: 0.057292 learn_rate: 0.001667 
epoch: 28 iter: 37 train_iter_loss: 0.059124 learn_rate: 0.001667 
epoch: 28 iter: 38 train_iter_loss: 0.057391 learn_rate: 0.001667 
epoch: 28 iter: 39 train_iter_loss: 0.058285 learn_rate: 0.001667 
epoch: 28 iter: 40 train_iter_loss: 0.057829 learn_rate: 0.001667 
epoch: 28 iter: 41 train_iter_loss: 0.058088 learn_rate: 0.001667 
epoch: 28 iter: 42 train_iter_loss: 0.057431 learn_rate: 0.001667 
epoch: 28 iter: 43 train_iter_loss: 0.059225 learn_rate: 0.001667 
epoch: 28 iter: 44 train_iter_loss: 0.059299 learn_rate: 0.001667 
epoch: 28 iter: 45 train_iter_loss: 0.059017 learn_rate: 0.001667 
epoch: 28 train_epoch_loss: 0.059374 learn_rate: 0.001667 test_p: 0.809028 test_r: 0.754097 test_f: 0.778995
epoch: 29 iter: 1 train_iter_loss: 0.058691 learn_rate: 0.000556 
epoch: 29 iter: 2 train_iter_loss: 0.059261 learn_rate: 0.000556 
epoch: 29 iter: 3 train_iter_loss: 0.059186 learn_rate: 0.000556 
epoch: 29 iter: 4 train_iter_loss: 0.057811 learn_rate: 0.000556 
epoch: 29 iter: 5 train_iter_loss: 0.057659 learn_rate: 0.000556 
epoch: 29 iter: 6 train_iter_loss: 0.058746 learn_rate: 0.000556 
epoch: 29 iter: 7 train_iter_loss: 0.057744 learn_rate: 0.000556 
epoch: 29 iter: 8 train_iter_loss: 0.059101 learn_rate: 0.000556 
epoch: 29 iter: 9 train_iter_loss: 0.058776 learn_rate: 0.000556 
epoch: 29 iter: 10 train_iter_loss: 0.057098 learn_rate: 0.000556 
epoch: 29 iter: 11 train_iter_loss: 0.057919 learn_rate: 0.000556 
epoch: 29 iter: 12 train_iter_loss: 0.059521 learn_rate: 0.000556 
epoch: 29 iter: 13 train_iter_loss: 0.058477 learn_rate: 0.000556 
epoch: 29 iter: 14 train_iter_loss: 0.059450 learn_rate: 0.000556 
epoch: 29 iter: 15 train_iter_loss: 0.059891 learn_rate: 0.000556 
epoch: 29 iter: 16 train_iter_loss: 0.058738 learn_rate: 0.000556 
epoch: 29 iter: 17 train_iter_loss: 0.058908 learn_rate: 0.000556 
epoch: 29 iter: 18 train_iter_loss: 0.058666 learn_rate: 0.000556 
epoch: 29 iter: 19 train_iter_loss: 0.060134 learn_rate: 0.000556 
epoch: 29 iter: 20 train_iter_loss: 0.059457 learn_rate: 0.000556 
epoch: 29 iter: 21 train_iter_loss: 0.058827 learn_rate: 0.000556 
epoch: 29 iter: 22 train_iter_loss: 0.058130 learn_rate: 0.000556 
epoch: 29 iter: 23 train_iter_loss: 0.058804 learn_rate: 0.000556 
epoch: 29 iter: 24 train_iter_loss: 0.057795 learn_rate: 0.000556 
epoch: 29 iter: 25 train_iter_loss: 0.058555 learn_rate: 0.000556 
epoch: 29 iter: 26 train_iter_loss: 0.058383 learn_rate: 0.000556 
epoch: 29 iter: 27 train_iter_loss: 0.058809 learn_rate: 0.000556 
epoch: 29 iter: 28 train_iter_loss: 0.057913 learn_rate: 0.000556 
epoch: 29 iter: 29 train_iter_loss: 0.059065 learn_rate: 0.000556 
epoch: 29 iter: 30 train_iter_loss: 0.059525 learn_rate: 0.000556 
epoch: 29 iter: 31 train_iter_loss: 0.057920 learn_rate: 0.000556 
epoch: 29 iter: 32 train_iter_loss: 0.057826 learn_rate: 0.000556 
epoch: 29 iter: 33 train_iter_loss: 0.058558 learn_rate: 0.000556 
epoch: 29 iter: 34 train_iter_loss: 0.059358 learn_rate: 0.000556 
epoch: 29 iter: 35 train_iter_loss: 0.060038 learn_rate: 0.000556 
epoch: 29 iter: 36 train_iter_loss: 0.058584 learn_rate: 0.000556 
epoch: 29 iter: 37 train_iter_loss: 0.056998 learn_rate: 0.000556 
epoch: 29 iter: 38 train_iter_loss: 0.058574 learn_rate: 0.000556 
epoch: 29 iter: 39 train_iter_loss: 0.057519 learn_rate: 0.000556 
epoch: 29 iter: 40 train_iter_loss: 0.059997 learn_rate: 0.000556 
