Thu Apr 27 02:00:57 2023
data_dict: {'mean': array([52.577312, 58.369846, 64.18167 , 70.45434 , 73.402306, 74.65444 ,
       82.21852 , 68.0046  ], dtype=float32), 'std': array([ 3.270017 ,  5.3367376,  7.4638834,  9.610123 , 10.922919 ,
        7.922177 ,  8.236405 ,  6.6940613], dtype=float32), 'classWeights': array([1.4738444, 5.8891582, 7.4325876], dtype=float32), 'img_shape': (256, 256, 8)}
epoch: 1 iter: 1 train_iter_loss: 0.245060 learn_rate: 0.010000 
epoch: 1 iter: 2 train_iter_loss: 0.243534 learn_rate: 0.010000 
epoch: 1 iter: 3 train_iter_loss: 0.242229 learn_rate: 0.010000 
epoch: 1 iter: 4 train_iter_loss: 0.240557 learn_rate: 0.010000 
epoch: 1 iter: 5 train_iter_loss: 0.236549 learn_rate: 0.010000 
epoch: 1 iter: 6 train_iter_loss: 0.224965 learn_rate: 0.010000 
epoch: 1 iter: 7 train_iter_loss: 0.191692 learn_rate: 0.010000 
epoch: 1 iter: 8 train_iter_loss: 0.162386 learn_rate: 0.010000 
epoch: 1 iter: 9 train_iter_loss: 0.128651 learn_rate: 0.010000 
epoch: 1 iter: 10 train_iter_loss: 0.098440 learn_rate: 0.010000 
epoch: 1 iter: 11 train_iter_loss: 0.120978 learn_rate: 0.010000 
epoch: 1 iter: 12 train_iter_loss: 0.118207 learn_rate: 0.010000 
epoch: 1 iter: 13 train_iter_loss: 0.106693 learn_rate: 0.010000 
epoch: 1 iter: 14 train_iter_loss: 0.113992 learn_rate: 0.010000 
epoch: 1 iter: 15 train_iter_loss: 0.106013 learn_rate: 0.010000 
epoch: 1 iter: 16 train_iter_loss: 0.100612 learn_rate: 0.010000 
epoch: 1 iter: 17 train_iter_loss: 0.113898 learn_rate: 0.010000 
epoch: 1 iter: 18 train_iter_loss: 0.101278 learn_rate: 0.010000 
epoch: 1 iter: 19 train_iter_loss: 0.109050 learn_rate: 0.010000 
epoch: 1 iter: 20 train_iter_loss: 0.109279 learn_rate: 0.010000 
epoch: 1 iter: 21 train_iter_loss: 0.097325 learn_rate: 0.010000 
epoch: 1 iter: 22 train_iter_loss: 0.092737 learn_rate: 0.010000 
epoch: 1 iter: 23 train_iter_loss: 0.086038 learn_rate: 0.010000 
epoch: 1 train_epoch_loss: 0.147398 learn_rate: 0.010000 test_p: 0.539828 test_r: 0.465233 test_f: 0.499267
epoch: 2 iter: 1 train_iter_loss: 0.080719 learn_rate: 0.010000 
epoch: 2 iter: 2 train_iter_loss: 0.100358 learn_rate: 0.010000 
epoch: 2 iter: 3 train_iter_loss: 0.094054 learn_rate: 0.010000 
epoch: 2 iter: 4 train_iter_loss: 0.082690 learn_rate: 0.010000 
epoch: 2 iter: 5 train_iter_loss: 0.095673 learn_rate: 0.010000 
epoch: 2 iter: 6 train_iter_loss: 0.101319 learn_rate: 0.010000 
epoch: 2 iter: 7 train_iter_loss: 0.110329 learn_rate: 0.010000 
epoch: 2 iter: 8 train_iter_loss: 0.093830 learn_rate: 0.010000 
epoch: 2 iter: 9 train_iter_loss: 0.097815 learn_rate: 0.010000 
epoch: 2 iter: 10 train_iter_loss: 0.082767 learn_rate: 0.010000 
epoch: 2 iter: 11 train_iter_loss: 0.099416 learn_rate: 0.010000 
epoch: 2 iter: 12 train_iter_loss: 0.089318 learn_rate: 0.010000 
epoch: 2 iter: 13 train_iter_loss: 0.097479 learn_rate: 0.010000 
epoch: 2 iter: 14 train_iter_loss: 0.088250 learn_rate: 0.010000 
epoch: 2 iter: 15 train_iter_loss: 0.091627 learn_rate: 0.010000 
epoch: 2 iter: 16 train_iter_loss: 0.089950 learn_rate: 0.010000 
epoch: 2 iter: 17 train_iter_loss: 0.097790 learn_rate: 0.010000 
epoch: 2 iter: 18 train_iter_loss: 0.088705 learn_rate: 0.010000 
epoch: 2 iter: 19 train_iter_loss: 0.097262 learn_rate: 0.010000 
epoch: 2 iter: 20 train_iter_loss: 0.095200 learn_rate: 0.010000 
epoch: 2 iter: 21 train_iter_loss: 0.087832 learn_rate: 0.010000 
epoch: 2 iter: 22 train_iter_loss: 0.099208 learn_rate: 0.010000 
epoch: 2 iter: 23 train_iter_loss: 0.075606 learn_rate: 0.010000 
epoch: 2 train_epoch_loss: 0.092922 learn_rate: 0.010000 test_p: 0.658763 test_r: 0.561077 test_f: 0.603497
epoch: 3 iter: 1 train_iter_loss: 0.088998 learn_rate: 0.010000 
epoch: 3 iter: 2 train_iter_loss: 0.086426 learn_rate: 0.010000 
epoch: 3 iter: 3 train_iter_loss: 0.081805 learn_rate: 0.010000 
epoch: 3 iter: 4 train_iter_loss: 0.087711 learn_rate: 0.010000 
epoch: 3 iter: 5 train_iter_loss: 0.086734 learn_rate: 0.010000 
epoch: 3 iter: 6 train_iter_loss: 0.094918 learn_rate: 0.010000 
epoch: 3 iter: 7 train_iter_loss: 0.097273 learn_rate: 0.010000 
epoch: 3 iter: 8 train_iter_loss: 0.096387 learn_rate: 0.010000 
epoch: 3 iter: 9 train_iter_loss: 0.103623 learn_rate: 0.010000 
epoch: 3 iter: 10 train_iter_loss: 0.101542 learn_rate: 0.010000 
epoch: 3 iter: 11 train_iter_loss: 0.087698 learn_rate: 0.010000 
epoch: 3 iter: 12 train_iter_loss: 0.085898 learn_rate: 0.010000 
epoch: 3 iter: 13 train_iter_loss: 0.090674 learn_rate: 0.010000 
epoch: 3 iter: 14 train_iter_loss: 0.086167 learn_rate: 0.010000 
epoch: 3 iter: 15 train_iter_loss: 0.089960 learn_rate: 0.010000 
epoch: 3 iter: 16 train_iter_loss: 0.084581 learn_rate: 0.010000 
epoch: 3 iter: 17 train_iter_loss: 0.079075 learn_rate: 0.010000 
epoch: 3 iter: 18 train_iter_loss: 0.082610 learn_rate: 0.010000 
epoch: 3 iter: 19 train_iter_loss: 0.084967 learn_rate: 0.010000 
epoch: 3 iter: 20 train_iter_loss: 0.084427 learn_rate: 0.010000 
epoch: 3 iter: 21 train_iter_loss: 0.078159 learn_rate: 0.010000 
epoch: 3 iter: 22 train_iter_loss: 0.081122 learn_rate: 0.010000 
epoch: 3 iter: 23 train_iter_loss: 0.092442 learn_rate: 0.010000 
epoch: 3 train_epoch_loss: 0.088400 learn_rate: 0.010000 test_p: 0.742200 test_r: 0.639691 test_f: 0.685445
epoch: 4 iter: 1 train_iter_loss: 0.080460 learn_rate: 0.010000 
epoch: 4 iter: 2 train_iter_loss: 0.083551 learn_rate: 0.010000 
epoch: 4 iter: 3 train_iter_loss: 0.079786 learn_rate: 0.010000 
epoch: 4 iter: 4 train_iter_loss: 0.083652 learn_rate: 0.010000 
epoch: 4 iter: 5 train_iter_loss: 0.083077 learn_rate: 0.010000 
epoch: 4 iter: 6 train_iter_loss: 0.080028 learn_rate: 0.010000 
epoch: 4 iter: 7 train_iter_loss: 0.078456 learn_rate: 0.010000 
epoch: 4 iter: 8 train_iter_loss: 0.080302 learn_rate: 0.010000 
epoch: 4 iter: 9 train_iter_loss: 0.083931 learn_rate: 0.010000 
epoch: 4 iter: 10 train_iter_loss: 0.080968 learn_rate: 0.010000 
epoch: 4 iter: 11 train_iter_loss: 0.086771 learn_rate: 0.010000 
epoch: 4 iter: 12 train_iter_loss: 0.071034 learn_rate: 0.010000 
epoch: 4 iter: 13 train_iter_loss: 0.089139 learn_rate: 0.010000 
epoch: 4 iter: 14 train_iter_loss: 0.086783 learn_rate: 0.010000 
epoch: 4 iter: 15 train_iter_loss: 0.080471 learn_rate: 0.010000 
epoch: 4 iter: 16 train_iter_loss: 0.079471 learn_rate: 0.010000 
epoch: 4 iter: 17 train_iter_loss: 0.077908 learn_rate: 0.010000 
epoch: 4 iter: 18 train_iter_loss: 0.075103 learn_rate: 0.010000 
epoch: 4 iter: 19 train_iter_loss: 0.078516 learn_rate: 0.010000 
epoch: 4 iter: 20 train_iter_loss: 0.080719 learn_rate: 0.010000 
epoch: 4 iter: 21 train_iter_loss: 0.080247 learn_rate: 0.010000 
epoch: 4 iter: 22 train_iter_loss: 0.078346 learn_rate: 0.010000 
epoch: 4 iter: 23 train_iter_loss: 0.078157 learn_rate: 0.010000 
epoch: 4 train_epoch_loss: 0.080734 learn_rate: 0.010000 test_p: 0.748549 test_r: 0.648042 test_f: 0.693330
epoch: 5 iter: 1 train_iter_loss: 0.073899 learn_rate: 0.010000 
epoch: 5 iter: 2 train_iter_loss: 0.084121 learn_rate: 0.010000 
epoch: 5 iter: 3 train_iter_loss: 0.077645 learn_rate: 0.010000 
epoch: 5 iter: 4 train_iter_loss: 0.077067 learn_rate: 0.010000 
epoch: 5 iter: 5 train_iter_loss: 0.075152 learn_rate: 0.010000 
epoch: 5 iter: 6 train_iter_loss: 0.073431 learn_rate: 0.010000 
epoch: 5 iter: 7 train_iter_loss: 0.080647 learn_rate: 0.010000 
epoch: 5 iter: 8 train_iter_loss: 0.075239 learn_rate: 0.010000 
epoch: 5 iter: 9 train_iter_loss: 0.082327 learn_rate: 0.010000 
epoch: 5 iter: 10 train_iter_loss: 0.076497 learn_rate: 0.010000 
epoch: 5 iter: 11 train_iter_loss: 0.079380 learn_rate: 0.010000 
epoch: 5 iter: 12 train_iter_loss: 0.076429 learn_rate: 0.010000 
epoch: 5 iter: 13 train_iter_loss: 0.080501 learn_rate: 0.010000 
epoch: 5 iter: 14 train_iter_loss: 0.081690 learn_rate: 0.010000 
epoch: 5 iter: 15 train_iter_loss: 0.077458 learn_rate: 0.010000 
epoch: 5 iter: 16 train_iter_loss: 0.075593 learn_rate: 0.010000 
epoch: 5 iter: 17 train_iter_loss: 0.075880 learn_rate: 0.010000 
epoch: 5 iter: 18 train_iter_loss: 0.077477 learn_rate: 0.010000 
epoch: 5 iter: 19 train_iter_loss: 0.079108 learn_rate: 0.010000 
epoch: 5 iter: 20 train_iter_loss: 0.071505 learn_rate: 0.010000 
epoch: 5 iter: 21 train_iter_loss: 0.074406 learn_rate: 0.010000 
epoch: 5 iter: 22 train_iter_loss: 0.071733 learn_rate: 0.010000 
epoch: 5 iter: 23 train_iter_loss: 0.069846 learn_rate: 0.010000 
epoch: 5 train_epoch_loss: 0.076827 learn_rate: 0.010000 test_p: 0.683947 test_r: 0.529892 test_f: 0.591256
epoch: 6 iter: 1 train_iter_loss: 0.075209 learn_rate: 0.010000 
epoch: 6 iter: 2 train_iter_loss: 0.074058 learn_rate: 0.010000 
epoch: 6 iter: 3 train_iter_loss: 0.076722 learn_rate: 0.010000 
epoch: 6 iter: 4 train_iter_loss: 0.074066 learn_rate: 0.010000 
epoch: 6 iter: 5 train_iter_loss: 0.069748 learn_rate: 0.010000 
epoch: 6 iter: 6 train_iter_loss: 0.079348 learn_rate: 0.010000 
epoch: 6 iter: 7 train_iter_loss: 0.071427 learn_rate: 0.010000 
epoch: 6 iter: 8 train_iter_loss: 0.079777 learn_rate: 0.010000 
epoch: 6 iter: 9 train_iter_loss: 0.069873 learn_rate: 0.010000 
epoch: 6 iter: 10 train_iter_loss: 0.074540 learn_rate: 0.010000 
epoch: 6 iter: 11 train_iter_loss: 0.076200 learn_rate: 0.010000 
epoch: 6 iter: 12 train_iter_loss: 0.074603 learn_rate: 0.010000 
epoch: 6 iter: 13 train_iter_loss: 0.071592 learn_rate: 0.010000 
epoch: 6 iter: 14 train_iter_loss: 0.075325 learn_rate: 0.010000 
epoch: 6 iter: 15 train_iter_loss: 0.071655 learn_rate: 0.010000 
epoch: 6 iter: 16 train_iter_loss: 0.070544 learn_rate: 0.010000 
epoch: 6 iter: 17 train_iter_loss: 0.070245 learn_rate: 0.010000 
epoch: 6 iter: 18 train_iter_loss: 0.073774 learn_rate: 0.010000 
epoch: 6 iter: 19 train_iter_loss: 0.067355 learn_rate: 0.010000 
epoch: 6 iter: 20 train_iter_loss: 0.076015 learn_rate: 0.010000 
epoch: 6 iter: 21 train_iter_loss: 0.075615 learn_rate: 0.010000 
epoch: 6 iter: 22 train_iter_loss: 0.070163 learn_rate: 0.010000 
epoch: 6 iter: 23 train_iter_loss: 0.067646 learn_rate: 0.010000 
epoch: 6 train_epoch_loss: 0.073283 learn_rate: 0.010000 test_p: 0.714901 test_r: 0.661391 test_f: 0.686251
epoch: 7 iter: 1 train_iter_loss: 0.070594 learn_rate: 0.010000 
epoch: 7 iter: 2 train_iter_loss: 0.071709 learn_rate: 0.010000 
epoch: 7 iter: 3 train_iter_loss: 0.075994 learn_rate: 0.010000 
epoch: 7 iter: 4 train_iter_loss: 0.073467 learn_rate: 0.010000 
epoch: 7 iter: 5 train_iter_loss: 0.071753 learn_rate: 0.010000 
epoch: 7 iter: 6 train_iter_loss: 0.067283 learn_rate: 0.010000 
epoch: 7 iter: 7 train_iter_loss: 0.068433 learn_rate: 0.010000 
epoch: 7 iter: 8 train_iter_loss: 0.074564 learn_rate: 0.010000 
epoch: 7 iter: 9 train_iter_loss: 0.069770 learn_rate: 0.010000 
epoch: 7 iter: 10 train_iter_loss: 0.069208 learn_rate: 0.010000 
epoch: 7 iter: 11 train_iter_loss: 0.068429 learn_rate: 0.010000 
epoch: 7 iter: 12 train_iter_loss: 0.080893 learn_rate: 0.010000 
epoch: 7 iter: 13 train_iter_loss: 0.067347 learn_rate: 0.010000 
epoch: 7 iter: 14 train_iter_loss: 0.067378 learn_rate: 0.010000 
epoch: 7 iter: 15 train_iter_loss: 0.072850 learn_rate: 0.010000 
epoch: 7 iter: 16 train_iter_loss: 0.066361 learn_rate: 0.010000 
epoch: 7 iter: 17 train_iter_loss: 0.067406 learn_rate: 0.010000 
epoch: 7 iter: 18 train_iter_loss: 0.071399 learn_rate: 0.010000 
epoch: 7 iter: 19 train_iter_loss: 0.075784 learn_rate: 0.010000 
epoch: 7 iter: 20 train_iter_loss: 0.069827 learn_rate: 0.010000 
epoch: 7 iter: 21 train_iter_loss: 0.074917 learn_rate: 0.010000 
epoch: 7 iter: 22 train_iter_loss: 0.068601 learn_rate: 0.010000 
epoch: 7 iter: 23 train_iter_loss: 0.069587 learn_rate: 0.010000 
epoch: 7 train_epoch_loss: 0.071024 learn_rate: 0.010000 test_p: 0.696240 test_r: 0.639900 test_f: 0.665999
epoch: 8 iter: 1 train_iter_loss: 0.075811 learn_rate: 0.010000 
epoch: 8 iter: 2 train_iter_loss: 0.070879 learn_rate: 0.010000 
epoch: 8 iter: 3 train_iter_loss: 0.070228 learn_rate: 0.010000 
epoch: 8 iter: 4 train_iter_loss: 0.073770 learn_rate: 0.010000 
epoch: 8 iter: 5 train_iter_loss: 0.074438 learn_rate: 0.010000 
epoch: 8 iter: 6 train_iter_loss: 0.067582 learn_rate: 0.010000 
epoch: 8 iter: 7 train_iter_loss: 0.073087 learn_rate: 0.010000 
epoch: 8 iter: 8 train_iter_loss: 0.070976 learn_rate: 0.010000 
epoch: 8 iter: 9 train_iter_loss: 0.069519 learn_rate: 0.010000 
epoch: 8 iter: 10 train_iter_loss: 0.068094 learn_rate: 0.010000 
epoch: 8 iter: 11 train_iter_loss: 0.069853 learn_rate: 0.010000 
epoch: 8 iter: 12 train_iter_loss: 0.067917 learn_rate: 0.010000 
epoch: 8 iter: 13 train_iter_loss: 0.065865 learn_rate: 0.010000 
epoch: 8 iter: 14 train_iter_loss: 0.072108 learn_rate: 0.010000 
epoch: 8 iter: 15 train_iter_loss: 0.069589 learn_rate: 0.010000 
epoch: 8 iter: 16 train_iter_loss: 0.066388 learn_rate: 0.010000 
epoch: 8 iter: 17 train_iter_loss: 0.066143 learn_rate: 0.010000 
epoch: 8 iter: 18 train_iter_loss: 0.069675 learn_rate: 0.010000 
epoch: 8 iter: 19 train_iter_loss: 0.065459 learn_rate: 0.010000 
epoch: 8 iter: 20 train_iter_loss: 0.065819 learn_rate: 0.010000 
epoch: 8 iter: 21 train_iter_loss: 0.068398 learn_rate: 0.010000 
epoch: 8 iter: 22 train_iter_loss: 0.067055 learn_rate: 0.010000 
epoch: 8 iter: 23 train_iter_loss: 0.068265 learn_rate: 0.010000 
epoch: 8 train_epoch_loss: 0.069431 learn_rate: 0.010000 test_p: 0.664008 test_r: 0.592071 test_f: 0.624841
epoch: 9 iter: 1 train_iter_loss: 0.064640 learn_rate: 0.010000 
epoch: 9 iter: 2 train_iter_loss: 0.067641 learn_rate: 0.010000 
epoch: 9 iter: 3 train_iter_loss: 0.067190 learn_rate: 0.010000 
epoch: 9 iter: 4 train_iter_loss: 0.068228 learn_rate: 0.010000 
epoch: 9 iter: 5 train_iter_loss: 0.065450 learn_rate: 0.010000 
epoch: 9 iter: 6 train_iter_loss: 0.065022 learn_rate: 0.010000 
epoch: 9 iter: 7 train_iter_loss: 0.072780 learn_rate: 0.010000 
epoch: 9 iter: 8 train_iter_loss: 0.069545 learn_rate: 0.010000 
epoch: 9 iter: 9 train_iter_loss: 0.065567 learn_rate: 0.010000 
epoch: 9 iter: 10 train_iter_loss: 0.068368 learn_rate: 0.010000 
epoch: 9 iter: 11 train_iter_loss: 0.067657 learn_rate: 0.010000 
epoch: 9 iter: 12 train_iter_loss: 0.070300 learn_rate: 0.010000 
epoch: 9 iter: 13 train_iter_loss: 0.066809 learn_rate: 0.010000 
epoch: 9 iter: 14 train_iter_loss: 0.067154 learn_rate: 0.010000 
epoch: 9 iter: 15 train_iter_loss: 0.069744 learn_rate: 0.010000 
epoch: 9 iter: 16 train_iter_loss: 0.066294 learn_rate: 0.010000 
epoch: 9 iter: 17 train_iter_loss: 0.068027 learn_rate: 0.010000 
epoch: 9 iter: 18 train_iter_loss: 0.068653 learn_rate: 0.010000 
epoch: 9 iter: 19 train_iter_loss: 0.065820 learn_rate: 0.010000 
epoch: 9 iter: 20 train_iter_loss: 0.069335 learn_rate: 0.010000 
epoch: 9 iter: 21 train_iter_loss: 0.069447 learn_rate: 0.010000 
epoch: 9 iter: 22 train_iter_loss: 0.066881 learn_rate: 0.010000 
epoch: 9 iter: 23 train_iter_loss: 0.071861 learn_rate: 0.010000 
epoch: 9 train_epoch_loss: 0.067931 learn_rate: 0.010000 test_p: 0.631537 test_r: 0.561875 test_f: 0.593290
epoch: 10 iter: 1 train_iter_loss: 0.067477 learn_rate: 0.010000 
epoch: 10 iter: 2 train_iter_loss: 0.067536 learn_rate: 0.010000 
epoch: 10 iter: 3 train_iter_loss: 0.067167 learn_rate: 0.010000 
epoch: 10 iter: 4 train_iter_loss: 0.062788 learn_rate: 0.010000 
epoch: 10 iter: 5 train_iter_loss: 0.069607 learn_rate: 0.010000 
epoch: 10 iter: 6 train_iter_loss: 0.070928 learn_rate: 0.010000 
epoch: 10 iter: 7 train_iter_loss: 0.065737 learn_rate: 0.010000 
epoch: 10 iter: 8 train_iter_loss: 0.068484 learn_rate: 0.010000 
epoch: 10 iter: 9 train_iter_loss: 0.068401 learn_rate: 0.010000 
epoch: 10 iter: 10 train_iter_loss: 0.070622 learn_rate: 0.010000 
epoch: 10 iter: 11 train_iter_loss: 0.067855 learn_rate: 0.010000 
epoch: 10 iter: 12 train_iter_loss: 0.067659 learn_rate: 0.010000 
epoch: 10 iter: 13 train_iter_loss: 0.070776 learn_rate: 0.010000 
epoch: 10 iter: 14 train_iter_loss: 0.070055 learn_rate: 0.010000 
epoch: 10 iter: 15 train_iter_loss: 0.069746 learn_rate: 0.010000 
epoch: 10 iter: 16 train_iter_loss: 0.064107 learn_rate: 0.010000 
epoch: 10 iter: 17 train_iter_loss: 0.066387 learn_rate: 0.010000 
epoch: 10 iter: 18 train_iter_loss: 0.073491 learn_rate: 0.010000 
epoch: 10 iter: 19 train_iter_loss: 0.069558 learn_rate: 0.010000 
epoch: 10 iter: 20 train_iter_loss: 0.070470 learn_rate: 0.010000 
epoch: 10 iter: 21 train_iter_loss: 0.065211 learn_rate: 0.010000 
epoch: 10 iter: 22 train_iter_loss: 0.064364 learn_rate: 0.010000 
epoch: 10 iter: 23 train_iter_loss: 0.065384 learn_rate: 0.010000 
epoch: 10 train_epoch_loss: 0.067992 learn_rate: 0.010000 test_p: 0.750419 test_r: 0.718266 test_f: 0.733735
epoch: 11 iter: 1 train_iter_loss: 0.072107 learn_rate: 0.010000 
epoch: 11 iter: 2 train_iter_loss: 0.067758 learn_rate: 0.010000 
epoch: 11 iter: 3 train_iter_loss: 0.078073 learn_rate: 0.010000 
epoch: 11 iter: 4 train_iter_loss: 0.066069 learn_rate: 0.010000 
epoch: 11 iter: 5 train_iter_loss: 0.071907 learn_rate: 0.010000 
epoch: 11 iter: 6 train_iter_loss: 0.070591 learn_rate: 0.010000 
epoch: 11 iter: 7 train_iter_loss: 0.064455 learn_rate: 0.010000 
epoch: 11 iter: 8 train_iter_loss: 0.068130 learn_rate: 0.010000 
epoch: 11 iter: 9 train_iter_loss: 0.075729 learn_rate: 0.010000 
epoch: 11 iter: 10 train_iter_loss: 0.066666 learn_rate: 0.010000 
epoch: 11 iter: 11 train_iter_loss: 0.070992 learn_rate: 0.010000 
epoch: 11 iter: 12 train_iter_loss: 0.068551 learn_rate: 0.010000 
epoch: 11 iter: 13 train_iter_loss: 0.065527 learn_rate: 0.010000 
epoch: 11 iter: 14 train_iter_loss: 0.071327 learn_rate: 0.010000 
epoch: 11 iter: 15 train_iter_loss: 0.069329 learn_rate: 0.010000 
epoch: 11 iter: 16 train_iter_loss: 0.069347 learn_rate: 0.010000 
epoch: 11 iter: 17 train_iter_loss: 0.065056 learn_rate: 0.010000 
epoch: 11 iter: 18 train_iter_loss: 0.072185 learn_rate: 0.010000 
epoch: 11 iter: 19 train_iter_loss: 0.065032 learn_rate: 0.010000 
epoch: 11 iter: 20 train_iter_loss: 0.068155 learn_rate: 0.010000 
epoch: 11 iter: 21 train_iter_loss: 0.069024 learn_rate: 0.010000 
epoch: 11 iter: 22 train_iter_loss: 0.066663 learn_rate: 0.010000 
epoch: 11 iter: 23 train_iter_loss: 0.068239 learn_rate: 0.010000 
epoch: 11 train_epoch_loss: 0.069170 learn_rate: 0.010000 test_p: 0.771636 test_r: 0.722047 test_f: 0.745609
epoch: 12 iter: 1 train_iter_loss: 0.068015 learn_rate: 0.003333 
epoch: 12 iter: 2 train_iter_loss: 0.065260 learn_rate: 0.003333 
epoch: 12 iter: 3 train_iter_loss: 0.066322 learn_rate: 0.003333 
epoch: 12 iter: 4 train_iter_loss: 0.067441 learn_rate: 0.003333 
epoch: 12 iter: 5 train_iter_loss: 0.065270 learn_rate: 0.003333 
epoch: 12 iter: 6 train_iter_loss: 0.064126 learn_rate: 0.003333 
epoch: 12 iter: 7 train_iter_loss: 0.068712 learn_rate: 0.003333 
epoch: 12 iter: 8 train_iter_loss: 0.065774 learn_rate: 0.003333 
epoch: 12 iter: 9 train_iter_loss: 0.065513 learn_rate: 0.003333 
epoch: 12 iter: 10 train_iter_loss: 0.066786 learn_rate: 0.003333 
epoch: 12 iter: 11 train_iter_loss: 0.065978 learn_rate: 0.003333 
epoch: 12 iter: 12 train_iter_loss: 0.065578 learn_rate: 0.003333 
epoch: 12 iter: 13 train_iter_loss: 0.067337 learn_rate: 0.003333 
epoch: 12 iter: 14 train_iter_loss: 0.065308 learn_rate: 0.003333 
epoch: 12 iter: 15 train_iter_loss: 0.065960 learn_rate: 0.003333 
epoch: 12 iter: 16 train_iter_loss: 0.062841 learn_rate: 0.003333 
epoch: 12 iter: 17 train_iter_loss: 0.064406 learn_rate: 0.003333 
epoch: 12 iter: 18 train_iter_loss: 0.069430 learn_rate: 0.003333 
epoch: 12 iter: 19 train_iter_loss: 0.067535 learn_rate: 0.003333 
epoch: 12 iter: 20 train_iter_loss: 0.065098 learn_rate: 0.003333 
epoch: 12 iter: 21 train_iter_loss: 0.067670 learn_rate: 0.003333 
epoch: 12 iter: 22 train_iter_loss: 0.065288 learn_rate: 0.003333 
epoch: 12 iter: 23 train_iter_loss: 0.069620 learn_rate: 0.003333 
epoch: 12 train_epoch_loss: 0.066316 learn_rate: 0.003333 test_p: 0.546529 test_r: 0.484809 test_f: 0.512335
epoch: 13 iter: 1 train_iter_loss: 0.066412 learn_rate: 0.003333 
epoch: 13 iter: 2 train_iter_loss: 0.062270 learn_rate: 0.003333 
epoch: 13 iter: 3 train_iter_loss: 0.062462 learn_rate: 0.003333 
epoch: 13 iter: 4 train_iter_loss: 0.066635 learn_rate: 0.003333 
epoch: 13 iter: 5 train_iter_loss: 0.067006 learn_rate: 0.003333 
epoch: 13 iter: 6 train_iter_loss: 0.066432 learn_rate: 0.003333 
epoch: 13 iter: 7 train_iter_loss: 0.066820 learn_rate: 0.003333 
epoch: 13 iter: 8 train_iter_loss: 0.065431 learn_rate: 0.003333 
epoch: 13 iter: 9 train_iter_loss: 0.064613 learn_rate: 0.003333 
epoch: 13 iter: 10 train_iter_loss: 0.066040 learn_rate: 0.003333 
epoch: 13 iter: 11 train_iter_loss: 0.070032 learn_rate: 0.003333 
epoch: 13 iter: 12 train_iter_loss: 0.067723 learn_rate: 0.003333 
epoch: 13 iter: 13 train_iter_loss: 0.064730 learn_rate: 0.003333 
epoch: 13 iter: 14 train_iter_loss: 0.066026 learn_rate: 0.003333 
epoch: 13 iter: 15 train_iter_loss: 0.066995 learn_rate: 0.003333 
epoch: 13 iter: 16 train_iter_loss: 0.064770 learn_rate: 0.003333 
epoch: 13 iter: 17 train_iter_loss: 0.066517 learn_rate: 0.003333 
epoch: 13 iter: 18 train_iter_loss: 0.062919 learn_rate: 0.003333 
epoch: 13 iter: 19 train_iter_loss: 0.067328 learn_rate: 0.003333 
epoch: 13 iter: 20 train_iter_loss: 0.064020 learn_rate: 0.003333 
epoch: 13 iter: 21 train_iter_loss: 0.067036 learn_rate: 0.003333 
epoch: 13 iter: 22 train_iter_loss: 0.068763 learn_rate: 0.003333 
epoch: 13 iter: 23 train_iter_loss: 0.069064 learn_rate: 0.003333 
epoch: 13 train_epoch_loss: 0.066089 learn_rate: 0.003333 test_p: 0.590368 test_r: 0.531135 test_f: 0.557732
epoch: 14 iter: 1 train_iter_loss: 0.064827 learn_rate: 0.003333 
epoch: 14 iter: 2 train_iter_loss: 0.066278 learn_rate: 0.003333 
epoch: 14 iter: 3 train_iter_loss: 0.063348 learn_rate: 0.003333 
epoch: 14 iter: 4 train_iter_loss: 0.070101 learn_rate: 0.003333 
epoch: 14 iter: 5 train_iter_loss: 0.066180 learn_rate: 0.003333 
epoch: 14 iter: 6 train_iter_loss: 0.063334 learn_rate: 0.003333 
epoch: 14 iter: 7 train_iter_loss: 0.065040 learn_rate: 0.003333 
epoch: 14 iter: 8 train_iter_loss: 0.063584 learn_rate: 0.003333 
epoch: 14 iter: 9 train_iter_loss: 0.064190 learn_rate: 0.003333 
epoch: 14 iter: 10 train_iter_loss: 0.067120 learn_rate: 0.003333 
epoch: 14 iter: 11 train_iter_loss: 0.066076 learn_rate: 0.003333 
epoch: 14 iter: 12 train_iter_loss: 0.068348 learn_rate: 0.003333 
epoch: 14 iter: 13 train_iter_loss: 0.067810 learn_rate: 0.003333 
epoch: 14 iter: 14 train_iter_loss: 0.065878 learn_rate: 0.003333 
epoch: 14 iter: 15 train_iter_loss: 0.069519 learn_rate: 0.003333 
epoch: 14 iter: 16 train_iter_loss: 0.066958 learn_rate: 0.003333 
epoch: 14 iter: 17 train_iter_loss: 0.064937 learn_rate: 0.003333 
epoch: 14 iter: 18 train_iter_loss: 0.063650 learn_rate: 0.003333 
epoch: 14 iter: 19 train_iter_loss: 0.063850 learn_rate: 0.003333 
epoch: 14 iter: 20 train_iter_loss: 0.067195 learn_rate: 0.003333 
epoch: 14 iter: 21 train_iter_loss: 0.064579 learn_rate: 0.003333 
epoch: 14 iter: 22 train_iter_loss: 0.063116 learn_rate: 0.003333 
epoch: 14 iter: 23 train_iter_loss: 0.065544 learn_rate: 0.003333 
epoch: 14 train_epoch_loss: 0.065716 learn_rate: 0.003333 test_p: 0.642079 test_r: 0.580859 test_f: 0.608573
epoch: 15 iter: 1 train_iter_loss: 0.068999 learn_rate: 0.003333 
epoch: 15 iter: 2 train_iter_loss: 0.068458 learn_rate: 0.003333 
epoch: 15 iter: 3 train_iter_loss: 0.066571 learn_rate: 0.003333 
epoch: 15 iter: 4 train_iter_loss: 0.064022 learn_rate: 0.003333 
epoch: 15 iter: 5 train_iter_loss: 0.065426 learn_rate: 0.003333 
epoch: 15 iter: 6 train_iter_loss: 0.066894 learn_rate: 0.003333 
epoch: 15 iter: 7 train_iter_loss: 0.063481 learn_rate: 0.003333 
epoch: 15 iter: 8 train_iter_loss: 0.065334 learn_rate: 0.003333 
epoch: 15 iter: 9 train_iter_loss: 0.068978 learn_rate: 0.003333 
epoch: 15 iter: 10 train_iter_loss: 0.063084 learn_rate: 0.003333 
epoch: 15 iter: 11 train_iter_loss: 0.063936 learn_rate: 0.003333 
epoch: 15 iter: 12 train_iter_loss: 0.062936 learn_rate: 0.003333 
epoch: 15 iter: 13 train_iter_loss: 0.065886 learn_rate: 0.003333 
epoch: 15 iter: 14 train_iter_loss: 0.063831 learn_rate: 0.003333 
epoch: 15 iter: 15 train_iter_loss: 0.066951 learn_rate: 0.003333 
epoch: 15 iter: 16 train_iter_loss: 0.069837 learn_rate: 0.003333 
epoch: 15 iter: 17 train_iter_loss: 0.067373 learn_rate: 0.003333 
epoch: 15 iter: 18 train_iter_loss: 0.063598 learn_rate: 0.003333 
epoch: 15 iter: 19 train_iter_loss: 0.069623 learn_rate: 0.003333 
epoch: 15 iter: 20 train_iter_loss: 0.064501 learn_rate: 0.003333 
epoch: 15 iter: 21 train_iter_loss: 0.065692 learn_rate: 0.003333 
epoch: 15 iter: 22 train_iter_loss: 0.064374 learn_rate: 0.003333 
epoch: 15 iter: 23 train_iter_loss: 0.065129 learn_rate: 0.003333 
epoch: 15 train_epoch_loss: 0.065866 learn_rate: 0.003333 test_p: 0.654895 test_r: 0.610934 test_f: 0.631539
epoch: 16 iter: 1 train_iter_loss: 0.067366 learn_rate: 0.003333 
epoch: 16 iter: 2 train_iter_loss: 0.064671 learn_rate: 0.003333 
epoch: 16 iter: 3 train_iter_loss: 0.067818 learn_rate: 0.003333 
epoch: 16 iter: 4 train_iter_loss: 0.067105 learn_rate: 0.003333 
epoch: 16 iter: 5 train_iter_loss: 0.062939 learn_rate: 0.003333 
epoch: 16 iter: 6 train_iter_loss: 0.066950 learn_rate: 0.003333 
epoch: 16 iter: 7 train_iter_loss: 0.062163 learn_rate: 0.003333 
epoch: 16 iter: 8 train_iter_loss: 0.069532 learn_rate: 0.003333 
epoch: 16 iter: 9 train_iter_loss: 0.065457 learn_rate: 0.003333 
epoch: 16 iter: 10 train_iter_loss: 0.064369 learn_rate: 0.003333 
epoch: 16 iter: 11 train_iter_loss: 0.066959 learn_rate: 0.003333 
epoch: 16 iter: 12 train_iter_loss: 0.063310 learn_rate: 0.003333 
epoch: 16 iter: 13 train_iter_loss: 0.066938 learn_rate: 0.003333 
epoch: 16 iter: 14 train_iter_loss: 0.064880 learn_rate: 0.003333 
epoch: 16 iter: 15 train_iter_loss: 0.065201 learn_rate: 0.003333 
epoch: 16 iter: 16 train_iter_loss: 0.064314 learn_rate: 0.003333 
epoch: 16 iter: 17 train_iter_loss: 0.068259 learn_rate: 0.003333 
epoch: 16 iter: 18 train_iter_loss: 0.067627 learn_rate: 0.003333 
epoch: 16 iter: 19 train_iter_loss: 0.067457 learn_rate: 0.003333 
epoch: 16 iter: 20 train_iter_loss: 0.064535 learn_rate: 0.003333 
epoch: 16 iter: 21 train_iter_loss: 0.064240 learn_rate: 0.003333 
epoch: 16 iter: 22 train_iter_loss: 0.069923 learn_rate: 0.003333 
epoch: 16 iter: 23 train_iter_loss: 0.063757 learn_rate: 0.003333 
epoch: 16 train_epoch_loss: 0.065903 learn_rate: 0.003333 test_p: 0.728280 test_r: 0.668359 test_f: 0.696377
epoch: 17 iter: 1 train_iter_loss: 0.066058 learn_rate: 0.001111 
epoch: 17 iter: 2 train_iter_loss: 0.068177 learn_rate: 0.001111 
epoch: 17 iter: 3 train_iter_loss: 0.068421 learn_rate: 0.001111 
epoch: 17 iter: 4 train_iter_loss: 0.064928 learn_rate: 0.001111 
epoch: 17 iter: 5 train_iter_loss: 0.062944 learn_rate: 0.001111 
epoch: 17 iter: 6 train_iter_loss: 0.068003 learn_rate: 0.001111 
epoch: 17 iter: 7 train_iter_loss: 0.063744 learn_rate: 0.001111 
epoch: 17 iter: 8 train_iter_loss: 0.067749 learn_rate: 0.001111 
epoch: 17 iter: 9 train_iter_loss: 0.065622 learn_rate: 0.001111 
epoch: 17 iter: 10 train_iter_loss: 0.066077 learn_rate: 0.001111 
epoch: 17 iter: 11 train_iter_loss: 0.066047 learn_rate: 0.001111 
epoch: 17 iter: 12 train_iter_loss: 0.064759 learn_rate: 0.001111 
epoch: 17 iter: 13 train_iter_loss: 0.063895 learn_rate: 0.001111 
epoch: 17 iter: 14 train_iter_loss: 0.067293 learn_rate: 0.001111 
epoch: 17 iter: 15 train_iter_loss: 0.067433 learn_rate: 0.001111 
epoch: 17 iter: 16 train_iter_loss: 0.062526 learn_rate: 0.001111 
epoch: 17 iter: 17 train_iter_loss: 0.066239 learn_rate: 0.001111 
epoch: 17 iter: 18 train_iter_loss: 0.062363 learn_rate: 0.001111 
epoch: 17 iter: 19 train_iter_loss: 0.065650 learn_rate: 0.001111 
epoch: 17 iter: 20 train_iter_loss: 0.064138 learn_rate: 0.001111 
epoch: 17 iter: 21 train_iter_loss: 0.065875 learn_rate: 0.001111 
epoch: 17 iter: 22 train_iter_loss: 0.064768 learn_rate: 0.001111 
epoch: 17 iter: 23 train_iter_loss: 0.062473 learn_rate: 0.001111 
epoch: 17 train_epoch_loss: 0.065443 learn_rate: 0.001111 test_p: 0.623630 test_r: 0.565568 test_f: 0.591818
epoch: 18 iter: 1 train_iter_loss: 0.069937 learn_rate: 0.001111 
epoch: 18 iter: 2 train_iter_loss: 0.067132 learn_rate: 0.001111 
epoch: 18 iter: 3 train_iter_loss: 0.062792 learn_rate: 0.001111 
epoch: 18 iter: 4 train_iter_loss: 0.062911 learn_rate: 0.001111 
epoch: 18 iter: 5 train_iter_loss: 0.065495 learn_rate: 0.001111 
epoch: 18 iter: 6 train_iter_loss: 0.062262 learn_rate: 0.001111 
epoch: 18 iter: 7 train_iter_loss: 0.063382 learn_rate: 0.001111 
epoch: 18 iter: 8 train_iter_loss: 0.066139 learn_rate: 0.001111 
epoch: 18 iter: 9 train_iter_loss: 0.063951 learn_rate: 0.001111 
epoch: 18 iter: 10 train_iter_loss: 0.062707 learn_rate: 0.001111 
epoch: 18 iter: 11 train_iter_loss: 0.065145 learn_rate: 0.001111 
epoch: 18 iter: 12 train_iter_loss: 0.065004 learn_rate: 0.001111 
epoch: 18 iter: 13 train_iter_loss: 0.067913 learn_rate: 0.001111 
epoch: 18 iter: 14 train_iter_loss: 0.067744 learn_rate: 0.001111 
epoch: 18 iter: 15 train_iter_loss: 0.066180 learn_rate: 0.001111 
epoch: 18 iter: 16 train_iter_loss: 0.065900 learn_rate: 0.001111 
epoch: 18 iter: 17 train_iter_loss: 0.065780 learn_rate: 0.001111 
epoch: 18 iter: 18 train_iter_loss: 0.065671 learn_rate: 0.001111 
epoch: 18 iter: 19 train_iter_loss: 0.062055 learn_rate: 0.001111 
epoch: 18 iter: 20 train_iter_loss: 0.067088 learn_rate: 0.001111 
epoch: 18 iter: 21 train_iter_loss: 0.065085 learn_rate: 0.001111 
epoch: 18 iter: 22 train_iter_loss: 0.066094 learn_rate: 0.001111 
epoch: 18 iter: 23 train_iter_loss: 0.062084 learn_rate: 0.001111 
epoch: 18 train_epoch_loss: 0.065150 learn_rate: 0.001111 test_p: 0.654498 test_r: 0.600013 test_f: 0.625022
epoch: 19 iter: 1 train_iter_loss: 0.062230 learn_rate: 0.001111 
epoch: 19 iter: 2 train_iter_loss: 0.071423 learn_rate: 0.001111 
epoch: 19 iter: 3 train_iter_loss: 0.065774 learn_rate: 0.001111 
epoch: 19 iter: 4 train_iter_loss: 0.064234 learn_rate: 0.001111 
epoch: 19 iter: 5 train_iter_loss: 0.066456 learn_rate: 0.001111 
epoch: 19 iter: 6 train_iter_loss: 0.066094 learn_rate: 0.001111 
epoch: 19 iter: 7 train_iter_loss: 0.066685 learn_rate: 0.001111 
epoch: 19 iter: 8 train_iter_loss: 0.063997 learn_rate: 0.001111 
epoch: 19 iter: 9 train_iter_loss: 0.065603 learn_rate: 0.001111 
epoch: 19 iter: 10 train_iter_loss: 0.065418 learn_rate: 0.001111 
epoch: 19 iter: 11 train_iter_loss: 0.063622 learn_rate: 0.001111 
epoch: 19 iter: 12 train_iter_loss: 0.065508 learn_rate: 0.001111 
epoch: 19 iter: 13 train_iter_loss: 0.064664 learn_rate: 0.001111 
epoch: 19 iter: 14 train_iter_loss: 0.065442 learn_rate: 0.001111 
epoch: 19 iter: 15 train_iter_loss: 0.067006 learn_rate: 0.001111 
epoch: 19 iter: 16 train_iter_loss: 0.063864 learn_rate: 0.001111 
epoch: 19 iter: 17 train_iter_loss: 0.063172 learn_rate: 0.001111 
epoch: 19 iter: 18 train_iter_loss: 0.064033 learn_rate: 0.001111 
epoch: 19 iter: 19 train_iter_loss: 0.061715 learn_rate: 0.001111 
epoch: 19 iter: 20 train_iter_loss: 0.065089 learn_rate: 0.001111 
epoch: 19 iter: 21 train_iter_loss: 0.063664 learn_rate: 0.001111 
epoch: 19 iter: 22 train_iter_loss: 0.063064 learn_rate: 0.001111 
epoch: 19 iter: 23 train_iter_loss: 0.072286 learn_rate: 0.001111 
epoch: 19 train_epoch_loss: 0.065263 learn_rate: 0.001111 test_p: 0.653416 test_r: 0.601271 test_f: 0.625252
epoch: 20 iter: 1 train_iter_loss: 0.063438 learn_rate: 0.001111 
epoch: 20 iter: 2 train_iter_loss: 0.063989 learn_rate: 0.001111 
epoch: 20 iter: 3 train_iter_loss: 0.065219 learn_rate: 0.001111 
epoch: 20 iter: 4 train_iter_loss: 0.064124 learn_rate: 0.001111 
epoch: 20 iter: 5 train_iter_loss: 0.066319 learn_rate: 0.001111 
epoch: 20 iter: 6 train_iter_loss: 0.062297 learn_rate: 0.001111 
epoch: 20 iter: 7 train_iter_loss: 0.063787 learn_rate: 0.001111 
epoch: 20 iter: 8 train_iter_loss: 0.067053 learn_rate: 0.001111 
epoch: 20 iter: 9 train_iter_loss: 0.063700 learn_rate: 0.001111 
epoch: 20 iter: 10 train_iter_loss: 0.065768 learn_rate: 0.001111 
epoch: 20 iter: 11 train_iter_loss: 0.067851 learn_rate: 0.001111 
epoch: 20 iter: 12 train_iter_loss: 0.062791 learn_rate: 0.001111 
epoch: 20 iter: 13 train_iter_loss: 0.066674 learn_rate: 0.001111 
epoch: 20 iter: 14 train_iter_loss: 0.062071 learn_rate: 0.001111 
epoch: 20 iter: 15 train_iter_loss: 0.065118 learn_rate: 0.001111 
epoch: 20 iter: 16 train_iter_loss: 0.066561 learn_rate: 0.001111 
epoch: 20 iter: 17 train_iter_loss: 0.064035 learn_rate: 0.001111 
epoch: 20 iter: 18 train_iter_loss: 0.067717 learn_rate: 0.001111 
epoch: 20 iter: 19 train_iter_loss: 0.066675 learn_rate: 0.001111 
epoch: 20 iter: 20 train_iter_loss: 0.063989 learn_rate: 0.001111 
epoch: 20 iter: 21 train_iter_loss: 0.064156 learn_rate: 0.001111 
epoch: 20 iter: 22 train_iter_loss: 0.066357 learn_rate: 0.001111 
epoch: 20 iter: 23 train_iter_loss: 0.067081 learn_rate: 0.001111 
epoch: 20 train_epoch_loss: 0.065077 learn_rate: 0.001111 test_p: 0.675826 test_r: 0.628555 test_f: 0.650626
epoch: 21 iter: 1 train_iter_loss: 0.067408 learn_rate: 0.001111 
epoch: 21 iter: 2 train_iter_loss: 0.068327 learn_rate: 0.001111 
epoch: 21 iter: 3 train_iter_loss: 0.064614 learn_rate: 0.001111 
epoch: 21 iter: 4 train_iter_loss: 0.061964 learn_rate: 0.001111 
epoch: 21 iter: 5 train_iter_loss: 0.064671 learn_rate: 0.001111 
epoch: 21 iter: 6 train_iter_loss: 0.065335 learn_rate: 0.001111 
epoch: 21 iter: 7 train_iter_loss: 0.064718 learn_rate: 0.001111 
epoch: 21 iter: 8 train_iter_loss: 0.067220 learn_rate: 0.001111 
epoch: 21 iter: 9 train_iter_loss: 0.066152 learn_rate: 0.001111 
epoch: 21 iter: 10 train_iter_loss: 0.064069 learn_rate: 0.001111 
epoch: 21 iter: 11 train_iter_loss: 0.065900 learn_rate: 0.001111 
epoch: 21 iter: 12 train_iter_loss: 0.064136 learn_rate: 0.001111 
epoch: 21 iter: 13 train_iter_loss: 0.066853 learn_rate: 0.001111 
epoch: 21 iter: 14 train_iter_loss: 0.069881 learn_rate: 0.001111 
epoch: 21 iter: 15 train_iter_loss: 0.064152 learn_rate: 0.001111 
epoch: 21 iter: 16 train_iter_loss: 0.063036 learn_rate: 0.001111 
epoch: 21 iter: 17 train_iter_loss: 0.063043 learn_rate: 0.001111 
epoch: 21 iter: 18 train_iter_loss: 0.065079 learn_rate: 0.001111 
epoch: 21 iter: 19 train_iter_loss: 0.065553 learn_rate: 0.001111 
epoch: 21 iter: 20 train_iter_loss: 0.064184 learn_rate: 0.001111 
epoch: 21 iter: 21 train_iter_loss: 0.061700 learn_rate: 0.001111 
epoch: 21 iter: 22 train_iter_loss: 0.062755 learn_rate: 0.001111 
epoch: 21 iter: 23 train_iter_loss: 0.062142 learn_rate: 0.001111 
epoch: 21 train_epoch_loss: 0.064908 learn_rate: 0.001111 test_p: 0.714482 test_r: 0.668082 test_f: 0.690006
epoch: 22 iter: 1 train_iter_loss: 0.065672 learn_rate: 0.001111 
epoch: 22 iter: 2 train_iter_loss: 0.064668 learn_rate: 0.001111 
epoch: 22 iter: 3 train_iter_loss: 0.066465 learn_rate: 0.001111 
epoch: 22 iter: 4 train_iter_loss: 0.067564 learn_rate: 0.001111 
epoch: 22 iter: 5 train_iter_loss: 0.065502 learn_rate: 0.001111 
epoch: 22 iter: 6 train_iter_loss: 0.065043 learn_rate: 0.001111 
epoch: 22 iter: 7 train_iter_loss: 0.066017 learn_rate: 0.001111 
epoch: 22 iter: 8 train_iter_loss: 0.065108 learn_rate: 0.001111 
epoch: 22 iter: 9 train_iter_loss: 0.063326 learn_rate: 0.001111 
epoch: 22 iter: 10 train_iter_loss: 0.063962 learn_rate: 0.001111 
epoch: 22 iter: 11 train_iter_loss: 0.062113 learn_rate: 0.001111 
epoch: 22 iter: 12 train_iter_loss: 0.063386 learn_rate: 0.001111 
epoch: 22 iter: 13 train_iter_loss: 0.065070 learn_rate: 0.001111 
epoch: 22 iter: 14 train_iter_loss: 0.067831 learn_rate: 0.001111 
epoch: 22 iter: 15 train_iter_loss: 0.064034 learn_rate: 0.001111 
epoch: 22 iter: 16 train_iter_loss: 0.065056 learn_rate: 0.001111 
epoch: 22 iter: 17 train_iter_loss: 0.065021 learn_rate: 0.001111 
epoch: 22 iter: 18 train_iter_loss: 0.064558 learn_rate: 0.001111 
epoch: 22 iter: 19 train_iter_loss: 0.061257 learn_rate: 0.001111 
epoch: 22 iter: 20 train_iter_loss: 0.067451 learn_rate: 0.001111 
epoch: 22 iter: 21 train_iter_loss: 0.066402 learn_rate: 0.001111 
epoch: 22 iter: 22 train_iter_loss: 0.065188 learn_rate: 0.001111 
epoch: 22 iter: 23 train_iter_loss: 0.062761 learn_rate: 0.001111 
epoch: 22 train_epoch_loss: 0.064933 learn_rate: 0.001111 test_p: 0.723257 test_r: 0.673857 test_f: 0.697147
epoch: 23 iter: 1 train_iter_loss: 0.069141 learn_rate: 0.001111 
epoch: 23 iter: 2 train_iter_loss: 0.064027 learn_rate: 0.001111 
epoch: 23 iter: 3 train_iter_loss: 0.068170 learn_rate: 0.001111 
epoch: 23 iter: 4 train_iter_loss: 0.066083 learn_rate: 0.001111 
epoch: 23 iter: 5 train_iter_loss: 0.061126 learn_rate: 0.001111 
epoch: 23 iter: 6 train_iter_loss: 0.065541 learn_rate: 0.001111 
epoch: 23 iter: 7 train_iter_loss: 0.063113 learn_rate: 0.001111 
epoch: 23 iter: 8 train_iter_loss: 0.063617 learn_rate: 0.001111 
epoch: 23 iter: 9 train_iter_loss: 0.064539 learn_rate: 0.001111 
epoch: 23 iter: 10 train_iter_loss: 0.062937 learn_rate: 0.001111 
epoch: 23 iter: 11 train_iter_loss: 0.063369 learn_rate: 0.001111 
epoch: 23 iter: 12 train_iter_loss: 0.068353 learn_rate: 0.001111 
epoch: 23 iter: 13 train_iter_loss: 0.066578 learn_rate: 0.001111 
epoch: 23 iter: 14 train_iter_loss: 0.066540 learn_rate: 0.001111 
epoch: 23 iter: 15 train_iter_loss: 0.064955 learn_rate: 0.001111 
epoch: 23 iter: 16 train_iter_loss: 0.065255 learn_rate: 0.001111 
epoch: 23 iter: 17 train_iter_loss: 0.063448 learn_rate: 0.001111 
epoch: 23 iter: 18 train_iter_loss: 0.066255 learn_rate: 0.001111 
epoch: 23 iter: 19 train_iter_loss: 0.063949 learn_rate: 0.001111 
epoch: 23 iter: 20 train_iter_loss: 0.063844 learn_rate: 0.001111 
epoch: 23 iter: 21 train_iter_loss: 0.063663 learn_rate: 0.001111 
epoch: 23 iter: 22 train_iter_loss: 0.063516 learn_rate: 0.001111 
epoch: 23 iter: 23 train_iter_loss: 0.060061 learn_rate: 0.001111 
epoch: 23 train_epoch_loss: 0.064699 learn_rate: 0.001111 test_p: 0.734252 test_r: 0.681244 test_f: 0.706179
epoch: 24 iter: 1 train_iter_loss: 0.063287 learn_rate: 0.001111 
epoch: 24 iter: 2 train_iter_loss: 0.062848 learn_rate: 0.001111 
epoch: 24 iter: 3 train_iter_loss: 0.067734 learn_rate: 0.001111 
epoch: 24 iter: 4 train_iter_loss: 0.065085 learn_rate: 0.001111 
epoch: 24 iter: 5 train_iter_loss: 0.065478 learn_rate: 0.001111 
epoch: 24 iter: 6 train_iter_loss: 0.061095 learn_rate: 0.001111 
epoch: 24 iter: 7 train_iter_loss: 0.067458 learn_rate: 0.001111 
epoch: 24 iter: 8 train_iter_loss: 0.065406 learn_rate: 0.001111 
epoch: 24 iter: 9 train_iter_loss: 0.063715 learn_rate: 0.001111 
epoch: 24 iter: 10 train_iter_loss: 0.061631 learn_rate: 0.001111 
epoch: 24 iter: 11 train_iter_loss: 0.065109 learn_rate: 0.001111 
epoch: 24 iter: 12 train_iter_loss: 0.063155 learn_rate: 0.001111 
epoch: 24 iter: 13 train_iter_loss: 0.065625 learn_rate: 0.001111 
epoch: 24 iter: 14 train_iter_loss: 0.063326 learn_rate: 0.001111 
epoch: 24 iter: 15 train_iter_loss: 0.064857 learn_rate: 0.001111 
epoch: 24 iter: 16 train_iter_loss: 0.063191 learn_rate: 0.001111 
epoch: 24 iter: 17 train_iter_loss: 0.069582 learn_rate: 0.001111 
epoch: 24 iter: 18 train_iter_loss: 0.065560 learn_rate: 0.001111 
epoch: 24 iter: 19 train_iter_loss: 0.066267 learn_rate: 0.001111 
epoch: 24 iter: 20 train_iter_loss: 0.061621 learn_rate: 0.001111 
epoch: 24 iter: 21 train_iter_loss: 0.065183 learn_rate: 0.001111 
epoch: 24 iter: 22 train_iter_loss: 0.069124 learn_rate: 0.001111 
epoch: 24 iter: 23 train_iter_loss: 0.063186 learn_rate: 0.001111 
epoch: 24 train_epoch_loss: 0.064762 learn_rate: 0.001111 test_p: 0.733463 test_r: 0.676855 test_f: 0.703383
epoch: 25 iter: 1 train_iter_loss: 0.062648 learn_rate: 0.001111 
epoch: 25 iter: 2 train_iter_loss: 0.060504 learn_rate: 0.001111 
epoch: 25 iter: 3 train_iter_loss: 0.065279 learn_rate: 0.001111 
epoch: 25 iter: 4 train_iter_loss: 0.064867 learn_rate: 0.001111 
epoch: 25 iter: 5 train_iter_loss: 0.068617 learn_rate: 0.001111 
epoch: 25 iter: 6 train_iter_loss: 0.066624 learn_rate: 0.001111 
epoch: 25 iter: 7 train_iter_loss: 0.064118 learn_rate: 0.001111 
epoch: 25 iter: 8 train_iter_loss: 0.063529 learn_rate: 0.001111 
epoch: 25 iter: 9 train_iter_loss: 0.061497 learn_rate: 0.001111 
epoch: 25 iter: 10 train_iter_loss: 0.067426 learn_rate: 0.001111 
epoch: 25 iter: 11 train_iter_loss: 0.063957 learn_rate: 0.001111 
epoch: 25 iter: 12 train_iter_loss: 0.064478 learn_rate: 0.001111 
epoch: 25 iter: 13 train_iter_loss: 0.063265 learn_rate: 0.001111 
epoch: 25 iter: 14 train_iter_loss: 0.065748 learn_rate: 0.001111 
epoch: 25 iter: 15 train_iter_loss: 0.066984 learn_rate: 0.001111 
epoch: 25 iter: 16 train_iter_loss: 0.067012 learn_rate: 0.001111 
epoch: 25 iter: 17 train_iter_loss: 0.064556 learn_rate: 0.001111 
epoch: 25 iter: 18 train_iter_loss: 0.068097 learn_rate: 0.001111 
epoch: 25 iter: 19 train_iter_loss: 0.062945 learn_rate: 0.001111 
epoch: 25 iter: 20 train_iter_loss: 0.064318 learn_rate: 0.001111 
epoch: 25 iter: 21 train_iter_loss: 0.063037 learn_rate: 0.001111 
epoch: 25 iter: 22 train_iter_loss: 0.063779 learn_rate: 0.001111 
epoch: 25 iter: 23 train_iter_loss: 0.065417 learn_rate: 0.001111 
epoch: 25 train_epoch_loss: 0.064726 learn_rate: 0.001111 test_p: 0.740141 test_r: 0.683541 test_f: 0.710057
epoch: 26 iter: 1 train_iter_loss: 0.063635 learn_rate: 0.000370 
epoch: 26 iter: 2 train_iter_loss: 0.063075 learn_rate: 0.000370 
epoch: 26 iter: 3 train_iter_loss: 0.064514 learn_rate: 0.000370 
epoch: 26 iter: 4 train_iter_loss: 0.063592 learn_rate: 0.000370 
epoch: 26 iter: 5 train_iter_loss: 0.062937 learn_rate: 0.000370 
epoch: 26 iter: 6 train_iter_loss: 0.062670 learn_rate: 0.000370 
epoch: 26 iter: 7 train_iter_loss: 0.067943 learn_rate: 0.000370 
epoch: 26 iter: 8 train_iter_loss: 0.070196 learn_rate: 0.000370 
epoch: 26 iter: 9 train_iter_loss: 0.062676 learn_rate: 0.000370 
epoch: 26 iter: 10 train_iter_loss: 0.066955 learn_rate: 0.000370 
epoch: 26 iter: 11 train_iter_loss: 0.064377 learn_rate: 0.000370 
epoch: 26 iter: 12 train_iter_loss: 0.064963 learn_rate: 0.000370 
epoch: 26 iter: 13 train_iter_loss: 0.064838 learn_rate: 0.000370 
epoch: 26 iter: 14 train_iter_loss: 0.067764 learn_rate: 0.000370 
epoch: 26 iter: 15 train_iter_loss: 0.062401 learn_rate: 0.000370 
epoch: 26 iter: 16 train_iter_loss: 0.067548 learn_rate: 0.000370 
epoch: 26 iter: 17 train_iter_loss: 0.064789 learn_rate: 0.000370 
epoch: 26 iter: 18 train_iter_loss: 0.064094 learn_rate: 0.000370 
epoch: 26 iter: 19 train_iter_loss: 0.062408 learn_rate: 0.000370 
epoch: 26 iter: 20 train_iter_loss: 0.065091 learn_rate: 0.000370 
epoch: 26 iter: 21 train_iter_loss: 0.065890 learn_rate: 0.000370 
epoch: 26 iter: 22 train_iter_loss: 0.061652 learn_rate: 0.000370 
epoch: 26 iter: 23 train_iter_loss: 0.064270 learn_rate: 0.000370 
epoch: 26 train_epoch_loss: 0.064708 learn_rate: 0.000370 test_p: 0.731676 test_r: 0.676120 test_f: 0.702190
epoch: 27 iter: 1 train_iter_loss: 0.062971 learn_rate: 0.000370 
epoch: 27 iter: 2 train_iter_loss: 0.062756 learn_rate: 0.000370 
epoch: 27 iter: 3 train_iter_loss: 0.066428 learn_rate: 0.000370 
epoch: 27 iter: 4 train_iter_loss: 0.063262 learn_rate: 0.000370 
epoch: 27 iter: 5 train_iter_loss: 0.063445 learn_rate: 0.000370 
epoch: 27 iter: 6 train_iter_loss: 0.066080 learn_rate: 0.000370 
epoch: 27 iter: 7 train_iter_loss: 0.064087 learn_rate: 0.000370 
epoch: 27 iter: 8 train_iter_loss: 0.067906 learn_rate: 0.000370 
epoch: 27 iter: 9 train_iter_loss: 0.063843 learn_rate: 0.000370 
epoch: 27 iter: 10 train_iter_loss: 0.062978 learn_rate: 0.000370 
epoch: 27 iter: 11 train_iter_loss: 0.061046 learn_rate: 0.000370 
epoch: 27 iter: 12 train_iter_loss: 0.066115 learn_rate: 0.000370 
epoch: 27 iter: 13 train_iter_loss: 0.062910 learn_rate: 0.000370 
epoch: 27 iter: 14 train_iter_loss: 0.062561 learn_rate: 0.000370 
epoch: 27 iter: 15 train_iter_loss: 0.061802 learn_rate: 0.000370 
epoch: 27 iter: 16 train_iter_loss: 0.068786 learn_rate: 0.000370 
epoch: 27 iter: 17 train_iter_loss: 0.069064 learn_rate: 0.000370 
epoch: 27 iter: 18 train_iter_loss: 0.063791 learn_rate: 0.000370 
epoch: 27 iter: 19 train_iter_loss: 0.066871 learn_rate: 0.000370 
epoch: 27 iter: 20 train_iter_loss: 0.068051 learn_rate: 0.000370 
epoch: 27 iter: 21 train_iter_loss: 0.062994 learn_rate: 0.000370 
epoch: 27 iter: 22 train_iter_loss: 0.064462 learn_rate: 0.000370 
epoch: 27 iter: 23 train_iter_loss: 0.066777 learn_rate: 0.000370 
epoch: 27 train_epoch_loss: 0.064739 learn_rate: 0.000370 test_p: 0.734129 test_r: 0.677965 test_f: 0.704295
epoch: 28 iter: 1 train_iter_loss: 0.063678 learn_rate: 0.000123 
epoch: 28 iter: 2 train_iter_loss: 0.062268 learn_rate: 0.000123 
epoch: 28 iter: 3 train_iter_loss: 0.065356 learn_rate: 0.000123 
epoch: 28 iter: 4 train_iter_loss: 0.064874 learn_rate: 0.000123 
epoch: 28 iter: 5 train_iter_loss: 0.063951 learn_rate: 0.000123 
epoch: 28 iter: 6 train_iter_loss: 0.063872 learn_rate: 0.000123 
epoch: 28 iter: 7 train_iter_loss: 0.062910 learn_rate: 0.000123 
epoch: 28 iter: 8 train_iter_loss: 0.064348 learn_rate: 0.000123 
epoch: 28 iter: 9 train_iter_loss: 0.066332 learn_rate: 0.000123 
epoch: 28 iter: 10 train_iter_loss: 0.063927 learn_rate: 0.000123 
epoch: 28 iter: 11 train_iter_loss: 0.062687 learn_rate: 0.000123 
epoch: 28 iter: 12 train_iter_loss: 0.067332 learn_rate: 0.000123 
epoch: 28 iter: 13 train_iter_loss: 0.064817 learn_rate: 0.000123 
epoch: 28 iter: 14 train_iter_loss: 0.068464 learn_rate: 0.000123 
epoch: 28 iter: 15 train_iter_loss: 0.061900 learn_rate: 0.000123 
epoch: 28 iter: 16 train_iter_loss: 0.065279 learn_rate: 0.000123 
epoch: 28 iter: 17 train_iter_loss: 0.063417 learn_rate: 0.000123 
epoch: 28 iter: 18 train_iter_loss: 0.071035 learn_rate: 0.000123 
epoch: 28 iter: 19 train_iter_loss: 0.062571 learn_rate: 0.000123 
epoch: 28 iter: 20 train_iter_loss: 0.063098 learn_rate: 0.000123 
epoch: 28 iter: 21 train_iter_loss: 0.066717 learn_rate: 0.000123 
epoch: 28 iter: 22 train_iter_loss: 0.065167 learn_rate: 0.000123 
epoch: 28 iter: 23 train_iter_loss: 0.062306 learn_rate: 0.000123 
epoch: 28 train_epoch_loss: 0.064622 learn_rate: 0.000123 test_p: 0.733795 test_r: 0.678917 test_f: 0.704681
epoch: 29 iter: 1 train_iter_loss: 0.066407 learn_rate: 0.000123 
epoch: 29 iter: 2 train_iter_loss: 0.065874 learn_rate: 0.000123 
epoch: 29 iter: 3 train_iter_loss: 0.065580 learn_rate: 0.000123 
epoch: 29 iter: 4 train_iter_loss: 0.063138 learn_rate: 0.000123 
epoch: 29 iter: 5 train_iter_loss: 0.064953 learn_rate: 0.000123 
epoch: 29 iter: 6 train_iter_loss: 0.062429 learn_rate: 0.000123 
epoch: 29 iter: 7 train_iter_loss: 0.062288 learn_rate: 0.000123 
epoch: 29 iter: 8 train_iter_loss: 0.066403 learn_rate: 0.000123 
epoch: 29 iter: 9 train_iter_loss: 0.064951 learn_rate: 0.000123 
epoch: 29 iter: 10 train_iter_loss: 0.063891 learn_rate: 0.000123 
epoch: 29 iter: 11 train_iter_loss: 0.065210 learn_rate: 0.000123 
epoch: 29 iter: 12 train_iter_loss: 0.063729 learn_rate: 0.000123 
epoch: 29 iter: 13 train_iter_loss: 0.062319 learn_rate: 0.000123 
epoch: 29 iter: 14 train_iter_loss: 0.067415 learn_rate: 0.000123 
epoch: 29 iter: 15 train_iter_loss: 0.061733 learn_rate: 0.000123 
epoch: 29 iter: 16 train_iter_loss: 0.066979 learn_rate: 0.000123 
epoch: 29 iter: 17 train_iter_loss: 0.063586 learn_rate: 0.000123 
epoch: 29 iter: 18 train_iter_loss: 0.066498 learn_rate: 0.000123 
epoch: 29 iter: 19 train_iter_loss: 0.065937 learn_rate: 0.000123 
epoch: 29 iter: 20 train_iter_loss: 0.062485 learn_rate: 0.000123 
epoch: 29 iter: 21 train_iter_loss: 0.064612 learn_rate: 0.000123 
epoch: 29 iter: 22 train_iter_loss: 0.064527 learn_rate: 0.000123 
epoch: 29 iter: 23 train_iter_loss: 0.067962 learn_rate: 0.000123 
epoch: 29 train_epoch_loss: 0.064735 learn_rate: 0.000123 test_p: 0.731055 test_r: 0.677229 test_f: 0.702532
epoch: 30 iter: 1 train_iter_loss: 0.062905 learn_rate: 0.000123 
epoch: 30 iter: 2 train_iter_loss: 0.063607 learn_rate: 0.000123 
epoch: 30 iter: 3 train_iter_loss: 0.064685 learn_rate: 0.000123 
epoch: 30 iter: 4 train_iter_loss: 0.063830 learn_rate: 0.000123 
epoch: 30 iter: 5 train_iter_loss: 0.063801 learn_rate: 0.000123 
epoch: 30 iter: 6 train_iter_loss: 0.064892 learn_rate: 0.000123 
epoch: 30 iter: 7 train_iter_loss: 0.065552 learn_rate: 0.000123 
epoch: 30 iter: 8 train_iter_loss: 0.065249 learn_rate: 0.000123 
epoch: 30 iter: 9 train_iter_loss: 0.062561 learn_rate: 0.000123 
epoch: 30 iter: 10 train_iter_loss: 0.067237 learn_rate: 0.000123 
epoch: 30 iter: 11 train_iter_loss: 0.065568 learn_rate: 0.000123 
epoch: 30 iter: 12 train_iter_loss: 0.065576 learn_rate: 0.000123 
epoch: 30 iter: 13 train_iter_loss: 0.066659 learn_rate: 0.000123 
epoch: 30 iter: 14 train_iter_loss: 0.064737 learn_rate: 0.000123 
epoch: 30 iter: 15 train_iter_loss: 0.061622 learn_rate: 0.000123 
epoch: 30 iter: 16 train_iter_loss: 0.065646 learn_rate: 0.000123 
epoch: 30 iter: 17 train_iter_loss: 0.062548 learn_rate: 0.000123 
epoch: 30 iter: 18 train_iter_loss: 0.064639 learn_rate: 0.000123 
epoch: 30 iter: 19 train_iter_loss: 0.065237 learn_rate: 0.000123 
epoch: 30 iter: 20 train_iter_loss: 0.062903 learn_rate: 0.000123 
epoch: 30 iter: 21 train_iter_loss: 0.067100 learn_rate: 0.000123 
epoch: 30 iter: 22 train_iter_loss: 0.067120 learn_rate: 0.000123 
epoch: 30 iter: 23 train_iter_loss: 0.062657 learn_rate: 0.000123 
epoch: 30 train_epoch_loss: 0.064623 learn_rate: 0.000123 test_p: 0.731729 test_r: 0.677908 test_f: 0.703204
epoch: 31 iter: 1 train_iter_loss: 0.065575 learn_rate: 0.000041 
epoch: 31 iter: 2 train_iter_loss: 0.065452 learn_rate: 0.000041 
epoch: 31 iter: 3 train_iter_loss: 0.069305 learn_rate: 0.000041 
epoch: 31 iter: 4 train_iter_loss: 0.063374 learn_rate: 0.000041 
epoch: 31 iter: 5 train_iter_loss: 0.066093 learn_rate: 0.000041 
epoch: 31 iter: 6 train_iter_loss: 0.065010 learn_rate: 0.000041 
epoch: 31 iter: 7 train_iter_loss: 0.068381 learn_rate: 0.000041 
epoch: 31 iter: 8 train_iter_loss: 0.062304 learn_rate: 0.000041 
epoch: 31 iter: 9 train_iter_loss: 0.062964 learn_rate: 0.000041 
epoch: 31 iter: 10 train_iter_loss: 0.065485 learn_rate: 0.000041 
epoch: 31 iter: 11 train_iter_loss: 0.063730 learn_rate: 0.000041 
epoch: 31 iter: 12 train_iter_loss: 0.065080 learn_rate: 0.000041 
epoch: 31 iter: 13 train_iter_loss: 0.063273 learn_rate: 0.000041 
epoch: 31 iter: 14 train_iter_loss: 0.064281 learn_rate: 0.000041 
epoch: 31 iter: 15 train_iter_loss: 0.063295 learn_rate: 0.000041 
epoch: 31 iter: 16 train_iter_loss: 0.062340 learn_rate: 0.000041 
epoch: 31 iter: 17 train_iter_loss: 0.064745 learn_rate: 0.000041 
epoch: 31 iter: 18 train_iter_loss: 0.063951 learn_rate: 0.000041 
epoch: 31 iter: 19 train_iter_loss: 0.064255 learn_rate: 0.000041 
epoch: 31 iter: 20 train_iter_loss: 0.065468 learn_rate: 0.000041 
epoch: 31 iter: 21 train_iter_loss: 0.065936 learn_rate: 0.000041 
epoch: 31 iter: 22 train_iter_loss: 0.061888 learn_rate: 0.000041 
epoch: 31 iter: 23 train_iter_loss: 0.066485 learn_rate: 0.000041 
epoch: 31 train_epoch_loss: 0.064725 learn_rate: 0.000041 test_p: 0.731330 test_r: 0.676893 test_f: 0.702467
epoch: 32 iter: 1 train_iter_loss: 0.064834 learn_rate: 0.000041 
epoch: 32 iter: 2 train_iter_loss: 0.064969 learn_rate: 0.000041 
epoch: 32 iter: 3 train_iter_loss: 0.066160 learn_rate: 0.000041 
epoch: 32 iter: 4 train_iter_loss: 0.064520 learn_rate: 0.000041 
epoch: 32 iter: 5 train_iter_loss: 0.065822 learn_rate: 0.000041 
epoch: 32 iter: 6 train_iter_loss: 0.065219 learn_rate: 0.000041 
epoch: 32 iter: 7 train_iter_loss: 0.066220 learn_rate: 0.000041 
epoch: 32 iter: 8 train_iter_loss: 0.065237 learn_rate: 0.000041 
epoch: 32 iter: 9 train_iter_loss: 0.064055 learn_rate: 0.000041 
epoch: 32 iter: 10 train_iter_loss: 0.067559 learn_rate: 0.000041 
epoch: 32 iter: 11 train_iter_loss: 0.062767 learn_rate: 0.000041 
epoch: 32 iter: 12 train_iter_loss: 0.062806 learn_rate: 0.000041 
epoch: 32 iter: 13 train_iter_loss: 0.064135 learn_rate: 0.000041 
epoch: 32 iter: 14 train_iter_loss: 0.065015 learn_rate: 0.000041 
epoch: 32 iter: 15 train_iter_loss: 0.066136 learn_rate: 0.000041 
epoch: 32 iter: 16 train_iter_loss: 0.062146 learn_rate: 0.000041 
epoch: 32 iter: 17 train_iter_loss: 0.064324 learn_rate: 0.000041 
epoch: 32 iter: 18 train_iter_loss: 0.065137 learn_rate: 0.000041 
epoch: 32 iter: 19 train_iter_loss: 0.064605 learn_rate: 0.000041 
epoch: 32 iter: 20 train_iter_loss: 0.064458 learn_rate: 0.000041 
epoch: 32 iter: 21 train_iter_loss: 0.063324 learn_rate: 0.000041 
epoch: 32 iter: 22 train_iter_loss: 0.063698 learn_rate: 0.000041 
epoch: 32 iter: 23 train_iter_loss: 0.063986 learn_rate: 0.000041 
epoch: 32 train_epoch_loss: 0.064658 learn_rate: 0.000041 test_p: 0.732048 test_r: 0.677856 test_f: 0.703320
epoch: 33 iter: 1 train_iter_loss: 0.064594 learn_rate: 0.000014 
epoch: 33 iter: 2 train_iter_loss: 0.061369 learn_rate: 0.000014 
epoch: 33 iter: 3 train_iter_loss: 0.064118 learn_rate: 0.000014 
epoch: 33 iter: 4 train_iter_loss: 0.063692 learn_rate: 0.000014 
epoch: 33 iter: 5 train_iter_loss: 0.064974 learn_rate: 0.000014 
epoch: 33 iter: 6 train_iter_loss: 0.063532 learn_rate: 0.000014 
epoch: 33 iter: 7 train_iter_loss: 0.065980 learn_rate: 0.000014 
epoch: 33 iter: 8 train_iter_loss: 0.062201 learn_rate: 0.000014 
epoch: 33 iter: 9 train_iter_loss: 0.063714 learn_rate: 0.000014 
epoch: 33 iter: 10 train_iter_loss: 0.062981 learn_rate: 0.000014 
epoch: 33 iter: 11 train_iter_loss: 0.067720 learn_rate: 0.000014 
epoch: 33 iter: 12 train_iter_loss: 0.064456 learn_rate: 0.000014 
epoch: 33 iter: 13 train_iter_loss: 0.063669 learn_rate: 0.000014 
epoch: 33 iter: 14 train_iter_loss: 0.067045 learn_rate: 0.000014 
epoch: 33 iter: 15 train_iter_loss: 0.063413 learn_rate: 0.000014 
epoch: 33 iter: 16 train_iter_loss: 0.067233 learn_rate: 0.000014 
epoch: 33 iter: 17 train_iter_loss: 0.068592 learn_rate: 0.000014 
epoch: 33 iter: 18 train_iter_loss: 0.066916 learn_rate: 0.000014 
epoch: 33 iter: 19 train_iter_loss: 0.063197 learn_rate: 0.000014 
epoch: 33 iter: 20 train_iter_loss: 0.064210 learn_rate: 0.000014 
epoch: 33 iter: 21 train_iter_loss: 0.062574 learn_rate: 0.000014 
epoch: 33 iter: 22 train_iter_loss: 0.066882 learn_rate: 0.000014 
epoch: 33 iter: 23 train_iter_loss: 0.063687 learn_rate: 0.000014 
epoch: 33 train_epoch_loss: 0.064641 learn_rate: 0.000014 test_p: 0.733200 test_r: 0.678330 test_f: 0.704093
epoch: 34 iter: 1 train_iter_loss: 0.065176 learn_rate: 0.000014 
epoch: 34 iter: 2 train_iter_loss: 0.063210 learn_rate: 0.000014 
epoch: 34 iter: 3 train_iter_loss: 0.065723 learn_rate: 0.000014 
epoch: 34 iter: 4 train_iter_loss: 0.065485 learn_rate: 0.000014 
epoch: 34 iter: 5 train_iter_loss: 0.067360 learn_rate: 0.000014 
epoch: 34 iter: 6 train_iter_loss: 0.065944 learn_rate: 0.000014 
epoch: 34 iter: 7 train_iter_loss: 0.063446 learn_rate: 0.000014 
epoch: 34 iter: 8 train_iter_loss: 0.064773 learn_rate: 0.000014 
epoch: 34 iter: 9 train_iter_loss: 0.064406 learn_rate: 0.000014 
epoch: 34 iter: 10 train_iter_loss: 0.063122 learn_rate: 0.000014 
epoch: 34 iter: 11 train_iter_loss: 0.064980 learn_rate: 0.000014 
epoch: 34 iter: 12 train_iter_loss: 0.063336 learn_rate: 0.000014 
epoch: 34 iter: 13 train_iter_loss: 0.066387 learn_rate: 0.000014 
epoch: 34 iter: 14 train_iter_loss: 0.068612 learn_rate: 0.000014 
epoch: 34 iter: 15 train_iter_loss: 0.064646 learn_rate: 0.000014 
epoch: 34 iter: 16 train_iter_loss: 0.061145 learn_rate: 0.000014 
epoch: 34 iter: 17 train_iter_loss: 0.065346 learn_rate: 0.000014 
epoch: 34 iter: 18 train_iter_loss: 0.060797 learn_rate: 0.000014 
epoch: 34 iter: 19 train_iter_loss: 0.063929 learn_rate: 0.000014 
epoch: 34 iter: 20 train_iter_loss: 0.062041 learn_rate: 0.000014 
epoch: 34 iter: 21 train_iter_loss: 0.066065 learn_rate: 0.000014 
epoch: 34 iter: 22 train_iter_loss: 0.066582 learn_rate: 0.000014 
epoch: 34 iter: 23 train_iter_loss: 0.063693 learn_rate: 0.000014 
epoch: 34 train_epoch_loss: 0.064618 learn_rate: 0.000014 test_p: 0.732686 test_r: 0.677890 test_f: 0.703622
epoch: 35 iter: 1 train_iter_loss: 0.067648 learn_rate: 0.000014 
epoch: 35 iter: 2 train_iter_loss: 0.063082 learn_rate: 0.000014 
epoch: 35 iter: 3 train_iter_loss: 0.065587 learn_rate: 0.000014 
epoch: 35 iter: 4 train_iter_loss: 0.065972 learn_rate: 0.000014 
epoch: 35 iter: 5 train_iter_loss: 0.065582 learn_rate: 0.000014 
epoch: 35 iter: 6 train_iter_loss: 0.065209 learn_rate: 0.000014 
epoch: 35 iter: 7 train_iter_loss: 0.066317 learn_rate: 0.000014 
epoch: 35 iter: 8 train_iter_loss: 0.063457 learn_rate: 0.000014 
epoch: 35 iter: 9 train_iter_loss: 0.061457 learn_rate: 0.000014 
epoch: 35 iter: 10 train_iter_loss: 0.065526 learn_rate: 0.000014 
epoch: 35 iter: 11 train_iter_loss: 0.064726 learn_rate: 0.000014 
epoch: 35 iter: 12 train_iter_loss: 0.064057 learn_rate: 0.000014 
epoch: 35 iter: 13 train_iter_loss: 0.064156 learn_rate: 0.000014 
epoch: 35 iter: 14 train_iter_loss: 0.062928 learn_rate: 0.000014 
epoch: 35 iter: 15 train_iter_loss: 0.065686 learn_rate: 0.000014 
epoch: 35 iter: 16 train_iter_loss: 0.063508 learn_rate: 0.000014 
epoch: 35 iter: 17 train_iter_loss: 0.061971 learn_rate: 0.000014 
epoch: 35 iter: 18 train_iter_loss: 0.066151 learn_rate: 0.000014 
epoch: 35 iter: 19 train_iter_loss: 0.063026 learn_rate: 0.000014 
epoch: 35 iter: 20 train_iter_loss: 0.069085 learn_rate: 0.000014 
epoch: 35 iter: 21 train_iter_loss: 0.063429 learn_rate: 0.000014 
epoch: 35 iter: 22 train_iter_loss: 0.063096 learn_rate: 0.000014 
epoch: 35 iter: 23 train_iter_loss: 0.066491 learn_rate: 0.000014 
epoch: 35 train_epoch_loss: 0.064702 learn_rate: 0.000014 test_p: 0.732256 test_r: 0.677767 test_f: 0.703364
epoch: 36 iter: 1 train_iter_loss: 0.062939 learn_rate: 0.000014 
epoch: 36 iter: 2 train_iter_loss: 0.065122 learn_rate: 0.000014 
epoch: 36 iter: 3 train_iter_loss: 0.066953 learn_rate: 0.000014 
epoch: 36 iter: 4 train_iter_loss: 0.064265 learn_rate: 0.000014 
epoch: 36 iter: 5 train_iter_loss: 0.064639 learn_rate: 0.000014 
epoch: 36 iter: 6 train_iter_loss: 0.066240 learn_rate: 0.000014 
epoch: 36 iter: 7 train_iter_loss: 0.064007 learn_rate: 0.000014 
epoch: 36 iter: 8 train_iter_loss: 0.062460 learn_rate: 0.000014 
epoch: 36 iter: 9 train_iter_loss: 0.065804 learn_rate: 0.000014 
epoch: 36 iter: 10 train_iter_loss: 0.065013 learn_rate: 0.000014 
epoch: 36 iter: 11 train_iter_loss: 0.068138 learn_rate: 0.000014 
epoch: 36 iter: 12 train_iter_loss: 0.063633 learn_rate: 0.000014 
epoch: 36 iter: 13 train_iter_loss: 0.064308 learn_rate: 0.000014 
epoch: 36 iter: 14 train_iter_loss: 0.065180 learn_rate: 0.000014 
epoch: 36 iter: 15 train_iter_loss: 0.063791 learn_rate: 0.000014 
epoch: 36 iter: 16 train_iter_loss: 0.063473 learn_rate: 0.000014 
epoch: 36 iter: 17 train_iter_loss: 0.064334 learn_rate: 0.000014 
epoch: 36 iter: 18 train_iter_loss: 0.063324 learn_rate: 0.000014 
epoch: 36 iter: 19 train_iter_loss: 0.065221 learn_rate: 0.000014 
epoch: 36 iter: 20 train_iter_loss: 0.064372 learn_rate: 0.000014 
epoch: 36 iter: 21 train_iter_loss: 0.063803 learn_rate: 0.000014 
epoch: 36 iter: 22 train_iter_loss: 0.066671 learn_rate: 0.000014 
epoch: 36 iter: 23 train_iter_loss: 0.062537 learn_rate: 0.000014 
epoch: 36 train_epoch_loss: 0.064619 learn_rate: 0.000014 test_p: 0.732229 test_r: 0.677822 test_f: 0.703382
epoch: 37 iter: 1 train_iter_loss: 0.064147 learn_rate: 0.000005 
epoch: 37 iter: 2 train_iter_loss: 0.069520 learn_rate: 0.000005 
epoch: 37 iter: 3 train_iter_loss: 0.063525 learn_rate: 0.000005 
epoch: 37 iter: 4 train_iter_loss: 0.067302 learn_rate: 0.000005 
epoch: 37 iter: 5 train_iter_loss: 0.063652 learn_rate: 0.000005 
epoch: 37 iter: 6 train_iter_loss: 0.064136 learn_rate: 0.000005 
epoch: 37 iter: 7 train_iter_loss: 0.065591 learn_rate: 0.000005 
epoch: 37 iter: 8 train_iter_loss: 0.064600 learn_rate: 0.000005 
epoch: 37 iter: 9 train_iter_loss: 0.064171 learn_rate: 0.000005 
epoch: 37 iter: 10 train_iter_loss: 0.063557 learn_rate: 0.000005 
epoch: 37 iter: 11 train_iter_loss: 0.062978 learn_rate: 0.000005 
epoch: 37 iter: 12 train_iter_loss: 0.067972 learn_rate: 0.000005 
epoch: 37 iter: 13 train_iter_loss: 0.064900 learn_rate: 0.000005 
epoch: 37 iter: 14 train_iter_loss: 0.063564 learn_rate: 0.000005 
epoch: 37 iter: 15 train_iter_loss: 0.063141 learn_rate: 0.000005 
epoch: 37 iter: 16 train_iter_loss: 0.063629 learn_rate: 0.000005 
epoch: 37 iter: 17 train_iter_loss: 0.063101 learn_rate: 0.000005 
epoch: 37 iter: 18 train_iter_loss: 0.065253 learn_rate: 0.000005 
epoch: 37 iter: 19 train_iter_loss: 0.065651 learn_rate: 0.000005 
epoch: 37 iter: 20 train_iter_loss: 0.064703 learn_rate: 0.000005 
epoch: 37 iter: 21 train_iter_loss: 0.062839 learn_rate: 0.000005 
epoch: 37 iter: 22 train_iter_loss: 0.062886 learn_rate: 0.000005 
epoch: 37 iter: 23 train_iter_loss: 0.067956 learn_rate: 0.000005 
epoch: 37 train_epoch_loss: 0.064729 learn_rate: 0.000005 test_p: 0.732657 test_r: 0.677923 test_f: 0.703628
epoch: 38 iter: 1 train_iter_loss: 0.064018 learn_rate: 0.000005 
epoch: 38 iter: 2 train_iter_loss: 0.063339 learn_rate: 0.000005 
epoch: 38 iter: 3 train_iter_loss: 0.063122 learn_rate: 0.000005 
epoch: 38 iter: 4 train_iter_loss: 0.064832 learn_rate: 0.000005 
epoch: 38 iter: 5 train_iter_loss: 0.061765 learn_rate: 0.000005 
epoch: 38 iter: 6 train_iter_loss: 0.065368 learn_rate: 0.000005 
epoch: 38 iter: 7 train_iter_loss: 0.063420 learn_rate: 0.000005 
epoch: 38 iter: 8 train_iter_loss: 0.064944 learn_rate: 0.000005 
epoch: 38 iter: 9 train_iter_loss: 0.062281 learn_rate: 0.000005 
epoch: 38 iter: 10 train_iter_loss: 0.063790 learn_rate: 0.000005 
epoch: 38 iter: 11 train_iter_loss: 0.066241 learn_rate: 0.000005 
epoch: 38 iter: 12 train_iter_loss: 0.066600 learn_rate: 0.000005 
epoch: 38 iter: 13 train_iter_loss: 0.066424 learn_rate: 0.000005 
epoch: 38 iter: 14 train_iter_loss: 0.064731 learn_rate: 0.000005 
epoch: 38 iter: 15 train_iter_loss: 0.064460 learn_rate: 0.000005 
epoch: 38 iter: 16 train_iter_loss: 0.067233 learn_rate: 0.000005 
epoch: 38 iter: 17 train_iter_loss: 0.062420 learn_rate: 0.000005 
epoch: 38 iter: 18 train_iter_loss: 0.065722 learn_rate: 0.000005 
epoch: 38 iter: 19 train_iter_loss: 0.069175 learn_rate: 0.000005 
epoch: 38 iter: 20 train_iter_loss: 0.065955 learn_rate: 0.000005 
epoch: 38 iter: 21 train_iter_loss: 0.063993 learn_rate: 0.000005 
epoch: 38 iter: 22 train_iter_loss: 0.061002 learn_rate: 0.000005 
epoch: 38 iter: 23 train_iter_loss: 0.067348 learn_rate: 0.000005 
epoch: 38 train_epoch_loss: 0.064704 learn_rate: 0.000005 test_p: 0.732491 test_r: 0.677806 test_f: 0.703489
epoch: 39 iter: 1 train_iter_loss: 0.062774 learn_rate: 0.000002 
epoch: 39 iter: 2 train_iter_loss: 0.060725 learn_rate: 0.000002 
epoch: 39 iter: 3 train_iter_loss: 0.062828 learn_rate: 0.000002 
epoch: 39 iter: 4 train_iter_loss: 0.067081 learn_rate: 0.000002 
epoch: 39 iter: 5 train_iter_loss: 0.063779 learn_rate: 0.000002 
epoch: 39 iter: 6 train_iter_loss: 0.065338 learn_rate: 0.000002 
epoch: 39 iter: 7 train_iter_loss: 0.062587 learn_rate: 0.000002 
epoch: 39 iter: 8 train_iter_loss: 0.067173 learn_rate: 0.000002 
epoch: 39 iter: 9 train_iter_loss: 0.067334 learn_rate: 0.000002 
epoch: 39 iter: 10 train_iter_loss: 0.064258 learn_rate: 0.000002 
epoch: 39 iter: 11 train_iter_loss: 0.063167 learn_rate: 0.000002 
epoch: 39 iter: 12 train_iter_loss: 0.062514 learn_rate: 0.000002 
epoch: 39 iter: 13 train_iter_loss: 0.063535 learn_rate: 0.000002 
epoch: 39 iter: 14 train_iter_loss: 0.064629 learn_rate: 0.000002 
epoch: 39 iter: 15 train_iter_loss: 0.063532 learn_rate: 0.000002 
epoch: 39 iter: 16 train_iter_loss: 0.064157 learn_rate: 0.000002 
epoch: 39 iter: 17 train_iter_loss: 0.065200 learn_rate: 0.000002 
epoch: 39 iter: 18 train_iter_loss: 0.064036 learn_rate: 0.000002 
epoch: 39 iter: 19 train_iter_loss: 0.064004 learn_rate: 0.000002 
epoch: 39 iter: 20 train_iter_loss: 0.061968 learn_rate: 0.000002 
epoch: 39 iter: 21 train_iter_loss: 0.070365 learn_rate: 0.000002 
epoch: 39 iter: 22 train_iter_loss: 0.067661 learn_rate: 0.000002 
epoch: 39 iter: 23 train_iter_loss: 0.070168 learn_rate: 0.000002 
epoch: 39 train_epoch_loss: 0.064731 learn_rate: 0.000002 test_p: 0.732645 test_r: 0.677876 test_f: 0.703596
epoch: 40 iter: 1 train_iter_loss: 0.064972 learn_rate: 0.000002 
epoch: 40 iter: 2 train_iter_loss: 0.063192 learn_rate: 0.000002 
epoch: 40 iter: 3 train_iter_loss: 0.065716 learn_rate: 0.000002 
epoch: 40 iter: 4 train_iter_loss: 0.063740 learn_rate: 0.000002 
epoch: 40 iter: 5 train_iter_loss: 0.066978 learn_rate: 0.000002 
epoch: 40 iter: 6 train_iter_loss: 0.062996 learn_rate: 0.000002 
epoch: 40 iter: 7 train_iter_loss: 0.062808 learn_rate: 0.000002 
epoch: 40 iter: 8 train_iter_loss: 0.065069 learn_rate: 0.000002 
epoch: 40 iter: 9 train_iter_loss: 0.062726 learn_rate: 0.000002 
epoch: 40 iter: 10 train_iter_loss: 0.065125 learn_rate: 0.000002 
epoch: 40 iter: 11 train_iter_loss: 0.067158 learn_rate: 0.000002 
epoch: 40 iter: 12 train_iter_loss: 0.069180 learn_rate: 0.000002 
epoch: 40 iter: 13 train_iter_loss: 0.064282 learn_rate: 0.000002 
epoch: 40 iter: 14 train_iter_loss: 0.065139 learn_rate: 0.000002 
epoch: 40 iter: 15 train_iter_loss: 0.061858 learn_rate: 0.000002 
epoch: 40 iter: 16 train_iter_loss: 0.063039 learn_rate: 0.000002 
epoch: 40 iter: 17 train_iter_loss: 0.063632 learn_rate: 0.000002 
epoch: 40 iter: 18 train_iter_loss: 0.064779 learn_rate: 0.000002 
epoch: 40 iter: 19 train_iter_loss: 0.065063 learn_rate: 0.000002 
epoch: 40 iter: 20 train_iter_loss: 0.065287 learn_rate: 0.000002 
epoch: 40 iter: 21 train_iter_loss: 0.065282 learn_rate: 0.000002 
epoch: 40 iter: 22 train_iter_loss: 0.062804 learn_rate: 0.000002 
epoch: 40 iter: 23 train_iter_loss: 0.067978 learn_rate: 0.000002 
epoch: 40 train_epoch_loss: 0.064731 learn_rate: 0.000002 test_p: 0.732774 test_r: 0.677996 test_f: 0.703721
epoch: 41 iter: 1 train_iter_loss: 0.064089 learn_rate: 0.000001 
epoch: 41 iter: 2 train_iter_loss: 0.067132 learn_rate: 0.000001 
epoch: 41 iter: 3 train_iter_loss: 0.062879 learn_rate: 0.000001 
epoch: 41 iter: 4 train_iter_loss: 0.063992 learn_rate: 0.000001 
epoch: 41 iter: 5 train_iter_loss: 0.067531 learn_rate: 0.000001 
epoch: 41 iter: 6 train_iter_loss: 0.065244 learn_rate: 0.000001 
epoch: 41 iter: 7 train_iter_loss: 0.064951 learn_rate: 0.000001 
epoch: 41 iter: 8 train_iter_loss: 0.065296 learn_rate: 0.000001 
epoch: 41 iter: 9 train_iter_loss: 0.061254 learn_rate: 0.000001 
epoch: 41 iter: 10 train_iter_loss: 0.063555 learn_rate: 0.000001 
epoch: 41 iter: 11 train_iter_loss: 0.065519 learn_rate: 0.000001 
epoch: 41 iter: 12 train_iter_loss: 0.064170 learn_rate: 0.000001 
epoch: 41 iter: 13 train_iter_loss: 0.064684 learn_rate: 0.000001 
epoch: 41 iter: 14 train_iter_loss: 0.064224 learn_rate: 0.000001 
epoch: 41 iter: 15 train_iter_loss: 0.063386 learn_rate: 0.000001 
epoch: 41 iter: 16 train_iter_loss: 0.065928 learn_rate: 0.000001 
epoch: 41 iter: 17 train_iter_loss: 0.065504 learn_rate: 0.000001 
epoch: 41 iter: 18 train_iter_loss: 0.066726 learn_rate: 0.000001 
epoch: 41 iter: 19 train_iter_loss: 0.065044 learn_rate: 0.000001 
epoch: 41 iter: 20 train_iter_loss: 0.063717 learn_rate: 0.000001 
epoch: 41 iter: 21 train_iter_loss: 0.063002 learn_rate: 0.000001 
epoch: 41 iter: 22 train_iter_loss: 0.063403 learn_rate: 0.000001 
epoch: 41 iter: 23 train_iter_loss: 0.067383 learn_rate: 0.000001 
epoch: 41 train_epoch_loss: 0.064722 learn_rate: 0.000001 test_p: 0.732656 test_r: 0.677871 test_f: 0.703598
epoch: 42 iter: 1 train_iter_loss: 0.066314 learn_rate: 0.000001 
epoch: 42 iter: 2 train_iter_loss: 0.061362 learn_rate: 0.000001 
epoch: 42 iter: 3 train_iter_loss: 0.066547 learn_rate: 0.000001 
epoch: 42 iter: 4 train_iter_loss: 0.063471 learn_rate: 0.000001 
epoch: 42 iter: 5 train_iter_loss: 0.065337 learn_rate: 0.000001 
epoch: 42 iter: 6 train_iter_loss: 0.062512 learn_rate: 0.000001 
epoch: 42 iter: 7 train_iter_loss: 0.065590 learn_rate: 0.000001 
epoch: 42 iter: 8 train_iter_loss: 0.062832 learn_rate: 0.000001 
epoch: 42 iter: 9 train_iter_loss: 0.061739 learn_rate: 0.000001 
epoch: 42 iter: 10 train_iter_loss: 0.066743 learn_rate: 0.000001 
epoch: 42 iter: 11 train_iter_loss: 0.064991 learn_rate: 0.000001 
epoch: 42 iter: 12 train_iter_loss: 0.067253 learn_rate: 0.000001 
epoch: 42 iter: 13 train_iter_loss: 0.064993 learn_rate: 0.000001 
epoch: 42 iter: 14 train_iter_loss: 0.067081 learn_rate: 0.000001 
epoch: 42 iter: 15 train_iter_loss: 0.068850 learn_rate: 0.000001 
epoch: 42 iter: 16 train_iter_loss: 0.062789 learn_rate: 0.000001 
epoch: 42 iter: 17 train_iter_loss: 0.063484 learn_rate: 0.000001 
epoch: 42 iter: 18 train_iter_loss: 0.066090 learn_rate: 0.000001 
epoch: 42 iter: 19 train_iter_loss: 0.063183 learn_rate: 0.000001 
epoch: 42 iter: 20 train_iter_loss: 0.063649 learn_rate: 0.000001 
epoch: 42 iter: 21 train_iter_loss: 0.064455 learn_rate: 0.000001 
epoch: 42 iter: 22 train_iter_loss: 0.064227 learn_rate: 0.000001 
epoch: 42 iter: 23 train_iter_loss: 0.061681 learn_rate: 0.000001 
epoch: 42 train_epoch_loss: 0.064573 learn_rate: 0.000001 test_p: 0.732662 test_r: 0.677884 test_f: 0.703608
epoch: 43 iter: 1 train_iter_loss: 0.068294 learn_rate: 0.000001 
epoch: 43 iter: 2 train_iter_loss: 0.063549 learn_rate: 0.000001 
epoch: 43 iter: 3 train_iter_loss: 0.063438 learn_rate: 0.000001 
epoch: 43 iter: 4 train_iter_loss: 0.062693 learn_rate: 0.000001 
epoch: 43 iter: 5 train_iter_loss: 0.065026 learn_rate: 0.000001 
epoch: 43 iter: 6 train_iter_loss: 0.067788 learn_rate: 0.000001 
epoch: 43 iter: 7 train_iter_loss: 0.065413 learn_rate: 0.000001 
epoch: 43 iter: 8 train_iter_loss: 0.065177 learn_rate: 0.000001 
epoch: 43 iter: 9 train_iter_loss: 0.064010 learn_rate: 0.000001 
epoch: 43 iter: 10 train_iter_loss: 0.067463 learn_rate: 0.000001 
epoch: 43 iter: 11 train_iter_loss: 0.062876 learn_rate: 0.000001 
epoch: 43 iter: 12 train_iter_loss: 0.068032 learn_rate: 0.000001 
epoch: 43 iter: 13 train_iter_loss: 0.063209 learn_rate: 0.000001 
epoch: 43 iter: 14 train_iter_loss: 0.064845 learn_rate: 0.000001 
epoch: 43 iter: 15 train_iter_loss: 0.065682 learn_rate: 0.000001 
epoch: 43 iter: 16 train_iter_loss: 0.064531 learn_rate: 0.000001 
epoch: 43 iter: 17 train_iter_loss: 0.063096 learn_rate: 0.000001 
epoch: 43 iter: 18 train_iter_loss: 0.061985 learn_rate: 0.000001 
epoch: 43 iter: 19 train_iter_loss: 0.064353 learn_rate: 0.000001 
epoch: 43 iter: 20 train_iter_loss: 0.065942 learn_rate: 0.000001 
epoch: 43 iter: 21 train_iter_loss: 0.061042 learn_rate: 0.000001 
epoch: 43 iter: 22 train_iter_loss: 0.063956 learn_rate: 0.000001 
epoch: 43 iter: 23 train_iter_loss: 0.063684 learn_rate: 0.000001 
epoch: 43 train_epoch_loss: 0.064612 learn_rate: 0.000001 test_p: 0.732646 test_r: 0.677874 test_f: 0.703596
epoch: 44 iter: 1 train_iter_loss: 0.064337 learn_rate: 0.000001 
epoch: 44 iter: 2 train_iter_loss: 0.064928 learn_rate: 0.000001 
epoch: 44 iter: 3 train_iter_loss: 0.062656 learn_rate: 0.000001 
epoch: 44 iter: 4 train_iter_loss: 0.063722 learn_rate: 0.000001 
epoch: 44 iter: 5 train_iter_loss: 0.065984 learn_rate: 0.000001 
epoch: 44 iter: 6 train_iter_loss: 0.064941 learn_rate: 0.000001 
epoch: 44 iter: 7 train_iter_loss: 0.064844 learn_rate: 0.000001 
epoch: 44 iter: 8 train_iter_loss: 0.063732 learn_rate: 0.000001 
epoch: 44 iter: 9 train_iter_loss: 0.063270 learn_rate: 0.000001 
epoch: 44 iter: 10 train_iter_loss: 0.065023 learn_rate: 0.000001 
epoch: 44 iter: 11 train_iter_loss: 0.064124 learn_rate: 0.000001 
epoch: 44 iter: 12 train_iter_loss: 0.070331 learn_rate: 0.000001 
epoch: 44 iter: 13 train_iter_loss: 0.063449 learn_rate: 0.000001 
epoch: 44 iter: 14 train_iter_loss: 0.067691 learn_rate: 0.000001 
epoch: 44 iter: 15 train_iter_loss: 0.061248 learn_rate: 0.000001 
epoch: 44 iter: 16 train_iter_loss: 0.067093 learn_rate: 0.000001 
epoch: 44 iter: 17 train_iter_loss: 0.063843 learn_rate: 0.000001 
epoch: 44 iter: 18 train_iter_loss: 0.063903 learn_rate: 0.000001 
epoch: 44 iter: 19 train_iter_loss: 0.065691 learn_rate: 0.000001 
epoch: 44 iter: 20 train_iter_loss: 0.065090 learn_rate: 0.000001 
epoch: 44 iter: 21 train_iter_loss: 0.063980 learn_rate: 0.000001 
epoch: 44 iter: 22 train_iter_loss: 0.063726 learn_rate: 0.000001 
epoch: 44 iter: 23 train_iter_loss: 0.061094 learn_rate: 0.000001 
epoch: 44 train_epoch_loss: 0.064552 learn_rate: 0.000001 test_p: 0.732610 test_r: 0.677846 test_f: 0.703564
epoch: 45 iter: 1 train_iter_loss: 0.064175 learn_rate: 0.000001 
epoch: 45 iter: 2 train_iter_loss: 0.066727 learn_rate: 0.000001 
epoch: 45 iter: 3 train_iter_loss: 0.065616 learn_rate: 0.000001 
epoch: 45 iter: 4 train_iter_loss: 0.065488 learn_rate: 0.000001 
epoch: 45 iter: 5 train_iter_loss: 0.063056 learn_rate: 0.000001 
epoch: 45 iter: 6 train_iter_loss: 0.062651 learn_rate: 0.000001 
epoch: 45 iter: 7 train_iter_loss: 0.063464 learn_rate: 0.000001 
epoch: 45 iter: 8 train_iter_loss: 0.065452 learn_rate: 0.000001 
epoch: 45 iter: 9 train_iter_loss: 0.062200 learn_rate: 0.000001 
epoch: 45 iter: 10 train_iter_loss: 0.064248 learn_rate: 0.000001 
epoch: 45 iter: 11 train_iter_loss: 0.064478 learn_rate: 0.000001 
epoch: 45 iter: 12 train_iter_loss: 0.064560 learn_rate: 0.000001 
epoch: 45 iter: 13 train_iter_loss: 0.065530 learn_rate: 0.000001 
epoch: 45 iter: 14 train_iter_loss: 0.064600 learn_rate: 0.000001 
epoch: 45 iter: 15 train_iter_loss: 0.066826 learn_rate: 0.000001 
epoch: 45 iter: 16 train_iter_loss: 0.065518 learn_rate: 0.000001 
epoch: 45 iter: 17 train_iter_loss: 0.066267 learn_rate: 0.000001 
epoch: 45 iter: 18 train_iter_loss: 0.064360 learn_rate: 0.000001 
epoch: 45 iter: 19 train_iter_loss: 0.065852 learn_rate: 0.000001 
epoch: 45 iter: 20 train_iter_loss: 0.062549 learn_rate: 0.000001 
epoch: 45 iter: 21 train_iter_loss: 0.063343 learn_rate: 0.000001 
epoch: 45 iter: 22 train_iter_loss: 0.064608 learn_rate: 0.000001 
epoch: 45 iter: 23 train_iter_loss: 0.066521 learn_rate: 0.000001 
epoch: 45 train_epoch_loss: 0.064700 learn_rate: 0.000001 test_p: 0.732635 test_r: 0.677875 test_f: 0.703591
epoch: 46 iter: 1 train_iter_loss: 0.067049 learn_rate: 0.000001 
epoch: 46 iter: 2 train_iter_loss: 0.064705 learn_rate: 0.000001 
epoch: 46 iter: 3 train_iter_loss: 0.063300 learn_rate: 0.000001 
epoch: 46 iter: 4 train_iter_loss: 0.066839 learn_rate: 0.000001 
epoch: 46 iter: 5 train_iter_loss: 0.061425 learn_rate: 0.000001 
epoch: 46 iter: 6 train_iter_loss: 0.062682 learn_rate: 0.000001 
epoch: 46 iter: 7 train_iter_loss: 0.063755 learn_rate: 0.000001 
epoch: 46 iter: 8 train_iter_loss: 0.064694 learn_rate: 0.000001 
epoch: 46 iter: 9 train_iter_loss: 0.064439 learn_rate: 0.000001 
epoch: 46 iter: 10 train_iter_loss: 0.063450 learn_rate: 0.000001 
epoch: 46 iter: 11 train_iter_loss: 0.064081 learn_rate: 0.000001 
epoch: 46 iter: 12 train_iter_loss: 0.066227 learn_rate: 0.000001 
epoch: 46 iter: 13 train_iter_loss: 0.065883 learn_rate: 0.000001 
epoch: 46 iter: 14 train_iter_loss: 0.063129 learn_rate: 0.000001 
epoch: 46 iter: 15 train_iter_loss: 0.064389 learn_rate: 0.000001 
epoch: 46 iter: 16 train_iter_loss: 0.065545 learn_rate: 0.000001 
epoch: 46 iter: 17 train_iter_loss: 0.065202 learn_rate: 0.000001 
epoch: 46 iter: 18 train_iter_loss: 0.068713 learn_rate: 0.000001 
epoch: 46 iter: 19 train_iter_loss: 0.066925 learn_rate: 0.000001 
epoch: 46 iter: 20 train_iter_loss: 0.062821 learn_rate: 0.000001 
epoch: 46 iter: 21 train_iter_loss: 0.063606 learn_rate: 0.000001 
epoch: 46 iter: 22 train_iter_loss: 0.065327 learn_rate: 0.000001 
epoch: 46 iter: 23 train_iter_loss: 0.060428 learn_rate: 0.000001 
epoch: 46 train_epoch_loss: 0.064548 learn_rate: 0.000001 test_p: 0.732671 test_r: 0.677918 test_f: 0.703631
epoch: 47 iter: 1 train_iter_loss: 0.064395 learn_rate: 0.000001 
epoch: 47 iter: 2 train_iter_loss: 0.063981 learn_rate: 0.000001 
epoch: 47 iter: 3 train_iter_loss: 0.065431 learn_rate: 0.000001 
epoch: 47 iter: 4 train_iter_loss: 0.065913 learn_rate: 0.000001 
epoch: 47 iter: 5 train_iter_loss: 0.063899 learn_rate: 0.000001 
epoch: 47 iter: 6 train_iter_loss: 0.065006 learn_rate: 0.000001 
epoch: 47 iter: 7 train_iter_loss: 0.066690 learn_rate: 0.000001 
epoch: 47 iter: 8 train_iter_loss: 0.064188 learn_rate: 0.000001 
epoch: 47 iter: 9 train_iter_loss: 0.063524 learn_rate: 0.000001 
epoch: 47 iter: 10 train_iter_loss: 0.065508 learn_rate: 0.000001 
epoch: 47 iter: 11 train_iter_loss: 0.068051 learn_rate: 0.000001 
epoch: 47 iter: 12 train_iter_loss: 0.063739 learn_rate: 0.000001 
epoch: 47 iter: 13 train_iter_loss: 0.062738 learn_rate: 0.000001 
epoch: 47 iter: 14 train_iter_loss: 0.063336 learn_rate: 0.000001 
epoch: 47 iter: 15 train_iter_loss: 0.066453 learn_rate: 0.000001 
epoch: 47 iter: 16 train_iter_loss: 0.062996 learn_rate: 0.000001 
epoch: 47 iter: 17 train_iter_loss: 0.062556 learn_rate: 0.000001 
epoch: 47 iter: 18 train_iter_loss: 0.062177 learn_rate: 0.000001 
epoch: 47 iter: 19 train_iter_loss: 0.064661 learn_rate: 0.000001 
epoch: 47 iter: 20 train_iter_loss: 0.063744 learn_rate: 0.000001 
epoch: 47 iter: 21 train_iter_loss: 0.065901 learn_rate: 0.000001 
epoch: 47 iter: 22 train_iter_loss: 0.067754 learn_rate: 0.000001 
epoch: 47 iter: 23 train_iter_loss: 0.064628 learn_rate: 0.000001 
epoch: 47 train_epoch_loss: 0.064664 learn_rate: 0.000001 test_p: 0.732650 test_r: 0.677905 test_f: 0.703615
epoch: 48 iter: 1 train_iter_loss: 0.061919 learn_rate: 0.000001 
epoch: 48 iter: 2 train_iter_loss: 0.061835 learn_rate: 0.000001 
epoch: 48 iter: 3 train_iter_loss: 0.066792 learn_rate: 0.000001 
epoch: 48 iter: 4 train_iter_loss: 0.066797 learn_rate: 0.000001 
epoch: 48 iter: 5 train_iter_loss: 0.063785 learn_rate: 0.000001 
epoch: 48 iter: 6 train_iter_loss: 0.065970 learn_rate: 0.000001 
epoch: 48 iter: 7 train_iter_loss: 0.061730 learn_rate: 0.000001 
epoch: 48 iter: 8 train_iter_loss: 0.064250 learn_rate: 0.000001 
epoch: 48 iter: 9 train_iter_loss: 0.065832 learn_rate: 0.000001 
epoch: 48 iter: 10 train_iter_loss: 0.066036 learn_rate: 0.000001 
epoch: 48 iter: 11 train_iter_loss: 0.063923 learn_rate: 0.000001 
epoch: 48 iter: 12 train_iter_loss: 0.067058 learn_rate: 0.000001 
epoch: 48 iter: 13 train_iter_loss: 0.065515 learn_rate: 0.000001 
epoch: 48 iter: 14 train_iter_loss: 0.062066 learn_rate: 0.000001 
epoch: 48 iter: 15 train_iter_loss: 0.063110 learn_rate: 0.000001 
epoch: 48 iter: 16 train_iter_loss: 0.064851 learn_rate: 0.000001 
epoch: 48 iter: 17 train_iter_loss: 0.067944 learn_rate: 0.000001 
epoch: 48 iter: 18 train_iter_loss: 0.063547 learn_rate: 0.000001 
epoch: 48 iter: 19 train_iter_loss: 0.064153 learn_rate: 0.000001 
epoch: 48 iter: 20 train_iter_loss: 0.062544 learn_rate: 0.000001 
epoch: 48 iter: 21 train_iter_loss: 0.066936 learn_rate: 0.000001 
epoch: 48 iter: 22 train_iter_loss: 0.065371 learn_rate: 0.000001 
epoch: 48 iter: 23 train_iter_loss: 0.065320 learn_rate: 0.000001 
epoch: 48 train_epoch_loss: 0.064664 learn_rate: 0.000001 test_p: 0.732671 test_r: 0.677947 test_f: 0.703648
