Mon Apr 24 23:21:07 2023
data_dict: {'mean': array([53.28275 , 59.12542 , 65.058464, 71.17439 , 74.12385 , 75.12166 ,
       82.41925 , 68.21801 ], dtype=float32), 'std': array([ 3.4168463,  5.437373 ,  7.538317 ,  9.571217 , 10.881078 ,
        8.137217 ,  8.632572 ,  7.047028 ], dtype=float32), 'classWeights': array([1.461572, 5.997296, 7.822035], dtype=float32), 'img_shape': (256, 256, 8)}
epoch: 1 train_epoch_loss: 0.138163 learn_rate: 0.010000
epoch: 2 train_epoch_loss: 0.112886 learn_rate: 0.010000
epoch: 3 train_epoch_loss: 0.103137 learn_rate: 0.010000
epoch: 4 train_epoch_loss: 0.098255 learn_rate: 0.010000
epoch: 5 train_epoch_loss: 0.099080 learn_rate: 0.010000
epoch: 6 train_epoch_loss: 0.095886 learn_rate: 0.010000
epoch: 7 train_epoch_loss: 0.089707 learn_rate: 0.010000
epoch: 8 train_epoch_loss: 0.084653 learn_rate: 0.010000
epoch: 9 train_epoch_loss: 0.081334 learn_rate: 0.010000
epoch: 10 train_epoch_loss: 0.075890 learn_rate: 0.010000
epoch: 11 train_epoch_loss: 0.074219 learn_rate: 0.010000
epoch: 12 train_epoch_loss: 0.072617 learn_rate: 0.010000
epoch: 13 train_epoch_loss: 0.072670 learn_rate: 0.010000
epoch: 14 train_epoch_loss: 0.071811 learn_rate: 0.010000
epoch: 15 train_epoch_loss: 0.070614 learn_rate: 0.010000
epoch: 16 train_epoch_loss: 0.069865 learn_rate: 0.010000
epoch: 17 train_epoch_loss: 0.070257 learn_rate: 0.010000
epoch: 18 train_epoch_loss: 0.069661 learn_rate: 0.010000
epoch: 19 train_epoch_loss: 0.069425 learn_rate: 0.010000
epoch: 20 train_epoch_loss: 0.068622 learn_rate: 0.010000
epoch: 21 train_epoch_loss: 0.070824 learn_rate: 0.010000
epoch: 22 train_epoch_loss: 0.069226 learn_rate: 0.010000
epoch: 23 train_epoch_loss: 0.068224 learn_rate: 0.003333
epoch: 24 train_epoch_loss: 0.067659 learn_rate: 0.003333
epoch: 25 train_epoch_loss: 0.067104 learn_rate: 0.003333
epoch: 26 train_epoch_loss: 0.067085 learn_rate: 0.003333
epoch: 27 train_epoch_loss: 0.067097 learn_rate: 0.003333
epoch: 28 train_epoch_loss: 0.066799 learn_rate: 0.003333
epoch: 29 train_epoch_loss: 0.066969 learn_rate: 0.003333
epoch: 30 train_epoch_loss: 0.066410 learn_rate: 0.003333
epoch: 31 train_epoch_loss: 0.066304 learn_rate: 0.003333
epoch: 32 train_epoch_loss: 0.066205 learn_rate: 0.003333
epoch: 33 train_epoch_loss: 0.066318 learn_rate: 0.003333
epoch: 34 train_epoch_loss: 0.066200 learn_rate: 0.003333
epoch: 35 train_epoch_loss: 0.065979 learn_rate: 0.003333
epoch: 36 train_epoch_loss: 0.065555 learn_rate: 0.003333
epoch: 37 train_epoch_loss: 0.066006 learn_rate: 0.003333
epoch: 38 train_epoch_loss: 0.065809 learn_rate: 0.003333
epoch: 39 train_epoch_loss: 0.065407 learn_rate: 0.001111
epoch: 40 train_epoch_loss: 0.065278 learn_rate: 0.001111
epoch: 41 train_epoch_loss: 0.065282 learn_rate: 0.001111
epoch: 42 train_epoch_loss: 0.065324 learn_rate: 0.001111
epoch: 43 train_epoch_loss: 0.065194 learn_rate: 0.000370
epoch: 44 train_epoch_loss: 0.065203 learn_rate: 0.000370
epoch: 45 train_epoch_loss: 0.065169 learn_rate: 0.000370
epoch: 46 train_epoch_loss: 0.065089 learn_rate: 0.000370
epoch: 47 train_epoch_loss: 0.065157 learn_rate: 0.000370
epoch: 48 train_epoch_loss: 0.065123 learn_rate: 0.000370
epoch: 49 train_epoch_loss: 0.065161 learn_rate: 0.000123
epoch: 50 train_epoch_loss: 0.065080 learn_rate: 0.000123
epoch: 51 train_epoch_loss: 0.065111 learn_rate: 0.000123
epoch: 52 train_epoch_loss: 0.065065 learn_rate: 0.000123
epoch: 53 train_epoch_loss: 0.065098 learn_rate: 0.000123
epoch: 54 train_epoch_loss: 0.065096 learn_rate: 0.000123
epoch: 55 train_epoch_loss: 0.065063 learn_rate: 0.000041
epoch: 56 train_epoch_loss: 0.065033 learn_rate: 0.000041
epoch: 57 train_epoch_loss: 0.065095 learn_rate: 0.000041
epoch: 58 train_epoch_loss: 0.065087 learn_rate: 0.000041
epoch: 59 train_epoch_loss: 0.065065 learn_rate: 0.000014
epoch: 60 train_epoch_loss: 0.064992 learn_rate: 0.000014
epoch: 61 train_epoch_loss: 0.065049 learn_rate: 0.000014
epoch: 62 train_epoch_loss: 0.065070 learn_rate: 0.000014
epoch: 63 train_epoch_loss: 0.065070 learn_rate: 0.000005
epoch: 64 train_epoch_loss: 0.065062 learn_rate: 0.000005
epoch: 65 train_epoch_loss: 0.065064 learn_rate: 0.000002
epoch: 66 train_epoch_loss: 0.065059 learn_rate: 0.000002
epoch: 67 train_epoch_loss: 0.065064 learn_rate: 0.000001
epoch: 68 train_epoch_loss: 0.065095 learn_rate: 0.000001
