Mon May  1 01:17:27 2023
data_dict: {'mean': array([52.704556, 58.41405 , 64.40699 , 70.58118 , 73.50352 , 74.85682 ,
       81.9623  , 67.729485], dtype=float32), 'std': array([ 3.39593  ,  5.4326706,  7.5754166,  9.685514 , 10.977296 ,
        8.325459 ,  8.875289 ,  7.2722487], dtype=float32), 'classWeights': array([1.4577913, 5.9518204, 8.103015 ], dtype=float32), 'img_shape': (256, 256, 8)}
epoch: 1 iter: 1 train_iter_loss: 0.243753 learn_rate: 0.005000 
epoch: 1 iter: 2 train_iter_loss: 0.203883 learn_rate: 0.005000 
epoch: 1 iter: 3 train_iter_loss: 0.173606 learn_rate: 0.005000 
epoch: 1 iter: 4 train_iter_loss: 0.168719 learn_rate: 0.005000 
epoch: 1 iter: 5 train_iter_loss: 0.158328 learn_rate: 0.005000 
epoch: 1 iter: 6 train_iter_loss: 0.158392 learn_rate: 0.005000 
epoch: 1 iter: 7 train_iter_loss: 0.146704 learn_rate: 0.005000 
epoch: 1 iter: 8 train_iter_loss: 0.148073 learn_rate: 0.005000 
epoch: 1 iter: 9 train_iter_loss: 0.132883 learn_rate: 0.005000 
epoch: 1 iter: 10 train_iter_loss: 0.125242 learn_rate: 0.005000 
epoch: 1 iter: 11 train_iter_loss: 0.133647 learn_rate: 0.005000 
epoch: 1 iter: 12 train_iter_loss: 0.117810 learn_rate: 0.005000 
epoch: 1 iter: 13 train_iter_loss: 0.122193 learn_rate: 0.005000 
epoch: 1 iter: 14 train_iter_loss: 0.107213 learn_rate: 0.005000 
epoch: 1 iter: 15 train_iter_loss: 0.123721 learn_rate: 0.005000 
epoch: 1 iter: 16 train_iter_loss: 0.105440 learn_rate: 0.005000 
epoch: 1 iter: 17 train_iter_loss: 0.112161 learn_rate: 0.005000 
epoch: 1 iter: 18 train_iter_loss: 0.101487 learn_rate: 0.005000 
epoch: 1 iter: 19 train_iter_loss: 0.100139 learn_rate: 0.005000 
epoch: 1 iter: 20 train_iter_loss: 0.096233 learn_rate: 0.005000 
epoch: 1 iter: 21 train_iter_loss: 0.090951 learn_rate: 0.005000 
epoch: 1 iter: 22 train_iter_loss: 0.089271 learn_rate: 0.005000 
epoch: 1 iter: 23 train_iter_loss: 0.098399 learn_rate: 0.005000 
epoch: 1 iter: 24 train_iter_loss: 0.084023 learn_rate: 0.005000 
epoch: 1 iter: 25 train_iter_loss: 0.083138 learn_rate: 0.005000 
epoch: 1 iter: 26 train_iter_loss: 0.090488 learn_rate: 0.005000 
epoch: 1 iter: 27 train_iter_loss: 0.093709 learn_rate: 0.005000 
epoch: 1 iter: 28 train_iter_loss: 0.110460 learn_rate: 0.005000 
epoch: 1 iter: 29 train_iter_loss: 0.077256 learn_rate: 0.005000 
epoch: 1 iter: 30 train_iter_loss: 0.075981 learn_rate: 0.005000 
epoch: 1 iter: 31 train_iter_loss: 0.080393 learn_rate: 0.005000 
epoch: 1 iter: 32 train_iter_loss: 0.084440 learn_rate: 0.005000 
epoch: 1 iter: 33 train_iter_loss: 0.085573 learn_rate: 0.005000 
epoch: 1 iter: 34 train_iter_loss: 0.077803 learn_rate: 0.005000 
epoch: 1 iter: 35 train_iter_loss: 0.077838 learn_rate: 0.005000 
epoch: 1 iter: 36 train_iter_loss: 0.086707 learn_rate: 0.005000 
epoch: 1 iter: 37 train_iter_loss: 0.081790 learn_rate: 0.005000 
epoch: 1 iter: 38 train_iter_loss: 0.076031 learn_rate: 0.005000 
epoch: 1 iter: 39 train_iter_loss: 0.088487 learn_rate: 0.005000 
epoch: 1 iter: 40 train_iter_loss: 0.073505 learn_rate: 0.005000 
epoch: 1 iter: 41 train_iter_loss: 0.077713 learn_rate: 0.005000 
epoch: 1 iter: 42 train_iter_loss: 0.072282 learn_rate: 0.005000 
epoch: 1 iter: 43 train_iter_loss: 0.080018 learn_rate: 0.005000 
epoch: 1 iter: 44 train_iter_loss: 0.074958 learn_rate: 0.005000 
epoch: 1 iter: 45 train_iter_loss: 0.080550 learn_rate: 0.005000 
epoch: 1 train_epoch_loss: 0.108253 learn_rate: 0.005000 test_p: 0.836016 test_r: 0.813968 test_f: 0.824758
epoch: 2 iter: 1 train_iter_loss: 0.077654 learn_rate: 0.005000 
epoch: 2 iter: 2 train_iter_loss: 0.165989 learn_rate: 0.005000 
epoch: 2 iter: 3 train_iter_loss: 0.101525 learn_rate: 0.005000 
epoch: 2 iter: 4 train_iter_loss: 0.100153 learn_rate: 0.005000 
epoch: 2 iter: 5 train_iter_loss: 0.083427 learn_rate: 0.005000 
epoch: 2 iter: 6 train_iter_loss: 0.082206 learn_rate: 0.005000 
epoch: 2 iter: 7 train_iter_loss: 0.273805 learn_rate: 0.005000 
epoch: 2 iter: 8 train_iter_loss: 0.091491 learn_rate: 0.005000 
epoch: 2 iter: 9 train_iter_loss: 0.119510 learn_rate: 0.005000 
epoch: 2 iter: 10 train_iter_loss: 0.102503 learn_rate: 0.005000 
epoch: 2 iter: 11 train_iter_loss: 0.073193 learn_rate: 0.005000 
epoch: 2 iter: 12 train_iter_loss: 0.085674 learn_rate: 0.005000 
epoch: 2 iter: 13 train_iter_loss: 0.078782 learn_rate: 0.005000 
epoch: 2 iter: 14 train_iter_loss: 0.114392 learn_rate: 0.005000 
epoch: 2 iter: 15 train_iter_loss: 0.090912 learn_rate: 0.005000 
epoch: 2 iter: 16 train_iter_loss: 0.087758 learn_rate: 0.005000 
epoch: 2 iter: 17 train_iter_loss: 0.099392 learn_rate: 0.005000 
epoch: 2 iter: 18 train_iter_loss: 0.091295 learn_rate: 0.005000 
epoch: 2 iter: 19 train_iter_loss: 0.077997 learn_rate: 0.005000 
epoch: 2 iter: 20 train_iter_loss: 0.089147 learn_rate: 0.005000 
epoch: 2 iter: 21 train_iter_loss: 0.110999 learn_rate: 0.005000 
epoch: 2 iter: 22 train_iter_loss: 0.083723 learn_rate: 0.005000 
epoch: 2 iter: 23 train_iter_loss: 0.073565 learn_rate: 0.005000 
epoch: 2 iter: 24 train_iter_loss: 0.086425 learn_rate: 0.005000 
epoch: 2 iter: 25 train_iter_loss: 0.087760 learn_rate: 0.005000 
epoch: 2 iter: 26 train_iter_loss: 0.065470 learn_rate: 0.005000 
epoch: 2 iter: 27 train_iter_loss: 0.086095 learn_rate: 0.005000 
epoch: 2 iter: 28 train_iter_loss: 0.093106 learn_rate: 0.005000 
epoch: 2 iter: 29 train_iter_loss: 0.091137 learn_rate: 0.005000 
epoch: 2 iter: 30 train_iter_loss: 0.077448 learn_rate: 0.005000 
epoch: 2 iter: 31 train_iter_loss: 0.114796 learn_rate: 0.005000 
epoch: 2 iter: 32 train_iter_loss: 0.096394 learn_rate: 0.005000 
epoch: 2 iter: 33 train_iter_loss: 0.077892 learn_rate: 0.005000 
epoch: 2 iter: 34 train_iter_loss: 0.093893 learn_rate: 0.005000 
epoch: 2 iter: 35 train_iter_loss: 0.085403 learn_rate: 0.005000 
epoch: 2 iter: 36 train_iter_loss: 0.093263 learn_rate: 0.005000 
epoch: 2 iter: 37 train_iter_loss: 0.089910 learn_rate: 0.005000 
epoch: 2 iter: 38 train_iter_loss: 0.079724 learn_rate: 0.005000 
epoch: 2 iter: 39 train_iter_loss: 0.109486 learn_rate: 0.005000 
epoch: 2 iter: 40 train_iter_loss: 0.079377 learn_rate: 0.005000 
epoch: 2 iter: 41 train_iter_loss: 0.095506 learn_rate: 0.005000 
epoch: 2 iter: 42 train_iter_loss: 0.091757 learn_rate: 0.005000 
epoch: 2 iter: 43 train_iter_loss: 0.099701 learn_rate: 0.005000 
epoch: 2 iter: 44 train_iter_loss: 0.092277 learn_rate: 0.005000 
epoch: 2 iter: 45 train_iter_loss: 0.107581 learn_rate: 0.005000 
epoch: 2 train_epoch_loss: 0.096655 learn_rate: 0.005000 test_p: 0.438797 test_r: 0.621999 test_f: 0.514520
epoch: 3 iter: 1 train_iter_loss: 0.085864 learn_rate: 0.005000 
epoch: 3 iter: 2 train_iter_loss: 0.087636 learn_rate: 0.005000 
epoch: 3 iter: 3 train_iter_loss: 0.080332 learn_rate: 0.005000 
epoch: 3 iter: 4 train_iter_loss: 0.085348 learn_rate: 0.005000 
epoch: 3 iter: 5 train_iter_loss: 0.088898 learn_rate: 0.005000 
epoch: 3 iter: 6 train_iter_loss: 0.070289 learn_rate: 0.005000 
epoch: 3 iter: 7 train_iter_loss: 0.086790 learn_rate: 0.005000 
epoch: 3 iter: 8 train_iter_loss: 0.095219 learn_rate: 0.005000 
epoch: 3 iter: 9 train_iter_loss: 0.090820 learn_rate: 0.005000 
epoch: 3 iter: 10 train_iter_loss: 0.090067 learn_rate: 0.005000 
epoch: 3 iter: 11 train_iter_loss: 0.080636 learn_rate: 0.005000 
epoch: 3 iter: 12 train_iter_loss: 0.086275 learn_rate: 0.005000 
epoch: 3 iter: 13 train_iter_loss: 0.089369 learn_rate: 0.005000 
epoch: 3 iter: 14 train_iter_loss: 0.095484 learn_rate: 0.005000 
epoch: 3 iter: 15 train_iter_loss: 0.080542 learn_rate: 0.005000 
epoch: 3 iter: 16 train_iter_loss: 0.068355 learn_rate: 0.005000 
epoch: 3 iter: 17 train_iter_loss: 0.086819 learn_rate: 0.005000 
epoch: 3 iter: 18 train_iter_loss: 0.090031 learn_rate: 0.005000 
epoch: 3 iter: 19 train_iter_loss: 0.086737 learn_rate: 0.005000 
epoch: 3 iter: 20 train_iter_loss: 0.081347 learn_rate: 0.005000 
epoch: 3 iter: 21 train_iter_loss: 0.086468 learn_rate: 0.005000 
epoch: 3 iter: 22 train_iter_loss: 0.081110 learn_rate: 0.005000 
epoch: 3 iter: 23 train_iter_loss: 0.084870 learn_rate: 0.005000 
epoch: 3 iter: 24 train_iter_loss: 0.084245 learn_rate: 0.005000 
epoch: 3 iter: 25 train_iter_loss: 0.100011 learn_rate: 0.005000 
epoch: 3 iter: 26 train_iter_loss: 0.110315 learn_rate: 0.005000 
epoch: 3 iter: 27 train_iter_loss: 0.086479 learn_rate: 0.005000 
epoch: 3 iter: 28 train_iter_loss: 0.105187 learn_rate: 0.005000 
epoch: 3 iter: 29 train_iter_loss: 0.085747 learn_rate: 0.005000 
epoch: 3 iter: 30 train_iter_loss: 0.103153 learn_rate: 0.005000 
epoch: 3 iter: 31 train_iter_loss: 0.091894 learn_rate: 0.005000 
epoch: 3 iter: 32 train_iter_loss: 0.101117 learn_rate: 0.005000 
epoch: 3 iter: 33 train_iter_loss: 0.091167 learn_rate: 0.005000 
epoch: 3 iter: 34 train_iter_loss: 0.090466 learn_rate: 0.005000 
epoch: 3 iter: 35 train_iter_loss: 0.083671 learn_rate: 0.005000 
epoch: 3 iter: 36 train_iter_loss: 0.087586 learn_rate: 0.005000 
epoch: 3 iter: 37 train_iter_loss: 0.090973 learn_rate: 0.005000 
epoch: 3 iter: 38 train_iter_loss: 0.092037 learn_rate: 0.005000 
epoch: 3 iter: 39 train_iter_loss: 0.085223 learn_rate: 0.005000 
epoch: 3 iter: 40 train_iter_loss: 0.085932 learn_rate: 0.005000 
epoch: 3 iter: 41 train_iter_loss: 0.085454 learn_rate: 0.005000 
epoch: 3 iter: 42 train_iter_loss: 0.080110 learn_rate: 0.005000 
epoch: 3 iter: 43 train_iter_loss: 0.081521 learn_rate: 0.005000 
epoch: 3 iter: 44 train_iter_loss: 0.081328 learn_rate: 0.005000 
epoch: 3 iter: 45 train_iter_loss: 0.086277 learn_rate: 0.005000 
epoch: 3 train_epoch_loss: 0.087760 learn_rate: 0.005000 test_p: 0.449693 test_r: 0.637249 test_f: 0.527173
epoch: 4 iter: 1 train_iter_loss: 0.093102 learn_rate: 0.005000 
epoch: 4 iter: 2 train_iter_loss: 0.109562 learn_rate: 0.005000 
epoch: 4 iter: 3 train_iter_loss: 0.069281 learn_rate: 0.005000 
epoch: 4 iter: 4 train_iter_loss: 0.089221 learn_rate: 0.005000 
epoch: 4 iter: 5 train_iter_loss: 0.079998 learn_rate: 0.005000 
