Sun Apr 30 09:21:04 2023
data_dict: {'mean': array([54.85348 , 60.663074, 66.20853 , 72.08681 , 74.9597  , 76.144775,
       82.83809 , 68.795364], dtype=float32), 'std': array([3.187269 , 5.0454187, 6.9193983, 8.761767 , 9.956169 , 7.525857 ,
       8.043238 , 6.5620556], dtype=float32), 'classWeights': array([1.4506127, 6.1729636, 8.082946 ], dtype=float32), 'img_shape': (256, 256, 8)}
epoch: 1 iter: 1 train_iter_loss: 0.254511 learn_rate: 0.005000 
epoch: 1 iter: 2 train_iter_loss: 0.201607 learn_rate: 0.005000 
epoch: 1 iter: 3 train_iter_loss: 0.179031 learn_rate: 0.005000 
epoch: 1 iter: 4 train_iter_loss: 0.174157 learn_rate: 0.005000 
epoch: 1 iter: 5 train_iter_loss: 0.166264 learn_rate: 0.005000 
epoch: 1 iter: 6 train_iter_loss: 0.150932 learn_rate: 0.005000 
epoch: 1 iter: 7 train_iter_loss: 0.149200 learn_rate: 0.005000 
epoch: 1 iter: 8 train_iter_loss: 0.133073 learn_rate: 0.005000 
epoch: 1 iter: 9 train_iter_loss: 0.130554 learn_rate: 0.005000 
epoch: 1 iter: 10 train_iter_loss: 0.136000 learn_rate: 0.005000 
epoch: 1 iter: 11 train_iter_loss: 0.139053 learn_rate: 0.005000 
epoch: 1 iter: 12 train_iter_loss: 0.123978 learn_rate: 0.005000 
epoch: 1 iter: 13 train_iter_loss: 0.131932 learn_rate: 0.005000 
epoch: 1 iter: 14 train_iter_loss: 0.121149 learn_rate: 0.005000 
epoch: 1 iter: 15 train_iter_loss: 0.115376 learn_rate: 0.005000 
epoch: 1 iter: 16 train_iter_loss: 0.117755 learn_rate: 0.005000 
epoch: 1 iter: 17 train_iter_loss: 0.104730 learn_rate: 0.005000 
epoch: 1 iter: 18 train_iter_loss: 0.102822 learn_rate: 0.005000 
epoch: 1 iter: 19 train_iter_loss: 0.115939 learn_rate: 0.005000 
epoch: 1 iter: 20 train_iter_loss: 0.101084 learn_rate: 0.005000 
epoch: 1 iter: 21 train_iter_loss: 0.096047 learn_rate: 0.005000 
epoch: 1 iter: 22 train_iter_loss: 0.096729 learn_rate: 0.005000 
epoch: 1 iter: 23 train_iter_loss: 0.093646 learn_rate: 0.005000 
epoch: 1 iter: 24 train_iter_loss: 0.095488 learn_rate: 0.005000 
epoch: 1 iter: 25 train_iter_loss: 0.085300 learn_rate: 0.005000 
epoch: 1 iter: 26 train_iter_loss: 0.095480 learn_rate: 0.005000 
epoch: 1 iter: 27 train_iter_loss: 0.090857 learn_rate: 0.005000 
epoch: 1 iter: 28 train_iter_loss: 0.095351 learn_rate: 0.005000 
epoch: 1 iter: 29 train_iter_loss: 0.093535 learn_rate: 0.005000 
epoch: 1 iter: 30 train_iter_loss: 0.087746 learn_rate: 0.005000 
epoch: 1 iter: 31 train_iter_loss: 0.091419 learn_rate: 0.005000 
epoch: 1 iter: 32 train_iter_loss: 0.093346 learn_rate: 0.005000 
epoch: 1 iter: 33 train_iter_loss: 0.096793 learn_rate: 0.005000 
epoch: 1 iter: 34 train_iter_loss: 0.099626 learn_rate: 0.005000 
epoch: 1 iter: 35 train_iter_loss: 0.088333 learn_rate: 0.005000 
epoch: 1 iter: 36 train_iter_loss: 0.082171 learn_rate: 0.005000 
epoch: 1 iter: 37 train_iter_loss: 0.087781 learn_rate: 0.005000 
epoch: 1 iter: 38 train_iter_loss: 0.088384 learn_rate: 0.005000 
epoch: 1 iter: 39 train_iter_loss: 0.082387 learn_rate: 0.005000 
epoch: 1 iter: 40 train_iter_loss: 0.079300 learn_rate: 0.005000 
epoch: 1 iter: 41 train_iter_loss: 0.080480 learn_rate: 0.005000 
epoch: 1 iter: 42 train_iter_loss: 0.077606 learn_rate: 0.005000 
epoch: 1 iter: 43 train_iter_loss: 0.076462 learn_rate: 0.005000 
epoch: 1 iter: 44 train_iter_loss: 0.090676 learn_rate: 0.005000 
epoch: 1 iter: 45 train_iter_loss: 0.082861 learn_rate: 0.005000 
epoch: 1 train_epoch_loss: 0.112821 learn_rate: 0.005000 test_p: 0.360755 test_r: 0.431661 test_f: 0.388848
epoch: 2 iter: 1 train_iter_loss: 0.096603 learn_rate: 0.005000 
epoch: 2 iter: 2 train_iter_loss: 0.080488 learn_rate: 0.005000 
epoch: 2 iter: 3 train_iter_loss: 0.087795 learn_rate: 0.005000 
epoch: 2 iter: 4 train_iter_loss: 0.077070 learn_rate: 0.005000 
epoch: 2 iter: 5 train_iter_loss: 0.077169 learn_rate: 0.005000 
epoch: 2 iter: 6 train_iter_loss: 0.077358 learn_rate: 0.005000 
epoch: 2 iter: 7 train_iter_loss: 0.089979 learn_rate: 0.005000 
epoch: 2 iter: 8 train_iter_loss: 0.075135 learn_rate: 0.005000 
epoch: 2 iter: 9 train_iter_loss: 0.069769 learn_rate: 0.005000 
epoch: 2 iter: 10 train_iter_loss: 0.078728 learn_rate: 0.005000 
epoch: 2 iter: 11 train_iter_loss: 0.071328 learn_rate: 0.005000 
epoch: 2 iter: 12 train_iter_loss: 0.076541 learn_rate: 0.005000 
epoch: 2 iter: 13 train_iter_loss: 0.074890 learn_rate: 0.005000 
epoch: 2 iter: 14 train_iter_loss: 0.075296 learn_rate: 0.005000 
epoch: 2 iter: 15 train_iter_loss: 0.075037 learn_rate: 0.005000 
epoch: 2 iter: 16 train_iter_loss: 0.070479 learn_rate: 0.005000 
epoch: 2 iter: 17 train_iter_loss: 0.068335 learn_rate: 0.005000 
epoch: 2 iter: 18 train_iter_loss: 0.071010 learn_rate: 0.005000 
epoch: 2 iter: 19 train_iter_loss: 0.070376 learn_rate: 0.005000 
epoch: 2 iter: 20 train_iter_loss: 0.067979 learn_rate: 0.005000 
epoch: 2 iter: 21 train_iter_loss: 0.069035 learn_rate: 0.005000 
epoch: 2 iter: 22 train_iter_loss: 0.066333 learn_rate: 0.005000 
epoch: 2 iter: 23 train_iter_loss: 0.066583 learn_rate: 0.005000 
epoch: 2 iter: 24 train_iter_loss: 0.063722 learn_rate: 0.005000 
epoch: 2 iter: 25 train_iter_loss: 0.073901 learn_rate: 0.005000 
epoch: 2 iter: 26 train_iter_loss: 0.085265 learn_rate: 0.005000 
epoch: 2 iter: 27 train_iter_loss: 0.068181 learn_rate: 0.005000 
epoch: 2 iter: 28 train_iter_loss: 0.070965 learn_rate: 0.005000 
epoch: 2 iter: 29 train_iter_loss: 0.070156 learn_rate: 0.005000 
epoch: 2 iter: 30 train_iter_loss: 0.069426 learn_rate: 0.005000 
epoch: 2 iter: 31 train_iter_loss: 0.070790 learn_rate: 0.005000 
epoch: 2 iter: 32 train_iter_loss: 0.068708 learn_rate: 0.005000 
epoch: 2 iter: 33 train_iter_loss: 0.071300 learn_rate: 0.005000 
epoch: 2 iter: 34 train_iter_loss: 0.075238 learn_rate: 0.005000 
epoch: 2 iter: 35 train_iter_loss: 0.068889 learn_rate: 0.005000 
epoch: 2 iter: 36 train_iter_loss: 0.067428 learn_rate: 0.005000 
epoch: 2 iter: 37 train_iter_loss: 0.078065 learn_rate: 0.005000 
epoch: 2 iter: 38 train_iter_loss: 0.071354 learn_rate: 0.005000 
epoch: 2 iter: 39 train_iter_loss: 0.064577 learn_rate: 0.005000 
epoch: 2 iter: 40 train_iter_loss: 0.070084 learn_rate: 0.005000 
epoch: 2 iter: 41 train_iter_loss: 0.068238 learn_rate: 0.005000 
epoch: 2 iter: 42 train_iter_loss: 0.072653 learn_rate: 0.005000 
epoch: 2 iter: 43 train_iter_loss: 0.064691 learn_rate: 0.005000 
epoch: 2 iter: 44 train_iter_loss: 0.066600 learn_rate: 0.005000 
epoch: 2 iter: 45 train_iter_loss: 0.069344 learn_rate: 0.005000 
epoch: 2 train_epoch_loss: 0.072953 learn_rate: 0.005000 test_p: 0.656189 test_r: 0.559691 test_f: 0.603228
epoch: 3 iter: 1 train_iter_loss: 0.066549 learn_rate: 0.005000 
epoch: 3 iter: 2 train_iter_loss: 0.066408 learn_rate: 0.005000 
epoch: 3 iter: 3 train_iter_loss: 0.066530 learn_rate: 0.005000 
epoch: 3 iter: 4 train_iter_loss: 0.065456 learn_rate: 0.005000 
epoch: 3 iter: 5 train_iter_loss: 0.070681 learn_rate: 0.005000 
epoch: 3 iter: 6 train_iter_loss: 0.067980 learn_rate: 0.005000 
epoch: 3 iter: 7 train_iter_loss: 0.061918 learn_rate: 0.005000 
epoch: 3 iter: 8 train_iter_loss: 0.067313 learn_rate: 0.005000 
epoch: 3 iter: 9 train_iter_loss: 0.062909 learn_rate: 0.005000 
epoch: 3 iter: 10 train_iter_loss: 0.072037 learn_rate: 0.005000 
epoch: 3 iter: 11 train_iter_loss: 0.064945 learn_rate: 0.005000 
epoch: 3 iter: 12 train_iter_loss: 0.066116 learn_rate: 0.005000 
epoch: 3 iter: 13 train_iter_loss: 0.069340 learn_rate: 0.005000 
epoch: 3 iter: 14 train_iter_loss: 0.063992 learn_rate: 0.005000 
epoch: 3 iter: 15 train_iter_loss: 0.063649 learn_rate: 0.005000 
epoch: 3 iter: 16 train_iter_loss: 0.065663 learn_rate: 0.005000 
epoch: 3 iter: 17 train_iter_loss: 0.064806 learn_rate: 0.005000 
epoch: 3 iter: 18 train_iter_loss: 0.064309 learn_rate: 0.005000 
epoch: 3 iter: 19 train_iter_loss: 0.070894 learn_rate: 0.005000 
epoch: 3 iter: 20 train_iter_loss: 0.065432 learn_rate: 0.005000 
epoch: 3 iter: 21 train_iter_loss: 0.063403 learn_rate: 0.005000 
epoch: 3 iter: 22 train_iter_loss: 0.065978 learn_rate: 0.005000 
epoch: 3 iter: 23 train_iter_loss: 0.067789 learn_rate: 0.005000 
epoch: 3 iter: 24 train_iter_loss: 0.066201 learn_rate: 0.005000 
epoch: 3 iter: 25 train_iter_loss: 0.062666 learn_rate: 0.005000 
epoch: 3 iter: 26 train_iter_loss: 0.061329 learn_rate: 0.005000 
epoch: 3 iter: 27 train_iter_loss: 0.064038 learn_rate: 0.005000 
epoch: 3 iter: 28 train_iter_loss: 0.064896 learn_rate: 0.005000 
epoch: 3 iter: 29 train_iter_loss: 0.063191 learn_rate: 0.005000 
epoch: 3 iter: 30 train_iter_loss: 0.066565 learn_rate: 0.005000 
epoch: 3 iter: 31 train_iter_loss: 0.071810 learn_rate: 0.005000 
epoch: 3 iter: 32 train_iter_loss: 0.064090 learn_rate: 0.005000 
epoch: 3 iter: 33 train_iter_loss: 0.066793 learn_rate: 0.005000 
epoch: 3 iter: 34 train_iter_loss: 0.064060 learn_rate: 0.005000 
epoch: 3 iter: 35 train_iter_loss: 0.064444 learn_rate: 0.005000 
epoch: 3 iter: 36 train_iter_loss: 0.068395 learn_rate: 0.005000 
epoch: 3 iter: 37 train_iter_loss: 0.064642 learn_rate: 0.005000 
epoch: 3 iter: 38 train_iter_loss: 0.067705 learn_rate: 0.005000 
epoch: 3 iter: 39 train_iter_loss: 0.067392 learn_rate: 0.005000 
epoch: 3 iter: 40 train_iter_loss: 0.063088 learn_rate: 0.005000 
epoch: 3 iter: 41 train_iter_loss: 0.069962 learn_rate: 0.005000 
epoch: 3 iter: 42 train_iter_loss: 0.064965 learn_rate: 0.005000 
epoch: 3 iter: 43 train_iter_loss: 0.063769 learn_rate: 0.005000 
epoch: 3 iter: 44 train_iter_loss: 0.073311 learn_rate: 0.005000 
epoch: 3 iter: 45 train_iter_loss: 0.065889 learn_rate: 0.005000 
epoch: 3 train_epoch_loss: 0.066073 learn_rate: 0.005000 test_p: 0.579752 test_r: 0.509301 test_f: 0.541844
epoch: 4 iter: 1 train_iter_loss: 0.076253 learn_rate: 0.005000 
epoch: 4 iter: 2 train_iter_loss: 0.064717 learn_rate: 0.005000 
epoch: 4 iter: 3 train_iter_loss: 0.064377 learn_rate: 0.005000 
epoch: 4 iter: 4 train_iter_loss: 0.078593 learn_rate: 0.005000 
epoch: 4 iter: 5 train_iter_loss: 0.095687 learn_rate: 0.005000 
epoch: 4 iter: 6 train_iter_loss: 0.085027 learn_rate: 0.005000 
epoch: 4 iter: 7 train_iter_loss: 0.075304 learn_rate: 0.005000 
epoch: 4 iter: 8 train_iter_loss: 0.079806 learn_rate: 0.005000 
epoch: 4 iter: 9 train_iter_loss: 0.087519 learn_rate: 0.005000 
epoch: 4 iter: 10 train_iter_loss: 0.074142 learn_rate: 0.005000 
epoch: 4 iter: 11 train_iter_loss: 0.065464 learn_rate: 0.005000 
epoch: 4 iter: 12 train_iter_loss: 0.074156 learn_rate: 0.005000 
epoch: 4 iter: 13 train_iter_loss: 0.075444 learn_rate: 0.005000 
epoch: 4 iter: 14 train_iter_loss: 0.075507 learn_rate: 0.005000 
epoch: 4 iter: 15 train_iter_loss: 0.065685 learn_rate: 0.005000 
epoch: 4 iter: 16 train_iter_loss: 0.064328 learn_rate: 0.005000 
epoch: 4 iter: 17 train_iter_loss: 0.066288 learn_rate: 0.005000 
epoch: 4 iter: 18 train_iter_loss: 0.069747 learn_rate: 0.005000 
epoch: 4 iter: 19 train_iter_loss: 0.068023 learn_rate: 0.005000 
epoch: 4 iter: 20 train_iter_loss: 0.071048 learn_rate: 0.005000 
epoch: 4 iter: 21 train_iter_loss: 0.072199 learn_rate: 0.005000 
epoch: 4 iter: 22 train_iter_loss: 0.068997 learn_rate: 0.005000 
epoch: 4 iter: 23 train_iter_loss: 0.073969 learn_rate: 0.005000 
epoch: 4 iter: 24 train_iter_loss: 0.063788 learn_rate: 0.005000 
epoch: 4 iter: 25 train_iter_loss: 0.064661 learn_rate: 0.005000 
epoch: 4 iter: 26 train_iter_loss: 0.064780 learn_rate: 0.005000 
epoch: 4 iter: 27 train_iter_loss: 0.066941 learn_rate: 0.005000 
epoch: 4 iter: 28 train_iter_loss: 0.064020 learn_rate: 0.005000 
epoch: 4 iter: 29 train_iter_loss: 0.065227 learn_rate: 0.005000 
epoch: 4 iter: 30 train_iter_loss: 0.067712 learn_rate: 0.005000 
epoch: 4 iter: 31 train_iter_loss: 0.071029 learn_rate: 0.005000 
epoch: 4 iter: 32 train_iter_loss: 0.065838 learn_rate: 0.005000 
epoch: 4 iter: 33 train_iter_loss: 0.065413 learn_rate: 0.005000 
epoch: 4 iter: 34 train_iter_loss: 0.063662 learn_rate: 0.005000 
epoch: 4 iter: 35 train_iter_loss: 0.067256 learn_rate: 0.005000 
epoch: 4 iter: 36 train_iter_loss: 0.066556 learn_rate: 0.005000 
epoch: 4 iter: 37 train_iter_loss: 0.064240 learn_rate: 0.005000 
epoch: 4 iter: 38 train_iter_loss: 0.066230 learn_rate: 0.005000 
epoch: 4 iter: 39 train_iter_loss: 0.066263 learn_rate: 0.005000 
epoch: 4 iter: 40 train_iter_loss: 0.067127 learn_rate: 0.005000 
epoch: 4 iter: 41 train_iter_loss: 0.064228 learn_rate: 0.005000 
epoch: 4 iter: 42 train_iter_loss: 0.063401 learn_rate: 0.005000 
epoch: 4 iter: 43 train_iter_loss: 0.061724 learn_rate: 0.005000 
epoch: 4 iter: 44 train_iter_loss: 0.064945 learn_rate: 0.005000 
epoch: 4 iter: 45 train_iter_loss: 0.063239 learn_rate: 0.005000 
epoch: 4 train_epoch_loss: 0.069568 learn_rate: 0.005000 test_p: 0.629901 test_r: 0.578800 test_f: 0.602270
epoch: 5 iter: 1 train_iter_loss: 0.061902 learn_rate: 0.005000 
epoch: 5 iter: 2 train_iter_loss: 0.063017 learn_rate: 0.005000 
epoch: 5 iter: 3 train_iter_loss: 0.061933 learn_rate: 0.005000 
epoch: 5 iter: 4 train_iter_loss: 0.066368 learn_rate: 0.005000 
epoch: 5 iter: 5 train_iter_loss: 0.064202 learn_rate: 0.005000 
epoch: 5 iter: 6 train_iter_loss: 0.064603 learn_rate: 0.005000 
epoch: 5 iter: 7 train_iter_loss: 0.064159 learn_rate: 0.005000 
epoch: 5 iter: 8 train_iter_loss: 0.065053 learn_rate: 0.005000 
epoch: 5 iter: 9 train_iter_loss: 0.062796 learn_rate: 0.005000 
epoch: 5 iter: 10 train_iter_loss: 0.061687 learn_rate: 0.005000 
epoch: 5 iter: 11 train_iter_loss: 0.068371 learn_rate: 0.005000 
epoch: 5 iter: 12 train_iter_loss: 0.064617 learn_rate: 0.005000 
epoch: 5 iter: 13 train_iter_loss: 0.067839 learn_rate: 0.005000 
epoch: 5 iter: 14 train_iter_loss: 0.066718 learn_rate: 0.005000 
epoch: 5 iter: 15 train_iter_loss: 0.062497 learn_rate: 0.005000 
epoch: 5 iter: 16 train_iter_loss: 0.064110 learn_rate: 0.005000 
epoch: 5 iter: 17 train_iter_loss: 0.064672 learn_rate: 0.005000 
epoch: 5 iter: 18 train_iter_loss: 0.063183 learn_rate: 0.005000 
epoch: 5 iter: 19 train_iter_loss: 0.060923 learn_rate: 0.005000 
epoch: 5 iter: 20 train_iter_loss: 0.065614 learn_rate: 0.005000 
epoch: 5 iter: 21 train_iter_loss: 0.064262 learn_rate: 0.005000 
epoch: 5 iter: 22 train_iter_loss: 0.062624 learn_rate: 0.005000 
epoch: 5 iter: 23 train_iter_loss: 0.063129 learn_rate: 0.005000 
epoch: 5 iter: 24 train_iter_loss: 0.067400 learn_rate: 0.005000 
epoch: 5 iter: 25 train_iter_loss: 0.064178 learn_rate: 0.005000 
epoch: 5 iter: 26 train_iter_loss: 0.073405 learn_rate: 0.005000 
epoch: 5 iter: 27 train_iter_loss: 0.061524 learn_rate: 0.005000 
epoch: 5 iter: 28 train_iter_loss: 0.061196 learn_rate: 0.005000 
epoch: 5 iter: 29 train_iter_loss: 0.062959 learn_rate: 0.005000 
epoch: 5 iter: 30 train_iter_loss: 0.064090 learn_rate: 0.005000 
epoch: 5 iter: 31 train_iter_loss: 0.064574 learn_rate: 0.005000 
epoch: 5 iter: 32 train_iter_loss: 0.067110 learn_rate: 0.005000 
epoch: 5 iter: 33 train_iter_loss: 0.063649 learn_rate: 0.005000 
epoch: 5 iter: 34 train_iter_loss: 0.060146 learn_rate: 0.005000 
epoch: 5 iter: 35 train_iter_loss: 0.063633 learn_rate: 0.005000 
epoch: 5 iter: 36 train_iter_loss: 0.063586 learn_rate: 0.005000 
epoch: 5 iter: 37 train_iter_loss: 0.062192 learn_rate: 0.005000 
epoch: 5 iter: 38 train_iter_loss: 0.064311 learn_rate: 0.005000 
epoch: 5 iter: 39 train_iter_loss: 0.062074 learn_rate: 0.005000 
epoch: 5 iter: 40 train_iter_loss: 0.064253 learn_rate: 0.005000 
epoch: 5 iter: 41 train_iter_loss: 0.062055 learn_rate: 0.005000 
epoch: 5 iter: 42 train_iter_loss: 0.065811 learn_rate: 0.005000 
epoch: 5 iter: 43 train_iter_loss: 0.063279 learn_rate: 0.005000 
epoch: 5 iter: 44 train_iter_loss: 0.061054 learn_rate: 0.005000 
epoch: 5 iter: 45 train_iter_loss: 0.062341 learn_rate: 0.005000 
epoch: 5 train_epoch_loss: 0.063980 learn_rate: 0.005000 test_p: 0.577835 test_r: 0.498190 test_f: 0.533073
epoch: 6 iter: 1 train_iter_loss: 0.064693 learn_rate: 0.005000 
epoch: 6 iter: 2 train_iter_loss: 0.061106 learn_rate: 0.005000 
epoch: 6 iter: 3 train_iter_loss: 0.063665 learn_rate: 0.005000 
epoch: 6 iter: 4 train_iter_loss: 0.061142 learn_rate: 0.005000 
epoch: 6 iter: 5 train_iter_loss: 0.063514 learn_rate: 0.005000 
epoch: 6 iter: 6 train_iter_loss: 0.063705 learn_rate: 0.005000 
epoch: 6 iter: 7 train_iter_loss: 0.063970 learn_rate: 0.005000 
epoch: 6 iter: 8 train_iter_loss: 0.060730 learn_rate: 0.005000 
epoch: 6 iter: 9 train_iter_loss: 0.064872 learn_rate: 0.005000 
epoch: 6 iter: 10 train_iter_loss: 0.067437 learn_rate: 0.005000 
epoch: 6 iter: 11 train_iter_loss: 0.064533 learn_rate: 0.005000 
epoch: 6 iter: 12 train_iter_loss: 0.062178 learn_rate: 0.005000 
epoch: 6 iter: 13 train_iter_loss: 0.064713 learn_rate: 0.005000 
epoch: 6 iter: 14 train_iter_loss: 0.064110 learn_rate: 0.005000 
epoch: 6 iter: 15 train_iter_loss: 0.066419 learn_rate: 0.005000 
epoch: 6 iter: 16 train_iter_loss: 0.061167 learn_rate: 0.005000 
epoch: 6 iter: 17 train_iter_loss: 0.060595 learn_rate: 0.005000 
epoch: 6 iter: 18 train_iter_loss: 0.061137 learn_rate: 0.005000 
epoch: 6 iter: 19 train_iter_loss: 0.064020 learn_rate: 0.005000 
epoch: 6 iter: 20 train_iter_loss: 0.061343 learn_rate: 0.005000 
epoch: 6 iter: 21 train_iter_loss: 0.062725 learn_rate: 0.005000 
epoch: 6 iter: 22 train_iter_loss: 0.064172 learn_rate: 0.005000 
epoch: 6 iter: 23 train_iter_loss: 0.061608 learn_rate: 0.005000 
epoch: 6 iter: 24 train_iter_loss: 0.062938 learn_rate: 0.005000 
epoch: 6 iter: 25 train_iter_loss: 0.062367 learn_rate: 0.005000 
epoch: 6 iter: 26 train_iter_loss: 0.057877 learn_rate: 0.005000 
epoch: 6 iter: 27 train_iter_loss: 0.060971 learn_rate: 0.005000 
epoch: 6 iter: 28 train_iter_loss: 0.062560 learn_rate: 0.005000 
epoch: 6 iter: 29 train_iter_loss: 0.062879 learn_rate: 0.005000 
epoch: 6 iter: 30 train_iter_loss: 0.060975 learn_rate: 0.005000 
epoch: 6 iter: 31 train_iter_loss: 0.061142 learn_rate: 0.005000 
epoch: 6 iter: 32 train_iter_loss: 0.063675 learn_rate: 0.005000 
epoch: 6 iter: 33 train_iter_loss: 0.063072 learn_rate: 0.005000 
epoch: 6 iter: 34 train_iter_loss: 0.061997 learn_rate: 0.005000 
epoch: 6 iter: 35 train_iter_loss: 0.063215 learn_rate: 0.005000 
epoch: 6 iter: 36 train_iter_loss: 0.066013 learn_rate: 0.005000 
epoch: 6 iter: 37 train_iter_loss: 0.059508 learn_rate: 0.005000 
epoch: 6 iter: 38 train_iter_loss: 0.059524 learn_rate: 0.005000 
epoch: 6 iter: 39 train_iter_loss: 0.059797 learn_rate: 0.005000 
epoch: 6 iter: 40 train_iter_loss: 0.059746 learn_rate: 0.005000 
epoch: 6 iter: 41 train_iter_loss: 0.065872 learn_rate: 0.005000 
epoch: 6 iter: 42 train_iter_loss: 0.062581 learn_rate: 0.005000 
epoch: 6 iter: 43 train_iter_loss: 0.061368 learn_rate: 0.005000 
epoch: 6 iter: 44 train_iter_loss: 0.064956 learn_rate: 0.005000 
epoch: 6 iter: 45 train_iter_loss: 0.065481 learn_rate: 0.005000 
epoch: 6 train_epoch_loss: 0.062713 learn_rate: 0.005000 test_p: 0.620012 test_r: 0.599097 test_f: 0.609339
epoch: 7 iter: 1 train_iter_loss: 0.064347 learn_rate: 0.005000 
epoch: 7 iter: 2 train_iter_loss: 0.064925 learn_rate: 0.005000 
epoch: 7 iter: 3 train_iter_loss: 0.061119 learn_rate: 0.005000 
epoch: 7 iter: 4 train_iter_loss: 0.059093 learn_rate: 0.005000 
epoch: 7 iter: 5 train_iter_loss: 0.064606 learn_rate: 0.005000 
epoch: 7 iter: 6 train_iter_loss: 0.064922 learn_rate: 0.005000 
epoch: 7 iter: 7 train_iter_loss: 0.062688 learn_rate: 0.005000 
epoch: 7 iter: 8 train_iter_loss: 0.061664 learn_rate: 0.005000 
epoch: 7 iter: 9 train_iter_loss: 0.060228 learn_rate: 0.005000 
epoch: 7 iter: 10 train_iter_loss: 0.065356 learn_rate: 0.005000 
epoch: 7 iter: 11 train_iter_loss: 0.062743 learn_rate: 0.005000 
epoch: 7 iter: 12 train_iter_loss: 0.062148 learn_rate: 0.005000 
epoch: 7 iter: 13 train_iter_loss: 0.059429 learn_rate: 0.005000 
epoch: 7 iter: 14 train_iter_loss: 0.062832 learn_rate: 0.005000 
epoch: 7 iter: 15 train_iter_loss: 0.063524 learn_rate: 0.005000 
epoch: 7 iter: 16 train_iter_loss: 0.063793 learn_rate: 0.005000 
epoch: 7 iter: 17 train_iter_loss: 0.062649 learn_rate: 0.005000 
epoch: 7 iter: 18 train_iter_loss: 0.063331 learn_rate: 0.005000 
epoch: 7 iter: 19 train_iter_loss: 0.062172 learn_rate: 0.005000 
epoch: 7 iter: 20 train_iter_loss: 0.060347 learn_rate: 0.005000 
epoch: 7 iter: 21 train_iter_loss: 0.065385 learn_rate: 0.005000 
epoch: 7 iter: 22 train_iter_loss: 0.062581 learn_rate: 0.005000 
epoch: 7 iter: 23 train_iter_loss: 0.059602 learn_rate: 0.005000 
epoch: 7 iter: 24 train_iter_loss: 0.066526 learn_rate: 0.005000 
epoch: 7 iter: 25 train_iter_loss: 0.062703 learn_rate: 0.005000 
epoch: 7 iter: 26 train_iter_loss: 0.077119 learn_rate: 0.005000 
epoch: 7 iter: 27 train_iter_loss: 0.063366 learn_rate: 0.005000 
epoch: 7 iter: 28 train_iter_loss: 0.066178 learn_rate: 0.005000 
epoch: 7 iter: 29 train_iter_loss: 0.067872 learn_rate: 0.005000 
epoch: 7 iter: 30 train_iter_loss: 0.072656 learn_rate: 0.005000 
epoch: 7 iter: 31 train_iter_loss: 0.069041 learn_rate: 0.005000 
epoch: 7 iter: 32 train_iter_loss: 0.063370 learn_rate: 0.005000 
epoch: 7 iter: 33 train_iter_loss: 0.066145 learn_rate: 0.005000 
epoch: 7 iter: 34 train_iter_loss: 0.070411 learn_rate: 0.005000 
epoch: 7 iter: 35 train_iter_loss: 0.068270 learn_rate: 0.005000 
epoch: 7 iter: 36 train_iter_loss: 0.068208 learn_rate: 0.005000 
epoch: 7 iter: 37 train_iter_loss: 0.068050 learn_rate: 0.005000 
epoch: 7 iter: 38 train_iter_loss: 0.063609 learn_rate: 0.005000 
epoch: 7 iter: 39 train_iter_loss: 0.064450 learn_rate: 0.005000 
epoch: 7 iter: 40 train_iter_loss: 0.064102 learn_rate: 0.005000 
epoch: 7 iter: 41 train_iter_loss: 0.063842 learn_rate: 0.005000 
epoch: 7 iter: 42 train_iter_loss: 0.064269 learn_rate: 0.005000 
epoch: 7 iter: 43 train_iter_loss: 0.065854 learn_rate: 0.005000 
epoch: 7 iter: 44 train_iter_loss: 0.065580 learn_rate: 0.005000 
epoch: 7 iter: 45 train_iter_loss: 0.059533 learn_rate: 0.005000 
epoch: 7 train_epoch_loss: 0.064459 learn_rate: 0.005000 test_p: 0.818215 test_r: 0.789230 test_f: 0.803326
epoch: 8 iter: 1 train_iter_loss: 0.061885 learn_rate: 0.005000 
epoch: 8 iter: 2 train_iter_loss: 0.063801 learn_rate: 0.005000 
epoch: 8 iter: 3 train_iter_loss: 0.064753 learn_rate: 0.005000 
epoch: 8 iter: 4 train_iter_loss: 0.064847 learn_rate: 0.005000 
epoch: 8 iter: 5 train_iter_loss: 0.066103 learn_rate: 0.005000 
epoch: 8 iter: 6 train_iter_loss: 0.063197 learn_rate: 0.005000 
epoch: 8 iter: 7 train_iter_loss: 0.063021 learn_rate: 0.005000 
epoch: 8 iter: 8 train_iter_loss: 0.059708 learn_rate: 0.005000 
epoch: 8 iter: 9 train_iter_loss: 0.062727 learn_rate: 0.005000 
epoch: 8 iter: 10 train_iter_loss: 0.065739 learn_rate: 0.005000 
epoch: 8 iter: 11 train_iter_loss: 0.063567 learn_rate: 0.005000 
