Fri Apr 28 01:14:54 2023
data_dict: {'mean': array([55.535168, 62.070362, 67.8261  , 74.06603 , 77.59538 , 76.173965,
       82.65482 , 68.78948 ], dtype=float32), 'std': array([ 3.367767 ,  5.5066624,  7.5173616,  9.3685665, 10.872954 ,
        7.602637 ,  8.1016035,  6.6036377], dtype=float32), 'classWeights': array([1.4754406, 5.855664 , 7.418394 ], dtype=float32), 'img_shape': (256, 256, 8)}
epoch: 1 iter: 1 train_iter_loss: 0.254263 learn_rate: 0.005000 
epoch: 1 iter: 2 train_iter_loss: 0.210347 learn_rate: 0.005000 
epoch: 1 iter: 3 train_iter_loss: 0.172247 learn_rate: 0.005000 
epoch: 1 iter: 4 train_iter_loss: 0.165156 learn_rate: 0.005000 
epoch: 1 iter: 5 train_iter_loss: 0.155046 learn_rate: 0.005000 
epoch: 1 iter: 6 train_iter_loss: 0.144576 learn_rate: 0.005000 
epoch: 1 iter: 7 train_iter_loss: 0.177370 learn_rate: 0.005000 
epoch: 1 iter: 8 train_iter_loss: 0.134833 learn_rate: 0.005000 
epoch: 1 iter: 9 train_iter_loss: 0.137328 learn_rate: 0.005000 
epoch: 1 iter: 10 train_iter_loss: 0.130820 learn_rate: 0.005000 
epoch: 1 iter: 11 train_iter_loss: 0.140957 learn_rate: 0.005000 
epoch: 1 iter: 12 train_iter_loss: 0.113488 learn_rate: 0.005000 
epoch: 1 iter: 13 train_iter_loss: 0.134169 learn_rate: 0.005000 
epoch: 1 iter: 14 train_iter_loss: 0.109447 learn_rate: 0.005000 
epoch: 1 iter: 15 train_iter_loss: 0.110017 learn_rate: 0.005000 
epoch: 1 iter: 16 train_iter_loss: 0.110643 learn_rate: 0.005000 
epoch: 1 iter: 17 train_iter_loss: 0.103015 learn_rate: 0.005000 
epoch: 1 iter: 18 train_iter_loss: 0.108618 learn_rate: 0.005000 
epoch: 1 iter: 19 train_iter_loss: 0.119852 learn_rate: 0.005000 
epoch: 1 iter: 20 train_iter_loss: 0.096386 learn_rate: 0.005000 
epoch: 1 iter: 21 train_iter_loss: 0.096872 learn_rate: 0.005000 
epoch: 1 iter: 22 train_iter_loss: 0.096921 learn_rate: 0.005000 
epoch: 1 iter: 23 train_iter_loss: 0.097907 learn_rate: 0.005000 
epoch: 1 iter: 24 train_iter_loss: 0.092857 learn_rate: 0.005000 
epoch: 1 iter: 25 train_iter_loss: 0.105973 learn_rate: 0.005000 
epoch: 1 iter: 26 train_iter_loss: 0.094523 learn_rate: 0.005000 
epoch: 1 iter: 27 train_iter_loss: 0.106317 learn_rate: 0.005000 
epoch: 1 iter: 28 train_iter_loss: 0.099411 learn_rate: 0.005000 
epoch: 1 iter: 29 train_iter_loss: 0.083666 learn_rate: 0.005000 
epoch: 1 iter: 30 train_iter_loss: 0.100211 learn_rate: 0.005000 
epoch: 1 iter: 31 train_iter_loss: 0.128825 learn_rate: 0.005000 
epoch: 1 iter: 32 train_iter_loss: 0.095508 learn_rate: 0.005000 
epoch: 1 iter: 33 train_iter_loss: 0.090537 learn_rate: 0.005000 
epoch: 1 iter: 34 train_iter_loss: 0.108401 learn_rate: 0.005000 
epoch: 1 iter: 35 train_iter_loss: 0.091485 learn_rate: 0.005000 
epoch: 1 iter: 36 train_iter_loss: 0.089588 learn_rate: 0.005000 
epoch: 1 iter: 37 train_iter_loss: 0.093017 learn_rate: 0.005000 
epoch: 1 iter: 38 train_iter_loss: 0.120078 learn_rate: 0.005000 
epoch: 1 iter: 39 train_iter_loss: 0.084997 learn_rate: 0.005000 
epoch: 1 iter: 40 train_iter_loss: 0.090229 learn_rate: 0.005000 
epoch: 1 iter: 41 train_iter_loss: 0.089911 learn_rate: 0.005000 
epoch: 1 iter: 42 train_iter_loss: 0.087690 learn_rate: 0.005000 
epoch: 1 iter: 43 train_iter_loss: 0.078308 learn_rate: 0.005000 
epoch: 1 iter: 44 train_iter_loss: 0.085960 learn_rate: 0.005000 
epoch: 1 iter: 45 train_iter_loss: 0.089137 learn_rate: 0.005000 
epoch: 1 train_epoch_loss: 0.116154 learn_rate: 0.005000 test_p: 0.420344 test_r: 0.169426 test_f: 0.200828
epoch: 2 iter: 1 train_iter_loss: 0.085108 learn_rate: 0.005000 
epoch: 2 iter: 2 train_iter_loss: 0.088569 learn_rate: 0.005000 
epoch: 2 iter: 3 train_iter_loss: 0.108222 learn_rate: 0.005000 
epoch: 2 iter: 4 train_iter_loss: 0.091722 learn_rate: 0.005000 
epoch: 2 iter: 5 train_iter_loss: 0.084291 learn_rate: 0.005000 
epoch: 2 iter: 6 train_iter_loss: 0.086192 learn_rate: 0.005000 
epoch: 2 iter: 7 train_iter_loss: 0.108690 learn_rate: 0.005000 
epoch: 2 iter: 8 train_iter_loss: 0.088773 learn_rate: 0.005000 
epoch: 2 iter: 9 train_iter_loss: 0.080808 learn_rate: 0.005000 
epoch: 2 iter: 10 train_iter_loss: 0.118259 learn_rate: 0.005000 
epoch: 2 iter: 11 train_iter_loss: 0.121209 learn_rate: 0.005000 
epoch: 2 iter: 12 train_iter_loss: 0.114276 learn_rate: 0.005000 
epoch: 2 iter: 13 train_iter_loss: 0.089923 learn_rate: 0.005000 
epoch: 2 iter: 14 train_iter_loss: 0.109337 learn_rate: 0.005000 
epoch: 2 iter: 15 train_iter_loss: 0.092496 learn_rate: 0.005000 
epoch: 2 iter: 16 train_iter_loss: 0.103908 learn_rate: 0.005000 
epoch: 2 iter: 17 train_iter_loss: 0.112416 learn_rate: 0.005000 
epoch: 2 iter: 18 train_iter_loss: 0.090821 learn_rate: 0.005000 
epoch: 2 iter: 19 train_iter_loss: 0.086038 learn_rate: 0.005000 
epoch: 2 iter: 20 train_iter_loss: 0.114070 learn_rate: 0.005000 
epoch: 2 iter: 21 train_iter_loss: 0.103782 learn_rate: 0.005000 
epoch: 2 iter: 22 train_iter_loss: 0.088012 learn_rate: 0.005000 
epoch: 2 iter: 23 train_iter_loss: 0.090614 learn_rate: 0.005000 
epoch: 2 iter: 24 train_iter_loss: 0.085568 learn_rate: 0.005000 
epoch: 2 iter: 25 train_iter_loss: 0.079398 learn_rate: 0.005000 
epoch: 2 iter: 26 train_iter_loss: 0.095644 learn_rate: 0.005000 
epoch: 2 iter: 27 train_iter_loss: 0.094360 learn_rate: 0.005000 
epoch: 2 iter: 28 train_iter_loss: 0.098691 learn_rate: 0.005000 
epoch: 2 iter: 29 train_iter_loss: 0.093863 learn_rate: 0.005000 
epoch: 2 iter: 30 train_iter_loss: 0.086460 learn_rate: 0.005000 
epoch: 2 iter: 31 train_iter_loss: 0.092326 learn_rate: 0.005000 
epoch: 2 iter: 32 train_iter_loss: 0.087005 learn_rate: 0.005000 
epoch: 2 iter: 33 train_iter_loss: 0.078991 learn_rate: 0.005000 
epoch: 2 iter: 34 train_iter_loss: 0.088533 learn_rate: 0.005000 
epoch: 2 iter: 35 train_iter_loss: 0.094976 learn_rate: 0.005000 
epoch: 2 iter: 36 train_iter_loss: 0.095745 learn_rate: 0.005000 
epoch: 2 iter: 37 train_iter_loss: 0.092013 learn_rate: 0.005000 
epoch: 2 iter: 38 train_iter_loss: 0.095513 learn_rate: 0.005000 
epoch: 2 iter: 39 train_iter_loss: 0.096028 learn_rate: 0.005000 
epoch: 2 iter: 40 train_iter_loss: 0.092848 learn_rate: 0.005000 
epoch: 2 iter: 41 train_iter_loss: 0.083146 learn_rate: 0.005000 
epoch: 2 iter: 42 train_iter_loss: 0.103570 learn_rate: 0.005000 
epoch: 2 iter: 43 train_iter_loss: 0.087170 learn_rate: 0.005000 
epoch: 2 iter: 44 train_iter_loss: 0.087221 learn_rate: 0.005000 
epoch: 2 iter: 45 train_iter_loss: 0.122332 learn_rate: 0.005000 
epoch: 2 train_epoch_loss: 0.095310 learn_rate: 0.005000 test_p: 0.392248 test_r: 0.111137 test_f: 0.134478
epoch: 3 iter: 1 train_iter_loss: 0.102709 learn_rate: 0.005000 
epoch: 3 iter: 2 train_iter_loss: 0.069840 learn_rate: 0.005000 
epoch: 3 iter: 3 train_iter_loss: 0.090009 learn_rate: 0.005000 
epoch: 3 iter: 4 train_iter_loss: 0.076181 learn_rate: 0.005000 
epoch: 3 iter: 5 train_iter_loss: 0.082596 learn_rate: 0.005000 
epoch: 3 iter: 6 train_iter_loss: 0.074745 learn_rate: 0.005000 
epoch: 3 iter: 7 train_iter_loss: 0.088756 learn_rate: 0.005000 
epoch: 3 iter: 8 train_iter_loss: 0.077719 learn_rate: 0.005000 
epoch: 3 iter: 9 train_iter_loss: 0.079178 learn_rate: 0.005000 
epoch: 3 iter: 10 train_iter_loss: 0.072751 learn_rate: 0.005000 
epoch: 3 iter: 11 train_iter_loss: 0.077358 learn_rate: 0.005000 
epoch: 3 iter: 12 train_iter_loss: 0.077237 learn_rate: 0.005000 
epoch: 3 iter: 13 train_iter_loss: 0.077887 learn_rate: 0.005000 
epoch: 3 iter: 14 train_iter_loss: 0.076209 learn_rate: 0.005000 
epoch: 3 iter: 15 train_iter_loss: 0.073431 learn_rate: 0.005000 
epoch: 3 iter: 16 train_iter_loss: 0.079554 learn_rate: 0.005000 
epoch: 3 iter: 17 train_iter_loss: 0.072553 learn_rate: 0.005000 
epoch: 3 iter: 18 train_iter_loss: 0.084237 learn_rate: 0.005000 
epoch: 3 iter: 19 train_iter_loss: 0.080233 learn_rate: 0.005000 
epoch: 3 iter: 20 train_iter_loss: 0.080240 learn_rate: 0.005000 
epoch: 3 iter: 21 train_iter_loss: 0.105992 learn_rate: 0.005000 
epoch: 3 iter: 22 train_iter_loss: 0.093465 learn_rate: 0.005000 
epoch: 3 iter: 23 train_iter_loss: 0.091751 learn_rate: 0.005000 
epoch: 3 iter: 24 train_iter_loss: 0.079380 learn_rate: 0.005000 
epoch: 3 iter: 25 train_iter_loss: 0.064558 learn_rate: 0.005000 
epoch: 3 iter: 26 train_iter_loss: 0.075608 learn_rate: 0.005000 
epoch: 3 iter: 27 train_iter_loss: 0.081294 learn_rate: 0.005000 
epoch: 3 iter: 28 train_iter_loss: 0.089981 learn_rate: 0.005000 
epoch: 3 iter: 29 train_iter_loss: 0.082460 learn_rate: 0.005000 
epoch: 3 iter: 30 train_iter_loss: 0.079147 learn_rate: 0.005000 
epoch: 3 iter: 31 train_iter_loss: 0.083246 learn_rate: 0.005000 
epoch: 3 iter: 32 train_iter_loss: 0.072503 learn_rate: 0.005000 
epoch: 3 iter: 33 train_iter_loss: 0.078561 learn_rate: 0.005000 
epoch: 3 iter: 34 train_iter_loss: 0.080490 learn_rate: 0.005000 
epoch: 3 iter: 35 train_iter_loss: 0.070057 learn_rate: 0.005000 
epoch: 3 iter: 36 train_iter_loss: 0.087965 learn_rate: 0.005000 
epoch: 3 iter: 37 train_iter_loss: 0.073973 learn_rate: 0.005000 
epoch: 3 iter: 38 train_iter_loss: 0.088218 learn_rate: 0.005000 
epoch: 3 iter: 39 train_iter_loss: 0.088307 learn_rate: 0.005000 
epoch: 3 iter: 40 train_iter_loss: 0.073430 learn_rate: 0.005000 
epoch: 3 iter: 41 train_iter_loss: 0.088981 learn_rate: 0.005000 
epoch: 3 iter: 42 train_iter_loss: 0.079202 learn_rate: 0.005000 
epoch: 3 iter: 43 train_iter_loss: 0.076285 learn_rate: 0.005000 
epoch: 3 iter: 44 train_iter_loss: 0.074825 learn_rate: 0.005000 
epoch: 3 iter: 45 train_iter_loss: 0.071400 learn_rate: 0.005000 
epoch: 3 train_epoch_loss: 0.080544 learn_rate: 0.005000 test_p: 0.498375 test_r: 0.208760 test_f: 0.287265
epoch: 4 iter: 1 train_iter_loss: 0.069470 learn_rate: 0.005000 
epoch: 4 iter: 2 train_iter_loss: 0.081623 learn_rate: 0.005000 
epoch: 4 iter: 3 train_iter_loss: 0.080515 learn_rate: 0.005000 
epoch: 4 iter: 4 train_iter_loss: 0.085123 learn_rate: 0.005000 
epoch: 4 iter: 5 train_iter_loss: 0.080719 learn_rate: 0.005000 
epoch: 4 iter: 6 train_iter_loss: 0.075402 learn_rate: 0.005000 
epoch: 4 iter: 7 train_iter_loss: 0.079597 learn_rate: 0.005000 
epoch: 4 iter: 8 train_iter_loss: 0.077814 learn_rate: 0.005000 
epoch: 4 iter: 9 train_iter_loss: 0.092290 learn_rate: 0.005000 
epoch: 4 iter: 10 train_iter_loss: 0.077377 learn_rate: 0.005000 
epoch: 4 iter: 11 train_iter_loss: 0.070000 learn_rate: 0.005000 
epoch: 4 iter: 12 train_iter_loss: 0.088982 learn_rate: 0.005000 
epoch: 4 iter: 13 train_iter_loss: 0.076698 learn_rate: 0.005000 
epoch: 4 iter: 14 train_iter_loss: 0.072715 learn_rate: 0.005000 
epoch: 4 iter: 15 train_iter_loss: 0.073790 learn_rate: 0.005000 
epoch: 4 iter: 16 train_iter_loss: 0.074571 learn_rate: 0.005000 
epoch: 4 iter: 17 train_iter_loss: 0.074750 learn_rate: 0.005000 
epoch: 4 iter: 18 train_iter_loss: 0.071317 learn_rate: 0.005000 
epoch: 4 iter: 19 train_iter_loss: 0.073529 learn_rate: 0.005000 
epoch: 4 iter: 20 train_iter_loss: 0.074895 learn_rate: 0.005000 
epoch: 4 iter: 21 train_iter_loss: 0.082475 learn_rate: 0.005000 
epoch: 4 iter: 22 train_iter_loss: 0.083176 learn_rate: 0.005000 
epoch: 4 iter: 23 train_iter_loss: 0.078392 learn_rate: 0.005000 
epoch: 4 iter: 24 train_iter_loss: 0.076584 learn_rate: 0.005000 
epoch: 4 iter: 25 train_iter_loss: 0.066711 learn_rate: 0.005000 
epoch: 4 iter: 26 train_iter_loss: 0.072552 learn_rate: 0.005000 
epoch: 4 iter: 27 train_iter_loss: 0.074567 learn_rate: 0.005000 
epoch: 4 iter: 28 train_iter_loss: 0.066955 learn_rate: 0.005000 
epoch: 4 iter: 29 train_iter_loss: 0.075916 learn_rate: 0.005000 
epoch: 4 iter: 30 train_iter_loss: 0.067939 learn_rate: 0.005000 
epoch: 4 iter: 31 train_iter_loss: 0.076188 learn_rate: 0.005000 
epoch: 4 iter: 32 train_iter_loss: 0.069614 learn_rate: 0.005000 
epoch: 4 iter: 33 train_iter_loss: 0.068411 learn_rate: 0.005000 
epoch: 4 iter: 34 train_iter_loss: 0.077512 learn_rate: 0.005000 
epoch: 4 iter: 35 train_iter_loss: 0.082371 learn_rate: 0.005000 
epoch: 4 iter: 36 train_iter_loss: 0.066934 learn_rate: 0.005000 
epoch: 4 iter: 37 train_iter_loss: 0.067057 learn_rate: 0.005000 
epoch: 4 iter: 38 train_iter_loss: 0.076514 learn_rate: 0.005000 
epoch: 4 iter: 39 train_iter_loss: 0.071110 learn_rate: 0.005000 
epoch: 4 iter: 40 train_iter_loss: 0.067464 learn_rate: 0.005000 
epoch: 4 iter: 41 train_iter_loss: 0.073738 learn_rate: 0.005000 
epoch: 4 iter: 42 train_iter_loss: 0.080859 learn_rate: 0.005000 
epoch: 4 iter: 43 train_iter_loss: 0.063811 learn_rate: 0.005000 
epoch: 4 iter: 44 train_iter_loss: 0.079525 learn_rate: 0.005000 
epoch: 4 iter: 45 train_iter_loss: 0.075195 learn_rate: 0.005000 
epoch: 4 train_epoch_loss: 0.075394 learn_rate: 0.005000 test_p: 0.412089 test_r: 0.113821 test_f: 0.138367
epoch: 5 iter: 1 train_iter_loss: 0.072051 learn_rate: 0.005000 
epoch: 5 iter: 2 train_iter_loss: 0.079724 learn_rate: 0.005000 
epoch: 5 iter: 3 train_iter_loss: 0.075703 learn_rate: 0.005000 
epoch: 5 iter: 4 train_iter_loss: 0.066137 learn_rate: 0.005000 
epoch: 5 iter: 5 train_iter_loss: 0.071043 learn_rate: 0.005000 
epoch: 5 iter: 6 train_iter_loss: 0.069433 learn_rate: 0.005000 
epoch: 5 iter: 7 train_iter_loss: 0.070668 learn_rate: 0.005000 
epoch: 5 iter: 8 train_iter_loss: 0.069986 learn_rate: 0.005000 
epoch: 5 iter: 9 train_iter_loss: 0.065061 learn_rate: 0.005000 
epoch: 5 iter: 10 train_iter_loss: 0.062667 learn_rate: 0.005000 
epoch: 5 iter: 11 train_iter_loss: 0.082892 learn_rate: 0.005000 
epoch: 5 iter: 12 train_iter_loss: 0.068885 learn_rate: 0.005000 
epoch: 5 iter: 13 train_iter_loss: 0.066800 learn_rate: 0.005000 
epoch: 5 iter: 14 train_iter_loss: 0.078384 learn_rate: 0.005000 
epoch: 5 iter: 15 train_iter_loss: 0.068404 learn_rate: 0.005000 
epoch: 5 iter: 16 train_iter_loss: 0.068097 learn_rate: 0.005000 
