Sat Apr 13 17:02:40 2024
data_dict: {'mean': array([55.188217, 61.66017 , 67.54262 , 73.843124, 77.338745, 76.09013 ,
       82.51336 , 68.599525], dtype=float32), 'std': array([ 3.2057374,  5.3662305,  7.3917594,  9.235081 , 10.719669 ,
        7.46902  ,  8.004333 ,  6.497079 ], dtype=float32), 'classWeights': array([1.4657078, 5.9477997, 7.7063737], dtype=float32), 'img_shape': (256, 256, 8)}
epoch: 1 iter: 1 train_iter_loss: 0.259323 learn_rate: 0.001000 
epoch: 1 iter: 2 train_iter_loss: 0.253130 learn_rate: 0.001000 
epoch: 1 iter: 3 train_iter_loss: 0.117324 learn_rate: 0.001000 
epoch: 1 iter: 4 train_iter_loss: 0.203229 learn_rate: 0.001000 
epoch: 1 iter: 5 train_iter_loss: 0.119928 learn_rate: 0.001000 
epoch: 1 iter: 6 train_iter_loss: 0.115538 learn_rate: 0.001000 
epoch: 1 iter: 7 train_iter_loss: 0.087743 learn_rate: 0.001000 
epoch: 1 iter: 8 train_iter_loss: 0.066005 learn_rate: 0.001000 
epoch: 1 iter: 9 train_iter_loss: 0.077265 learn_rate: 0.001000 
epoch: 1 iter: 10 train_iter_loss: 0.057144 learn_rate: 0.001000 
epoch: 1 iter: 11 train_iter_loss: 0.074592 learn_rate: 0.001000 
epoch: 1 iter: 12 train_iter_loss: 0.063260 learn_rate: 0.001000 
epoch: 1 iter: 13 train_iter_loss: 0.035375 learn_rate: 0.001000 
epoch: 1 iter: 14 train_iter_loss: 0.043266 learn_rate: 0.001000 
epoch: 1 iter: 15 train_iter_loss: 0.027295 learn_rate: 0.001000 
epoch: 1 iter: 16 train_iter_loss: 0.026067 learn_rate: 0.001000 
epoch: 1 iter: 17 train_iter_loss: 0.037842 learn_rate: 0.001000 
epoch: 1 iter: 18 train_iter_loss: 0.031293 learn_rate: 0.001000 
epoch: 1 iter: 19 train_iter_loss: 0.028490 learn_rate: 0.001000 
epoch: 1 iter: 20 train_iter_loss: 0.030262 learn_rate: 0.001000 
epoch: 1 iter: 21 train_iter_loss: 0.029707 learn_rate: 0.001000 
epoch: 1 iter: 22 train_iter_loss: 0.027964 learn_rate: 0.001000 
epoch: 1 iter: 23 train_iter_loss: 0.015462 learn_rate: 0.001000 
epoch: 1 iter: 24 train_iter_loss: 0.020466 learn_rate: 0.001000 
epoch: 1 iter: 25 train_iter_loss: 0.020225 learn_rate: 0.001000 
epoch: 1 iter: 26 train_iter_loss: 0.022095 learn_rate: 0.001000 
epoch: 1 iter: 27 train_iter_loss: 0.017265 learn_rate: 0.001000 
epoch: 1 iter: 28 train_iter_loss: 0.021155 learn_rate: 0.001000 
epoch: 1 iter: 29 train_iter_loss: 0.025486 learn_rate: 0.001000 
epoch: 1 iter: 30 train_iter_loss: 0.028630 learn_rate: 0.001000 
epoch: 1 iter: 31 train_iter_loss: 0.014496 learn_rate: 0.001000 
epoch: 1 iter: 32 train_iter_loss: 0.011094 learn_rate: 0.001000 
epoch: 1 iter: 33 train_iter_loss: 0.018355 learn_rate: 0.001000 
epoch: 1 iter: 34 train_iter_loss: 0.019154 learn_rate: 0.001000 
epoch: 1 iter: 35 train_iter_loss: 0.008490 learn_rate: 0.001000 
epoch: 1 iter: 36 train_iter_loss: 0.014472 learn_rate: 0.001000 
epoch: 1 iter: 37 train_iter_loss: 0.013648 learn_rate: 0.001000 
epoch: 1 iter: 38 train_iter_loss: 0.010576 learn_rate: 0.001000 
epoch: 1 iter: 39 train_iter_loss: 0.013779 learn_rate: 0.001000 
epoch: 1 iter: 40 train_iter_loss: 0.008708 learn_rate: 0.001000 
epoch: 1 iter: 41 train_iter_loss: 0.010807 learn_rate: 0.001000 
epoch: 1 iter: 42 train_iter_loss: 0.015978 learn_rate: 0.001000 
epoch: 1 iter: 43 train_iter_loss: 0.013067 learn_rate: 0.001000 
epoch: 1 iter: 44 train_iter_loss: 0.013336 learn_rate: 0.001000 
epoch: 1 iter: 45 train_iter_loss: 0.006070 learn_rate: 0.001000 
epoch: 1 train_epoch_loss: 0.048330 learn_rate: 0.001000 test_p: 0.359007 test_r: 0.107252 test_f: 0.121758
epoch: 2 iter: 1 train_iter_loss: 0.009693 learn_rate: 0.001000 
epoch: 2 iter: 2 train_iter_loss: 0.011174 learn_rate: 0.001000 
epoch: 2 iter: 3 train_iter_loss: 0.015358 learn_rate: 0.001000 
epoch: 2 iter: 4 train_iter_loss: 0.014508 learn_rate: 0.001000 
epoch: 2 iter: 5 train_iter_loss: 0.014357 learn_rate: 0.001000 
epoch: 2 iter: 6 train_iter_loss: 0.010192 learn_rate: 0.001000 
epoch: 2 iter: 7 train_iter_loss: 0.007690 learn_rate: 0.001000 
epoch: 2 iter: 8 train_iter_loss: 0.007082 learn_rate: 0.001000 
epoch: 2 iter: 9 train_iter_loss: 0.007318 learn_rate: 0.001000 
epoch: 2 iter: 10 train_iter_loss: 0.011869 learn_rate: 0.001000 
epoch: 2 iter: 11 train_iter_loss: 0.006796 learn_rate: 0.001000 
epoch: 2 iter: 12 train_iter_loss: 0.017166 learn_rate: 0.001000 
epoch: 2 iter: 13 train_iter_loss: 0.005638 learn_rate: 0.001000 
epoch: 2 iter: 14 train_iter_loss: 0.010402 learn_rate: 0.001000 
epoch: 2 iter: 15 train_iter_loss: 0.022695 learn_rate: 0.001000 
epoch: 2 iter: 16 train_iter_loss: 0.009839 learn_rate: 0.001000 
epoch: 2 iter: 17 train_iter_loss: 0.013234 learn_rate: 0.001000 
epoch: 2 iter: 18 train_iter_loss: 0.014298 learn_rate: 0.001000 
epoch: 2 iter: 19 train_iter_loss: 0.011109 learn_rate: 0.001000 
epoch: 2 iter: 20 train_iter_loss: 0.017974 learn_rate: 0.001000 
epoch: 2 iter: 21 train_iter_loss: 0.009975 learn_rate: 0.001000 
epoch: 2 iter: 22 train_iter_loss: 0.007396 learn_rate: 0.001000 
epoch: 2 iter: 23 train_iter_loss: 0.010990 learn_rate: 0.001000 
epoch: 2 iter: 24 train_iter_loss: 0.003957 learn_rate: 0.001000 
epoch: 2 iter: 25 train_iter_loss: 0.017462 learn_rate: 0.001000 
epoch: 2 iter: 26 train_iter_loss: 0.006388 learn_rate: 0.001000 
epoch: 2 iter: 27 train_iter_loss: 0.006278 learn_rate: 0.001000 
epoch: 2 iter: 28 train_iter_loss: 0.007304 learn_rate: 0.001000 
epoch: 2 iter: 29 train_iter_loss: 0.008631 learn_rate: 0.001000 
epoch: 2 iter: 30 train_iter_loss: 0.007241 learn_rate: 0.001000 
epoch: 2 iter: 31 train_iter_loss: 0.004306 learn_rate: 0.001000 
epoch: 2 iter: 32 train_iter_loss: 0.006695 learn_rate: 0.001000 
epoch: 2 iter: 33 train_iter_loss: 0.003926 learn_rate: 0.001000 
epoch: 2 iter: 34 train_iter_loss: 0.004191 learn_rate: 0.001000 
epoch: 2 iter: 35 train_iter_loss: 0.003259 learn_rate: 0.001000 
epoch: 2 iter: 36 train_iter_loss: 0.012013 learn_rate: 0.001000 
epoch: 2 iter: 37 train_iter_loss: 0.010828 learn_rate: 0.001000 
epoch: 2 iter: 38 train_iter_loss: 0.004679 learn_rate: 0.001000 
epoch: 2 iter: 39 train_iter_loss: 0.004856 learn_rate: 0.001000 
epoch: 2 iter: 40 train_iter_loss: 0.007009 learn_rate: 0.001000 
epoch: 2 iter: 41 train_iter_loss: 0.003910 learn_rate: 0.001000 
epoch: 2 iter: 42 train_iter_loss: 0.003690 learn_rate: 0.001000 
epoch: 2 iter: 43 train_iter_loss: 0.003992 learn_rate: 0.001000 
epoch: 2 iter: 44 train_iter_loss: 0.004514 learn_rate: 0.001000 
epoch: 2 iter: 45 train_iter_loss: 0.003663 learn_rate: 0.001000 
epoch: 2 train_epoch_loss: 0.009012 learn_rate: 0.001000 test_p: 0.501351 test_r: 0.222529 test_f: 0.273090
epoch: 3 iter: 1 train_iter_loss: 0.006130 learn_rate: 0.001000 
epoch: 3 iter: 2 train_iter_loss: 0.012198 learn_rate: 0.001000 
epoch: 3 iter: 3 train_iter_loss: 0.004252 learn_rate: 0.001000 
epoch: 3 iter: 4 train_iter_loss: 0.005734 learn_rate: 0.001000 
epoch: 3 iter: 5 train_iter_loss: 0.003966 learn_rate: 0.001000 
epoch: 3 iter: 6 train_iter_loss: 0.004510 learn_rate: 0.001000 
epoch: 3 iter: 7 train_iter_loss: 0.003627 learn_rate: 0.001000 
epoch: 3 iter: 8 train_iter_loss: 0.005496 learn_rate: 0.001000 
epoch: 3 iter: 9 train_iter_loss: 0.005953 learn_rate: 0.001000 
epoch: 3 iter: 10 train_iter_loss: 0.003923 learn_rate: 0.001000 
epoch: 3 iter: 11 train_iter_loss: 0.009267 learn_rate: 0.001000 
epoch: 3 iter: 12 train_iter_loss: 0.004437 learn_rate: 0.001000 
epoch: 3 iter: 13 train_iter_loss: 0.007725 learn_rate: 0.001000 
epoch: 3 iter: 14 train_iter_loss: 0.006228 learn_rate: 0.001000 
epoch: 3 iter: 15 train_iter_loss: 0.003666 learn_rate: 0.001000 
epoch: 3 iter: 16 train_iter_loss: 0.004192 learn_rate: 0.001000 
epoch: 3 iter: 17 train_iter_loss: 0.003391 learn_rate: 0.001000 
epoch: 3 iter: 18 train_iter_loss: 0.004629 learn_rate: 0.001000 
epoch: 3 iter: 19 train_iter_loss: 0.002856 learn_rate: 0.001000 
epoch: 3 iter: 20 train_iter_loss: 0.006969 learn_rate: 0.001000 
epoch: 3 iter: 21 train_iter_loss: 0.007586 learn_rate: 0.001000 
epoch: 3 iter: 22 train_iter_loss: 0.007921 learn_rate: 0.001000 
epoch: 3 iter: 23 train_iter_loss: 0.001923 learn_rate: 0.001000 
epoch: 3 iter: 24 train_iter_loss: 0.004712 learn_rate: 0.001000 
epoch: 3 iter: 25 train_iter_loss: 0.003111 learn_rate: 0.001000 
epoch: 3 iter: 26 train_iter_loss: 0.007105 learn_rate: 0.001000 
epoch: 3 iter: 27 train_iter_loss: 0.007152 learn_rate: 0.001000 
epoch: 3 iter: 28 train_iter_loss: 0.003327 learn_rate: 0.001000 
epoch: 3 iter: 29 train_iter_loss: 0.006365 learn_rate: 0.001000 
epoch: 3 iter: 30 train_iter_loss: 0.002602 learn_rate: 0.001000 
epoch: 3 iter: 31 train_iter_loss: 0.004947 learn_rate: 0.001000 
epoch: 3 iter: 32 train_iter_loss: 0.003093 learn_rate: 0.001000 
epoch: 3 iter: 33 train_iter_loss: 0.004382 learn_rate: 0.001000 
epoch: 3 iter: 34 train_iter_loss: 0.007198 learn_rate: 0.001000 
epoch: 3 iter: 35 train_iter_loss: 0.008325 learn_rate: 0.001000 
epoch: 3 iter: 36 train_iter_loss: 0.007146 learn_rate: 0.001000 
epoch: 3 iter: 37 train_iter_loss: 0.008847 learn_rate: 0.001000 
epoch: 3 iter: 38 train_iter_loss: 0.003851 learn_rate: 0.001000 
epoch: 3 iter: 39 train_iter_loss: 0.007060 learn_rate: 0.001000 
epoch: 3 iter: 40 train_iter_loss: 0.005893 learn_rate: 0.001000 
epoch: 3 iter: 41 train_iter_loss: 0.004049 learn_rate: 0.001000 
epoch: 3 iter: 42 train_iter_loss: 0.005000 learn_rate: 0.001000 
epoch: 3 iter: 43 train_iter_loss: 0.005513 learn_rate: 0.001000 
epoch: 3 iter: 44 train_iter_loss: 0.004844 learn_rate: 0.001000 
epoch: 3 iter: 45 train_iter_loss: 0.004120 learn_rate: 0.001000 
epoch: 3 train_epoch_loss: 0.005449 learn_rate: 0.001000 test_p: 0.367826 test_r: 0.122058 test_f: 0.123738
epoch: 4 iter: 1 train_iter_loss: 0.001920 learn_rate: 0.001000 
epoch: 4 iter: 2 train_iter_loss: 0.003909 learn_rate: 0.001000 
epoch: 4 iter: 3 train_iter_loss: 0.006765 learn_rate: 0.001000 
epoch: 4 iter: 4 train_iter_loss: 0.004409 learn_rate: 0.001000 
epoch: 4 iter: 5 train_iter_loss: 0.003033 learn_rate: 0.001000 
epoch: 4 iter: 6 train_iter_loss: 0.008593 learn_rate: 0.001000 
epoch: 4 iter: 7 train_iter_loss: 0.003976 learn_rate: 0.001000 
epoch: 4 iter: 8 train_iter_loss: 0.002725 learn_rate: 0.001000 
epoch: 4 iter: 9 train_iter_loss: 0.006073 learn_rate: 0.001000 
epoch: 4 iter: 10 train_iter_loss: 0.010085 learn_rate: 0.001000 
epoch: 4 iter: 11 train_iter_loss: 0.008408 learn_rate: 0.001000 
epoch: 4 iter: 12 train_iter_loss: 0.007994 learn_rate: 0.001000 
epoch: 4 iter: 13 train_iter_loss: 0.003461 learn_rate: 0.001000 
epoch: 4 iter: 14 train_iter_loss: 0.004184 learn_rate: 0.001000 
epoch: 4 iter: 15 train_iter_loss: 0.006768 learn_rate: 0.001000 
epoch: 4 iter: 16 train_iter_loss: 0.005525 learn_rate: 0.001000 
epoch: 4 iter: 17 train_iter_loss: 0.003209 learn_rate: 0.001000 
epoch: 4 iter: 18 train_iter_loss: 0.002580 learn_rate: 0.001000 
epoch: 4 iter: 19 train_iter_loss: 0.004510 learn_rate: 0.001000 
epoch: 4 iter: 20 train_iter_loss: 0.003868 learn_rate: 0.001000 
epoch: 4 iter: 21 train_iter_loss: 0.004749 learn_rate: 0.001000 
