Mon May 13 01:26:42 2024
data_dict: {'mean': array([67.34479 , 72.58601 , 63.571663], dtype=float32), 'std': array([ 7.705479, 11.682695,  8.039753], dtype=float32), 'classWeights': array([1.4698913, 5.812286 , 7.748814 ], dtype=float32), 'img_shape': (256, 256, 3)}
epoch: 1 iter: 1 train_iter_loss: 0.253219 learn_rate: 0.001000 
epoch: 1 iter: 2 train_iter_loss: 0.803869 learn_rate: 0.001000 
epoch: 1 iter: 3 train_iter_loss: 0.681790 learn_rate: 0.001000 
epoch: 1 iter: 4 train_iter_loss: 0.447927 learn_rate: 0.001000 
epoch: 1 iter: 5 train_iter_loss: 0.330104 learn_rate: 0.001000 
epoch: 1 iter: 6 train_iter_loss: 0.273744 learn_rate: 0.001000 
epoch: 1 iter: 7 train_iter_loss: 0.187149 learn_rate: 0.001000 
epoch: 1 iter: 8 train_iter_loss: 0.193168 learn_rate: 0.001000 
epoch: 1 iter: 9 train_iter_loss: 0.313088 learn_rate: 0.001000 
epoch: 1 iter: 10 train_iter_loss: 0.197026 learn_rate: 0.001000 
epoch: 1 iter: 11 train_iter_loss: 0.168430 learn_rate: 0.001000 
epoch: 1 iter: 12 train_iter_loss: 0.162038 learn_rate: 0.001000 
epoch: 1 iter: 13 train_iter_loss: 0.178278 learn_rate: 0.001000 
epoch: 1 iter: 14 train_iter_loss: 0.212753 learn_rate: 0.001000 
epoch: 1 iter: 15 train_iter_loss: 0.159235 learn_rate: 0.001000 
epoch: 1 iter: 16 train_iter_loss: 0.124083 learn_rate: 0.001000 
epoch: 1 iter: 17 train_iter_loss: 0.121389 learn_rate: 0.001000 
epoch: 1 iter: 18 train_iter_loss: 0.139822 learn_rate: 0.001000 
epoch: 1 iter: 19 train_iter_loss: 0.161688 learn_rate: 0.001000 
epoch: 1 iter: 20 train_iter_loss: 0.149711 learn_rate: 0.001000 
epoch: 1 iter: 21 train_iter_loss: 0.129609 learn_rate: 0.001000 
epoch: 1 iter: 22 train_iter_loss: 0.135471 learn_rate: 0.001000 
epoch: 1 iter: 23 train_iter_loss: 0.231686 learn_rate: 0.001000 
epoch: 1 iter: 24 train_iter_loss: 0.076999 learn_rate: 0.001000 
epoch: 1 iter: 25 train_iter_loss: 0.103721 learn_rate: 0.001000 
epoch: 1 iter: 26 train_iter_loss: 0.119156 learn_rate: 0.001000 
epoch: 1 iter: 27 train_iter_loss: 0.069630 learn_rate: 0.001000 
epoch: 1 iter: 28 train_iter_loss: 0.095480 learn_rate: 0.001000 
epoch: 1 iter: 29 train_iter_loss: 0.123693 learn_rate: 0.001000 
epoch: 1 iter: 30 train_iter_loss: 0.084280 learn_rate: 0.001000 
epoch: 1 iter: 31 train_iter_loss: 0.167727 learn_rate: 0.001000 
epoch: 1 iter: 32 train_iter_loss: 0.123341 learn_rate: 0.001000 
epoch: 1 iter: 33 train_iter_loss: 0.114959 learn_rate: 0.001000 
epoch: 1 iter: 34 train_iter_loss: 0.111776 learn_rate: 0.001000 
epoch: 1 iter: 35 train_iter_loss: 0.248286 learn_rate: 0.001000 
epoch: 1 iter: 36 train_iter_loss: 0.106020 learn_rate: 0.001000 
epoch: 1 iter: 37 train_iter_loss: 0.119141 learn_rate: 0.001000 
epoch: 1 iter: 38 train_iter_loss: 0.124298 learn_rate: 0.001000 
epoch: 1 iter: 39 train_iter_loss: 0.104665 learn_rate: 0.001000 
epoch: 1 iter: 40 train_iter_loss: 0.176929 learn_rate: 0.001000 
epoch: 1 iter: 41 train_iter_loss: 0.132040 learn_rate: 0.001000 
epoch: 1 iter: 42 train_iter_loss: 0.127973 learn_rate: 0.001000 
epoch: 1 iter: 43 train_iter_loss: 0.109653 learn_rate: 0.001000 
epoch: 1 iter: 44 train_iter_loss: 0.111879 learn_rate: 0.001000 
epoch: 1 iter: 45 train_iter_loss: 0.115294 learn_rate: 0.001000 
epoch: 1 iter: 46 train_iter_loss: 0.121881 learn_rate: 0.001000 
epoch: 1 iter: 47 train_iter_loss: 0.116611 learn_rate: 0.001000 
epoch: 1 iter: 48 train_iter_loss: 0.128817 learn_rate: 0.001000 
epoch: 1 iter: 49 train_iter_loss: 0.078364 learn_rate: 0.001000 
epoch: 1 iter: 50 train_iter_loss: 0.067973 learn_rate: 0.001000 
epoch: 1 iter: 51 train_iter_loss: 0.102855 learn_rate: 0.001000 
epoch: 1 iter: 52 train_iter_loss: 0.095254 learn_rate: 0.001000 
epoch: 1 iter: 53 train_iter_loss: 0.078145 learn_rate: 0.001000 
epoch: 1 iter: 54 train_iter_loss: 0.100123 learn_rate: 0.001000 
epoch: 1 iter: 55 train_iter_loss: 0.070838 learn_rate: 0.001000 
epoch: 1 iter: 56 train_iter_loss: 0.115297 learn_rate: 0.001000 
epoch: 1 iter: 57 train_iter_loss: 0.105501 learn_rate: 0.001000 
epoch: 1 iter: 58 train_iter_loss: 0.087820 learn_rate: 0.001000 
epoch: 1 iter: 59 train_iter_loss: 0.086636 learn_rate: 0.001000 
epoch: 1 iter: 60 train_iter_loss: 0.092465 learn_rate: 0.001000 
epoch: 1 iter: 61 train_iter_loss: 0.081051 learn_rate: 0.001000 
epoch: 1 iter: 62 train_iter_loss: 0.068869 learn_rate: 0.001000 
epoch: 1 iter: 63 train_iter_loss: 0.096674 learn_rate: 0.001000 
epoch: 1 iter: 64 train_iter_loss: 0.085535 learn_rate: 0.001000 
epoch: 1 iter: 65 train_iter_loss: 0.199693 learn_rate: 0.001000 
epoch: 1 iter: 66 train_iter_loss: 0.105785 learn_rate: 0.001000 
epoch: 1 iter: 67 train_iter_loss: 0.089014 learn_rate: 0.001000 
epoch: 1 iter: 68 train_iter_loss: 0.103213 learn_rate: 0.001000 
epoch: 1 iter: 69 train_iter_loss: 0.090769 learn_rate: 0.001000 
epoch: 1 iter: 70 train_iter_loss: 0.073511 learn_rate: 0.001000 
epoch: 1 iter: 71 train_iter_loss: 0.082014 learn_rate: 0.001000 
epoch: 1 iter: 72 train_iter_loss: 0.091331 learn_rate: 0.001000 
epoch: 1 train_epoch_loss: 0.153309 learn_rate: 0.001000 test_p: 0.340242 test_r: 0.405562 test_f: 0.369330
epoch: 2 iter: 1 train_iter_loss: 0.298058 learn_rate: 0.001000 
epoch: 2 iter: 2 train_iter_loss: 0.142065 learn_rate: 0.001000 
epoch: 2 iter: 3 train_iter_loss: 0.182986 learn_rate: 0.001000 
epoch: 2 iter: 4 train_iter_loss: 2.450938 learn_rate: 0.001000 
epoch: 2 iter: 5 train_iter_loss: 0.145898 learn_rate: 0.001000 
epoch: 2 iter: 6 train_iter_loss: 0.185446 learn_rate: 0.001000 
epoch: 2 iter: 7 train_iter_loss: 0.170925 learn_rate: 0.001000 
epoch: 2 iter: 8 train_iter_loss: 0.145119 learn_rate: 0.001000 
epoch: 2 iter: 9 train_iter_loss: 0.112332 learn_rate: 0.001000 
epoch: 2 iter: 10 train_iter_loss: 0.355196 learn_rate: 0.001000 
epoch: 2 iter: 11 train_iter_loss: 0.265462 learn_rate: 0.001000 
epoch: 2 iter: 12 train_iter_loss: 0.191116 learn_rate: 0.001000 
epoch: 2 iter: 13 train_iter_loss: 0.083999 learn_rate: 0.001000 
epoch: 2 iter: 14 train_iter_loss: 0.179100 learn_rate: 0.001000 
epoch: 2 iter: 15 train_iter_loss: 0.171042 learn_rate: 0.001000 
epoch: 2 iter: 16 train_iter_loss: 0.134312 learn_rate: 0.001000 
epoch: 2 iter: 17 train_iter_loss: 0.141147 learn_rate: 0.001000 
epoch: 2 iter: 18 train_iter_loss: 0.133888 learn_rate: 0.001000 
epoch: 2 iter: 19 train_iter_loss: 0.132712 learn_rate: 0.001000 
epoch: 2 iter: 20 train_iter_loss: 0.213856 learn_rate: 0.001000 
epoch: 2 iter: 21 train_iter_loss: 0.164179 learn_rate: 0.001000 
epoch: 2 iter: 22 train_iter_loss: 0.105634 learn_rate: 0.001000 
epoch: 2 iter: 23 train_iter_loss: 0.107871 learn_rate: 0.001000 
epoch: 2 iter: 24 train_iter_loss: 0.193065 learn_rate: 0.001000 
epoch: 2 iter: 25 train_iter_loss: 0.180690 learn_rate: 0.001000 
epoch: 2 iter: 26 train_iter_loss: 0.128363 learn_rate: 0.001000 
epoch: 2 iter: 27 train_iter_loss: 0.135030 learn_rate: 0.001000 
epoch: 2 iter: 28 train_iter_loss: 0.174495 learn_rate: 0.001000 
epoch: 2 iter: 29 train_iter_loss: 0.159258 learn_rate: 0.001000 
epoch: 2 iter: 30 train_iter_loss: 0.213998 learn_rate: 0.001000 
epoch: 2 iter: 31 train_iter_loss: 0.148688 learn_rate: 0.001000 
epoch: 2 iter: 32 train_iter_loss: 0.165902 learn_rate: 0.001000 
epoch: 2 iter: 33 train_iter_loss: 0.140625 learn_rate: 0.001000 
epoch: 2 iter: 34 train_iter_loss: 0.157451 learn_rate: 0.001000 
epoch: 2 iter: 35 train_iter_loss: 0.170962 learn_rate: 0.001000 
epoch: 2 iter: 36 train_iter_loss: 0.156123 learn_rate: 0.001000 
epoch: 2 iter: 37 train_iter_loss: 0.138452 learn_rate: 0.001000 
epoch: 2 iter: 38 train_iter_loss: 0.177415 learn_rate: 0.001000 
epoch: 2 iter: 39 train_iter_loss: 0.219020 learn_rate: 0.001000 
epoch: 2 iter: 40 train_iter_loss: 0.164394 learn_rate: 0.001000 
epoch: 2 iter: 41 train_iter_loss: 0.162124 learn_rate: 0.001000 
epoch: 2 iter: 42 train_iter_loss: 0.191918 learn_rate: 0.001000 
epoch: 2 iter: 43 train_iter_loss: 0.163553 learn_rate: 0.001000 
epoch: 2 iter: 44 train_iter_loss: 0.139251 learn_rate: 0.001000 
epoch: 2 iter: 45 train_iter_loss: 0.104379 learn_rate: 0.001000 
epoch: 2 iter: 46 train_iter_loss: 0.175920 learn_rate: 0.001000 
epoch: 2 iter: 47 train_iter_loss: 0.147910 learn_rate: 0.001000 
epoch: 2 iter: 48 train_iter_loss: 0.105896 learn_rate: 0.001000 
epoch: 2 iter: 49 train_iter_loss: 0.162892 learn_rate: 0.001000 
epoch: 2 iter: 50 train_iter_loss: 0.143735 learn_rate: 0.001000 
epoch: 2 iter: 51 train_iter_loss: 0.136240 learn_rate: 0.001000 
epoch: 2 iter: 52 train_iter_loss: 0.116796 learn_rate: 0.001000 
epoch: 2 iter: 53 train_iter_loss: 0.141503 learn_rate: 0.001000 
epoch: 2 iter: 54 train_iter_loss: 0.153660 learn_rate: 0.001000 
epoch: 2 iter: 55 train_iter_loss: 0.167202 learn_rate: 0.001000 
epoch: 2 iter: 56 train_iter_loss: 0.057510 learn_rate: 0.001000 
epoch: 2 iter: 57 train_iter_loss: 0.093902 learn_rate: 0.001000 
epoch: 2 iter: 58 train_iter_loss: 0.097236 learn_rate: 0.001000 
epoch: 2 iter: 59 train_iter_loss: 0.111297 learn_rate: 0.001000 
epoch: 2 iter: 60 train_iter_loss: 0.140573 learn_rate: 0.001000 
epoch: 2 iter: 61 train_iter_loss: 0.115876 learn_rate: 0.001000 
epoch: 2 iter: 62 train_iter_loss: 0.143641 learn_rate: 0.001000 
epoch: 2 iter: 63 train_iter_loss: 0.106427 learn_rate: 0.001000 
epoch: 2 iter: 64 train_iter_loss: 0.143434 learn_rate: 0.001000 
epoch: 2 iter: 65 train_iter_loss: 0.149820 learn_rate: 0.001000 
epoch: 2 iter: 66 train_iter_loss: 0.117411 learn_rate: 0.001000 
epoch: 2 iter: 67 train_iter_loss: 0.124536 learn_rate: 0.001000 
epoch: 2 iter: 68 train_iter_loss: 0.119531 learn_rate: 0.001000 
epoch: 2 iter: 69 train_iter_loss: 0.095506 learn_rate: 0.001000 
epoch: 2 iter: 70 train_iter_loss: 0.104274 learn_rate: 0.001000 
epoch: 2 iter: 71 train_iter_loss: 0.125432 learn_rate: 0.001000 
epoch: 2 iter: 72 train_iter_loss: 0.096429 learn_rate: 0.001000 
epoch: 2 train_epoch_loss: 0.183236 learn_rate: 0.001000 test_p: 0.339925 test_r: 0.468200 test_f: 0.393143
epoch: 3 iter: 1 train_iter_loss: 0.128184 learn_rate: 0.001000 
epoch: 3 iter: 2 train_iter_loss: 0.127553 learn_rate: 0.001000 
epoch: 3 iter: 3 train_iter_loss: 0.092868 learn_rate: 0.001000 
epoch: 3 iter: 4 train_iter_loss: 0.103685 learn_rate: 0.001000 
epoch: 3 iter: 5 train_iter_loss: 0.111140 learn_rate: 0.001000 
epoch: 3 iter: 6 train_iter_loss: 0.075446 learn_rate: 0.001000 
epoch: 3 iter: 7 train_iter_loss: 0.140983 learn_rate: 0.001000 
epoch: 3 iter: 8 train_iter_loss: 0.111889 learn_rate: 0.001000 
epoch: 3 iter: 9 train_iter_loss: 0.132606 learn_rate: 0.001000 
epoch: 3 iter: 10 train_iter_loss: 0.104079 learn_rate: 0.001000 
epoch: 3 iter: 11 train_iter_loss: 0.129417 learn_rate: 0.001000 
epoch: 3 iter: 12 train_iter_loss: 0.098247 learn_rate: 0.001000 
epoch: 3 iter: 13 train_iter_loss: 0.083187 learn_rate: 0.001000 
epoch: 3 iter: 14 train_iter_loss: 0.128546 learn_rate: 0.001000 
epoch: 3 iter: 15 train_iter_loss: 0.098161 learn_rate: 0.001000 
epoch: 3 iter: 16 train_iter_loss: 0.114349 learn_rate: 0.001000 
epoch: 3 iter: 17 train_iter_loss: 0.067167 learn_rate: 0.001000 
epoch: 3 iter: 18 train_iter_loss: 0.070984 learn_rate: 0.001000 
epoch: 3 iter: 19 train_iter_loss: 0.121565 learn_rate: 0.001000 
epoch: 3 iter: 20 train_iter_loss: 0.083062 learn_rate: 0.001000 
epoch: 3 iter: 21 train_iter_loss: 0.106562 learn_rate: 0.001000 
epoch: 3 iter: 22 train_iter_loss: 0.103111 learn_rate: 0.001000 
epoch: 3 iter: 23 train_iter_loss: 0.112553 learn_rate: 0.001000 
epoch: 3 iter: 24 train_iter_loss: 0.125333 learn_rate: 0.001000 
epoch: 3 iter: 25 train_iter_loss: 0.072689 learn_rate: 0.001000 
epoch: 3 iter: 26 train_iter_loss: 0.102049 learn_rate: 0.001000 
epoch: 3 iter: 27 train_iter_loss: 0.102103 learn_rate: 0.001000 
epoch: 3 iter: 28 train_iter_loss: 0.080331 learn_rate: 0.001000 
epoch: 3 iter: 29 train_iter_loss: 0.086281 learn_rate: 0.001000 
epoch: 3 iter: 30 train_iter_loss: 0.122399 learn_rate: 0.001000 
epoch: 3 iter: 31 train_iter_loss: 0.082930 learn_rate: 0.001000 
epoch: 3 iter: 32 train_iter_loss: 0.066535 learn_rate: 0.001000 
epoch: 3 iter: 33 train_iter_loss: 0.064390 learn_rate: 0.001000 
epoch: 3 iter: 34 train_iter_loss: 0.060190 learn_rate: 0.001000 
epoch: 3 iter: 35 train_iter_loss: 0.060617 learn_rate: 0.001000 
epoch: 3 iter: 36 train_iter_loss: 0.087418 learn_rate: 0.001000 
epoch: 3 iter: 37 train_iter_loss: 0.124559 learn_rate: 0.001000 
epoch: 3 iter: 38 train_iter_loss: 0.042076 learn_rate: 0.001000 
epoch: 3 iter: 39 train_iter_loss: 0.098484 learn_rate: 0.001000 
epoch: 3 iter: 40 train_iter_loss: 0.054265 learn_rate: 0.001000 
epoch: 3 iter: 41 train_iter_loss: 0.103324 learn_rate: 0.001000 
epoch: 3 iter: 42 train_iter_loss: 0.092338 learn_rate: 0.001000 
epoch: 3 iter: 43 train_iter_loss: 0.084937 learn_rate: 0.001000 
epoch: 3 iter: 44 train_iter_loss: 0.088080 learn_rate: 0.001000 
epoch: 3 iter: 45 train_iter_loss: 0.074173 learn_rate: 0.001000 
epoch: 3 iter: 46 train_iter_loss: 0.104024 learn_rate: 0.001000 
epoch: 3 iter: 47 train_iter_loss: 0.074948 learn_rate: 0.001000 
epoch: 3 iter: 48 train_iter_loss: 0.071438 learn_rate: 0.001000 
epoch: 3 iter: 49 train_iter_loss: 0.121631 learn_rate: 0.001000 
epoch: 3 iter: 50 train_iter_loss: 0.075951 learn_rate: 0.001000 
epoch: 3 iter: 51 train_iter_loss: 0.076480 learn_rate: 0.001000 
epoch: 3 iter: 52 train_iter_loss: 0.097128 learn_rate: 0.001000 
epoch: 3 iter: 53 train_iter_loss: 0.143801 learn_rate: 0.001000 
epoch: 3 iter: 54 train_iter_loss: 0.069009 learn_rate: 0.001000 
epoch: 3 iter: 55 train_iter_loss: 0.087635 learn_rate: 0.001000 
epoch: 3 iter: 56 train_iter_loss: 0.082927 learn_rate: 0.001000 
epoch: 3 iter: 57 train_iter_loss: 0.087407 learn_rate: 0.001000 
epoch: 3 iter: 58 train_iter_loss: 0.060984 learn_rate: 0.001000 
epoch: 3 iter: 59 train_iter_loss: 0.078521 learn_rate: 0.001000 
epoch: 3 iter: 60 train_iter_loss: 0.138475 learn_rate: 0.001000 
epoch: 3 iter: 61 train_iter_loss: 0.063076 learn_rate: 0.001000 
epoch: 3 iter: 62 train_iter_loss: 0.080863 learn_rate: 0.001000 
epoch: 3 iter: 63 train_iter_loss: 0.057040 learn_rate: 0.001000 
epoch: 3 iter: 64 train_iter_loss: 0.037317 learn_rate: 0.001000 
epoch: 3 iter: 65 train_iter_loss: 0.047802 learn_rate: 0.001000 
epoch: 3 iter: 66 train_iter_loss: 0.075579 learn_rate: 0.001000 
epoch: 3 iter: 67 train_iter_loss: 0.049147 learn_rate: 0.001000 
epoch: 3 iter: 68 train_iter_loss: 0.047301 learn_rate: 0.001000 
epoch: 3 iter: 69 train_iter_loss: 0.095700 learn_rate: 0.001000 
epoch: 3 iter: 70 train_iter_loss: 0.068966 learn_rate: 0.001000 
epoch: 3 iter: 71 train_iter_loss: 0.117614 learn_rate: 0.001000 
epoch: 3 iter: 72 train_iter_loss: 0.076692 learn_rate: 0.001000 
epoch: 3 train_epoch_loss: 0.090393 learn_rate: 0.001000 test_p: 0.358222 test_r: 0.496853 test_f: 0.415664
epoch: 4 iter: 1 train_iter_loss: 0.079841 learn_rate: 0.001000 
epoch: 4 iter: 2 train_iter_loss: 0.076244 learn_rate: 0.001000 
epoch: 4 iter: 3 train_iter_loss: 0.069466 learn_rate: 0.001000 
epoch: 4 iter: 4 train_iter_loss: 0.100350 learn_rate: 0.001000 
epoch: 4 iter: 5 train_iter_loss: 0.066703 learn_rate: 0.001000 
epoch: 4 iter: 6 train_iter_loss: 0.066321 learn_rate: 0.001000 
epoch: 4 iter: 7 train_iter_loss: 0.051291 learn_rate: 0.001000 
epoch: 4 iter: 8 train_iter_loss: 0.078893 learn_rate: 0.001000 
epoch: 4 iter: 9 train_iter_loss: 0.070477 learn_rate: 0.001000 
epoch: 4 iter: 10 train_iter_loss: 0.076954 learn_rate: 0.001000 
epoch: 4 iter: 11 train_iter_loss: 0.063113 learn_rate: 0.001000 
epoch: 4 iter: 12 train_iter_loss: 0.081025 learn_rate: 0.001000 
epoch: 4 iter: 13 train_iter_loss: 0.041287 learn_rate: 0.001000 
epoch: 4 iter: 14 train_iter_loss: 0.087528 learn_rate: 0.001000 
epoch: 4 iter: 15 train_iter_loss: 0.066963 learn_rate: 0.001000 
epoch: 4 iter: 16 train_iter_loss: 0.061225 learn_rate: 0.001000 
epoch: 4 iter: 17 train_iter_loss: 0.076113 learn_rate: 0.001000 
epoch: 4 iter: 18 train_iter_loss: 0.139391 learn_rate: 0.001000 
epoch: 4 iter: 19 train_iter_loss: 0.096333 learn_rate: 0.001000 
epoch: 4 iter: 20 train_iter_loss: 0.091862 learn_rate: 0.001000 
epoch: 4 iter: 21 train_iter_loss: 0.084477 learn_rate: 0.001000 
epoch: 4 iter: 22 train_iter_loss: 0.068256 learn_rate: 0.001000 
epoch: 4 iter: 23 train_iter_loss: 0.077706 learn_rate: 0.001000 
epoch: 4 iter: 24 train_iter_loss: 0.077587 learn_rate: 0.001000 
epoch: 4 iter: 25 train_iter_loss: 0.067950 learn_rate: 0.001000 
epoch: 4 iter: 26 train_iter_loss: 0.061323 learn_rate: 0.001000 
epoch: 4 iter: 27 train_iter_loss: 0.065012 learn_rate: 0.001000 
epoch: 4 iter: 28 train_iter_loss: 0.075125 learn_rate: 0.001000 
epoch: 4 iter: 29 train_iter_loss: 0.073646 learn_rate: 0.001000 
epoch: 4 iter: 30 train_iter_loss: 0.097333 learn_rate: 0.001000 
epoch: 4 iter: 31 train_iter_loss: 0.073258 learn_rate: 0.001000 
epoch: 4 iter: 32 train_iter_loss: 0.064684 learn_rate: 0.001000 
epoch: 4 iter: 33 train_iter_loss: 0.051350 learn_rate: 0.001000 
epoch: 4 iter: 34 train_iter_loss: 0.073442 learn_rate: 0.001000 
epoch: 4 iter: 35 train_iter_loss: 0.074442 learn_rate: 0.001000 
epoch: 4 iter: 36 train_iter_loss: 0.064134 learn_rate: 0.001000 
epoch: 4 iter: 37 train_iter_loss: 0.068229 learn_rate: 0.001000 
epoch: 4 iter: 38 train_iter_loss: 0.136129 learn_rate: 0.001000 
epoch: 4 iter: 39 train_iter_loss: 0.050449 learn_rate: 0.001000 
epoch: 4 iter: 40 train_iter_loss: 0.058632 learn_rate: 0.001000 
epoch: 4 iter: 41 train_iter_loss: 0.096079 learn_rate: 0.001000 
epoch: 4 iter: 42 train_iter_loss: 0.076866 learn_rate: 0.001000 
epoch: 4 iter: 43 train_iter_loss: 0.072872 learn_rate: 0.001000 
epoch: 4 iter: 44 train_iter_loss: 0.083593 learn_rate: 0.001000 
epoch: 4 iter: 45 train_iter_loss: 0.060029 learn_rate: 0.001000 
epoch: 4 iter: 46 train_iter_loss: 0.127089 learn_rate: 0.001000 
epoch: 4 iter: 47 train_iter_loss: 0.132157 learn_rate: 0.001000 
epoch: 4 iter: 48 train_iter_loss: 0.062777 learn_rate: 0.001000 
epoch: 4 iter: 49 train_iter_loss: 0.093672 learn_rate: 0.001000 
epoch: 4 iter: 50 train_iter_loss: 0.057686 learn_rate: 0.001000 
epoch: 4 iter: 51 train_iter_loss: 0.079182 learn_rate: 0.001000 
epoch: 4 iter: 52 train_iter_loss: 0.087894 learn_rate: 0.001000 
epoch: 4 iter: 53 train_iter_loss: 0.015309 learn_rate: 0.001000 
epoch: 4 iter: 54 train_iter_loss: 0.080136 learn_rate: 0.001000 
epoch: 4 iter: 55 train_iter_loss: 0.053067 learn_rate: 0.001000 
epoch: 4 iter: 56 train_iter_loss: 0.067195 learn_rate: 0.001000 
epoch: 4 iter: 57 train_iter_loss: 0.084727 learn_rate: 0.001000 
epoch: 4 iter: 58 train_iter_loss: 0.105132 learn_rate: 0.001000 
epoch: 4 iter: 59 train_iter_loss: 0.109129 learn_rate: 0.001000 
epoch: 4 iter: 60 train_iter_loss: 0.095132 learn_rate: 0.001000 
epoch: 4 iter: 61 train_iter_loss: 0.100904 learn_rate: 0.001000 
epoch: 4 iter: 62 train_iter_loss: 0.095798 learn_rate: 0.001000 
epoch: 4 iter: 63 train_iter_loss: 0.081011 learn_rate: 0.001000 
epoch: 4 iter: 64 train_iter_loss: 0.114918 learn_rate: 0.001000 
epoch: 4 iter: 65 train_iter_loss: 0.058898 learn_rate: 0.001000 
epoch: 4 iter: 66 train_iter_loss: 0.078468 learn_rate: 0.001000 
epoch: 4 iter: 67 train_iter_loss: 0.095215 learn_rate: 0.001000 
epoch: 4 iter: 68 train_iter_loss: 0.083928 learn_rate: 0.001000 
epoch: 4 iter: 69 train_iter_loss: 0.092764 learn_rate: 0.001000 
epoch: 4 iter: 70 train_iter_loss: 0.096082 learn_rate: 0.001000 
epoch: 4 iter: 71 train_iter_loss: 0.042283 learn_rate: 0.001000 
epoch: 4 iter: 72 train_iter_loss: 0.055420 learn_rate: 0.001000 
epoch: 4 train_epoch_loss: 0.078333 learn_rate: 0.001000 test_p: 0.444610 test_r: 0.515648 test_f: 0.470242
epoch: 5 iter: 1 train_iter_loss: 0.072793 learn_rate: 0.001000 
epoch: 5 iter: 2 train_iter_loss: 0.052513 learn_rate: 0.001000 
epoch: 5 iter: 3 train_iter_loss: 0.062466 learn_rate: 0.001000 
epoch: 5 iter: 4 train_iter_loss: 0.082706 learn_rate: 0.001000 
epoch: 5 iter: 5 train_iter_loss: 0.088974 learn_rate: 0.001000 
epoch: 5 iter: 6 train_iter_loss: 0.070145 learn_rate: 0.001000 
epoch: 5 iter: 7 train_iter_loss: 0.108242 learn_rate: 0.001000 
epoch: 5 iter: 8 train_iter_loss: 0.081051 learn_rate: 0.001000 
epoch: 5 iter: 9 train_iter_loss: 0.085382 learn_rate: 0.001000 
epoch: 5 iter: 10 train_iter_loss: 0.083012 learn_rate: 0.001000 
epoch: 5 iter: 11 train_iter_loss: 0.056667 learn_rate: 0.001000 
epoch: 5 iter: 12 train_iter_loss: 0.056937 learn_rate: 0.001000 
epoch: 5 iter: 13 train_iter_loss: 0.061217 learn_rate: 0.001000 
epoch: 5 iter: 14 train_iter_loss: 0.071483 learn_rate: 0.001000 
epoch: 5 iter: 15 train_iter_loss: 0.032954 learn_rate: 0.001000 
epoch: 5 iter: 16 train_iter_loss: 0.043378 learn_rate: 0.001000 
epoch: 5 iter: 17 train_iter_loss: 0.095331 learn_rate: 0.001000 
epoch: 5 iter: 18 train_iter_loss: 0.050280 learn_rate: 0.001000 
epoch: 5 iter: 19 train_iter_loss: 0.069567 learn_rate: 0.001000 
epoch: 5 iter: 20 train_iter_loss: 0.064713 learn_rate: 0.001000 
epoch: 5 iter: 21 train_iter_loss: 0.092913 learn_rate: 0.001000 
epoch: 5 iter: 22 train_iter_loss: 0.070895 learn_rate: 0.001000 
epoch: 5 iter: 23 train_iter_loss: 0.049642 learn_rate: 0.001000 
epoch: 5 iter: 24 train_iter_loss: 0.060556 learn_rate: 0.001000 
epoch: 5 iter: 25 train_iter_loss: 0.087210 learn_rate: 0.001000 
epoch: 5 iter: 26 train_iter_loss: 0.054857 learn_rate: 0.001000 
epoch: 5 iter: 27 train_iter_loss: 0.050688 learn_rate: 0.001000 
epoch: 5 iter: 28 train_iter_loss: 0.093042 learn_rate: 0.001000 
epoch: 5 iter: 29 train_iter_loss: 0.066297 learn_rate: 0.001000 
epoch: 5 iter: 30 train_iter_loss: 0.054368 learn_rate: 0.001000 
epoch: 5 iter: 31 train_iter_loss: 0.074200 learn_rate: 0.001000 
epoch: 5 iter: 32 train_iter_loss: 0.083892 learn_rate: 0.001000 
epoch: 5 iter: 33 train_iter_loss: 0.050062 learn_rate: 0.001000 
epoch: 5 iter: 34 train_iter_loss: 0.088414 learn_rate: 0.001000 
epoch: 5 iter: 35 train_iter_loss: 0.069116 learn_rate: 0.001000 
epoch: 5 iter: 36 train_iter_loss: 0.056221 learn_rate: 0.001000 
epoch: 5 iter: 37 train_iter_loss: 0.049200 learn_rate: 0.001000 
epoch: 5 iter: 38 train_iter_loss: 0.043884 learn_rate: 0.001000 
epoch: 5 iter: 39 train_iter_loss: 0.066454 learn_rate: 0.001000 
epoch: 5 iter: 40 train_iter_loss: 0.048257 learn_rate: 0.001000 
epoch: 5 iter: 41 train_iter_loss: 0.075143 learn_rate: 0.001000 
epoch: 5 iter: 42 train_iter_loss: 0.066883 learn_rate: 0.001000 
epoch: 5 iter: 43 train_iter_loss: 0.075320 learn_rate: 0.001000 
epoch: 5 iter: 44 train_iter_loss: 0.039028 learn_rate: 0.001000 
epoch: 5 iter: 45 train_iter_loss: 0.072540 learn_rate: 0.001000 
epoch: 5 iter: 46 train_iter_loss: 0.062155 learn_rate: 0.001000 
epoch: 5 iter: 47 train_iter_loss: 0.044698 learn_rate: 0.001000 
epoch: 5 iter: 48 train_iter_loss: 0.077523 learn_rate: 0.001000 
epoch: 5 iter: 49 train_iter_loss: 0.091379 learn_rate: 0.001000 
epoch: 5 iter: 50 train_iter_loss: 0.073833 learn_rate: 0.001000 
epoch: 5 iter: 51 train_iter_loss: 0.055328 learn_rate: 0.001000 
epoch: 5 iter: 52 train_iter_loss: 0.058945 learn_rate: 0.001000 
epoch: 5 iter: 53 train_iter_loss: 0.085653 learn_rate: 0.001000 
epoch: 5 iter: 54 train_iter_loss: 0.052427 learn_rate: 0.001000 
epoch: 5 iter: 55 train_iter_loss: 0.073202 learn_rate: 0.001000 
epoch: 5 iter: 56 train_iter_loss: 0.044658 learn_rate: 0.001000 
epoch: 5 iter: 57 train_iter_loss: 0.073136 learn_rate: 0.001000 
epoch: 5 iter: 58 train_iter_loss: 0.055847 learn_rate: 0.001000 
epoch: 5 iter: 59 train_iter_loss: 0.044369 learn_rate: 0.001000 
epoch: 5 iter: 60 train_iter_loss: 0.088989 learn_rate: 0.001000 
epoch: 5 iter: 61 train_iter_loss: 0.105029 learn_rate: 0.001000 
epoch: 5 iter: 62 train_iter_loss: 0.071505 learn_rate: 0.001000 
epoch: 5 iter: 63 train_iter_loss: 0.060235 learn_rate: 0.001000 
epoch: 5 iter: 64 train_iter_loss: 0.077736 learn_rate: 0.001000 
epoch: 5 iter: 65 train_iter_loss: 0.057686 learn_rate: 0.001000 
epoch: 5 iter: 66 train_iter_loss: 0.046847 learn_rate: 0.001000 
epoch: 5 iter: 67 train_iter_loss: 0.075215 learn_rate: 0.001000 
epoch: 5 iter: 68 train_iter_loss: 0.106314 learn_rate: 0.001000 
epoch: 5 iter: 69 train_iter_loss: 0.056723 learn_rate: 0.001000 
epoch: 5 iter: 70 train_iter_loss: 0.054134 learn_rate: 0.001000 
epoch: 5 iter: 71 train_iter_loss: 0.073103 learn_rate: 0.001000 
epoch: 5 iter: 72 train_iter_loss: 0.074536 learn_rate: 0.001000 
epoch: 5 train_epoch_loss: 0.067640 learn_rate: 0.001000 test_p: 0.541255 test_r: 0.549834 test_f: 0.542049
epoch: 6 iter: 1 train_iter_loss: 0.081277 learn_rate: 0.001000 
epoch: 6 iter: 2 train_iter_loss: 0.072554 learn_rate: 0.001000 
epoch: 6 iter: 3 train_iter_loss: 0.041457 learn_rate: 0.001000 
epoch: 6 iter: 4 train_iter_loss: 0.057192 learn_rate: 0.001000 
epoch: 6 iter: 5 train_iter_loss: 0.064075 learn_rate: 0.001000 
epoch: 6 iter: 6 train_iter_loss: 0.073217 learn_rate: 0.001000 
epoch: 6 iter: 7 train_iter_loss: 0.034281 learn_rate: 0.001000 
epoch: 6 iter: 8 train_iter_loss: 0.082502 learn_rate: 0.001000 
epoch: 6 iter: 9 train_iter_loss: 0.080500 learn_rate: 0.001000 
epoch: 6 iter: 10 train_iter_loss: 0.058972 learn_rate: 0.001000 
epoch: 6 iter: 11 train_iter_loss: 0.070959 learn_rate: 0.001000 
epoch: 6 iter: 12 train_iter_loss: 0.093895 learn_rate: 0.001000 
epoch: 6 iter: 13 train_iter_loss: 0.060156 learn_rate: 0.001000 
epoch: 6 iter: 14 train_iter_loss: 0.049788 learn_rate: 0.001000 
epoch: 6 iter: 15 train_iter_loss: 0.051412 learn_rate: 0.001000 
epoch: 6 iter: 16 train_iter_loss: 0.062190 learn_rate: 0.001000 
epoch: 6 iter: 17 train_iter_loss: 0.075015 learn_rate: 0.001000 
epoch: 6 iter: 18 train_iter_loss: 0.025854 learn_rate: 0.001000 
epoch: 6 iter: 19 train_iter_loss: 0.075496 learn_rate: 0.001000 
epoch: 6 iter: 20 train_iter_loss: 0.048085 learn_rate: 0.001000 
epoch: 6 iter: 21 train_iter_loss: 0.051965 learn_rate: 0.001000 
epoch: 6 iter: 22 train_iter_loss: 0.058904 learn_rate: 0.001000 
epoch: 6 iter: 23 train_iter_loss: 0.040702 learn_rate: 0.001000 
epoch: 6 iter: 24 train_iter_loss: 0.069694 learn_rate: 0.001000 
epoch: 6 iter: 25 train_iter_loss: 0.046623 learn_rate: 0.001000 
epoch: 6 iter: 26 train_iter_loss: 0.071114 learn_rate: 0.001000 
epoch: 6 iter: 27 train_iter_loss: 0.059290 learn_rate: 0.001000 
epoch: 6 iter: 28 train_iter_loss: 0.063894 learn_rate: 0.001000 
epoch: 6 iter: 29 train_iter_loss: 0.070234 learn_rate: 0.001000 
epoch: 6 iter: 30 train_iter_loss: 0.051277 learn_rate: 0.001000 
epoch: 6 iter: 31 train_iter_loss: 0.077748 learn_rate: 0.001000 
epoch: 6 iter: 32 train_iter_loss: 0.058981 learn_rate: 0.001000 
epoch: 6 iter: 33 train_iter_loss: 0.086504 learn_rate: 0.001000 
epoch: 6 iter: 34 train_iter_loss: 0.076794 learn_rate: 0.001000 
epoch: 6 iter: 35 train_iter_loss: 0.035845 learn_rate: 0.001000 
epoch: 6 iter: 36 train_iter_loss: 0.094814 learn_rate: 0.001000 
epoch: 6 iter: 37 train_iter_loss: 0.077562 learn_rate: 0.001000 
epoch: 6 iter: 38 train_iter_loss: 0.071326 learn_rate: 0.001000 
epoch: 6 iter: 39 train_iter_loss: 0.051353 learn_rate: 0.001000 
epoch: 6 iter: 40 train_iter_loss: 0.061356 learn_rate: 0.001000 
epoch: 6 iter: 41 train_iter_loss: 0.065004 learn_rate: 0.001000 
epoch: 6 iter: 42 train_iter_loss: 0.034212 learn_rate: 0.001000 
epoch: 6 iter: 43 train_iter_loss: 0.033425 learn_rate: 0.001000 
epoch: 6 iter: 44 train_iter_loss: 0.050116 learn_rate: 0.001000 
epoch: 6 iter: 45 train_iter_loss: 0.058520 learn_rate: 0.001000 
epoch: 6 iter: 46 train_iter_loss: 0.064828 learn_rate: 0.001000 
epoch: 6 iter: 47 train_iter_loss: 0.058113 learn_rate: 0.001000 
epoch: 6 iter: 48 train_iter_loss: 0.035965 learn_rate: 0.001000 
epoch: 6 iter: 49 train_iter_loss: 0.041988 learn_rate: 0.001000 
epoch: 6 iter: 50 train_iter_loss: 0.046769 learn_rate: 0.001000 
epoch: 6 iter: 51 train_iter_loss: 0.042936 learn_rate: 0.001000 
epoch: 6 iter: 52 train_iter_loss: 0.068823 learn_rate: 0.001000 
epoch: 6 iter: 53 train_iter_loss: 0.066615 learn_rate: 0.001000 
epoch: 6 iter: 54 train_iter_loss: 0.049172 learn_rate: 0.001000 
epoch: 6 iter: 55 train_iter_loss: 0.041277 learn_rate: 0.001000 
epoch: 6 iter: 56 train_iter_loss: 0.047115 learn_rate: 0.001000 
epoch: 6 iter: 57 train_iter_loss: 0.050439 learn_rate: 0.001000 
epoch: 6 iter: 58 train_iter_loss: 0.071249 learn_rate: 0.001000 
epoch: 6 iter: 59 train_iter_loss: 0.036050 learn_rate: 0.001000 
epoch: 6 iter: 60 train_iter_loss: 0.062290 learn_rate: 0.001000 
epoch: 6 iter: 61 train_iter_loss: 0.051112 learn_rate: 0.001000 
epoch: 6 iter: 62 train_iter_loss: 0.038979 learn_rate: 0.001000 
epoch: 6 iter: 63 train_iter_loss: 0.070549 learn_rate: 0.001000 
epoch: 6 iter: 64 train_iter_loss: 0.054576 learn_rate: 0.001000 
epoch: 6 iter: 65 train_iter_loss: 0.096887 learn_rate: 0.001000 
epoch: 6 iter: 66 train_iter_loss: 0.035578 learn_rate: 0.001000 
epoch: 6 iter: 67 train_iter_loss: 0.063667 learn_rate: 0.001000 
epoch: 6 iter: 68 train_iter_loss: 0.030366 learn_rate: 0.001000 
epoch: 6 iter: 69 train_iter_loss: 0.062555 learn_rate: 0.001000 
epoch: 6 iter: 70 train_iter_loss: 0.036188 learn_rate: 0.001000 
epoch: 6 iter: 71 train_iter_loss: 0.052065 learn_rate: 0.001000 
epoch: 6 iter: 72 train_iter_loss: 0.060391 learn_rate: 0.001000 
epoch: 6 train_epoch_loss: 0.058509 learn_rate: 0.001000 test_p: 0.525426 test_r: 0.563712 test_f: 0.536822
epoch: 7 iter: 1 train_iter_loss: 0.061340 learn_rate: 0.001000 
epoch: 7 iter: 2 train_iter_loss: 0.047215 learn_rate: 0.001000 
epoch: 7 iter: 3 train_iter_loss: 0.049123 learn_rate: 0.001000 
epoch: 7 iter: 4 train_iter_loss: 0.054976 learn_rate: 0.001000 
epoch: 7 iter: 5 train_iter_loss: 0.042419 learn_rate: 0.001000 
epoch: 7 iter: 6 train_iter_loss: 0.023356 learn_rate: 0.001000 
epoch: 7 iter: 7 train_iter_loss: 0.052404 learn_rate: 0.001000 
epoch: 7 iter: 8 train_iter_loss: 0.068884 learn_rate: 0.001000 
epoch: 7 iter: 9 train_iter_loss: 0.028222 learn_rate: 0.001000 
epoch: 7 iter: 10 train_iter_loss: 0.060503 learn_rate: 0.001000 
epoch: 7 iter: 11 train_iter_loss: 0.054893 learn_rate: 0.001000 
epoch: 7 iter: 12 train_iter_loss: 0.042367 learn_rate: 0.001000 
epoch: 7 iter: 13 train_iter_loss: 0.052784 learn_rate: 0.001000 
epoch: 7 iter: 14 train_iter_loss: 0.050581 learn_rate: 0.001000 
epoch: 7 iter: 15 train_iter_loss: 0.058974 learn_rate: 0.001000 
epoch: 7 iter: 16 train_iter_loss: 0.050267 learn_rate: 0.001000 
epoch: 7 iter: 17 train_iter_loss: 0.048728 learn_rate: 0.001000 
epoch: 7 iter: 18 train_iter_loss: 0.071271 learn_rate: 0.001000 
epoch: 7 iter: 19 train_iter_loss: 0.036104 learn_rate: 0.001000 
epoch: 7 iter: 20 train_iter_loss: 0.048676 learn_rate: 0.001000 
epoch: 7 iter: 21 train_iter_loss: 0.054939 learn_rate: 0.001000 
epoch: 7 iter: 22 train_iter_loss: 0.037937 learn_rate: 0.001000 
epoch: 7 iter: 23 train_iter_loss: 0.037602 learn_rate: 0.001000 
epoch: 7 iter: 24 train_iter_loss: 0.055446 learn_rate: 0.001000 
epoch: 7 iter: 25 train_iter_loss: 0.055006 learn_rate: 0.001000 
epoch: 7 iter: 26 train_iter_loss: 0.057428 learn_rate: 0.001000 
epoch: 7 iter: 27 train_iter_loss: 0.061208 learn_rate: 0.001000 
epoch: 7 iter: 28 train_iter_loss: 0.034712 learn_rate: 0.001000 
epoch: 7 iter: 29 train_iter_loss: 0.043764 learn_rate: 0.001000 
epoch: 7 iter: 30 train_iter_loss: 0.055024 learn_rate: 0.001000 
epoch: 7 iter: 31 train_iter_loss: 0.028742 learn_rate: 0.001000 
epoch: 7 iter: 32 train_iter_loss: 0.042247 learn_rate: 0.001000 
epoch: 7 iter: 33 train_iter_loss: 0.038757 learn_rate: 0.001000 
epoch: 7 iter: 34 train_iter_loss: 0.053305 learn_rate: 0.001000 
epoch: 7 iter: 35 train_iter_loss: 0.062289 learn_rate: 0.001000 
epoch: 7 iter: 36 train_iter_loss: 0.067531 learn_rate: 0.001000 
epoch: 7 iter: 37 train_iter_loss: 0.058742 learn_rate: 0.001000 
epoch: 7 iter: 38 train_iter_loss: 0.064069 learn_rate: 0.001000 
epoch: 7 iter: 39 train_iter_loss: 0.041087 learn_rate: 0.001000 
epoch: 7 iter: 40 train_iter_loss: 0.041979 learn_rate: 0.001000 
epoch: 7 iter: 41 train_iter_loss: 0.040669 learn_rate: 0.001000 
epoch: 7 iter: 42 train_iter_loss: 0.054237 learn_rate: 0.001000 
epoch: 7 iter: 43 train_iter_loss: 0.055513 learn_rate: 0.001000 
epoch: 7 iter: 44 train_iter_loss: 0.057325 learn_rate: 0.001000 
epoch: 7 iter: 45 train_iter_loss: 0.046468 learn_rate: 0.001000 
epoch: 7 iter: 46 train_iter_loss: 0.051527 learn_rate: 0.001000 
epoch: 7 iter: 47 train_iter_loss: 0.052740 learn_rate: 0.001000 
epoch: 7 iter: 48 train_iter_loss: 0.037697 learn_rate: 0.001000 
epoch: 7 iter: 49 train_iter_loss: 0.060315 learn_rate: 0.001000 
epoch: 7 iter: 50 train_iter_loss: 0.051945 learn_rate: 0.001000 
epoch: 7 iter: 51 train_iter_loss: 0.036506 learn_rate: 0.001000 
epoch: 7 iter: 52 train_iter_loss: 0.043764 learn_rate: 0.001000 
epoch: 7 iter: 53 train_iter_loss: 0.049255 learn_rate: 0.001000 
epoch: 7 iter: 54 train_iter_loss: 0.058796 learn_rate: 0.001000 
epoch: 7 iter: 55 train_iter_loss: 0.034705 learn_rate: 0.001000 
epoch: 7 iter: 56 train_iter_loss: 0.033588 learn_rate: 0.001000 
epoch: 7 iter: 57 train_iter_loss: 0.040288 learn_rate: 0.001000 
epoch: 7 iter: 58 train_iter_loss: 0.038399 learn_rate: 0.001000 
epoch: 7 iter: 59 train_iter_loss: 0.046128 learn_rate: 0.001000 
epoch: 7 iter: 60 train_iter_loss: 0.038915 learn_rate: 0.001000 
epoch: 7 iter: 61 train_iter_loss: 0.039583 learn_rate: 0.001000 
epoch: 7 iter: 62 train_iter_loss: 0.044223 learn_rate: 0.001000 
epoch: 7 iter: 63 train_iter_loss: 0.039974 learn_rate: 0.001000 
epoch: 7 iter: 64 train_iter_loss: 0.054148 learn_rate: 0.001000 
epoch: 7 iter: 65 train_iter_loss: 0.048481 learn_rate: 0.001000 
epoch: 7 iter: 66 train_iter_loss: 0.039086 learn_rate: 0.001000 
epoch: 7 iter: 67 train_iter_loss: 0.047201 learn_rate: 0.001000 
epoch: 7 iter: 68 train_iter_loss: 0.035416 learn_rate: 0.001000 
epoch: 7 iter: 69 train_iter_loss: 0.030317 learn_rate: 0.001000 
epoch: 7 iter: 70 train_iter_loss: 0.051071 learn_rate: 0.001000 
epoch: 7 iter: 71 train_iter_loss: 0.058566 learn_rate: 0.001000 
epoch: 7 iter: 72 train_iter_loss: 0.051735 learn_rate: 0.001000 
epoch: 7 train_epoch_loss: 0.048104 learn_rate: 0.001000 test_p: 0.533897 test_r: 0.594678 test_f: 0.556999
epoch: 8 iter: 1 train_iter_loss: 0.038269 learn_rate: 0.001000 
epoch: 8 iter: 2 train_iter_loss: 0.043031 learn_rate: 0.001000 
epoch: 8 iter: 3 train_iter_loss: 0.026161 learn_rate: 0.001000 
epoch: 8 iter: 4 train_iter_loss: 0.054768 learn_rate: 0.001000 
epoch: 8 iter: 5 train_iter_loss: 0.048012 learn_rate: 0.001000 
epoch: 8 iter: 6 train_iter_loss: 0.048354 learn_rate: 0.001000 
epoch: 8 iter: 7 train_iter_loss: 0.071487 learn_rate: 0.001000 
epoch: 8 iter: 8 train_iter_loss: 0.094474 learn_rate: 0.001000 
epoch: 8 iter: 9 train_iter_loss: 0.044662 learn_rate: 0.001000 
epoch: 8 iter: 10 train_iter_loss: 0.028555 learn_rate: 0.001000 
epoch: 8 iter: 11 train_iter_loss: 0.089601 learn_rate: 0.001000 
epoch: 8 iter: 12 train_iter_loss: 0.084920 learn_rate: 0.001000 
epoch: 8 iter: 13 train_iter_loss: 0.049771 learn_rate: 0.001000 
epoch: 8 iter: 14 train_iter_loss: 0.064975 learn_rate: 0.001000 
epoch: 8 iter: 15 train_iter_loss: 0.083668 learn_rate: 0.001000 
epoch: 8 iter: 16 train_iter_loss: 0.058546 learn_rate: 0.001000 
epoch: 8 iter: 17 train_iter_loss: 0.044894 learn_rate: 0.001000 
epoch: 8 iter: 18 train_iter_loss: 0.064810 learn_rate: 0.001000 
epoch: 8 iter: 19 train_iter_loss: 0.043611 learn_rate: 0.001000 
epoch: 8 iter: 20 train_iter_loss: 0.063683 learn_rate: 0.001000 
epoch: 8 iter: 21 train_iter_loss: 0.103285 learn_rate: 0.001000 
epoch: 8 iter: 22 train_iter_loss: 0.099994 learn_rate: 0.001000 
epoch: 8 iter: 23 train_iter_loss: 0.047648 learn_rate: 0.001000 
epoch: 8 iter: 24 train_iter_loss: 0.041037 learn_rate: 0.001000 
epoch: 8 iter: 25 train_iter_loss: 0.068415 learn_rate: 0.001000 
epoch: 8 iter: 26 train_iter_loss: 0.067330 learn_rate: 0.001000 
epoch: 8 iter: 27 train_iter_loss: 0.045034 learn_rate: 0.001000 
epoch: 8 iter: 28 train_iter_loss: 0.064133 learn_rate: 0.001000 
epoch: 8 iter: 29 train_iter_loss: 0.028179 learn_rate: 0.001000 
epoch: 8 iter: 30 train_iter_loss: 0.059622 learn_rate: 0.001000 
epoch: 8 iter: 31 train_iter_loss: 0.048481 learn_rate: 0.001000 
epoch: 8 iter: 32 train_iter_loss: 0.051499 learn_rate: 0.001000 
epoch: 8 iter: 33 train_iter_loss: 0.052583 learn_rate: 0.001000 
epoch: 8 iter: 34 train_iter_loss: 0.044814 learn_rate: 0.001000 
epoch: 8 iter: 35 train_iter_loss: 0.073925 learn_rate: 0.001000 
epoch: 8 iter: 36 train_iter_loss: 0.047671 learn_rate: 0.001000 
epoch: 8 iter: 37 train_iter_loss: 0.055503 learn_rate: 0.001000 
epoch: 8 iter: 38 train_iter_loss: 0.053016 learn_rate: 0.001000 
epoch: 8 iter: 39 train_iter_loss: 0.061097 learn_rate: 0.001000 
epoch: 8 iter: 40 train_iter_loss: 0.037988 learn_rate: 0.001000 
epoch: 8 iter: 41 train_iter_loss: 0.065390 learn_rate: 0.001000 
epoch: 8 iter: 42 train_iter_loss: 0.053004 learn_rate: 0.001000 
epoch: 8 iter: 43 train_iter_loss: 0.039560 learn_rate: 0.001000 
epoch: 8 iter: 44 train_iter_loss: 0.047193 learn_rate: 0.001000 
epoch: 8 iter: 45 train_iter_loss: 0.053785 learn_rate: 0.001000 
epoch: 8 iter: 46 train_iter_loss: 0.038464 learn_rate: 0.001000 
epoch: 8 iter: 47 train_iter_loss: 0.062675 learn_rate: 0.001000 
epoch: 8 iter: 48 train_iter_loss: 0.031185 learn_rate: 0.001000 
epoch: 8 iter: 49 train_iter_loss: 0.051814 learn_rate: 0.001000 
epoch: 8 iter: 50 train_iter_loss: 0.058322 learn_rate: 0.001000 
epoch: 8 iter: 51 train_iter_loss: 0.036475 learn_rate: 0.001000 
epoch: 8 iter: 52 train_iter_loss: 0.032672 learn_rate: 0.001000 
epoch: 8 iter: 53 train_iter_loss: 0.038670 learn_rate: 0.001000 
epoch: 8 iter: 54 train_iter_loss: 0.052261 learn_rate: 0.001000 
epoch: 8 iter: 55 train_iter_loss: 0.044095 learn_rate: 0.001000 
epoch: 8 iter: 56 train_iter_loss: 0.068129 learn_rate: 0.001000 
epoch: 8 iter: 57 train_iter_loss: 0.042742 learn_rate: 0.001000 
epoch: 8 iter: 58 train_iter_loss: 0.053074 learn_rate: 0.001000 
epoch: 8 iter: 59 train_iter_loss: 0.053332 learn_rate: 0.001000 
epoch: 8 iter: 60 train_iter_loss: 0.050598 learn_rate: 0.001000 
epoch: 8 iter: 61 train_iter_loss: 0.046427 learn_rate: 0.001000 
epoch: 8 iter: 62 train_iter_loss: 0.035129 learn_rate: 0.001000 
epoch: 8 iter: 63 train_iter_loss: 0.037027 learn_rate: 0.001000 
epoch: 8 iter: 64 train_iter_loss: 0.052460 learn_rate: 0.001000 
epoch: 8 iter: 65 train_iter_loss: 0.061388 learn_rate: 0.001000 
epoch: 8 iter: 66 train_iter_loss: 0.025141 learn_rate: 0.001000 
epoch: 8 iter: 67 train_iter_loss: 0.047108 learn_rate: 0.001000 
epoch: 8 iter: 68 train_iter_loss: 0.042452 learn_rate: 0.001000 
epoch: 8 iter: 69 train_iter_loss: 0.032675 learn_rate: 0.001000 
epoch: 8 iter: 70 train_iter_loss: 0.057312 learn_rate: 0.001000 
epoch: 8 iter: 71 train_iter_loss: 0.036913 learn_rate: 0.001000 
epoch: 8 iter: 72 train_iter_loss: 0.039785 learn_rate: 0.001000 
epoch: 8 train_epoch_loss: 0.052566 learn_rate: 0.001000 test_p: 0.543588 test_r: 0.603718 test_f: 0.568018
epoch: 9 iter: 1 train_iter_loss: 0.041469 learn_rate: 0.001000 
epoch: 9 iter: 2 train_iter_loss: 0.047210 learn_rate: 0.001000 
epoch: 9 iter: 3 train_iter_loss: 0.031356 learn_rate: 0.001000 
epoch: 9 iter: 4 train_iter_loss: 0.038729 learn_rate: 0.001000 
epoch: 9 iter: 5 train_iter_loss: 0.049628 learn_rate: 0.001000 
epoch: 9 iter: 6 train_iter_loss: 0.033942 learn_rate: 0.001000 
epoch: 9 iter: 7 train_iter_loss: 0.039151 learn_rate: 0.001000 
epoch: 9 iter: 8 train_iter_loss: 0.044651 learn_rate: 0.001000 
epoch: 9 iter: 9 train_iter_loss: 0.045213 learn_rate: 0.001000 
epoch: 9 iter: 10 train_iter_loss: 0.039643 learn_rate: 0.001000 
epoch: 9 iter: 11 train_iter_loss: 0.041927 learn_rate: 0.001000 
epoch: 9 iter: 12 train_iter_loss: 0.034875 learn_rate: 0.001000 
epoch: 9 iter: 13 train_iter_loss: 0.046807 learn_rate: 0.001000 
epoch: 9 iter: 14 train_iter_loss: 0.041231 learn_rate: 0.001000 
epoch: 9 iter: 15 train_iter_loss: 0.047017 learn_rate: 0.001000 
epoch: 9 iter: 16 train_iter_loss: 0.022609 learn_rate: 0.001000 
epoch: 9 iter: 17 train_iter_loss: 0.034655 learn_rate: 0.001000 
epoch: 9 iter: 18 train_iter_loss: 0.023557 learn_rate: 0.001000 
epoch: 9 iter: 19 train_iter_loss: 0.043731 learn_rate: 0.001000 
epoch: 9 iter: 20 train_iter_loss: 0.052598 learn_rate: 0.001000 
epoch: 9 iter: 21 train_iter_loss: 0.036470 learn_rate: 0.001000 
epoch: 9 iter: 22 train_iter_loss: 0.038122 learn_rate: 0.001000 
epoch: 9 iter: 23 train_iter_loss: 0.045051 learn_rate: 0.001000 
epoch: 9 iter: 24 train_iter_loss: 0.045142 learn_rate: 0.001000 
epoch: 9 iter: 25 train_iter_loss: 0.059249 learn_rate: 0.001000 
epoch: 9 iter: 26 train_iter_loss: 0.048014 learn_rate: 0.001000 
epoch: 9 iter: 27 train_iter_loss: 0.048622 learn_rate: 0.001000 
epoch: 9 iter: 28 train_iter_loss: 0.051399 learn_rate: 0.001000 
epoch: 9 iter: 29 train_iter_loss: 0.065053 learn_rate: 0.001000 
epoch: 9 iter: 30 train_iter_loss: 0.054457 learn_rate: 0.001000 
epoch: 9 iter: 31 train_iter_loss: 0.037139 learn_rate: 0.001000 
epoch: 9 iter: 32 train_iter_loss: 0.038762 learn_rate: 0.001000 
epoch: 9 iter: 33 train_iter_loss: 0.049506 learn_rate: 0.001000 
epoch: 9 iter: 34 train_iter_loss: 0.061043 learn_rate: 0.001000 
epoch: 9 iter: 35 train_iter_loss: 0.033206 learn_rate: 0.001000 
epoch: 9 iter: 36 train_iter_loss: 0.029944 learn_rate: 0.001000 
epoch: 9 iter: 37 train_iter_loss: 0.057856 learn_rate: 0.001000 
epoch: 9 iter: 38 train_iter_loss: 0.044900 learn_rate: 0.001000 
epoch: 9 iter: 39 train_iter_loss: 0.027444 learn_rate: 0.001000 
epoch: 9 iter: 40 train_iter_loss: 0.055207 learn_rate: 0.001000 
epoch: 9 iter: 41 train_iter_loss: 0.037931 learn_rate: 0.001000 
epoch: 9 iter: 42 train_iter_loss: 0.045302 learn_rate: 0.001000 
epoch: 9 iter: 43 train_iter_loss: 0.044032 learn_rate: 0.001000 
epoch: 9 iter: 44 train_iter_loss: 0.038316 learn_rate: 0.001000 
epoch: 9 iter: 45 train_iter_loss: 0.025142 learn_rate: 0.001000 
epoch: 9 iter: 46 train_iter_loss: 0.046216 learn_rate: 0.001000 
epoch: 9 iter: 47 train_iter_loss: 0.029280 learn_rate: 0.001000 
epoch: 9 iter: 48 train_iter_loss: 0.041961 learn_rate: 0.001000 
epoch: 9 iter: 49 train_iter_loss: 0.052295 learn_rate: 0.001000 
epoch: 9 iter: 50 train_iter_loss: 0.032250 learn_rate: 0.001000 
epoch: 9 iter: 51 train_iter_loss: 0.041445 learn_rate: 0.001000 
epoch: 9 iter: 52 train_iter_loss: 0.040582 learn_rate: 0.001000 
epoch: 9 iter: 53 train_iter_loss: 0.033036 learn_rate: 0.001000 
epoch: 9 iter: 54 train_iter_loss: 0.029353 learn_rate: 0.001000 
epoch: 9 iter: 55 train_iter_loss: 0.057014 learn_rate: 0.001000 
epoch: 9 iter: 56 train_iter_loss: 0.050225 learn_rate: 0.001000 
epoch: 9 iter: 57 train_iter_loss: 0.047913 learn_rate: 0.001000 
epoch: 9 iter: 58 train_iter_loss: 0.037023 learn_rate: 0.001000 
epoch: 9 iter: 59 train_iter_loss: 0.052293 learn_rate: 0.001000 
epoch: 9 iter: 60 train_iter_loss: 0.056942 learn_rate: 0.001000 
epoch: 9 iter: 61 train_iter_loss: 0.048647 learn_rate: 0.001000 
epoch: 9 iter: 62 train_iter_loss: 0.038821 learn_rate: 0.001000 
epoch: 9 iter: 63 train_iter_loss: 0.038696 learn_rate: 0.001000 
epoch: 9 iter: 64 train_iter_loss: 0.038484 learn_rate: 0.001000 
epoch: 9 iter: 65 train_iter_loss: 0.046234 learn_rate: 0.001000 
epoch: 9 iter: 66 train_iter_loss: 0.027605 learn_rate: 0.001000 
epoch: 9 iter: 67 train_iter_loss: 0.038896 learn_rate: 0.001000 
epoch: 9 iter: 68 train_iter_loss: 0.052384 learn_rate: 0.001000 
epoch: 9 iter: 69 train_iter_loss: 0.043109 learn_rate: 0.001000 
epoch: 9 iter: 70 train_iter_loss: 0.023270 learn_rate: 0.001000 
epoch: 9 iter: 71 train_iter_loss: 0.013442 learn_rate: 0.001000 
epoch: 9 iter: 72 train_iter_loss: 0.038362 learn_rate: 0.001000 
epoch: 9 train_epoch_loss: 0.041848 learn_rate: 0.001000 test_p: 0.549933 test_r: 0.618257 test_f: 0.577395
epoch: 10 iter: 1 train_iter_loss: 0.045621 learn_rate: 0.001000 
epoch: 10 iter: 2 train_iter_loss: 0.044167 learn_rate: 0.001000 
epoch: 10 iter: 3 train_iter_loss: 0.043531 learn_rate: 0.001000 
epoch: 10 iter: 4 train_iter_loss: 0.045661 learn_rate: 0.001000 
epoch: 10 iter: 5 train_iter_loss: 0.044918 learn_rate: 0.001000 
epoch: 10 iter: 6 train_iter_loss: 0.018625 learn_rate: 0.001000 
epoch: 10 iter: 7 train_iter_loss: 0.034473 learn_rate: 0.001000 
epoch: 10 iter: 8 train_iter_loss: 0.018817 learn_rate: 0.001000 
epoch: 10 iter: 9 train_iter_loss: 0.044364 learn_rate: 0.001000 
epoch: 10 iter: 10 train_iter_loss: 0.049359 learn_rate: 0.001000 
epoch: 10 iter: 11 train_iter_loss: 0.060116 learn_rate: 0.001000 
epoch: 10 iter: 12 train_iter_loss: 0.042311 learn_rate: 0.001000 
epoch: 10 iter: 13 train_iter_loss: 0.020166 learn_rate: 0.001000 
epoch: 10 iter: 14 train_iter_loss: 0.056548 learn_rate: 0.001000 
epoch: 10 iter: 15 train_iter_loss: 0.038725 learn_rate: 0.001000 
epoch: 10 iter: 16 train_iter_loss: 0.037691 learn_rate: 0.001000 
epoch: 10 iter: 17 train_iter_loss: 0.030315 learn_rate: 0.001000 
epoch: 10 iter: 18 train_iter_loss: 0.046926 learn_rate: 0.001000 
epoch: 10 iter: 19 train_iter_loss: 0.035889 learn_rate: 0.001000 
epoch: 10 iter: 20 train_iter_loss: 0.045075 learn_rate: 0.001000 
epoch: 10 iter: 21 train_iter_loss: 0.048676 learn_rate: 0.001000 
epoch: 10 iter: 22 train_iter_loss: 0.030417 learn_rate: 0.001000 
epoch: 10 iter: 23 train_iter_loss: 0.043977 learn_rate: 0.001000 
epoch: 10 iter: 24 train_iter_loss: 0.034178 learn_rate: 0.001000 
epoch: 10 iter: 25 train_iter_loss: 0.038745 learn_rate: 0.001000 
epoch: 10 iter: 26 train_iter_loss: 0.056126 learn_rate: 0.001000 
epoch: 10 iter: 27 train_iter_loss: 0.038246 learn_rate: 0.001000 
epoch: 10 iter: 28 train_iter_loss: 0.040695 learn_rate: 0.001000 
epoch: 10 iter: 29 train_iter_loss: 0.031901 learn_rate: 0.001000 
epoch: 10 iter: 30 train_iter_loss: 0.044923 learn_rate: 0.001000 
epoch: 10 iter: 31 train_iter_loss: 0.037407 learn_rate: 0.001000 
epoch: 10 iter: 32 train_iter_loss: 0.046415 learn_rate: 0.001000 
epoch: 10 iter: 33 train_iter_loss: 0.039311 learn_rate: 0.001000 
epoch: 10 iter: 34 train_iter_loss: 0.038230 learn_rate: 0.001000 
epoch: 10 iter: 35 train_iter_loss: 0.055587 learn_rate: 0.001000 
epoch: 10 iter: 36 train_iter_loss: 0.043365 learn_rate: 0.001000 
epoch: 10 iter: 37 train_iter_loss: 0.041777 learn_rate: 0.001000 
epoch: 10 iter: 38 train_iter_loss: 0.032060 learn_rate: 0.001000 
epoch: 10 iter: 39 train_iter_loss: 0.044724 learn_rate: 0.001000 
epoch: 10 iter: 40 train_iter_loss: 0.029313 learn_rate: 0.001000 
epoch: 10 iter: 41 train_iter_loss: 0.037451 learn_rate: 0.001000 
epoch: 10 iter: 42 train_iter_loss: 0.031546 learn_rate: 0.001000 
epoch: 10 iter: 43 train_iter_loss: 0.041147 learn_rate: 0.001000 
epoch: 10 iter: 44 train_iter_loss: 0.039326 learn_rate: 0.001000 
epoch: 10 iter: 45 train_iter_loss: 0.029731 learn_rate: 0.001000 
epoch: 10 iter: 46 train_iter_loss: 0.055896 learn_rate: 0.001000 
epoch: 10 iter: 47 train_iter_loss: 0.051441 learn_rate: 0.001000 
epoch: 10 iter: 48 train_iter_loss: 0.046817 learn_rate: 0.001000 
epoch: 10 iter: 49 train_iter_loss: 0.047859 learn_rate: 0.001000 
epoch: 10 iter: 50 train_iter_loss: 0.035232 learn_rate: 0.001000 
epoch: 10 iter: 51 train_iter_loss: 0.039763 learn_rate: 0.001000 
epoch: 10 iter: 52 train_iter_loss: 0.023275 learn_rate: 0.001000 
epoch: 10 iter: 53 train_iter_loss: 0.042255 learn_rate: 0.001000 
epoch: 10 iter: 54 train_iter_loss: 0.028063 learn_rate: 0.001000 
epoch: 10 iter: 55 train_iter_loss: 0.049346 learn_rate: 0.001000 
epoch: 10 iter: 56 train_iter_loss: 0.038977 learn_rate: 0.001000 
epoch: 10 iter: 57 train_iter_loss: 0.042893 learn_rate: 0.001000 
epoch: 10 iter: 58 train_iter_loss: 0.047228 learn_rate: 0.001000 
epoch: 10 iter: 59 train_iter_loss: 0.045345 learn_rate: 0.001000 
epoch: 10 iter: 60 train_iter_loss: 0.051237 learn_rate: 0.001000 
epoch: 10 iter: 61 train_iter_loss: 0.020125 learn_rate: 0.001000 
epoch: 10 iter: 62 train_iter_loss: 0.045127 learn_rate: 0.001000 
epoch: 10 iter: 63 train_iter_loss: 0.023517 learn_rate: 0.001000 
epoch: 10 iter: 64 train_iter_loss: 0.050196 learn_rate: 0.001000 
epoch: 10 iter: 65 train_iter_loss: 0.047184 learn_rate: 0.001000 
epoch: 10 iter: 66 train_iter_loss: 0.053689 learn_rate: 0.001000 
epoch: 10 iter: 67 train_iter_loss: 0.029697 learn_rate: 0.001000 
epoch: 10 iter: 68 train_iter_loss: 0.043511 learn_rate: 0.001000 
epoch: 10 iter: 69 train_iter_loss: 0.042781 learn_rate: 0.001000 
epoch: 10 iter: 70 train_iter_loss: 0.040943 learn_rate: 0.001000 
epoch: 10 iter: 71 train_iter_loss: 0.033936 learn_rate: 0.001000 
epoch: 10 iter: 72 train_iter_loss: 0.053193 learn_rate: 0.001000 
epoch: 10 train_epoch_loss: 0.040668 learn_rate: 0.001000 test_p: 0.719369 test_r: 0.666859 test_f: 0.691117
epoch: 11 iter: 1 train_iter_loss: 0.042883 learn_rate: 0.001000 
epoch: 11 iter: 2 train_iter_loss: 0.034198 learn_rate: 0.001000 
epoch: 11 iter: 3 train_iter_loss: 0.047616 learn_rate: 0.001000 
epoch: 11 iter: 4 train_iter_loss: 0.052351 learn_rate: 0.001000 
epoch: 11 iter: 5 train_iter_loss: 0.048939 learn_rate: 0.001000 
epoch: 11 iter: 6 train_iter_loss: 0.048114 learn_rate: 0.001000 
epoch: 11 iter: 7 train_iter_loss: 0.034476 learn_rate: 0.001000 
epoch: 11 iter: 8 train_iter_loss: 0.055881 learn_rate: 0.001000 
epoch: 11 iter: 9 train_iter_loss: 0.056691 learn_rate: 0.001000 
epoch: 11 iter: 10 train_iter_loss: 0.036942 learn_rate: 0.001000 
epoch: 11 iter: 11 train_iter_loss: 0.029748 learn_rate: 0.001000 
epoch: 11 iter: 12 train_iter_loss: 0.043353 learn_rate: 0.001000 
epoch: 11 iter: 13 train_iter_loss: 0.060474 learn_rate: 0.001000 
epoch: 11 iter: 14 train_iter_loss: 0.040404 learn_rate: 0.001000 
epoch: 11 iter: 15 train_iter_loss: 0.013469 learn_rate: 0.001000 
epoch: 11 iter: 16 train_iter_loss: 0.048149 learn_rate: 0.001000 
epoch: 11 iter: 17 train_iter_loss: 0.064156 learn_rate: 0.001000 
epoch: 11 iter: 18 train_iter_loss: 0.058326 learn_rate: 0.001000 
epoch: 11 iter: 19 train_iter_loss: 0.053004 learn_rate: 0.001000 
epoch: 11 iter: 20 train_iter_loss: 0.032580 learn_rate: 0.001000 
epoch: 11 iter: 21 train_iter_loss: 0.026111 learn_rate: 0.001000 
epoch: 11 iter: 22 train_iter_loss: 0.113481 learn_rate: 0.001000 
epoch: 11 iter: 23 train_iter_loss: 0.044052 learn_rate: 0.001000 
epoch: 11 iter: 24 train_iter_loss: 0.115599 learn_rate: 0.001000 
epoch: 11 iter: 25 train_iter_loss: 0.039954 learn_rate: 0.001000 
epoch: 11 iter: 26 train_iter_loss: 0.061509 learn_rate: 0.001000 
epoch: 11 iter: 27 train_iter_loss: 0.041049 learn_rate: 0.001000 
epoch: 11 iter: 28 train_iter_loss: 0.054936 learn_rate: 0.001000 
epoch: 11 iter: 29 train_iter_loss: 0.049685 learn_rate: 0.001000 
epoch: 11 iter: 30 train_iter_loss: 0.058729 learn_rate: 0.001000 
epoch: 11 iter: 31 train_iter_loss: 0.067999 learn_rate: 0.001000 
epoch: 11 iter: 32 train_iter_loss: 0.032139 learn_rate: 0.001000 
epoch: 11 iter: 33 train_iter_loss: 0.042892 learn_rate: 0.001000 
epoch: 11 iter: 34 train_iter_loss: 0.055748 learn_rate: 0.001000 
epoch: 11 iter: 35 train_iter_loss: 0.039071 learn_rate: 0.001000 
epoch: 11 iter: 36 train_iter_loss: 0.029903 learn_rate: 0.001000 
epoch: 11 iter: 37 train_iter_loss: 0.031040 learn_rate: 0.001000 
epoch: 11 iter: 38 train_iter_loss: 0.062039 learn_rate: 0.001000 
epoch: 11 iter: 39 train_iter_loss: 0.044718 learn_rate: 0.001000 
epoch: 11 iter: 40 train_iter_loss: 0.044888 learn_rate: 0.001000 
epoch: 11 iter: 41 train_iter_loss: 0.047012 learn_rate: 0.001000 
epoch: 11 iter: 42 train_iter_loss: 0.040950 learn_rate: 0.001000 
epoch: 11 iter: 43 train_iter_loss: 0.049801 learn_rate: 0.001000 
epoch: 11 iter: 44 train_iter_loss: 0.056000 learn_rate: 0.001000 
epoch: 11 iter: 45 train_iter_loss: 0.035822 learn_rate: 0.001000 
epoch: 11 iter: 46 train_iter_loss: 0.074050 learn_rate: 0.001000 
epoch: 11 iter: 47 train_iter_loss: 0.031904 learn_rate: 0.001000 
epoch: 11 iter: 48 train_iter_loss: 0.046654 learn_rate: 0.001000 
epoch: 11 iter: 49 train_iter_loss: 0.058298 learn_rate: 0.001000 
epoch: 11 iter: 50 train_iter_loss: 0.050253 learn_rate: 0.001000 
epoch: 11 iter: 51 train_iter_loss: 0.033797 learn_rate: 0.001000 
epoch: 11 iter: 52 train_iter_loss: 0.039187 learn_rate: 0.001000 
epoch: 11 iter: 53 train_iter_loss: 0.040149 learn_rate: 0.001000 
epoch: 11 iter: 54 train_iter_loss: 0.049585 learn_rate: 0.001000 
epoch: 11 iter: 55 train_iter_loss: 0.041086 learn_rate: 0.001000 
epoch: 11 iter: 56 train_iter_loss: 0.059181 learn_rate: 0.001000 
epoch: 11 iter: 57 train_iter_loss: 0.048945 learn_rate: 0.001000 
epoch: 11 iter: 58 train_iter_loss: 0.052835 learn_rate: 0.001000 
epoch: 11 iter: 59 train_iter_loss: 0.028000 learn_rate: 0.001000 
epoch: 11 iter: 60 train_iter_loss: 0.036593 learn_rate: 0.001000 
epoch: 11 iter: 61 train_iter_loss: 0.040680 learn_rate: 0.001000 
epoch: 11 iter: 62 train_iter_loss: 0.041956 learn_rate: 0.001000 
epoch: 11 iter: 63 train_iter_loss: 0.053364 learn_rate: 0.001000 
epoch: 11 iter: 64 train_iter_loss: 0.034974 learn_rate: 0.001000 
epoch: 11 iter: 65 train_iter_loss: 0.029018 learn_rate: 0.001000 
epoch: 11 iter: 66 train_iter_loss: 0.044873 learn_rate: 0.001000 
epoch: 11 iter: 67 train_iter_loss: 0.030685 learn_rate: 0.001000 
epoch: 11 iter: 68 train_iter_loss: 0.046871 learn_rate: 0.001000 
epoch: 11 iter: 69 train_iter_loss: 0.041063 learn_rate: 0.001000 
epoch: 11 iter: 70 train_iter_loss: 0.024592 learn_rate: 0.001000 
epoch: 11 iter: 71 train_iter_loss: 0.023981 learn_rate: 0.001000 
epoch: 11 iter: 72 train_iter_loss: 0.044944 learn_rate: 0.001000 
epoch: 11 train_epoch_loss: 0.046311 learn_rate: 0.001000 test_p: 0.629055 test_r: 0.630789 test_f: 0.623689
epoch: 12 iter: 1 train_iter_loss: 0.058093 learn_rate: 0.001000 
epoch: 12 iter: 2 train_iter_loss: 0.010685 learn_rate: 0.001000 
epoch: 12 iter: 3 train_iter_loss: 0.033763 learn_rate: 0.001000 
epoch: 12 iter: 4 train_iter_loss: 0.046506 learn_rate: 0.001000 
epoch: 12 iter: 5 train_iter_loss: 0.026620 learn_rate: 0.001000 
epoch: 12 iter: 6 train_iter_loss: 0.046587 learn_rate: 0.001000 
epoch: 12 iter: 7 train_iter_loss: 0.051721 learn_rate: 0.001000 
epoch: 12 iter: 8 train_iter_loss: 0.052114 learn_rate: 0.001000 
epoch: 12 iter: 9 train_iter_loss: 0.033261 learn_rate: 0.001000 
epoch: 12 iter: 10 train_iter_loss: 0.036749 learn_rate: 0.001000 
epoch: 12 iter: 11 train_iter_loss: 0.033040 learn_rate: 0.001000 
epoch: 12 iter: 12 train_iter_loss: 0.031569 learn_rate: 0.001000 
epoch: 12 iter: 13 train_iter_loss: 0.034435 learn_rate: 0.001000 
epoch: 12 iter: 14 train_iter_loss: 0.034224 learn_rate: 0.001000 
epoch: 12 iter: 15 train_iter_loss: 0.032913 learn_rate: 0.001000 
epoch: 12 iter: 16 train_iter_loss: 0.048251 learn_rate: 0.001000 
epoch: 12 iter: 17 train_iter_loss: 0.034084 learn_rate: 0.001000 
epoch: 12 iter: 18 train_iter_loss: 0.033950 learn_rate: 0.001000 
epoch: 12 iter: 19 train_iter_loss: 0.037628 learn_rate: 0.001000 
epoch: 12 iter: 20 train_iter_loss: 0.043106 learn_rate: 0.001000 
epoch: 12 iter: 21 train_iter_loss: 0.036466 learn_rate: 0.001000 
epoch: 12 iter: 22 train_iter_loss: 0.030983 learn_rate: 0.001000 
epoch: 12 iter: 23 train_iter_loss: 0.022899 learn_rate: 0.001000 
epoch: 12 iter: 24 train_iter_loss: 0.040317 learn_rate: 0.001000 
epoch: 12 iter: 25 train_iter_loss: 0.043190 learn_rate: 0.001000 
epoch: 12 iter: 26 train_iter_loss: 0.023921 learn_rate: 0.001000 
epoch: 12 iter: 27 train_iter_loss: 0.038680 learn_rate: 0.001000 
epoch: 12 iter: 28 train_iter_loss: 0.029510 learn_rate: 0.001000 
epoch: 12 iter: 29 train_iter_loss: 0.049159 learn_rate: 0.001000 
epoch: 12 iter: 30 train_iter_loss: 0.037609 learn_rate: 0.001000 
epoch: 12 iter: 31 train_iter_loss: 0.045434 learn_rate: 0.001000 
epoch: 12 iter: 32 train_iter_loss: 0.031176 learn_rate: 0.001000 
epoch: 12 iter: 33 train_iter_loss: 0.049519 learn_rate: 0.001000 
epoch: 12 iter: 34 train_iter_loss: 0.036592 learn_rate: 0.001000 
epoch: 12 iter: 35 train_iter_loss: 0.046269 learn_rate: 0.001000 
epoch: 12 iter: 36 train_iter_loss: 0.038452 learn_rate: 0.001000 
epoch: 12 iter: 37 train_iter_loss: 0.043088 learn_rate: 0.001000 
epoch: 12 iter: 38 train_iter_loss: 0.049800 learn_rate: 0.001000 
epoch: 12 iter: 39 train_iter_loss: 0.055697 learn_rate: 0.001000 
epoch: 12 iter: 40 train_iter_loss: 0.028752 learn_rate: 0.001000 
epoch: 12 iter: 41 train_iter_loss: 0.047960 learn_rate: 0.001000 
epoch: 12 iter: 42 train_iter_loss: 0.043330 learn_rate: 0.001000 
epoch: 12 iter: 43 train_iter_loss: 0.026883 learn_rate: 0.001000 
epoch: 12 iter: 44 train_iter_loss: 0.046346 learn_rate: 0.001000 
epoch: 12 iter: 45 train_iter_loss: 0.046668 learn_rate: 0.001000 
epoch: 12 iter: 46 train_iter_loss: 0.044546 learn_rate: 0.001000 
epoch: 12 iter: 47 train_iter_loss: 0.047486 learn_rate: 0.001000 
epoch: 12 iter: 48 train_iter_loss: 0.046408 learn_rate: 0.001000 
epoch: 12 iter: 49 train_iter_loss: 0.049168 learn_rate: 0.001000 
epoch: 12 iter: 50 train_iter_loss: 0.013613 learn_rate: 0.001000 
epoch: 12 iter: 51 train_iter_loss: 0.051858 learn_rate: 0.001000 
epoch: 12 iter: 52 train_iter_loss: 0.027415 learn_rate: 0.001000 
epoch: 12 iter: 53 train_iter_loss: 0.034300 learn_rate: 0.001000 
epoch: 12 iter: 54 train_iter_loss: 0.035707 learn_rate: 0.001000 
epoch: 12 iter: 55 train_iter_loss: 0.045222 learn_rate: 0.001000 
epoch: 12 iter: 56 train_iter_loss: 0.034596 learn_rate: 0.001000 
epoch: 12 iter: 57 train_iter_loss: 0.029372 learn_rate: 0.001000 
epoch: 12 iter: 58 train_iter_loss: 0.040129 learn_rate: 0.001000 
epoch: 12 iter: 59 train_iter_loss: 0.023911 learn_rate: 0.001000 
epoch: 12 iter: 60 train_iter_loss: 0.050888 learn_rate: 0.001000 
epoch: 12 iter: 61 train_iter_loss: 0.038771 learn_rate: 0.001000 
epoch: 12 iter: 62 train_iter_loss: 0.026974 learn_rate: 0.001000 
epoch: 12 iter: 63 train_iter_loss: 0.035611 learn_rate: 0.001000 
epoch: 12 iter: 64 train_iter_loss: 0.035776 learn_rate: 0.001000 
epoch: 12 iter: 65 train_iter_loss: 0.037376 learn_rate: 0.001000 
epoch: 12 iter: 66 train_iter_loss: 0.043295 learn_rate: 0.001000 
epoch: 12 iter: 67 train_iter_loss: 0.052137 learn_rate: 0.001000 
epoch: 12 iter: 68 train_iter_loss: 0.045435 learn_rate: 0.001000 
epoch: 12 iter: 69 train_iter_loss: 0.039761 learn_rate: 0.001000 
epoch: 12 iter: 70 train_iter_loss: 0.034709 learn_rate: 0.001000 
epoch: 12 iter: 71 train_iter_loss: 0.040188 learn_rate: 0.001000 
epoch: 12 iter: 72 train_iter_loss: 0.036340 learn_rate: 0.001000 
epoch: 12 train_epoch_loss: 0.038736 learn_rate: 0.001000 test_p: 0.637472 test_r: 0.620979 test_f: 0.622649
epoch: 13 iter: 1 train_iter_loss: 0.022952 learn_rate: 0.001000 
epoch: 13 iter: 2 train_iter_loss: 0.028591 learn_rate: 0.001000 
epoch: 13 iter: 3 train_iter_loss: 0.039407 learn_rate: 0.001000 
epoch: 13 iter: 4 train_iter_loss: 0.033426 learn_rate: 0.001000 
epoch: 13 iter: 5 train_iter_loss: 0.039796 learn_rate: 0.001000 
epoch: 13 iter: 6 train_iter_loss: 0.032110 learn_rate: 0.001000 
epoch: 13 iter: 7 train_iter_loss: 0.034061 learn_rate: 0.001000 
epoch: 13 iter: 8 train_iter_loss: 0.048248 learn_rate: 0.001000 
epoch: 13 iter: 9 train_iter_loss: 0.051614 learn_rate: 0.001000 
epoch: 13 iter: 10 train_iter_loss: 0.049610 learn_rate: 0.001000 
epoch: 13 iter: 11 train_iter_loss: 0.027580 learn_rate: 0.001000 
epoch: 13 iter: 12 train_iter_loss: 0.052148 learn_rate: 0.001000 
epoch: 13 iter: 13 train_iter_loss: 0.029830 learn_rate: 0.001000 
epoch: 13 iter: 14 train_iter_loss: 0.041655 learn_rate: 0.001000 
epoch: 13 iter: 15 train_iter_loss: 0.047538 learn_rate: 0.001000 
epoch: 13 iter: 16 train_iter_loss: 0.039312 learn_rate: 0.001000 
epoch: 13 iter: 17 train_iter_loss: 0.038608 learn_rate: 0.001000 
epoch: 13 iter: 18 train_iter_loss: 0.028063 learn_rate: 0.001000 
epoch: 13 iter: 19 train_iter_loss: 0.028304 learn_rate: 0.001000 
epoch: 13 iter: 20 train_iter_loss: 0.032119 learn_rate: 0.001000 
epoch: 13 iter: 21 train_iter_loss: 0.046280 learn_rate: 0.001000 
epoch: 13 iter: 22 train_iter_loss: 0.027151 learn_rate: 0.001000 
epoch: 13 iter: 23 train_iter_loss: 0.030198 learn_rate: 0.001000 
epoch: 13 iter: 24 train_iter_loss: 0.047601 learn_rate: 0.001000 
epoch: 13 iter: 25 train_iter_loss: 0.036906 learn_rate: 0.001000 
epoch: 13 iter: 26 train_iter_loss: 0.012174 learn_rate: 0.001000 
epoch: 13 iter: 27 train_iter_loss: 0.036656 learn_rate: 0.001000 
epoch: 13 iter: 28 train_iter_loss: 0.034334 learn_rate: 0.001000 
epoch: 13 iter: 29 train_iter_loss: 0.039517 learn_rate: 0.001000 
epoch: 13 iter: 30 train_iter_loss: 0.041803 learn_rate: 0.001000 
epoch: 13 iter: 31 train_iter_loss: 0.016972 learn_rate: 0.001000 
epoch: 13 iter: 32 train_iter_loss: 0.042729 learn_rate: 0.001000 
epoch: 13 iter: 33 train_iter_loss: 0.038078 learn_rate: 0.001000 
epoch: 13 iter: 34 train_iter_loss: 0.031192 learn_rate: 0.001000 
epoch: 13 iter: 35 train_iter_loss: 0.046479 learn_rate: 0.001000 
epoch: 13 iter: 36 train_iter_loss: 0.027925 learn_rate: 0.001000 
epoch: 13 iter: 37 train_iter_loss: 0.033917 learn_rate: 0.001000 
epoch: 13 iter: 38 train_iter_loss: 0.028150 learn_rate: 0.001000 
epoch: 13 iter: 39 train_iter_loss: 0.045869 learn_rate: 0.001000 
epoch: 13 iter: 40 train_iter_loss: 0.040502 learn_rate: 0.001000 
epoch: 13 iter: 41 train_iter_loss: 0.031389 learn_rate: 0.001000 
epoch: 13 iter: 42 train_iter_loss: 0.034419 learn_rate: 0.001000 
epoch: 13 iter: 43 train_iter_loss: 0.033038 learn_rate: 0.001000 
epoch: 13 iter: 44 train_iter_loss: 0.036838 learn_rate: 0.001000 
epoch: 13 iter: 45 train_iter_loss: 0.044668 learn_rate: 0.001000 
epoch: 13 iter: 46 train_iter_loss: 0.038634 learn_rate: 0.001000 
epoch: 13 iter: 47 train_iter_loss: 0.052915 learn_rate: 0.001000 
epoch: 13 iter: 48 train_iter_loss: 0.042536 learn_rate: 0.001000 
epoch: 13 iter: 49 train_iter_loss: 0.038378 learn_rate: 0.001000 
epoch: 13 iter: 50 train_iter_loss: 0.053990 learn_rate: 0.001000 
epoch: 13 iter: 51 train_iter_loss: 0.046800 learn_rate: 0.001000 
epoch: 13 iter: 52 train_iter_loss: 0.051195 learn_rate: 0.001000 
epoch: 13 iter: 53 train_iter_loss: 0.031834 learn_rate: 0.001000 
epoch: 13 iter: 54 train_iter_loss: 0.046086 learn_rate: 0.001000 
epoch: 13 iter: 55 train_iter_loss: 0.041644 learn_rate: 0.001000 
epoch: 13 iter: 56 train_iter_loss: 0.033782 learn_rate: 0.001000 
epoch: 13 iter: 57 train_iter_loss: 0.053587 learn_rate: 0.001000 
epoch: 13 iter: 58 train_iter_loss: 0.033923 learn_rate: 0.001000 
epoch: 13 iter: 59 train_iter_loss: 0.021236 learn_rate: 0.001000 
epoch: 13 iter: 60 train_iter_loss: 0.033414 learn_rate: 0.001000 
epoch: 13 iter: 61 train_iter_loss: 0.044919 learn_rate: 0.001000 
epoch: 13 iter: 62 train_iter_loss: 0.040440 learn_rate: 0.001000 
epoch: 13 iter: 63 train_iter_loss: 0.020921 learn_rate: 0.001000 
epoch: 13 iter: 64 train_iter_loss: 0.044360 learn_rate: 0.001000 
epoch: 13 iter: 65 train_iter_loss: 0.042287 learn_rate: 0.001000 
epoch: 13 iter: 66 train_iter_loss: 0.026129 learn_rate: 0.001000 
epoch: 13 iter: 67 train_iter_loss: 0.039978 learn_rate: 0.001000 
epoch: 13 iter: 68 train_iter_loss: 0.026139 learn_rate: 0.001000 
epoch: 13 iter: 69 train_iter_loss: 0.035383 learn_rate: 0.001000 
epoch: 13 iter: 70 train_iter_loss: 0.031944 learn_rate: 0.001000 
epoch: 13 iter: 71 train_iter_loss: 0.034805 learn_rate: 0.001000 
epoch: 13 iter: 72 train_iter_loss: 0.035489 learn_rate: 0.001000 
epoch: 13 train_epoch_loss: 0.037118 learn_rate: 0.001000 test_p: 0.714868 test_r: 0.656360 test_f: 0.682981
epoch: 14 iter: 1 train_iter_loss: 0.045652 learn_rate: 0.001000 
epoch: 14 iter: 2 train_iter_loss: 0.029623 learn_rate: 0.001000 
epoch: 14 iter: 3 train_iter_loss: 0.032880 learn_rate: 0.001000 
epoch: 14 iter: 4 train_iter_loss: 0.038041 learn_rate: 0.001000 
epoch: 14 iter: 5 train_iter_loss: 0.033883 learn_rate: 0.001000 
epoch: 14 iter: 6 train_iter_loss: 0.045608 learn_rate: 0.001000 
epoch: 14 iter: 7 train_iter_loss: 0.041805 learn_rate: 0.001000 
epoch: 14 iter: 8 train_iter_loss: 0.039778 learn_rate: 0.001000 
epoch: 14 iter: 9 train_iter_loss: 0.046573 learn_rate: 0.001000 
epoch: 14 iter: 10 train_iter_loss: 0.051057 learn_rate: 0.001000 
epoch: 14 iter: 11 train_iter_loss: 0.032254 learn_rate: 0.001000 
epoch: 14 iter: 12 train_iter_loss: 0.031733 learn_rate: 0.001000 
epoch: 14 iter: 13 train_iter_loss: 0.030818 learn_rate: 0.001000 
epoch: 14 iter: 14 train_iter_loss: 0.036397 learn_rate: 0.001000 
epoch: 14 iter: 15 train_iter_loss: 0.028993 learn_rate: 0.001000 
epoch: 14 iter: 16 train_iter_loss: 0.021147 learn_rate: 0.001000 
epoch: 14 iter: 17 train_iter_loss: 0.042223 learn_rate: 0.001000 
epoch: 14 iter: 18 train_iter_loss: 0.030938 learn_rate: 0.001000 
epoch: 14 iter: 19 train_iter_loss: 0.048411 learn_rate: 0.001000 
epoch: 14 iter: 20 train_iter_loss: 0.020714 learn_rate: 0.001000 
epoch: 14 iter: 21 train_iter_loss: 0.044457 learn_rate: 0.001000 
epoch: 14 iter: 22 train_iter_loss: 0.035646 learn_rate: 0.001000 
epoch: 14 iter: 23 train_iter_loss: 0.029236 learn_rate: 0.001000 
epoch: 14 iter: 24 train_iter_loss: 0.046010 learn_rate: 0.001000 
epoch: 14 iter: 25 train_iter_loss: 0.037784 learn_rate: 0.001000 
epoch: 14 iter: 26 train_iter_loss: 0.035948 learn_rate: 0.001000 
epoch: 14 iter: 27 train_iter_loss: 0.039820 learn_rate: 0.001000 
epoch: 14 iter: 28 train_iter_loss: 0.047545 learn_rate: 0.001000 
epoch: 14 iter: 29 train_iter_loss: 0.038932 learn_rate: 0.001000 
epoch: 14 iter: 30 train_iter_loss: 0.037626 learn_rate: 0.001000 
epoch: 14 iter: 31 train_iter_loss: 0.023471 learn_rate: 0.001000 
epoch: 14 iter: 32 train_iter_loss: 0.029275 learn_rate: 0.001000 
epoch: 14 iter: 33 train_iter_loss: 0.059384 learn_rate: 0.001000 
epoch: 14 iter: 34 train_iter_loss: 0.030475 learn_rate: 0.001000 
epoch: 14 iter: 35 train_iter_loss: 0.030488 learn_rate: 0.001000 
epoch: 14 iter: 36 train_iter_loss: 0.014845 learn_rate: 0.001000 
epoch: 14 iter: 37 train_iter_loss: 0.038765 learn_rate: 0.001000 
epoch: 14 iter: 38 train_iter_loss: 0.039162 learn_rate: 0.001000 
epoch: 14 iter: 39 train_iter_loss: 0.009517 learn_rate: 0.001000 
epoch: 14 iter: 40 train_iter_loss: 0.041445 learn_rate: 0.001000 
epoch: 14 iter: 41 train_iter_loss: 0.046834 learn_rate: 0.001000 
epoch: 14 iter: 42 train_iter_loss: 0.022727 learn_rate: 0.001000 
epoch: 14 iter: 43 train_iter_loss: 0.014064 learn_rate: 0.001000 
epoch: 14 iter: 44 train_iter_loss: 0.019503 learn_rate: 0.001000 
epoch: 14 iter: 45 train_iter_loss: 0.034506 learn_rate: 0.001000 
epoch: 14 iter: 46 train_iter_loss: 0.032158 learn_rate: 0.001000 
epoch: 14 iter: 47 train_iter_loss: 0.034011 learn_rate: 0.001000 
epoch: 14 iter: 48 train_iter_loss: 0.037404 learn_rate: 0.001000 
epoch: 14 iter: 49 train_iter_loss: 0.033458 learn_rate: 0.001000 
epoch: 14 iter: 50 train_iter_loss: 0.034504 learn_rate: 0.001000 
epoch: 14 iter: 51 train_iter_loss: 0.040248 learn_rate: 0.001000 
epoch: 14 iter: 52 train_iter_loss: 0.031853 learn_rate: 0.001000 
epoch: 14 iter: 53 train_iter_loss: 0.047036 learn_rate: 0.001000 
epoch: 14 iter: 54 train_iter_loss: 0.026001 learn_rate: 0.001000 
epoch: 14 iter: 55 train_iter_loss: 0.027816 learn_rate: 0.001000 
epoch: 14 iter: 56 train_iter_loss: 0.039688 learn_rate: 0.001000 
epoch: 14 iter: 57 train_iter_loss: 0.041046 learn_rate: 0.001000 
epoch: 14 iter: 58 train_iter_loss: 0.039071 learn_rate: 0.001000 
epoch: 14 iter: 59 train_iter_loss: 0.053838 learn_rate: 0.001000 
epoch: 14 iter: 60 train_iter_loss: 0.031307 learn_rate: 0.001000 
epoch: 14 iter: 61 train_iter_loss: 0.049643 learn_rate: 0.001000 
epoch: 14 iter: 62 train_iter_loss: 0.033626 learn_rate: 0.001000 
epoch: 14 iter: 63 train_iter_loss: 0.019779 learn_rate: 0.001000 
epoch: 14 iter: 64 train_iter_loss: 0.042767 learn_rate: 0.001000 
epoch: 14 iter: 65 train_iter_loss: 0.046465 learn_rate: 0.001000 
epoch: 14 iter: 66 train_iter_loss: 0.042115 learn_rate: 0.001000 
epoch: 14 iter: 67 train_iter_loss: 0.029043 learn_rate: 0.001000 
epoch: 14 iter: 68 train_iter_loss: 0.047602 learn_rate: 0.001000 
epoch: 14 iter: 69 train_iter_loss: 0.041802 learn_rate: 0.001000 
epoch: 14 iter: 70 train_iter_loss: 0.030650 learn_rate: 0.001000 
epoch: 14 iter: 71 train_iter_loss: 0.041292 learn_rate: 0.001000 
epoch: 14 iter: 72 train_iter_loss: 0.034265 learn_rate: 0.001000 
epoch: 14 train_epoch_loss: 0.035896 learn_rate: 0.001000 test_p: 0.703408 test_r: 0.630009 test_f: 0.663441
epoch: 15 iter: 1 train_iter_loss: 0.045686 learn_rate: 0.001000 
epoch: 15 iter: 2 train_iter_loss: 0.035280 learn_rate: 0.001000 
epoch: 15 iter: 3 train_iter_loss: 0.051945 learn_rate: 0.001000 
epoch: 15 iter: 4 train_iter_loss: 0.042071 learn_rate: 0.001000 
epoch: 15 iter: 5 train_iter_loss: 0.046294 learn_rate: 0.001000 
epoch: 15 iter: 6 train_iter_loss: 0.038665 learn_rate: 0.001000 
epoch: 15 iter: 7 train_iter_loss: 0.032370 learn_rate: 0.001000 
epoch: 15 iter: 8 train_iter_loss: 0.022280 learn_rate: 0.001000 
epoch: 15 iter: 9 train_iter_loss: 0.038293 learn_rate: 0.001000 
epoch: 15 iter: 10 train_iter_loss: 0.022942 learn_rate: 0.001000 
epoch: 15 iter: 11 train_iter_loss: 0.041552 learn_rate: 0.001000 
epoch: 15 iter: 12 train_iter_loss: 0.021441 learn_rate: 0.001000 
epoch: 15 iter: 13 train_iter_loss: 0.035452 learn_rate: 0.001000 
epoch: 15 iter: 14 train_iter_loss: 0.020726 learn_rate: 0.001000 
epoch: 15 iter: 15 train_iter_loss: 0.029929 learn_rate: 0.001000 
epoch: 15 iter: 16 train_iter_loss: 0.055781 learn_rate: 0.001000 
epoch: 15 iter: 17 train_iter_loss: 0.037827 learn_rate: 0.001000 
epoch: 15 iter: 18 train_iter_loss: 0.046920 learn_rate: 0.001000 
epoch: 15 iter: 19 train_iter_loss: 0.029297 learn_rate: 0.001000 
epoch: 15 iter: 20 train_iter_loss: 0.023983 learn_rate: 0.001000 
epoch: 15 iter: 21 train_iter_loss: 0.039864 learn_rate: 0.001000 
epoch: 15 iter: 22 train_iter_loss: 0.046815 learn_rate: 0.001000 
epoch: 15 iter: 23 train_iter_loss: 0.041307 learn_rate: 0.001000 
epoch: 15 iter: 24 train_iter_loss: 0.044614 learn_rate: 0.001000 
epoch: 15 iter: 25 train_iter_loss: 0.042014 learn_rate: 0.001000 
epoch: 15 iter: 26 train_iter_loss: 0.040615 learn_rate: 0.001000 
epoch: 15 iter: 27 train_iter_loss: 0.015949 learn_rate: 0.001000 
epoch: 15 iter: 28 train_iter_loss: 0.037238 learn_rate: 0.001000 
epoch: 15 iter: 29 train_iter_loss: 0.036992 learn_rate: 0.001000 
epoch: 15 iter: 30 train_iter_loss: 0.036454 learn_rate: 0.001000 
epoch: 15 iter: 31 train_iter_loss: 0.038779 learn_rate: 0.001000 
epoch: 15 iter: 32 train_iter_loss: 0.043689 learn_rate: 0.001000 
epoch: 15 iter: 33 train_iter_loss: 0.027178 learn_rate: 0.001000 
epoch: 15 iter: 34 train_iter_loss: 0.033582 learn_rate: 0.001000 
epoch: 15 iter: 35 train_iter_loss: 0.041491 learn_rate: 0.001000 
epoch: 15 iter: 36 train_iter_loss: 0.030608 learn_rate: 0.001000 
epoch: 15 iter: 37 train_iter_loss: 0.047518 learn_rate: 0.001000 
epoch: 15 iter: 38 train_iter_loss: 0.028663 learn_rate: 0.001000 
epoch: 15 iter: 39 train_iter_loss: 0.032156 learn_rate: 0.001000 
epoch: 15 iter: 40 train_iter_loss: 0.029833 learn_rate: 0.001000 
epoch: 15 iter: 41 train_iter_loss: 0.036524 learn_rate: 0.001000 
epoch: 15 iter: 42 train_iter_loss: 0.043940 learn_rate: 0.001000 
epoch: 15 iter: 43 train_iter_loss: 0.021342 learn_rate: 0.001000 
epoch: 15 iter: 44 train_iter_loss: 0.024974 learn_rate: 0.001000 
epoch: 15 iter: 45 train_iter_loss: 0.031695 learn_rate: 0.001000 
epoch: 15 iter: 46 train_iter_loss: 0.032435 learn_rate: 0.001000 
epoch: 15 iter: 47 train_iter_loss: 0.027755 learn_rate: 0.001000 
epoch: 15 iter: 48 train_iter_loss: 0.044664 learn_rate: 0.001000 
epoch: 15 iter: 49 train_iter_loss: 0.022278 learn_rate: 0.001000 
epoch: 15 iter: 50 train_iter_loss: 0.046411 learn_rate: 0.001000 
epoch: 15 iter: 51 train_iter_loss: 0.013731 learn_rate: 0.001000 
epoch: 15 iter: 52 train_iter_loss: 0.043584 learn_rate: 0.001000 
epoch: 15 iter: 53 train_iter_loss: 0.038632 learn_rate: 0.001000 
epoch: 15 iter: 54 train_iter_loss: 0.030833 learn_rate: 0.001000 
epoch: 15 iter: 55 train_iter_loss: 0.037385 learn_rate: 0.001000 
epoch: 15 iter: 56 train_iter_loss: 0.044978 learn_rate: 0.001000 
epoch: 15 iter: 57 train_iter_loss: 0.021051 learn_rate: 0.001000 
epoch: 15 iter: 58 train_iter_loss: 0.036775 learn_rate: 0.001000 
epoch: 15 iter: 59 train_iter_loss: 0.044961 learn_rate: 0.001000 
epoch: 15 iter: 60 train_iter_loss: 0.037395 learn_rate: 0.001000 
epoch: 15 iter: 61 train_iter_loss: 0.036594 learn_rate: 0.001000 
epoch: 15 iter: 62 train_iter_loss: 0.037584 learn_rate: 0.001000 
epoch: 15 iter: 63 train_iter_loss: 0.014334 learn_rate: 0.001000 
epoch: 15 iter: 64 train_iter_loss: 0.024621 learn_rate: 0.001000 
epoch: 15 iter: 65 train_iter_loss: 0.012601 learn_rate: 0.001000 
epoch: 15 iter: 66 train_iter_loss: 0.037755 learn_rate: 0.001000 
epoch: 15 iter: 67 train_iter_loss: 0.027243 learn_rate: 0.001000 
epoch: 15 iter: 68 train_iter_loss: 0.049783 learn_rate: 0.001000 
epoch: 15 iter: 69 train_iter_loss: 0.041342 learn_rate: 0.001000 
epoch: 15 iter: 70 train_iter_loss: 0.033636 learn_rate: 0.001000 
epoch: 15 iter: 71 train_iter_loss: 0.029579 learn_rate: 0.001000 
epoch: 15 iter: 72 train_iter_loss: 0.045579 learn_rate: 0.001000 
epoch: 15 train_epoch_loss: 0.035085 learn_rate: 0.001000 test_p: 0.724260 test_r: 0.669029 test_f: 0.694577
epoch: 16 iter: 1 train_iter_loss: 0.041654 learn_rate: 0.001000 
epoch: 16 iter: 2 train_iter_loss: 0.025676 learn_rate: 0.001000 
epoch: 16 iter: 3 train_iter_loss: 0.035553 learn_rate: 0.001000 
epoch: 16 iter: 4 train_iter_loss: 0.041738 learn_rate: 0.001000 
epoch: 16 iter: 5 train_iter_loss: 0.036126 learn_rate: 0.001000 
epoch: 16 iter: 6 train_iter_loss: 0.026044 learn_rate: 0.001000 
epoch: 16 iter: 7 train_iter_loss: 0.024412 learn_rate: 0.001000 
epoch: 16 iter: 8 train_iter_loss: 0.040899 learn_rate: 0.001000 
epoch: 16 iter: 9 train_iter_loss: 0.030276 learn_rate: 0.001000 
epoch: 16 iter: 10 train_iter_loss: 0.043411 learn_rate: 0.001000 
epoch: 16 iter: 11 train_iter_loss: 0.030212 learn_rate: 0.001000 
epoch: 16 iter: 12 train_iter_loss: 0.026136 learn_rate: 0.001000 
epoch: 16 iter: 13 train_iter_loss: 0.028818 learn_rate: 0.001000 
epoch: 16 iter: 14 train_iter_loss: 0.036017 learn_rate: 0.001000 
epoch: 16 iter: 15 train_iter_loss: 0.033282 learn_rate: 0.001000 
epoch: 16 iter: 16 train_iter_loss: 0.027420 learn_rate: 0.001000 
epoch: 16 iter: 17 train_iter_loss: 0.045123 learn_rate: 0.001000 
epoch: 16 iter: 18 train_iter_loss: 0.033906 learn_rate: 0.001000 
epoch: 16 iter: 19 train_iter_loss: 0.034435 learn_rate: 0.001000 
epoch: 16 iter: 20 train_iter_loss: 0.033620 learn_rate: 0.001000 
epoch: 16 iter: 21 train_iter_loss: 0.027162 learn_rate: 0.001000 
epoch: 16 iter: 22 train_iter_loss: 0.044638 learn_rate: 0.001000 
epoch: 16 iter: 23 train_iter_loss: 0.046780 learn_rate: 0.001000 
epoch: 16 iter: 24 train_iter_loss: 0.043732 learn_rate: 0.001000 
epoch: 16 iter: 25 train_iter_loss: 0.024100 learn_rate: 0.001000 
epoch: 16 iter: 26 train_iter_loss: 0.019573 learn_rate: 0.001000 
epoch: 16 iter: 27 train_iter_loss: 0.019417 learn_rate: 0.001000 
epoch: 16 iter: 28 train_iter_loss: 0.026216 learn_rate: 0.001000 
epoch: 16 iter: 29 train_iter_loss: 0.034061 learn_rate: 0.001000 
epoch: 16 iter: 30 train_iter_loss: 0.040302 learn_rate: 0.001000 
epoch: 16 iter: 31 train_iter_loss: 0.025350 learn_rate: 0.001000 
epoch: 16 iter: 32 train_iter_loss: 0.029004 learn_rate: 0.001000 
epoch: 16 iter: 33 train_iter_loss: 0.042609 learn_rate: 0.001000 
epoch: 16 iter: 34 train_iter_loss: 0.036749 learn_rate: 0.001000 
epoch: 16 iter: 35 train_iter_loss: 0.019806 learn_rate: 0.001000 
epoch: 16 iter: 36 train_iter_loss: 0.039027 learn_rate: 0.001000 
epoch: 16 iter: 37 train_iter_loss: 0.019267 learn_rate: 0.001000 
epoch: 16 iter: 38 train_iter_loss: 0.048505 learn_rate: 0.001000 
epoch: 16 iter: 39 train_iter_loss: 0.033835 learn_rate: 0.001000 
epoch: 16 iter: 40 train_iter_loss: 0.023899 learn_rate: 0.001000 
epoch: 16 iter: 41 train_iter_loss: 0.047763 learn_rate: 0.001000 
epoch: 16 iter: 42 train_iter_loss: 0.025376 learn_rate: 0.001000 
epoch: 16 iter: 43 train_iter_loss: 0.033826 learn_rate: 0.001000 
epoch: 16 iter: 44 train_iter_loss: 0.046856 learn_rate: 0.001000 
epoch: 16 iter: 45 train_iter_loss: 0.028692 learn_rate: 0.001000 
epoch: 16 iter: 46 train_iter_loss: 0.031042 learn_rate: 0.001000 
epoch: 16 iter: 47 train_iter_loss: 0.042999 learn_rate: 0.001000 
epoch: 16 iter: 48 train_iter_loss: 0.022797 learn_rate: 0.001000 
epoch: 16 iter: 49 train_iter_loss: 0.035779 learn_rate: 0.001000 
epoch: 16 iter: 50 train_iter_loss: 0.021105 learn_rate: 0.001000 
epoch: 16 iter: 51 train_iter_loss: 0.026115 learn_rate: 0.001000 
epoch: 16 iter: 52 train_iter_loss: 0.051867 learn_rate: 0.001000 
epoch: 16 iter: 53 train_iter_loss: 0.032894 learn_rate: 0.001000 
epoch: 16 iter: 54 train_iter_loss: 0.029883 learn_rate: 0.001000 
epoch: 16 iter: 55 train_iter_loss: 0.030422 learn_rate: 0.001000 
epoch: 16 iter: 56 train_iter_loss: 0.026938 learn_rate: 0.001000 
epoch: 16 iter: 57 train_iter_loss: 0.043315 learn_rate: 0.001000 
epoch: 16 iter: 58 train_iter_loss: 0.035391 learn_rate: 0.001000 
epoch: 16 iter: 59 train_iter_loss: 0.017016 learn_rate: 0.001000 
epoch: 16 iter: 60 train_iter_loss: 0.038176 learn_rate: 0.001000 
epoch: 16 iter: 61 train_iter_loss: 0.039149 learn_rate: 0.001000 
epoch: 16 iter: 62 train_iter_loss: 0.045520 learn_rate: 0.001000 
epoch: 16 iter: 63 train_iter_loss: 0.035026 learn_rate: 0.001000 
epoch: 16 iter: 64 train_iter_loss: 0.045203 learn_rate: 0.001000 
epoch: 16 iter: 65 train_iter_loss: 0.041563 learn_rate: 0.001000 
epoch: 16 iter: 66 train_iter_loss: 0.035375 learn_rate: 0.001000 
epoch: 16 iter: 67 train_iter_loss: 0.021631 learn_rate: 0.001000 
epoch: 16 iter: 68 train_iter_loss: 0.049146 learn_rate: 0.001000 
epoch: 16 iter: 69 train_iter_loss: 0.015715 learn_rate: 0.001000 
epoch: 16 iter: 70 train_iter_loss: 0.038237 learn_rate: 0.001000 
epoch: 16 iter: 71 train_iter_loss: 0.036563 learn_rate: 0.001000 
epoch: 16 iter: 72 train_iter_loss: 0.026537 learn_rate: 0.001000 
epoch: 16 train_epoch_loss: 0.033565 learn_rate: 0.001000 test_p: 0.720927 test_r: 0.656582 test_f: 0.686099
epoch: 17 iter: 1 train_iter_loss: 0.035962 learn_rate: 0.001000 
epoch: 17 iter: 2 train_iter_loss: 0.019320 learn_rate: 0.001000 
epoch: 17 iter: 3 train_iter_loss: 0.024629 learn_rate: 0.001000 
epoch: 17 iter: 4 train_iter_loss: 0.024016 learn_rate: 0.001000 
epoch: 17 iter: 5 train_iter_loss: 0.039761 learn_rate: 0.001000 
epoch: 17 iter: 6 train_iter_loss: 0.014343 learn_rate: 0.001000 
epoch: 17 iter: 7 train_iter_loss: 0.036582 learn_rate: 0.001000 
epoch: 17 iter: 8 train_iter_loss: 0.031603 learn_rate: 0.001000 
epoch: 17 iter: 9 train_iter_loss: 0.027103 learn_rate: 0.001000 
epoch: 17 iter: 10 train_iter_loss: 0.022396 learn_rate: 0.001000 
epoch: 17 iter: 11 train_iter_loss: 0.047338 learn_rate: 0.001000 
epoch: 17 iter: 12 train_iter_loss: 0.032682 learn_rate: 0.001000 
epoch: 17 iter: 13 train_iter_loss: 0.040061 learn_rate: 0.001000 
epoch: 17 iter: 14 train_iter_loss: 0.028120 learn_rate: 0.001000 
epoch: 17 iter: 15 train_iter_loss: 0.041867 learn_rate: 0.001000 
epoch: 17 iter: 16 train_iter_loss: 0.040814 learn_rate: 0.001000 
epoch: 17 iter: 17 train_iter_loss: 0.029872 learn_rate: 0.001000 
epoch: 17 iter: 18 train_iter_loss: 0.036972 learn_rate: 0.001000 
epoch: 17 iter: 19 train_iter_loss: 0.031951 learn_rate: 0.001000 
epoch: 17 iter: 20 train_iter_loss: 0.027373 learn_rate: 0.001000 
epoch: 17 iter: 21 train_iter_loss: 0.025901 learn_rate: 0.001000 
epoch: 17 iter: 22 train_iter_loss: 0.040675 learn_rate: 0.001000 
epoch: 17 iter: 23 train_iter_loss: 0.015504 learn_rate: 0.001000 
epoch: 17 iter: 24 train_iter_loss: 0.050535 learn_rate: 0.001000 
epoch: 17 iter: 25 train_iter_loss: 0.032175 learn_rate: 0.001000 
epoch: 17 iter: 26 train_iter_loss: 0.026287 learn_rate: 0.001000 
epoch: 17 iter: 27 train_iter_loss: 0.024460 learn_rate: 0.001000 
epoch: 17 iter: 28 train_iter_loss: 0.042584 learn_rate: 0.001000 
epoch: 17 iter: 29 train_iter_loss: 0.028100 learn_rate: 0.001000 
epoch: 17 iter: 30 train_iter_loss: 0.030862 learn_rate: 0.001000 
epoch: 17 iter: 31 train_iter_loss: 0.045743 learn_rate: 0.001000 
epoch: 17 iter: 32 train_iter_loss: 0.032546 learn_rate: 0.001000 
epoch: 17 iter: 33 train_iter_loss: 0.036905 learn_rate: 0.001000 
epoch: 17 iter: 34 train_iter_loss: 0.032560 learn_rate: 0.001000 
epoch: 17 iter: 35 train_iter_loss: 0.035932 learn_rate: 0.001000 
epoch: 17 iter: 36 train_iter_loss: 0.036606 learn_rate: 0.001000 
epoch: 17 iter: 37 train_iter_loss: 0.026781 learn_rate: 0.001000 
epoch: 17 iter: 38 train_iter_loss: 0.040715 learn_rate: 0.001000 
epoch: 17 iter: 39 train_iter_loss: 0.039663 learn_rate: 0.001000 
epoch: 17 iter: 40 train_iter_loss: 0.024355 learn_rate: 0.001000 
epoch: 17 iter: 41 train_iter_loss: 0.034368 learn_rate: 0.001000 
epoch: 17 iter: 42 train_iter_loss: 0.032991 learn_rate: 0.001000 
epoch: 17 iter: 43 train_iter_loss: 0.024457 learn_rate: 0.001000 
epoch: 17 iter: 44 train_iter_loss: 0.018590 learn_rate: 0.001000 
epoch: 17 iter: 45 train_iter_loss: 0.032690 learn_rate: 0.001000 
epoch: 17 iter: 46 train_iter_loss: 0.039075 learn_rate: 0.001000 
epoch: 17 iter: 47 train_iter_loss: 0.041522 learn_rate: 0.001000 
epoch: 17 iter: 48 train_iter_loss: 0.040777 learn_rate: 0.001000 
epoch: 17 iter: 49 train_iter_loss: 0.034484 learn_rate: 0.001000 
epoch: 17 iter: 50 train_iter_loss: 0.024489 learn_rate: 0.001000 
epoch: 17 iter: 51 train_iter_loss: 0.044399 learn_rate: 0.001000 
epoch: 17 iter: 52 train_iter_loss: 0.013824 learn_rate: 0.001000 
epoch: 17 iter: 53 train_iter_loss: 0.033232 learn_rate: 0.001000 
epoch: 17 iter: 54 train_iter_loss: 0.023745 learn_rate: 0.001000 
epoch: 17 iter: 55 train_iter_loss: 0.032669 learn_rate: 0.001000 
epoch: 17 iter: 56 train_iter_loss: 0.035414 learn_rate: 0.001000 
epoch: 17 iter: 57 train_iter_loss: 0.038827 learn_rate: 0.001000 
epoch: 17 iter: 58 train_iter_loss: 0.029964 learn_rate: 0.001000 
epoch: 17 iter: 59 train_iter_loss: 0.027651 learn_rate: 0.001000 
epoch: 17 iter: 60 train_iter_loss: 0.021562 learn_rate: 0.001000 
epoch: 17 iter: 61 train_iter_loss: 0.051696 learn_rate: 0.001000 
epoch: 17 iter: 62 train_iter_loss: 0.036130 learn_rate: 0.001000 
epoch: 17 iter: 63 train_iter_loss: 0.027861 learn_rate: 0.001000 
epoch: 17 iter: 64 train_iter_loss: 0.037186 learn_rate: 0.001000 
epoch: 17 iter: 65 train_iter_loss: 0.021339 learn_rate: 0.001000 
epoch: 17 iter: 66 train_iter_loss: 0.030449 learn_rate: 0.001000 
epoch: 17 iter: 67 train_iter_loss: 0.020040 learn_rate: 0.001000 
epoch: 17 iter: 68 train_iter_loss: 0.044749 learn_rate: 0.001000 
epoch: 17 iter: 69 train_iter_loss: 0.035652 learn_rate: 0.001000 
epoch: 17 iter: 70 train_iter_loss: 0.042415 learn_rate: 0.001000 
epoch: 17 iter: 71 train_iter_loss: 0.025493 learn_rate: 0.001000 
epoch: 17 iter: 72 train_iter_loss: 0.033320 learn_rate: 0.001000 
epoch: 17 train_epoch_loss: 0.032399 learn_rate: 0.001000 test_p: 0.727563 test_r: 0.676875 test_f: 0.700878
epoch: 18 iter: 1 train_iter_loss: 0.034575 learn_rate: 0.001000 
epoch: 18 iter: 2 train_iter_loss: 0.034204 learn_rate: 0.001000 
epoch: 18 iter: 3 train_iter_loss: 0.029413 learn_rate: 0.001000 
epoch: 18 iter: 4 train_iter_loss: 0.027536 learn_rate: 0.001000 
epoch: 18 iter: 5 train_iter_loss: 0.034260 learn_rate: 0.001000 
epoch: 18 iter: 6 train_iter_loss: 0.033963 learn_rate: 0.001000 
epoch: 18 iter: 7 train_iter_loss: 0.040151 learn_rate: 0.001000 
epoch: 18 iter: 8 train_iter_loss: 0.036337 learn_rate: 0.001000 
epoch: 18 iter: 9 train_iter_loss: 0.047700 learn_rate: 0.001000 
epoch: 18 iter: 10 train_iter_loss: 0.034873 learn_rate: 0.001000 
epoch: 18 iter: 11 train_iter_loss: 0.028807 learn_rate: 0.001000 
epoch: 18 iter: 12 train_iter_loss: 0.027615 learn_rate: 0.001000 
epoch: 18 iter: 13 train_iter_loss: 0.031128 learn_rate: 0.001000 
epoch: 18 iter: 14 train_iter_loss: 0.025268 learn_rate: 0.001000 
epoch: 18 iter: 15 train_iter_loss: 0.024543 learn_rate: 0.001000 
epoch: 18 iter: 16 train_iter_loss: 0.041402 learn_rate: 0.001000 
epoch: 18 iter: 17 train_iter_loss: 0.032688 learn_rate: 0.001000 
epoch: 18 iter: 18 train_iter_loss: 0.024844 learn_rate: 0.001000 
epoch: 18 iter: 19 train_iter_loss: 0.033741 learn_rate: 0.001000 
epoch: 18 iter: 20 train_iter_loss: 0.028394 learn_rate: 0.001000 
epoch: 18 iter: 21 train_iter_loss: 0.032353 learn_rate: 0.001000 
epoch: 18 iter: 22 train_iter_loss: 0.049459 learn_rate: 0.001000 
epoch: 18 iter: 23 train_iter_loss: 0.015856 learn_rate: 0.001000 
epoch: 18 iter: 24 train_iter_loss: 0.045375 learn_rate: 0.001000 
epoch: 18 iter: 25 train_iter_loss: 0.016105 learn_rate: 0.001000 
epoch: 18 iter: 26 train_iter_loss: 0.034056 learn_rate: 0.001000 
epoch: 18 iter: 27 train_iter_loss: 0.020410 learn_rate: 0.001000 
epoch: 18 iter: 28 train_iter_loss: 0.038075 learn_rate: 0.001000 
epoch: 18 iter: 29 train_iter_loss: 0.029997 learn_rate: 0.001000 
epoch: 18 iter: 30 train_iter_loss: 0.046778 learn_rate: 0.001000 
epoch: 18 iter: 31 train_iter_loss: 0.036274 learn_rate: 0.001000 
epoch: 18 iter: 32 train_iter_loss: 0.016037 learn_rate: 0.001000 
epoch: 18 iter: 33 train_iter_loss: 0.028002 learn_rate: 0.001000 
epoch: 18 iter: 34 train_iter_loss: 0.032982 learn_rate: 0.001000 
epoch: 18 iter: 35 train_iter_loss: 0.022909 learn_rate: 0.001000 
epoch: 18 iter: 36 train_iter_loss: 0.040117 learn_rate: 0.001000 
epoch: 18 iter: 37 train_iter_loss: 0.033301 learn_rate: 0.001000 
epoch: 18 iter: 38 train_iter_loss: 0.037957 learn_rate: 0.001000 
epoch: 18 iter: 39 train_iter_loss: 0.021545 learn_rate: 0.001000 
epoch: 18 iter: 40 train_iter_loss: 0.028780 learn_rate: 0.001000 
epoch: 18 iter: 41 train_iter_loss: 0.040296 learn_rate: 0.001000 
epoch: 18 iter: 42 train_iter_loss: 0.034277 learn_rate: 0.001000 
epoch: 18 iter: 43 train_iter_loss: 0.040599 learn_rate: 0.001000 
epoch: 18 iter: 44 train_iter_loss: 0.026775 learn_rate: 0.001000 
epoch: 18 iter: 45 train_iter_loss: 0.042408 learn_rate: 0.001000 
epoch: 18 iter: 46 train_iter_loss: 0.027379 learn_rate: 0.001000 
epoch: 18 iter: 47 train_iter_loss: 0.032100 learn_rate: 0.001000 
epoch: 18 iter: 48 train_iter_loss: 0.037693 learn_rate: 0.001000 
epoch: 18 iter: 49 train_iter_loss: 0.035964 learn_rate: 0.001000 
epoch: 18 iter: 50 train_iter_loss: 0.037628 learn_rate: 0.001000 
epoch: 18 iter: 51 train_iter_loss: 0.032014 learn_rate: 0.001000 
epoch: 18 iter: 52 train_iter_loss: 0.029934 learn_rate: 0.001000 
epoch: 18 iter: 53 train_iter_loss: 0.049522 learn_rate: 0.001000 
epoch: 18 iter: 54 train_iter_loss: 0.039067 learn_rate: 0.001000 
epoch: 18 iter: 55 train_iter_loss: 0.029652 learn_rate: 0.001000 
epoch: 18 iter: 56 train_iter_loss: 0.037416 learn_rate: 0.001000 
epoch: 18 iter: 57 train_iter_loss: 0.015152 learn_rate: 0.001000 
epoch: 18 iter: 58 train_iter_loss: 0.009613 learn_rate: 0.001000 
epoch: 18 iter: 59 train_iter_loss: 0.035579 learn_rate: 0.001000 
epoch: 18 iter: 60 train_iter_loss: 0.047535 learn_rate: 0.001000 
epoch: 18 iter: 61 train_iter_loss: 0.029218 learn_rate: 0.001000 
epoch: 18 iter: 62 train_iter_loss: 0.042170 learn_rate: 0.001000 
epoch: 18 iter: 63 train_iter_loss: 0.033986 learn_rate: 0.001000 
epoch: 18 iter: 64 train_iter_loss: 0.027771 learn_rate: 0.001000 
epoch: 18 iter: 65 train_iter_loss: 0.042625 learn_rate: 0.001000 
epoch: 18 iter: 66 train_iter_loss: 0.010010 learn_rate: 0.001000 
epoch: 18 iter: 67 train_iter_loss: 0.043913 learn_rate: 0.001000 
epoch: 18 iter: 68 train_iter_loss: 0.024309 learn_rate: 0.001000 
epoch: 18 iter: 69 train_iter_loss: 0.028928 learn_rate: 0.001000 
epoch: 18 iter: 70 train_iter_loss: 0.036403 learn_rate: 0.001000 
epoch: 18 iter: 71 train_iter_loss: 0.022624 learn_rate: 0.001000 
epoch: 18 iter: 72 train_iter_loss: 0.019788 learn_rate: 0.001000 
epoch: 18 train_epoch_loss: 0.032224 learn_rate: 0.001000 test_p: 0.717158 test_r: 0.651920 test_f: 0.682088
epoch: 19 iter: 1 train_iter_loss: 0.014239 learn_rate: 0.001000 
epoch: 19 iter: 2 train_iter_loss: 0.033829 learn_rate: 0.001000 
epoch: 19 iter: 3 train_iter_loss: 0.042711 learn_rate: 0.001000 
epoch: 19 iter: 4 train_iter_loss: 0.032407 learn_rate: 0.001000 
epoch: 19 iter: 5 train_iter_loss: 0.013265 learn_rate: 0.001000 
epoch: 19 iter: 6 train_iter_loss: 0.026561 learn_rate: 0.001000 
epoch: 19 iter: 7 train_iter_loss: 0.024358 learn_rate: 0.001000 
epoch: 19 iter: 8 train_iter_loss: 0.043235 learn_rate: 0.001000 
epoch: 19 iter: 9 train_iter_loss: 0.046110 learn_rate: 0.001000 
epoch: 19 iter: 10 train_iter_loss: 0.043328 learn_rate: 0.001000 
epoch: 19 iter: 11 train_iter_loss: 0.034746 learn_rate: 0.001000 
epoch: 19 iter: 12 train_iter_loss: 0.029808 learn_rate: 0.001000 
epoch: 19 iter: 13 train_iter_loss: 0.040844 learn_rate: 0.001000 
epoch: 19 iter: 14 train_iter_loss: 0.026781 learn_rate: 0.001000 
epoch: 19 iter: 15 train_iter_loss: 0.035125 learn_rate: 0.001000 
epoch: 19 iter: 16 train_iter_loss: 0.030163 learn_rate: 0.001000 
epoch: 19 iter: 17 train_iter_loss: 0.045372 learn_rate: 0.001000 
epoch: 19 iter: 18 train_iter_loss: 0.041852 learn_rate: 0.001000 
epoch: 19 iter: 19 train_iter_loss: 0.017977 learn_rate: 0.001000 
epoch: 19 iter: 20 train_iter_loss: 0.038207 learn_rate: 0.001000 
epoch: 19 iter: 21 train_iter_loss: 0.043389 learn_rate: 0.001000 
epoch: 19 iter: 22 train_iter_loss: 0.038977 learn_rate: 0.001000 
epoch: 19 iter: 23 train_iter_loss: 0.032029 learn_rate: 0.001000 
epoch: 19 iter: 24 train_iter_loss: 0.036089 learn_rate: 0.001000 
epoch: 19 iter: 25 train_iter_loss: 0.015527 learn_rate: 0.001000 
epoch: 19 iter: 26 train_iter_loss: 0.036795 learn_rate: 0.001000 
epoch: 19 iter: 27 train_iter_loss: 0.022316 learn_rate: 0.001000 
epoch: 19 iter: 28 train_iter_loss: 0.038647 learn_rate: 0.001000 
epoch: 19 iter: 29 train_iter_loss: 0.037993 learn_rate: 0.001000 
epoch: 19 iter: 30 train_iter_loss: 0.038031 learn_rate: 0.001000 
epoch: 19 iter: 31 train_iter_loss: 0.027822 learn_rate: 0.001000 
epoch: 19 iter: 32 train_iter_loss: 0.037898 learn_rate: 0.001000 
epoch: 19 iter: 33 train_iter_loss: 0.029741 learn_rate: 0.001000 
epoch: 19 iter: 34 train_iter_loss: 0.040786 learn_rate: 0.001000 
epoch: 19 iter: 35 train_iter_loss: 0.032079 learn_rate: 0.001000 
