Wed May 29 22:38:21 2024
data_dict: {'mean': array([52.027378, 53.080143, 50.97824 , 48.672356], dtype=float32), 'std': array([26.11919 , 27.940523, 27.391392, 26.661545], dtype=float32), 'classWeights': array([2.7882984, 1.7537785], dtype=float32), 'img_shape': (192, 192, 4)}
epoch: 1 iter: 1 train_iter_loss: 0.086095 learn_rate: 0.001000 
epoch: 1 iter: 2 train_iter_loss: 0.046349 learn_rate: 0.001000 
epoch: 1 iter: 3 train_iter_loss: 0.041764 learn_rate: 0.001000 
epoch: 1 iter: 4 train_iter_loss: 0.036304 learn_rate: 0.001000 
epoch: 1 iter: 5 train_iter_loss: 0.044796 learn_rate: 0.001000 
epoch: 1 iter: 6 train_iter_loss: 0.032609 learn_rate: 0.001000 
epoch: 1 iter: 7 train_iter_loss: 0.027153 learn_rate: 0.001000 
epoch: 1 iter: 8 train_iter_loss: 0.019662 learn_rate: 0.001000 
epoch: 1 iter: 9 train_iter_loss: 0.029017 learn_rate: 0.001000 
epoch: 1 iter: 10 train_iter_loss: 0.015279 learn_rate: 0.001000 
epoch: 1 iter: 11 train_iter_loss: 0.020842 learn_rate: 0.001000 
epoch: 1 iter: 12 train_iter_loss: 0.031263 learn_rate: 0.001000 
epoch: 1 iter: 13 train_iter_loss: 0.021093 learn_rate: 0.001000 
epoch: 1 iter: 14 train_iter_loss: 0.018172 learn_rate: 0.001000 
epoch: 1 iter: 15 train_iter_loss: 0.049514 learn_rate: 0.001000 
epoch: 1 iter: 16 train_iter_loss: 0.026016 learn_rate: 0.001000 
epoch: 1 iter: 17 train_iter_loss: 0.035174 learn_rate: 0.001000 
epoch: 1 iter: 18 train_iter_loss: 0.020003 learn_rate: 0.001000 
epoch: 1 iter: 19 train_iter_loss: 0.037582 learn_rate: 0.001000 
epoch: 1 iter: 20 train_iter_loss: 0.023204 learn_rate: 0.001000 
epoch: 1 iter: 21 train_iter_loss: 0.019337 learn_rate: 0.001000 
epoch: 1 iter: 22 train_iter_loss: 0.024096 learn_rate: 0.001000 
epoch: 1 iter: 23 train_iter_loss: 0.022975 learn_rate: 0.001000 
epoch: 1 iter: 24 train_iter_loss: 0.041107 learn_rate: 0.001000 
epoch: 1 iter: 25 train_iter_loss: 0.025784 learn_rate: 0.001000 
epoch: 1 iter: 26 train_iter_loss: 0.029947 learn_rate: 0.001000 
epoch: 1 iter: 27 train_iter_loss: 0.035696 learn_rate: 0.001000 
epoch: 1 iter: 28 train_iter_loss: 0.028767 learn_rate: 0.001000 
epoch: 1 iter: 29 train_iter_loss: 0.020434 learn_rate: 0.001000 
epoch: 1 iter: 30 train_iter_loss: 0.024418 learn_rate: 0.001000 
epoch: 1 iter: 31 train_iter_loss: 0.013589 learn_rate: 0.001000 
epoch: 1 iter: 32 train_iter_loss: 0.017413 learn_rate: 0.001000 
epoch: 1 iter: 33 train_iter_loss: 0.038182 learn_rate: 0.001000 
epoch: 1 iter: 34 train_iter_loss: 0.016434 learn_rate: 0.001000 
epoch: 1 iter: 35 train_iter_loss: 0.019417 learn_rate: 0.001000 
epoch: 1 iter: 36 train_iter_loss: 0.018850 learn_rate: 0.001000 
epoch: 1 iter: 37 train_iter_loss: 0.028391 learn_rate: 0.001000 
epoch: 1 iter: 38 train_iter_loss: 0.019519 learn_rate: 0.001000 
epoch: 1 iter: 39 train_iter_loss: 0.011063 learn_rate: 0.001000 
epoch: 1 iter: 40 train_iter_loss: 0.030401 learn_rate: 0.001000 
epoch: 1 iter: 41 train_iter_loss: 0.056786 learn_rate: 0.001000 
epoch: 1 iter: 42 train_iter_loss: 0.020970 learn_rate: 0.001000 
epoch: 1 iter: 43 train_iter_loss: 0.045082 learn_rate: 0.001000 
epoch: 1 iter: 44 train_iter_loss: 0.049204 learn_rate: 0.001000 
epoch: 1 iter: 45 train_iter_loss: 0.014361 learn_rate: 0.001000 
epoch: 1 iter: 46 train_iter_loss: 0.011335 learn_rate: 0.001000 
epoch: 1 iter: 47 train_iter_loss: 0.029318 learn_rate: 0.001000 
epoch: 1 iter: 48 train_iter_loss: 0.011790 learn_rate: 0.001000 
epoch: 1 iter: 49 train_iter_loss: 0.016660 learn_rate: 0.001000 
epoch: 1 iter: 50 train_iter_loss: 0.015760 learn_rate: 0.001000 
epoch: 1 iter: 51 train_iter_loss: 0.024131 learn_rate: 0.001000 
epoch: 1 iter: 52 train_iter_loss: 0.007820 learn_rate: 0.001000 
epoch: 1 iter: 53 train_iter_loss: 0.020277 learn_rate: 0.001000 
epoch: 1 iter: 54 train_iter_loss: 0.015817 learn_rate: 0.001000 
epoch: 1 train_epoch_loss: 0.027537 learn_rate: 0.001000 test_p: 0.810484 test_r: 0.763265 test_f: 0.785566
epoch: 2 iter: 1 train_iter_loss: 0.022858 learn_rate: 0.001000 
epoch: 2 iter: 2 train_iter_loss: 0.008642 learn_rate: 0.001000 
epoch: 2 iter: 3 train_iter_loss: 0.015920 learn_rate: 0.001000 
epoch: 2 iter: 4 train_iter_loss: 0.012782 learn_rate: 0.001000 
epoch: 2 iter: 5 train_iter_loss: 0.015308 learn_rate: 0.001000 
epoch: 2 iter: 6 train_iter_loss: 0.008839 learn_rate: 0.001000 
epoch: 2 iter: 7 train_iter_loss: 0.032468 learn_rate: 0.001000 
epoch: 2 iter: 8 train_iter_loss: 0.015916 learn_rate: 0.001000 
epoch: 2 iter: 9 train_iter_loss: 0.010790 learn_rate: 0.001000 
epoch: 2 iter: 10 train_iter_loss: 0.018931 learn_rate: 0.001000 
epoch: 2 iter: 11 train_iter_loss: 0.007876 learn_rate: 0.001000 
epoch: 2 iter: 12 train_iter_loss: 0.054357 learn_rate: 0.001000 
epoch: 2 iter: 13 train_iter_loss: 0.026597 learn_rate: 0.001000 
epoch: 2 iter: 14 train_iter_loss: 0.011454 learn_rate: 0.001000 
epoch: 2 iter: 15 train_iter_loss: 0.016448 learn_rate: 0.001000 
epoch: 2 iter: 16 train_iter_loss: 0.011284 learn_rate: 0.001000 
epoch: 2 iter: 17 train_iter_loss: 0.012891 learn_rate: 0.001000 
epoch: 2 iter: 18 train_iter_loss: 0.008467 learn_rate: 0.001000 
epoch: 2 iter: 19 train_iter_loss: 0.010738 learn_rate: 0.001000 
epoch: 2 iter: 20 train_iter_loss: 0.022329 learn_rate: 0.001000 
epoch: 2 iter: 21 train_iter_loss: 0.028882 learn_rate: 0.001000 
epoch: 2 iter: 22 train_iter_loss: 0.012478 learn_rate: 0.001000 
epoch: 2 iter: 23 train_iter_loss: 0.017941 learn_rate: 0.001000 
epoch: 2 iter: 24 train_iter_loss: 0.015212 learn_rate: 0.001000 
epoch: 2 iter: 25 train_iter_loss: 0.017247 learn_rate: 0.001000 
epoch: 2 iter: 26 train_iter_loss: 0.019319 learn_rate: 0.001000 
epoch: 2 iter: 27 train_iter_loss: 0.011806 learn_rate: 0.001000 
epoch: 2 iter: 28 train_iter_loss: 0.027189 learn_rate: 0.001000 
epoch: 2 iter: 29 train_iter_loss: 0.011219 learn_rate: 0.001000 
epoch: 2 iter: 30 train_iter_loss: 0.023022 learn_rate: 0.001000 
epoch: 2 iter: 31 train_iter_loss: 0.019736 learn_rate: 0.001000 
epoch: 2 iter: 32 train_iter_loss: 0.022175 learn_rate: 0.001000 
epoch: 2 iter: 33 train_iter_loss: 0.008289 learn_rate: 0.001000 
epoch: 2 iter: 34 train_iter_loss: 0.010532 learn_rate: 0.001000 
epoch: 2 iter: 35 train_iter_loss: 0.012769 learn_rate: 0.001000 
epoch: 2 iter: 36 train_iter_loss: 0.009560 learn_rate: 0.001000 
epoch: 2 iter: 37 train_iter_loss: 0.007324 learn_rate: 0.001000 
epoch: 2 iter: 38 train_iter_loss: 0.011002 learn_rate: 0.001000 
epoch: 2 iter: 39 train_iter_loss: 0.015572 learn_rate: 0.001000 
epoch: 2 iter: 40 train_iter_loss: 0.011377 learn_rate: 0.001000 
epoch: 2 iter: 41 train_iter_loss: 0.010889 learn_rate: 0.001000 
epoch: 2 iter: 42 train_iter_loss: 0.036782 learn_rate: 0.001000 
epoch: 2 iter: 43 train_iter_loss: 0.022588 learn_rate: 0.001000 
epoch: 2 iter: 44 train_iter_loss: 0.009268 learn_rate: 0.001000 
epoch: 2 iter: 45 train_iter_loss: 0.005493 learn_rate: 0.001000 
epoch: 2 iter: 46 train_iter_loss: 0.035685 learn_rate: 0.001000 
epoch: 2 iter: 47 train_iter_loss: 0.038765 learn_rate: 0.001000 
epoch: 2 iter: 48 train_iter_loss: 0.021182 learn_rate: 0.001000 
epoch: 2 iter: 49 train_iter_loss: 0.021995 learn_rate: 0.001000 
epoch: 2 iter: 50 train_iter_loss: 0.018951 learn_rate: 0.001000 
epoch: 2 iter: 51 train_iter_loss: 0.018901 learn_rate: 0.001000 
epoch: 2 iter: 52 train_iter_loss: 0.026879 learn_rate: 0.001000 
epoch: 2 iter: 53 train_iter_loss: 0.016813 learn_rate: 0.001000 
epoch: 2 iter: 54 train_iter_loss: 0.013869 learn_rate: 0.001000 
epoch: 2 train_epoch_loss: 0.017696 learn_rate: 0.001000 test_p: 0.823572 test_r: 0.802548 test_f: 0.812776
epoch: 3 iter: 1 train_iter_loss: 0.010087 learn_rate: 0.001000 
epoch: 3 iter: 2 train_iter_loss: 0.011400 learn_rate: 0.001000 
epoch: 3 iter: 3 train_iter_loss: 0.009742 learn_rate: 0.001000 
epoch: 3 iter: 4 train_iter_loss: 0.009127 learn_rate: 0.001000 
epoch: 3 iter: 5 train_iter_loss: 0.009381 learn_rate: 0.001000 
epoch: 3 iter: 6 train_iter_loss: 0.042548 learn_rate: 0.001000 
epoch: 3 iter: 7 train_iter_loss: 0.028347 learn_rate: 0.001000 
epoch: 3 iter: 8 train_iter_loss: 0.003503 learn_rate: 0.001000 
epoch: 3 iter: 9 train_iter_loss: 0.012781 learn_rate: 0.001000 
epoch: 3 iter: 10 train_iter_loss: 0.013092 learn_rate: 0.001000 
epoch: 3 iter: 11 train_iter_loss: 0.013575 learn_rate: 0.001000 
epoch: 3 iter: 12 train_iter_loss: 0.007418 learn_rate: 0.001000 
epoch: 3 iter: 13 train_iter_loss: 0.006122 learn_rate: 0.001000 
epoch: 3 iter: 14 train_iter_loss: 0.013409 learn_rate: 0.001000 
epoch: 3 iter: 15 train_iter_loss: 0.013436 learn_rate: 0.001000 
epoch: 3 iter: 16 train_iter_loss: 0.007669 learn_rate: 0.001000 
epoch: 3 iter: 17 train_iter_loss: 0.010940 learn_rate: 0.001000 
epoch: 3 iter: 18 train_iter_loss: 0.012682 learn_rate: 0.001000 
epoch: 3 iter: 19 train_iter_loss: 0.009652 learn_rate: 0.001000 
epoch: 3 iter: 20 train_iter_loss: 0.002242 learn_rate: 0.001000 
epoch: 3 iter: 21 train_iter_loss: 0.005811 learn_rate: 0.001000 
epoch: 3 iter: 22 train_iter_loss: 0.009725 learn_rate: 0.001000 
epoch: 3 iter: 23 train_iter_loss: 0.011099 learn_rate: 0.001000 
epoch: 3 iter: 24 train_iter_loss: 0.006667 learn_rate: 0.001000 
epoch: 3 iter: 25 train_iter_loss: 0.006952 learn_rate: 0.001000 
epoch: 3 iter: 26 train_iter_loss: 0.013419 learn_rate: 0.001000 
epoch: 3 iter: 27 train_iter_loss: 0.007015 learn_rate: 0.001000 
epoch: 3 iter: 28 train_iter_loss: 0.020277 learn_rate: 0.001000 
epoch: 3 iter: 29 train_iter_loss: 0.020481 learn_rate: 0.001000 
epoch: 3 iter: 30 train_iter_loss: 0.012559 learn_rate: 0.001000 
epoch: 3 iter: 31 train_iter_loss: 0.006050 learn_rate: 0.001000 
epoch: 3 iter: 32 train_iter_loss: 0.011324 learn_rate: 0.001000 
epoch: 3 iter: 33 train_iter_loss: 0.006110 learn_rate: 0.001000 
epoch: 3 iter: 34 train_iter_loss: 0.007660 learn_rate: 0.001000 
epoch: 3 iter: 35 train_iter_loss: 0.013468 learn_rate: 0.001000 
epoch: 3 iter: 36 train_iter_loss: 0.016096 learn_rate: 0.001000 
epoch: 3 iter: 37 train_iter_loss: 0.008896 learn_rate: 0.001000 
epoch: 3 iter: 38 train_iter_loss: 0.011733 learn_rate: 0.001000 
epoch: 3 iter: 39 train_iter_loss: 0.009216 learn_rate: 0.001000 
epoch: 3 iter: 40 train_iter_loss: 0.010818 learn_rate: 0.001000 
epoch: 3 iter: 41 train_iter_loss: 0.013748 learn_rate: 0.001000 
epoch: 3 iter: 42 train_iter_loss: 0.005199 learn_rate: 0.001000 
epoch: 3 iter: 43 train_iter_loss: 0.004219 learn_rate: 0.001000 
epoch: 3 iter: 44 train_iter_loss: 0.006995 learn_rate: 0.001000 
epoch: 3 iter: 45 train_iter_loss: 0.008126 learn_rate: 0.001000 
epoch: 3 iter: 46 train_iter_loss: 0.008237 learn_rate: 0.001000 
epoch: 3 iter: 47 train_iter_loss: 0.009941 learn_rate: 0.001000 
epoch: 3 iter: 48 train_iter_loss: 0.007465 learn_rate: 0.001000 
epoch: 3 iter: 49 train_iter_loss: 0.008015 learn_rate: 0.001000 
epoch: 3 iter: 50 train_iter_loss: 0.004934 learn_rate: 0.001000 
epoch: 3 iter: 51 train_iter_loss: 0.007726 learn_rate: 0.001000 
epoch: 3 iter: 52 train_iter_loss: 0.009804 learn_rate: 0.001000 
epoch: 3 iter: 53 train_iter_loss: 0.009154 learn_rate: 0.001000 
epoch: 3 iter: 54 train_iter_loss: 0.012294 learn_rate: 0.001000 
epoch: 3 train_epoch_loss: 0.010711 learn_rate: 0.001000 test_p: 0.843334 test_r: 0.822419 test_f: 0.832532
epoch: 4 iter: 1 train_iter_loss: 0.008320 learn_rate: 0.001000 
epoch: 4 iter: 2 train_iter_loss: 0.007608 learn_rate: 0.001000 
epoch: 4 iter: 3 train_iter_loss: 0.003191 learn_rate: 0.001000 
epoch: 4 iter: 4 train_iter_loss: 0.008992 learn_rate: 0.001000 
epoch: 4 iter: 5 train_iter_loss: 0.006140 learn_rate: 0.001000 
epoch: 4 iter: 6 train_iter_loss: 0.009291 learn_rate: 0.001000 
epoch: 4 iter: 7 train_iter_loss: 0.016156 learn_rate: 0.001000 
epoch: 4 iter: 8 train_iter_loss: 0.011059 learn_rate: 0.001000 
epoch: 4 iter: 9 train_iter_loss: 0.011714 learn_rate: 0.001000 
epoch: 4 iter: 10 train_iter_loss: 0.007132 learn_rate: 0.001000 
epoch: 4 iter: 11 train_iter_loss: 0.007249 learn_rate: 0.001000 
epoch: 4 iter: 12 train_iter_loss: 0.014345 learn_rate: 0.001000 
epoch: 4 iter: 13 train_iter_loss: 0.008466 learn_rate: 0.001000 
epoch: 4 iter: 14 train_iter_loss: 0.008350 learn_rate: 0.001000 
epoch: 4 iter: 15 train_iter_loss: 0.005042 learn_rate: 0.001000 
epoch: 4 iter: 16 train_iter_loss: 0.005523 learn_rate: 0.001000 
epoch: 4 iter: 17 train_iter_loss: 0.007407 learn_rate: 0.001000 
epoch: 4 iter: 18 train_iter_loss: 0.021085 learn_rate: 0.001000 
epoch: 4 iter: 19 train_iter_loss: 0.011416 learn_rate: 0.001000 
epoch: 4 iter: 20 train_iter_loss: 0.006609 learn_rate: 0.001000 
epoch: 4 iter: 21 train_iter_loss: 0.006061 learn_rate: 0.001000 
epoch: 4 iter: 22 train_iter_loss: 0.007577 learn_rate: 0.001000 
epoch: 4 iter: 23 train_iter_loss: 0.008303 learn_rate: 0.001000 
epoch: 4 iter: 24 train_iter_loss: 0.011954 learn_rate: 0.001000 
epoch: 4 iter: 25 train_iter_loss: 0.008140 learn_rate: 0.001000 
epoch: 4 iter: 26 train_iter_loss: 0.006381 learn_rate: 0.001000 
epoch: 4 iter: 27 train_iter_loss: 0.004087 learn_rate: 0.001000 
epoch: 4 iter: 28 train_iter_loss: 0.005706 learn_rate: 0.001000 
epoch: 4 iter: 29 train_iter_loss: 0.009617 learn_rate: 0.001000 
epoch: 4 iter: 30 train_iter_loss: 0.007054 learn_rate: 0.001000 
epoch: 4 iter: 31 train_iter_loss: 0.006183 learn_rate: 0.001000 
epoch: 4 iter: 32 train_iter_loss: 0.004435 learn_rate: 0.001000 
epoch: 4 iter: 33 train_iter_loss: 0.006010 learn_rate: 0.001000 
epoch: 4 iter: 34 train_iter_loss: 0.007007 learn_rate: 0.001000 
epoch: 4 iter: 35 train_iter_loss: 0.005275 learn_rate: 0.001000 
epoch: 4 iter: 36 train_iter_loss: 0.008165 learn_rate: 0.001000 
epoch: 4 iter: 37 train_iter_loss: 0.006385 learn_rate: 0.001000 
epoch: 4 iter: 38 train_iter_loss: 0.004721 learn_rate: 0.001000 
epoch: 4 iter: 39 train_iter_loss: 0.003993 learn_rate: 0.001000 
epoch: 4 iter: 40 train_iter_loss: 0.011745 learn_rate: 0.001000 
epoch: 4 iter: 41 train_iter_loss: 0.004203 learn_rate: 0.001000 
epoch: 4 iter: 42 train_iter_loss: 0.008482 learn_rate: 0.001000 
epoch: 4 iter: 43 train_iter_loss: 0.007117 learn_rate: 0.001000 
epoch: 4 iter: 44 train_iter_loss: 0.011127 learn_rate: 0.001000 
epoch: 4 iter: 45 train_iter_loss: 0.005738 learn_rate: 0.001000 
epoch: 4 iter: 46 train_iter_loss: 0.010096 learn_rate: 0.001000 
epoch: 4 iter: 47 train_iter_loss: 0.004471 learn_rate: 0.001000 
epoch: 4 iter: 48 train_iter_loss: 0.008374 learn_rate: 0.001000 
epoch: 4 iter: 49 train_iter_loss: 0.008767 learn_rate: 0.001000 
epoch: 4 iter: 50 train_iter_loss: 0.007738 learn_rate: 0.001000 
epoch: 4 iter: 51 train_iter_loss: 0.005179 learn_rate: 0.001000 
epoch: 4 iter: 52 train_iter_loss: 0.004965 learn_rate: 0.001000 
epoch: 4 iter: 53 train_iter_loss: 0.011279 learn_rate: 0.001000 
epoch: 4 iter: 54 train_iter_loss: 0.005922 learn_rate: 0.001000 
epoch: 4 train_epoch_loss: 0.007914 learn_rate: 0.001000 test_p: 0.850466 test_r: 0.821334 test_f: 0.835225
epoch: 5 iter: 1 train_iter_loss: 0.005210 learn_rate: 0.001000 
epoch: 5 iter: 2 train_iter_loss: 0.006515 learn_rate: 0.001000 
epoch: 5 iter: 3 train_iter_loss: 0.010684 learn_rate: 0.001000 
epoch: 5 iter: 4 train_iter_loss: 0.006319 learn_rate: 0.001000 
epoch: 5 iter: 5 train_iter_loss: 0.004964 learn_rate: 0.001000 
epoch: 5 iter: 6 train_iter_loss: 0.006743 learn_rate: 0.001000 
epoch: 5 iter: 7 train_iter_loss: 0.009233 learn_rate: 0.001000 
epoch: 5 iter: 8 train_iter_loss: 0.008162 learn_rate: 0.001000 
epoch: 5 iter: 9 train_iter_loss: 0.006731 learn_rate: 0.001000 
epoch: 5 iter: 10 train_iter_loss: 0.004648 learn_rate: 0.001000 
epoch: 5 iter: 11 train_iter_loss: 0.004175 learn_rate: 0.001000 
epoch: 5 iter: 12 train_iter_loss: 0.005637 learn_rate: 0.001000 
epoch: 5 iter: 13 train_iter_loss: 0.003858 learn_rate: 0.001000 
epoch: 5 iter: 14 train_iter_loss: 0.002306 learn_rate: 0.001000 
epoch: 5 iter: 15 train_iter_loss: 0.004637 learn_rate: 0.001000 
epoch: 5 iter: 16 train_iter_loss: 0.004177 learn_rate: 0.001000 
epoch: 5 iter: 17 train_iter_loss: 0.008189 learn_rate: 0.001000 
epoch: 5 iter: 18 train_iter_loss: 0.008698 learn_rate: 0.001000 
epoch: 5 iter: 19 train_iter_loss: 0.006408 learn_rate: 0.001000 
epoch: 5 iter: 20 train_iter_loss: 0.010008 learn_rate: 0.001000 
epoch: 5 iter: 21 train_iter_loss: 0.011410 learn_rate: 0.001000 
epoch: 5 iter: 22 train_iter_loss: 0.006194 learn_rate: 0.001000 
epoch: 5 iter: 23 train_iter_loss: 0.003179 learn_rate: 0.001000 
epoch: 5 iter: 24 train_iter_loss: 0.004359 learn_rate: 0.001000 
epoch: 5 iter: 25 train_iter_loss: 0.005420 learn_rate: 0.001000 
epoch: 5 iter: 26 train_iter_loss: 0.006253 learn_rate: 0.001000 
epoch: 5 iter: 27 train_iter_loss: 0.013578 learn_rate: 0.001000 
epoch: 5 iter: 28 train_iter_loss: 0.006525 learn_rate: 0.001000 
epoch: 5 iter: 29 train_iter_loss: 0.007368 learn_rate: 0.001000 
epoch: 5 iter: 30 train_iter_loss: 0.008585 learn_rate: 0.001000 
epoch: 5 iter: 31 train_iter_loss: 0.004838 learn_rate: 0.001000 
epoch: 5 iter: 32 train_iter_loss: 0.007920 learn_rate: 0.001000 
epoch: 5 iter: 33 train_iter_loss: 0.007242 learn_rate: 0.001000 
epoch: 5 iter: 34 train_iter_loss: 0.005285 learn_rate: 0.001000 
epoch: 5 iter: 35 train_iter_loss: 0.005363 learn_rate: 0.001000 
epoch: 5 iter: 36 train_iter_loss: 0.010163 learn_rate: 0.001000 
epoch: 5 iter: 37 train_iter_loss: 0.005836 learn_rate: 0.001000 
epoch: 5 iter: 38 train_iter_loss: 0.006338 learn_rate: 0.001000 
epoch: 5 iter: 39 train_iter_loss: 0.004068 learn_rate: 0.001000 
epoch: 5 iter: 40 train_iter_loss: 0.006268 learn_rate: 0.001000 
epoch: 5 iter: 41 train_iter_loss: 0.006549 learn_rate: 0.001000 
epoch: 5 iter: 42 train_iter_loss: 0.004487 learn_rate: 0.001000 
epoch: 5 iter: 43 train_iter_loss: 0.005604 learn_rate: 0.001000 
epoch: 5 iter: 44 train_iter_loss: 0.006927 learn_rate: 0.001000 
epoch: 5 iter: 45 train_iter_loss: 0.008411 learn_rate: 0.001000 
epoch: 5 iter: 46 train_iter_loss: 0.008982 learn_rate: 0.001000 
epoch: 5 iter: 47 train_iter_loss: 0.011234 learn_rate: 0.001000 
epoch: 5 iter: 48 train_iter_loss: 0.010980 learn_rate: 0.001000 
epoch: 5 iter: 49 train_iter_loss: 0.008884 learn_rate: 0.001000 
epoch: 5 iter: 50 train_iter_loss: 0.007785 learn_rate: 0.001000 
epoch: 5 iter: 51 train_iter_loss: 0.003305 learn_rate: 0.001000 
epoch: 5 iter: 52 train_iter_loss: 0.006102 learn_rate: 0.001000 
epoch: 5 iter: 53 train_iter_loss: 0.013638 learn_rate: 0.001000 
epoch: 5 iter: 54 train_iter_loss: 0.007948 learn_rate: 0.001000 
epoch: 5 train_epoch_loss: 0.006932 learn_rate: 0.001000 test_p: 0.854133 test_r: 0.828142 test_f: 0.840549
epoch: 6 iter: 1 train_iter_loss: 0.012097 learn_rate: 0.001000 
epoch: 6 iter: 2 train_iter_loss: 0.004613 learn_rate: 0.001000 
epoch: 6 iter: 3 train_iter_loss: 0.006587 learn_rate: 0.001000 
epoch: 6 iter: 4 train_iter_loss: 0.004274 learn_rate: 0.001000 
epoch: 6 iter: 5 train_iter_loss: 0.008882 learn_rate: 0.001000 
epoch: 6 iter: 6 train_iter_loss: 0.003729 learn_rate: 0.001000 
epoch: 6 iter: 7 train_iter_loss: 0.014855 learn_rate: 0.001000 
epoch: 6 iter: 8 train_iter_loss: 0.004673 learn_rate: 0.001000 
epoch: 6 iter: 9 train_iter_loss: 0.005460 learn_rate: 0.001000 
epoch: 6 iter: 10 train_iter_loss: 0.006751 learn_rate: 0.001000 
epoch: 6 iter: 11 train_iter_loss: 0.010351 learn_rate: 0.001000 
epoch: 6 iter: 12 train_iter_loss: 0.006972 learn_rate: 0.001000 
epoch: 6 iter: 13 train_iter_loss: 0.011814 learn_rate: 0.001000 
epoch: 6 iter: 14 train_iter_loss: 0.004207 learn_rate: 0.001000 
epoch: 6 iter: 15 train_iter_loss: 0.009932 learn_rate: 0.001000 
epoch: 6 iter: 16 train_iter_loss: 0.008364 learn_rate: 0.001000 
epoch: 6 iter: 17 train_iter_loss: 0.007628 learn_rate: 0.001000 
epoch: 6 iter: 18 train_iter_loss: 0.012866 learn_rate: 0.001000 
epoch: 6 iter: 19 train_iter_loss: 0.005294 learn_rate: 0.001000 
epoch: 6 iter: 20 train_iter_loss: 0.008617 learn_rate: 0.001000 
epoch: 6 iter: 21 train_iter_loss: 0.008020 learn_rate: 0.001000 
epoch: 6 iter: 22 train_iter_loss: 0.004532 learn_rate: 0.001000 
epoch: 6 iter: 23 train_iter_loss: 0.005397 learn_rate: 0.001000 
epoch: 6 iter: 24 train_iter_loss: 0.011674 learn_rate: 0.001000 
epoch: 6 iter: 25 train_iter_loss: 0.007495 learn_rate: 0.001000 
epoch: 6 iter: 26 train_iter_loss: 0.002666 learn_rate: 0.001000 
epoch: 6 iter: 27 train_iter_loss: 0.007649 learn_rate: 0.001000 
epoch: 6 iter: 28 train_iter_loss: 0.007569 learn_rate: 0.001000 
epoch: 6 iter: 29 train_iter_loss: 0.003396 learn_rate: 0.001000 
epoch: 6 iter: 30 train_iter_loss: 0.003483 learn_rate: 0.001000 
epoch: 6 iter: 31 train_iter_loss: 0.005149 learn_rate: 0.001000 
epoch: 6 iter: 32 train_iter_loss: 0.006529 learn_rate: 0.001000 
epoch: 6 iter: 33 train_iter_loss: 0.006893 learn_rate: 0.001000 
epoch: 6 iter: 34 train_iter_loss: 0.005098 learn_rate: 0.001000 
epoch: 6 iter: 35 train_iter_loss: 0.004719 learn_rate: 0.001000 
epoch: 6 iter: 36 train_iter_loss: 0.003068 learn_rate: 0.001000 
epoch: 6 iter: 37 train_iter_loss: 0.005406 learn_rate: 0.001000 
epoch: 6 iter: 38 train_iter_loss: 0.004621 learn_rate: 0.001000 
epoch: 6 iter: 39 train_iter_loss: 0.004793 learn_rate: 0.001000 
epoch: 6 iter: 40 train_iter_loss: 0.007048 learn_rate: 0.001000 
epoch: 6 iter: 41 train_iter_loss: 0.007678 learn_rate: 0.001000 
epoch: 6 iter: 42 train_iter_loss: 0.008176 learn_rate: 0.001000 
epoch: 6 iter: 43 train_iter_loss: 0.010118 learn_rate: 0.001000 
epoch: 6 iter: 44 train_iter_loss: 0.004942 learn_rate: 0.001000 
epoch: 6 iter: 45 train_iter_loss: 0.004984 learn_rate: 0.001000 
epoch: 6 iter: 46 train_iter_loss: 0.003136 learn_rate: 0.001000 
epoch: 6 iter: 47 train_iter_loss: 0.005981 learn_rate: 0.001000 
epoch: 6 iter: 48 train_iter_loss: 0.004497 learn_rate: 0.001000 
epoch: 6 iter: 49 train_iter_loss: 0.004043 learn_rate: 0.001000 
epoch: 6 iter: 50 train_iter_loss: 0.005323 learn_rate: 0.001000 
epoch: 6 iter: 51 train_iter_loss: 0.005945 learn_rate: 0.001000 
epoch: 6 iter: 52 train_iter_loss: 0.005897 learn_rate: 0.001000 
epoch: 6 iter: 53 train_iter_loss: 0.007679 learn_rate: 0.001000 
epoch: 6 iter: 54 train_iter_loss: 0.004810 learn_rate: 0.001000 
epoch: 6 train_epoch_loss: 0.006600 learn_rate: 0.001000 test_p: 0.861172 test_r: 0.841650 test_f: 0.850979
epoch: 7 iter: 1 train_iter_loss: 0.006086 learn_rate: 0.001000 
epoch: 7 iter: 2 train_iter_loss: 0.003226 learn_rate: 0.001000 
epoch: 7 iter: 3 train_iter_loss: 0.010112 learn_rate: 0.001000 
epoch: 7 iter: 4 train_iter_loss: 0.006821 learn_rate: 0.001000 
epoch: 7 iter: 5 train_iter_loss: 0.003725 learn_rate: 0.001000 
epoch: 7 iter: 6 train_iter_loss: 0.008400 learn_rate: 0.001000 
epoch: 7 iter: 7 train_iter_loss: 0.008363 learn_rate: 0.001000 
epoch: 7 iter: 8 train_iter_loss: 0.003167 learn_rate: 0.001000 
epoch: 7 iter: 9 train_iter_loss: 0.005320 learn_rate: 0.001000 
epoch: 7 iter: 10 train_iter_loss: 0.005057 learn_rate: 0.001000 
epoch: 7 iter: 11 train_iter_loss: 0.007386 learn_rate: 0.001000 
epoch: 7 iter: 12 train_iter_loss: 0.008917 learn_rate: 0.001000 
epoch: 7 iter: 13 train_iter_loss: 0.019593 learn_rate: 0.001000 
epoch: 7 iter: 14 train_iter_loss: 0.008504 learn_rate: 0.001000 
epoch: 7 iter: 15 train_iter_loss: 0.005494 learn_rate: 0.001000 
epoch: 7 iter: 16 train_iter_loss: 0.005991 learn_rate: 0.001000 
epoch: 7 iter: 17 train_iter_loss: 0.004622 learn_rate: 0.001000 
epoch: 7 iter: 18 train_iter_loss: 0.006680 learn_rate: 0.001000 
epoch: 7 iter: 19 train_iter_loss: 0.007430 learn_rate: 0.001000 
epoch: 7 iter: 20 train_iter_loss: 0.006621 learn_rate: 0.001000 
epoch: 7 iter: 21 train_iter_loss: 0.009259 learn_rate: 0.001000 
epoch: 7 iter: 22 train_iter_loss: 0.004529 learn_rate: 0.001000 
epoch: 7 iter: 23 train_iter_loss: 0.009150 learn_rate: 0.001000 
epoch: 7 iter: 24 train_iter_loss: 0.006243 learn_rate: 0.001000 
epoch: 7 iter: 25 train_iter_loss: 0.005028 learn_rate: 0.001000 
epoch: 7 iter: 26 train_iter_loss: 0.005745 learn_rate: 0.001000 
epoch: 7 iter: 27 train_iter_loss: 0.003758 learn_rate: 0.001000 
epoch: 7 iter: 28 train_iter_loss: 0.003473 learn_rate: 0.001000 
epoch: 7 iter: 29 train_iter_loss: 0.007030 learn_rate: 0.001000 
epoch: 7 iter: 30 train_iter_loss: 0.004155 learn_rate: 0.001000 
epoch: 7 iter: 31 train_iter_loss: 0.004054 learn_rate: 0.001000 
epoch: 7 iter: 32 train_iter_loss: 0.006579 learn_rate: 0.001000 
epoch: 7 iter: 33 train_iter_loss: 0.006588 learn_rate: 0.001000 
epoch: 7 iter: 34 train_iter_loss: 0.004115 learn_rate: 0.001000 
epoch: 7 iter: 35 train_iter_loss: 0.006284 learn_rate: 0.001000 
epoch: 7 iter: 36 train_iter_loss: 0.001915 learn_rate: 0.001000 
epoch: 7 iter: 37 train_iter_loss: 0.004554 learn_rate: 0.001000 
epoch: 7 iter: 38 train_iter_loss: 0.006691 learn_rate: 0.001000 
epoch: 7 iter: 39 train_iter_loss: 0.002964 learn_rate: 0.001000 
epoch: 7 iter: 40 train_iter_loss: 0.003072 learn_rate: 0.001000 
epoch: 7 iter: 41 train_iter_loss: 0.006750 learn_rate: 0.001000 
epoch: 7 iter: 42 train_iter_loss: 0.002969 learn_rate: 0.001000 
epoch: 7 iter: 43 train_iter_loss: 0.004804 learn_rate: 0.001000 
epoch: 7 iter: 44 train_iter_loss: 0.006021 learn_rate: 0.001000 
epoch: 7 iter: 45 train_iter_loss: 0.005421 learn_rate: 0.001000 
epoch: 7 iter: 46 train_iter_loss: 0.005069 learn_rate: 0.001000 
epoch: 7 iter: 47 train_iter_loss: 0.002277 learn_rate: 0.001000 
epoch: 7 iter: 48 train_iter_loss: 0.003455 learn_rate: 0.001000 
epoch: 7 iter: 49 train_iter_loss: 0.003645 learn_rate: 0.001000 
epoch: 7 iter: 50 train_iter_loss: 0.006043 learn_rate: 0.001000 
epoch: 7 iter: 51 train_iter_loss: 0.002476 learn_rate: 0.001000 
epoch: 7 iter: 52 train_iter_loss: 0.002595 learn_rate: 0.001000 
epoch: 7 iter: 53 train_iter_loss: 0.006147 learn_rate: 0.001000 
epoch: 7 iter: 54 train_iter_loss: 0.009315 learn_rate: 0.001000 
epoch: 7 train_epoch_loss: 0.005809 learn_rate: 0.001000 test_p: 0.861815 test_r: 0.840780 test_f: 0.850874
epoch: 8 iter: 1 train_iter_loss: 0.004431 learn_rate: 0.001000 
epoch: 8 iter: 2 train_iter_loss: 0.001976 learn_rate: 0.001000 
epoch: 8 iter: 3 train_iter_loss: 0.007433 learn_rate: 0.001000 
epoch: 8 iter: 4 train_iter_loss: 0.005034 learn_rate: 0.001000 
epoch: 8 iter: 5 train_iter_loss: 0.005520 learn_rate: 0.001000 
epoch: 8 iter: 6 train_iter_loss: 0.005198 learn_rate: 0.001000 
epoch: 8 iter: 7 train_iter_loss: 0.003082 learn_rate: 0.001000 
epoch: 8 iter: 8 train_iter_loss: 0.006049 learn_rate: 0.001000 
epoch: 8 iter: 9 train_iter_loss: 0.004542 learn_rate: 0.001000 
epoch: 8 iter: 10 train_iter_loss: 0.004009 learn_rate: 0.001000 
epoch: 8 iter: 11 train_iter_loss: 0.010187 learn_rate: 0.001000 
epoch: 8 iter: 12 train_iter_loss: 0.006475 learn_rate: 0.001000 
epoch: 8 iter: 13 train_iter_loss: 0.005367 learn_rate: 0.001000 
epoch: 8 iter: 14 train_iter_loss: 0.004987 learn_rate: 0.001000 
epoch: 8 iter: 15 train_iter_loss: 0.004749 learn_rate: 0.001000 
epoch: 8 iter: 16 train_iter_loss: 0.006452 learn_rate: 0.001000 
epoch: 8 iter: 17 train_iter_loss: 0.007481 learn_rate: 0.001000 
epoch: 8 iter: 18 train_iter_loss: 0.004632 learn_rate: 0.001000 
epoch: 8 iter: 19 train_iter_loss: 0.006476 learn_rate: 0.001000 
epoch: 8 iter: 20 train_iter_loss: 0.005181 learn_rate: 0.001000 
epoch: 8 iter: 21 train_iter_loss: 0.003341 learn_rate: 0.001000 
epoch: 8 iter: 22 train_iter_loss: 0.003276 learn_rate: 0.001000 
epoch: 8 iter: 23 train_iter_loss: 0.004478 learn_rate: 0.001000 
epoch: 8 iter: 24 train_iter_loss: 0.005212 learn_rate: 0.001000 
epoch: 8 iter: 25 train_iter_loss: 0.004870 learn_rate: 0.001000 
epoch: 8 iter: 26 train_iter_loss: 0.004161 learn_rate: 0.001000 
epoch: 8 iter: 27 train_iter_loss: 0.007966 learn_rate: 0.001000 
epoch: 8 iter: 28 train_iter_loss: 0.004947 learn_rate: 0.001000 
epoch: 8 iter: 29 train_iter_loss: 0.008744 learn_rate: 0.001000 
epoch: 8 iter: 30 train_iter_loss: 0.006823 learn_rate: 0.001000 
epoch: 8 iter: 31 train_iter_loss: 0.003812 learn_rate: 0.001000 
epoch: 8 iter: 32 train_iter_loss: 0.003669 learn_rate: 0.001000 
epoch: 8 iter: 33 train_iter_loss: 0.009966 learn_rate: 0.001000 
epoch: 8 iter: 34 train_iter_loss: 0.004901 learn_rate: 0.001000 
epoch: 8 iter: 35 train_iter_loss: 0.005937 learn_rate: 0.001000 
epoch: 8 iter: 36 train_iter_loss: 0.004802 learn_rate: 0.001000 
epoch: 8 iter: 37 train_iter_loss: 0.005874 learn_rate: 0.001000 
epoch: 8 iter: 38 train_iter_loss: 0.006496 learn_rate: 0.001000 
epoch: 8 iter: 39 train_iter_loss: 0.005189 learn_rate: 0.001000 
epoch: 8 iter: 40 train_iter_loss: 0.002702 learn_rate: 0.001000 
epoch: 8 iter: 41 train_iter_loss: 0.008367 learn_rate: 0.001000 
epoch: 8 iter: 42 train_iter_loss: 0.005029 learn_rate: 0.001000 
epoch: 8 iter: 43 train_iter_loss: 0.004560 learn_rate: 0.001000 
epoch: 8 iter: 44 train_iter_loss: 0.004549 learn_rate: 0.001000 
epoch: 8 iter: 45 train_iter_loss: 0.005032 learn_rate: 0.001000 
epoch: 8 iter: 46 train_iter_loss: 0.004731 learn_rate: 0.001000 
epoch: 8 iter: 47 train_iter_loss: 0.005900 learn_rate: 0.001000 
epoch: 8 iter: 48 train_iter_loss: 0.009794 learn_rate: 0.001000 
epoch: 8 iter: 49 train_iter_loss: 0.003431 learn_rate: 0.001000 
epoch: 8 iter: 50 train_iter_loss: 0.003191 learn_rate: 0.001000 
epoch: 8 iter: 51 train_iter_loss: 0.004467 learn_rate: 0.001000 
epoch: 8 iter: 52 train_iter_loss: 0.005821 learn_rate: 0.001000 
epoch: 8 iter: 53 train_iter_loss: 0.004562 learn_rate: 0.001000 
epoch: 8 iter: 54 train_iter_loss: 0.002998 learn_rate: 0.001000 
epoch: 8 train_epoch_loss: 0.005349 learn_rate: 0.001000 test_p: 0.859819 test_r: 0.834981 test_f: 0.846866
epoch: 9 iter: 1 train_iter_loss: 0.004482 learn_rate: 0.001000 
epoch: 9 iter: 2 train_iter_loss: 0.004570 learn_rate: 0.001000 
epoch: 9 iter: 3 train_iter_loss: 0.003273 learn_rate: 0.001000 
epoch: 9 iter: 4 train_iter_loss: 0.004957 learn_rate: 0.001000 
epoch: 9 iter: 5 train_iter_loss: 0.003387 learn_rate: 0.001000 
epoch: 9 iter: 6 train_iter_loss: 0.006800 learn_rate: 0.001000 
epoch: 9 iter: 7 train_iter_loss: 0.008323 learn_rate: 0.001000 
epoch: 9 iter: 8 train_iter_loss: 0.006404 learn_rate: 0.001000 
epoch: 9 iter: 9 train_iter_loss: 0.013080 learn_rate: 0.001000 
epoch: 9 iter: 10 train_iter_loss: 0.007581 learn_rate: 0.001000 
epoch: 9 iter: 11 train_iter_loss: 0.007580 learn_rate: 0.001000 
epoch: 9 iter: 12 train_iter_loss: 0.003415 learn_rate: 0.001000 
epoch: 9 iter: 13 train_iter_loss: 0.005635 learn_rate: 0.001000 
epoch: 9 iter: 14 train_iter_loss: 0.009927 learn_rate: 0.001000 
epoch: 9 iter: 15 train_iter_loss: 0.002246 learn_rate: 0.001000 
epoch: 9 iter: 16 train_iter_loss: 0.006480 learn_rate: 0.001000 
epoch: 9 iter: 17 train_iter_loss: 0.006657 learn_rate: 0.001000 
epoch: 9 iter: 18 train_iter_loss: 0.005763 learn_rate: 0.001000 
epoch: 9 iter: 19 train_iter_loss: 0.004702 learn_rate: 0.001000 
epoch: 9 iter: 20 train_iter_loss: 0.004381 learn_rate: 0.001000 
epoch: 9 iter: 21 train_iter_loss: 0.004423 learn_rate: 0.001000 
epoch: 9 iter: 22 train_iter_loss: 0.008015 learn_rate: 0.001000 
epoch: 9 iter: 23 train_iter_loss: 0.006684 learn_rate: 0.001000 
epoch: 9 iter: 24 train_iter_loss: 0.001868 learn_rate: 0.001000 
epoch: 9 iter: 25 train_iter_loss: 0.004210 learn_rate: 0.001000 
epoch: 9 iter: 26 train_iter_loss: 0.005961 learn_rate: 0.001000 
epoch: 9 iter: 27 train_iter_loss: 0.007684 learn_rate: 0.001000 
epoch: 9 iter: 28 train_iter_loss: 0.002709 learn_rate: 0.001000 
epoch: 9 iter: 29 train_iter_loss: 0.003380 learn_rate: 0.001000 
epoch: 9 iter: 30 train_iter_loss: 0.004128 learn_rate: 0.001000 
epoch: 9 iter: 31 train_iter_loss: 0.005240 learn_rate: 0.001000 
epoch: 9 iter: 32 train_iter_loss: 0.007247 learn_rate: 0.001000 
epoch: 9 iter: 33 train_iter_loss: 0.008091 learn_rate: 0.001000 
epoch: 9 iter: 34 train_iter_loss: 0.005667 learn_rate: 0.001000 
epoch: 9 iter: 35 train_iter_loss: 0.004945 learn_rate: 0.001000 
epoch: 9 iter: 36 train_iter_loss: 0.004895 learn_rate: 0.001000 
epoch: 9 iter: 37 train_iter_loss: 0.002757 learn_rate: 0.001000 
epoch: 9 iter: 38 train_iter_loss: 0.012993 learn_rate: 0.001000 
epoch: 9 iter: 39 train_iter_loss: 0.006640 learn_rate: 0.001000 
epoch: 9 iter: 40 train_iter_loss: 0.009855 learn_rate: 0.001000 
epoch: 9 iter: 41 train_iter_loss: 0.004693 learn_rate: 0.001000 
epoch: 9 iter: 42 train_iter_loss: 0.008049 learn_rate: 0.001000 
epoch: 9 iter: 43 train_iter_loss: 0.005578 learn_rate: 0.001000 
epoch: 9 iter: 44 train_iter_loss: 0.010628 learn_rate: 0.001000 
epoch: 9 iter: 45 train_iter_loss: 0.003747 learn_rate: 0.001000 
epoch: 9 iter: 46 train_iter_loss: 0.004608 learn_rate: 0.001000 
epoch: 9 iter: 47 train_iter_loss: 0.008464 learn_rate: 0.001000 
epoch: 9 iter: 48 train_iter_loss: 0.004216 learn_rate: 0.001000 
epoch: 9 iter: 49 train_iter_loss: 0.002873 learn_rate: 0.001000 
epoch: 9 iter: 50 train_iter_loss: 0.005332 learn_rate: 0.001000 
epoch: 9 iter: 51 train_iter_loss: 0.009728 learn_rate: 0.001000 
epoch: 9 iter: 52 train_iter_loss: 0.004052 learn_rate: 0.001000 
epoch: 9 iter: 53 train_iter_loss: 0.007143 learn_rate: 0.001000 
epoch: 9 iter: 54 train_iter_loss: 0.006717 learn_rate: 0.001000 
epoch: 9 train_epoch_loss: 0.005979 learn_rate: 0.001000 test_p: 0.856164 test_r: 0.835475 test_f: 0.845440
epoch: 10 iter: 1 train_iter_loss: 0.007930 learn_rate: 0.001000 
epoch: 10 iter: 2 train_iter_loss: 0.002703 learn_rate: 0.001000 
epoch: 10 iter: 3 train_iter_loss: 0.006212 learn_rate: 0.001000 
epoch: 10 iter: 4 train_iter_loss: 0.005012 learn_rate: 0.001000 
epoch: 10 iter: 5 train_iter_loss: 0.007958 learn_rate: 0.001000 
epoch: 10 iter: 6 train_iter_loss: 0.005558 learn_rate: 0.001000 
epoch: 10 iter: 7 train_iter_loss: 0.008021 learn_rate: 0.001000 
epoch: 10 iter: 8 train_iter_loss: 0.005604 learn_rate: 0.001000 
epoch: 10 iter: 9 train_iter_loss: 0.006177 learn_rate: 0.001000 
epoch: 10 iter: 10 train_iter_loss: 0.004328 learn_rate: 0.001000 
epoch: 10 iter: 11 train_iter_loss: 0.004882 learn_rate: 0.001000 
epoch: 10 iter: 12 train_iter_loss: 0.006059 learn_rate: 0.001000 
epoch: 10 iter: 13 train_iter_loss: 0.010836 learn_rate: 0.001000 
epoch: 10 iter: 14 train_iter_loss: 0.004882 learn_rate: 0.001000 
epoch: 10 iter: 15 train_iter_loss: 0.004059 learn_rate: 0.001000 
epoch: 10 iter: 16 train_iter_loss: 0.005942 learn_rate: 0.001000 
epoch: 10 iter: 17 train_iter_loss: 0.005207 learn_rate: 0.001000 
epoch: 10 iter: 18 train_iter_loss: 0.006859 learn_rate: 0.001000 
epoch: 10 iter: 19 train_iter_loss: 0.009501 learn_rate: 0.001000 
epoch: 10 iter: 20 train_iter_loss: 0.006076 learn_rate: 0.001000 
epoch: 10 iter: 21 train_iter_loss: 0.006166 learn_rate: 0.001000 
epoch: 10 iter: 22 train_iter_loss: 0.005133 learn_rate: 0.001000 
epoch: 10 iter: 23 train_iter_loss: 0.001106 learn_rate: 0.001000 
epoch: 10 iter: 24 train_iter_loss: 0.007961 learn_rate: 0.001000 
epoch: 10 iter: 25 train_iter_loss: 0.007226 learn_rate: 0.001000 
epoch: 10 iter: 26 train_iter_loss: 0.004762 learn_rate: 0.001000 
epoch: 10 iter: 27 train_iter_loss: 0.011365 learn_rate: 0.001000 
epoch: 10 iter: 28 train_iter_loss: 0.006091 learn_rate: 0.001000 
epoch: 10 iter: 29 train_iter_loss: 0.007925 learn_rate: 0.001000 
epoch: 10 iter: 30 train_iter_loss: 0.007147 learn_rate: 0.001000 
epoch: 10 iter: 31 train_iter_loss: 0.003176 learn_rate: 0.001000 
epoch: 10 iter: 32 train_iter_loss: 0.005289 learn_rate: 0.001000 
epoch: 10 iter: 33 train_iter_loss: 0.002632 learn_rate: 0.001000 
epoch: 10 iter: 34 train_iter_loss: 0.006136 learn_rate: 0.001000 
epoch: 10 iter: 35 train_iter_loss: 0.003342 learn_rate: 0.001000 
epoch: 10 iter: 36 train_iter_loss: 0.004991 learn_rate: 0.001000 
epoch: 10 iter: 37 train_iter_loss: 0.003793 learn_rate: 0.001000 
epoch: 10 iter: 38 train_iter_loss: 0.005301 learn_rate: 0.001000 
epoch: 10 iter: 39 train_iter_loss: 0.002787 learn_rate: 0.001000 
epoch: 10 iter: 40 train_iter_loss: 0.006197 learn_rate: 0.001000 
epoch: 10 iter: 41 train_iter_loss: 0.003539 learn_rate: 0.001000 
epoch: 10 iter: 42 train_iter_loss: 0.006537 learn_rate: 0.001000 
epoch: 10 iter: 43 train_iter_loss: 0.004339 learn_rate: 0.001000 
epoch: 10 iter: 44 train_iter_loss: 0.004447 learn_rate: 0.001000 
epoch: 10 iter: 45 train_iter_loss: 0.006165 learn_rate: 0.001000 
epoch: 10 iter: 46 train_iter_loss: 0.003646 learn_rate: 0.001000 
epoch: 10 iter: 47 train_iter_loss: 0.002542 learn_rate: 0.001000 
epoch: 10 iter: 48 train_iter_loss: 0.008019 learn_rate: 0.001000 
epoch: 10 iter: 49 train_iter_loss: 0.005138 learn_rate: 0.001000 
epoch: 10 iter: 50 train_iter_loss: 0.006249 learn_rate: 0.001000 
epoch: 10 iter: 51 train_iter_loss: 0.005167 learn_rate: 0.001000 
epoch: 10 iter: 52 train_iter_loss: 0.008655 learn_rate: 0.001000 
epoch: 10 iter: 53 train_iter_loss: 0.003921 learn_rate: 0.001000 
epoch: 10 iter: 54 train_iter_loss: 0.004512 learn_rate: 0.001000 
epoch: 10 train_epoch_loss: 0.005652 learn_rate: 0.001000 test_p: 0.863894 test_r: 0.843547 test_f: 0.853347
epoch: 11 iter: 1 train_iter_loss: 0.008842 learn_rate: 0.000333 
epoch: 11 iter: 2 train_iter_loss: 0.004043 learn_rate: 0.000333 
epoch: 11 iter: 3 train_iter_loss: 0.004228 learn_rate: 0.000333 
epoch: 11 iter: 4 train_iter_loss: 0.004114 learn_rate: 0.000333 
epoch: 11 iter: 5 train_iter_loss: 0.006268 learn_rate: 0.000333 
epoch: 11 iter: 6 train_iter_loss: 0.005252 learn_rate: 0.000333 
epoch: 11 iter: 7 train_iter_loss: 0.005947 learn_rate: 0.000333 
epoch: 11 iter: 8 train_iter_loss: 0.006956 learn_rate: 0.000333 
epoch: 11 iter: 9 train_iter_loss: 0.005899 learn_rate: 0.000333 
epoch: 11 iter: 10 train_iter_loss: 0.002602 learn_rate: 0.000333 
epoch: 11 iter: 11 train_iter_loss: 0.005228 learn_rate: 0.000333 
epoch: 11 iter: 12 train_iter_loss: 0.006929 learn_rate: 0.000333 
epoch: 11 iter: 13 train_iter_loss: 0.001500 learn_rate: 0.000333 
epoch: 11 iter: 14 train_iter_loss: 0.004613 learn_rate: 0.000333 
epoch: 11 iter: 15 train_iter_loss: 0.003130 learn_rate: 0.000333 
epoch: 11 iter: 16 train_iter_loss: 0.005144 learn_rate: 0.000333 
epoch: 11 iter: 17 train_iter_loss: 0.002862 learn_rate: 0.000333 
epoch: 11 iter: 18 train_iter_loss: 0.006010 learn_rate: 0.000333 
epoch: 11 iter: 19 train_iter_loss: 0.005642 learn_rate: 0.000333 
epoch: 11 iter: 20 train_iter_loss: 0.002071 learn_rate: 0.000333 
epoch: 11 iter: 21 train_iter_loss: 0.005513 learn_rate: 0.000333 
epoch: 11 iter: 22 train_iter_loss: 0.003095 learn_rate: 0.000333 
epoch: 11 iter: 23 train_iter_loss: 0.001785 learn_rate: 0.000333 
epoch: 11 iter: 24 train_iter_loss: 0.006991 learn_rate: 0.000333 
epoch: 11 iter: 25 train_iter_loss: 0.004708 learn_rate: 0.000333 
epoch: 11 iter: 26 train_iter_loss: 0.005192 learn_rate: 0.000333 
epoch: 11 iter: 27 train_iter_loss: 0.004665 learn_rate: 0.000333 
epoch: 11 iter: 28 train_iter_loss: 0.003077 learn_rate: 0.000333 
epoch: 11 iter: 29 train_iter_loss: 0.002014 learn_rate: 0.000333 
epoch: 11 iter: 30 train_iter_loss: 0.009789 learn_rate: 0.000333 
epoch: 11 iter: 31 train_iter_loss: 0.004491 learn_rate: 0.000333 
epoch: 11 iter: 32 train_iter_loss: 0.004705 learn_rate: 0.000333 
epoch: 11 iter: 33 train_iter_loss: 0.005898 learn_rate: 0.000333 
epoch: 11 iter: 34 train_iter_loss: 0.006164 learn_rate: 0.000333 
epoch: 11 iter: 35 train_iter_loss: 0.005431 learn_rate: 0.000333 
epoch: 11 iter: 36 train_iter_loss: 0.005446 learn_rate: 0.000333 
epoch: 11 iter: 37 train_iter_loss: 0.001183 learn_rate: 0.000333 
epoch: 11 iter: 38 train_iter_loss: 0.003687 learn_rate: 0.000333 
epoch: 11 iter: 39 train_iter_loss: 0.005435 learn_rate: 0.000333 
epoch: 11 iter: 40 train_iter_loss: 0.004258 learn_rate: 0.000333 
epoch: 11 iter: 41 train_iter_loss: 0.005409 learn_rate: 0.000333 
epoch: 11 iter: 42 train_iter_loss: 0.002466 learn_rate: 0.000333 
epoch: 11 iter: 43 train_iter_loss: 0.004344 learn_rate: 0.000333 
epoch: 11 iter: 44 train_iter_loss: 0.006423 learn_rate: 0.000333 
epoch: 11 iter: 45 train_iter_loss: 0.006038 learn_rate: 0.000333 
epoch: 11 iter: 46 train_iter_loss: 0.003459 learn_rate: 0.000333 
epoch: 11 iter: 47 train_iter_loss: 0.004718 learn_rate: 0.000333 
epoch: 11 iter: 48 train_iter_loss: 0.005786 learn_rate: 0.000333 
epoch: 11 iter: 49 train_iter_loss: 0.003639 learn_rate: 0.000333 
epoch: 11 iter: 50 train_iter_loss: 0.007185 learn_rate: 0.000333 
epoch: 11 iter: 51 train_iter_loss: 0.004146 learn_rate: 0.000333 
epoch: 11 iter: 52 train_iter_loss: 0.003104 learn_rate: 0.000333 
epoch: 11 iter: 53 train_iter_loss: 0.004104 learn_rate: 0.000333 
epoch: 11 iter: 54 train_iter_loss: 0.003956 learn_rate: 0.000333 
epoch: 11 train_epoch_loss: 0.004733 learn_rate: 0.000333 test_p: 0.868726 test_r: 0.851464 test_f: 0.859717
epoch: 12 iter: 1 train_iter_loss: 0.004833 learn_rate: 0.000333 
epoch: 12 iter: 2 train_iter_loss: 0.003624 learn_rate: 0.000333 
epoch: 12 iter: 3 train_iter_loss: 0.003179 learn_rate: 0.000333 
epoch: 12 iter: 4 train_iter_loss: 0.005627 learn_rate: 0.000333 
epoch: 12 iter: 5 train_iter_loss: 0.005463 learn_rate: 0.000333 
epoch: 12 iter: 6 train_iter_loss: 0.004874 learn_rate: 0.000333 
epoch: 12 iter: 7 train_iter_loss: 0.007448 learn_rate: 0.000333 
epoch: 12 iter: 8 train_iter_loss: 0.003284 learn_rate: 0.000333 
epoch: 12 iter: 9 train_iter_loss: 0.004642 learn_rate: 0.000333 
epoch: 12 iter: 10 train_iter_loss: 0.002099 learn_rate: 0.000333 
epoch: 12 iter: 11 train_iter_loss: 0.004673 learn_rate: 0.000333 
epoch: 12 iter: 12 train_iter_loss: 0.009990 learn_rate: 0.000333 
epoch: 12 iter: 13 train_iter_loss: 0.003731 learn_rate: 0.000333 
epoch: 12 iter: 14 train_iter_loss: 0.004426 learn_rate: 0.000333 
epoch: 12 iter: 15 train_iter_loss: 0.002919 learn_rate: 0.000333 
epoch: 12 iter: 16 train_iter_loss: 0.004538 learn_rate: 0.000333 
epoch: 12 iter: 17 train_iter_loss: 0.007174 learn_rate: 0.000333 
epoch: 12 iter: 18 train_iter_loss: 0.002611 learn_rate: 0.000333 
epoch: 12 iter: 19 train_iter_loss: 0.004142 learn_rate: 0.000333 
epoch: 12 iter: 20 train_iter_loss: 0.012026 learn_rate: 0.000333 
epoch: 12 iter: 21 train_iter_loss: 0.003141 learn_rate: 0.000333 
epoch: 12 iter: 22 train_iter_loss: 0.002511 learn_rate: 0.000333 
epoch: 12 iter: 23 train_iter_loss: 0.004777 learn_rate: 0.000333 
epoch: 12 iter: 24 train_iter_loss: 0.003793 learn_rate: 0.000333 
epoch: 12 iter: 25 train_iter_loss: 0.005598 learn_rate: 0.000333 
epoch: 12 iter: 26 train_iter_loss: 0.009151 learn_rate: 0.000333 
epoch: 12 iter: 27 train_iter_loss: 0.003894 learn_rate: 0.000333 
epoch: 12 iter: 28 train_iter_loss: 0.002825 learn_rate: 0.000333 
epoch: 12 iter: 29 train_iter_loss: 0.003192 learn_rate: 0.000333 
epoch: 12 iter: 30 train_iter_loss: 0.005549 learn_rate: 0.000333 
epoch: 12 iter: 31 train_iter_loss: 0.001619 learn_rate: 0.000333 
epoch: 12 iter: 32 train_iter_loss: 0.002120 learn_rate: 0.000333 
epoch: 12 iter: 33 train_iter_loss: 0.004222 learn_rate: 0.000333 
epoch: 12 iter: 34 train_iter_loss: 0.006827 learn_rate: 0.000333 
epoch: 12 iter: 35 train_iter_loss: 0.003974 learn_rate: 0.000333 
epoch: 12 iter: 36 train_iter_loss: 0.003489 learn_rate: 0.000333 
epoch: 12 iter: 37 train_iter_loss: 0.001751 learn_rate: 0.000333 
epoch: 12 iter: 38 train_iter_loss: 0.004077 learn_rate: 0.000333 
epoch: 12 iter: 39 train_iter_loss: 0.003114 learn_rate: 0.000333 
epoch: 12 iter: 40 train_iter_loss: 0.001742 learn_rate: 0.000333 
epoch: 12 iter: 41 train_iter_loss: 0.002935 learn_rate: 0.000333 
epoch: 12 iter: 42 train_iter_loss: 0.005467 learn_rate: 0.000333 
epoch: 12 iter: 43 train_iter_loss: 0.005221 learn_rate: 0.000333 
epoch: 12 iter: 44 train_iter_loss: 0.005893 learn_rate: 0.000333 
epoch: 12 iter: 45 train_iter_loss: 0.004467 learn_rate: 0.000333 
epoch: 12 iter: 46 train_iter_loss: 0.002407 learn_rate: 0.000333 
epoch: 12 iter: 47 train_iter_loss: 0.007021 learn_rate: 0.000333 
epoch: 12 iter: 48 train_iter_loss: 0.005051 learn_rate: 0.000333 
epoch: 12 iter: 49 train_iter_loss: 0.004314 learn_rate: 0.000333 
epoch: 12 iter: 50 train_iter_loss: 0.002234 learn_rate: 0.000333 
epoch: 12 iter: 51 train_iter_loss: 0.003559 learn_rate: 0.000333 
epoch: 12 iter: 52 train_iter_loss: 0.002419 learn_rate: 0.000333 
epoch: 12 iter: 53 train_iter_loss: 0.004896 learn_rate: 0.000333 
epoch: 12 iter: 54 train_iter_loss: 0.003629 learn_rate: 0.000333 
epoch: 12 train_epoch_loss: 0.004411 learn_rate: 0.000333 test_p: 0.868751 test_r: 0.852000 test_f: 0.860070
epoch: 13 iter: 1 train_iter_loss: 0.006434 learn_rate: 0.000333 
epoch: 13 iter: 2 train_iter_loss: 0.004323 learn_rate: 0.000333 
epoch: 13 iter: 3 train_iter_loss: 0.006119 learn_rate: 0.000333 
epoch: 13 iter: 4 train_iter_loss: 0.003579 learn_rate: 0.000333 
epoch: 13 iter: 5 train_iter_loss: 0.003542 learn_rate: 0.000333 
epoch: 13 iter: 6 train_iter_loss: 0.004010 learn_rate: 0.000333 
epoch: 13 iter: 7 train_iter_loss: 0.004424 learn_rate: 0.000333 
epoch: 13 iter: 8 train_iter_loss: 0.008462 learn_rate: 0.000333 
epoch: 13 iter: 9 train_iter_loss: 0.003195 learn_rate: 0.000333 
epoch: 13 iter: 10 train_iter_loss: 0.002122 learn_rate: 0.000333 
epoch: 13 iter: 11 train_iter_loss: 0.002914 learn_rate: 0.000333 
epoch: 13 iter: 12 train_iter_loss: 0.004505 learn_rate: 0.000333 
epoch: 13 iter: 13 train_iter_loss: 0.002353 learn_rate: 0.000333 
epoch: 13 iter: 14 train_iter_loss: 0.005350 learn_rate: 0.000333 
epoch: 13 iter: 15 train_iter_loss: 0.001661 learn_rate: 0.000333 
epoch: 13 iter: 16 train_iter_loss: 0.004088 learn_rate: 0.000333 
epoch: 13 iter: 17 train_iter_loss: 0.003459 learn_rate: 0.000333 
epoch: 13 iter: 18 train_iter_loss: 0.002277 learn_rate: 0.000333 
epoch: 13 iter: 19 train_iter_loss: 0.005234 learn_rate: 0.000333 
epoch: 13 iter: 20 train_iter_loss: 0.005623 learn_rate: 0.000333 
epoch: 13 iter: 21 train_iter_loss: 0.005575 learn_rate: 0.000333 
epoch: 13 iter: 22 train_iter_loss: 0.003585 learn_rate: 0.000333 
epoch: 13 iter: 23 train_iter_loss: 0.003826 learn_rate: 0.000333 
epoch: 13 iter: 24 train_iter_loss: 0.002916 learn_rate: 0.000333 
epoch: 13 iter: 25 train_iter_loss: 0.008237 learn_rate: 0.000333 
epoch: 13 iter: 26 train_iter_loss: 0.003666 learn_rate: 0.000333 
epoch: 13 iter: 27 train_iter_loss: 0.002774 learn_rate: 0.000333 
epoch: 13 iter: 28 train_iter_loss: 0.002438 learn_rate: 0.000333 
epoch: 13 iter: 29 train_iter_loss: 0.004764 learn_rate: 0.000333 
epoch: 13 iter: 30 train_iter_loss: 0.005024 learn_rate: 0.000333 
epoch: 13 iter: 31 train_iter_loss: 0.006035 learn_rate: 0.000333 
epoch: 13 iter: 32 train_iter_loss: 0.003083 learn_rate: 0.000333 
epoch: 13 iter: 33 train_iter_loss: 0.005875 learn_rate: 0.000333 
epoch: 13 iter: 34 train_iter_loss: 0.006392 learn_rate: 0.000333 
epoch: 13 iter: 35 train_iter_loss: 0.003987 learn_rate: 0.000333 
epoch: 13 iter: 36 train_iter_loss: 0.004331 learn_rate: 0.000333 
epoch: 13 iter: 37 train_iter_loss: 0.004206 learn_rate: 0.000333 
epoch: 13 iter: 38 train_iter_loss: 0.002708 learn_rate: 0.000333 
epoch: 13 iter: 39 train_iter_loss: 0.003220 learn_rate: 0.000333 
epoch: 13 iter: 40 train_iter_loss: 0.003802 learn_rate: 0.000333 
epoch: 13 iter: 41 train_iter_loss: 0.002712 learn_rate: 0.000333 
epoch: 13 iter: 42 train_iter_loss: 0.003502 learn_rate: 0.000333 
epoch: 13 iter: 43 train_iter_loss: 0.004627 learn_rate: 0.000333 
epoch: 13 iter: 44 train_iter_loss: 0.003939 learn_rate: 0.000333 
epoch: 13 iter: 45 train_iter_loss: 0.002794 learn_rate: 0.000333 
epoch: 13 iter: 46 train_iter_loss: 0.003157 learn_rate: 0.000333 
epoch: 13 iter: 47 train_iter_loss: 0.006579 learn_rate: 0.000333 
epoch: 13 iter: 48 train_iter_loss: 0.005460 learn_rate: 0.000333 
epoch: 13 iter: 49 train_iter_loss: 0.002491 learn_rate: 0.000333 
epoch: 13 iter: 50 train_iter_loss: 0.001731 learn_rate: 0.000333 
epoch: 13 iter: 51 train_iter_loss: 0.005395 learn_rate: 0.000333 
epoch: 13 iter: 52 train_iter_loss: 0.007922 learn_rate: 0.000333 
epoch: 13 iter: 53 train_iter_loss: 0.003122 learn_rate: 0.000333 
epoch: 13 iter: 54 train_iter_loss: 0.002699 learn_rate: 0.000333 
epoch: 13 train_epoch_loss: 0.004190 learn_rate: 0.000333 test_p: 0.866584 test_r: 0.844734 test_f: 0.855167
epoch: 14 iter: 1 train_iter_loss: 0.004873 learn_rate: 0.000333 
epoch: 14 iter: 2 train_iter_loss: 0.005718 learn_rate: 0.000333 
epoch: 14 iter: 3 train_iter_loss: 0.002788 learn_rate: 0.000333 
epoch: 14 iter: 4 train_iter_loss: 0.005280 learn_rate: 0.000333 
epoch: 14 iter: 5 train_iter_loss: 0.005896 learn_rate: 0.000333 
epoch: 14 iter: 6 train_iter_loss: 0.002894 learn_rate: 0.000333 
epoch: 14 iter: 7 train_iter_loss: 0.005900 learn_rate: 0.000333 
epoch: 14 iter: 8 train_iter_loss: 0.001485 learn_rate: 0.000333 
epoch: 14 iter: 9 train_iter_loss: 0.005259 learn_rate: 0.000333 
epoch: 14 iter: 10 train_iter_loss: 0.005545 learn_rate: 0.000333 
epoch: 14 iter: 11 train_iter_loss: 0.002802 learn_rate: 0.000333 
epoch: 14 iter: 12 train_iter_loss: 0.003428 learn_rate: 0.000333 
epoch: 14 iter: 13 train_iter_loss: 0.002219 learn_rate: 0.000333 
epoch: 14 iter: 14 train_iter_loss: 0.007036 learn_rate: 0.000333 
epoch: 14 iter: 15 train_iter_loss: 0.002536 learn_rate: 0.000333 
epoch: 14 iter: 16 train_iter_loss: 0.002771 learn_rate: 0.000333 
epoch: 14 iter: 17 train_iter_loss: 0.003440 learn_rate: 0.000333 
epoch: 14 iter: 18 train_iter_loss: 0.002575 learn_rate: 0.000333 
epoch: 14 iter: 19 train_iter_loss: 0.006351 learn_rate: 0.000333 
epoch: 14 iter: 20 train_iter_loss: 0.006281 learn_rate: 0.000333 
epoch: 14 iter: 21 train_iter_loss: 0.005602 learn_rate: 0.000333 
epoch: 14 iter: 22 train_iter_loss: 0.003792 learn_rate: 0.000333 
epoch: 14 iter: 23 train_iter_loss: 0.005260 learn_rate: 0.000333 
epoch: 14 iter: 24 train_iter_loss: 0.004930 learn_rate: 0.000333 
epoch: 14 iter: 25 train_iter_loss: 0.002919 learn_rate: 0.000333 
epoch: 14 iter: 26 train_iter_loss: 0.002037 learn_rate: 0.000333 
epoch: 14 iter: 27 train_iter_loss: 0.001954 learn_rate: 0.000333 
epoch: 14 iter: 28 train_iter_loss: 0.003112 learn_rate: 0.000333 
epoch: 14 iter: 29 train_iter_loss: 0.011339 learn_rate: 0.000333 
epoch: 14 iter: 30 train_iter_loss: 0.005223 learn_rate: 0.000333 
epoch: 14 iter: 31 train_iter_loss: 0.004570 learn_rate: 0.000333 
epoch: 14 iter: 32 train_iter_loss: 0.003162 learn_rate: 0.000333 
epoch: 14 iter: 33 train_iter_loss: 0.002544 learn_rate: 0.000333 
epoch: 14 iter: 34 train_iter_loss: 0.002550 learn_rate: 0.000333 
epoch: 14 iter: 35 train_iter_loss: 0.005227 learn_rate: 0.000333 
epoch: 14 iter: 36 train_iter_loss: 0.004164 learn_rate: 0.000333 
epoch: 14 iter: 37 train_iter_loss: 0.003055 learn_rate: 0.000333 
epoch: 14 iter: 38 train_iter_loss: 0.006068 learn_rate: 0.000333 
epoch: 14 iter: 39 train_iter_loss: 0.006553 learn_rate: 0.000333 
epoch: 14 iter: 40 train_iter_loss: 0.003491 learn_rate: 0.000333 
epoch: 14 iter: 41 train_iter_loss: 0.003007 learn_rate: 0.000333 
epoch: 14 iter: 42 train_iter_loss: 0.004479 learn_rate: 0.000333 
epoch: 14 iter: 43 train_iter_loss: 0.004132 learn_rate: 0.000333 
epoch: 14 iter: 44 train_iter_loss: 0.002607 learn_rate: 0.000333 
epoch: 14 iter: 45 train_iter_loss: 0.004236 learn_rate: 0.000333 
epoch: 14 iter: 46 train_iter_loss: 0.004973 learn_rate: 0.000333 
epoch: 14 iter: 47 train_iter_loss: 0.005626 learn_rate: 0.000333 
epoch: 14 iter: 48 train_iter_loss: 0.004858 learn_rate: 0.000333 
epoch: 14 iter: 49 train_iter_loss: 0.002869 learn_rate: 0.000333 
epoch: 14 iter: 50 train_iter_loss: 0.003099 learn_rate: 0.000333 
epoch: 14 iter: 51 train_iter_loss: 0.005154 learn_rate: 0.000333 
epoch: 14 iter: 52 train_iter_loss: 0.002933 learn_rate: 0.000333 
epoch: 14 iter: 53 train_iter_loss: 0.002272 learn_rate: 0.000333 
epoch: 14 iter: 54 train_iter_loss: 0.003381 learn_rate: 0.000333 
epoch: 14 train_epoch_loss: 0.004190 learn_rate: 0.000333 test_p: 0.867910 test_r: 0.849247 test_f: 0.858178
epoch: 15 iter: 1 train_iter_loss: 0.001489 learn_rate: 0.000333 
epoch: 15 iter: 2 train_iter_loss: 0.002054 learn_rate: 0.000333 
epoch: 15 iter: 3 train_iter_loss: 0.009048 learn_rate: 0.000333 
epoch: 15 iter: 4 train_iter_loss: 0.004096 learn_rate: 0.000333 
epoch: 15 iter: 5 train_iter_loss: 0.004686 learn_rate: 0.000333 
epoch: 15 iter: 6 train_iter_loss: 0.005696 learn_rate: 0.000333 
epoch: 15 iter: 7 train_iter_loss: 0.001842 learn_rate: 0.000333 
epoch: 15 iter: 8 train_iter_loss: 0.002101 learn_rate: 0.000333 
epoch: 15 iter: 9 train_iter_loss: 0.005138 learn_rate: 0.000333 
epoch: 15 iter: 10 train_iter_loss: 0.003711 learn_rate: 0.000333 
epoch: 15 iter: 11 train_iter_loss: 0.004079 learn_rate: 0.000333 
epoch: 15 iter: 12 train_iter_loss: 0.003974 learn_rate: 0.000333 
epoch: 15 iter: 13 train_iter_loss: 0.003118 learn_rate: 0.000333 
epoch: 15 iter: 14 train_iter_loss: 0.002555 learn_rate: 0.000333 
epoch: 15 iter: 15 train_iter_loss: 0.002883 learn_rate: 0.000333 
epoch: 15 iter: 16 train_iter_loss: 0.002324 learn_rate: 0.000333 
epoch: 15 iter: 17 train_iter_loss: 0.002765 learn_rate: 0.000333 
epoch: 15 iter: 18 train_iter_loss: 0.003606 learn_rate: 0.000333 
epoch: 15 iter: 19 train_iter_loss: 0.002696 learn_rate: 0.000333 
epoch: 15 iter: 20 train_iter_loss: 0.004646 learn_rate: 0.000333 
epoch: 15 iter: 21 train_iter_loss: 0.002069 learn_rate: 0.000333 
epoch: 15 iter: 22 train_iter_loss: 0.005279 learn_rate: 0.000333 
epoch: 15 iter: 23 train_iter_loss: 0.002288 learn_rate: 0.000333 
epoch: 15 iter: 24 train_iter_loss: 0.005065 learn_rate: 0.000333 
epoch: 15 iter: 25 train_iter_loss: 0.004505 learn_rate: 0.000333 
epoch: 15 iter: 26 train_iter_loss: 0.005231 learn_rate: 0.000333 
epoch: 15 iter: 27 train_iter_loss: 0.003482 learn_rate: 0.000333 
epoch: 15 iter: 28 train_iter_loss: 0.002433 learn_rate: 0.000333 
epoch: 15 iter: 29 train_iter_loss: 0.003505 learn_rate: 0.000333 
epoch: 15 iter: 30 train_iter_loss: 0.003246 learn_rate: 0.000333 
epoch: 15 iter: 31 train_iter_loss: 0.002238 learn_rate: 0.000333 
epoch: 15 iter: 32 train_iter_loss: 0.004017 learn_rate: 0.000333 
epoch: 15 iter: 33 train_iter_loss: 0.006803 learn_rate: 0.000333 
epoch: 15 iter: 34 train_iter_loss: 0.007060 learn_rate: 0.000333 
epoch: 15 iter: 35 train_iter_loss: 0.004835 learn_rate: 0.000333 
epoch: 15 iter: 36 train_iter_loss: 0.002057 learn_rate: 0.000333 
epoch: 15 iter: 37 train_iter_loss: 0.003105 learn_rate: 0.000333 
epoch: 15 iter: 38 train_iter_loss: 0.004677 learn_rate: 0.000333 
epoch: 15 iter: 39 train_iter_loss: 0.003539 learn_rate: 0.000333 
epoch: 15 iter: 40 train_iter_loss: 0.005434 learn_rate: 0.000333 
epoch: 15 iter: 41 train_iter_loss: 0.004314 learn_rate: 0.000333 
epoch: 15 iter: 42 train_iter_loss: 0.005787 learn_rate: 0.000333 
epoch: 15 iter: 43 train_iter_loss: 0.002433 learn_rate: 0.000333 
epoch: 15 iter: 44 train_iter_loss: 0.007001 learn_rate: 0.000333 
epoch: 15 iter: 45 train_iter_loss: 0.003843 learn_rate: 0.000333 
epoch: 15 iter: 46 train_iter_loss: 0.004148 learn_rate: 0.000333 
epoch: 15 iter: 47 train_iter_loss: 0.002126 learn_rate: 0.000333 
epoch: 15 iter: 48 train_iter_loss: 0.003586 learn_rate: 0.000333 
epoch: 15 iter: 49 train_iter_loss: 0.001517 learn_rate: 0.000333 
epoch: 15 iter: 50 train_iter_loss: 0.005660 learn_rate: 0.000333 
epoch: 15 iter: 51 train_iter_loss: 0.009071 learn_rate: 0.000333 
epoch: 15 iter: 52 train_iter_loss: 0.004004 learn_rate: 0.000333 
epoch: 15 iter: 53 train_iter_loss: 0.006946 learn_rate: 0.000333 
epoch: 15 iter: 54 train_iter_loss: 0.005387 learn_rate: 0.000333 
epoch: 15 train_epoch_loss: 0.004059 learn_rate: 0.000333 test_p: 0.873676 test_r: 0.859677 test_f: 0.866381
epoch: 16 iter: 1 train_iter_loss: 0.005373 learn_rate: 0.000333 
epoch: 16 iter: 2 train_iter_loss: 0.003038 learn_rate: 0.000333 
epoch: 16 iter: 3 train_iter_loss: 0.004849 learn_rate: 0.000333 
epoch: 16 iter: 4 train_iter_loss: 0.003920 learn_rate: 0.000333 
epoch: 16 iter: 5 train_iter_loss: 0.003069 learn_rate: 0.000333 
epoch: 16 iter: 6 train_iter_loss: 0.002451 learn_rate: 0.000333 
epoch: 16 iter: 7 train_iter_loss: 0.002925 learn_rate: 0.000333 
epoch: 16 iter: 8 train_iter_loss: 0.005283 learn_rate: 0.000333 
epoch: 16 iter: 9 train_iter_loss: 0.002897 learn_rate: 0.000333 
epoch: 16 iter: 10 train_iter_loss: 0.004392 learn_rate: 0.000333 
epoch: 16 iter: 11 train_iter_loss: 0.002653 learn_rate: 0.000333 
epoch: 16 iter: 12 train_iter_loss: 0.003377 learn_rate: 0.000333 
epoch: 16 iter: 13 train_iter_loss: 0.003127 learn_rate: 0.000333 
epoch: 16 iter: 14 train_iter_loss: 0.004804 learn_rate: 0.000333 
epoch: 16 iter: 15 train_iter_loss: 0.002087 learn_rate: 0.000333 
epoch: 16 iter: 16 train_iter_loss: 0.002444 learn_rate: 0.000333 
epoch: 16 iter: 17 train_iter_loss: 0.003848 learn_rate: 0.000333 
epoch: 16 iter: 18 train_iter_loss: 0.003070 learn_rate: 0.000333 
epoch: 16 iter: 19 train_iter_loss: 0.004702 learn_rate: 0.000333 
epoch: 16 iter: 20 train_iter_loss: 0.002155 learn_rate: 0.000333 
epoch: 16 iter: 21 train_iter_loss: 0.005806 learn_rate: 0.000333 
epoch: 16 iter: 22 train_iter_loss: 0.003265 learn_rate: 0.000333 
epoch: 16 iter: 23 train_iter_loss: 0.003149 learn_rate: 0.000333 
epoch: 16 iter: 24 train_iter_loss: 0.005240 learn_rate: 0.000333 
epoch: 16 iter: 25 train_iter_loss: 0.004571 learn_rate: 0.000333 
epoch: 16 iter: 26 train_iter_loss: 0.002694 learn_rate: 0.000333 
epoch: 16 iter: 27 train_iter_loss: 0.004490 learn_rate: 0.000333 
epoch: 16 iter: 28 train_iter_loss: 0.006113 learn_rate: 0.000333 
epoch: 16 iter: 29 train_iter_loss: 0.005786 learn_rate: 0.000333 
epoch: 16 iter: 30 train_iter_loss: 0.002129 learn_rate: 0.000333 
epoch: 16 iter: 31 train_iter_loss: 0.005091 learn_rate: 0.000333 
epoch: 16 iter: 32 train_iter_loss: 0.004280 learn_rate: 0.000333 
epoch: 16 iter: 33 train_iter_loss: 0.003046 learn_rate: 0.000333 
epoch: 16 iter: 34 train_iter_loss: 0.004441 learn_rate: 0.000333 
epoch: 16 iter: 35 train_iter_loss: 0.002572 learn_rate: 0.000333 
epoch: 16 iter: 36 train_iter_loss: 0.002362 learn_rate: 0.000333 
epoch: 16 iter: 37 train_iter_loss: 0.005397 learn_rate: 0.000333 
epoch: 16 iter: 38 train_iter_loss: 0.004766 learn_rate: 0.000333 
epoch: 16 iter: 39 train_iter_loss: 0.003464 learn_rate: 0.000333 
epoch: 16 iter: 40 train_iter_loss: 0.004563 learn_rate: 0.000333 
epoch: 16 iter: 41 train_iter_loss: 0.002332 learn_rate: 0.000333 
epoch: 16 iter: 42 train_iter_loss: 0.001533 learn_rate: 0.000333 
epoch: 16 iter: 43 train_iter_loss: 0.001914 learn_rate: 0.000333 
epoch: 16 iter: 44 train_iter_loss: 0.004086 learn_rate: 0.000333 
epoch: 16 iter: 45 train_iter_loss: 0.003092 learn_rate: 0.000333 
epoch: 16 iter: 46 train_iter_loss: 0.004322 learn_rate: 0.000333 
epoch: 16 iter: 47 train_iter_loss: 0.008072 learn_rate: 0.000333 
epoch: 16 iter: 48 train_iter_loss: 0.002141 learn_rate: 0.000333 
epoch: 16 iter: 49 train_iter_loss: 0.003702 learn_rate: 0.000333 
epoch: 16 iter: 50 train_iter_loss: 0.003698 learn_rate: 0.000333 
epoch: 16 iter: 51 train_iter_loss: 0.006786 learn_rate: 0.000333 
epoch: 16 iter: 52 train_iter_loss: 0.006889 learn_rate: 0.000333 
epoch: 16 iter: 53 train_iter_loss: 0.003089 learn_rate: 0.000333 
epoch: 16 iter: 54 train_iter_loss: 0.004260 learn_rate: 0.000333 
epoch: 16 train_epoch_loss: 0.003882 learn_rate: 0.000333 test_p: 0.876515 test_r: 0.862483 test_f: 0.869181
epoch: 17 iter: 1 train_iter_loss: 0.004141 learn_rate: 0.000333 
epoch: 17 iter: 2 train_iter_loss: 0.005657 learn_rate: 0.000333 
epoch: 17 iter: 3 train_iter_loss: 0.002060 learn_rate: 0.000333 
epoch: 17 iter: 4 train_iter_loss: 0.003349 learn_rate: 0.000333 
epoch: 17 iter: 5 train_iter_loss: 0.008762 learn_rate: 0.000333 
epoch: 17 iter: 6 train_iter_loss: 0.002454 learn_rate: 0.000333 
epoch: 17 iter: 7 train_iter_loss: 0.001631 learn_rate: 0.000333 
epoch: 17 iter: 8 train_iter_loss: 0.002367 learn_rate: 0.000333 
epoch: 17 iter: 9 train_iter_loss: 0.004101 learn_rate: 0.000333 
epoch: 17 iter: 10 train_iter_loss: 0.003064 learn_rate: 0.000333 
epoch: 17 iter: 11 train_iter_loss: 0.007668 learn_rate: 0.000333 
epoch: 17 iter: 12 train_iter_loss: 0.003872 learn_rate: 0.000333 
epoch: 17 iter: 13 train_iter_loss: 0.001366 learn_rate: 0.000333 
epoch: 17 iter: 14 train_iter_loss: 0.001732 learn_rate: 0.000333 
epoch: 17 iter: 15 train_iter_loss: 0.001577 learn_rate: 0.000333 
epoch: 17 iter: 16 train_iter_loss: 0.002155 learn_rate: 0.000333 
epoch: 17 iter: 17 train_iter_loss: 0.002693 learn_rate: 0.000333 
epoch: 17 iter: 18 train_iter_loss: 0.006635 learn_rate: 0.000333 
epoch: 17 iter: 19 train_iter_loss: 0.005357 learn_rate: 0.000333 
epoch: 17 iter: 20 train_iter_loss: 0.005855 learn_rate: 0.000333 
epoch: 17 iter: 21 train_iter_loss: 0.003720 learn_rate: 0.000333 
epoch: 17 iter: 22 train_iter_loss: 0.004092 learn_rate: 0.000333 
epoch: 17 iter: 23 train_iter_loss: 0.006989 learn_rate: 0.000333 
epoch: 17 iter: 24 train_iter_loss: 0.004261 learn_rate: 0.000333 
epoch: 17 iter: 25 train_iter_loss: 0.002372 learn_rate: 0.000333 
epoch: 17 iter: 26 train_iter_loss: 0.004947 learn_rate: 0.000333 
epoch: 17 iter: 27 train_iter_loss: 0.002504 learn_rate: 0.000333 
epoch: 17 iter: 28 train_iter_loss: 0.004197 learn_rate: 0.000333 
epoch: 17 iter: 29 train_iter_loss: 0.004458 learn_rate: 0.000333 
epoch: 17 iter: 30 train_iter_loss: 0.005833 learn_rate: 0.000333 
epoch: 17 iter: 31 train_iter_loss: 0.002850 learn_rate: 0.000333 
epoch: 17 iter: 32 train_iter_loss: 0.007027 learn_rate: 0.000333 
epoch: 17 iter: 33 train_iter_loss: 0.003627 learn_rate: 0.000333 
epoch: 17 iter: 34 train_iter_loss: 0.005502 learn_rate: 0.000333 
epoch: 17 iter: 35 train_iter_loss: 0.001133 learn_rate: 0.000333 
epoch: 17 iter: 36 train_iter_loss: 0.004639 learn_rate: 0.000333 
epoch: 17 iter: 37 train_iter_loss: 0.003594 learn_rate: 0.000333 
epoch: 17 iter: 38 train_iter_loss: 0.002677 learn_rate: 0.000333 
epoch: 17 iter: 39 train_iter_loss: 0.001410 learn_rate: 0.000333 
epoch: 17 iter: 40 train_iter_loss: 0.001901 learn_rate: 0.000333 
epoch: 17 iter: 41 train_iter_loss: 0.002984 learn_rate: 0.000333 
epoch: 17 iter: 42 train_iter_loss: 0.002021 learn_rate: 0.000333 
epoch: 17 iter: 43 train_iter_loss: 0.003841 learn_rate: 0.000333 
epoch: 17 iter: 44 train_iter_loss: 0.004278 learn_rate: 0.000333 
epoch: 17 iter: 45 train_iter_loss: 0.004090 learn_rate: 0.000333 
epoch: 17 iter: 46 train_iter_loss: 0.004464 learn_rate: 0.000333 
epoch: 17 iter: 47 train_iter_loss: 0.003187 learn_rate: 0.000333 
epoch: 17 iter: 48 train_iter_loss: 0.002418 learn_rate: 0.000333 
epoch: 17 iter: 49 train_iter_loss: 0.004136 learn_rate: 0.000333 
epoch: 17 iter: 50 train_iter_loss: 0.006932 learn_rate: 0.000333 
epoch: 17 iter: 51 train_iter_loss: 0.001650 learn_rate: 0.000333 
epoch: 17 iter: 52 train_iter_loss: 0.008993 learn_rate: 0.000333 
epoch: 17 iter: 53 train_iter_loss: 0.002239 learn_rate: 0.000333 
epoch: 17 iter: 54 train_iter_loss: 0.004758 learn_rate: 0.000333 
epoch: 17 train_epoch_loss: 0.003893 learn_rate: 0.000333 test_p: 0.873470 test_r: 0.857222 test_f: 0.865074
epoch: 18 iter: 1 train_iter_loss: 0.004102 learn_rate: 0.000333 
epoch: 18 iter: 2 train_iter_loss: 0.004921 learn_rate: 0.000333 
epoch: 18 iter: 3 train_iter_loss: 0.001998 learn_rate: 0.000333 
epoch: 18 iter: 4 train_iter_loss: 0.001866 learn_rate: 0.000333 
epoch: 18 iter: 5 train_iter_loss: 0.001240 learn_rate: 0.000333 
epoch: 18 iter: 6 train_iter_loss: 0.001254 learn_rate: 0.000333 
epoch: 18 iter: 7 train_iter_loss: 0.005675 learn_rate: 0.000333 
epoch: 18 iter: 8 train_iter_loss: 0.007598 learn_rate: 0.000333 
epoch: 18 iter: 9 train_iter_loss: 0.004430 learn_rate: 0.000333 
epoch: 18 iter: 10 train_iter_loss: 0.002995 learn_rate: 0.000333 
epoch: 18 iter: 11 train_iter_loss: 0.004012 learn_rate: 0.000333 
epoch: 18 iter: 12 train_iter_loss: 0.002190 learn_rate: 0.000333 
epoch: 18 iter: 13 train_iter_loss: 0.002023 learn_rate: 0.000333 
epoch: 18 iter: 14 train_iter_loss: 0.003796 learn_rate: 0.000333 
epoch: 18 iter: 15 train_iter_loss: 0.003340 learn_rate: 0.000333 
epoch: 18 iter: 16 train_iter_loss: 0.003596 learn_rate: 0.000333 
epoch: 18 iter: 17 train_iter_loss: 0.004188 learn_rate: 0.000333 
epoch: 18 iter: 18 train_iter_loss: 0.003359 learn_rate: 0.000333 
epoch: 18 iter: 19 train_iter_loss: 0.002485 learn_rate: 0.000333 
epoch: 18 iter: 20 train_iter_loss: 0.004423 learn_rate: 0.000333 
epoch: 18 iter: 21 train_iter_loss: 0.002981 learn_rate: 0.000333 
epoch: 18 iter: 22 train_iter_loss: 0.003583 learn_rate: 0.000333 
epoch: 18 iter: 23 train_iter_loss: 0.003246 learn_rate: 0.000333 
epoch: 18 iter: 24 train_iter_loss: 0.003147 learn_rate: 0.000333 
epoch: 18 iter: 25 train_iter_loss: 0.001987 learn_rate: 0.000333 
epoch: 18 iter: 26 train_iter_loss: 0.001536 learn_rate: 0.000333 
epoch: 18 iter: 27 train_iter_loss: 0.004760 learn_rate: 0.000333 
epoch: 18 iter: 28 train_iter_loss: 0.007286 learn_rate: 0.000333 
epoch: 18 iter: 29 train_iter_loss: 0.002331 learn_rate: 0.000333 
epoch: 18 iter: 30 train_iter_loss: 0.003561 learn_rate: 0.000333 
epoch: 18 iter: 31 train_iter_loss: 0.002930 learn_rate: 0.000333 
epoch: 18 iter: 32 train_iter_loss: 0.003231 learn_rate: 0.000333 
epoch: 18 iter: 33 train_iter_loss: 0.004829 learn_rate: 0.000333 
epoch: 18 iter: 34 train_iter_loss: 0.006207 learn_rate: 0.000333 
epoch: 18 iter: 35 train_iter_loss: 0.002826 learn_rate: 0.000333 
epoch: 18 iter: 36 train_iter_loss: 0.002249 learn_rate: 0.000333 
epoch: 18 iter: 37 train_iter_loss: 0.002673 learn_rate: 0.000333 
epoch: 18 iter: 38 train_iter_loss: 0.003232 learn_rate: 0.000333 
epoch: 18 iter: 39 train_iter_loss: 0.004215 learn_rate: 0.000333 
epoch: 18 iter: 40 train_iter_loss: 0.003387 learn_rate: 0.000333 
epoch: 18 iter: 41 train_iter_loss: 0.002599 learn_rate: 0.000333 
epoch: 18 iter: 42 train_iter_loss: 0.005251 learn_rate: 0.000333 
epoch: 18 iter: 43 train_iter_loss: 0.004573 learn_rate: 0.000333 
epoch: 18 iter: 44 train_iter_loss: 0.005549 learn_rate: 0.000333 
epoch: 18 iter: 45 train_iter_loss: 0.000838 learn_rate: 0.000333 
epoch: 18 iter: 46 train_iter_loss: 0.004309 learn_rate: 0.000333 
epoch: 18 iter: 47 train_iter_loss: 0.002564 learn_rate: 0.000333 
epoch: 18 iter: 48 train_iter_loss: 0.006074 learn_rate: 0.000333 
epoch: 18 iter: 49 train_iter_loss: 0.005971 learn_rate: 0.000333 
epoch: 18 iter: 50 train_iter_loss: 0.004746 learn_rate: 0.000333 
epoch: 18 iter: 51 train_iter_loss: 0.002577 learn_rate: 0.000333 
epoch: 18 iter: 52 train_iter_loss: 0.002903 learn_rate: 0.000333 
epoch: 18 iter: 53 train_iter_loss: 0.007584 learn_rate: 0.000333 
epoch: 18 iter: 54 train_iter_loss: 0.006882 learn_rate: 0.000333 
epoch: 18 train_epoch_loss: 0.003743 learn_rate: 0.000333 test_p: 0.873539 test_r: 0.856311 test_f: 0.864608
epoch: 19 iter: 1 train_iter_loss: 0.003057 learn_rate: 0.000333 
epoch: 19 iter: 2 train_iter_loss: 0.006536 learn_rate: 0.000333 
epoch: 19 iter: 3 train_iter_loss: 0.002348 learn_rate: 0.000333 
epoch: 19 iter: 4 train_iter_loss: 0.001627 learn_rate: 0.000333 
epoch: 19 iter: 5 train_iter_loss: 0.003282 learn_rate: 0.000333 
epoch: 19 iter: 6 train_iter_loss: 0.004816 learn_rate: 0.000333 
epoch: 19 iter: 7 train_iter_loss: 0.002845 learn_rate: 0.000333 
epoch: 19 iter: 8 train_iter_loss: 0.002279 learn_rate: 0.000333 
epoch: 19 iter: 9 train_iter_loss: 0.004269 learn_rate: 0.000333 
epoch: 19 iter: 10 train_iter_loss: 0.003910 learn_rate: 0.000333 
epoch: 19 iter: 11 train_iter_loss: 0.005863 learn_rate: 0.000333 
epoch: 19 iter: 12 train_iter_loss: 0.006392 learn_rate: 0.000333 
epoch: 19 iter: 13 train_iter_loss: 0.004238 learn_rate: 0.000333 
epoch: 19 iter: 14 train_iter_loss: 0.004658 learn_rate: 0.000333 
epoch: 19 iter: 15 train_iter_loss: 0.001673 learn_rate: 0.000333 
epoch: 19 iter: 16 train_iter_loss: 0.001474 learn_rate: 0.000333 
epoch: 19 iter: 17 train_iter_loss: 0.003848 learn_rate: 0.000333 
epoch: 19 iter: 18 train_iter_loss: 0.005144 learn_rate: 0.000333 
epoch: 19 iter: 19 train_iter_loss: 0.002417 learn_rate: 0.000333 
epoch: 19 iter: 20 train_iter_loss: 0.004731 learn_rate: 0.000333 
epoch: 19 iter: 21 train_iter_loss: 0.001935 learn_rate: 0.000333 
epoch: 19 iter: 22 train_iter_loss: 0.002902 learn_rate: 0.000333 
epoch: 19 iter: 23 train_iter_loss: 0.005453 learn_rate: 0.000333 
epoch: 19 iter: 24 train_iter_loss: 0.002082 learn_rate: 0.000333 
epoch: 19 iter: 25 train_iter_loss: 0.004022 learn_rate: 0.000333 
epoch: 19 iter: 26 train_iter_loss: 0.002824 learn_rate: 0.000333 
epoch: 19 iter: 27 train_iter_loss: 0.002225 learn_rate: 0.000333 
epoch: 19 iter: 28 train_iter_loss: 0.003873 learn_rate: 0.000333 
epoch: 19 iter: 29 train_iter_loss: 0.004058 learn_rate: 0.000333 
epoch: 19 iter: 30 train_iter_loss: 0.004304 learn_rate: 0.000333 
epoch: 19 iter: 31 train_iter_loss: 0.002155 learn_rate: 0.000333 
epoch: 19 iter: 32 train_iter_loss: 0.004003 learn_rate: 0.000333 
epoch: 19 iter: 33 train_iter_loss: 0.001390 learn_rate: 0.000333 
epoch: 19 iter: 34 train_iter_loss: 0.005424 learn_rate: 0.000333 
epoch: 19 iter: 35 train_iter_loss: 0.006111 learn_rate: 0.000333 
epoch: 19 iter: 36 train_iter_loss: 0.003921 learn_rate: 0.000333 
epoch: 19 iter: 37 train_iter_loss: 0.005178 learn_rate: 0.000333 
epoch: 19 iter: 38 train_iter_loss: 0.004505 learn_rate: 0.000333 
epoch: 19 iter: 39 train_iter_loss: 0.003884 learn_rate: 0.000333 
epoch: 19 iter: 40 train_iter_loss: 0.004267 learn_rate: 0.000333 
epoch: 19 iter: 41 train_iter_loss: 0.002598 learn_rate: 0.000333 
epoch: 19 iter: 42 train_iter_loss: 0.001232 learn_rate: 0.000333 
epoch: 19 iter: 43 train_iter_loss: 0.001088 learn_rate: 0.000333 
epoch: 19 iter: 44 train_iter_loss: 0.004645 learn_rate: 0.000333 
epoch: 19 iter: 45 train_iter_loss: 0.003106 learn_rate: 0.000333 
epoch: 19 iter: 46 train_iter_loss: 0.006493 learn_rate: 0.000333 
epoch: 19 iter: 47 train_iter_loss: 0.001441 learn_rate: 0.000333 
epoch: 19 iter: 48 train_iter_loss: 0.002413 learn_rate: 0.000333 
epoch: 19 iter: 49 train_iter_loss: 0.001732 learn_rate: 0.000333 
epoch: 19 iter: 50 train_iter_loss: 0.004061 learn_rate: 0.000333 
epoch: 19 iter: 51 train_iter_loss: 0.004347 learn_rate: 0.000333 
epoch: 19 iter: 52 train_iter_loss: 0.003409 learn_rate: 0.000333 
epoch: 19 iter: 53 train_iter_loss: 0.001935 learn_rate: 0.000333 
epoch: 19 iter: 54 train_iter_loss: 0.006301 learn_rate: 0.000333 
epoch: 19 train_epoch_loss: 0.003606 learn_rate: 0.000333 test_p: 0.878959 test_r: 0.868297 test_f: 0.873516
epoch: 20 iter: 1 train_iter_loss: 0.003102 learn_rate: 0.000333 
epoch: 20 iter: 2 train_iter_loss: 0.002301 learn_rate: 0.000333 
epoch: 20 iter: 3 train_iter_loss: 0.005063 learn_rate: 0.000333 
epoch: 20 iter: 4 train_iter_loss: 0.004116 learn_rate: 0.000333 
epoch: 20 iter: 5 train_iter_loss: 0.003420 learn_rate: 0.000333 
epoch: 20 iter: 6 train_iter_loss: 0.003877 learn_rate: 0.000333 
epoch: 20 iter: 7 train_iter_loss: 0.001102 learn_rate: 0.000333 
epoch: 20 iter: 8 train_iter_loss: 0.002407 learn_rate: 0.000333 
epoch: 20 iter: 9 train_iter_loss: 0.003780 learn_rate: 0.000333 
epoch: 20 iter: 10 train_iter_loss: 0.003062 learn_rate: 0.000333 
epoch: 20 iter: 11 train_iter_loss: 0.003848 learn_rate: 0.000333 
epoch: 20 iter: 12 train_iter_loss: 0.004688 learn_rate: 0.000333 
epoch: 20 iter: 13 train_iter_loss: 0.005191 learn_rate: 0.000333 
epoch: 20 iter: 14 train_iter_loss: 0.003330 learn_rate: 0.000333 
epoch: 20 iter: 15 train_iter_loss: 0.002211 learn_rate: 0.000333 
epoch: 20 iter: 16 train_iter_loss: 0.002701 learn_rate: 0.000333 
epoch: 20 iter: 17 train_iter_loss: 0.004164 learn_rate: 0.000333 
epoch: 20 iter: 18 train_iter_loss: 0.003408 learn_rate: 0.000333 
epoch: 20 iter: 19 train_iter_loss: 0.002910 learn_rate: 0.000333 
epoch: 20 iter: 20 train_iter_loss: 0.003935 learn_rate: 0.000333 
epoch: 20 iter: 21 train_iter_loss: 0.003990 learn_rate: 0.000333 
epoch: 20 iter: 22 train_iter_loss: 0.004578 learn_rate: 0.000333 
epoch: 20 iter: 23 train_iter_loss: 0.001476 learn_rate: 0.000333 
epoch: 20 iter: 24 train_iter_loss: 0.003788 learn_rate: 0.000333 
epoch: 20 iter: 25 train_iter_loss: 0.001912 learn_rate: 0.000333 
epoch: 20 iter: 26 train_iter_loss: 0.005396 learn_rate: 0.000333 
epoch: 20 iter: 27 train_iter_loss: 0.006118 learn_rate: 0.000333 
epoch: 20 iter: 28 train_iter_loss: 0.002837 learn_rate: 0.000333 
epoch: 20 iter: 29 train_iter_loss: 0.003236 learn_rate: 0.000333 
epoch: 20 iter: 30 train_iter_loss: 0.001337 learn_rate: 0.000333 
epoch: 20 iter: 31 train_iter_loss: 0.001342 learn_rate: 0.000333 
epoch: 20 iter: 32 train_iter_loss: 0.002365 learn_rate: 0.000333 
epoch: 20 iter: 33 train_iter_loss: 0.003970 learn_rate: 0.000333 
epoch: 20 iter: 34 train_iter_loss: 0.001943 learn_rate: 0.000333 
epoch: 20 iter: 35 train_iter_loss: 0.003325 learn_rate: 0.000333 
epoch: 20 iter: 36 train_iter_loss: 0.003524 learn_rate: 0.000333 
epoch: 20 iter: 37 train_iter_loss: 0.003677 learn_rate: 0.000333 
epoch: 20 iter: 38 train_iter_loss: 0.004280 learn_rate: 0.000333 
epoch: 20 iter: 39 train_iter_loss: 0.003833 learn_rate: 0.000333 
epoch: 20 iter: 40 train_iter_loss: 0.006555 learn_rate: 0.000333 
epoch: 20 iter: 41 train_iter_loss: 0.003009 learn_rate: 0.000333 
epoch: 20 iter: 42 train_iter_loss: 0.002197 learn_rate: 0.000333 
epoch: 20 iter: 43 train_iter_loss: 0.003479 learn_rate: 0.000333 
epoch: 20 iter: 44 train_iter_loss: 0.001603 learn_rate: 0.000333 
epoch: 20 iter: 45 train_iter_loss: 0.006677 learn_rate: 0.000333 
epoch: 20 iter: 46 train_iter_loss: 0.004238 learn_rate: 0.000333 
epoch: 20 iter: 47 train_iter_loss: 0.003087 learn_rate: 0.000333 
epoch: 20 iter: 48 train_iter_loss: 0.001396 learn_rate: 0.000333 
epoch: 20 iter: 49 train_iter_loss: 0.005124 learn_rate: 0.000333 
epoch: 20 iter: 50 train_iter_loss: 0.002777 learn_rate: 0.000333 
epoch: 20 iter: 51 train_iter_loss: 0.003065 learn_rate: 0.000333 
epoch: 20 iter: 52 train_iter_loss: 0.004498 learn_rate: 0.000333 
epoch: 20 iter: 53 train_iter_loss: 0.003366 learn_rate: 0.000333 
epoch: 20 iter: 54 train_iter_loss: 0.001854 learn_rate: 0.000333 
epoch: 20 train_epoch_loss: 0.003416 learn_rate: 0.000333 test_p: 0.869974 test_r: 0.846320 test_f: 0.857550
epoch: 21 iter: 1 train_iter_loss: 0.003385 learn_rate: 0.000333 
epoch: 21 iter: 2 train_iter_loss: 0.002696 learn_rate: 0.000333 
epoch: 21 iter: 3 train_iter_loss: 0.002937 learn_rate: 0.000333 
epoch: 21 iter: 4 train_iter_loss: 0.001543 learn_rate: 0.000333 
epoch: 21 iter: 5 train_iter_loss: 0.004359 learn_rate: 0.000333 
epoch: 21 iter: 6 train_iter_loss: 0.001766 learn_rate: 0.000333 
epoch: 21 iter: 7 train_iter_loss: 0.002193 learn_rate: 0.000333 
epoch: 21 iter: 8 train_iter_loss: 0.004217 learn_rate: 0.000333 
epoch: 21 iter: 9 train_iter_loss: 0.005614 learn_rate: 0.000333 
epoch: 21 iter: 10 train_iter_loss: 0.003758 learn_rate: 0.000333 
epoch: 21 iter: 11 train_iter_loss: 0.002241 learn_rate: 0.000333 
epoch: 21 iter: 12 train_iter_loss: 0.002764 learn_rate: 0.000333 
epoch: 21 iter: 13 train_iter_loss: 0.002071 learn_rate: 0.000333 
epoch: 21 iter: 14 train_iter_loss: 0.001248 learn_rate: 0.000333 
epoch: 21 iter: 15 train_iter_loss: 0.003020 learn_rate: 0.000333 
epoch: 21 iter: 16 train_iter_loss: 0.007870 learn_rate: 0.000333 
epoch: 21 iter: 17 train_iter_loss: 0.003204 learn_rate: 0.000333 
epoch: 21 iter: 18 train_iter_loss: 0.004794 learn_rate: 0.000333 
epoch: 21 iter: 19 train_iter_loss: 0.001925 learn_rate: 0.000333 
epoch: 21 iter: 20 train_iter_loss: 0.002616 learn_rate: 0.000333 
epoch: 21 iter: 21 train_iter_loss: 0.001449 learn_rate: 0.000333 
epoch: 21 iter: 22 train_iter_loss: 0.004486 learn_rate: 0.000333 
epoch: 21 iter: 23 train_iter_loss: 0.006028 learn_rate: 0.000333 
epoch: 21 iter: 24 train_iter_loss: 0.003174 learn_rate: 0.000333 
epoch: 21 iter: 25 train_iter_loss: 0.004163 learn_rate: 0.000333 
epoch: 21 iter: 26 train_iter_loss: 0.001972 learn_rate: 0.000333 
epoch: 21 iter: 27 train_iter_loss: 0.006480 learn_rate: 0.000333 
epoch: 21 iter: 28 train_iter_loss: 0.002031 learn_rate: 0.000333 
epoch: 21 iter: 29 train_iter_loss: 0.002101 learn_rate: 0.000333 
epoch: 21 iter: 30 train_iter_loss: 0.002992 learn_rate: 0.000333 
epoch: 21 iter: 31 train_iter_loss: 0.004093 learn_rate: 0.000333 
epoch: 21 iter: 32 train_iter_loss: 0.002789 learn_rate: 0.000333 
epoch: 21 iter: 33 train_iter_loss: 0.004251 learn_rate: 0.000333 
epoch: 21 iter: 34 train_iter_loss: 0.005365 learn_rate: 0.000333 
epoch: 21 iter: 35 train_iter_loss: 0.002463 learn_rate: 0.000333 
epoch: 21 iter: 36 train_iter_loss: 0.004816 learn_rate: 0.000333 
epoch: 21 iter: 37 train_iter_loss: 0.002182 learn_rate: 0.000333 
epoch: 21 iter: 38 train_iter_loss: 0.003494 learn_rate: 0.000333 
epoch: 21 iter: 39 train_iter_loss: 0.001522 learn_rate: 0.000333 
epoch: 21 iter: 40 train_iter_loss: 0.002094 learn_rate: 0.000333 
epoch: 21 iter: 41 train_iter_loss: 0.005260 learn_rate: 0.000333 
epoch: 21 iter: 42 train_iter_loss: 0.002449 learn_rate: 0.000333 
epoch: 21 iter: 43 train_iter_loss: 0.001719 learn_rate: 0.000333 
epoch: 21 iter: 44 train_iter_loss: 0.004991 learn_rate: 0.000333 
epoch: 21 iter: 45 train_iter_loss: 0.004964 learn_rate: 0.000333 
epoch: 21 iter: 46 train_iter_loss: 0.002474 learn_rate: 0.000333 
epoch: 21 iter: 47 train_iter_loss: 0.004714 learn_rate: 0.000333 
epoch: 21 iter: 48 train_iter_loss: 0.005605 learn_rate: 0.000333 
epoch: 21 iter: 49 train_iter_loss: 0.002872 learn_rate: 0.000333 
epoch: 21 iter: 50 train_iter_loss: 0.001555 learn_rate: 0.000333 
epoch: 21 iter: 51 train_iter_loss: 0.003370 learn_rate: 0.000333 
epoch: 21 iter: 52 train_iter_loss: 0.001680 learn_rate: 0.000333 
epoch: 21 iter: 53 train_iter_loss: 0.006226 learn_rate: 0.000333 
epoch: 21 iter: 54 train_iter_loss: 0.004218 learn_rate: 0.000333 
epoch: 21 train_epoch_loss: 0.003412 learn_rate: 0.000333 test_p: 0.874595 test_r: 0.856774 test_f: 0.865391
epoch: 22 iter: 1 train_iter_loss: 0.005482 learn_rate: 0.000333 
epoch: 22 iter: 2 train_iter_loss: 0.005507 learn_rate: 0.000333 
epoch: 22 iter: 3 train_iter_loss: 0.004582 learn_rate: 0.000333 
epoch: 22 iter: 4 train_iter_loss: 0.001031 learn_rate: 0.000333 
epoch: 22 iter: 5 train_iter_loss: 0.000968 learn_rate: 0.000333 
epoch: 22 iter: 6 train_iter_loss: 0.002296 learn_rate: 0.000333 
epoch: 22 iter: 7 train_iter_loss: 0.003440 learn_rate: 0.000333 
epoch: 22 iter: 8 train_iter_loss: 0.001676 learn_rate: 0.000333 
epoch: 22 iter: 9 train_iter_loss: 0.003754 learn_rate: 0.000333 
epoch: 22 iter: 10 train_iter_loss: 0.004903 learn_rate: 0.000333 
epoch: 22 iter: 11 train_iter_loss: 0.004564 learn_rate: 0.000333 
epoch: 22 iter: 12 train_iter_loss: 0.002049 learn_rate: 0.000333 
epoch: 22 iter: 13 train_iter_loss: 0.002038 learn_rate: 0.000333 
epoch: 22 iter: 14 train_iter_loss: 0.001726 learn_rate: 0.000333 
epoch: 22 iter: 15 train_iter_loss: 0.004542 learn_rate: 0.000333 
epoch: 22 iter: 16 train_iter_loss: 0.002464 learn_rate: 0.000333 
epoch: 22 iter: 17 train_iter_loss: 0.001978 learn_rate: 0.000333 
epoch: 22 iter: 18 train_iter_loss: 0.001683 learn_rate: 0.000333 
epoch: 22 iter: 19 train_iter_loss: 0.002174 learn_rate: 0.000333 
epoch: 22 iter: 20 train_iter_loss: 0.004142 learn_rate: 0.000333 
epoch: 22 iter: 21 train_iter_loss: 0.003137 learn_rate: 0.000333 
epoch: 22 iter: 22 train_iter_loss: 0.002105 learn_rate: 0.000333 
epoch: 22 iter: 23 train_iter_loss: 0.002514 learn_rate: 0.000333 
epoch: 22 iter: 24 train_iter_loss: 0.003065 learn_rate: 0.000333 
epoch: 22 iter: 25 train_iter_loss: 0.002732 learn_rate: 0.000333 
epoch: 22 iter: 26 train_iter_loss: 0.003917 learn_rate: 0.000333 
epoch: 22 iter: 27 train_iter_loss: 0.002740 learn_rate: 0.000333 
epoch: 22 iter: 28 train_iter_loss: 0.001491 learn_rate: 0.000333 
epoch: 22 iter: 29 train_iter_loss: 0.001553 learn_rate: 0.000333 
epoch: 22 iter: 30 train_iter_loss: 0.003377 learn_rate: 0.000333 
epoch: 22 iter: 31 train_iter_loss: 0.003308 learn_rate: 0.000333 
epoch: 22 iter: 32 train_iter_loss: 0.003074 learn_rate: 0.000333 
epoch: 22 iter: 33 train_iter_loss: 0.002915 learn_rate: 0.000333 
epoch: 22 iter: 34 train_iter_loss: 0.002137 learn_rate: 0.000333 
epoch: 22 iter: 35 train_iter_loss: 0.002796 learn_rate: 0.000333 
epoch: 22 iter: 36 train_iter_loss: 0.003383 learn_rate: 0.000333 
epoch: 22 iter: 37 train_iter_loss: 0.001721 learn_rate: 0.000333 
epoch: 22 iter: 38 train_iter_loss: 0.003313 learn_rate: 0.000333 
epoch: 22 iter: 39 train_iter_loss: 0.003786 learn_rate: 0.000333 
epoch: 22 iter: 40 train_iter_loss: 0.002786 learn_rate: 0.000333 
epoch: 22 iter: 41 train_iter_loss: 0.003749 learn_rate: 0.000333 
epoch: 22 iter: 42 train_iter_loss: 0.004396 learn_rate: 0.000333 
epoch: 22 iter: 43 train_iter_loss: 0.004887 learn_rate: 0.000333 
epoch: 22 iter: 44 train_iter_loss: 0.002253 learn_rate: 0.000333 
epoch: 22 iter: 45 train_iter_loss: 0.002796 learn_rate: 0.000333 
epoch: 22 iter: 46 train_iter_loss: 0.002849 learn_rate: 0.000333 
epoch: 22 iter: 47 train_iter_loss: 0.003478 learn_rate: 0.000333 
epoch: 22 iter: 48 train_iter_loss: 0.002411 learn_rate: 0.000333 
epoch: 22 iter: 49 train_iter_loss: 0.006914 learn_rate: 0.000333 
epoch: 22 iter: 50 train_iter_loss: 0.002725 learn_rate: 0.000333 
epoch: 22 iter: 51 train_iter_loss: 0.002714 learn_rate: 0.000333 
epoch: 22 iter: 52 train_iter_loss: 0.001757 learn_rate: 0.000333 
epoch: 22 iter: 53 train_iter_loss: 0.006857 learn_rate: 0.000333 
epoch: 22 iter: 54 train_iter_loss: 0.005064 learn_rate: 0.000333 
epoch: 22 train_epoch_loss: 0.003143 learn_rate: 0.000333 test_p: 0.876926 test_r: 0.861770 test_f: 0.869122
epoch: 23 iter: 1 train_iter_loss: 0.001570 learn_rate: 0.000333 
epoch: 23 iter: 2 train_iter_loss: 0.001430 learn_rate: 0.000333 
epoch: 23 iter: 3 train_iter_loss: 0.003284 learn_rate: 0.000333 
epoch: 23 iter: 4 train_iter_loss: 0.003754 learn_rate: 0.000333 
epoch: 23 iter: 5 train_iter_loss: 0.004730 learn_rate: 0.000333 
epoch: 23 iter: 6 train_iter_loss: 0.002211 learn_rate: 0.000333 
epoch: 23 iter: 7 train_iter_loss: 0.004195 learn_rate: 0.000333 
epoch: 23 iter: 8 train_iter_loss: 0.001838 learn_rate: 0.000333 
epoch: 23 iter: 9 train_iter_loss: 0.000855 learn_rate: 0.000333 
epoch: 23 iter: 10 train_iter_loss: 0.002677 learn_rate: 0.000333 
epoch: 23 iter: 11 train_iter_loss: 0.004475 learn_rate: 0.000333 
epoch: 23 iter: 12 train_iter_loss: 0.001092 learn_rate: 0.000333 
epoch: 23 iter: 13 train_iter_loss: 0.004105 learn_rate: 0.000333 
epoch: 23 iter: 14 train_iter_loss: 0.003075 learn_rate: 0.000333 
epoch: 23 iter: 15 train_iter_loss: 0.001839 learn_rate: 0.000333 
epoch: 23 iter: 16 train_iter_loss: 0.002777 learn_rate: 0.000333 
epoch: 23 iter: 17 train_iter_loss: 0.003358 learn_rate: 0.000333 
epoch: 23 iter: 18 train_iter_loss: 0.004918 learn_rate: 0.000333 
epoch: 23 iter: 19 train_iter_loss: 0.001796 learn_rate: 0.000333 
epoch: 23 iter: 20 train_iter_loss: 0.002725 learn_rate: 0.000333 
epoch: 23 iter: 21 train_iter_loss: 0.003728 learn_rate: 0.000333 
epoch: 23 iter: 22 train_iter_loss: 0.003252 learn_rate: 0.000333 
epoch: 23 iter: 23 train_iter_loss: 0.002177 learn_rate: 0.000333 
epoch: 23 iter: 24 train_iter_loss: 0.003332 learn_rate: 0.000333 
epoch: 23 iter: 25 train_iter_loss: 0.002204 learn_rate: 0.000333 
epoch: 23 iter: 26 train_iter_loss: 0.002054 learn_rate: 0.000333 
epoch: 23 iter: 27 train_iter_loss: 0.003541 learn_rate: 0.000333 
epoch: 23 iter: 28 train_iter_loss: 0.003006 learn_rate: 0.000333 
epoch: 23 iter: 29 train_iter_loss: 0.001285 learn_rate: 0.000333 
epoch: 23 iter: 30 train_iter_loss: 0.001809 learn_rate: 0.000333 
epoch: 23 iter: 31 train_iter_loss: 0.004124 learn_rate: 0.000333 
epoch: 23 iter: 32 train_iter_loss: 0.003851 learn_rate: 0.000333 
epoch: 23 iter: 33 train_iter_loss: 0.003241 learn_rate: 0.000333 
epoch: 23 iter: 34 train_iter_loss: 0.002818 learn_rate: 0.000333 
epoch: 23 iter: 35 train_iter_loss: 0.003548 learn_rate: 0.000333 
epoch: 23 iter: 36 train_iter_loss: 0.005217 learn_rate: 0.000333 
epoch: 23 iter: 37 train_iter_loss: 0.005248 learn_rate: 0.000333 
epoch: 23 iter: 38 train_iter_loss: 0.002599 learn_rate: 0.000333 
epoch: 23 iter: 39 train_iter_loss: 0.003096 learn_rate: 0.000333 
epoch: 23 iter: 40 train_iter_loss: 0.000331 learn_rate: 0.000333 
epoch: 23 iter: 41 train_iter_loss: 0.003379 learn_rate: 0.000333 
epoch: 23 iter: 42 train_iter_loss: 0.001087 learn_rate: 0.000333 
epoch: 23 iter: 43 train_iter_loss: 0.001414 learn_rate: 0.000333 
epoch: 23 iter: 44 train_iter_loss: 0.003566 learn_rate: 0.000333 
epoch: 23 iter: 45 train_iter_loss: 0.003200 learn_rate: 0.000333 
epoch: 23 iter: 46 train_iter_loss: 0.001906 learn_rate: 0.000333 
epoch: 23 iter: 47 train_iter_loss: 0.004907 learn_rate: 0.000333 
epoch: 23 iter: 48 train_iter_loss: 0.003906 learn_rate: 0.000333 
epoch: 23 iter: 49 train_iter_loss: 0.001221 learn_rate: 0.000333 
epoch: 23 iter: 50 train_iter_loss: 0.004972 learn_rate: 0.000333 
epoch: 23 iter: 51 train_iter_loss: 0.002037 learn_rate: 0.000333 
epoch: 23 iter: 52 train_iter_loss: 0.002697 learn_rate: 0.000333 
epoch: 23 iter: 53 train_iter_loss: 0.001729 learn_rate: 0.000333 
epoch: 23 iter: 54 train_iter_loss: 0.001379 learn_rate: 0.000333 
epoch: 23 train_epoch_loss: 0.002862 learn_rate: 0.000333 test_p: 0.877782 test_r: 0.863478 test_f: 0.870299
epoch: 24 iter: 1 train_iter_loss: 0.006092 learn_rate: 0.000333 
epoch: 24 iter: 2 train_iter_loss: 0.002265 learn_rate: 0.000333 
epoch: 24 iter: 3 train_iter_loss: 0.002321 learn_rate: 0.000333 
epoch: 24 iter: 4 train_iter_loss: 0.004820 learn_rate: 0.000333 
epoch: 24 iter: 5 train_iter_loss: 0.001918 learn_rate: 0.000333 
epoch: 24 iter: 6 train_iter_loss: 0.002273 learn_rate: 0.000333 
epoch: 24 iter: 7 train_iter_loss: 0.000991 learn_rate: 0.000333 
epoch: 24 iter: 8 train_iter_loss: 0.003043 learn_rate: 0.000333 
epoch: 24 iter: 9 train_iter_loss: 0.002886 learn_rate: 0.000333 
epoch: 24 iter: 10 train_iter_loss: 0.006868 learn_rate: 0.000333 
epoch: 24 iter: 11 train_iter_loss: 0.005095 learn_rate: 0.000333 
epoch: 24 iter: 12 train_iter_loss: 0.001984 learn_rate: 0.000333 
epoch: 24 iter: 13 train_iter_loss: 0.000932 learn_rate: 0.000333 
epoch: 24 iter: 14 train_iter_loss: 0.001750 learn_rate: 0.000333 
epoch: 24 iter: 15 train_iter_loss: 0.001973 learn_rate: 0.000333 
epoch: 24 iter: 16 train_iter_loss: 0.005130 learn_rate: 0.000333 
epoch: 24 iter: 17 train_iter_loss: 0.002692 learn_rate: 0.000333 
epoch: 24 iter: 18 train_iter_loss: 0.001730 learn_rate: 0.000333 
epoch: 24 iter: 19 train_iter_loss: 0.002413 learn_rate: 0.000333 
epoch: 24 iter: 20 train_iter_loss: 0.002755 learn_rate: 0.000333 
epoch: 24 iter: 21 train_iter_loss: 0.003970 learn_rate: 0.000333 
epoch: 24 iter: 22 train_iter_loss: 0.001693 learn_rate: 0.000333 
epoch: 24 iter: 23 train_iter_loss: 0.002926 learn_rate: 0.000333 
epoch: 24 iter: 24 train_iter_loss: 0.003192 learn_rate: 0.000333 
epoch: 24 iter: 25 train_iter_loss: 0.003314 learn_rate: 0.000333 
epoch: 24 iter: 26 train_iter_loss: 0.002832 learn_rate: 0.000333 
epoch: 24 iter: 27 train_iter_loss: 0.005078 learn_rate: 0.000333 
epoch: 24 iter: 28 train_iter_loss: 0.002878 learn_rate: 0.000333 
epoch: 24 iter: 29 train_iter_loss: 0.002369 learn_rate: 0.000333 
epoch: 24 iter: 30 train_iter_loss: 0.003852 learn_rate: 0.000333 
epoch: 24 iter: 31 train_iter_loss: 0.001459 learn_rate: 0.000333 
epoch: 24 iter: 32 train_iter_loss: 0.001990 learn_rate: 0.000333 
epoch: 24 iter: 33 train_iter_loss: 0.003973 learn_rate: 0.000333 
epoch: 24 iter: 34 train_iter_loss: 0.001872 learn_rate: 0.000333 
epoch: 24 iter: 35 train_iter_loss: 0.001073 learn_rate: 0.000333 
epoch: 24 iter: 36 train_iter_loss: 0.004649 learn_rate: 0.000333 
epoch: 24 iter: 37 train_iter_loss: 0.001985 learn_rate: 0.000333 
epoch: 24 iter: 38 train_iter_loss: 0.003081 learn_rate: 0.000333 
epoch: 24 iter: 39 train_iter_loss: 0.002472 learn_rate: 0.000333 
epoch: 24 iter: 40 train_iter_loss: 0.002556 learn_rate: 0.000333 
epoch: 24 iter: 41 train_iter_loss: 0.003623 learn_rate: 0.000333 
epoch: 24 iter: 42 train_iter_loss: 0.001792 learn_rate: 0.000333 
epoch: 24 iter: 43 train_iter_loss: 0.002856 learn_rate: 0.000333 
epoch: 24 iter: 44 train_iter_loss: 0.001650 learn_rate: 0.000333 
epoch: 24 iter: 45 train_iter_loss: 0.003440 learn_rate: 0.000333 
epoch: 24 iter: 46 train_iter_loss: 0.003268 learn_rate: 0.000333 
epoch: 24 iter: 47 train_iter_loss: 0.001516 learn_rate: 0.000333 
epoch: 24 iter: 48 train_iter_loss: 0.003588 learn_rate: 0.000333 
epoch: 24 iter: 49 train_iter_loss: 0.001298 learn_rate: 0.000333 
epoch: 24 iter: 50 train_iter_loss: 0.002034 learn_rate: 0.000333 
epoch: 24 iter: 51 train_iter_loss: 0.001561 learn_rate: 0.000333 
epoch: 24 iter: 52 train_iter_loss: 0.002128 learn_rate: 0.000333 
epoch: 24 iter: 53 train_iter_loss: 0.005260 learn_rate: 0.000333 
epoch: 24 iter: 54 train_iter_loss: 0.002420 learn_rate: 0.000333 
epoch: 24 train_epoch_loss: 0.002844 learn_rate: 0.000333 test_p: 0.880178 test_r: 0.867128 test_f: 0.873489
epoch: 25 iter: 1 train_iter_loss: 0.002747 learn_rate: 0.000333 
epoch: 25 iter: 2 train_iter_loss: 0.001584 learn_rate: 0.000333 
epoch: 25 iter: 3 train_iter_loss: 0.003144 learn_rate: 0.000333 
epoch: 25 iter: 4 train_iter_loss: 0.002849 learn_rate: 0.000333 
epoch: 25 iter: 5 train_iter_loss: 0.001325 learn_rate: 0.000333 
epoch: 25 iter: 6 train_iter_loss: 0.002860 learn_rate: 0.000333 
epoch: 25 iter: 7 train_iter_loss: 0.001938 learn_rate: 0.000333 
epoch: 25 iter: 8 train_iter_loss: 0.002166 learn_rate: 0.000333 
epoch: 25 iter: 9 train_iter_loss: 0.002730 learn_rate: 0.000333 
epoch: 25 iter: 10 train_iter_loss: 0.000916 learn_rate: 0.000333 
epoch: 25 iter: 11 train_iter_loss: 0.001895 learn_rate: 0.000333 
epoch: 25 iter: 12 train_iter_loss: 0.002722 learn_rate: 0.000333 
epoch: 25 iter: 13 train_iter_loss: 0.003070 learn_rate: 0.000333 
epoch: 25 iter: 14 train_iter_loss: 0.003185 learn_rate: 0.000333 
epoch: 25 iter: 15 train_iter_loss: 0.001311 learn_rate: 0.000333 
epoch: 25 iter: 16 train_iter_loss: 0.003974 learn_rate: 0.000333 
epoch: 25 iter: 17 train_iter_loss: 0.000638 learn_rate: 0.000333 
