Wed May 29 22:53:35 2024
data_dict: {'mean': array([52.027378, 53.080143, 50.97824 , 48.672356], dtype=float32), 'std': array([26.11919 , 27.940523, 27.391392, 26.661545], dtype=float32), 'classWeights': array([2.7882984, 1.7537785], dtype=float32), 'img_shape': (192, 192, 4)}
epoch: 1 iter: 1 train_iter_loss: 0.084593 learn_rate: 0.001000 
epoch: 1 iter: 2 train_iter_loss: 0.076853 learn_rate: 0.001000 
epoch: 1 iter: 3 train_iter_loss: 0.058409 learn_rate: 0.001000 
epoch: 1 iter: 4 train_iter_loss: 0.075718 learn_rate: 0.001000 
epoch: 1 iter: 5 train_iter_loss: 0.055440 learn_rate: 0.001000 
epoch: 1 iter: 6 train_iter_loss: 0.054133 learn_rate: 0.001000 
epoch: 1 iter: 7 train_iter_loss: 0.062426 learn_rate: 0.001000 
epoch: 1 iter: 8 train_iter_loss: 0.058099 learn_rate: 0.001000 
epoch: 1 iter: 9 train_iter_loss: 0.056542 learn_rate: 0.001000 
epoch: 1 iter: 10 train_iter_loss: 0.053371 learn_rate: 0.001000 
epoch: 1 iter: 11 train_iter_loss: 0.058479 learn_rate: 0.001000 
epoch: 1 iter: 12 train_iter_loss: 0.046686 learn_rate: 0.001000 
epoch: 1 iter: 13 train_iter_loss: 0.046065 learn_rate: 0.001000 
epoch: 1 iter: 14 train_iter_loss: 0.046726 learn_rate: 0.001000 
epoch: 1 iter: 15 train_iter_loss: 0.039822 learn_rate: 0.001000 
epoch: 1 iter: 16 train_iter_loss: 0.066935 learn_rate: 0.001000 
epoch: 1 iter: 17 train_iter_loss: 0.043189 learn_rate: 0.001000 
epoch: 1 iter: 18 train_iter_loss: 0.049252 learn_rate: 0.001000 
epoch: 1 iter: 19 train_iter_loss: 0.061233 learn_rate: 0.001000 
epoch: 1 iter: 20 train_iter_loss: 0.054378 learn_rate: 0.001000 
epoch: 1 iter: 21 train_iter_loss: 0.052816 learn_rate: 0.001000 
epoch: 1 iter: 22 train_iter_loss: 0.040661 learn_rate: 0.001000 
epoch: 1 iter: 23 train_iter_loss: 0.044177 learn_rate: 0.001000 
epoch: 1 iter: 24 train_iter_loss: 0.056469 learn_rate: 0.001000 
epoch: 1 iter: 25 train_iter_loss: 0.040835 learn_rate: 0.001000 
epoch: 1 iter: 26 train_iter_loss: 0.045087 learn_rate: 0.001000 
epoch: 1 iter: 27 train_iter_loss: 0.056941 learn_rate: 0.001000 
epoch: 1 iter: 28 train_iter_loss: 0.043105 learn_rate: 0.001000 
epoch: 1 iter: 29 train_iter_loss: 0.041695 learn_rate: 0.001000 
epoch: 1 iter: 30 train_iter_loss: 0.041257 learn_rate: 0.001000 
epoch: 1 iter: 31 train_iter_loss: 0.042854 learn_rate: 0.001000 
epoch: 1 iter: 32 train_iter_loss: 0.036293 learn_rate: 0.001000 
epoch: 1 iter: 33 train_iter_loss: 0.038276 learn_rate: 0.001000 
epoch: 1 iter: 34 train_iter_loss: 0.044433 learn_rate: 0.001000 
epoch: 1 iter: 35 train_iter_loss: 0.036065 learn_rate: 0.001000 
epoch: 1 iter: 36 train_iter_loss: 0.043545 learn_rate: 0.001000 
epoch: 1 iter: 37 train_iter_loss: 0.037743 learn_rate: 0.001000 
epoch: 1 iter: 38 train_iter_loss: 0.055403 learn_rate: 0.001000 
epoch: 1 iter: 39 train_iter_loss: 0.036930 learn_rate: 0.001000 
epoch: 1 iter: 40 train_iter_loss: 0.051422 learn_rate: 0.001000 
epoch: 1 iter: 41 train_iter_loss: 0.033702 learn_rate: 0.001000 
epoch: 1 iter: 42 train_iter_loss: 0.041422 learn_rate: 0.001000 
epoch: 1 iter: 43 train_iter_loss: 0.037824 learn_rate: 0.001000 
epoch: 1 iter: 44 train_iter_loss: 0.042392 learn_rate: 0.001000 
epoch: 1 iter: 45 train_iter_loss: 0.048789 learn_rate: 0.001000 
epoch: 1 iter: 46 train_iter_loss: 0.035294 learn_rate: 0.001000 
epoch: 1 iter: 47 train_iter_loss: 0.031547 learn_rate: 0.001000 
epoch: 1 iter: 48 train_iter_loss: 0.041215 learn_rate: 0.001000 
epoch: 1 iter: 49 train_iter_loss: 0.049219 learn_rate: 0.001000 
epoch: 1 iter: 50 train_iter_loss: 0.039747 learn_rate: 0.001000 
epoch: 1 iter: 51 train_iter_loss: 0.046167 learn_rate: 0.001000 
epoch: 1 iter: 52 train_iter_loss: 0.050279 learn_rate: 0.001000 
epoch: 1 iter: 53 train_iter_loss: 0.039081 learn_rate: 0.001000 
epoch: 1 iter: 54 train_iter_loss: 0.039188 learn_rate: 0.001000 
epoch: 1 train_epoch_loss: 0.048337 learn_rate: 0.001000 test_p: 0.810170 test_r: 0.772438 test_f: 0.789268
epoch: 2 iter: 1 train_iter_loss: 0.035916 learn_rate: 0.001000 
epoch: 2 iter: 2 train_iter_loss: 0.032634 learn_rate: 0.001000 
epoch: 2 iter: 3 train_iter_loss: 0.029207 learn_rate: 0.001000 
epoch: 2 iter: 4 train_iter_loss: 0.031944 learn_rate: 0.001000 
epoch: 2 iter: 5 train_iter_loss: 0.031346 learn_rate: 0.001000 
epoch: 2 iter: 6 train_iter_loss: 0.026595 learn_rate: 0.001000 
epoch: 2 iter: 7 train_iter_loss: 0.023481 learn_rate: 0.001000 
epoch: 2 iter: 8 train_iter_loss: 0.037223 learn_rate: 0.001000 
epoch: 2 iter: 9 train_iter_loss: 0.031851 learn_rate: 0.001000 
epoch: 2 iter: 10 train_iter_loss: 0.030446 learn_rate: 0.001000 
epoch: 2 iter: 11 train_iter_loss: 0.070005 learn_rate: 0.001000 
epoch: 2 iter: 12 train_iter_loss: 0.023427 learn_rate: 0.001000 
epoch: 2 iter: 13 train_iter_loss: 0.065587 learn_rate: 0.001000 
epoch: 2 iter: 14 train_iter_loss: 0.064205 learn_rate: 0.001000 
epoch: 2 iter: 15 train_iter_loss: 0.044261 learn_rate: 0.001000 
epoch: 2 iter: 16 train_iter_loss: 0.046295 learn_rate: 0.001000 
epoch: 2 iter: 17 train_iter_loss: 0.036069 learn_rate: 0.001000 
epoch: 2 iter: 18 train_iter_loss: 0.039959 learn_rate: 0.001000 
epoch: 2 iter: 19 train_iter_loss: 0.037038 learn_rate: 0.001000 
epoch: 2 iter: 20 train_iter_loss: 0.045893 learn_rate: 0.001000 
epoch: 2 iter: 21 train_iter_loss: 0.049137 learn_rate: 0.001000 
epoch: 2 iter: 22 train_iter_loss: 0.038537 learn_rate: 0.001000 
epoch: 2 iter: 23 train_iter_loss: 0.044909 learn_rate: 0.001000 
epoch: 2 iter: 24 train_iter_loss: 0.037306 learn_rate: 0.001000 
epoch: 2 iter: 25 train_iter_loss: 0.036444 learn_rate: 0.001000 
epoch: 2 iter: 26 train_iter_loss: 0.040092 learn_rate: 0.001000 
epoch: 2 iter: 27 train_iter_loss: 0.048177 learn_rate: 0.001000 
epoch: 2 iter: 28 train_iter_loss: 0.030127 learn_rate: 0.001000 
epoch: 2 iter: 29 train_iter_loss: 0.096809 learn_rate: 0.001000 
epoch: 2 iter: 30 train_iter_loss: 0.045739 learn_rate: 0.001000 
epoch: 2 iter: 31 train_iter_loss: 0.034924 learn_rate: 0.001000 
epoch: 2 iter: 32 train_iter_loss: 0.033570 learn_rate: 0.001000 
epoch: 2 iter: 33 train_iter_loss: 0.045084 learn_rate: 0.001000 
epoch: 2 iter: 34 train_iter_loss: 0.064112 learn_rate: 0.001000 
epoch: 2 iter: 35 train_iter_loss: 0.044106 learn_rate: 0.001000 
epoch: 2 iter: 36 train_iter_loss: 0.039312 learn_rate: 0.001000 
epoch: 2 iter: 37 train_iter_loss: 0.042790 learn_rate: 0.001000 
epoch: 2 iter: 38 train_iter_loss: 0.078569 learn_rate: 0.001000 
epoch: 2 iter: 39 train_iter_loss: 0.047465 learn_rate: 0.001000 
epoch: 2 iter: 40 train_iter_loss: 0.038774 learn_rate: 0.001000 
epoch: 2 iter: 41 train_iter_loss: 0.058697 learn_rate: 0.001000 
epoch: 2 iter: 42 train_iter_loss: 0.038980 learn_rate: 0.001000 
epoch: 2 iter: 43 train_iter_loss: 0.034458 learn_rate: 0.001000 
epoch: 2 iter: 44 train_iter_loss: 0.055146 learn_rate: 0.001000 
epoch: 2 iter: 45 train_iter_loss: 0.038124 learn_rate: 0.001000 
epoch: 2 iter: 46 train_iter_loss: 0.045770 learn_rate: 0.001000 
epoch: 2 iter: 47 train_iter_loss: 0.033954 learn_rate: 0.001000 
epoch: 2 iter: 48 train_iter_loss: 0.040591 learn_rate: 0.001000 
epoch: 2 iter: 49 train_iter_loss: 0.042171 learn_rate: 0.001000 
epoch: 2 iter: 50 train_iter_loss: 0.029969 learn_rate: 0.001000 
epoch: 2 iter: 51 train_iter_loss: 0.027582 learn_rate: 0.001000 
epoch: 2 iter: 52 train_iter_loss: 0.033561 learn_rate: 0.001000 
epoch: 2 iter: 53 train_iter_loss: 0.037999 learn_rate: 0.001000 
epoch: 2 iter: 54 train_iter_loss: 0.027991 learn_rate: 0.001000 
epoch: 2 train_epoch_loss: 0.041933 learn_rate: 0.001000 test_p: 0.813496 test_r: 0.758240 test_f: 0.784213
epoch: 3 iter: 1 train_iter_loss: 0.029516 learn_rate: 0.001000 
epoch: 3 iter: 2 train_iter_loss: 0.044528 learn_rate: 0.001000 
epoch: 3 iter: 3 train_iter_loss: 0.026071 learn_rate: 0.001000 
epoch: 3 iter: 4 train_iter_loss: 0.041624 learn_rate: 0.001000 
epoch: 3 iter: 5 train_iter_loss: 0.028175 learn_rate: 0.001000 
epoch: 3 iter: 6 train_iter_loss: 0.030246 learn_rate: 0.001000 
epoch: 3 iter: 7 train_iter_loss: 0.033626 learn_rate: 0.001000 
epoch: 3 iter: 8 train_iter_loss: 0.028186 learn_rate: 0.001000 
epoch: 3 iter: 9 train_iter_loss: 0.030495 learn_rate: 0.001000 
epoch: 3 iter: 10 train_iter_loss: 0.032582 learn_rate: 0.001000 
epoch: 3 iter: 11 train_iter_loss: 0.031431 learn_rate: 0.001000 
epoch: 3 iter: 12 train_iter_loss: 0.026278 learn_rate: 0.001000 
epoch: 3 iter: 13 train_iter_loss: 0.030742 learn_rate: 0.001000 
epoch: 3 iter: 14 train_iter_loss: 0.039443 learn_rate: 0.001000 
epoch: 3 iter: 15 train_iter_loss: 0.027409 learn_rate: 0.001000 
epoch: 3 iter: 16 train_iter_loss: 0.045396 learn_rate: 0.001000 
epoch: 3 iter: 17 train_iter_loss: 0.027808 learn_rate: 0.001000 
epoch: 3 iter: 18 train_iter_loss: 0.033991 learn_rate: 0.001000 
epoch: 3 iter: 19 train_iter_loss: 0.050008 learn_rate: 0.001000 
epoch: 3 iter: 20 train_iter_loss: 0.034559 learn_rate: 0.001000 
epoch: 3 iter: 21 train_iter_loss: 0.025527 learn_rate: 0.001000 
epoch: 3 iter: 22 train_iter_loss: 0.038820 learn_rate: 0.001000 
epoch: 3 iter: 23 train_iter_loss: 0.026900 learn_rate: 0.001000 
epoch: 3 iter: 24 train_iter_loss: 0.031616 learn_rate: 0.001000 
epoch: 3 iter: 25 train_iter_loss: 0.030562 learn_rate: 0.001000 
epoch: 3 iter: 26 train_iter_loss: 0.037614 learn_rate: 0.001000 
epoch: 3 iter: 27 train_iter_loss: 0.025008 learn_rate: 0.001000 
epoch: 3 iter: 28 train_iter_loss: 0.057813 learn_rate: 0.001000 
epoch: 3 iter: 29 train_iter_loss: 0.032798 learn_rate: 0.001000 
epoch: 3 iter: 30 train_iter_loss: 0.038635 learn_rate: 0.001000 
epoch: 3 iter: 31 train_iter_loss: 0.024367 learn_rate: 0.001000 
epoch: 3 iter: 32 train_iter_loss: 0.023155 learn_rate: 0.001000 
epoch: 3 iter: 33 train_iter_loss: 0.026199 learn_rate: 0.001000 
epoch: 3 iter: 34 train_iter_loss: 0.055959 learn_rate: 0.001000 
epoch: 3 iter: 35 train_iter_loss: 0.034703 learn_rate: 0.001000 
epoch: 3 iter: 36 train_iter_loss: 0.039462 learn_rate: 0.001000 
epoch: 3 iter: 37 train_iter_loss: 0.034999 learn_rate: 0.001000 
epoch: 3 iter: 38 train_iter_loss: 0.028769 learn_rate: 0.001000 
epoch: 3 iter: 39 train_iter_loss: 0.037166 learn_rate: 0.001000 
epoch: 3 iter: 40 train_iter_loss: 0.030946 learn_rate: 0.001000 
epoch: 3 iter: 41 train_iter_loss: 0.028295 learn_rate: 0.001000 
epoch: 3 iter: 42 train_iter_loss: 0.025863 learn_rate: 0.001000 
epoch: 3 iter: 43 train_iter_loss: 0.033864 learn_rate: 0.001000 
epoch: 3 iter: 44 train_iter_loss: 0.024171 learn_rate: 0.001000 
epoch: 3 iter: 45 train_iter_loss: 0.032813 learn_rate: 0.001000 
epoch: 3 iter: 46 train_iter_loss: 0.026728 learn_rate: 0.001000 
epoch: 3 iter: 47 train_iter_loss: 0.039724 learn_rate: 0.001000 
epoch: 3 iter: 48 train_iter_loss: 0.037101 learn_rate: 0.001000 
epoch: 3 iter: 49 train_iter_loss: 0.023028 learn_rate: 0.001000 
epoch: 3 iter: 50 train_iter_loss: 0.026007 learn_rate: 0.001000 
epoch: 3 iter: 51 train_iter_loss: 0.040052 learn_rate: 0.001000 
epoch: 3 iter: 52 train_iter_loss: 0.029813 learn_rate: 0.001000 
epoch: 3 iter: 53 train_iter_loss: 0.025837 learn_rate: 0.001000 
epoch: 3 iter: 54 train_iter_loss: 0.036724 learn_rate: 0.001000 
epoch: 3 train_epoch_loss: 0.033021 learn_rate: 0.001000 test_p: 0.829604 test_r: 0.809741 test_f: 0.819223
epoch: 4 iter: 1 train_iter_loss: 0.026918 learn_rate: 0.001000 
epoch: 4 iter: 2 train_iter_loss: 0.028638 learn_rate: 0.001000 
epoch: 4 iter: 3 train_iter_loss: 0.028736 learn_rate: 0.001000 
epoch: 4 iter: 4 train_iter_loss: 0.033372 learn_rate: 0.001000 
epoch: 4 iter: 5 train_iter_loss: 0.035509 learn_rate: 0.001000 
epoch: 4 iter: 6 train_iter_loss: 0.045524 learn_rate: 0.001000 
epoch: 4 iter: 7 train_iter_loss: 0.032099 learn_rate: 0.001000 
epoch: 4 iter: 8 train_iter_loss: 0.032529 learn_rate: 0.001000 
epoch: 4 iter: 9 train_iter_loss: 0.023950 learn_rate: 0.001000 
epoch: 4 iter: 10 train_iter_loss: 0.026251 learn_rate: 0.001000 
epoch: 4 iter: 11 train_iter_loss: 0.023971 learn_rate: 0.001000 
epoch: 4 iter: 12 train_iter_loss: 0.023712 learn_rate: 0.001000 
epoch: 4 iter: 13 train_iter_loss: 0.025422 learn_rate: 0.001000 
epoch: 4 iter: 14 train_iter_loss: 0.026266 learn_rate: 0.001000 
epoch: 4 iter: 15 train_iter_loss: 0.037319 learn_rate: 0.001000 
epoch: 4 iter: 16 train_iter_loss: 0.025124 learn_rate: 0.001000 
epoch: 4 iter: 17 train_iter_loss: 0.024847 learn_rate: 0.001000 
epoch: 4 iter: 18 train_iter_loss: 0.025877 learn_rate: 0.001000 
epoch: 4 iter: 19 train_iter_loss: 0.019576 learn_rate: 0.001000 
epoch: 4 iter: 20 train_iter_loss: 0.031556 learn_rate: 0.001000 
epoch: 4 iter: 21 train_iter_loss: 0.028146 learn_rate: 0.001000 
epoch: 4 iter: 22 train_iter_loss: 0.024560 learn_rate: 0.001000 
epoch: 4 iter: 23 train_iter_loss: 0.021536 learn_rate: 0.001000 
epoch: 4 iter: 24 train_iter_loss: 0.038471 learn_rate: 0.001000 
epoch: 4 iter: 25 train_iter_loss: 0.023131 learn_rate: 0.001000 
epoch: 4 iter: 26 train_iter_loss: 0.028964 learn_rate: 0.001000 
epoch: 4 iter: 27 train_iter_loss: 0.024463 learn_rate: 0.001000 
epoch: 4 iter: 28 train_iter_loss: 0.027254 learn_rate: 0.001000 
epoch: 4 iter: 29 train_iter_loss: 0.023678 learn_rate: 0.001000 
epoch: 4 iter: 30 train_iter_loss: 0.035432 learn_rate: 0.001000 
epoch: 4 iter: 31 train_iter_loss: 0.029566 learn_rate: 0.001000 
epoch: 4 iter: 32 train_iter_loss: 0.032894 learn_rate: 0.001000 
epoch: 4 iter: 33 train_iter_loss: 0.023115 learn_rate: 0.001000 
epoch: 4 iter: 34 train_iter_loss: 0.027224 learn_rate: 0.001000 
epoch: 4 iter: 35 train_iter_loss: 0.023332 learn_rate: 0.001000 
epoch: 4 iter: 36 train_iter_loss: 0.025414 learn_rate: 0.001000 
epoch: 4 iter: 37 train_iter_loss: 0.022609 learn_rate: 0.001000 
epoch: 4 iter: 38 train_iter_loss: 0.021504 learn_rate: 0.001000 
epoch: 4 iter: 39 train_iter_loss: 0.022549 learn_rate: 0.001000 
epoch: 4 iter: 40 train_iter_loss: 0.022617 learn_rate: 0.001000 
epoch: 4 iter: 41 train_iter_loss: 0.039681 learn_rate: 0.001000 
epoch: 4 iter: 42 train_iter_loss: 0.022829 learn_rate: 0.001000 
epoch: 4 iter: 43 train_iter_loss: 0.039482 learn_rate: 0.001000 
epoch: 4 iter: 44 train_iter_loss: 0.023611 learn_rate: 0.001000 
epoch: 4 iter: 45 train_iter_loss: 0.026487 learn_rate: 0.001000 
epoch: 4 iter: 46 train_iter_loss: 0.027123 learn_rate: 0.001000 
epoch: 4 iter: 47 train_iter_loss: 0.026542 learn_rate: 0.001000 
epoch: 4 iter: 48 train_iter_loss: 0.035881 learn_rate: 0.001000 
epoch: 4 iter: 49 train_iter_loss: 0.021953 learn_rate: 0.001000 
epoch: 4 iter: 50 train_iter_loss: 0.036607 learn_rate: 0.001000 
epoch: 4 iter: 51 train_iter_loss: 0.027771 learn_rate: 0.001000 
epoch: 4 iter: 52 train_iter_loss: 0.027230 learn_rate: 0.001000 
epoch: 4 iter: 53 train_iter_loss: 0.025161 learn_rate: 0.001000 
epoch: 4 iter: 54 train_iter_loss: 0.025921 learn_rate: 0.001000 
epoch: 4 train_epoch_loss: 0.027962 learn_rate: 0.001000 test_p: 0.834093 test_r: 0.792105 test_f: 0.811971
epoch: 5 iter: 1 train_iter_loss: 0.037654 learn_rate: 0.001000 
epoch: 5 iter: 2 train_iter_loss: 0.036135 learn_rate: 0.001000 
epoch: 5 iter: 3 train_iter_loss: 0.022449 learn_rate: 0.001000 
epoch: 5 iter: 4 train_iter_loss: 0.025690 learn_rate: 0.001000 
epoch: 5 iter: 5 train_iter_loss: 0.023655 learn_rate: 0.001000 
epoch: 5 iter: 6 train_iter_loss: 0.028277 learn_rate: 0.001000 
epoch: 5 iter: 7 train_iter_loss: 0.042095 learn_rate: 0.001000 
epoch: 5 iter: 8 train_iter_loss: 0.047040 learn_rate: 0.001000 
epoch: 5 iter: 9 train_iter_loss: 0.055793 learn_rate: 0.001000 
epoch: 5 iter: 10 train_iter_loss: 0.045050 learn_rate: 0.001000 
epoch: 5 iter: 11 train_iter_loss: 0.027239 learn_rate: 0.001000 
epoch: 5 iter: 12 train_iter_loss: 0.056541 learn_rate: 0.001000 
epoch: 5 iter: 13 train_iter_loss: 0.054006 learn_rate: 0.001000 
epoch: 5 iter: 14 train_iter_loss: 0.033331 learn_rate: 0.001000 
epoch: 5 iter: 15 train_iter_loss: 0.036806 learn_rate: 0.001000 
epoch: 5 iter: 16 train_iter_loss: 0.022117 learn_rate: 0.001000 
epoch: 5 iter: 17 train_iter_loss: 0.031210 learn_rate: 0.001000 
epoch: 5 iter: 18 train_iter_loss: 0.036499 learn_rate: 0.001000 
epoch: 5 iter: 19 train_iter_loss: 0.029774 learn_rate: 0.001000 
epoch: 5 iter: 20 train_iter_loss: 0.046798 learn_rate: 0.001000 
epoch: 5 iter: 21 train_iter_loss: 0.047851 learn_rate: 0.001000 
epoch: 5 iter: 22 train_iter_loss: 0.050364 learn_rate: 0.001000 
epoch: 5 iter: 23 train_iter_loss: 0.038117 learn_rate: 0.001000 
epoch: 5 iter: 24 train_iter_loss: 0.044432 learn_rate: 0.001000 
epoch: 5 iter: 25 train_iter_loss: 0.050998 learn_rate: 0.001000 
epoch: 5 iter: 26 train_iter_loss: 0.033089 learn_rate: 0.001000 
epoch: 5 iter: 27 train_iter_loss: 0.025965 learn_rate: 0.001000 
epoch: 5 iter: 28 train_iter_loss: 0.029198 learn_rate: 0.001000 
epoch: 5 iter: 29 train_iter_loss: 0.024444 learn_rate: 0.001000 
epoch: 5 iter: 30 train_iter_loss: 0.037676 learn_rate: 0.001000 
epoch: 5 iter: 31 train_iter_loss: 0.030145 learn_rate: 0.001000 
epoch: 5 iter: 32 train_iter_loss: 0.028390 learn_rate: 0.001000 
epoch: 5 iter: 33 train_iter_loss: 0.032241 learn_rate: 0.001000 
epoch: 5 iter: 34 train_iter_loss: 0.033840 learn_rate: 0.001000 
epoch: 5 iter: 35 train_iter_loss: 0.028572 learn_rate: 0.001000 
epoch: 5 iter: 36 train_iter_loss: 0.028286 learn_rate: 0.001000 
epoch: 5 iter: 37 train_iter_loss: 0.042382 learn_rate: 0.001000 
epoch: 5 iter: 38 train_iter_loss: 0.023815 learn_rate: 0.001000 
epoch: 5 iter: 39 train_iter_loss: 0.035714 learn_rate: 0.001000 
epoch: 5 iter: 40 train_iter_loss: 0.034820 learn_rate: 0.001000 
epoch: 5 iter: 41 train_iter_loss: 0.028022 learn_rate: 0.001000 
epoch: 5 iter: 42 train_iter_loss: 0.029840 learn_rate: 0.001000 
epoch: 5 iter: 43 train_iter_loss: 0.031699 learn_rate: 0.001000 
epoch: 5 iter: 44 train_iter_loss: 0.039817 learn_rate: 0.001000 
epoch: 5 iter: 45 train_iter_loss: 0.026979 learn_rate: 0.001000 
epoch: 5 iter: 46 train_iter_loss: 0.031067 learn_rate: 0.001000 
epoch: 5 iter: 47 train_iter_loss: 0.038683 learn_rate: 0.001000 
epoch: 5 iter: 48 train_iter_loss: 0.027984 learn_rate: 0.001000 
epoch: 5 iter: 49 train_iter_loss: 0.023240 learn_rate: 0.001000 
epoch: 5 iter: 50 train_iter_loss: 0.028322 learn_rate: 0.001000 
epoch: 5 iter: 51 train_iter_loss: 0.022904 learn_rate: 0.001000 
epoch: 5 iter: 52 train_iter_loss: 0.025245 learn_rate: 0.001000 
epoch: 5 iter: 53 train_iter_loss: 0.031793 learn_rate: 0.001000 
epoch: 5 iter: 54 train_iter_loss: 0.026646 learn_rate: 0.001000 
epoch: 5 train_epoch_loss: 0.034273 learn_rate: 0.001000 test_p: 0.828630 test_r: 0.801884 test_f: 0.814762
epoch: 6 iter: 1 train_iter_loss: 0.049746 learn_rate: 0.001000 
epoch: 6 iter: 2 train_iter_loss: 0.023035 learn_rate: 0.001000 
epoch: 6 iter: 3 train_iter_loss: 0.031184 learn_rate: 0.001000 
epoch: 6 iter: 4 train_iter_loss: 0.027561 learn_rate: 0.001000 
epoch: 6 iter: 5 train_iter_loss: 0.036478 learn_rate: 0.001000 
epoch: 6 iter: 6 train_iter_loss: 0.029627 learn_rate: 0.001000 
epoch: 6 iter: 7 train_iter_loss: 0.024795 learn_rate: 0.001000 
epoch: 6 iter: 8 train_iter_loss: 0.027130 learn_rate: 0.001000 
epoch: 6 iter: 9 train_iter_loss: 0.030319 learn_rate: 0.001000 
epoch: 6 iter: 10 train_iter_loss: 0.025401 learn_rate: 0.001000 
epoch: 6 iter: 11 train_iter_loss: 0.030687 learn_rate: 0.001000 
epoch: 6 iter: 12 train_iter_loss: 0.043410 learn_rate: 0.001000 
epoch: 6 iter: 13 train_iter_loss: 0.031308 learn_rate: 0.001000 
epoch: 6 iter: 14 train_iter_loss: 0.028266 learn_rate: 0.001000 
epoch: 6 iter: 15 train_iter_loss: 0.025809 learn_rate: 0.001000 
epoch: 6 iter: 16 train_iter_loss: 0.045016 learn_rate: 0.001000 
epoch: 6 iter: 17 train_iter_loss: 0.024235 learn_rate: 0.001000 
epoch: 6 iter: 18 train_iter_loss: 0.022038 learn_rate: 0.001000 
epoch: 6 iter: 19 train_iter_loss: 0.026758 learn_rate: 0.001000 
epoch: 6 iter: 20 train_iter_loss: 0.022374 learn_rate: 0.001000 
epoch: 6 iter: 21 train_iter_loss: 0.033597 learn_rate: 0.001000 
epoch: 6 iter: 22 train_iter_loss: 0.035373 learn_rate: 0.001000 
epoch: 6 iter: 23 train_iter_loss: 0.020969 learn_rate: 0.001000 
epoch: 6 iter: 24 train_iter_loss: 0.022463 learn_rate: 0.001000 
epoch: 6 iter: 25 train_iter_loss: 0.023682 learn_rate: 0.001000 
epoch: 6 iter: 26 train_iter_loss: 0.023907 learn_rate: 0.001000 
epoch: 6 iter: 27 train_iter_loss: 0.022350 learn_rate: 0.001000 
epoch: 6 iter: 28 train_iter_loss: 0.029330 learn_rate: 0.001000 
epoch: 6 iter: 29 train_iter_loss: 0.023357 learn_rate: 0.001000 
epoch: 6 iter: 30 train_iter_loss: 0.027272 learn_rate: 0.001000 
epoch: 6 iter: 31 train_iter_loss: 0.023684 learn_rate: 0.001000 
epoch: 6 iter: 32 train_iter_loss: 0.026907 learn_rate: 0.001000 
epoch: 6 iter: 33 train_iter_loss: 0.035040 learn_rate: 0.001000 
epoch: 6 iter: 34 train_iter_loss: 0.025517 learn_rate: 0.001000 
epoch: 6 iter: 35 train_iter_loss: 0.022894 learn_rate: 0.001000 
epoch: 6 iter: 36 train_iter_loss: 0.024864 learn_rate: 0.001000 
epoch: 6 iter: 37 train_iter_loss: 0.022516 learn_rate: 0.001000 
epoch: 6 iter: 38 train_iter_loss: 0.029271 learn_rate: 0.001000 
epoch: 6 iter: 39 train_iter_loss: 0.025778 learn_rate: 0.001000 
epoch: 6 iter: 40 train_iter_loss: 0.027134 learn_rate: 0.001000 
epoch: 6 iter: 41 train_iter_loss: 0.053020 learn_rate: 0.001000 
epoch: 6 iter: 42 train_iter_loss: 0.032001 learn_rate: 0.001000 
epoch: 6 iter: 43 train_iter_loss: 0.027817 learn_rate: 0.001000 
epoch: 6 iter: 44 train_iter_loss: 0.020987 learn_rate: 0.001000 
epoch: 6 iter: 45 train_iter_loss: 0.021631 learn_rate: 0.001000 
epoch: 6 iter: 46 train_iter_loss: 0.024651 learn_rate: 0.001000 
epoch: 6 iter: 47 train_iter_loss: 0.026070 learn_rate: 0.001000 
epoch: 6 iter: 48 train_iter_loss: 0.022174 learn_rate: 0.001000 
epoch: 6 iter: 49 train_iter_loss: 0.026212 learn_rate: 0.001000 
epoch: 6 iter: 50 train_iter_loss: 0.024082 learn_rate: 0.001000 
epoch: 6 iter: 51 train_iter_loss: 0.031757 learn_rate: 0.001000 
epoch: 6 iter: 52 train_iter_loss: 0.032846 learn_rate: 0.001000 
epoch: 6 iter: 53 train_iter_loss: 0.023937 learn_rate: 0.001000 
epoch: 6 iter: 54 train_iter_loss: 0.030960 learn_rate: 0.001000 
epoch: 6 train_epoch_loss: 0.028319 learn_rate: 0.001000 test_p: 0.839220 test_r: 0.820740 test_f: 0.829653
epoch: 7 iter: 1 train_iter_loss: 0.026567 learn_rate: 0.000333 
epoch: 7 iter: 2 train_iter_loss: 0.023358 learn_rate: 0.000333 
epoch: 7 iter: 3 train_iter_loss: 0.026548 learn_rate: 0.000333 
epoch: 7 iter: 4 train_iter_loss: 0.025089 learn_rate: 0.000333 
epoch: 7 iter: 5 train_iter_loss: 0.038829 learn_rate: 0.000333 
epoch: 7 iter: 6 train_iter_loss: 0.023541 learn_rate: 0.000333 
epoch: 7 iter: 7 train_iter_loss: 0.028046 learn_rate: 0.000333 
epoch: 7 iter: 8 train_iter_loss: 0.031818 learn_rate: 0.000333 
epoch: 7 iter: 9 train_iter_loss: 0.026463 learn_rate: 0.000333 
epoch: 7 iter: 10 train_iter_loss: 0.026838 learn_rate: 0.000333 
epoch: 7 iter: 11 train_iter_loss: 0.024804 learn_rate: 0.000333 
epoch: 7 iter: 12 train_iter_loss: 0.025929 learn_rate: 0.000333 
epoch: 7 iter: 13 train_iter_loss: 0.024629 learn_rate: 0.000333 
epoch: 7 iter: 14 train_iter_loss: 0.025192 learn_rate: 0.000333 
epoch: 7 iter: 15 train_iter_loss: 0.023705 learn_rate: 0.000333 
epoch: 7 iter: 16 train_iter_loss: 0.025013 learn_rate: 0.000333 
epoch: 7 iter: 17 train_iter_loss: 0.023523 learn_rate: 0.000333 
epoch: 7 iter: 18 train_iter_loss: 0.023113 learn_rate: 0.000333 
epoch: 7 iter: 19 train_iter_loss: 0.035439 learn_rate: 0.000333 
epoch: 7 iter: 20 train_iter_loss: 0.037670 learn_rate: 0.000333 
epoch: 7 iter: 21 train_iter_loss: 0.022817 learn_rate: 0.000333 
epoch: 7 iter: 22 train_iter_loss: 0.022984 learn_rate: 0.000333 
epoch: 7 iter: 23 train_iter_loss: 0.030895 learn_rate: 0.000333 
epoch: 7 iter: 24 train_iter_loss: 0.024020 learn_rate: 0.000333 
epoch: 7 iter: 25 train_iter_loss: 0.019157 learn_rate: 0.000333 
epoch: 7 iter: 26 train_iter_loss: 0.035126 learn_rate: 0.000333 
epoch: 7 iter: 27 train_iter_loss: 0.028390 learn_rate: 0.000333 
epoch: 7 iter: 28 train_iter_loss: 0.022877 learn_rate: 0.000333 
epoch: 7 iter: 29 train_iter_loss: 0.029225 learn_rate: 0.000333 
epoch: 7 iter: 30 train_iter_loss: 0.024973 learn_rate: 0.000333 
epoch: 7 iter: 31 train_iter_loss: 0.036842 learn_rate: 0.000333 
epoch: 7 iter: 32 train_iter_loss: 0.027546 learn_rate: 0.000333 
epoch: 7 iter: 33 train_iter_loss: 0.027633 learn_rate: 0.000333 
epoch: 7 iter: 34 train_iter_loss: 0.022963 learn_rate: 0.000333 
epoch: 7 iter: 35 train_iter_loss: 0.027084 learn_rate: 0.000333 
epoch: 7 iter: 36 train_iter_loss: 0.023702 learn_rate: 0.000333 
epoch: 7 iter: 37 train_iter_loss: 0.027182 learn_rate: 0.000333 
epoch: 7 iter: 38 train_iter_loss: 0.025997 learn_rate: 0.000333 
epoch: 7 iter: 39 train_iter_loss: 0.027613 learn_rate: 0.000333 
epoch: 7 iter: 40 train_iter_loss: 0.029177 learn_rate: 0.000333 
epoch: 7 iter: 41 train_iter_loss: 0.023118 learn_rate: 0.000333 
epoch: 7 iter: 42 train_iter_loss: 0.024757 learn_rate: 0.000333 
epoch: 7 iter: 43 train_iter_loss: 0.024661 learn_rate: 0.000333 
epoch: 7 iter: 44 train_iter_loss: 0.028214 learn_rate: 0.000333 
epoch: 7 iter: 45 train_iter_loss: 0.025964 learn_rate: 0.000333 
epoch: 7 iter: 46 train_iter_loss: 0.023024 learn_rate: 0.000333 
epoch: 7 iter: 47 train_iter_loss: 0.027384 learn_rate: 0.000333 
epoch: 7 iter: 48 train_iter_loss: 0.022559 learn_rate: 0.000333 
epoch: 7 iter: 49 train_iter_loss: 0.024841 learn_rate: 0.000333 
epoch: 7 iter: 50 train_iter_loss: 0.023979 learn_rate: 0.000333 
epoch: 7 iter: 51 train_iter_loss: 0.026459 learn_rate: 0.000333 
epoch: 7 iter: 52 train_iter_loss: 0.035779 learn_rate: 0.000333 
epoch: 7 iter: 53 train_iter_loss: 0.043344 learn_rate: 0.000333 
epoch: 7 iter: 54 train_iter_loss: 0.020588 learn_rate: 0.000333 
epoch: 7 train_epoch_loss: 0.026981 learn_rate: 0.000333 test_p: 0.843913 test_r: 0.813136 test_f: 0.827659
epoch: 8 iter: 1 train_iter_loss: 0.035868 learn_rate: 0.000333 
epoch: 8 iter: 2 train_iter_loss: 0.024390 learn_rate: 0.000333 
epoch: 8 iter: 3 train_iter_loss: 0.025866 learn_rate: 0.000333 
epoch: 8 iter: 4 train_iter_loss: 0.027748 learn_rate: 0.000333 
epoch: 8 iter: 5 train_iter_loss: 0.033120 learn_rate: 0.000333 
epoch: 8 iter: 6 train_iter_loss: 0.029513 learn_rate: 0.000333 
epoch: 8 iter: 7 train_iter_loss: 0.029001 learn_rate: 0.000333 
epoch: 8 iter: 8 train_iter_loss: 0.022247 learn_rate: 0.000333 
epoch: 8 iter: 9 train_iter_loss: 0.025209 learn_rate: 0.000333 
epoch: 8 iter: 10 train_iter_loss: 0.021438 learn_rate: 0.000333 
epoch: 8 iter: 11 train_iter_loss: 0.027279 learn_rate: 0.000333 
epoch: 8 iter: 12 train_iter_loss: 0.023086 learn_rate: 0.000333 
epoch: 8 iter: 13 train_iter_loss: 0.042940 learn_rate: 0.000333 
epoch: 8 iter: 14 train_iter_loss: 0.026601 learn_rate: 0.000333 
epoch: 8 iter: 15 train_iter_loss: 0.027716 learn_rate: 0.000333 
epoch: 8 iter: 16 train_iter_loss: 0.024136 learn_rate: 0.000333 
epoch: 8 iter: 17 train_iter_loss: 0.042678 learn_rate: 0.000333 
epoch: 8 iter: 18 train_iter_loss: 0.022604 learn_rate: 0.000333 
epoch: 8 iter: 19 train_iter_loss: 0.025371 learn_rate: 0.000333 
epoch: 8 iter: 20 train_iter_loss: 0.021430 learn_rate: 0.000333 
epoch: 8 iter: 21 train_iter_loss: 0.025433 learn_rate: 0.000333 
epoch: 8 iter: 22 train_iter_loss: 0.019383 learn_rate: 0.000333 
epoch: 8 iter: 23 train_iter_loss: 0.023160 learn_rate: 0.000333 
epoch: 8 iter: 24 train_iter_loss: 0.021007 learn_rate: 0.000333 
epoch: 8 iter: 25 train_iter_loss: 0.023706 learn_rate: 0.000333 
epoch: 8 iter: 26 train_iter_loss: 0.033764 learn_rate: 0.000333 
epoch: 8 iter: 27 train_iter_loss: 0.028104 learn_rate: 0.000333 
epoch: 8 iter: 28 train_iter_loss: 0.025176 learn_rate: 0.000333 
epoch: 8 iter: 29 train_iter_loss: 0.031927 learn_rate: 0.000333 
epoch: 8 iter: 30 train_iter_loss: 0.025640 learn_rate: 0.000333 
epoch: 8 iter: 31 train_iter_loss: 0.027495 learn_rate: 0.000333 
epoch: 8 iter: 32 train_iter_loss: 0.026829 learn_rate: 0.000333 
epoch: 8 iter: 33 train_iter_loss: 0.025935 learn_rate: 0.000333 
epoch: 8 iter: 34 train_iter_loss: 0.025370 learn_rate: 0.000333 
epoch: 8 iter: 35 train_iter_loss: 0.025693 learn_rate: 0.000333 
epoch: 8 iter: 36 train_iter_loss: 0.025474 learn_rate: 0.000333 
epoch: 8 iter: 37 train_iter_loss: 0.026207 learn_rate: 0.000333 
epoch: 8 iter: 38 train_iter_loss: 0.018731 learn_rate: 0.000333 
epoch: 8 iter: 39 train_iter_loss: 0.034025 learn_rate: 0.000333 
epoch: 8 iter: 40 train_iter_loss: 0.027233 learn_rate: 0.000333 
epoch: 8 iter: 41 train_iter_loss: 0.026000 learn_rate: 0.000333 
epoch: 8 iter: 42 train_iter_loss: 0.023852 learn_rate: 0.000333 
epoch: 8 iter: 43 train_iter_loss: 0.033994 learn_rate: 0.000333 
epoch: 8 iter: 44 train_iter_loss: 0.023430 learn_rate: 0.000333 
epoch: 8 iter: 45 train_iter_loss: 0.025013 learn_rate: 0.000333 
epoch: 8 iter: 46 train_iter_loss: 0.023055 learn_rate: 0.000333 
epoch: 8 iter: 47 train_iter_loss: 0.021056 learn_rate: 0.000333 
epoch: 8 iter: 48 train_iter_loss: 0.021460 learn_rate: 0.000333 
epoch: 8 iter: 49 train_iter_loss: 0.024172 learn_rate: 0.000333 
epoch: 8 iter: 50 train_iter_loss: 0.020892 learn_rate: 0.000333 
epoch: 8 iter: 51 train_iter_loss: 0.022540 learn_rate: 0.000333 
epoch: 8 iter: 52 train_iter_loss: 0.024660 learn_rate: 0.000333 
epoch: 8 iter: 53 train_iter_loss: 0.027403 learn_rate: 0.000333 
epoch: 8 iter: 54 train_iter_loss: 0.023439 learn_rate: 0.000333 
epoch: 8 train_epoch_loss: 0.026287 learn_rate: 0.000333 test_p: 0.846699 test_r: 0.818394 test_f: 0.831826
epoch: 9 iter: 1 train_iter_loss: 0.028773 learn_rate: 0.000333 
epoch: 9 iter: 2 train_iter_loss: 0.020692 learn_rate: 0.000333 
epoch: 9 iter: 3 train_iter_loss: 0.023433 learn_rate: 0.000333 
epoch: 9 iter: 4 train_iter_loss: 0.024915 learn_rate: 0.000333 
epoch: 9 iter: 5 train_iter_loss: 0.021079 learn_rate: 0.000333 
epoch: 9 iter: 6 train_iter_loss: 0.025416 learn_rate: 0.000333 
epoch: 9 iter: 7 train_iter_loss: 0.022138 learn_rate: 0.000333 
epoch: 9 iter: 8 train_iter_loss: 0.021360 learn_rate: 0.000333 
epoch: 9 iter: 9 train_iter_loss: 0.019044 learn_rate: 0.000333 
epoch: 9 iter: 10 train_iter_loss: 0.023136 learn_rate: 0.000333 
epoch: 9 iter: 11 train_iter_loss: 0.024597 learn_rate: 0.000333 
epoch: 9 iter: 12 train_iter_loss: 0.020712 learn_rate: 0.000333 
epoch: 9 iter: 13 train_iter_loss: 0.024739 learn_rate: 0.000333 
epoch: 9 iter: 14 train_iter_loss: 0.028581 learn_rate: 0.000333 
epoch: 9 iter: 15 train_iter_loss: 0.032714 learn_rate: 0.000333 
epoch: 9 iter: 16 train_iter_loss: 0.024643 learn_rate: 0.000333 
epoch: 9 iter: 17 train_iter_loss: 0.022980 learn_rate: 0.000333 
epoch: 9 iter: 18 train_iter_loss: 0.022546 learn_rate: 0.000333 
epoch: 9 iter: 19 train_iter_loss: 0.030536 learn_rate: 0.000333 
epoch: 9 iter: 20 train_iter_loss: 0.022749 learn_rate: 0.000333 
epoch: 9 iter: 21 train_iter_loss: 0.023751 learn_rate: 0.000333 
epoch: 9 iter: 22 train_iter_loss: 0.023904 learn_rate: 0.000333 
epoch: 9 iter: 23 train_iter_loss: 0.024860 learn_rate: 0.000333 
epoch: 9 iter: 24 train_iter_loss: 0.028733 learn_rate: 0.000333 
epoch: 9 iter: 25 train_iter_loss: 0.023688 learn_rate: 0.000333 
epoch: 9 iter: 26 train_iter_loss: 0.021960 learn_rate: 0.000333 
epoch: 9 iter: 27 train_iter_loss: 0.024846 learn_rate: 0.000333 
epoch: 9 iter: 28 train_iter_loss: 0.029376 learn_rate: 0.000333 
epoch: 9 iter: 29 train_iter_loss: 0.023172 learn_rate: 0.000333 
epoch: 9 iter: 30 train_iter_loss: 0.030156 learn_rate: 0.000333 
epoch: 9 iter: 31 train_iter_loss: 0.022053 learn_rate: 0.000333 
epoch: 9 iter: 32 train_iter_loss: 0.023477 learn_rate: 0.000333 
epoch: 9 iter: 33 train_iter_loss: 0.022247 learn_rate: 0.000333 
epoch: 9 iter: 34 train_iter_loss: 0.024014 learn_rate: 0.000333 
epoch: 9 iter: 35 train_iter_loss: 0.026746 learn_rate: 0.000333 
epoch: 9 iter: 36 train_iter_loss: 0.021865 learn_rate: 0.000333 
epoch: 9 iter: 37 train_iter_loss: 0.026356 learn_rate: 0.000333 
epoch: 9 iter: 38 train_iter_loss: 0.027180 learn_rate: 0.000333 
epoch: 9 iter: 39 train_iter_loss: 0.022682 learn_rate: 0.000333 
epoch: 9 iter: 40 train_iter_loss: 0.028533 learn_rate: 0.000333 
epoch: 9 iter: 41 train_iter_loss: 0.022536 learn_rate: 0.000333 
epoch: 9 iter: 42 train_iter_loss: 0.026393 learn_rate: 0.000333 
epoch: 9 iter: 43 train_iter_loss: 0.027866 learn_rate: 0.000333 
epoch: 9 iter: 44 train_iter_loss: 0.019982 learn_rate: 0.000333 
epoch: 9 iter: 45 train_iter_loss: 0.020882 learn_rate: 0.000333 
epoch: 9 iter: 46 train_iter_loss: 0.024292 learn_rate: 0.000333 
epoch: 9 iter: 47 train_iter_loss: 0.023367 learn_rate: 0.000333 
epoch: 9 iter: 48 train_iter_loss: 0.022877 learn_rate: 0.000333 
epoch: 9 iter: 49 train_iter_loss: 0.027855 learn_rate: 0.000333 
epoch: 9 iter: 50 train_iter_loss: 0.022759 learn_rate: 0.000333 
epoch: 9 iter: 51 train_iter_loss: 0.020520 learn_rate: 0.000333 
epoch: 9 iter: 52 train_iter_loss: 0.025007 learn_rate: 0.000333 
epoch: 9 iter: 53 train_iter_loss: 0.022595 learn_rate: 0.000333 
epoch: 9 iter: 54 train_iter_loss: 0.025401 learn_rate: 0.000333 
epoch: 9 train_epoch_loss: 0.024384 learn_rate: 0.000333 test_p: 0.854944 test_r: 0.828705 test_f: 0.841122
epoch: 10 iter: 1 train_iter_loss: 0.023591 learn_rate: 0.000333 
epoch: 10 iter: 2 train_iter_loss: 0.024454 learn_rate: 0.000333 
epoch: 10 iter: 3 train_iter_loss: 0.032524 learn_rate: 0.000333 
epoch: 10 iter: 4 train_iter_loss: 0.022979 learn_rate: 0.000333 
epoch: 10 iter: 5 train_iter_loss: 0.021232 learn_rate: 0.000333 
epoch: 10 iter: 6 train_iter_loss: 0.026110 learn_rate: 0.000333 
epoch: 10 iter: 7 train_iter_loss: 0.024103 learn_rate: 0.000333 
epoch: 10 iter: 8 train_iter_loss: 0.023178 learn_rate: 0.000333 
epoch: 10 iter: 9 train_iter_loss: 0.022074 learn_rate: 0.000333 
epoch: 10 iter: 10 train_iter_loss: 0.020563 learn_rate: 0.000333 
epoch: 10 iter: 11 train_iter_loss: 0.024872 learn_rate: 0.000333 
epoch: 10 iter: 12 train_iter_loss: 0.030120 learn_rate: 0.000333 
epoch: 10 iter: 13 train_iter_loss: 0.021606 learn_rate: 0.000333 
epoch: 10 iter: 14 train_iter_loss: 0.022545 learn_rate: 0.000333 
epoch: 10 iter: 15 train_iter_loss: 0.033637 learn_rate: 0.000333 
epoch: 10 iter: 16 train_iter_loss: 0.020750 learn_rate: 0.000333 
epoch: 10 iter: 17 train_iter_loss: 0.022904 learn_rate: 0.000333 
epoch: 10 iter: 18 train_iter_loss: 0.022616 learn_rate: 0.000333 
epoch: 10 iter: 19 train_iter_loss: 0.026418 learn_rate: 0.000333 
epoch: 10 iter: 20 train_iter_loss: 0.029174 learn_rate: 0.000333 
epoch: 10 iter: 21 train_iter_loss: 0.023709 learn_rate: 0.000333 
epoch: 10 iter: 22 train_iter_loss: 0.026428 learn_rate: 0.000333 
epoch: 10 iter: 23 train_iter_loss: 0.028789 learn_rate: 0.000333 
epoch: 10 iter: 24 train_iter_loss: 0.027003 learn_rate: 0.000333 
epoch: 10 iter: 25 train_iter_loss: 0.022376 learn_rate: 0.000333 
epoch: 10 iter: 26 train_iter_loss: 0.023670 learn_rate: 0.000333 
epoch: 10 iter: 27 train_iter_loss: 0.025328 learn_rate: 0.000333 
epoch: 10 iter: 28 train_iter_loss: 0.023377 learn_rate: 0.000333 
epoch: 10 iter: 29 train_iter_loss: 0.018387 learn_rate: 0.000333 
epoch: 10 iter: 30 train_iter_loss: 0.021153 learn_rate: 0.000333 
epoch: 10 iter: 31 train_iter_loss: 0.025035 learn_rate: 0.000333 
epoch: 10 iter: 32 train_iter_loss: 0.024228 learn_rate: 0.000333 
epoch: 10 iter: 33 train_iter_loss: 0.026491 learn_rate: 0.000333 
epoch: 10 iter: 34 train_iter_loss: 0.024570 learn_rate: 0.000333 
epoch: 10 iter: 35 train_iter_loss: 0.020902 learn_rate: 0.000333 
epoch: 10 iter: 36 train_iter_loss: 0.021740 learn_rate: 0.000333 
epoch: 10 iter: 37 train_iter_loss: 0.023059 learn_rate: 0.000333 
epoch: 10 iter: 38 train_iter_loss: 0.024797 learn_rate: 0.000333 
epoch: 10 iter: 39 train_iter_loss: 0.024408 learn_rate: 0.000333 
epoch: 10 iter: 40 train_iter_loss: 0.023455 learn_rate: 0.000333 
epoch: 10 iter: 41 train_iter_loss: 0.021822 learn_rate: 0.000333 
epoch: 10 iter: 42 train_iter_loss: 0.024397 learn_rate: 0.000333 
epoch: 10 iter: 43 train_iter_loss: 0.025220 learn_rate: 0.000333 
epoch: 10 iter: 44 train_iter_loss: 0.026034 learn_rate: 0.000333 
epoch: 10 iter: 45 train_iter_loss: 0.026366 learn_rate: 0.000333 
epoch: 10 iter: 46 train_iter_loss: 0.023237 learn_rate: 0.000333 
epoch: 10 iter: 47 train_iter_loss: 0.020598 learn_rate: 0.000333 
epoch: 10 iter: 48 train_iter_loss: 0.024261 learn_rate: 0.000333 
epoch: 10 iter: 49 train_iter_loss: 0.023452 learn_rate: 0.000333 
epoch: 10 iter: 50 train_iter_loss: 0.019229 learn_rate: 0.000333 
epoch: 10 iter: 51 train_iter_loss: 0.026780 learn_rate: 0.000333 
epoch: 10 iter: 52 train_iter_loss: 0.023462 learn_rate: 0.000333 
epoch: 10 iter: 53 train_iter_loss: 0.025707 learn_rate: 0.000333 
epoch: 10 iter: 54 train_iter_loss: 0.025292 learn_rate: 0.000333 
epoch: 10 train_epoch_loss: 0.024263 learn_rate: 0.000333 test_p: 0.858143 test_r: 0.833275 test_f: 0.845093
epoch: 11 iter: 1 train_iter_loss: 0.022074 learn_rate: 0.000333 
epoch: 11 iter: 2 train_iter_loss: 0.022709 learn_rate: 0.000333 
epoch: 11 iter: 3 train_iter_loss: 0.025816 learn_rate: 0.000333 
epoch: 11 iter: 4 train_iter_loss: 0.020801 learn_rate: 0.000333 
epoch: 11 iter: 5 train_iter_loss: 0.018500 learn_rate: 0.000333 
epoch: 11 iter: 6 train_iter_loss: 0.020124 learn_rate: 0.000333 
epoch: 11 iter: 7 train_iter_loss: 0.028739 learn_rate: 0.000333 
epoch: 11 iter: 8 train_iter_loss: 0.024741 learn_rate: 0.000333 
epoch: 11 iter: 9 train_iter_loss: 0.028459 learn_rate: 0.000333 
epoch: 11 iter: 10 train_iter_loss: 0.029308 learn_rate: 0.000333 
epoch: 11 iter: 11 train_iter_loss: 0.024778 learn_rate: 0.000333 
epoch: 11 iter: 12 train_iter_loss: 0.022203 learn_rate: 0.000333 
epoch: 11 iter: 13 train_iter_loss: 0.021996 learn_rate: 0.000333 
epoch: 11 iter: 14 train_iter_loss: 0.021762 learn_rate: 0.000333 
epoch: 11 iter: 15 train_iter_loss: 0.025048 learn_rate: 0.000333 
epoch: 11 iter: 16 train_iter_loss: 0.026685 learn_rate: 0.000333 
epoch: 11 iter: 17 train_iter_loss: 0.021540 learn_rate: 0.000333 
epoch: 11 iter: 18 train_iter_loss: 0.024592 learn_rate: 0.000333 
epoch: 11 iter: 19 train_iter_loss: 0.023716 learn_rate: 0.000333 
epoch: 11 iter: 20 train_iter_loss: 0.025877 learn_rate: 0.000333 
epoch: 11 iter: 21 train_iter_loss: 0.022032 learn_rate: 0.000333 
epoch: 11 iter: 22 train_iter_loss: 0.020095 learn_rate: 0.000333 
epoch: 11 iter: 23 train_iter_loss: 0.023243 learn_rate: 0.000333 
epoch: 11 iter: 24 train_iter_loss: 0.022681 learn_rate: 0.000333 
epoch: 11 iter: 25 train_iter_loss: 0.021681 learn_rate: 0.000333 
epoch: 11 iter: 26 train_iter_loss: 0.023237 learn_rate: 0.000333 
epoch: 11 iter: 27 train_iter_loss: 0.031312 learn_rate: 0.000333 
epoch: 11 iter: 28 train_iter_loss: 0.026079 learn_rate: 0.000333 
epoch: 11 iter: 29 train_iter_loss: 0.024780 learn_rate: 0.000333 
epoch: 11 iter: 30 train_iter_loss: 0.022500 learn_rate: 0.000333 
epoch: 11 iter: 31 train_iter_loss: 0.029081 learn_rate: 0.000333 
epoch: 11 iter: 32 train_iter_loss: 0.025181 learn_rate: 0.000333 
epoch: 11 iter: 33 train_iter_loss: 0.025240 learn_rate: 0.000333 
epoch: 11 iter: 34 train_iter_loss: 0.019796 learn_rate: 0.000333 
epoch: 11 iter: 35 train_iter_loss: 0.024950 learn_rate: 0.000333 
epoch: 11 iter: 36 train_iter_loss: 0.019797 learn_rate: 0.000333 
epoch: 11 iter: 37 train_iter_loss: 0.021569 learn_rate: 0.000333 
epoch: 11 iter: 38 train_iter_loss: 0.022296 learn_rate: 0.000333 
epoch: 11 iter: 39 train_iter_loss: 0.021708 learn_rate: 0.000333 
epoch: 11 iter: 40 train_iter_loss: 0.025011 learn_rate: 0.000333 
epoch: 11 iter: 41 train_iter_loss: 0.022260 learn_rate: 0.000333 
epoch: 11 iter: 42 train_iter_loss: 0.024448 learn_rate: 0.000333 
epoch: 11 iter: 43 train_iter_loss: 0.025540 learn_rate: 0.000333 
epoch: 11 iter: 44 train_iter_loss: 0.023920 learn_rate: 0.000333 
epoch: 11 iter: 45 train_iter_loss: 0.021383 learn_rate: 0.000333 
epoch: 11 iter: 46 train_iter_loss: 0.022645 learn_rate: 0.000333 
epoch: 11 iter: 47 train_iter_loss: 0.021567 learn_rate: 0.000333 
epoch: 11 iter: 48 train_iter_loss: 0.023663 learn_rate: 0.000333 
epoch: 11 iter: 49 train_iter_loss: 0.022383 learn_rate: 0.000333 
epoch: 11 iter: 50 train_iter_loss: 0.025616 learn_rate: 0.000333 
epoch: 11 iter: 51 train_iter_loss: 0.023003 learn_rate: 0.000333 
epoch: 11 iter: 52 train_iter_loss: 0.021078 learn_rate: 0.000333 
epoch: 11 iter: 53 train_iter_loss: 0.029338 learn_rate: 0.000333 
epoch: 11 iter: 54 train_iter_loss: 0.024509 learn_rate: 0.000333 
epoch: 11 train_epoch_loss: 0.023761 learn_rate: 0.000333 test_p: 0.850264 test_r: 0.820034 test_f: 0.834375
epoch: 12 iter: 1 train_iter_loss: 0.023863 learn_rate: 0.000333 
epoch: 12 iter: 2 train_iter_loss: 0.025459 learn_rate: 0.000333 
epoch: 12 iter: 3 train_iter_loss: 0.027156 learn_rate: 0.000333 
epoch: 12 iter: 4 train_iter_loss: 0.024014 learn_rate: 0.000333 
epoch: 12 iter: 5 train_iter_loss: 0.025561 learn_rate: 0.000333 
epoch: 12 iter: 6 train_iter_loss: 0.020933 learn_rate: 0.000333 
epoch: 12 iter: 7 train_iter_loss: 0.023223 learn_rate: 0.000333 
epoch: 12 iter: 8 train_iter_loss: 0.025565 learn_rate: 0.000333 
epoch: 12 iter: 9 train_iter_loss: 0.023631 learn_rate: 0.000333 
epoch: 12 iter: 10 train_iter_loss: 0.033126 learn_rate: 0.000333 
epoch: 12 iter: 11 train_iter_loss: 0.028278 learn_rate: 0.000333 
epoch: 12 iter: 12 train_iter_loss: 0.023242 learn_rate: 0.000333 
epoch: 12 iter: 13 train_iter_loss: 0.023148 learn_rate: 0.000333 
epoch: 12 iter: 14 train_iter_loss: 0.023502 learn_rate: 0.000333 
epoch: 12 iter: 15 train_iter_loss: 0.028894 learn_rate: 0.000333 
epoch: 12 iter: 16 train_iter_loss: 0.023169 learn_rate: 0.000333 
epoch: 12 iter: 17 train_iter_loss: 0.023071 learn_rate: 0.000333 
epoch: 12 iter: 18 train_iter_loss: 0.023601 learn_rate: 0.000333 
epoch: 12 iter: 19 train_iter_loss: 0.022356 learn_rate: 0.000333 
epoch: 12 iter: 20 train_iter_loss: 0.021653 learn_rate: 0.000333 
epoch: 12 iter: 21 train_iter_loss: 0.023902 learn_rate: 0.000333 
epoch: 12 iter: 22 train_iter_loss: 0.025507 learn_rate: 0.000333 
epoch: 12 iter: 23 train_iter_loss: 0.026132 learn_rate: 0.000333 
epoch: 12 iter: 24 train_iter_loss: 0.020775 learn_rate: 0.000333 
epoch: 12 iter: 25 train_iter_loss: 0.019571 learn_rate: 0.000333 
epoch: 12 iter: 26 train_iter_loss: 0.025968 learn_rate: 0.000333 
epoch: 12 iter: 27 train_iter_loss: 0.030471 learn_rate: 0.000333 
epoch: 12 iter: 28 train_iter_loss: 0.025020 learn_rate: 0.000333 
epoch: 12 iter: 29 train_iter_loss: 0.021460 learn_rate: 0.000333 
epoch: 12 iter: 30 train_iter_loss: 0.021965 learn_rate: 0.000333 
epoch: 12 iter: 31 train_iter_loss: 0.024566 learn_rate: 0.000333 
epoch: 12 iter: 32 train_iter_loss: 0.021973 learn_rate: 0.000333 
epoch: 12 iter: 33 train_iter_loss: 0.024505 learn_rate: 0.000333 
epoch: 12 iter: 34 train_iter_loss: 0.020039 learn_rate: 0.000333 
epoch: 12 iter: 35 train_iter_loss: 0.027209 learn_rate: 0.000333 
epoch: 12 iter: 36 train_iter_loss: 0.019761 learn_rate: 0.000333 
epoch: 12 iter: 37 train_iter_loss: 0.025410 learn_rate: 0.000333 
epoch: 12 iter: 38 train_iter_loss: 0.020152 learn_rate: 0.000333 
epoch: 12 iter: 39 train_iter_loss: 0.023065 learn_rate: 0.000333 
epoch: 12 iter: 40 train_iter_loss: 0.023265 learn_rate: 0.000333 
epoch: 12 iter: 41 train_iter_loss: 0.029364 learn_rate: 0.000333 
epoch: 12 iter: 42 train_iter_loss: 0.026143 learn_rate: 0.000333 
epoch: 12 iter: 43 train_iter_loss: 0.022856 learn_rate: 0.000333 
epoch: 12 iter: 44 train_iter_loss: 0.020141 learn_rate: 0.000333 
epoch: 12 iter: 45 train_iter_loss: 0.024056 learn_rate: 0.000333 
epoch: 12 iter: 46 train_iter_loss: 0.022902 learn_rate: 0.000333 
epoch: 12 iter: 47 train_iter_loss: 0.022811 learn_rate: 0.000333 
epoch: 12 iter: 48 train_iter_loss: 0.021712 learn_rate: 0.000333 
epoch: 12 iter: 49 train_iter_loss: 0.023800 learn_rate: 0.000333 
epoch: 12 iter: 50 train_iter_loss: 0.019994 learn_rate: 0.000333 
epoch: 12 iter: 51 train_iter_loss: 0.019595 learn_rate: 0.000333 
epoch: 12 iter: 52 train_iter_loss: 0.022533 learn_rate: 0.000333 
epoch: 12 iter: 53 train_iter_loss: 0.024155 learn_rate: 0.000333 
epoch: 12 iter: 54 train_iter_loss: 0.021655 learn_rate: 0.000333 
epoch: 12 train_epoch_loss: 0.023813 learn_rate: 0.000333 test_p: 0.847196 test_r: 0.814635 test_f: 0.830086
epoch: 13 iter: 1 train_iter_loss: 0.025113 learn_rate: 0.000333 
epoch: 13 iter: 2 train_iter_loss: 0.024359 learn_rate: 0.000333 
epoch: 13 iter: 3 train_iter_loss: 0.024312 learn_rate: 0.000333 
epoch: 13 iter: 4 train_iter_loss: 0.021814 learn_rate: 0.000333 
epoch: 13 iter: 5 train_iter_loss: 0.025753 learn_rate: 0.000333 
epoch: 13 iter: 6 train_iter_loss: 0.022260 learn_rate: 0.000333 
epoch: 13 iter: 7 train_iter_loss: 0.023787 learn_rate: 0.000333 
epoch: 13 iter: 8 train_iter_loss: 0.023098 learn_rate: 0.000333 
epoch: 13 iter: 9 train_iter_loss: 0.023630 learn_rate: 0.000333 
epoch: 13 iter: 10 train_iter_loss: 0.026624 learn_rate: 0.000333 
epoch: 13 iter: 11 train_iter_loss: 0.024598 learn_rate: 0.000333 
epoch: 13 iter: 12 train_iter_loss: 0.022648 learn_rate: 0.000333 
epoch: 13 iter: 13 train_iter_loss: 0.021655 learn_rate: 0.000333 
epoch: 13 iter: 14 train_iter_loss: 0.023656 learn_rate: 0.000333 
epoch: 13 iter: 15 train_iter_loss: 0.018741 learn_rate: 0.000333 
epoch: 13 iter: 16 train_iter_loss: 0.022568 learn_rate: 0.000333 
epoch: 13 iter: 17 train_iter_loss: 0.024221 learn_rate: 0.000333 
epoch: 13 iter: 18 train_iter_loss: 0.026814 learn_rate: 0.000333 
epoch: 13 iter: 19 train_iter_loss: 0.019538 learn_rate: 0.000333 
epoch: 13 iter: 20 train_iter_loss: 0.026930 learn_rate: 0.000333 
epoch: 13 iter: 21 train_iter_loss: 0.022555 learn_rate: 0.000333 
epoch: 13 iter: 22 train_iter_loss: 0.024284 learn_rate: 0.000333 
epoch: 13 iter: 23 train_iter_loss: 0.026704 learn_rate: 0.000333 
epoch: 13 iter: 24 train_iter_loss: 0.024145 learn_rate: 0.000333 
epoch: 13 iter: 25 train_iter_loss: 0.022561 learn_rate: 0.000333 
epoch: 13 iter: 26 train_iter_loss: 0.023362 learn_rate: 0.000333 
epoch: 13 iter: 27 train_iter_loss: 0.024617 learn_rate: 0.000333 
epoch: 13 iter: 28 train_iter_loss: 0.022453 learn_rate: 0.000333 
epoch: 13 iter: 29 train_iter_loss: 0.023479 learn_rate: 0.000333 
epoch: 13 iter: 30 train_iter_loss: 0.019811 learn_rate: 0.000333 
epoch: 13 iter: 31 train_iter_loss: 0.022209 learn_rate: 0.000333 
epoch: 13 iter: 32 train_iter_loss: 0.022310 learn_rate: 0.000333 
epoch: 13 iter: 33 train_iter_loss: 0.021279 learn_rate: 0.000333 
epoch: 13 iter: 34 train_iter_loss: 0.024263 learn_rate: 0.000333 
epoch: 13 iter: 35 train_iter_loss: 0.024650 learn_rate: 0.000333 
epoch: 13 iter: 36 train_iter_loss: 0.019319 learn_rate: 0.000333 
epoch: 13 iter: 37 train_iter_loss: 0.021578 learn_rate: 0.000333 
epoch: 13 iter: 38 train_iter_loss: 0.028260 learn_rate: 0.000333 
epoch: 13 iter: 39 train_iter_loss: 0.024634 learn_rate: 0.000333 
epoch: 13 iter: 40 train_iter_loss: 0.022328 learn_rate: 0.000333 
epoch: 13 iter: 41 train_iter_loss: 0.021376 learn_rate: 0.000333 
epoch: 13 iter: 42 train_iter_loss: 0.026449 learn_rate: 0.000333 
epoch: 13 iter: 43 train_iter_loss: 0.020498 learn_rate: 0.000333 
epoch: 13 iter: 44 train_iter_loss: 0.023793 learn_rate: 0.000333 
epoch: 13 iter: 45 train_iter_loss: 0.027697 learn_rate: 0.000333 
epoch: 13 iter: 46 train_iter_loss: 0.025008 learn_rate: 0.000333 
epoch: 13 iter: 47 train_iter_loss: 0.021140 learn_rate: 0.000333 
epoch: 13 iter: 48 train_iter_loss: 0.022137 learn_rate: 0.000333 
epoch: 13 iter: 49 train_iter_loss: 0.026577 learn_rate: 0.000333 
epoch: 13 iter: 50 train_iter_loss: 0.023016 learn_rate: 0.000333 
epoch: 13 iter: 51 train_iter_loss: 0.026041 learn_rate: 0.000333 
epoch: 13 iter: 52 train_iter_loss: 0.025621 learn_rate: 0.000333 
epoch: 13 iter: 53 train_iter_loss: 0.020969 learn_rate: 0.000333 
epoch: 13 iter: 54 train_iter_loss: 0.027034 learn_rate: 0.000333 
epoch: 13 train_epoch_loss: 0.023598 learn_rate: 0.000333 test_p: 0.859325 test_r: 0.832939 test_f: 0.845485
epoch: 14 iter: 1 train_iter_loss: 0.027232 learn_rate: 0.000333 
epoch: 14 iter: 2 train_iter_loss: 0.024530 learn_rate: 0.000333 
epoch: 14 iter: 3 train_iter_loss: 0.026703 learn_rate: 0.000333 
epoch: 14 iter: 4 train_iter_loss: 0.027131 learn_rate: 0.000333 
epoch: 14 iter: 5 train_iter_loss: 0.026254 learn_rate: 0.000333 
epoch: 14 iter: 6 train_iter_loss: 0.026560 learn_rate: 0.000333 
epoch: 14 iter: 7 train_iter_loss: 0.022166 learn_rate: 0.000333 
epoch: 14 iter: 8 train_iter_loss: 0.020059 learn_rate: 0.000333 
epoch: 14 iter: 9 train_iter_loss: 0.022521 learn_rate: 0.000333 
epoch: 14 iter: 10 train_iter_loss: 0.023918 learn_rate: 0.000333 
epoch: 14 iter: 11 train_iter_loss: 0.022140 learn_rate: 0.000333 
epoch: 14 iter: 12 train_iter_loss: 0.028887 learn_rate: 0.000333 
epoch: 14 iter: 13 train_iter_loss: 0.016704 learn_rate: 0.000333 
epoch: 14 iter: 14 train_iter_loss: 0.021360 learn_rate: 0.000333 
epoch: 14 iter: 15 train_iter_loss: 0.037229 learn_rate: 0.000333 
epoch: 14 iter: 16 train_iter_loss: 0.026688 learn_rate: 0.000333 
epoch: 14 iter: 17 train_iter_loss: 0.023764 learn_rate: 0.000333 
epoch: 14 iter: 18 train_iter_loss: 0.020780 learn_rate: 0.000333 
epoch: 14 iter: 19 train_iter_loss: 0.024108 learn_rate: 0.000333 
epoch: 14 iter: 20 train_iter_loss: 0.027203 learn_rate: 0.000333 
epoch: 14 iter: 21 train_iter_loss: 0.021948 learn_rate: 0.000333 
epoch: 14 iter: 22 train_iter_loss: 0.023220 learn_rate: 0.000333 
epoch: 14 iter: 23 train_iter_loss: 0.020018 learn_rate: 0.000333 
epoch: 14 iter: 24 train_iter_loss: 0.024815 learn_rate: 0.000333 
epoch: 14 iter: 25 train_iter_loss: 0.020107 learn_rate: 0.000333 
epoch: 14 iter: 26 train_iter_loss: 0.020107 learn_rate: 0.000333 
epoch: 14 iter: 27 train_iter_loss: 0.036397 learn_rate: 0.000333 
epoch: 14 iter: 28 train_iter_loss: 0.022860 learn_rate: 0.000333 
epoch: 14 iter: 29 train_iter_loss: 0.021406 learn_rate: 0.000333 
epoch: 14 iter: 30 train_iter_loss: 0.027563 learn_rate: 0.000333 
epoch: 14 iter: 31 train_iter_loss: 0.021057 learn_rate: 0.000333 
epoch: 14 iter: 32 train_iter_loss: 0.032499 learn_rate: 0.000333 
epoch: 14 iter: 33 train_iter_loss: 0.024218 learn_rate: 0.000333 
epoch: 14 iter: 34 train_iter_loss: 0.032078 learn_rate: 0.000333 
epoch: 14 iter: 35 train_iter_loss: 0.024072 learn_rate: 0.000333 
epoch: 14 iter: 36 train_iter_loss: 0.028756 learn_rate: 0.000333 
epoch: 14 iter: 37 train_iter_loss: 0.029089 learn_rate: 0.000333 
epoch: 14 iter: 38 train_iter_loss: 0.028339 learn_rate: 0.000333 
epoch: 14 iter: 39 train_iter_loss: 0.020241 learn_rate: 0.000333 
epoch: 14 iter: 40 train_iter_loss: 0.021122 learn_rate: 0.000333 
epoch: 14 iter: 41 train_iter_loss: 0.025664 learn_rate: 0.000333 
epoch: 14 iter: 42 train_iter_loss: 0.029431 learn_rate: 0.000333 
epoch: 14 iter: 43 train_iter_loss: 0.024885 learn_rate: 0.000333 
epoch: 14 iter: 44 train_iter_loss: 0.039629 learn_rate: 0.000333 
epoch: 14 iter: 45 train_iter_loss: 0.027815 learn_rate: 0.000333 
epoch: 14 iter: 46 train_iter_loss: 0.019977 learn_rate: 0.000333 
epoch: 14 iter: 47 train_iter_loss: 0.027152 learn_rate: 0.000333 
epoch: 14 iter: 48 train_iter_loss: 0.025891 learn_rate: 0.000333 
epoch: 14 iter: 49 train_iter_loss: 0.043378 learn_rate: 0.000333 
epoch: 14 iter: 50 train_iter_loss: 0.024080 learn_rate: 0.000333 
epoch: 14 iter: 51 train_iter_loss: 0.024508 learn_rate: 0.000333 
epoch: 14 iter: 52 train_iter_loss: 0.023684 learn_rate: 0.000333 
epoch: 14 iter: 53 train_iter_loss: 0.023174 learn_rate: 0.000333 
epoch: 14 iter: 54 train_iter_loss: 0.023768 learn_rate: 0.000333 
epoch: 14 train_epoch_loss: 0.025535 learn_rate: 0.000333 test_p: 0.844865 test_r: 0.826746 test_f: 0.835469
epoch: 15 iter: 1 train_iter_loss: 0.027517 learn_rate: 0.000333 
epoch: 15 iter: 2 train_iter_loss: 0.033623 learn_rate: 0.000333 
epoch: 15 iter: 3 train_iter_loss: 0.031199 learn_rate: 0.000333 
epoch: 15 iter: 4 train_iter_loss: 0.025458 learn_rate: 0.000333 
epoch: 15 iter: 5 train_iter_loss: 0.026916 learn_rate: 0.000333 
epoch: 15 iter: 6 train_iter_loss: 0.027321 learn_rate: 0.000333 
epoch: 15 iter: 7 train_iter_loss: 0.026828 learn_rate: 0.000333 
epoch: 15 iter: 8 train_iter_loss: 0.024997 learn_rate: 0.000333 
epoch: 15 iter: 9 train_iter_loss: 0.021928 learn_rate: 0.000333 
epoch: 15 iter: 10 train_iter_loss: 0.022897 learn_rate: 0.000333 
epoch: 15 iter: 11 train_iter_loss: 0.023619 learn_rate: 0.000333 
epoch: 15 iter: 12 train_iter_loss: 0.023325 learn_rate: 0.000333 
epoch: 15 iter: 13 train_iter_loss: 0.023604 learn_rate: 0.000333 
epoch: 15 iter: 14 train_iter_loss: 0.023433 learn_rate: 0.000333 
epoch: 15 iter: 15 train_iter_loss: 0.022871 learn_rate: 0.000333 
epoch: 15 iter: 16 train_iter_loss: 0.027181 learn_rate: 0.000333 
epoch: 15 iter: 17 train_iter_loss: 0.021407 learn_rate: 0.000333 
epoch: 15 iter: 18 train_iter_loss: 0.025629 learn_rate: 0.000333 
epoch: 15 iter: 19 train_iter_loss: 0.026378 learn_rate: 0.000333 
epoch: 15 iter: 20 train_iter_loss: 0.022882 learn_rate: 0.000333 
epoch: 15 iter: 21 train_iter_loss: 0.024101 learn_rate: 0.000333 
epoch: 15 iter: 22 train_iter_loss: 0.026348 learn_rate: 0.000333 
epoch: 15 iter: 23 train_iter_loss: 0.025185 learn_rate: 0.000333 
epoch: 15 iter: 24 train_iter_loss: 0.022006 learn_rate: 0.000333 
epoch: 15 iter: 25 train_iter_loss: 0.024831 learn_rate: 0.000333 
epoch: 15 iter: 26 train_iter_loss: 0.021812 learn_rate: 0.000333 
epoch: 15 iter: 27 train_iter_loss: 0.028117 learn_rate: 0.000333 
epoch: 15 iter: 28 train_iter_loss: 0.023563 learn_rate: 0.000333 
epoch: 15 iter: 29 train_iter_loss: 0.021753 learn_rate: 0.000333 
epoch: 15 iter: 30 train_iter_loss: 0.019304 learn_rate: 0.000333 
epoch: 15 iter: 31 train_iter_loss: 0.022160 learn_rate: 0.000333 
epoch: 15 iter: 32 train_iter_loss: 0.027846 learn_rate: 0.000333 
epoch: 15 iter: 33 train_iter_loss: 0.023229 learn_rate: 0.000333 
epoch: 15 iter: 34 train_iter_loss: 0.024272 learn_rate: 0.000333 
epoch: 15 iter: 35 train_iter_loss: 0.025809 learn_rate: 0.000333 
epoch: 15 iter: 36 train_iter_loss: 0.023385 learn_rate: 0.000333 
epoch: 15 iter: 37 train_iter_loss: 0.022798 learn_rate: 0.000333 
epoch: 15 iter: 38 train_iter_loss: 0.023119 learn_rate: 0.000333 
epoch: 15 iter: 39 train_iter_loss: 0.024238 learn_rate: 0.000333 
epoch: 15 iter: 40 train_iter_loss: 0.023476 learn_rate: 0.000333 
epoch: 15 iter: 41 train_iter_loss: 0.021207 learn_rate: 0.000333 
epoch: 15 iter: 42 train_iter_loss: 0.022640 learn_rate: 0.000333 
epoch: 15 iter: 43 train_iter_loss: 0.024476 learn_rate: 0.000333 
epoch: 15 iter: 44 train_iter_loss: 0.024176 learn_rate: 0.000333 
epoch: 15 iter: 45 train_iter_loss: 0.021624 learn_rate: 0.000333 
epoch: 15 iter: 46 train_iter_loss: 0.021966 learn_rate: 0.000333 
epoch: 15 iter: 47 train_iter_loss: 0.027410 learn_rate: 0.000333 
epoch: 15 iter: 48 train_iter_loss: 0.024459 learn_rate: 0.000333 
epoch: 15 iter: 49 train_iter_loss: 0.021199 learn_rate: 0.000333 
epoch: 15 iter: 50 train_iter_loss: 0.024331 learn_rate: 0.000333 
epoch: 15 iter: 51 train_iter_loss: 0.022028 learn_rate: 0.000333 
epoch: 15 iter: 52 train_iter_loss: 0.022334 learn_rate: 0.000333 
epoch: 15 iter: 53 train_iter_loss: 0.017236 learn_rate: 0.000333 
epoch: 15 iter: 54 train_iter_loss: 0.023700 learn_rate: 0.000333 
epoch: 15 train_epoch_loss: 0.024169 learn_rate: 0.000333 test_p: 0.859616 test_r: 0.834943 test_f: 0.846725
epoch: 16 iter: 1 train_iter_loss: 0.022563 learn_rate: 0.000111 
epoch: 16 iter: 2 train_iter_loss: 0.024561 learn_rate: 0.000111 
epoch: 16 iter: 3 train_iter_loss: 0.022864 learn_rate: 0.000111 
epoch: 16 iter: 4 train_iter_loss: 0.021712 learn_rate: 0.000111 
epoch: 16 iter: 5 train_iter_loss: 0.022965 learn_rate: 0.000111 
epoch: 16 iter: 6 train_iter_loss: 0.023430 learn_rate: 0.000111 
epoch: 16 iter: 7 train_iter_loss: 0.025948 learn_rate: 0.000111 
epoch: 16 iter: 8 train_iter_loss: 0.022946 learn_rate: 0.000111 
epoch: 16 iter: 9 train_iter_loss: 0.023133 learn_rate: 0.000111 
epoch: 16 iter: 10 train_iter_loss: 0.020732 learn_rate: 0.000111 
epoch: 16 iter: 11 train_iter_loss: 0.022298 learn_rate: 0.000111 
epoch: 16 iter: 12 train_iter_loss: 0.021200 learn_rate: 0.000111 
epoch: 16 iter: 13 train_iter_loss: 0.022210 learn_rate: 0.000111 
epoch: 16 iter: 14 train_iter_loss: 0.023303 learn_rate: 0.000111 
epoch: 16 iter: 15 train_iter_loss: 0.021738 learn_rate: 0.000111 
epoch: 16 iter: 16 train_iter_loss: 0.023516 learn_rate: 0.000111 
epoch: 16 iter: 17 train_iter_loss: 0.018969 learn_rate: 0.000111 
epoch: 16 iter: 18 train_iter_loss: 0.027056 learn_rate: 0.000111 
epoch: 16 iter: 19 train_iter_loss: 0.020134 learn_rate: 0.000111 
epoch: 16 iter: 20 train_iter_loss: 0.024515 learn_rate: 0.000111 
epoch: 16 iter: 21 train_iter_loss: 0.019066 learn_rate: 0.000111 
epoch: 16 iter: 22 train_iter_loss: 0.025980 learn_rate: 0.000111 
epoch: 16 iter: 23 train_iter_loss: 0.018769 learn_rate: 0.000111 
epoch: 16 iter: 24 train_iter_loss: 0.023040 learn_rate: 0.000111 
epoch: 16 iter: 25 train_iter_loss: 0.023520 learn_rate: 0.000111 
epoch: 16 iter: 26 train_iter_loss: 0.024691 learn_rate: 0.000111 
epoch: 16 iter: 27 train_iter_loss: 0.025138 learn_rate: 0.000111 
epoch: 16 iter: 28 train_iter_loss: 0.023858 learn_rate: 0.000111 
epoch: 16 iter: 29 train_iter_loss: 0.022487 learn_rate: 0.000111 
epoch: 16 iter: 30 train_iter_loss: 0.022314 learn_rate: 0.000111 
epoch: 16 iter: 31 train_iter_loss: 0.020215 learn_rate: 0.000111 
epoch: 16 iter: 32 train_iter_loss: 0.022474 learn_rate: 0.000111 
epoch: 16 iter: 33 train_iter_loss: 0.026085 learn_rate: 0.000111 
epoch: 16 iter: 34 train_iter_loss: 0.024179 learn_rate: 0.000111 
epoch: 16 iter: 35 train_iter_loss: 0.024413 learn_rate: 0.000111 
epoch: 16 iter: 36 train_iter_loss: 0.020466 learn_rate: 0.000111 
epoch: 16 iter: 37 train_iter_loss: 0.024545 learn_rate: 0.000111 
epoch: 16 iter: 38 train_iter_loss: 0.025379 learn_rate: 0.000111 
epoch: 16 iter: 39 train_iter_loss: 0.018086 learn_rate: 0.000111 
epoch: 16 iter: 40 train_iter_loss: 0.022346 learn_rate: 0.000111 
epoch: 16 iter: 41 train_iter_loss: 0.024183 learn_rate: 0.000111 
epoch: 16 iter: 42 train_iter_loss: 0.024864 learn_rate: 0.000111 
epoch: 16 iter: 43 train_iter_loss: 0.018900 learn_rate: 0.000111 
epoch: 16 iter: 44 train_iter_loss: 0.024342 learn_rate: 0.000111 
epoch: 16 iter: 45 train_iter_loss: 0.023470 learn_rate: 0.000111 
epoch: 16 iter: 46 train_iter_loss: 0.023094 learn_rate: 0.000111 
epoch: 16 iter: 47 train_iter_loss: 0.020515 learn_rate: 0.000111 
epoch: 16 iter: 48 train_iter_loss: 0.024523 learn_rate: 0.000111 
epoch: 16 iter: 49 train_iter_loss: 0.022419 learn_rate: 0.000111 
epoch: 16 iter: 50 train_iter_loss: 0.022814 learn_rate: 0.000111 
epoch: 16 iter: 51 train_iter_loss: 0.020797 learn_rate: 0.000111 
epoch: 16 iter: 52 train_iter_loss: 0.024602 learn_rate: 0.000111 
epoch: 16 iter: 53 train_iter_loss: 0.021580 learn_rate: 0.000111 
epoch: 16 iter: 54 train_iter_loss: 0.026408 learn_rate: 0.000111 
epoch: 16 train_epoch_loss: 0.022877 learn_rate: 0.000111 test_p: 0.859368 test_r: 0.835400 test_f: 0.846779
epoch: 17 iter: 1 train_iter_loss: 0.025230 learn_rate: 0.000111 
epoch: 17 iter: 2 train_iter_loss: 0.020761 learn_rate: 0.000111 
epoch: 17 iter: 3 train_iter_loss: 0.020217 learn_rate: 0.000111 
epoch: 17 iter: 4 train_iter_loss: 0.020458 learn_rate: 0.000111 
epoch: 17 iter: 5 train_iter_loss: 0.024698 learn_rate: 0.000111 
epoch: 17 iter: 6 train_iter_loss: 0.025819 learn_rate: 0.000111 
epoch: 17 iter: 7 train_iter_loss: 0.020431 learn_rate: 0.000111 
epoch: 17 iter: 8 train_iter_loss: 0.026502 learn_rate: 0.000111 
epoch: 17 iter: 9 train_iter_loss: 0.026920 learn_rate: 0.000111 
epoch: 17 iter: 10 train_iter_loss: 0.023960 learn_rate: 0.000111 
epoch: 17 iter: 11 train_iter_loss: 0.021970 learn_rate: 0.000111 
epoch: 17 iter: 12 train_iter_loss: 0.024132 learn_rate: 0.000111 
epoch: 17 iter: 13 train_iter_loss: 0.023340 learn_rate: 0.000111 
epoch: 17 iter: 14 train_iter_loss: 0.019955 learn_rate: 0.000111 
epoch: 17 iter: 15 train_iter_loss: 0.022766 learn_rate: 0.000111 
epoch: 17 iter: 16 train_iter_loss: 0.021804 learn_rate: 0.000111 
epoch: 17 iter: 17 train_iter_loss: 0.024428 learn_rate: 0.000111 
epoch: 17 iter: 18 train_iter_loss: 0.023118 learn_rate: 0.000111 
epoch: 17 iter: 19 train_iter_loss: 0.021344 learn_rate: 0.000111 
epoch: 17 iter: 20 train_iter_loss: 0.021740 learn_rate: 0.000111 
epoch: 17 iter: 21 train_iter_loss: 0.019959 learn_rate: 0.000111 
epoch: 17 iter: 22 train_iter_loss: 0.020071 learn_rate: 0.000111 
epoch: 17 iter: 23 train_iter_loss: 0.021619 learn_rate: 0.000111 
epoch: 17 iter: 24 train_iter_loss: 0.021049 learn_rate: 0.000111 
epoch: 17 iter: 25 train_iter_loss: 0.023317 learn_rate: 0.000111 
epoch: 17 iter: 26 train_iter_loss: 0.024123 learn_rate: 0.000111 
epoch: 17 iter: 27 train_iter_loss: 0.022736 learn_rate: 0.000111 
epoch: 17 iter: 28 train_iter_loss: 0.021743 learn_rate: 0.000111 
epoch: 17 iter: 29 train_iter_loss: 0.023251 learn_rate: 0.000111 
epoch: 17 iter: 30 train_iter_loss: 0.022860 learn_rate: 0.000111 
epoch: 17 iter: 31 train_iter_loss: 0.022712 learn_rate: 0.000111 
epoch: 17 iter: 32 train_iter_loss: 0.022743 learn_rate: 0.000111 
epoch: 17 iter: 33 train_iter_loss: 0.025368 learn_rate: 0.000111 
epoch: 17 iter: 34 train_iter_loss: 0.024057 learn_rate: 0.000111 
epoch: 17 iter: 35 train_iter_loss: 0.022038 learn_rate: 0.000111 
epoch: 17 iter: 36 train_iter_loss: 0.023796 learn_rate: 0.000111 
epoch: 17 iter: 37 train_iter_loss: 0.020058 learn_rate: 0.000111 
epoch: 17 iter: 38 train_iter_loss: 0.020722 learn_rate: 0.000111 
epoch: 17 iter: 39 train_iter_loss: 0.025504 learn_rate: 0.000111 
epoch: 17 iter: 40 train_iter_loss: 0.021573 learn_rate: 0.000111 
epoch: 17 iter: 41 train_iter_loss: 0.022582 learn_rate: 0.000111 
epoch: 17 iter: 42 train_iter_loss: 0.022070 learn_rate: 0.000111 
epoch: 17 iter: 43 train_iter_loss: 0.020400 learn_rate: 0.000111 
epoch: 17 iter: 44 train_iter_loss: 0.024889 learn_rate: 0.000111 
epoch: 17 iter: 45 train_iter_loss: 0.020985 learn_rate: 0.000111 
epoch: 17 iter: 46 train_iter_loss: 0.020876 learn_rate: 0.000111 
epoch: 17 iter: 47 train_iter_loss: 0.022910 learn_rate: 0.000111 
epoch: 17 iter: 48 train_iter_loss: 0.025451 learn_rate: 0.000111 
epoch: 17 iter: 49 train_iter_loss: 0.025487 learn_rate: 0.000111 
epoch: 17 iter: 50 train_iter_loss: 0.018757 learn_rate: 0.000111 
epoch: 17 iter: 51 train_iter_loss: 0.022386 learn_rate: 0.000111 
epoch: 17 iter: 52 train_iter_loss: 0.023871 learn_rate: 0.000111 
epoch: 17 iter: 53 train_iter_loss: 0.022874 learn_rate: 0.000111 
epoch: 17 iter: 54 train_iter_loss: 0.021560 learn_rate: 0.000111 
epoch: 17 train_epoch_loss: 0.022666 learn_rate: 0.000111 test_p: 0.863140 test_r: 0.840935 test_f: 0.851486
epoch: 18 iter: 1 train_iter_loss: 0.018969 learn_rate: 0.000111 
epoch: 18 iter: 2 train_iter_loss: 0.024673 learn_rate: 0.000111 
epoch: 18 iter: 3 train_iter_loss: 0.021956 learn_rate: 0.000111 
epoch: 18 iter: 4 train_iter_loss: 0.025654 learn_rate: 0.000111 
epoch: 18 iter: 5 train_iter_loss: 0.021405 learn_rate: 0.000111 
epoch: 18 iter: 6 train_iter_loss: 0.024989 learn_rate: 0.000111 
epoch: 18 iter: 7 train_iter_loss: 0.025423 learn_rate: 0.000111 
epoch: 18 iter: 8 train_iter_loss: 0.023005 learn_rate: 0.000111 
epoch: 18 iter: 9 train_iter_loss: 0.025831 learn_rate: 0.000111 
epoch: 18 iter: 10 train_iter_loss: 0.021476 learn_rate: 0.000111 
epoch: 18 iter: 11 train_iter_loss: 0.018137 learn_rate: 0.000111 
epoch: 18 iter: 12 train_iter_loss: 0.026650 learn_rate: 0.000111 
epoch: 18 iter: 13 train_iter_loss: 0.019406 learn_rate: 0.000111 
epoch: 18 iter: 14 train_iter_loss: 0.020801 learn_rate: 0.000111 
epoch: 18 iter: 15 train_iter_loss: 0.022942 learn_rate: 0.000111 
epoch: 18 iter: 16 train_iter_loss: 0.024235 learn_rate: 0.000111 
epoch: 18 iter: 17 train_iter_loss: 0.022970 learn_rate: 0.000111 
epoch: 18 iter: 18 train_iter_loss: 0.022098 learn_rate: 0.000111 
epoch: 18 iter: 19 train_iter_loss: 0.022056 learn_rate: 0.000111 
epoch: 18 iter: 20 train_iter_loss: 0.027264 learn_rate: 0.000111 
epoch: 18 iter: 21 train_iter_loss: 0.021119 learn_rate: 0.000111 
epoch: 18 iter: 22 train_iter_loss: 0.022807 learn_rate: 0.000111 
epoch: 18 iter: 23 train_iter_loss: 0.024349 learn_rate: 0.000111 
epoch: 18 iter: 24 train_iter_loss: 0.019359 learn_rate: 0.000111 
epoch: 18 iter: 25 train_iter_loss: 0.022945 learn_rate: 0.000111 
epoch: 18 iter: 26 train_iter_loss: 0.020972 learn_rate: 0.000111 
epoch: 18 iter: 27 train_iter_loss: 0.020795 learn_rate: 0.000111 
epoch: 18 iter: 28 train_iter_loss: 0.020545 learn_rate: 0.000111 
epoch: 18 iter: 29 train_iter_loss: 0.022989 learn_rate: 0.000111 
epoch: 18 iter: 30 train_iter_loss: 0.020657 learn_rate: 0.000111 
epoch: 18 iter: 31 train_iter_loss: 0.021259 learn_rate: 0.000111 
epoch: 18 iter: 32 train_iter_loss: 0.025244 learn_rate: 0.000111 
epoch: 18 iter: 33 train_iter_loss: 0.027623 learn_rate: 0.000111 
epoch: 18 iter: 34 train_iter_loss: 0.021701 learn_rate: 0.000111 
epoch: 18 iter: 35 train_iter_loss: 0.025415 learn_rate: 0.000111 
epoch: 18 iter: 36 train_iter_loss: 0.022437 learn_rate: 0.000111 
epoch: 18 iter: 37 train_iter_loss: 0.022180 learn_rate: 0.000111 
epoch: 18 iter: 38 train_iter_loss: 0.019900 learn_rate: 0.000111 
epoch: 18 iter: 39 train_iter_loss: 0.022997 learn_rate: 0.000111 
epoch: 18 iter: 40 train_iter_loss: 0.022661 learn_rate: 0.000111 
epoch: 18 iter: 41 train_iter_loss: 0.025912 learn_rate: 0.000111 
epoch: 18 iter: 42 train_iter_loss: 0.020428 learn_rate: 0.000111 
epoch: 18 iter: 43 train_iter_loss: 0.022597 learn_rate: 0.000111 
epoch: 18 iter: 44 train_iter_loss: 0.019792 learn_rate: 0.000111 
epoch: 18 iter: 45 train_iter_loss: 0.021166 learn_rate: 0.000111 
epoch: 18 iter: 46 train_iter_loss: 0.022699 learn_rate: 0.000111 
epoch: 18 iter: 47 train_iter_loss: 0.022719 learn_rate: 0.000111 
epoch: 18 iter: 48 train_iter_loss: 0.020812 learn_rate: 0.000111 
epoch: 18 iter: 49 train_iter_loss: 0.023275 learn_rate: 0.000111 
epoch: 18 iter: 50 train_iter_loss: 0.018823 learn_rate: 0.000111 
epoch: 18 iter: 51 train_iter_loss: 0.021501 learn_rate: 0.000111 
epoch: 18 iter: 52 train_iter_loss: 0.021326 learn_rate: 0.000111 
epoch: 18 iter: 53 train_iter_loss: 0.024212 learn_rate: 0.000111 
epoch: 18 iter: 54 train_iter_loss: 0.023091 learn_rate: 0.000111 
epoch: 18 train_epoch_loss: 0.022523 learn_rate: 0.000111 test_p: 0.864972 test_r: 0.845095 test_f: 0.854550
epoch: 19 iter: 1 train_iter_loss: 0.023539 learn_rate: 0.000111 
epoch: 19 iter: 2 train_iter_loss: 0.023833 learn_rate: 0.000111 
epoch: 19 iter: 3 train_iter_loss: 0.021689 learn_rate: 0.000111 
epoch: 19 iter: 4 train_iter_loss: 0.024139 learn_rate: 0.000111 
epoch: 19 iter: 5 train_iter_loss: 0.021720 learn_rate: 0.000111 
epoch: 19 iter: 6 train_iter_loss: 0.023147 learn_rate: 0.000111 
epoch: 19 iter: 7 train_iter_loss: 0.021310 learn_rate: 0.000111 
epoch: 19 iter: 8 train_iter_loss: 0.023261 learn_rate: 0.000111 
epoch: 19 iter: 9 train_iter_loss: 0.018254 learn_rate: 0.000111 
epoch: 19 iter: 10 train_iter_loss: 0.025619 learn_rate: 0.000111 
epoch: 19 iter: 11 train_iter_loss: 0.023452 learn_rate: 0.000111 
epoch: 19 iter: 12 train_iter_loss: 0.020928 learn_rate: 0.000111 
