Thu Mar  7 18:11:37 2024
data_dict: {'mean': array([108.33226 , 104.14567 ,  94.026596, 238.47165 ], dtype=float32), 'std': array([35.476955, 33.988377, 31.577234, 42.057228], dtype=float32), 'classWeights': array([1.4029195, 6.7256403], dtype=float32), 'img_shape': (256, 256, 4)}
epoch: 1 iter: 1 train_iter_loss: 0.023956 learn_rate: 0.001000 
epoch: 1 iter: 2 train_iter_loss: 0.026059 learn_rate: 0.001000 
epoch: 1 iter: 3 train_iter_loss: 0.027788 learn_rate: 0.001000 
epoch: 1 iter: 4 train_iter_loss: 0.023935 learn_rate: 0.001000 
epoch: 1 iter: 5 train_iter_loss: 0.024150 learn_rate: 0.001000 
epoch: 1 iter: 6 train_iter_loss: 0.023307 learn_rate: 0.001000 
epoch: 1 iter: 7 train_iter_loss: 0.024649 learn_rate: 0.001000 
epoch: 1 iter: 8 train_iter_loss: 0.026814 learn_rate: 0.001000 
epoch: 1 iter: 9 train_iter_loss: 0.026882 learn_rate: 0.001000 
epoch: 1 iter: 10 train_iter_loss: 0.025944 learn_rate: 0.001000 
epoch: 1 iter: 11 train_iter_loss: 0.022560 learn_rate: 0.001000 
epoch: 1 iter: 12 train_iter_loss: 0.025231 learn_rate: 0.001000 
epoch: 1 iter: 13 train_iter_loss: 0.024026 learn_rate: 0.001000 
epoch: 1 iter: 14 train_iter_loss: 0.024223 learn_rate: 0.001000 
epoch: 1 iter: 15 train_iter_loss: 0.023106 learn_rate: 0.001000 
epoch: 1 iter: 16 train_iter_loss: 0.021795 learn_rate: 0.001000 
epoch: 1 iter: 17 train_iter_loss: 0.022504 learn_rate: 0.001000 
epoch: 1 iter: 18 train_iter_loss: 0.022260 learn_rate: 0.001000 
epoch: 1 iter: 19 train_iter_loss: 0.021918 learn_rate: 0.001000 
epoch: 1 iter: 20 train_iter_loss: 0.020135 learn_rate: 0.001000 
epoch: 1 iter: 21 train_iter_loss: 0.024151 learn_rate: 0.001000 
epoch: 1 iter: 22 train_iter_loss: 0.019581 learn_rate: 0.001000 
epoch: 1 iter: 23 train_iter_loss: 0.019093 learn_rate: 0.001000 
epoch: 1 iter: 24 train_iter_loss: 0.019831 learn_rate: 0.001000 
epoch: 1 iter: 25 train_iter_loss: 0.022136 learn_rate: 0.001000 
epoch: 1 iter: 26 train_iter_loss: 0.020411 learn_rate: 0.001000 
epoch: 1 iter: 27 train_iter_loss: 0.019538 learn_rate: 0.001000 
epoch: 1 iter: 28 train_iter_loss: 0.020742 learn_rate: 0.001000 
epoch: 1 iter: 29 train_iter_loss: 0.021236 learn_rate: 0.001000 
epoch: 1 iter: 30 train_iter_loss: 0.019129 learn_rate: 0.001000 
epoch: 1 iter: 31 train_iter_loss: 0.021005 learn_rate: 0.001000 
epoch: 1 iter: 32 train_iter_loss: 0.023001 learn_rate: 0.001000 
epoch: 1 iter: 33 train_iter_loss: 0.018833 learn_rate: 0.001000 
epoch: 1 iter: 34 train_iter_loss: 0.018495 learn_rate: 0.001000 
epoch: 1 iter: 35 train_iter_loss: 0.026568 learn_rate: 0.001000 
epoch: 1 iter: 36 train_iter_loss: 0.018987 learn_rate: 0.001000 
epoch: 1 iter: 37 train_iter_loss: 0.019279 learn_rate: 0.001000 
epoch: 1 iter: 38 train_iter_loss: 0.019463 learn_rate: 0.001000 
epoch: 1 iter: 39 train_iter_loss: 0.019419 learn_rate: 0.001000 
epoch: 1 iter: 40 train_iter_loss: 0.018609 learn_rate: 0.001000 
epoch: 1 iter: 41 train_iter_loss: 0.019116 learn_rate: 0.001000 
epoch: 1 iter: 42 train_iter_loss: 0.018751 learn_rate: 0.001000 
epoch: 1 iter: 43 train_iter_loss: 0.018991 learn_rate: 0.001000 
epoch: 1 iter: 44 train_iter_loss: 0.018324 learn_rate: 0.001000 
epoch: 1 iter: 45 train_iter_loss: 0.018565 learn_rate: 0.001000 
epoch: 1 iter: 46 train_iter_loss: 0.019469 learn_rate: 0.001000 
epoch: 1 iter: 47 train_iter_loss: 0.018211 learn_rate: 0.001000 
epoch: 1 iter: 48 train_iter_loss: 0.017311 learn_rate: 0.001000 
epoch: 1 iter: 49 train_iter_loss: 0.018752 learn_rate: 0.001000 
epoch: 1 iter: 50 train_iter_loss: 0.017307 learn_rate: 0.001000 
epoch: 1 iter: 51 train_iter_loss: 0.016763 learn_rate: 0.001000 
epoch: 1 iter: 52 train_iter_loss: 0.017637 learn_rate: 0.001000 
epoch: 1 iter: 53 train_iter_loss: 0.018935 learn_rate: 0.001000 
epoch: 1 iter: 54 train_iter_loss: 0.019287 learn_rate: 0.001000 
epoch: 1 iter: 55 train_iter_loss: 0.018073 learn_rate: 0.001000 
epoch: 1 iter: 56 train_iter_loss: 0.018740 learn_rate: 0.001000 
epoch: 1 iter: 57 train_iter_loss: 0.018333 learn_rate: 0.001000 
epoch: 1 iter: 58 train_iter_loss: 0.019305 learn_rate: 0.001000 
epoch: 1 iter: 59 train_iter_loss: 0.017526 learn_rate: 0.001000 
epoch: 1 iter: 60 train_iter_loss: 0.018264 learn_rate: 0.001000 
epoch: 1 iter: 61 train_iter_loss: 0.017707 learn_rate: 0.001000 
epoch: 1 iter: 62 train_iter_loss: 0.023094 learn_rate: 0.001000 
epoch: 1 iter: 63 train_iter_loss: 0.017114 learn_rate: 0.001000 
epoch: 1 iter: 64 train_iter_loss: 0.017973 learn_rate: 0.001000 
epoch: 1 iter: 65 train_iter_loss: 0.016703 learn_rate: 0.001000 
epoch: 1 iter: 66 train_iter_loss: 0.020495 learn_rate: 0.001000 
epoch: 1 iter: 67 train_iter_loss: 0.018582 learn_rate: 0.001000 
epoch: 1 iter: 68 train_iter_loss: 0.018250 learn_rate: 0.001000 
epoch: 1 iter: 69 train_iter_loss: 0.016766 learn_rate: 0.001000 
epoch: 1 iter: 70 train_iter_loss: 0.017829 learn_rate: 0.001000 
epoch: 1 iter: 71 train_iter_loss: 0.017912 learn_rate: 0.001000 
epoch: 1 iter: 72 train_iter_loss: 0.019432 learn_rate: 0.001000 
epoch: 1 iter: 73 train_iter_loss: 0.019982 learn_rate: 0.001000 
epoch: 1 iter: 74 train_iter_loss: 0.016299 learn_rate: 0.001000 
epoch: 1 iter: 75 train_iter_loss: 0.015670 learn_rate: 0.001000 
epoch: 1 iter: 76 train_iter_loss: 0.015596 learn_rate: 0.001000 
epoch: 1 iter: 77 train_iter_loss: 0.016362 learn_rate: 0.001000 
epoch: 1 iter: 78 train_iter_loss: 0.020105 learn_rate: 0.001000 
epoch: 1 iter: 79 train_iter_loss: 0.016356 learn_rate: 0.001000 
epoch: 1 iter: 80 train_iter_loss: 0.016500 learn_rate: 0.001000 
epoch: 1 train_epoch_loss: 0.020214 learn_rate: 0.001000 test_p: 0.900819 test_r: 0.880394 test_f: 0.890441
epoch: 2 iter: 1 train_iter_loss: 0.015990 learn_rate: 0.001000 
epoch: 2 iter: 2 train_iter_loss: 0.017589 learn_rate: 0.001000 
epoch: 2 iter: 3 train_iter_loss: 0.019013 learn_rate: 0.001000 
epoch: 2 iter: 4 train_iter_loss: 0.020161 learn_rate: 0.001000 
epoch: 2 iter: 5 train_iter_loss: 0.015392 learn_rate: 0.001000 
epoch: 2 iter: 6 train_iter_loss: 0.018352 learn_rate: 0.001000 
epoch: 2 iter: 7 train_iter_loss: 0.016914 learn_rate: 0.001000 
epoch: 2 iter: 8 train_iter_loss: 0.019796 learn_rate: 0.001000 
epoch: 2 iter: 9 train_iter_loss: 0.015621 learn_rate: 0.001000 
epoch: 2 iter: 10 train_iter_loss: 0.017322 learn_rate: 0.001000 
epoch: 2 iter: 11 train_iter_loss: 0.018476 learn_rate: 0.001000 
epoch: 2 iter: 12 train_iter_loss: 0.018347 learn_rate: 0.001000 
epoch: 2 iter: 13 train_iter_loss: 0.019533 learn_rate: 0.001000 
epoch: 2 iter: 14 train_iter_loss: 0.019961 learn_rate: 0.001000 
epoch: 2 iter: 15 train_iter_loss: 0.018226 learn_rate: 0.001000 
epoch: 2 iter: 16 train_iter_loss: 0.017843 learn_rate: 0.001000 
epoch: 2 iter: 17 train_iter_loss: 0.014963 learn_rate: 0.001000 
epoch: 2 iter: 18 train_iter_loss: 0.014190 learn_rate: 0.001000 
epoch: 2 iter: 19 train_iter_loss: 0.017071 learn_rate: 0.001000 
epoch: 2 iter: 20 train_iter_loss: 0.016370 learn_rate: 0.001000 
epoch: 2 iter: 21 train_iter_loss: 0.015131 learn_rate: 0.001000 
epoch: 2 iter: 22 train_iter_loss: 0.015636 learn_rate: 0.001000 
epoch: 2 iter: 23 train_iter_loss: 0.014370 learn_rate: 0.001000 
epoch: 2 iter: 24 train_iter_loss: 0.015087 learn_rate: 0.001000 
epoch: 2 iter: 25 train_iter_loss: 0.019766 learn_rate: 0.001000 
epoch: 2 iter: 26 train_iter_loss: 0.018044 learn_rate: 0.001000 
epoch: 2 iter: 27 train_iter_loss: 0.015446 learn_rate: 0.001000 
epoch: 2 iter: 28 train_iter_loss: 0.015012 learn_rate: 0.001000 
epoch: 2 iter: 29 train_iter_loss: 0.015650 learn_rate: 0.001000 
epoch: 2 iter: 30 train_iter_loss: 0.021347 learn_rate: 0.001000 
epoch: 2 iter: 31 train_iter_loss: 0.019490 learn_rate: 0.001000 
epoch: 2 iter: 32 train_iter_loss: 0.017609 learn_rate: 0.001000 
epoch: 2 iter: 33 train_iter_loss: 0.018232 learn_rate: 0.001000 
epoch: 2 iter: 34 train_iter_loss: 0.013618 learn_rate: 0.001000 
epoch: 2 iter: 35 train_iter_loss: 0.017376 learn_rate: 0.001000 
epoch: 2 iter: 36 train_iter_loss: 0.016540 learn_rate: 0.001000 
epoch: 2 iter: 37 train_iter_loss: 0.015709 learn_rate: 0.001000 
epoch: 2 iter: 38 train_iter_loss: 0.014683 learn_rate: 0.001000 
epoch: 2 iter: 39 train_iter_loss: 0.014753 learn_rate: 0.001000 
epoch: 2 iter: 40 train_iter_loss: 0.021291 learn_rate: 0.001000 
epoch: 2 iter: 41 train_iter_loss: 0.016484 learn_rate: 0.001000 
epoch: 2 iter: 42 train_iter_loss: 0.016801 learn_rate: 0.001000 
epoch: 2 iter: 43 train_iter_loss: 0.015697 learn_rate: 0.001000 
epoch: 2 iter: 44 train_iter_loss: 0.017832 learn_rate: 0.001000 
epoch: 2 iter: 45 train_iter_loss: 0.014098 learn_rate: 0.001000 
epoch: 2 iter: 46 train_iter_loss: 0.013849 learn_rate: 0.001000 
epoch: 2 iter: 47 train_iter_loss: 0.015644 learn_rate: 0.001000 
epoch: 2 iter: 48 train_iter_loss: 0.015355 learn_rate: 0.001000 
epoch: 2 iter: 49 train_iter_loss: 0.015528 learn_rate: 0.001000 
epoch: 2 iter: 50 train_iter_loss: 0.014266 learn_rate: 0.001000 
epoch: 2 iter: 51 train_iter_loss: 0.018129 learn_rate: 0.001000 
epoch: 2 iter: 52 train_iter_loss: 0.016781 learn_rate: 0.001000 
epoch: 2 iter: 53 train_iter_loss: 0.017115 learn_rate: 0.001000 
epoch: 2 iter: 54 train_iter_loss: 0.015042 learn_rate: 0.001000 
epoch: 2 iter: 55 train_iter_loss: 0.014661 learn_rate: 0.001000 
epoch: 2 iter: 56 train_iter_loss: 0.017304 learn_rate: 0.001000 
epoch: 2 iter: 57 train_iter_loss: 0.015661 learn_rate: 0.001000 
epoch: 2 iter: 58 train_iter_loss: 0.019435 learn_rate: 0.001000 
epoch: 2 iter: 59 train_iter_loss: 0.017524 learn_rate: 0.001000 
epoch: 2 iter: 60 train_iter_loss: 0.018869 learn_rate: 0.001000 
epoch: 2 iter: 61 train_iter_loss: 0.020110 learn_rate: 0.001000 
epoch: 2 iter: 62 train_iter_loss: 0.017416 learn_rate: 0.001000 
epoch: 2 iter: 63 train_iter_loss: 0.017318 learn_rate: 0.001000 
epoch: 2 iter: 64 train_iter_loss: 0.015332 learn_rate: 0.001000 
epoch: 2 iter: 65 train_iter_loss: 0.016475 learn_rate: 0.001000 
epoch: 2 iter: 66 train_iter_loss: 0.018710 learn_rate: 0.001000 
epoch: 2 iter: 67 train_iter_loss: 0.022403 learn_rate: 0.001000 
epoch: 2 iter: 68 train_iter_loss: 0.019612 learn_rate: 0.001000 
epoch: 2 iter: 69 train_iter_loss: 0.018349 learn_rate: 0.001000 
epoch: 2 iter: 70 train_iter_loss: 0.016618 learn_rate: 0.001000 
epoch: 2 iter: 71 train_iter_loss: 0.016470 learn_rate: 0.001000 
epoch: 2 iter: 72 train_iter_loss: 0.016363 learn_rate: 0.001000 
epoch: 2 iter: 73 train_iter_loss: 0.015947 learn_rate: 0.001000 
epoch: 2 iter: 74 train_iter_loss: 0.019088 learn_rate: 0.001000 
epoch: 2 iter: 75 train_iter_loss: 0.015184 learn_rate: 0.001000 
epoch: 2 iter: 76 train_iter_loss: 0.019231 learn_rate: 0.001000 
epoch: 2 iter: 77 train_iter_loss: 0.017898 learn_rate: 0.001000 
epoch: 2 iter: 78 train_iter_loss: 0.016146 learn_rate: 0.001000 
epoch: 2 iter: 79 train_iter_loss: 0.015179 learn_rate: 0.001000 
epoch: 2 iter: 80 train_iter_loss: 0.015883 learn_rate: 0.001000 
epoch: 2 train_epoch_loss: 0.017022 learn_rate: 0.001000 test_p: 0.917314 test_r: 0.906855 test_f: 0.912008
epoch: 3 iter: 1 train_iter_loss: 0.021207 learn_rate: 0.001000 
epoch: 3 iter: 2 train_iter_loss: 0.015916 learn_rate: 0.001000 
epoch: 3 iter: 3 train_iter_loss: 0.016173 learn_rate: 0.001000 
epoch: 3 iter: 4 train_iter_loss: 0.014346 learn_rate: 0.001000 
epoch: 3 iter: 5 train_iter_loss: 0.014612 learn_rate: 0.001000 
epoch: 3 iter: 6 train_iter_loss: 0.018559 learn_rate: 0.001000 
epoch: 3 iter: 7 train_iter_loss: 0.017538 learn_rate: 0.001000 
epoch: 3 iter: 8 train_iter_loss: 0.016229 learn_rate: 0.001000 
epoch: 3 iter: 9 train_iter_loss: 0.016510 learn_rate: 0.001000 
epoch: 3 iter: 10 train_iter_loss: 0.017668 learn_rate: 0.001000 
epoch: 3 iter: 11 train_iter_loss: 0.012983 learn_rate: 0.001000 
epoch: 3 iter: 12 train_iter_loss: 0.014946 learn_rate: 0.001000 
epoch: 3 iter: 13 train_iter_loss: 0.017079 learn_rate: 0.001000 
epoch: 3 iter: 14 train_iter_loss: 0.017290 learn_rate: 0.001000 
epoch: 3 iter: 15 train_iter_loss: 0.015090 learn_rate: 0.001000 
epoch: 3 iter: 16 train_iter_loss: 0.016312 learn_rate: 0.001000 
epoch: 3 iter: 17 train_iter_loss: 0.016674 learn_rate: 0.001000 
epoch: 3 iter: 18 train_iter_loss: 0.015217 learn_rate: 0.001000 
epoch: 3 iter: 19 train_iter_loss: 0.017824 learn_rate: 0.001000 
epoch: 3 iter: 20 train_iter_loss: 0.014993 learn_rate: 0.001000 
epoch: 3 iter: 21 train_iter_loss: 0.016002 learn_rate: 0.001000 
epoch: 3 iter: 22 train_iter_loss: 0.019251 learn_rate: 0.001000 
epoch: 3 iter: 23 train_iter_loss: 0.018506 learn_rate: 0.001000 
epoch: 3 iter: 24 train_iter_loss: 0.017480 learn_rate: 0.001000 
epoch: 3 iter: 25 train_iter_loss: 0.018744 learn_rate: 0.001000 
epoch: 3 iter: 26 train_iter_loss: 0.021228 learn_rate: 0.001000 
epoch: 3 iter: 27 train_iter_loss: 0.017929 learn_rate: 0.001000 
epoch: 3 iter: 28 train_iter_loss: 0.014473 learn_rate: 0.001000 
epoch: 3 iter: 29 train_iter_loss: 0.014575 learn_rate: 0.001000 
epoch: 3 iter: 30 train_iter_loss: 0.019419 learn_rate: 0.001000 
epoch: 3 iter: 31 train_iter_loss: 0.017368 learn_rate: 0.001000 
epoch: 3 iter: 32 train_iter_loss: 0.015029 learn_rate: 0.001000 
epoch: 3 iter: 33 train_iter_loss: 0.016250 learn_rate: 0.001000 
epoch: 3 iter: 34 train_iter_loss: 0.013915 learn_rate: 0.001000 
epoch: 3 iter: 35 train_iter_loss: 0.015204 learn_rate: 0.001000 
epoch: 3 iter: 36 train_iter_loss: 0.016956 learn_rate: 0.001000 
epoch: 3 iter: 37 train_iter_loss: 0.016188 learn_rate: 0.001000 
epoch: 3 iter: 38 train_iter_loss: 0.017158 learn_rate: 0.001000 
epoch: 3 iter: 39 train_iter_loss: 0.017892 learn_rate: 0.001000 
epoch: 3 iter: 40 train_iter_loss: 0.018022 learn_rate: 0.001000 
epoch: 3 iter: 41 train_iter_loss: 0.014630 learn_rate: 0.001000 
epoch: 3 iter: 42 train_iter_loss: 0.017765 learn_rate: 0.001000 
epoch: 3 iter: 43 train_iter_loss: 0.016030 learn_rate: 0.001000 
epoch: 3 iter: 44 train_iter_loss: 0.020076 learn_rate: 0.001000 
epoch: 3 iter: 45 train_iter_loss: 0.015969 learn_rate: 0.001000 
epoch: 3 iter: 46 train_iter_loss: 0.015420 learn_rate: 0.001000 
epoch: 3 iter: 47 train_iter_loss: 0.017532 learn_rate: 0.001000 
epoch: 3 iter: 48 train_iter_loss: 0.016825 learn_rate: 0.001000 
epoch: 3 iter: 49 train_iter_loss: 0.016051 learn_rate: 0.001000 
epoch: 3 iter: 50 train_iter_loss: 0.016673 learn_rate: 0.001000 
epoch: 3 iter: 51 train_iter_loss: 0.016788 learn_rate: 0.001000 
epoch: 3 iter: 52 train_iter_loss: 0.016233 learn_rate: 0.001000 
epoch: 3 iter: 53 train_iter_loss: 0.015977 learn_rate: 0.001000 
epoch: 3 iter: 54 train_iter_loss: 0.017834 learn_rate: 0.001000 
epoch: 3 iter: 55 train_iter_loss: 0.014315 learn_rate: 0.001000 
epoch: 3 iter: 56 train_iter_loss: 0.017480 learn_rate: 0.001000 
epoch: 3 iter: 57 train_iter_loss: 0.017143 learn_rate: 0.001000 
epoch: 3 iter: 58 train_iter_loss: 0.017287 learn_rate: 0.001000 
epoch: 3 iter: 59 train_iter_loss: 0.017489 learn_rate: 0.001000 
epoch: 3 iter: 60 train_iter_loss: 0.019031 learn_rate: 0.001000 
epoch: 3 iter: 61 train_iter_loss: 0.013435 learn_rate: 0.001000 
epoch: 3 iter: 62 train_iter_loss: 0.016550 learn_rate: 0.001000 
epoch: 3 iter: 63 train_iter_loss: 0.014546 learn_rate: 0.001000 
epoch: 3 iter: 64 train_iter_loss: 0.015535 learn_rate: 0.001000 
epoch: 3 iter: 65 train_iter_loss: 0.016041 learn_rate: 0.001000 
epoch: 3 iter: 66 train_iter_loss: 0.014793 learn_rate: 0.001000 
epoch: 3 iter: 67 train_iter_loss: 0.014469 learn_rate: 0.001000 
epoch: 3 iter: 68 train_iter_loss: 0.013367 learn_rate: 0.001000 
epoch: 3 iter: 69 train_iter_loss: 0.015583 learn_rate: 0.001000 
epoch: 3 iter: 70 train_iter_loss: 0.018857 learn_rate: 0.001000 
epoch: 3 iter: 71 train_iter_loss: 0.015501 learn_rate: 0.001000 
epoch: 3 iter: 72 train_iter_loss: 0.017810 learn_rate: 0.001000 
epoch: 3 iter: 73 train_iter_loss: 0.017168 learn_rate: 0.001000 
epoch: 3 iter: 74 train_iter_loss: 0.017176 learn_rate: 0.001000 
epoch: 3 iter: 75 train_iter_loss: 0.018320 learn_rate: 0.001000 
epoch: 3 iter: 76 train_iter_loss: 0.016116 learn_rate: 0.001000 
epoch: 3 iter: 77 train_iter_loss: 0.018661 learn_rate: 0.001000 
epoch: 3 iter: 78 train_iter_loss: 0.015564 learn_rate: 0.001000 
epoch: 3 iter: 79 train_iter_loss: 0.017146 learn_rate: 0.001000 
epoch: 3 iter: 80 train_iter_loss: 0.015168 learn_rate: 0.001000 
epoch: 3 train_epoch_loss: 0.016589 learn_rate: 0.001000 test_p: 0.913642 test_r: 0.899863 test_f: 0.906638
epoch: 4 iter: 1 train_iter_loss: 0.015338 learn_rate: 0.001000 
epoch: 4 iter: 2 train_iter_loss: 0.015003 learn_rate: 0.001000 
epoch: 4 iter: 3 train_iter_loss: 0.014925 learn_rate: 0.001000 
epoch: 4 iter: 4 train_iter_loss: 0.019809 learn_rate: 0.001000 
epoch: 4 iter: 5 train_iter_loss: 0.015261 learn_rate: 0.001000 
epoch: 4 iter: 6 train_iter_loss: 0.015812 learn_rate: 0.001000 
epoch: 4 iter: 7 train_iter_loss: 0.016105 learn_rate: 0.001000 
epoch: 4 iter: 8 train_iter_loss: 0.016207 learn_rate: 0.001000 
epoch: 4 iter: 9 train_iter_loss: 0.016929 learn_rate: 0.001000 
epoch: 4 iter: 10 train_iter_loss: 0.016463 learn_rate: 0.001000 
epoch: 4 iter: 11 train_iter_loss: 0.017412 learn_rate: 0.001000 
epoch: 4 iter: 12 train_iter_loss: 0.014366 learn_rate: 0.001000 
epoch: 4 iter: 13 train_iter_loss: 0.016061 learn_rate: 0.001000 
epoch: 4 iter: 14 train_iter_loss: 0.017513 learn_rate: 0.001000 
epoch: 4 iter: 15 train_iter_loss: 0.015305 learn_rate: 0.001000 
epoch: 4 iter: 16 train_iter_loss: 0.015198 learn_rate: 0.001000 
epoch: 4 iter: 17 train_iter_loss: 0.016320 learn_rate: 0.001000 
epoch: 4 iter: 18 train_iter_loss: 0.014866 learn_rate: 0.001000 
epoch: 4 iter: 19 train_iter_loss: 0.016902 learn_rate: 0.001000 
epoch: 4 iter: 20 train_iter_loss: 0.015996 learn_rate: 0.001000 
epoch: 4 iter: 21 train_iter_loss: 0.015781 learn_rate: 0.001000 
epoch: 4 iter: 22 train_iter_loss: 0.016368 learn_rate: 0.001000 
epoch: 4 iter: 23 train_iter_loss: 0.015474 learn_rate: 0.001000 
epoch: 4 iter: 24 train_iter_loss: 0.017177 learn_rate: 0.001000 
epoch: 4 iter: 25 train_iter_loss: 0.019478 learn_rate: 0.001000 
epoch: 4 iter: 26 train_iter_loss: 0.017226 learn_rate: 0.001000 
epoch: 4 iter: 27 train_iter_loss: 0.018465 learn_rate: 0.001000 
epoch: 4 iter: 28 train_iter_loss: 0.015260 learn_rate: 0.001000 
epoch: 4 iter: 29 train_iter_loss: 0.015891 learn_rate: 0.001000 
epoch: 4 iter: 30 train_iter_loss: 0.015758 learn_rate: 0.001000 
epoch: 4 iter: 31 train_iter_loss: 0.015419 learn_rate: 0.001000 
epoch: 4 iter: 32 train_iter_loss: 0.015674 learn_rate: 0.001000 
epoch: 4 iter: 33 train_iter_loss: 0.014910 learn_rate: 0.001000 
epoch: 4 iter: 34 train_iter_loss: 0.015421 learn_rate: 0.001000 
epoch: 4 iter: 35 train_iter_loss: 0.023378 learn_rate: 0.001000 
epoch: 4 iter: 36 train_iter_loss: 0.015658 learn_rate: 0.001000 
epoch: 4 iter: 37 train_iter_loss: 0.014973 learn_rate: 0.001000 
epoch: 4 iter: 38 train_iter_loss: 0.017599 learn_rate: 0.001000 
epoch: 4 iter: 39 train_iter_loss: 0.016795 learn_rate: 0.001000 
epoch: 4 iter: 40 train_iter_loss: 0.016171 learn_rate: 0.001000 
epoch: 4 iter: 41 train_iter_loss: 0.015849 learn_rate: 0.001000 
epoch: 4 iter: 42 train_iter_loss: 0.020097 learn_rate: 0.001000 
epoch: 4 iter: 43 train_iter_loss: 0.014689 learn_rate: 0.001000 
epoch: 4 iter: 44 train_iter_loss: 0.016617 learn_rate: 0.001000 
epoch: 4 iter: 45 train_iter_loss: 0.015909 learn_rate: 0.001000 
epoch: 4 iter: 46 train_iter_loss: 0.015563 learn_rate: 0.001000 
epoch: 4 iter: 47 train_iter_loss: 0.020850 learn_rate: 0.001000 
epoch: 4 iter: 48 train_iter_loss: 0.016843 learn_rate: 0.001000 
epoch: 4 iter: 49 train_iter_loss: 0.015120 learn_rate: 0.001000 
epoch: 4 iter: 50 train_iter_loss: 0.014469 learn_rate: 0.001000 
epoch: 4 iter: 51 train_iter_loss: 0.016050 learn_rate: 0.001000 
epoch: 4 iter: 52 train_iter_loss: 0.016520 learn_rate: 0.001000 
epoch: 4 iter: 53 train_iter_loss: 0.017520 learn_rate: 0.001000 
epoch: 4 iter: 54 train_iter_loss: 0.017655 learn_rate: 0.001000 
epoch: 4 iter: 55 train_iter_loss: 0.015852 learn_rate: 0.001000 
epoch: 4 iter: 56 train_iter_loss: 0.017777 learn_rate: 0.001000 
epoch: 4 iter: 57 train_iter_loss: 0.014297 learn_rate: 0.001000 
epoch: 4 iter: 58 train_iter_loss: 0.015637 learn_rate: 0.001000 
epoch: 4 iter: 59 train_iter_loss: 0.018038 learn_rate: 0.001000 
epoch: 4 iter: 60 train_iter_loss: 0.015823 learn_rate: 0.001000 
epoch: 4 iter: 61 train_iter_loss: 0.017018 learn_rate: 0.001000 
epoch: 4 iter: 62 train_iter_loss: 0.015616 learn_rate: 0.001000 
epoch: 4 iter: 63 train_iter_loss: 0.017534 learn_rate: 0.001000 
epoch: 4 iter: 64 train_iter_loss: 0.016255 learn_rate: 0.001000 
epoch: 4 iter: 65 train_iter_loss: 0.017821 learn_rate: 0.001000 
epoch: 4 iter: 66 train_iter_loss: 0.014639 learn_rate: 0.001000 
epoch: 4 iter: 67 train_iter_loss: 0.018257 learn_rate: 0.001000 
epoch: 4 iter: 68 train_iter_loss: 0.013555 learn_rate: 0.001000 
epoch: 4 iter: 69 train_iter_loss: 0.015031 learn_rate: 0.001000 
epoch: 4 iter: 70 train_iter_loss: 0.014345 learn_rate: 0.001000 
epoch: 4 iter: 71 train_iter_loss: 0.015477 learn_rate: 0.001000 
epoch: 4 iter: 72 train_iter_loss: 0.015875 learn_rate: 0.001000 
epoch: 4 iter: 73 train_iter_loss: 0.014271 learn_rate: 0.001000 
epoch: 4 iter: 74 train_iter_loss: 0.016676 learn_rate: 0.001000 
epoch: 4 iter: 75 train_iter_loss: 0.018609 learn_rate: 0.001000 
epoch: 4 iter: 76 train_iter_loss: 0.015895 learn_rate: 0.001000 
epoch: 4 iter: 77 train_iter_loss: 0.018021 learn_rate: 0.001000 
epoch: 4 iter: 78 train_iter_loss: 0.015203 learn_rate: 0.001000 
epoch: 4 iter: 79 train_iter_loss: 0.016851 learn_rate: 0.001000 
epoch: 4 iter: 80 train_iter_loss: 0.017779 learn_rate: 0.001000 
epoch: 4 train_epoch_loss: 0.016382 learn_rate: 0.001000 test_p: 0.913717 test_r: 0.899768 test_f: 0.906629
epoch: 5 iter: 1 train_iter_loss: 0.015562 learn_rate: 0.001000 
epoch: 5 iter: 2 train_iter_loss: 0.017601 learn_rate: 0.001000 
epoch: 5 iter: 3 train_iter_loss: 0.015790 learn_rate: 0.001000 
epoch: 5 iter: 4 train_iter_loss: 0.013934 learn_rate: 0.001000 
epoch: 5 iter: 5 train_iter_loss: 0.016260 learn_rate: 0.001000 
epoch: 5 iter: 6 train_iter_loss: 0.017172 learn_rate: 0.001000 
epoch: 5 iter: 7 train_iter_loss: 0.017323 learn_rate: 0.001000 
epoch: 5 iter: 8 train_iter_loss: 0.015068 learn_rate: 0.001000 
epoch: 5 iter: 9 train_iter_loss: 0.015862 learn_rate: 0.001000 
epoch: 5 iter: 10 train_iter_loss: 0.017528 learn_rate: 0.001000 
epoch: 5 iter: 11 train_iter_loss: 0.016123 learn_rate: 0.001000 
epoch: 5 iter: 12 train_iter_loss: 0.019632 learn_rate: 0.001000 
epoch: 5 iter: 13 train_iter_loss: 0.015749 learn_rate: 0.001000 
epoch: 5 iter: 14 train_iter_loss: 0.018787 learn_rate: 0.001000 
epoch: 5 iter: 15 train_iter_loss: 0.015847 learn_rate: 0.001000 
epoch: 5 iter: 16 train_iter_loss: 0.016648 learn_rate: 0.001000 
epoch: 5 iter: 17 train_iter_loss: 0.014545 learn_rate: 0.001000 
epoch: 5 iter: 18 train_iter_loss: 0.016465 learn_rate: 0.001000 
epoch: 5 iter: 19 train_iter_loss: 0.017548 learn_rate: 0.001000 
epoch: 5 iter: 20 train_iter_loss: 0.017012 learn_rate: 0.001000 
epoch: 5 iter: 21 train_iter_loss: 0.015034 learn_rate: 0.001000 
epoch: 5 iter: 22 train_iter_loss: 0.017318 learn_rate: 0.001000 
epoch: 5 iter: 23 train_iter_loss: 0.016005 learn_rate: 0.001000 
epoch: 5 iter: 24 train_iter_loss: 0.017223 learn_rate: 0.001000 
epoch: 5 iter: 25 train_iter_loss: 0.013651 learn_rate: 0.001000 
epoch: 5 iter: 26 train_iter_loss: 0.016950 learn_rate: 0.001000 
epoch: 5 iter: 27 train_iter_loss: 0.013883 learn_rate: 0.001000 
epoch: 5 iter: 28 train_iter_loss: 0.015137 learn_rate: 0.001000 
epoch: 5 iter: 29 train_iter_loss: 0.016385 learn_rate: 0.001000 
epoch: 5 iter: 30 train_iter_loss: 0.015278 learn_rate: 0.001000 
epoch: 5 iter: 31 train_iter_loss: 0.015526 learn_rate: 0.001000 
epoch: 5 iter: 32 train_iter_loss: 0.014854 learn_rate: 0.001000 
epoch: 5 iter: 33 train_iter_loss: 0.013770 learn_rate: 0.001000 
epoch: 5 iter: 34 train_iter_loss: 0.014855 learn_rate: 0.001000 
epoch: 5 iter: 35 train_iter_loss: 0.017441 learn_rate: 0.001000 
epoch: 5 iter: 36 train_iter_loss: 0.014733 learn_rate: 0.001000 
epoch: 5 iter: 37 train_iter_loss: 0.014041 learn_rate: 0.001000 
epoch: 5 iter: 38 train_iter_loss: 0.017356 learn_rate: 0.001000 
epoch: 5 iter: 39 train_iter_loss: 0.016895 learn_rate: 0.001000 
epoch: 5 iter: 40 train_iter_loss: 0.016191 learn_rate: 0.001000 
epoch: 5 iter: 41 train_iter_loss: 0.014463 learn_rate: 0.001000 
epoch: 5 iter: 42 train_iter_loss: 0.017214 learn_rate: 0.001000 
epoch: 5 iter: 43 train_iter_loss: 0.018055 learn_rate: 0.001000 
epoch: 5 iter: 44 train_iter_loss: 0.016302 learn_rate: 0.001000 
epoch: 5 iter: 45 train_iter_loss: 0.018227 learn_rate: 0.001000 
epoch: 5 iter: 46 train_iter_loss: 0.017096 learn_rate: 0.001000 
epoch: 5 iter: 47 train_iter_loss: 0.016383 learn_rate: 0.001000 
epoch: 5 iter: 48 train_iter_loss: 0.017171 learn_rate: 0.001000 
epoch: 5 iter: 49 train_iter_loss: 0.016808 learn_rate: 0.001000 
epoch: 5 iter: 50 train_iter_loss: 0.015035 learn_rate: 0.001000 
epoch: 5 iter: 51 train_iter_loss: 0.016563 learn_rate: 0.001000 
epoch: 5 iter: 52 train_iter_loss: 0.017653 learn_rate: 0.001000 
epoch: 5 iter: 53 train_iter_loss: 0.012977 learn_rate: 0.001000 
epoch: 5 iter: 54 train_iter_loss: 0.016098 learn_rate: 0.001000 
epoch: 5 iter: 55 train_iter_loss: 0.016070 learn_rate: 0.001000 
epoch: 5 iter: 56 train_iter_loss: 0.016178 learn_rate: 0.001000 
epoch: 5 iter: 57 train_iter_loss: 0.019139 learn_rate: 0.001000 
epoch: 5 iter: 58 train_iter_loss: 0.015840 learn_rate: 0.001000 
epoch: 5 iter: 59 train_iter_loss: 0.015520 learn_rate: 0.001000 
epoch: 5 iter: 60 train_iter_loss: 0.015575 learn_rate: 0.001000 
epoch: 5 iter: 61 train_iter_loss: 0.018792 learn_rate: 0.001000 
epoch: 5 iter: 62 train_iter_loss: 0.015578 learn_rate: 0.001000 
epoch: 5 iter: 63 train_iter_loss: 0.018480 learn_rate: 0.001000 
epoch: 5 iter: 64 train_iter_loss: 0.014895 learn_rate: 0.001000 
epoch: 5 iter: 65 train_iter_loss: 0.016685 learn_rate: 0.001000 
epoch: 5 iter: 66 train_iter_loss: 0.016371 learn_rate: 0.001000 
epoch: 5 iter: 67 train_iter_loss: 0.014968 learn_rate: 0.001000 
epoch: 5 iter: 68 train_iter_loss: 0.016638 learn_rate: 0.001000 
epoch: 5 iter: 69 train_iter_loss: 0.017498 learn_rate: 0.001000 
epoch: 5 iter: 70 train_iter_loss: 0.018829 learn_rate: 0.001000 
epoch: 5 iter: 71 train_iter_loss: 0.014853 learn_rate: 0.001000 
epoch: 5 iter: 72 train_iter_loss: 0.015355 learn_rate: 0.001000 
epoch: 5 iter: 73 train_iter_loss: 0.014865 learn_rate: 0.001000 
epoch: 5 iter: 74 train_iter_loss: 0.015733 learn_rate: 0.001000 
epoch: 5 iter: 75 train_iter_loss: 0.014903 learn_rate: 0.001000 
epoch: 5 iter: 76 train_iter_loss: 0.014013 learn_rate: 0.001000 
epoch: 5 iter: 77 train_iter_loss: 0.016427 learn_rate: 0.001000 
epoch: 5 iter: 78 train_iter_loss: 0.015652 learn_rate: 0.001000 
epoch: 5 iter: 79 train_iter_loss: 0.017237 learn_rate: 0.001000 
epoch: 5 iter: 80 train_iter_loss: 0.014455 learn_rate: 0.001000 
epoch: 5 train_epoch_loss: 0.016170 learn_rate: 0.001000 test_p: 0.935998 test_r: 0.930619 test_f: 0.933278
epoch: 6 iter: 1 train_iter_loss: 0.017337 learn_rate: 0.001000 
epoch: 6 iter: 2 train_iter_loss: 0.016381 learn_rate: 0.001000 
epoch: 6 iter: 3 train_iter_loss: 0.015844 learn_rate: 0.001000 
epoch: 6 iter: 4 train_iter_loss: 0.016600 learn_rate: 0.001000 
epoch: 6 iter: 5 train_iter_loss: 0.013636 learn_rate: 0.001000 
epoch: 6 iter: 6 train_iter_loss: 0.017837 learn_rate: 0.001000 
epoch: 6 iter: 7 train_iter_loss: 0.016159 learn_rate: 0.001000 
epoch: 6 iter: 8 train_iter_loss: 0.013655 learn_rate: 0.001000 
epoch: 6 iter: 9 train_iter_loss: 0.014776 learn_rate: 0.001000 
epoch: 6 iter: 10 train_iter_loss: 0.014384 learn_rate: 0.001000 
epoch: 6 iter: 11 train_iter_loss: 0.016258 learn_rate: 0.001000 
epoch: 6 iter: 12 train_iter_loss: 0.015987 learn_rate: 0.001000 
epoch: 6 iter: 13 train_iter_loss: 0.016489 learn_rate: 0.001000 
epoch: 6 iter: 14 train_iter_loss: 0.016646 learn_rate: 0.001000 
epoch: 6 iter: 15 train_iter_loss: 0.015444 learn_rate: 0.001000 
epoch: 6 iter: 16 train_iter_loss: 0.013780 learn_rate: 0.001000 
epoch: 6 iter: 17 train_iter_loss: 0.017998 learn_rate: 0.001000 
epoch: 6 iter: 18 train_iter_loss: 0.015667 learn_rate: 0.001000 
epoch: 6 iter: 19 train_iter_loss: 0.014625 learn_rate: 0.001000 
epoch: 6 iter: 20 train_iter_loss: 0.014908 learn_rate: 0.001000 
epoch: 6 iter: 21 train_iter_loss: 0.015569 learn_rate: 0.001000 
epoch: 6 iter: 22 train_iter_loss: 0.017657 learn_rate: 0.001000 
epoch: 6 iter: 23 train_iter_loss: 0.015320 learn_rate: 0.001000 
epoch: 6 iter: 24 train_iter_loss: 0.015925 learn_rate: 0.001000 
epoch: 6 iter: 25 train_iter_loss: 0.015617 learn_rate: 0.001000 
epoch: 6 iter: 26 train_iter_loss: 0.015490 learn_rate: 0.001000 
epoch: 6 iter: 27 train_iter_loss: 0.013795 learn_rate: 0.001000 
epoch: 6 iter: 28 train_iter_loss: 0.013953 learn_rate: 0.001000 
epoch: 6 iter: 29 train_iter_loss: 0.016250 learn_rate: 0.001000 
epoch: 6 iter: 30 train_iter_loss: 0.013433 learn_rate: 0.001000 
epoch: 6 iter: 31 train_iter_loss: 0.014243 learn_rate: 0.001000 
epoch: 6 iter: 32 train_iter_loss: 0.017069 learn_rate: 0.001000 
epoch: 6 iter: 33 train_iter_loss: 0.014171 learn_rate: 0.001000 
epoch: 6 iter: 34 train_iter_loss: 0.018083 learn_rate: 0.001000 
epoch: 6 iter: 35 train_iter_loss: 0.015733 learn_rate: 0.001000 
epoch: 6 iter: 36 train_iter_loss: 0.016239 learn_rate: 0.001000 
epoch: 6 iter: 37 train_iter_loss: 0.015959 learn_rate: 0.001000 
epoch: 6 iter: 38 train_iter_loss: 0.013792 learn_rate: 0.001000 
epoch: 6 iter: 39 train_iter_loss: 0.015030 learn_rate: 0.001000 
epoch: 6 iter: 40 train_iter_loss: 0.018091 learn_rate: 0.001000 
epoch: 6 iter: 41 train_iter_loss: 0.016318 learn_rate: 0.001000 
epoch: 6 iter: 42 train_iter_loss: 0.013499 learn_rate: 0.001000 
epoch: 6 iter: 43 train_iter_loss: 0.018705 learn_rate: 0.001000 
epoch: 6 iter: 44 train_iter_loss: 0.015496 learn_rate: 0.001000 
epoch: 6 iter: 45 train_iter_loss: 0.018629 learn_rate: 0.001000 
epoch: 6 iter: 46 train_iter_loss: 0.015841 learn_rate: 0.001000 
epoch: 6 iter: 47 train_iter_loss: 0.014727 learn_rate: 0.001000 
epoch: 6 iter: 48 train_iter_loss: 0.014376 learn_rate: 0.001000 
epoch: 6 iter: 49 train_iter_loss: 0.014691 learn_rate: 0.001000 
epoch: 6 iter: 50 train_iter_loss: 0.015740 learn_rate: 0.001000 
epoch: 6 iter: 51 train_iter_loss: 0.016792 learn_rate: 0.001000 
epoch: 6 iter: 52 train_iter_loss: 0.016424 learn_rate: 0.001000 
epoch: 6 iter: 53 train_iter_loss: 0.014842 learn_rate: 0.001000 
epoch: 6 iter: 54 train_iter_loss: 0.014240 learn_rate: 0.001000 
epoch: 6 iter: 55 train_iter_loss: 0.016911 learn_rate: 0.001000 
epoch: 6 iter: 56 train_iter_loss: 0.014816 learn_rate: 0.001000 
epoch: 6 iter: 57 train_iter_loss: 0.015709 learn_rate: 0.001000 
epoch: 6 iter: 58 train_iter_loss: 0.015223 learn_rate: 0.001000 
epoch: 6 iter: 59 train_iter_loss: 0.019194 learn_rate: 0.001000 
epoch: 6 iter: 60 train_iter_loss: 0.017876 learn_rate: 0.001000 
epoch: 6 iter: 61 train_iter_loss: 0.016989 learn_rate: 0.001000 
epoch: 6 iter: 62 train_iter_loss: 0.014565 learn_rate: 0.001000 
epoch: 6 iter: 63 train_iter_loss: 0.013754 learn_rate: 0.001000 
epoch: 6 iter: 64 train_iter_loss: 0.015268 learn_rate: 0.001000 
epoch: 6 iter: 65 train_iter_loss: 0.014717 learn_rate: 0.001000 
epoch: 6 iter: 66 train_iter_loss: 0.016852 learn_rate: 0.001000 
epoch: 6 iter: 67 train_iter_loss: 0.013798 learn_rate: 0.001000 
epoch: 6 iter: 68 train_iter_loss: 0.014085 learn_rate: 0.001000 
epoch: 6 iter: 69 train_iter_loss: 0.016470 learn_rate: 0.001000 
epoch: 6 iter: 70 train_iter_loss: 0.013637 learn_rate: 0.001000 
epoch: 6 iter: 71 train_iter_loss: 0.013839 learn_rate: 0.001000 
epoch: 6 iter: 72 train_iter_loss: 0.018991 learn_rate: 0.001000 
epoch: 6 iter: 73 train_iter_loss: 0.017089 learn_rate: 0.001000 
epoch: 6 iter: 74 train_iter_loss: 0.014946 learn_rate: 0.001000 
epoch: 6 iter: 75 train_iter_loss: 0.016577 learn_rate: 0.001000 
epoch: 6 iter: 76 train_iter_loss: 0.014371 learn_rate: 0.001000 
epoch: 6 iter: 77 train_iter_loss: 0.019673 learn_rate: 0.001000 
epoch: 6 iter: 78 train_iter_loss: 0.015655 learn_rate: 0.001000 
epoch: 6 iter: 79 train_iter_loss: 0.016757 learn_rate: 0.001000 
epoch: 6 iter: 80 train_iter_loss: 0.016496 learn_rate: 0.001000 
epoch: 6 train_epoch_loss: 0.015755 learn_rate: 0.001000 test_p: 0.928189 test_r: 0.919735 test_f: 0.923916
epoch: 7 iter: 1 train_iter_loss: 0.013604 learn_rate: 0.001000 
epoch: 7 iter: 2 train_iter_loss: 0.013903 learn_rate: 0.001000 
epoch: 7 iter: 3 train_iter_loss: 0.014783 learn_rate: 0.001000 
epoch: 7 iter: 4 train_iter_loss: 0.018608 learn_rate: 0.001000 
epoch: 7 iter: 5 train_iter_loss: 0.017766 learn_rate: 0.001000 
epoch: 7 iter: 6 train_iter_loss: 0.015868 learn_rate: 0.001000 
epoch: 7 iter: 7 train_iter_loss: 0.017484 learn_rate: 0.001000 
epoch: 7 iter: 8 train_iter_loss: 0.016780 learn_rate: 0.001000 
epoch: 7 iter: 9 train_iter_loss: 0.013605 learn_rate: 0.001000 
epoch: 7 iter: 10 train_iter_loss: 0.015377 learn_rate: 0.001000 
epoch: 7 iter: 11 train_iter_loss: 0.018780 learn_rate: 0.001000 
epoch: 7 iter: 12 train_iter_loss: 0.017868 learn_rate: 0.001000 
epoch: 7 iter: 13 train_iter_loss: 0.015621 learn_rate: 0.001000 
epoch: 7 iter: 14 train_iter_loss: 0.015234 learn_rate: 0.001000 
epoch: 7 iter: 15 train_iter_loss: 0.016047 learn_rate: 0.001000 
epoch: 7 iter: 16 train_iter_loss: 0.014965 learn_rate: 0.001000 
epoch: 7 iter: 17 train_iter_loss: 0.016883 learn_rate: 0.001000 
epoch: 7 iter: 18 train_iter_loss: 0.014692 learn_rate: 0.001000 
epoch: 7 iter: 19 train_iter_loss: 0.019082 learn_rate: 0.001000 
epoch: 7 iter: 20 train_iter_loss: 0.014589 learn_rate: 0.001000 
epoch: 7 iter: 21 train_iter_loss: 0.013937 learn_rate: 0.001000 
epoch: 7 iter: 22 train_iter_loss: 0.016466 learn_rate: 0.001000 
epoch: 7 iter: 23 train_iter_loss: 0.014465 learn_rate: 0.001000 
epoch: 7 iter: 24 train_iter_loss: 0.016518 learn_rate: 0.001000 
epoch: 7 iter: 25 train_iter_loss: 0.016393 learn_rate: 0.001000 
epoch: 7 iter: 26 train_iter_loss: 0.017184 learn_rate: 0.001000 
epoch: 7 iter: 27 train_iter_loss: 0.017305 learn_rate: 0.001000 
epoch: 7 iter: 28 train_iter_loss: 0.015435 learn_rate: 0.001000 
epoch: 7 iter: 29 train_iter_loss: 0.015948 learn_rate: 0.001000 
epoch: 7 iter: 30 train_iter_loss: 0.017616 learn_rate: 0.001000 
epoch: 7 iter: 31 train_iter_loss: 0.016523 learn_rate: 0.001000 
epoch: 7 iter: 32 train_iter_loss: 0.016303 learn_rate: 0.001000 
epoch: 7 iter: 33 train_iter_loss: 0.016434 learn_rate: 0.001000 
epoch: 7 iter: 34 train_iter_loss: 0.015578 learn_rate: 0.001000 
epoch: 7 iter: 35 train_iter_loss: 0.019550 learn_rate: 0.001000 
epoch: 7 iter: 36 train_iter_loss: 0.014261 learn_rate: 0.001000 
epoch: 7 iter: 37 train_iter_loss: 0.014874 learn_rate: 0.001000 
epoch: 7 iter: 38 train_iter_loss: 0.015324 learn_rate: 0.001000 
epoch: 7 iter: 39 train_iter_loss: 0.015886 learn_rate: 0.001000 
epoch: 7 iter: 40 train_iter_loss: 0.015032 learn_rate: 0.001000 
epoch: 7 iter: 41 train_iter_loss: 0.015363 learn_rate: 0.001000 
epoch: 7 iter: 42 train_iter_loss: 0.015186 learn_rate: 0.001000 
epoch: 7 iter: 43 train_iter_loss: 0.018319 learn_rate: 0.001000 
epoch: 7 iter: 44 train_iter_loss: 0.015371 learn_rate: 0.001000 
epoch: 7 iter: 45 train_iter_loss: 0.015030 learn_rate: 0.001000 
epoch: 7 iter: 46 train_iter_loss: 0.016672 learn_rate: 0.001000 
epoch: 7 iter: 47 train_iter_loss: 0.015187 learn_rate: 0.001000 
epoch: 7 iter: 48 train_iter_loss: 0.016402 learn_rate: 0.001000 
epoch: 7 iter: 49 train_iter_loss: 0.014984 learn_rate: 0.001000 
epoch: 7 iter: 50 train_iter_loss: 0.013662 learn_rate: 0.001000 
epoch: 7 iter: 51 train_iter_loss: 0.013945 learn_rate: 0.001000 
epoch: 7 iter: 52 train_iter_loss: 0.015863 learn_rate: 0.001000 
epoch: 7 iter: 53 train_iter_loss: 0.014594 learn_rate: 0.001000 
epoch: 7 iter: 54 train_iter_loss: 0.015875 learn_rate: 0.001000 
epoch: 7 iter: 55 train_iter_loss: 0.014833 learn_rate: 0.001000 
epoch: 7 iter: 56 train_iter_loss: 0.016193 learn_rate: 0.001000 
epoch: 7 iter: 57 train_iter_loss: 0.014186 learn_rate: 0.001000 
epoch: 7 iter: 58 train_iter_loss: 0.014643 learn_rate: 0.001000 
epoch: 7 iter: 59 train_iter_loss: 0.014346 learn_rate: 0.001000 
epoch: 7 iter: 60 train_iter_loss: 0.015252 learn_rate: 0.001000 
epoch: 7 iter: 61 train_iter_loss: 0.016072 learn_rate: 0.001000 
epoch: 7 iter: 62 train_iter_loss: 0.015024 learn_rate: 0.001000 
epoch: 7 iter: 63 train_iter_loss: 0.015655 learn_rate: 0.001000 
epoch: 7 iter: 64 train_iter_loss: 0.013997 learn_rate: 0.001000 
epoch: 7 iter: 65 train_iter_loss: 0.014108 learn_rate: 0.001000 
epoch: 7 iter: 66 train_iter_loss: 0.013847 learn_rate: 0.001000 
epoch: 7 iter: 67 train_iter_loss: 0.014650 learn_rate: 0.001000 
epoch: 7 iter: 68 train_iter_loss: 0.017337 learn_rate: 0.001000 
epoch: 7 iter: 69 train_iter_loss: 0.015216 learn_rate: 0.001000 
epoch: 7 iter: 70 train_iter_loss: 0.015081 learn_rate: 0.001000 
epoch: 7 iter: 71 train_iter_loss: 0.016838 learn_rate: 0.001000 
epoch: 7 iter: 72 train_iter_loss: 0.014482 learn_rate: 0.001000 
epoch: 7 iter: 73 train_iter_loss: 0.014334 learn_rate: 0.001000 
epoch: 7 iter: 74 train_iter_loss: 0.019124 learn_rate: 0.001000 
epoch: 7 iter: 75 train_iter_loss: 0.015316 learn_rate: 0.001000 
epoch: 7 iter: 76 train_iter_loss: 0.015749 learn_rate: 0.001000 
epoch: 7 iter: 77 train_iter_loss: 0.014353 learn_rate: 0.001000 
epoch: 7 iter: 78 train_iter_loss: 0.014575 learn_rate: 0.001000 
epoch: 7 iter: 79 train_iter_loss: 0.013732 learn_rate: 0.001000 
epoch: 7 iter: 80 train_iter_loss: 0.017055 learn_rate: 0.001000 
epoch: 7 train_epoch_loss: 0.015688 learn_rate: 0.001000 test_p: 0.923694 test_r: 0.912379 test_f: 0.917962
epoch: 8 iter: 1 train_iter_loss: 0.014448 learn_rate: 0.001000 
epoch: 8 iter: 2 train_iter_loss: 0.016882 learn_rate: 0.001000 
epoch: 8 iter: 3 train_iter_loss: 0.015735 learn_rate: 0.001000 
epoch: 8 iter: 4 train_iter_loss: 0.015536 learn_rate: 0.001000 
epoch: 8 iter: 5 train_iter_loss: 0.014785 learn_rate: 0.001000 
epoch: 8 iter: 6 train_iter_loss: 0.013247 learn_rate: 0.001000 
epoch: 8 iter: 7 train_iter_loss: 0.013858 learn_rate: 0.001000 
epoch: 8 iter: 8 train_iter_loss: 0.016521 learn_rate: 0.001000 
epoch: 8 iter: 9 train_iter_loss: 0.014965 learn_rate: 0.001000 
epoch: 8 iter: 10 train_iter_loss: 0.017722 learn_rate: 0.001000 
epoch: 8 iter: 11 train_iter_loss: 0.015342 learn_rate: 0.001000 
epoch: 8 iter: 12 train_iter_loss: 0.014951 learn_rate: 0.001000 
epoch: 8 iter: 13 train_iter_loss: 0.014387 learn_rate: 0.001000 
epoch: 8 iter: 14 train_iter_loss: 0.017323 learn_rate: 0.001000 
epoch: 8 iter: 15 train_iter_loss: 0.017149 learn_rate: 0.001000 
epoch: 8 iter: 16 train_iter_loss: 0.014585 learn_rate: 0.001000 
epoch: 8 iter: 17 train_iter_loss: 0.015348 learn_rate: 0.001000 
epoch: 8 iter: 18 train_iter_loss: 0.013779 learn_rate: 0.001000 
epoch: 8 iter: 19 train_iter_loss: 0.014540 learn_rate: 0.001000 
epoch: 8 iter: 20 train_iter_loss: 0.015027 learn_rate: 0.001000 
epoch: 8 iter: 21 train_iter_loss: 0.014945 learn_rate: 0.001000 
epoch: 8 iter: 22 train_iter_loss: 0.016538 learn_rate: 0.001000 
epoch: 8 iter: 23 train_iter_loss: 0.014235 learn_rate: 0.001000 
epoch: 8 iter: 24 train_iter_loss: 0.014749 learn_rate: 0.001000 
epoch: 8 iter: 25 train_iter_loss: 0.016274 learn_rate: 0.001000 
epoch: 8 iter: 26 train_iter_loss: 0.013513 learn_rate: 0.001000 
epoch: 8 iter: 27 train_iter_loss: 0.013615 learn_rate: 0.001000 
epoch: 8 iter: 28 train_iter_loss: 0.019187 learn_rate: 0.001000 
epoch: 8 iter: 29 train_iter_loss: 0.015337 learn_rate: 0.001000 
epoch: 8 iter: 30 train_iter_loss: 0.013451 learn_rate: 0.001000 
epoch: 8 iter: 31 train_iter_loss: 0.015919 learn_rate: 0.001000 
epoch: 8 iter: 32 train_iter_loss: 0.014553 learn_rate: 0.001000 
epoch: 8 iter: 33 train_iter_loss: 0.016064 learn_rate: 0.001000 
epoch: 8 iter: 34 train_iter_loss: 0.014865 learn_rate: 0.001000 
epoch: 8 iter: 35 train_iter_loss: 0.015537 learn_rate: 0.001000 
epoch: 8 iter: 36 train_iter_loss: 0.017048 learn_rate: 0.001000 
epoch: 8 iter: 37 train_iter_loss: 0.015369 learn_rate: 0.001000 
epoch: 8 iter: 38 train_iter_loss: 0.015654 learn_rate: 0.001000 
epoch: 8 iter: 39 train_iter_loss: 0.017874 learn_rate: 0.001000 
epoch: 8 iter: 40 train_iter_loss: 0.014406 learn_rate: 0.001000 
epoch: 8 iter: 41 train_iter_loss: 0.014029 learn_rate: 0.001000 
epoch: 8 iter: 42 train_iter_loss: 0.014722 learn_rate: 0.001000 
epoch: 8 iter: 43 train_iter_loss: 0.014280 learn_rate: 0.001000 
epoch: 8 iter: 44 train_iter_loss: 0.015636 learn_rate: 0.001000 
epoch: 8 iter: 45 train_iter_loss: 0.018068 learn_rate: 0.001000 
epoch: 8 iter: 46 train_iter_loss: 0.016316 learn_rate: 0.001000 
epoch: 8 iter: 47 train_iter_loss: 0.016208 learn_rate: 0.001000 
epoch: 8 iter: 48 train_iter_loss: 0.013615 learn_rate: 0.001000 
epoch: 8 iter: 49 train_iter_loss: 0.015694 learn_rate: 0.001000 
epoch: 8 iter: 50 train_iter_loss: 0.015214 learn_rate: 0.001000 
epoch: 8 iter: 51 train_iter_loss: 0.014337 learn_rate: 0.001000 
epoch: 8 iter: 52 train_iter_loss: 0.016937 learn_rate: 0.001000 
epoch: 8 iter: 53 train_iter_loss: 0.015667 learn_rate: 0.001000 
epoch: 8 iter: 54 train_iter_loss: 0.014400 learn_rate: 0.001000 
epoch: 8 iter: 55 train_iter_loss: 0.015441 learn_rate: 0.001000 
epoch: 8 iter: 56 train_iter_loss: 0.016312 learn_rate: 0.001000 
epoch: 8 iter: 57 train_iter_loss: 0.014290 learn_rate: 0.001000 
epoch: 8 iter: 58 train_iter_loss: 0.012661 learn_rate: 0.001000 
epoch: 8 iter: 59 train_iter_loss: 0.015896 learn_rate: 0.001000 
epoch: 8 iter: 60 train_iter_loss: 0.017684 learn_rate: 0.001000 
epoch: 8 iter: 61 train_iter_loss: 0.015978 learn_rate: 0.001000 
epoch: 8 iter: 62 train_iter_loss: 0.014645 learn_rate: 0.001000 
epoch: 8 iter: 63 train_iter_loss: 0.015588 learn_rate: 0.001000 
epoch: 8 iter: 64 train_iter_loss: 0.016168 learn_rate: 0.001000 
epoch: 8 iter: 65 train_iter_loss: 0.014158 learn_rate: 0.001000 
epoch: 8 iter: 66 train_iter_loss: 0.014824 learn_rate: 0.001000 
epoch: 8 iter: 67 train_iter_loss: 0.014382 learn_rate: 0.001000 
epoch: 8 iter: 68 train_iter_loss: 0.015578 learn_rate: 0.001000 
epoch: 8 iter: 69 train_iter_loss: 0.015563 learn_rate: 0.001000 
epoch: 8 iter: 70 train_iter_loss: 0.015346 learn_rate: 0.001000 
epoch: 8 iter: 71 train_iter_loss: 0.015068 learn_rate: 0.001000 
epoch: 8 iter: 72 train_iter_loss: 0.014959 learn_rate: 0.001000 
epoch: 8 iter: 73 train_iter_loss: 0.014344 learn_rate: 0.001000 
epoch: 8 iter: 74 train_iter_loss: 0.017305 learn_rate: 0.001000 
epoch: 8 iter: 75 train_iter_loss: 0.013702 learn_rate: 0.001000 
epoch: 8 iter: 76 train_iter_loss: 0.015379 learn_rate: 0.001000 
epoch: 8 iter: 77 train_iter_loss: 0.015531 learn_rate: 0.001000 
epoch: 8 iter: 78 train_iter_loss: 0.015103 learn_rate: 0.001000 
epoch: 8 iter: 79 train_iter_loss: 0.014864 learn_rate: 0.001000 
epoch: 8 iter: 80 train_iter_loss: 0.015225 learn_rate: 0.001000 
epoch: 8 train_epoch_loss: 0.015330 learn_rate: 0.001000 test_p: 0.945414 test_r: 0.942926 test_f: 0.944164
epoch: 9 iter: 1 train_iter_loss: 0.016363 learn_rate: 0.001000 
epoch: 9 iter: 2 train_iter_loss: 0.016088 learn_rate: 0.001000 
epoch: 9 iter: 3 train_iter_loss: 0.013485 learn_rate: 0.001000 
epoch: 9 iter: 4 train_iter_loss: 0.013997 learn_rate: 0.001000 
epoch: 9 iter: 5 train_iter_loss: 0.014554 learn_rate: 0.001000 
epoch: 9 iter: 6 train_iter_loss: 0.013672 learn_rate: 0.001000 
epoch: 9 iter: 7 train_iter_loss: 0.014935 learn_rate: 0.001000 
epoch: 9 iter: 8 train_iter_loss: 0.015754 learn_rate: 0.001000 
epoch: 9 iter: 9 train_iter_loss: 0.015842 learn_rate: 0.001000 
epoch: 9 iter: 10 train_iter_loss: 0.016401 learn_rate: 0.001000 
epoch: 9 iter: 11 train_iter_loss: 0.016657 learn_rate: 0.001000 
epoch: 9 iter: 12 train_iter_loss: 0.015692 learn_rate: 0.001000 
epoch: 9 iter: 13 train_iter_loss: 0.014359 learn_rate: 0.001000 
epoch: 9 iter: 14 train_iter_loss: 0.013335 learn_rate: 0.001000 
epoch: 9 iter: 15 train_iter_loss: 0.016153 learn_rate: 0.001000 
epoch: 9 iter: 16 train_iter_loss: 0.015166 learn_rate: 0.001000 
epoch: 9 iter: 17 train_iter_loss: 0.017238 learn_rate: 0.001000 
epoch: 9 iter: 18 train_iter_loss: 0.015321 learn_rate: 0.001000 
epoch: 9 iter: 19 train_iter_loss: 0.015717 learn_rate: 0.001000 
epoch: 9 iter: 20 train_iter_loss: 0.014873 learn_rate: 0.001000 
epoch: 9 iter: 21 train_iter_loss: 0.014695 learn_rate: 0.001000 
epoch: 9 iter: 22 train_iter_loss: 0.013883 learn_rate: 0.001000 
epoch: 9 iter: 23 train_iter_loss: 0.016842 learn_rate: 0.001000 
epoch: 9 iter: 24 train_iter_loss: 0.015942 learn_rate: 0.001000 
epoch: 9 iter: 25 train_iter_loss: 0.012928 learn_rate: 0.001000 
epoch: 9 iter: 26 train_iter_loss: 0.015361 learn_rate: 0.001000 
epoch: 9 iter: 27 train_iter_loss: 0.015894 learn_rate: 0.001000 
epoch: 9 iter: 28 train_iter_loss: 0.014303 learn_rate: 0.001000 
epoch: 9 iter: 29 train_iter_loss: 0.015801 learn_rate: 0.001000 
epoch: 9 iter: 30 train_iter_loss: 0.014678 learn_rate: 0.001000 
epoch: 9 iter: 31 train_iter_loss: 0.015283 learn_rate: 0.001000 
epoch: 9 iter: 32 train_iter_loss: 0.014434 learn_rate: 0.001000 
epoch: 9 iter: 33 train_iter_loss: 0.014534 learn_rate: 0.001000 
epoch: 9 iter: 34 train_iter_loss: 0.013519 learn_rate: 0.001000 
epoch: 9 iter: 35 train_iter_loss: 0.016054 learn_rate: 0.001000 
epoch: 9 iter: 36 train_iter_loss: 0.016440 learn_rate: 0.001000 
epoch: 9 iter: 37 train_iter_loss: 0.016222 learn_rate: 0.001000 
epoch: 9 iter: 38 train_iter_loss: 0.013589 learn_rate: 0.001000 
epoch: 9 iter: 39 train_iter_loss: 0.015017 learn_rate: 0.001000 
epoch: 9 iter: 40 train_iter_loss: 0.016654 learn_rate: 0.001000 
epoch: 9 iter: 41 train_iter_loss: 0.015456 learn_rate: 0.001000 
epoch: 9 iter: 42 train_iter_loss: 0.016076 learn_rate: 0.001000 
epoch: 9 iter: 43 train_iter_loss: 0.014657 learn_rate: 0.001000 
epoch: 9 iter: 44 train_iter_loss: 0.015991 learn_rate: 0.001000 
epoch: 9 iter: 45 train_iter_loss: 0.019135 learn_rate: 0.001000 
epoch: 9 iter: 46 train_iter_loss: 0.016176 learn_rate: 0.001000 
epoch: 9 iter: 47 train_iter_loss: 0.014050 learn_rate: 0.001000 
epoch: 9 iter: 48 train_iter_loss: 0.018447 learn_rate: 0.001000 
epoch: 9 iter: 49 train_iter_loss: 0.014484 learn_rate: 0.001000 
epoch: 9 iter: 50 train_iter_loss: 0.014258 learn_rate: 0.001000 
epoch: 9 iter: 51 train_iter_loss: 0.016365 learn_rate: 0.001000 
epoch: 9 iter: 52 train_iter_loss: 0.014546 learn_rate: 0.001000 
epoch: 9 iter: 53 train_iter_loss: 0.015451 learn_rate: 0.001000 
epoch: 9 iter: 54 train_iter_loss: 0.014285 learn_rate: 0.001000 
epoch: 9 iter: 55 train_iter_loss: 0.015142 learn_rate: 0.001000 
epoch: 9 iter: 56 train_iter_loss: 0.015151 learn_rate: 0.001000 
epoch: 9 iter: 57 train_iter_loss: 0.014597 learn_rate: 0.001000 
epoch: 9 iter: 58 train_iter_loss: 0.013845 learn_rate: 0.001000 
epoch: 9 iter: 59 train_iter_loss: 0.015524 learn_rate: 0.001000 
epoch: 9 iter: 60 train_iter_loss: 0.018150 learn_rate: 0.001000 
epoch: 9 iter: 61 train_iter_loss: 0.019778 learn_rate: 0.001000 
epoch: 9 iter: 62 train_iter_loss: 0.013908 learn_rate: 0.001000 
epoch: 9 iter: 63 train_iter_loss: 0.014798 learn_rate: 0.001000 
epoch: 9 iter: 64 train_iter_loss: 0.013525 learn_rate: 0.001000 
epoch: 9 iter: 65 train_iter_loss: 0.013268 learn_rate: 0.001000 
epoch: 9 iter: 66 train_iter_loss: 0.016783 learn_rate: 0.001000 
epoch: 9 iter: 67 train_iter_loss: 0.015681 learn_rate: 0.001000 
epoch: 9 iter: 68 train_iter_loss: 0.012469 learn_rate: 0.001000 
epoch: 9 iter: 69 train_iter_loss: 0.016147 learn_rate: 0.001000 
epoch: 9 iter: 70 train_iter_loss: 0.018274 learn_rate: 0.001000 
epoch: 9 iter: 71 train_iter_loss: 0.014427 learn_rate: 0.001000 
epoch: 9 iter: 72 train_iter_loss: 0.015467 learn_rate: 0.001000 
epoch: 9 iter: 73 train_iter_loss: 0.015589 learn_rate: 0.001000 
epoch: 9 iter: 74 train_iter_loss: 0.015491 learn_rate: 0.001000 
epoch: 9 iter: 75 train_iter_loss: 0.015679 learn_rate: 0.001000 
epoch: 9 iter: 76 train_iter_loss: 0.017270 learn_rate: 0.001000 
epoch: 9 iter: 77 train_iter_loss: 0.015684 learn_rate: 0.001000 
epoch: 9 iter: 78 train_iter_loss: 0.015869 learn_rate: 0.001000 
epoch: 9 iter: 79 train_iter_loss: 0.014524 learn_rate: 0.001000 
epoch: 9 iter: 80 train_iter_loss: 0.016503 learn_rate: 0.001000 
epoch: 9 train_epoch_loss: 0.015382 learn_rate: 0.001000 test_p: 0.938892 test_r: 0.933596 test_f: 0.936217
epoch: 10 iter: 1 train_iter_loss: 0.013899 learn_rate: 0.001000 
epoch: 10 iter: 2 train_iter_loss: 0.013493 learn_rate: 0.001000 
epoch: 10 iter: 3 train_iter_loss: 0.017028 learn_rate: 0.001000 
epoch: 10 iter: 4 train_iter_loss: 0.014718 learn_rate: 0.001000 
epoch: 10 iter: 5 train_iter_loss: 0.015063 learn_rate: 0.001000 
epoch: 10 iter: 6 train_iter_loss: 0.016824 learn_rate: 0.001000 
epoch: 10 iter: 7 train_iter_loss: 0.013726 learn_rate: 0.001000 
epoch: 10 iter: 8 train_iter_loss: 0.013166 learn_rate: 0.001000 
epoch: 10 iter: 9 train_iter_loss: 0.015714 learn_rate: 0.001000 
epoch: 10 iter: 10 train_iter_loss: 0.014130 learn_rate: 0.001000 
epoch: 10 iter: 11 train_iter_loss: 0.013897 learn_rate: 0.001000 
epoch: 10 iter: 12 train_iter_loss: 0.015587 learn_rate: 0.001000 
epoch: 10 iter: 13 train_iter_loss: 0.013591 learn_rate: 0.001000 
epoch: 10 iter: 14 train_iter_loss: 0.014587 learn_rate: 0.001000 
epoch: 10 iter: 15 train_iter_loss: 0.015000 learn_rate: 0.001000 
epoch: 10 iter: 16 train_iter_loss: 0.016698 learn_rate: 0.001000 
epoch: 10 iter: 17 train_iter_loss: 0.013493 learn_rate: 0.001000 
epoch: 10 iter: 18 train_iter_loss: 0.013336 learn_rate: 0.001000 
epoch: 10 iter: 19 train_iter_loss: 0.016782 learn_rate: 0.001000 
epoch: 10 iter: 20 train_iter_loss: 0.015731 learn_rate: 0.001000 
epoch: 10 iter: 21 train_iter_loss: 0.016928 learn_rate: 0.001000 
epoch: 10 iter: 22 train_iter_loss: 0.016014 learn_rate: 0.001000 
epoch: 10 iter: 23 train_iter_loss: 0.014542 learn_rate: 0.001000 
epoch: 10 iter: 24 train_iter_loss: 0.015394 learn_rate: 0.001000 
epoch: 10 iter: 25 train_iter_loss: 0.015829 learn_rate: 0.001000 
epoch: 10 iter: 26 train_iter_loss: 0.014695 learn_rate: 0.001000 
epoch: 10 iter: 27 train_iter_loss: 0.013497 learn_rate: 0.001000 
epoch: 10 iter: 28 train_iter_loss: 0.014609 learn_rate: 0.001000 
epoch: 10 iter: 29 train_iter_loss: 0.015646 learn_rate: 0.001000 
epoch: 10 iter: 30 train_iter_loss: 0.016948 learn_rate: 0.001000 
epoch: 10 iter: 31 train_iter_loss: 0.014511 learn_rate: 0.001000 
epoch: 10 iter: 32 train_iter_loss: 0.014266 learn_rate: 0.001000 
epoch: 10 iter: 33 train_iter_loss: 0.014413 learn_rate: 0.001000 
epoch: 10 iter: 34 train_iter_loss: 0.014781 learn_rate: 0.001000 
epoch: 10 iter: 35 train_iter_loss: 0.015438 learn_rate: 0.001000 
epoch: 10 iter: 36 train_iter_loss: 0.014548 learn_rate: 0.001000 
epoch: 10 iter: 37 train_iter_loss: 0.014317 learn_rate: 0.001000 
epoch: 10 iter: 38 train_iter_loss: 0.013290 learn_rate: 0.001000 
epoch: 10 iter: 39 train_iter_loss: 0.014710 learn_rate: 0.001000 
epoch: 10 iter: 40 train_iter_loss: 0.015000 learn_rate: 0.001000 
epoch: 10 iter: 41 train_iter_loss: 0.014984 learn_rate: 0.001000 
