Tue Mar 19 12:10:12 2024
data_dict: {'mean': array([108.33226 , 104.14567 ,  94.026596, 238.47165 ], dtype=float32), 'std': array([35.476955, 33.988377, 31.577234, 42.057228], dtype=float32), 'classWeights': array([1.4029195, 6.7256403], dtype=float32), 'img_shape': (256, 256, 4)}
epoch: 1 iter: 1 train_iter_loss: 0.000494 learn_rate: 0.001000 
epoch: 1 iter: 2 train_iter_loss: 0.016964 learn_rate: 0.001000 
epoch: 1 iter: 3 train_iter_loss: 0.000174 learn_rate: 0.001000 
epoch: 1 iter: 4 train_iter_loss: 0.000458 learn_rate: 0.001000 
epoch: 1 iter: 5 train_iter_loss: 0.010595 learn_rate: 0.001000 
epoch: 1 iter: 6 train_iter_loss: 0.001219 learn_rate: 0.001000 
epoch: 1 iter: 7 train_iter_loss: 0.001159 learn_rate: 0.001000 
epoch: 1 iter: 8 train_iter_loss: 0.001031 learn_rate: 0.001000 
epoch: 1 iter: 9 train_iter_loss: 0.001637 learn_rate: 0.001000 
epoch: 1 iter: 10 train_iter_loss: 0.001697 learn_rate: 0.001000 
epoch: 1 iter: 11 train_iter_loss: 0.001275 learn_rate: 0.001000 
epoch: 1 iter: 12 train_iter_loss: 0.000833 learn_rate: 0.001000 
epoch: 1 iter: 13 train_iter_loss: 0.000943 learn_rate: 0.001000 
epoch: 1 iter: 14 train_iter_loss: 0.000854 learn_rate: 0.001000 
epoch: 1 iter: 15 train_iter_loss: 0.000798 learn_rate: 0.001000 
epoch: 1 iter: 16 train_iter_loss: 0.000831 learn_rate: 0.001000 
epoch: 1 iter: 17 train_iter_loss: 0.001233 learn_rate: 0.001000 
epoch: 1 iter: 18 train_iter_loss: 0.000589 learn_rate: 0.001000 
epoch: 1 iter: 19 train_iter_loss: 0.000939 learn_rate: 0.001000 
epoch: 1 iter: 20 train_iter_loss: 0.001140 learn_rate: 0.001000 
epoch: 1 iter: 21 train_iter_loss: 0.000793 learn_rate: 0.001000 
epoch: 1 iter: 22 train_iter_loss: 0.000727 learn_rate: 0.001000 
epoch: 1 iter: 23 train_iter_loss: 0.000895 learn_rate: 0.001000 
epoch: 1 iter: 24 train_iter_loss: 0.001458 learn_rate: 0.001000 
epoch: 1 iter: 25 train_iter_loss: 0.000705 learn_rate: 0.001000 
epoch: 1 iter: 26 train_iter_loss: 0.000346 learn_rate: 0.001000 
epoch: 1 iter: 27 train_iter_loss: 0.000648 learn_rate: 0.001000 
epoch: 1 iter: 28 train_iter_loss: 0.000485 learn_rate: 0.001000 
epoch: 1 iter: 29 train_iter_loss: 0.000668 learn_rate: 0.001000 
epoch: 1 iter: 30 train_iter_loss: 0.001664 learn_rate: 0.001000 
epoch: 1 iter: 31 train_iter_loss: 0.000757 learn_rate: 0.001000 
epoch: 1 iter: 32 train_iter_loss: 0.002252 learn_rate: 0.001000 
epoch: 1 iter: 33 train_iter_loss: 0.000922 learn_rate: 0.001000 
epoch: 1 iter: 34 train_iter_loss: 0.002573 learn_rate: 0.001000 
epoch: 1 iter: 35 train_iter_loss: 0.005492 learn_rate: 0.001000 
epoch: 1 iter: 36 train_iter_loss: 0.000588 learn_rate: 0.001000 
epoch: 1 iter: 37 train_iter_loss: 0.000484 learn_rate: 0.001000 
epoch: 1 iter: 38 train_iter_loss: 0.001153 learn_rate: 0.001000 
epoch: 1 iter: 39 train_iter_loss: 0.001351 learn_rate: 0.001000 
epoch: 1 iter: 40 train_iter_loss: 0.000244 learn_rate: 0.001000 
epoch: 1 iter: 41 train_iter_loss: 0.000738 learn_rate: 0.001000 
epoch: 1 iter: 42 train_iter_loss: 0.000937 learn_rate: 0.001000 
epoch: 1 iter: 43 train_iter_loss: 0.000903 learn_rate: 0.001000 
epoch: 1 iter: 44 train_iter_loss: 0.000934 learn_rate: 0.001000 
epoch: 1 iter: 45 train_iter_loss: 0.001096 learn_rate: 0.001000 
epoch: 1 iter: 46 train_iter_loss: 0.001185 learn_rate: 0.001000 
epoch: 1 iter: 47 train_iter_loss: 0.000537 learn_rate: 0.001000 
epoch: 1 iter: 48 train_iter_loss: 0.000503 learn_rate: 0.001000 
epoch: 1 iter: 49 train_iter_loss: 0.000664 learn_rate: 0.001000 
epoch: 1 iter: 50 train_iter_loss: 0.000509 learn_rate: 0.001000 
epoch: 1 iter: 51 train_iter_loss: 0.000764 learn_rate: 0.001000 
epoch: 1 iter: 52 train_iter_loss: 0.000862 learn_rate: 0.001000 
epoch: 1 iter: 53 train_iter_loss: 0.000764 learn_rate: 0.001000 
epoch: 1 iter: 54 train_iter_loss: 0.000582 learn_rate: 0.001000 
epoch: 1 iter: 55 train_iter_loss: 0.001004 learn_rate: 0.001000 
epoch: 1 iter: 56 train_iter_loss: 0.001110 learn_rate: 0.001000 
epoch: 1 iter: 57 train_iter_loss: 0.000414 learn_rate: 0.001000 
epoch: 1 iter: 58 train_iter_loss: 0.000310 learn_rate: 0.001000 
epoch: 1 iter: 59 train_iter_loss: 0.000433 learn_rate: 0.001000 
epoch: 1 iter: 60 train_iter_loss: 0.000331 learn_rate: 0.001000 
epoch: 1 iter: 61 train_iter_loss: 0.000511 learn_rate: 0.001000 
epoch: 1 iter: 62 train_iter_loss: 0.000293 learn_rate: 0.001000 
epoch: 1 iter: 63 train_iter_loss: 0.000137 learn_rate: 0.001000 
epoch: 1 iter: 64 train_iter_loss: 0.000320 learn_rate: 0.001000 
epoch: 1 iter: 65 train_iter_loss: 0.000719 learn_rate: 0.001000 
epoch: 1 iter: 66 train_iter_loss: 0.000485 learn_rate: 0.001000 
epoch: 1 iter: 67 train_iter_loss: 0.000676 learn_rate: 0.001000 
epoch: 1 iter: 68 train_iter_loss: 0.000372 learn_rate: 0.001000 
epoch: 1 iter: 69 train_iter_loss: 0.000386 learn_rate: 0.001000 
epoch: 1 iter: 70 train_iter_loss: 0.000398 learn_rate: 0.001000 
epoch: 1 iter: 71 train_iter_loss: 0.000261 learn_rate: 0.001000 
epoch: 1 iter: 72 train_iter_loss: 0.000312 learn_rate: 0.001000 
epoch: 1 iter: 73 train_iter_loss: 0.000278 learn_rate: 0.001000 
epoch: 1 iter: 74 train_iter_loss: 0.000353 learn_rate: 0.001000 
epoch: 1 iter: 75 train_iter_loss: 0.001485 learn_rate: 0.001000 
epoch: 1 iter: 76 train_iter_loss: 0.000510 learn_rate: 0.001000 
epoch: 1 iter: 77 train_iter_loss: 0.000415 learn_rate: 0.001000 
epoch: 1 iter: 78 train_iter_loss: 0.000879 learn_rate: 0.001000 
epoch: 1 iter: 79 train_iter_loss: 0.000280 learn_rate: 0.001000 
epoch: 1 iter: 80 train_iter_loss: 0.000329 learn_rate: 0.001000 
epoch: 1 train_epoch_loss: 0.001163 learn_rate: 0.001000 test_p: 0.938627 test_r: 0.935736 test_f: 0.937177
epoch: 2 iter: 1 train_iter_loss: 0.000601 learn_rate: 0.001000 
epoch: 2 iter: 2 train_iter_loss: 0.000162 learn_rate: 0.001000 
epoch: 2 iter: 3 train_iter_loss: 0.001086 learn_rate: 0.001000 
epoch: 2 iter: 4 train_iter_loss: 0.000907 learn_rate: 0.001000 
epoch: 2 iter: 5 train_iter_loss: 0.001146 learn_rate: 0.001000 
epoch: 2 iter: 6 train_iter_loss: 0.000949 learn_rate: 0.001000 
epoch: 2 iter: 7 train_iter_loss: 0.001009 learn_rate: 0.001000 
epoch: 2 iter: 8 train_iter_loss: 0.000714 learn_rate: 0.001000 
epoch: 2 iter: 9 train_iter_loss: 0.001396 learn_rate: 0.001000 
epoch: 2 iter: 10 train_iter_loss: 0.000934 learn_rate: 0.001000 
epoch: 2 iter: 11 train_iter_loss: 0.002387 learn_rate: 0.001000 
epoch: 2 iter: 12 train_iter_loss: 0.000522 learn_rate: 0.001000 
epoch: 2 iter: 13 train_iter_loss: 0.000809 learn_rate: 0.001000 
epoch: 2 iter: 14 train_iter_loss: 0.001173 learn_rate: 0.001000 
epoch: 2 iter: 15 train_iter_loss: 0.000113 learn_rate: 0.001000 
epoch: 2 iter: 16 train_iter_loss: 0.002223 learn_rate: 0.001000 
epoch: 2 iter: 17 train_iter_loss: 0.000853 learn_rate: 0.001000 
epoch: 2 iter: 18 train_iter_loss: 0.000281 learn_rate: 0.001000 
epoch: 2 iter: 19 train_iter_loss: 0.001575 learn_rate: 0.001000 
epoch: 2 iter: 20 train_iter_loss: 0.001708 learn_rate: 0.001000 
epoch: 2 iter: 21 train_iter_loss: 0.000265 learn_rate: 0.001000 
epoch: 2 iter: 22 train_iter_loss: 0.001403 learn_rate: 0.001000 
epoch: 2 iter: 23 train_iter_loss: 0.000970 learn_rate: 0.001000 
epoch: 2 iter: 24 train_iter_loss: 0.000582 learn_rate: 0.001000 
epoch: 2 iter: 25 train_iter_loss: 0.000520 learn_rate: 0.001000 
epoch: 2 iter: 26 train_iter_loss: 0.000325 learn_rate: 0.001000 
epoch: 2 iter: 27 train_iter_loss: 0.001200 learn_rate: 0.001000 
epoch: 2 iter: 28 train_iter_loss: 0.000072 learn_rate: 0.001000 
epoch: 2 iter: 29 train_iter_loss: 0.002618 learn_rate: 0.001000 
epoch: 2 iter: 30 train_iter_loss: 0.000229 learn_rate: 0.001000 
epoch: 2 iter: 31 train_iter_loss: 0.001047 learn_rate: 0.001000 
epoch: 2 iter: 32 train_iter_loss: 0.000407 learn_rate: 0.001000 
epoch: 2 iter: 33 train_iter_loss: 0.000999 learn_rate: 0.001000 
epoch: 2 iter: 34 train_iter_loss: 0.001547 learn_rate: 0.001000 
epoch: 2 iter: 35 train_iter_loss: 0.001172 learn_rate: 0.001000 
epoch: 2 iter: 36 train_iter_loss: 0.002795 learn_rate: 0.001000 
epoch: 2 iter: 37 train_iter_loss: 0.000986 learn_rate: 0.001000 
epoch: 2 iter: 38 train_iter_loss: 0.000654 learn_rate: 0.001000 
epoch: 2 iter: 39 train_iter_loss: 0.000604 learn_rate: 0.001000 
epoch: 2 iter: 40 train_iter_loss: 0.000294 learn_rate: 0.001000 
epoch: 2 iter: 41 train_iter_loss: 0.006029 learn_rate: 0.001000 
epoch: 2 iter: 42 train_iter_loss: 0.002214 learn_rate: 0.001000 
epoch: 2 iter: 43 train_iter_loss: 0.002734 learn_rate: 0.001000 
epoch: 2 iter: 44 train_iter_loss: 0.000561 learn_rate: 0.001000 
epoch: 2 iter: 45 train_iter_loss: 0.000664 learn_rate: 0.001000 
