Thu May 23 12:43:02 2024
data_dict: {'mean': array([105.154175, 106.37054 , 104.288025], dtype=float32), 'std': array([45.79431 , 45.375526, 43.35521 ], dtype=float32), 'classWeights': array([1.9195627, 4.506827 , 3.191755 ], dtype=float32), 'img_shape': (224, 224, 3)}
epoch: 1 iter: 1 train_iter_loss: 0.243088 learn_rate: 0.001000 
epoch: 1 iter: 2 train_iter_loss: 0.203504 learn_rate: 0.001000 
epoch: 1 iter: 3 train_iter_loss: 0.183446 learn_rate: 0.001000 
epoch: 1 iter: 4 train_iter_loss: 0.244999 learn_rate: 0.001000 
epoch: 1 iter: 5 train_iter_loss: 0.175211 learn_rate: 0.001000 
epoch: 1 iter: 6 train_iter_loss: 0.191458 learn_rate: 0.001000 
epoch: 1 iter: 7 train_iter_loss: 0.139914 learn_rate: 0.001000 
epoch: 1 iter: 8 train_iter_loss: 0.124655 learn_rate: 0.001000 
epoch: 1 iter: 9 train_iter_loss: 0.179915 learn_rate: 0.001000 
epoch: 1 iter: 10 train_iter_loss: 0.204382 learn_rate: 0.001000 
epoch: 1 iter: 11 train_iter_loss: 0.135487 learn_rate: 0.001000 
epoch: 1 iter: 12 train_iter_loss: 0.133539 learn_rate: 0.001000 
epoch: 1 iter: 13 train_iter_loss: 0.117117 learn_rate: 0.001000 
epoch: 1 iter: 14 train_iter_loss: 0.120515 learn_rate: 0.001000 
epoch: 1 iter: 15 train_iter_loss: 0.136766 learn_rate: 0.001000 
epoch: 1 iter: 16 train_iter_loss: 0.253651 learn_rate: 0.001000 
epoch: 1 iter: 17 train_iter_loss: 0.159144 learn_rate: 0.001000 
epoch: 1 iter: 18 train_iter_loss: 0.159243 learn_rate: 0.001000 
epoch: 1 iter: 19 train_iter_loss: 0.134312 learn_rate: 0.001000 
epoch: 1 iter: 20 train_iter_loss: 0.127323 learn_rate: 0.001000 
epoch: 1 iter: 21 train_iter_loss: 0.154414 learn_rate: 0.001000 
epoch: 1 iter: 22 train_iter_loss: 0.200390 learn_rate: 0.001000 
epoch: 1 iter: 23 train_iter_loss: 0.123605 learn_rate: 0.001000 
epoch: 1 iter: 24 train_iter_loss: 0.103527 learn_rate: 0.001000 
epoch: 1 iter: 25 train_iter_loss: 0.265271 learn_rate: 0.001000 
epoch: 1 iter: 26 train_iter_loss: 0.171067 learn_rate: 0.001000 
epoch: 1 iter: 27 train_iter_loss: 0.155976 learn_rate: 0.001000 
epoch: 1 iter: 28 train_iter_loss: 0.135436 learn_rate: 0.001000 
epoch: 1 iter: 29 train_iter_loss: 0.118912 learn_rate: 0.001000 
epoch: 1 iter: 30 train_iter_loss: 0.144530 learn_rate: 0.001000 
epoch: 1 iter: 31 train_iter_loss: 0.114979 learn_rate: 0.001000 
epoch: 1 iter: 32 train_iter_loss: 0.178591 learn_rate: 0.001000 
epoch: 1 iter: 33 train_iter_loss: 0.138057 learn_rate: 0.001000 
epoch: 1 iter: 34 train_iter_loss: 0.102772 learn_rate: 0.001000 
epoch: 1 iter: 35 train_iter_loss: 0.140989 learn_rate: 0.001000 
epoch: 1 iter: 36 train_iter_loss: 0.189650 learn_rate: 0.001000 
epoch: 1 iter: 37 train_iter_loss: 0.182498 learn_rate: 0.001000 
epoch: 1 iter: 38 train_iter_loss: 0.133860 learn_rate: 0.001000 
epoch: 1 iter: 39 train_iter_loss: 0.120509 learn_rate: 0.001000 
epoch: 1 iter: 40 train_iter_loss: 0.149929 learn_rate: 0.001000 
epoch: 1 iter: 41 train_iter_loss: 0.117910 learn_rate: 0.001000 
epoch: 1 iter: 42 train_iter_loss: 0.143492 learn_rate: 0.001000 
epoch: 1 iter: 43 train_iter_loss: 0.151969 learn_rate: 0.001000 
epoch: 1 iter: 44 train_iter_loss: 0.201403 learn_rate: 0.001000 
epoch: 1 iter: 45 train_iter_loss: 0.150558 learn_rate: 0.001000 
epoch: 1 iter: 46 train_iter_loss: 0.112081 learn_rate: 0.001000 
epoch: 1 iter: 47 train_iter_loss: 0.126068 learn_rate: 0.001000 
epoch: 1 iter: 48 train_iter_loss: 0.125708 learn_rate: 0.001000 
epoch: 1 iter: 49 train_iter_loss: 0.197764 learn_rate: 0.001000 
epoch: 1 iter: 50 train_iter_loss: 0.252723 learn_rate: 0.001000 
epoch: 1 iter: 51 train_iter_loss: 0.154751 learn_rate: 0.001000 
epoch: 1 iter: 52 train_iter_loss: 0.189735 learn_rate: 0.001000 
epoch: 1 iter: 53 train_iter_loss: 0.131277 learn_rate: 0.001000 
epoch: 1 iter: 54 train_iter_loss: 0.100064 learn_rate: 0.001000 
epoch: 1 iter: 55 train_iter_loss: 0.129333 learn_rate: 0.001000 
epoch: 1 iter: 56 train_iter_loss: 0.111893 learn_rate: 0.001000 
epoch: 1 iter: 57 train_iter_loss: 0.145297 learn_rate: 0.001000 
epoch: 1 iter: 58 train_iter_loss: 0.134877 learn_rate: 0.001000 
epoch: 1 iter: 59 train_iter_loss: 0.131107 learn_rate: 0.001000 
epoch: 1 iter: 60 train_iter_loss: 0.151207 learn_rate: 0.001000 
epoch: 1 iter: 61 train_iter_loss: 0.189440 learn_rate: 0.001000 
epoch: 1 iter: 62 train_iter_loss: 0.101469 learn_rate: 0.001000 
epoch: 1 iter: 63 train_iter_loss: 0.121330 learn_rate: 0.001000 
epoch: 1 iter: 64 train_iter_loss: 0.100243 learn_rate: 0.001000 
epoch: 1 iter: 65 train_iter_loss: 0.214917 learn_rate: 0.001000 
epoch: 1 iter: 66 train_iter_loss: 0.084565 learn_rate: 0.001000 
epoch: 1 iter: 67 train_iter_loss: 0.116773 learn_rate: 0.001000 
epoch: 1 iter: 68 train_iter_loss: 0.131396 learn_rate: 0.001000 
epoch: 1 iter: 69 train_iter_loss: 0.129392 learn_rate: 0.001000 
epoch: 1 iter: 70 train_iter_loss: 0.097900 learn_rate: 0.001000 
epoch: 1 iter: 71 train_iter_loss: 0.112867 learn_rate: 0.001000 
epoch: 1 iter: 72 train_iter_loss: 0.151903 learn_rate: 0.001000 
epoch: 1 iter: 73 train_iter_loss: 0.140061 learn_rate: 0.001000 
epoch: 1 iter: 74 train_iter_loss: 0.153724 learn_rate: 0.001000 
epoch: 1 iter: 75 train_iter_loss: 0.104157 learn_rate: 0.001000 
epoch: 1 iter: 76 train_iter_loss: 0.129884 learn_rate: 0.001000 
epoch: 1 iter: 77 train_iter_loss: 0.145175 learn_rate: 0.001000 
epoch: 1 iter: 78 train_iter_loss: 0.181837 learn_rate: 0.001000 
epoch: 1 iter: 79 train_iter_loss: 0.164767 learn_rate: 0.001000 
epoch: 1 iter: 80 train_iter_loss: 0.107260 learn_rate: 0.001000 
epoch: 1 iter: 81 train_iter_loss: 0.146941 learn_rate: 0.001000 
epoch: 1 iter: 82 train_iter_loss: 0.169518 learn_rate: 0.001000 
epoch: 1 iter: 83 train_iter_loss: 0.154392 learn_rate: 0.001000 
epoch: 1 iter: 84 train_iter_loss: 0.157503 learn_rate: 0.001000 
epoch: 1 iter: 85 train_iter_loss: 0.126711 learn_rate: 0.001000 
epoch: 1 iter: 86 train_iter_loss: 0.122691 learn_rate: 0.001000 
epoch: 1 iter: 87 train_iter_loss: 0.116526 learn_rate: 0.001000 
epoch: 1 iter: 88 train_iter_loss: 0.164088 learn_rate: 0.001000 
epoch: 1 iter: 89 train_iter_loss: 0.187808 learn_rate: 0.001000 
epoch: 1 iter: 90 train_iter_loss: 0.135261 learn_rate: 0.001000 
epoch: 1 iter: 91 train_iter_loss: 0.128553 learn_rate: 0.001000 
epoch: 1 iter: 92 train_iter_loss: 0.136539 learn_rate: 0.001000 
epoch: 1 iter: 93 train_iter_loss: 0.112891 learn_rate: 0.001000 
epoch: 1 iter: 94 train_iter_loss: 0.146408 learn_rate: 0.001000 
epoch: 1 iter: 95 train_iter_loss: 0.130616 learn_rate: 0.001000 
epoch: 1 iter: 96 train_iter_loss: 0.130526 learn_rate: 0.001000 
epoch: 1 iter: 97 train_iter_loss: 0.157711 learn_rate: 0.001000 
epoch: 1 iter: 98 train_iter_loss: 0.099805 learn_rate: 0.001000 
epoch: 1 iter: 99 train_iter_loss: 0.149309 learn_rate: 0.001000 
epoch: 1 iter: 100 train_iter_loss: 0.137434 learn_rate: 0.001000 
epoch: 1 iter: 101 train_iter_loss: 0.133591 learn_rate: 0.001000 
epoch: 1 iter: 102 train_iter_loss: 0.121147 learn_rate: 0.001000 
epoch: 1 iter: 103 train_iter_loss: 0.132394 learn_rate: 0.001000 
epoch: 1 iter: 104 train_iter_loss: 0.128402 learn_rate: 0.001000 
epoch: 1 iter: 105 train_iter_loss: 0.122810 learn_rate: 0.001000 
epoch: 1 iter: 106 train_iter_loss: 0.108083 learn_rate: 0.001000 
epoch: 1 iter: 107 train_iter_loss: 0.111354 learn_rate: 0.001000 
epoch: 1 iter: 108 train_iter_loss: 0.102004 learn_rate: 0.001000 
epoch: 1 iter: 109 train_iter_loss: 0.101864 learn_rate: 0.001000 
epoch: 1 iter: 110 train_iter_loss: 0.126749 learn_rate: 0.001000 
epoch: 1 iter: 111 train_iter_loss: 0.195975 learn_rate: 0.001000 
epoch: 1 iter: 112 train_iter_loss: 0.205004 learn_rate: 0.001000 
epoch: 1 iter: 113 train_iter_loss: 0.119201 learn_rate: 0.001000 
epoch: 1 iter: 114 train_iter_loss: 0.138798 learn_rate: 0.001000 
epoch: 1 iter: 115 train_iter_loss: 0.134708 learn_rate: 0.001000 
epoch: 1 iter: 116 train_iter_loss: 0.140866 learn_rate: 0.001000 
epoch: 1 iter: 117 train_iter_loss: 0.136054 learn_rate: 0.001000 
epoch: 1 iter: 118 train_iter_loss: 0.117690 learn_rate: 0.001000 
epoch: 1 iter: 119 train_iter_loss: 0.142490 learn_rate: 0.001000 
epoch: 1 iter: 120 train_iter_loss: 0.108156 learn_rate: 0.001000 
epoch: 1 iter: 121 train_iter_loss: 0.111168 learn_rate: 0.001000 
epoch: 1 iter: 122 train_iter_loss: 0.130378 learn_rate: 0.001000 
epoch: 1 iter: 123 train_iter_loss: 0.093044 learn_rate: 0.001000 
epoch: 1 iter: 124 train_iter_loss: 0.144287 learn_rate: 0.001000 
epoch: 1 iter: 125 train_iter_loss: 0.144384 learn_rate: 0.001000 
epoch: 1 iter: 126 train_iter_loss: 0.097527 learn_rate: 0.001000 
epoch: 1 iter: 127 train_iter_loss: 0.113059 learn_rate: 0.001000 
epoch: 1 iter: 128 train_iter_loss: 0.109245 learn_rate: 0.001000 
epoch: 1 iter: 129 train_iter_loss: 0.118766 learn_rate: 0.001000 
epoch: 1 iter: 130 train_iter_loss: 0.117983 learn_rate: 0.001000 
epoch: 1 iter: 131 train_iter_loss: 0.087667 learn_rate: 0.001000 
epoch: 1 iter: 132 train_iter_loss: 0.188442 learn_rate: 0.001000 
epoch: 1 iter: 133 train_iter_loss: 0.159227 learn_rate: 0.001000 
epoch: 1 iter: 134 train_iter_loss: 0.133832 learn_rate: 0.001000 
epoch: 1 iter: 135 train_iter_loss: 0.146387 learn_rate: 0.001000 
epoch: 1 iter: 136 train_iter_loss: 0.111144 learn_rate: 0.001000 
epoch: 1 iter: 137 train_iter_loss: 0.175876 learn_rate: 0.001000 
epoch: 1 iter: 138 train_iter_loss: 0.165093 learn_rate: 0.001000 
epoch: 1 iter: 139 train_iter_loss: 0.090254 learn_rate: 0.001000 
epoch: 1 iter: 140 train_iter_loss: 0.152061 learn_rate: 0.001000 
epoch: 1 iter: 141 train_iter_loss: 0.141338 learn_rate: 0.001000 
epoch: 1 iter: 142 train_iter_loss: 0.084017 learn_rate: 0.001000 
epoch: 1 iter: 143 train_iter_loss: 0.148892 learn_rate: 0.001000 
epoch: 1 iter: 144 train_iter_loss: 0.127829 learn_rate: 0.001000 
epoch: 1 iter: 145 train_iter_loss: 0.135687 learn_rate: 0.001000 
epoch: 1 iter: 146 train_iter_loss: 0.088450 learn_rate: 0.001000 
epoch: 1 iter: 147 train_iter_loss: 0.136434 learn_rate: 0.001000 
epoch: 1 iter: 148 train_iter_loss: 0.140200 learn_rate: 0.001000 
epoch: 1 iter: 149 train_iter_loss: 0.139979 learn_rate: 0.001000 
epoch: 1 iter: 150 train_iter_loss: 0.156381 learn_rate: 0.001000 
epoch: 1 iter: 151 train_iter_loss: 0.201014 learn_rate: 0.001000 
epoch: 1 iter: 152 train_iter_loss: 0.135706 learn_rate: 0.001000 
epoch: 1 iter: 153 train_iter_loss: 0.189152 learn_rate: 0.001000 
epoch: 1 iter: 154 train_iter_loss: 0.101212 learn_rate: 0.001000 
epoch: 1 iter: 155 train_iter_loss: 0.145783 learn_rate: 0.001000 
epoch: 1 iter: 156 train_iter_loss: 0.173019 learn_rate: 0.001000 
epoch: 1 iter: 157 train_iter_loss: 0.115310 learn_rate: 0.001000 
epoch: 1 iter: 158 train_iter_loss: 0.123428 learn_rate: 0.001000 
epoch: 1 iter: 159 train_iter_loss: 0.138643 learn_rate: 0.001000 
epoch: 1 iter: 160 train_iter_loss: 0.102765 learn_rate: 0.001000 
epoch: 1 iter: 161 train_iter_loss: 0.168774 learn_rate: 0.001000 
epoch: 1 iter: 162 train_iter_loss: 0.146480 learn_rate: 0.001000 
epoch: 1 iter: 163 train_iter_loss: 0.118117 learn_rate: 0.001000 
epoch: 1 iter: 164 train_iter_loss: 0.131138 learn_rate: 0.001000 
epoch: 1 iter: 165 train_iter_loss: 0.114860 learn_rate: 0.001000 
epoch: 1 iter: 166 train_iter_loss: 0.105638 learn_rate: 0.001000 
epoch: 1 iter: 167 train_iter_loss: 0.104081 learn_rate: 0.001000 
epoch: 1 iter: 168 train_iter_loss: 0.155975 learn_rate: 0.001000 
epoch: 1 iter: 169 train_iter_loss: 0.130791 learn_rate: 0.001000 
epoch: 1 iter: 170 train_iter_loss: 0.096487 learn_rate: 0.001000 
epoch: 1 iter: 171 train_iter_loss: 0.129808 learn_rate: 0.001000 
epoch: 1 iter: 172 train_iter_loss: 0.099080 learn_rate: 0.001000 
epoch: 1 iter: 173 train_iter_loss: 0.121654 learn_rate: 0.001000 
epoch: 1 iter: 174 train_iter_loss: 0.127979 learn_rate: 0.001000 
epoch: 1 iter: 175 train_iter_loss: 0.116671 learn_rate: 0.001000 
epoch: 1 iter: 176 train_iter_loss: 0.114529 learn_rate: 0.001000 
epoch: 1 iter: 177 train_iter_loss: 0.091590 learn_rate: 0.001000 
epoch: 1 iter: 178 train_iter_loss: 0.175462 learn_rate: 0.001000 
epoch: 1 iter: 179 train_iter_loss: 0.101471 learn_rate: 0.001000 
epoch: 1 iter: 180 train_iter_loss: 0.145239 learn_rate: 0.001000 
epoch: 1 iter: 181 train_iter_loss: 0.091156 learn_rate: 0.001000 
epoch: 1 iter: 182 train_iter_loss: 0.094701 learn_rate: 0.001000 
epoch: 1 iter: 183 train_iter_loss: 0.112199 learn_rate: 0.001000 
epoch: 1 iter: 184 train_iter_loss: 0.124133 learn_rate: 0.001000 
epoch: 1 iter: 185 train_iter_loss: 0.113171 learn_rate: 0.001000 
epoch: 1 iter: 186 train_iter_loss: 0.186563 learn_rate: 0.001000 
epoch: 1 iter: 187 train_iter_loss: 0.179345 learn_rate: 0.001000 
epoch: 1 iter: 188 train_iter_loss: 0.194554 learn_rate: 0.001000 
epoch: 1 iter: 189 train_iter_loss: 0.128392 learn_rate: 0.001000 
epoch: 1 iter: 190 train_iter_loss: 0.133525 learn_rate: 0.001000 
epoch: 1 iter: 191 train_iter_loss: 0.145064 learn_rate: 0.001000 
epoch: 1 iter: 192 train_iter_loss: 0.102089 learn_rate: 0.001000 
epoch: 1 iter: 193 train_iter_loss: 0.154497 learn_rate: 0.001000 
epoch: 1 iter: 194 train_iter_loss: 0.113736 learn_rate: 0.001000 
epoch: 1 iter: 195 train_iter_loss: 0.183969 learn_rate: 0.001000 
epoch: 1 iter: 196 train_iter_loss: 0.149429 learn_rate: 0.001000 
epoch: 1 iter: 197 train_iter_loss: 0.108796 learn_rate: 0.001000 
epoch: 1 iter: 198 train_iter_loss: 0.120708 learn_rate: 0.001000 
epoch: 1 iter: 199 train_iter_loss: 0.161235 learn_rate: 0.001000 
epoch: 1 iter: 200 train_iter_loss: 0.108473 learn_rate: 0.001000 
epoch: 1 iter: 201 train_iter_loss: 0.178351 learn_rate: 0.001000 
epoch: 1 iter: 202 train_iter_loss: 0.107036 learn_rate: 0.001000 
epoch: 1 iter: 203 train_iter_loss: 0.158552 learn_rate: 0.001000 
epoch: 1 iter: 204 train_iter_loss: 0.141784 learn_rate: 0.001000 
epoch: 1 iter: 205 train_iter_loss: 0.135732 learn_rate: 0.001000 
epoch: 1 iter: 206 train_iter_loss: 0.105907 learn_rate: 0.001000 
epoch: 1 iter: 207 train_iter_loss: 0.197290 learn_rate: 0.001000 
epoch: 1 iter: 208 train_iter_loss: 0.124344 learn_rate: 0.001000 
epoch: 1 iter: 209 train_iter_loss: 0.163663 learn_rate: 0.001000 
epoch: 1 iter: 210 train_iter_loss: 0.149495 learn_rate: 0.001000 
epoch: 1 iter: 211 train_iter_loss: 0.090866 learn_rate: 0.001000 
epoch: 1 iter: 212 train_iter_loss: 0.100435 learn_rate: 0.001000 
epoch: 1 iter: 213 train_iter_loss: 0.110257 learn_rate: 0.001000 
epoch: 1 iter: 214 train_iter_loss: 0.123090 learn_rate: 0.001000 
epoch: 1 iter: 215 train_iter_loss: 0.146673 learn_rate: 0.001000 
epoch: 1 iter: 216 train_iter_loss: 0.153916 learn_rate: 0.001000 
epoch: 1 iter: 217 train_iter_loss: 0.144895 learn_rate: 0.001000 
epoch: 1 iter: 218 train_iter_loss: 0.107420 learn_rate: 0.001000 
epoch: 1 iter: 219 train_iter_loss: 0.104677 learn_rate: 0.001000 
epoch: 1 iter: 220 train_iter_loss: 0.132477 learn_rate: 0.001000 
epoch: 1 iter: 221 train_iter_loss: 0.119709 learn_rate: 0.001000 
epoch: 1 iter: 222 train_iter_loss: 0.117832 learn_rate: 0.001000 
epoch: 1 iter: 223 train_iter_loss: 0.132170 learn_rate: 0.001000 
epoch: 1 iter: 224 train_iter_loss: 0.094893 learn_rate: 0.001000 
epoch: 1 iter: 225 train_iter_loss: 0.144130 learn_rate: 0.001000 
epoch: 1 iter: 226 train_iter_loss: 0.094390 learn_rate: 0.001000 
epoch: 1 iter: 227 train_iter_loss: 0.109339 learn_rate: 0.001000 
epoch: 1 iter: 228 train_iter_loss: 0.144422 learn_rate: 0.001000 
epoch: 1 iter: 229 train_iter_loss: 0.106250 learn_rate: 0.001000 
epoch: 1 iter: 230 train_iter_loss: 0.123141 learn_rate: 0.001000 
epoch: 1 iter: 231 train_iter_loss: 0.096959 learn_rate: 0.001000 
epoch: 1 iter: 232 train_iter_loss: 0.182508 learn_rate: 0.001000 
epoch: 1 iter: 233 train_iter_loss: 0.120620 learn_rate: 0.001000 
epoch: 1 iter: 234 train_iter_loss: 0.092382 learn_rate: 0.001000 
epoch: 1 iter: 235 train_iter_loss: 0.097542 learn_rate: 0.001000 
epoch: 1 iter: 236 train_iter_loss: 0.123883 learn_rate: 0.001000 
epoch: 1 iter: 237 train_iter_loss: 0.096202 learn_rate: 0.001000 
epoch: 1 iter: 238 train_iter_loss: 0.123253 learn_rate: 0.001000 
epoch: 1 iter: 239 train_iter_loss: 0.108219 learn_rate: 0.001000 
epoch: 1 iter: 240 train_iter_loss: 0.112362 learn_rate: 0.001000 
epoch: 1 iter: 241 train_iter_loss: 0.136349 learn_rate: 0.001000 
epoch: 1 iter: 242 train_iter_loss: 0.079688 learn_rate: 0.001000 
epoch: 1 iter: 243 train_iter_loss: 0.096219 learn_rate: 0.001000 
epoch: 1 iter: 244 train_iter_loss: 0.089735 learn_rate: 0.001000 
epoch: 1 iter: 245 train_iter_loss: 0.137978 learn_rate: 0.001000 
epoch: 1 iter: 246 train_iter_loss: 0.092021 learn_rate: 0.001000 
epoch: 1 iter: 247 train_iter_loss: 0.133868 learn_rate: 0.001000 
epoch: 1 iter: 248 train_iter_loss: 0.139117 learn_rate: 0.001000 
epoch: 1 iter: 249 train_iter_loss: 0.102280 learn_rate: 0.001000 
epoch: 1 iter: 250 train_iter_loss: 0.161809 learn_rate: 0.001000 
epoch: 1 iter: 251 train_iter_loss: 0.086996 learn_rate: 0.001000 
epoch: 1 iter: 252 train_iter_loss: 0.126437 learn_rate: 0.001000 
epoch: 1 iter: 253 train_iter_loss: 0.088930 learn_rate: 0.001000 
epoch: 1 iter: 254 train_iter_loss: 0.089621 learn_rate: 0.001000 
epoch: 1 iter: 255 train_iter_loss: 0.143930 learn_rate: 0.001000 
epoch: 1 iter: 256 train_iter_loss: 0.095153 learn_rate: 0.001000 
epoch: 1 iter: 257 train_iter_loss: 0.120046 learn_rate: 0.001000 
epoch: 1 iter: 258 train_iter_loss: 0.117069 learn_rate: 0.001000 
epoch: 1 iter: 259 train_iter_loss: 0.087883 learn_rate: 0.001000 
epoch: 1 iter: 260 train_iter_loss: 0.153417 learn_rate: 0.001000 
epoch: 1 iter: 261 train_iter_loss: 0.142986 learn_rate: 0.001000 
epoch: 1 iter: 262 train_iter_loss: 0.162993 learn_rate: 0.001000 
epoch: 1 iter: 263 train_iter_loss: 0.109035 learn_rate: 0.001000 
epoch: 1 iter: 264 train_iter_loss: 0.201377 learn_rate: 0.001000 
epoch: 1 iter: 265 train_iter_loss: 0.100799 learn_rate: 0.001000 
epoch: 1 iter: 266 train_iter_loss: 0.136577 learn_rate: 0.001000 
epoch: 1 iter: 267 train_iter_loss: 0.084238 learn_rate: 0.001000 
epoch: 1 iter: 268 train_iter_loss: 0.168517 learn_rate: 0.001000 
epoch: 1 iter: 269 train_iter_loss: 0.171700 learn_rate: 0.001000 
epoch: 1 iter: 270 train_iter_loss: 0.102544 learn_rate: 0.001000 
epoch: 1 iter: 271 train_iter_loss: 0.112167 learn_rate: 0.001000 
epoch: 1 iter: 272 train_iter_loss: 0.096740 learn_rate: 0.001000 
epoch: 1 iter: 273 train_iter_loss: 0.098617 learn_rate: 0.001000 
epoch: 1 iter: 274 train_iter_loss: 0.177412 learn_rate: 0.001000 
epoch: 1 iter: 275 train_iter_loss: 0.090317 learn_rate: 0.001000 
epoch: 1 iter: 276 train_iter_loss: 0.127650 learn_rate: 0.001000 
epoch: 1 iter: 277 train_iter_loss: 0.140230 learn_rate: 0.001000 
epoch: 1 iter: 278 train_iter_loss: 0.135044 learn_rate: 0.001000 
epoch: 1 iter: 279 train_iter_loss: 0.133088 learn_rate: 0.001000 
epoch: 1 iter: 280 train_iter_loss: 0.114456 learn_rate: 0.001000 
epoch: 1 iter: 281 train_iter_loss: 0.127587 learn_rate: 0.001000 
epoch: 1 iter: 282 train_iter_loss: 0.110634 learn_rate: 0.001000 
epoch: 1 iter: 283 train_iter_loss: 0.133120 learn_rate: 0.001000 
epoch: 1 iter: 284 train_iter_loss: 0.105881 learn_rate: 0.001000 
epoch: 1 iter: 285 train_iter_loss: 0.117582 learn_rate: 0.001000 
epoch: 1 iter: 286 train_iter_loss: 0.174301 learn_rate: 0.001000 
epoch: 1 iter: 287 train_iter_loss: 0.121968 learn_rate: 0.001000 
epoch: 1 iter: 288 train_iter_loss: 0.165857 learn_rate: 0.001000 
epoch: 1 iter: 289 train_iter_loss: 0.122627 learn_rate: 0.001000 
epoch: 1 iter: 290 train_iter_loss: 0.126759 learn_rate: 0.001000 
epoch: 1 iter: 291 train_iter_loss: 0.153892 learn_rate: 0.001000 
epoch: 1 iter: 292 train_iter_loss: 0.096632 learn_rate: 0.001000 
epoch: 1 iter: 293 train_iter_loss: 0.109358 learn_rate: 0.001000 
epoch: 1 iter: 294 train_iter_loss: 0.086013 learn_rate: 0.001000 
epoch: 1 iter: 295 train_iter_loss: 0.132617 learn_rate: 0.001000 
epoch: 1 iter: 296 train_iter_loss: 0.112820 learn_rate: 0.001000 
epoch: 1 iter: 297 train_iter_loss: 0.104082 learn_rate: 0.001000 
epoch: 1 iter: 298 train_iter_loss: 0.108284 learn_rate: 0.001000 
epoch: 1 iter: 299 train_iter_loss: 0.165736 learn_rate: 0.001000 
epoch: 1 iter: 300 train_iter_loss: 0.134876 learn_rate: 0.001000 
epoch: 1 iter: 301 train_iter_loss: 0.186364 learn_rate: 0.001000 
epoch: 1 iter: 302 train_iter_loss: 0.104482 learn_rate: 0.001000 
epoch: 1 iter: 303 train_iter_loss: 0.114122 learn_rate: 0.001000 
epoch: 1 iter: 304 train_iter_loss: 0.132425 learn_rate: 0.001000 
epoch: 1 iter: 305 train_iter_loss: 0.106674 learn_rate: 0.001000 
epoch: 1 iter: 306 train_iter_loss: 0.089013 learn_rate: 0.001000 
epoch: 1 iter: 307 train_iter_loss: 0.147652 learn_rate: 0.001000 
epoch: 1 iter: 308 train_iter_loss: 0.106223 learn_rate: 0.001000 
epoch: 1 iter: 309 train_iter_loss: 0.116274 learn_rate: 0.001000 
epoch: 1 iter: 310 train_iter_loss: 0.101878 learn_rate: 0.001000 
epoch: 1 iter: 311 train_iter_loss: 0.106969 learn_rate: 0.001000 
epoch: 1 iter: 312 train_iter_loss: 0.104203 learn_rate: 0.001000 
epoch: 1 iter: 313 train_iter_loss: 0.112112 learn_rate: 0.001000 
epoch: 1 iter: 314 train_iter_loss: 0.108829 learn_rate: 0.001000 
epoch: 1 iter: 315 train_iter_loss: 0.097960 learn_rate: 0.001000 
epoch: 1 iter: 316 train_iter_loss: 0.115287 learn_rate: 0.001000 
epoch: 1 iter: 317 train_iter_loss: 0.097278 learn_rate: 0.001000 
epoch: 1 iter: 318 train_iter_loss: 0.128745 learn_rate: 0.001000 
epoch: 1 iter: 319 train_iter_loss: 0.107016 learn_rate: 0.001000 
epoch: 1 iter: 320 train_iter_loss: 0.105031 learn_rate: 0.001000 
epoch: 1 iter: 321 train_iter_loss: 0.114146 learn_rate: 0.001000 
epoch: 1 iter: 322 train_iter_loss: 0.107974 learn_rate: 0.001000 
epoch: 1 iter: 323 train_iter_loss: 0.115018 learn_rate: 0.001000 
epoch: 1 iter: 324 train_iter_loss: 0.118995 learn_rate: 0.001000 
epoch: 1 iter: 325 train_iter_loss: 0.163217 learn_rate: 0.001000 
epoch: 1 iter: 326 train_iter_loss: 0.109186 learn_rate: 0.001000 
epoch: 1 iter: 327 train_iter_loss: 0.109359 learn_rate: 0.001000 
epoch: 1 iter: 328 train_iter_loss: 0.134120 learn_rate: 0.001000 
epoch: 1 iter: 329 train_iter_loss: 0.110099 learn_rate: 0.001000 
epoch: 1 iter: 330 train_iter_loss: 0.106981 learn_rate: 0.001000 
epoch: 1 iter: 331 train_iter_loss: 0.093326 learn_rate: 0.001000 
epoch: 1 iter: 332 train_iter_loss: 0.113478 learn_rate: 0.001000 
epoch: 1 iter: 333 train_iter_loss: 0.083221 learn_rate: 0.001000 
epoch: 1 iter: 334 train_iter_loss: 0.121162 learn_rate: 0.001000 
epoch: 1 iter: 335 train_iter_loss: 0.108792 learn_rate: 0.001000 
epoch: 1 iter: 336 train_iter_loss: 0.114756 learn_rate: 0.001000 
epoch: 1 iter: 337 train_iter_loss: 0.130392 learn_rate: 0.001000 
epoch: 1 iter: 338 train_iter_loss: 0.160408 learn_rate: 0.001000 
epoch: 1 iter: 339 train_iter_loss: 0.111497 learn_rate: 0.001000 
epoch: 1 iter: 340 train_iter_loss: 0.089608 learn_rate: 0.001000 
epoch: 1 iter: 341 train_iter_loss: 0.149857 learn_rate: 0.001000 
epoch: 1 iter: 342 train_iter_loss: 0.111141 learn_rate: 0.001000 
epoch: 1 iter: 343 train_iter_loss: 0.105245 learn_rate: 0.001000 
epoch: 1 iter: 344 train_iter_loss: 0.120014 learn_rate: 0.001000 
epoch: 1 iter: 345 train_iter_loss: 0.097252 learn_rate: 0.001000 
epoch: 1 iter: 346 train_iter_loss: 0.100756 learn_rate: 0.001000 
epoch: 1 iter: 347 train_iter_loss: 0.087531 learn_rate: 0.001000 
epoch: 1 iter: 348 train_iter_loss: 0.090278 learn_rate: 0.001000 
epoch: 1 iter: 349 train_iter_loss: 0.108040 learn_rate: 0.001000 
epoch: 1 iter: 350 train_iter_loss: 0.132468 learn_rate: 0.001000 
epoch: 1 iter: 351 train_iter_loss: 0.090371 learn_rate: 0.001000 
epoch: 1 iter: 352 train_iter_loss: 0.086627 learn_rate: 0.001000 
epoch: 1 iter: 353 train_iter_loss: 0.094036 learn_rate: 0.001000 
epoch: 1 iter: 354 train_iter_loss: 0.100935 learn_rate: 0.001000 
epoch: 1 iter: 355 train_iter_loss: 0.153097 learn_rate: 0.001000 
epoch: 1 iter: 356 train_iter_loss: 0.081931 learn_rate: 0.001000 
epoch: 1 iter: 357 train_iter_loss: 0.080524 learn_rate: 0.001000 
epoch: 1 iter: 358 train_iter_loss: 0.193455 learn_rate: 0.001000 
epoch: 1 iter: 359 train_iter_loss: 0.147279 learn_rate: 0.001000 
epoch: 1 iter: 360 train_iter_loss: 0.089478 learn_rate: 0.001000 
epoch: 1 iter: 361 train_iter_loss: 0.076826 learn_rate: 0.001000 
epoch: 1 iter: 362 train_iter_loss: 0.138562 learn_rate: 0.001000 
epoch: 1 iter: 363 train_iter_loss: 0.101464 learn_rate: 0.001000 
epoch: 1 iter: 364 train_iter_loss: 0.075892 learn_rate: 0.001000 
epoch: 1 iter: 365 train_iter_loss: 0.127351 learn_rate: 0.001000 
epoch: 1 iter: 366 train_iter_loss: 0.087981 learn_rate: 0.001000 
epoch: 1 iter: 367 train_iter_loss: 0.153063 learn_rate: 0.001000 
epoch: 1 iter: 368 train_iter_loss: 0.097379 learn_rate: 0.001000 
epoch: 1 iter: 369 train_iter_loss: 0.145812 learn_rate: 0.001000 
epoch: 1 iter: 370 train_iter_loss: 0.102272 learn_rate: 0.001000 
epoch: 1 iter: 371 train_iter_loss: 0.091808 learn_rate: 0.001000 
epoch: 1 iter: 372 train_iter_loss: 0.105773 learn_rate: 0.001000 
epoch: 1 iter: 373 train_iter_loss: 0.176295 learn_rate: 0.001000 
epoch: 1 iter: 374 train_iter_loss: 0.086109 learn_rate: 0.001000 
epoch: 1 iter: 375 train_iter_loss: 0.112917 learn_rate: 0.001000 
epoch: 1 iter: 376 train_iter_loss: 0.082598 learn_rate: 0.001000 
epoch: 1 iter: 377 train_iter_loss: 0.075169 learn_rate: 0.001000 
epoch: 1 iter: 378 train_iter_loss: 0.137494 learn_rate: 0.001000 
epoch: 1 iter: 379 train_iter_loss: 0.115850 learn_rate: 0.001000 
epoch: 1 iter: 380 train_iter_loss: 0.093275 learn_rate: 0.001000 
epoch: 1 iter: 381 train_iter_loss: 0.100347 learn_rate: 0.001000 
epoch: 1 iter: 382 train_iter_loss: 0.087257 learn_rate: 0.001000 
epoch: 1 iter: 383 train_iter_loss: 0.140210 learn_rate: 0.001000 
epoch: 1 iter: 384 train_iter_loss: 0.089196 learn_rate: 0.001000 
epoch: 1 iter: 385 train_iter_loss: 0.148875 learn_rate: 0.001000 
epoch: 1 iter: 386 train_iter_loss: 0.118878 learn_rate: 0.001000 
epoch: 1 iter: 387 train_iter_loss: 0.132158 learn_rate: 0.001000 
epoch: 1 iter: 388 train_iter_loss: 0.127070 learn_rate: 0.001000 
epoch: 1 iter: 389 train_iter_loss: 0.114461 learn_rate: 0.001000 
epoch: 1 iter: 390 train_iter_loss: 0.093478 learn_rate: 0.001000 
epoch: 1 iter: 391 train_iter_loss: 0.111717 learn_rate: 0.001000 
epoch: 1 iter: 392 train_iter_loss: 0.123021 learn_rate: 0.001000 
epoch: 1 iter: 393 train_iter_loss: 0.086921 learn_rate: 0.001000 
epoch: 1 iter: 394 train_iter_loss: 0.089724 learn_rate: 0.001000 
epoch: 1 iter: 395 train_iter_loss: 0.070718 learn_rate: 0.001000 
epoch: 1 iter: 396 train_iter_loss: 0.093363 learn_rate: 0.001000 
epoch: 1 iter: 397 train_iter_loss: 0.093022 learn_rate: 0.001000 
epoch: 1 iter: 398 train_iter_loss: 0.138764 learn_rate: 0.001000 
epoch: 1 iter: 399 train_iter_loss: 0.115807 learn_rate: 0.001000 
epoch: 1 iter: 400 train_iter_loss: 0.081377 learn_rate: 0.001000 
epoch: 1 iter: 401 train_iter_loss: 0.098924 learn_rate: 0.001000 
epoch: 1 iter: 402 train_iter_loss: 0.100269 learn_rate: 0.001000 
epoch: 1 iter: 403 train_iter_loss: 0.088420 learn_rate: 0.001000 
epoch: 1 iter: 404 train_iter_loss: 0.149039 learn_rate: 0.001000 
epoch: 1 iter: 405 train_iter_loss: 0.107834 learn_rate: 0.001000 
epoch: 1 iter: 406 train_iter_loss: 0.091809 learn_rate: 0.001000 
epoch: 1 iter: 407 train_iter_loss: 0.149128 learn_rate: 0.001000 
epoch: 1 iter: 408 train_iter_loss: 0.081834 learn_rate: 0.001000 
epoch: 1 iter: 409 train_iter_loss: 0.106894 learn_rate: 0.001000 
epoch: 1 iter: 410 train_iter_loss: 0.110828 learn_rate: 0.001000 
epoch: 1 iter: 411 train_iter_loss: 0.167160 learn_rate: 0.001000 
epoch: 1 iter: 412 train_iter_loss: 0.081119 learn_rate: 0.001000 
epoch: 1 iter: 413 train_iter_loss: 0.103886 learn_rate: 0.001000 
epoch: 1 iter: 414 train_iter_loss: 0.087656 learn_rate: 0.001000 
epoch: 1 iter: 415 train_iter_loss: 0.106032 learn_rate: 0.001000 
epoch: 1 iter: 416 train_iter_loss: 0.117266 learn_rate: 0.001000 
epoch: 1 iter: 417 train_iter_loss: 0.111154 learn_rate: 0.001000 
epoch: 1 iter: 418 train_iter_loss: 0.109750 learn_rate: 0.001000 
epoch: 1 iter: 419 train_iter_loss: 0.102341 learn_rate: 0.001000 
epoch: 1 iter: 420 train_iter_loss: 0.097061 learn_rate: 0.001000 
epoch: 1 iter: 421 train_iter_loss: 0.106089 learn_rate: 0.001000 
epoch: 1 iter: 422 train_iter_loss: 0.088885 learn_rate: 0.001000 
epoch: 1 iter: 423 train_iter_loss: 0.090711 learn_rate: 0.001000 
epoch: 1 iter: 424 train_iter_loss: 0.111096 learn_rate: 0.001000 
epoch: 1 iter: 425 train_iter_loss: 0.085777 learn_rate: 0.001000 
epoch: 1 iter: 426 train_iter_loss: 0.106083 learn_rate: 0.001000 
epoch: 1 iter: 427 train_iter_loss: 0.099321 learn_rate: 0.001000 
epoch: 1 iter: 428 train_iter_loss: 0.085875 learn_rate: 0.001000 
epoch: 1 iter: 429 train_iter_loss: 0.112998 learn_rate: 0.001000 
epoch: 1 iter: 430 train_iter_loss: 0.093817 learn_rate: 0.001000 
epoch: 1 iter: 431 train_iter_loss: 0.110217 learn_rate: 0.001000 
epoch: 1 iter: 432 train_iter_loss: 0.116628 learn_rate: 0.001000 
epoch: 1 iter: 433 train_iter_loss: 0.123620 learn_rate: 0.001000 
epoch: 1 iter: 434 train_iter_loss: 0.120788 learn_rate: 0.001000 
epoch: 1 iter: 435 train_iter_loss: 0.106005 learn_rate: 0.001000 
epoch: 1 iter: 436 train_iter_loss: 0.102933 learn_rate: 0.001000 
epoch: 1 iter: 437 train_iter_loss: 0.082880 learn_rate: 0.001000 
epoch: 1 iter: 438 train_iter_loss: 0.104383 learn_rate: 0.001000 
epoch: 1 iter: 439 train_iter_loss: 0.109173 learn_rate: 0.001000 
epoch: 1 iter: 440 train_iter_loss: 0.248320 learn_rate: 0.001000 
epoch: 1 iter: 441 train_iter_loss: 0.104103 learn_rate: 0.001000 
epoch: 1 iter: 442 train_iter_loss: 0.099189 learn_rate: 0.001000 
epoch: 1 iter: 443 train_iter_loss: 0.095992 learn_rate: 0.001000 
epoch: 1 iter: 444 train_iter_loss: 0.118927 learn_rate: 0.001000 
epoch: 1 iter: 445 train_iter_loss: 0.144624 learn_rate: 0.001000 
epoch: 1 iter: 446 train_iter_loss: 0.130539 learn_rate: 0.001000 
epoch: 1 iter: 447 train_iter_loss: 0.121941 learn_rate: 0.001000 
epoch: 1 iter: 448 train_iter_loss: 0.088171 learn_rate: 0.001000 
epoch: 1 iter: 449 train_iter_loss: 0.103372 learn_rate: 0.001000 
epoch: 1 iter: 450 train_iter_loss: 0.150906 learn_rate: 0.001000 
epoch: 1 iter: 451 train_iter_loss: 0.118297 learn_rate: 0.001000 
epoch: 1 iter: 452 train_iter_loss: 0.147906 learn_rate: 0.001000 
epoch: 1 iter: 453 train_iter_loss: 0.115067 learn_rate: 0.001000 
epoch: 1 iter: 454 train_iter_loss: 0.101432 learn_rate: 0.001000 
epoch: 1 iter: 455 train_iter_loss: 0.107046 learn_rate: 0.001000 
epoch: 1 iter: 456 train_iter_loss: 0.090001 learn_rate: 0.001000 
epoch: 1 iter: 457 train_iter_loss: 0.089238 learn_rate: 0.001000 
epoch: 1 iter: 458 train_iter_loss: 0.127990 learn_rate: 0.001000 
epoch: 1 iter: 459 train_iter_loss: 0.121822 learn_rate: 0.001000 
epoch: 1 iter: 460 train_iter_loss: 0.084093 learn_rate: 0.001000 
epoch: 1 iter: 461 train_iter_loss: 0.097273 learn_rate: 0.001000 
epoch: 1 iter: 462 train_iter_loss: 0.110751 learn_rate: 0.001000 
epoch: 1 iter: 463 train_iter_loss: 0.166125 learn_rate: 0.001000 
epoch: 1 iter: 464 train_iter_loss: 0.086338 learn_rate: 0.001000 
epoch: 1 iter: 465 train_iter_loss: 0.109106 learn_rate: 0.001000 
epoch: 1 iter: 466 train_iter_loss: 0.081852 learn_rate: 0.001000 
epoch: 1 iter: 467 train_iter_loss: 0.103449 learn_rate: 0.001000 
epoch: 1 iter: 468 train_iter_loss: 0.107231 learn_rate: 0.001000 
epoch: 1 iter: 469 train_iter_loss: 0.085897 learn_rate: 0.001000 
epoch: 1 iter: 470 train_iter_loss: 0.114777 learn_rate: 0.001000 
epoch: 1 iter: 471 train_iter_loss: 0.096876 learn_rate: 0.001000 
epoch: 1 iter: 472 train_iter_loss: 0.108023 learn_rate: 0.001000 
epoch: 1 iter: 473 train_iter_loss: 0.144577 learn_rate: 0.001000 
epoch: 1 iter: 474 train_iter_loss: 0.107213 learn_rate: 0.001000 
epoch: 1 iter: 475 train_iter_loss: 0.105060 learn_rate: 0.001000 
epoch: 1 iter: 476 train_iter_loss: 0.093732 learn_rate: 0.001000 
epoch: 1 iter: 477 train_iter_loss: 0.091800 learn_rate: 0.001000 
epoch: 1 iter: 478 train_iter_loss: 0.114820 learn_rate: 0.001000 
epoch: 1 iter: 479 train_iter_loss: 0.097651 learn_rate: 0.001000 
epoch: 1 iter: 480 train_iter_loss: 0.093459 learn_rate: 0.001000 
epoch: 1 iter: 481 train_iter_loss: 0.122139 learn_rate: 0.001000 
epoch: 1 iter: 482 train_iter_loss: 0.095245 learn_rate: 0.001000 
epoch: 1 iter: 483 train_iter_loss: 0.083674 learn_rate: 0.001000 
epoch: 1 iter: 484 train_iter_loss: 0.094592 learn_rate: 0.001000 
epoch: 1 iter: 485 train_iter_loss: 0.093038 learn_rate: 0.001000 
epoch: 1 iter: 486 train_iter_loss: 0.115226 learn_rate: 0.001000 
epoch: 1 iter: 487 train_iter_loss: 0.108648 learn_rate: 0.001000 
epoch: 1 iter: 488 train_iter_loss: 0.132464 learn_rate: 0.001000 
epoch: 1 iter: 489 train_iter_loss: 0.126616 learn_rate: 0.001000 
epoch: 1 iter: 490 train_iter_loss: 0.098287 learn_rate: 0.001000 
epoch: 1 iter: 491 train_iter_loss: 0.100589 learn_rate: 0.001000 
epoch: 1 iter: 492 train_iter_loss: 0.109361 learn_rate: 0.001000 
epoch: 1 iter: 493 train_iter_loss: 0.108622 learn_rate: 0.001000 
epoch: 1 iter: 494 train_iter_loss: 0.107776 learn_rate: 0.001000 
epoch: 1 iter: 495 train_iter_loss: 0.109072 learn_rate: 0.001000 
epoch: 1 iter: 496 train_iter_loss: 0.089188 learn_rate: 0.001000 
epoch: 1 iter: 497 train_iter_loss: 0.119676 learn_rate: 0.001000 
epoch: 1 iter: 498 train_iter_loss: 0.097162 learn_rate: 0.001000 
epoch: 1 iter: 499 train_iter_loss: 0.099506 learn_rate: 0.001000 
epoch: 1 iter: 500 train_iter_loss: 0.121295 learn_rate: 0.001000 
epoch: 1 train_epoch_loss: 0.124893 learn_rate: 0.001000 test_p: 0.793036 test_r: 0.754117 test_f: 0.771907
epoch: 2 iter: 1 train_iter_loss: 0.087674 learn_rate: 0.001000 
epoch: 2 iter: 2 train_iter_loss: 0.080251 learn_rate: 0.001000 
epoch: 2 iter: 3 train_iter_loss: 0.084065 learn_rate: 0.001000 
epoch: 2 iter: 4 train_iter_loss: 0.089503 learn_rate: 0.001000 
epoch: 2 iter: 5 train_iter_loss: 0.071952 learn_rate: 0.001000 
epoch: 2 iter: 6 train_iter_loss: 0.078999 learn_rate: 0.001000 
epoch: 2 iter: 7 train_iter_loss: 0.069624 learn_rate: 0.001000 
epoch: 2 iter: 8 train_iter_loss: 0.085690 learn_rate: 0.001000 
epoch: 2 iter: 9 train_iter_loss: 0.070179 learn_rate: 0.001000 
epoch: 2 iter: 10 train_iter_loss: 0.065281 learn_rate: 0.001000 
epoch: 2 iter: 11 train_iter_loss: 0.086406 learn_rate: 0.001000 
epoch: 2 iter: 12 train_iter_loss: 0.075824 learn_rate: 0.001000 
epoch: 2 iter: 13 train_iter_loss: 0.087782 learn_rate: 0.001000 
epoch: 2 iter: 14 train_iter_loss: 0.065361 learn_rate: 0.001000 
epoch: 2 iter: 15 train_iter_loss: 0.096097 learn_rate: 0.001000 
epoch: 2 iter: 16 train_iter_loss: 0.083807 learn_rate: 0.001000 
epoch: 2 iter: 17 train_iter_loss: 0.081679 learn_rate: 0.001000 
epoch: 2 iter: 18 train_iter_loss: 0.066516 learn_rate: 0.001000 
epoch: 2 iter: 19 train_iter_loss: 0.073729 learn_rate: 0.001000 
epoch: 2 iter: 20 train_iter_loss: 0.080466 learn_rate: 0.001000 
epoch: 2 iter: 21 train_iter_loss: 0.084590 learn_rate: 0.001000 
epoch: 2 iter: 22 train_iter_loss: 0.077029 learn_rate: 0.001000 
epoch: 2 iter: 23 train_iter_loss: 0.081820 learn_rate: 0.001000 
epoch: 2 iter: 24 train_iter_loss: 0.102609 learn_rate: 0.001000 
epoch: 2 iter: 25 train_iter_loss: 0.068142 learn_rate: 0.001000 
epoch: 2 iter: 26 train_iter_loss: 0.081060 learn_rate: 0.001000 
epoch: 2 iter: 27 train_iter_loss: 0.072001 learn_rate: 0.001000 
epoch: 2 iter: 28 train_iter_loss: 0.081642 learn_rate: 0.001000 
epoch: 2 iter: 29 train_iter_loss: 0.084569 learn_rate: 0.001000 
epoch: 2 iter: 30 train_iter_loss: 0.068554 learn_rate: 0.001000 
epoch: 2 iter: 31 train_iter_loss: 0.109744 learn_rate: 0.001000 
epoch: 2 iter: 32 train_iter_loss: 0.070464 learn_rate: 0.001000 
epoch: 2 iter: 33 train_iter_loss: 0.069493 learn_rate: 0.001000 
epoch: 2 iter: 34 train_iter_loss: 0.101506 learn_rate: 0.001000 
epoch: 2 iter: 35 train_iter_loss: 0.089330 learn_rate: 0.001000 
epoch: 2 iter: 36 train_iter_loss: 0.093836 learn_rate: 0.001000 
epoch: 2 iter: 37 train_iter_loss: 0.067623 learn_rate: 0.001000 
epoch: 2 iter: 38 train_iter_loss: 0.079540 learn_rate: 0.001000 
epoch: 2 iter: 39 train_iter_loss: 0.072929 learn_rate: 0.001000 
epoch: 2 iter: 40 train_iter_loss: 0.108546 learn_rate: 0.001000 
epoch: 2 iter: 41 train_iter_loss: 0.074670 learn_rate: 0.001000 
epoch: 2 iter: 42 train_iter_loss: 0.094884 learn_rate: 0.001000 
epoch: 2 iter: 43 train_iter_loss: 0.094850 learn_rate: 0.001000 
epoch: 2 iter: 44 train_iter_loss: 0.069770 learn_rate: 0.001000 
epoch: 2 iter: 45 train_iter_loss: 0.093068 learn_rate: 0.001000 
epoch: 2 iter: 46 train_iter_loss: 0.067803 learn_rate: 0.001000 
epoch: 2 iter: 47 train_iter_loss: 0.073386 learn_rate: 0.001000 
epoch: 2 iter: 48 train_iter_loss: 0.087219 learn_rate: 0.001000 
epoch: 2 iter: 49 train_iter_loss: 0.093453 learn_rate: 0.001000 
epoch: 2 iter: 50 train_iter_loss: 0.137170 learn_rate: 0.001000 
epoch: 2 iter: 51 train_iter_loss: 0.076878 learn_rate: 0.001000 
epoch: 2 iter: 52 train_iter_loss: 0.072501 learn_rate: 0.001000 
epoch: 2 iter: 53 train_iter_loss: 0.066559 learn_rate: 0.001000 
epoch: 2 iter: 54 train_iter_loss: 0.067680 learn_rate: 0.001000 
epoch: 2 iter: 55 train_iter_loss: 0.082874 learn_rate: 0.001000 
epoch: 2 iter: 56 train_iter_loss: 0.072358 learn_rate: 0.001000 
epoch: 2 iter: 57 train_iter_loss: 0.067073 learn_rate: 0.001000 
epoch: 2 iter: 58 train_iter_loss: 0.065696 learn_rate: 0.001000 
epoch: 2 iter: 59 train_iter_loss: 0.069979 learn_rate: 0.001000 
epoch: 2 iter: 60 train_iter_loss: 0.136057 learn_rate: 0.001000 
epoch: 2 iter: 61 train_iter_loss: 0.082407 learn_rate: 0.001000 
epoch: 2 iter: 62 train_iter_loss: 0.068071 learn_rate: 0.001000 
epoch: 2 iter: 63 train_iter_loss: 0.084604 learn_rate: 0.001000 
epoch: 2 iter: 64 train_iter_loss: 0.085347 learn_rate: 0.001000 
epoch: 2 iter: 65 train_iter_loss: 0.138136 learn_rate: 0.001000 
epoch: 2 iter: 66 train_iter_loss: 0.077165 learn_rate: 0.001000 
epoch: 2 iter: 67 train_iter_loss: 0.060987 learn_rate: 0.001000 
epoch: 2 iter: 68 train_iter_loss: 0.074493 learn_rate: 0.001000 
epoch: 2 iter: 69 train_iter_loss: 0.119203 learn_rate: 0.001000 
epoch: 2 iter: 70 train_iter_loss: 0.070548 learn_rate: 0.001000 
epoch: 2 iter: 71 train_iter_loss: 0.087270 learn_rate: 0.001000 
epoch: 2 iter: 72 train_iter_loss: 0.082218 learn_rate: 0.001000 
epoch: 2 iter: 73 train_iter_loss: 0.081545 learn_rate: 0.001000 
epoch: 2 iter: 74 train_iter_loss: 0.081746 learn_rate: 0.001000 
epoch: 2 iter: 75 train_iter_loss: 0.088039 learn_rate: 0.001000 
epoch: 2 iter: 76 train_iter_loss: 0.075314 learn_rate: 0.001000 
epoch: 2 iter: 77 train_iter_loss: 0.090903 learn_rate: 0.001000 
epoch: 2 iter: 78 train_iter_loss: 0.095096 learn_rate: 0.001000 
epoch: 2 iter: 79 train_iter_loss: 0.092282 learn_rate: 0.001000 
epoch: 2 iter: 80 train_iter_loss: 0.093118 learn_rate: 0.001000 
epoch: 2 iter: 81 train_iter_loss: 0.116588 learn_rate: 0.001000 
epoch: 2 iter: 82 train_iter_loss: 0.092227 learn_rate: 0.001000 
epoch: 2 iter: 83 train_iter_loss: 0.121750 learn_rate: 0.001000 
epoch: 2 iter: 84 train_iter_loss: 0.084248 learn_rate: 0.001000 
epoch: 2 iter: 85 train_iter_loss: 0.098969 learn_rate: 0.001000 
epoch: 2 iter: 86 train_iter_loss: 0.068212 learn_rate: 0.001000 
epoch: 2 iter: 87 train_iter_loss: 0.085493 learn_rate: 0.001000 
epoch: 2 iter: 88 train_iter_loss: 0.108306 learn_rate: 0.001000 
epoch: 2 iter: 89 train_iter_loss: 0.081061 learn_rate: 0.001000 
epoch: 2 iter: 90 train_iter_loss: 0.082327 learn_rate: 0.001000 
epoch: 2 iter: 91 train_iter_loss: 0.081230 learn_rate: 0.001000 
epoch: 2 iter: 92 train_iter_loss: 0.074584 learn_rate: 0.001000 
epoch: 2 iter: 93 train_iter_loss: 0.081654 learn_rate: 0.001000 
epoch: 2 iter: 94 train_iter_loss: 0.073230 learn_rate: 0.001000 
epoch: 2 iter: 95 train_iter_loss: 0.078816 learn_rate: 0.001000 
epoch: 2 iter: 96 train_iter_loss: 0.083706 learn_rate: 0.001000 
epoch: 2 iter: 97 train_iter_loss: 0.106583 learn_rate: 0.001000 
epoch: 2 iter: 98 train_iter_loss: 0.085939 learn_rate: 0.001000 
epoch: 2 iter: 99 train_iter_loss: 0.094186 learn_rate: 0.001000 
epoch: 2 iter: 100 train_iter_loss: 0.080602 learn_rate: 0.001000 
epoch: 2 iter: 101 train_iter_loss: 0.086547 learn_rate: 0.001000 
epoch: 2 iter: 102 train_iter_loss: 0.069837 learn_rate: 0.001000 
epoch: 2 iter: 103 train_iter_loss: 0.070419 learn_rate: 0.001000 
epoch: 2 iter: 104 train_iter_loss: 0.084335 learn_rate: 0.001000 
epoch: 2 iter: 105 train_iter_loss: 0.114147 learn_rate: 0.001000 
epoch: 2 iter: 106 train_iter_loss: 0.073867 learn_rate: 0.001000 
epoch: 2 iter: 107 train_iter_loss: 0.083446 learn_rate: 0.001000 
epoch: 2 iter: 108 train_iter_loss: 0.087939 learn_rate: 0.001000 
epoch: 2 iter: 109 train_iter_loss: 0.076042 learn_rate: 0.001000 
epoch: 2 iter: 110 train_iter_loss: 0.066725 learn_rate: 0.001000 
epoch: 2 iter: 111 train_iter_loss: 0.096018 learn_rate: 0.001000 
epoch: 2 iter: 112 train_iter_loss: 0.075153 learn_rate: 0.001000 
epoch: 2 iter: 113 train_iter_loss: 0.095292 learn_rate: 0.001000 
epoch: 2 iter: 114 train_iter_loss: 0.067301 learn_rate: 0.001000 
epoch: 2 iter: 115 train_iter_loss: 0.073568 learn_rate: 0.001000 
epoch: 2 iter: 116 train_iter_loss: 0.072709 learn_rate: 0.001000 
epoch: 2 iter: 117 train_iter_loss: 0.067837 learn_rate: 0.001000 
epoch: 2 iter: 118 train_iter_loss: 0.077977 learn_rate: 0.001000 
epoch: 2 iter: 119 train_iter_loss: 0.080229 learn_rate: 0.001000 
epoch: 2 iter: 120 train_iter_loss: 0.117424 learn_rate: 0.001000 
epoch: 2 iter: 121 train_iter_loss: 0.070052 learn_rate: 0.001000 
epoch: 2 iter: 122 train_iter_loss: 0.083242 learn_rate: 0.001000 
epoch: 2 iter: 123 train_iter_loss: 0.103057 learn_rate: 0.001000 
epoch: 2 iter: 124 train_iter_loss: 0.086041 learn_rate: 0.001000 
epoch: 2 iter: 125 train_iter_loss: 0.068488 learn_rate: 0.001000 
epoch: 2 iter: 126 train_iter_loss: 0.066104 learn_rate: 0.001000 
epoch: 2 iter: 127 train_iter_loss: 0.080960 learn_rate: 0.001000 
epoch: 2 iter: 128 train_iter_loss: 0.073991 learn_rate: 0.001000 
epoch: 2 iter: 129 train_iter_loss: 0.079435 learn_rate: 0.001000 
epoch: 2 iter: 130 train_iter_loss: 0.092139 learn_rate: 0.001000 
epoch: 2 iter: 131 train_iter_loss: 0.062293 learn_rate: 0.001000 
epoch: 2 iter: 132 train_iter_loss: 0.063837 learn_rate: 0.001000 
epoch: 2 iter: 133 train_iter_loss: 0.072009 learn_rate: 0.001000 
epoch: 2 iter: 134 train_iter_loss: 0.089499 learn_rate: 0.001000 
epoch: 2 iter: 135 train_iter_loss: 0.085313 learn_rate: 0.001000 
epoch: 2 iter: 136 train_iter_loss: 0.074744 learn_rate: 0.001000 
epoch: 2 iter: 137 train_iter_loss: 0.090620 learn_rate: 0.001000 
epoch: 2 iter: 138 train_iter_loss: 0.078930 learn_rate: 0.001000 
epoch: 2 iter: 139 train_iter_loss: 0.064251 learn_rate: 0.001000 
epoch: 2 iter: 140 train_iter_loss: 0.091510 learn_rate: 0.001000 
epoch: 2 iter: 141 train_iter_loss: 0.072845 learn_rate: 0.001000 
epoch: 2 iter: 142 train_iter_loss: 0.083746 learn_rate: 0.001000 
epoch: 2 iter: 143 train_iter_loss: 0.070919 learn_rate: 0.001000 
epoch: 2 iter: 144 train_iter_loss: 0.078907 learn_rate: 0.001000 
epoch: 2 iter: 145 train_iter_loss: 0.089395 learn_rate: 0.001000 
epoch: 2 iter: 146 train_iter_loss: 0.106010 learn_rate: 0.001000 
epoch: 2 iter: 147 train_iter_loss: 0.079511 learn_rate: 0.001000 
epoch: 2 iter: 148 train_iter_loss: 0.072058 learn_rate: 0.001000 
epoch: 2 iter: 149 train_iter_loss: 0.082564 learn_rate: 0.001000 
epoch: 2 iter: 150 train_iter_loss: 0.076415 learn_rate: 0.001000 
epoch: 2 iter: 151 train_iter_loss: 0.096577 learn_rate: 0.001000 
epoch: 2 iter: 152 train_iter_loss: 0.066762 learn_rate: 0.001000 
epoch: 2 iter: 153 train_iter_loss: 0.067927 learn_rate: 0.001000 
epoch: 2 iter: 154 train_iter_loss: 0.073538 learn_rate: 0.001000 
epoch: 2 iter: 155 train_iter_loss: 0.093599 learn_rate: 0.001000 
epoch: 2 iter: 156 train_iter_loss: 0.104882 learn_rate: 0.001000 
epoch: 2 iter: 157 train_iter_loss: 0.069271 learn_rate: 0.001000 
epoch: 2 iter: 158 train_iter_loss: 0.076139 learn_rate: 0.001000 
epoch: 2 iter: 159 train_iter_loss: 0.071506 learn_rate: 0.001000 
epoch: 2 iter: 160 train_iter_loss: 0.099816 learn_rate: 0.001000 
epoch: 2 iter: 161 train_iter_loss: 0.073709 learn_rate: 0.001000 
epoch: 2 iter: 162 train_iter_loss: 0.073093 learn_rate: 0.001000 
epoch: 2 iter: 163 train_iter_loss: 0.072784 learn_rate: 0.001000 
epoch: 2 iter: 164 train_iter_loss: 0.065225 learn_rate: 0.001000 
epoch: 2 iter: 165 train_iter_loss: 0.073266 learn_rate: 0.001000 
epoch: 2 iter: 166 train_iter_loss: 0.099343 learn_rate: 0.001000 
epoch: 2 iter: 167 train_iter_loss: 0.146384 learn_rate: 0.001000 
epoch: 2 iter: 168 train_iter_loss: 0.077797 learn_rate: 0.001000 
epoch: 2 iter: 169 train_iter_loss: 0.083983 learn_rate: 0.001000 
epoch: 2 iter: 170 train_iter_loss: 0.069703 learn_rate: 0.001000 
epoch: 2 iter: 171 train_iter_loss: 0.091150 learn_rate: 0.001000 
epoch: 2 iter: 172 train_iter_loss: 0.081218 learn_rate: 0.001000 
epoch: 2 iter: 173 train_iter_loss: 0.094915 learn_rate: 0.001000 
epoch: 2 iter: 174 train_iter_loss: 0.097112 learn_rate: 0.001000 
epoch: 2 iter: 175 train_iter_loss: 0.085010 learn_rate: 0.001000 
epoch: 2 iter: 176 train_iter_loss: 0.075697 learn_rate: 0.001000 
epoch: 2 iter: 177 train_iter_loss: 0.078831 learn_rate: 0.001000 
epoch: 2 iter: 178 train_iter_loss: 0.079963 learn_rate: 0.001000 
epoch: 2 iter: 179 train_iter_loss: 0.065788 learn_rate: 0.001000 
epoch: 2 iter: 180 train_iter_loss: 0.077749 learn_rate: 0.001000 
epoch: 2 iter: 181 train_iter_loss: 0.078730 learn_rate: 0.001000 
epoch: 2 iter: 182 train_iter_loss: 0.068137 learn_rate: 0.001000 
epoch: 2 iter: 183 train_iter_loss: 0.090335 learn_rate: 0.001000 
epoch: 2 iter: 184 train_iter_loss: 0.069608 learn_rate: 0.001000 
epoch: 2 iter: 185 train_iter_loss: 0.071123 learn_rate: 0.001000 
epoch: 2 iter: 186 train_iter_loss: 0.069583 learn_rate: 0.001000 
epoch: 2 iter: 187 train_iter_loss: 0.083665 learn_rate: 0.001000 
epoch: 2 iter: 188 train_iter_loss: 0.066454 learn_rate: 0.001000 
epoch: 2 iter: 189 train_iter_loss: 0.089782 learn_rate: 0.001000 
epoch: 2 iter: 190 train_iter_loss: 0.081288 learn_rate: 0.001000 
epoch: 2 iter: 191 train_iter_loss: 0.099770 learn_rate: 0.001000 
epoch: 2 iter: 192 train_iter_loss: 0.069023 learn_rate: 0.001000 
epoch: 2 iter: 193 train_iter_loss: 0.066904 learn_rate: 0.001000 
epoch: 2 iter: 194 train_iter_loss: 0.097850 learn_rate: 0.001000 
epoch: 2 iter: 195 train_iter_loss: 0.105612 learn_rate: 0.001000 
epoch: 2 iter: 196 train_iter_loss: 0.081214 learn_rate: 0.001000 
epoch: 2 iter: 197 train_iter_loss: 0.069203 learn_rate: 0.001000 
epoch: 2 iter: 198 train_iter_loss: 0.069698 learn_rate: 0.001000 
epoch: 2 iter: 199 train_iter_loss: 0.073345 learn_rate: 0.001000 
epoch: 2 iter: 200 train_iter_loss: 0.092917 learn_rate: 0.001000 
epoch: 2 iter: 201 train_iter_loss: 0.072874 learn_rate: 0.001000 
epoch: 2 iter: 202 train_iter_loss: 0.066430 learn_rate: 0.001000 
epoch: 2 iter: 203 train_iter_loss: 0.066202 learn_rate: 0.001000 
epoch: 2 iter: 204 train_iter_loss: 0.071798 learn_rate: 0.001000 
epoch: 2 iter: 205 train_iter_loss: 0.070565 learn_rate: 0.001000 
epoch: 2 iter: 206 train_iter_loss: 0.097449 learn_rate: 0.001000 
epoch: 2 iter: 207 train_iter_loss: 0.079386 learn_rate: 0.001000 
epoch: 2 iter: 208 train_iter_loss: 0.075674 learn_rate: 0.001000 
epoch: 2 iter: 209 train_iter_loss: 0.063597 learn_rate: 0.001000 
epoch: 2 iter: 210 train_iter_loss: 0.069951 learn_rate: 0.001000 
epoch: 2 iter: 211 train_iter_loss: 0.075660 learn_rate: 0.001000 
epoch: 2 iter: 212 train_iter_loss: 0.078061 learn_rate: 0.001000 
epoch: 2 iter: 213 train_iter_loss: 0.080051 learn_rate: 0.001000 
epoch: 2 iter: 214 train_iter_loss: 0.067520 learn_rate: 0.001000 
epoch: 2 iter: 215 train_iter_loss: 0.079839 learn_rate: 0.001000 
epoch: 2 iter: 216 train_iter_loss: 0.088351 learn_rate: 0.001000 
epoch: 2 iter: 217 train_iter_loss: 0.077994 learn_rate: 0.001000 
epoch: 2 iter: 218 train_iter_loss: 0.069054 learn_rate: 0.001000 
epoch: 2 iter: 219 train_iter_loss: 0.081769 learn_rate: 0.001000 
epoch: 2 iter: 220 train_iter_loss: 0.070010 learn_rate: 0.001000 
epoch: 2 iter: 221 train_iter_loss: 0.068104 learn_rate: 0.001000 
epoch: 2 iter: 222 train_iter_loss: 0.071151 learn_rate: 0.001000 
epoch: 2 iter: 223 train_iter_loss: 0.073519 learn_rate: 0.001000 
epoch: 2 iter: 224 train_iter_loss: 0.082511 learn_rate: 0.001000 
epoch: 2 iter: 225 train_iter_loss: 0.060645 learn_rate: 0.001000 
epoch: 2 iter: 226 train_iter_loss: 0.063733 learn_rate: 0.001000 
epoch: 2 iter: 227 train_iter_loss: 0.065511 learn_rate: 0.001000 
epoch: 2 iter: 228 train_iter_loss: 0.067395 learn_rate: 0.001000 
epoch: 2 iter: 229 train_iter_loss: 0.066770 learn_rate: 0.001000 
epoch: 2 iter: 230 train_iter_loss: 0.064321 learn_rate: 0.001000 
epoch: 2 iter: 231 train_iter_loss: 0.069873 learn_rate: 0.001000 
epoch: 2 iter: 232 train_iter_loss: 0.076606 learn_rate: 0.001000 
epoch: 2 iter: 233 train_iter_loss: 0.065454 learn_rate: 0.001000 
epoch: 2 iter: 234 train_iter_loss: 0.088161 learn_rate: 0.001000 
epoch: 2 iter: 235 train_iter_loss: 0.079639 learn_rate: 0.001000 
epoch: 2 iter: 236 train_iter_loss: 0.083607 learn_rate: 0.001000 
epoch: 2 iter: 237 train_iter_loss: 0.062219 learn_rate: 0.001000 
epoch: 2 iter: 238 train_iter_loss: 0.077157 learn_rate: 0.001000 
epoch: 2 iter: 239 train_iter_loss: 0.075523 learn_rate: 0.001000 
epoch: 2 iter: 240 train_iter_loss: 0.074789 learn_rate: 0.001000 
epoch: 2 iter: 241 train_iter_loss: 0.073016 learn_rate: 0.001000 
epoch: 2 iter: 242 train_iter_loss: 0.081615 learn_rate: 0.001000 
epoch: 2 iter: 243 train_iter_loss: 0.061841 learn_rate: 0.001000 
epoch: 2 iter: 244 train_iter_loss: 0.080914 learn_rate: 0.001000 
epoch: 2 iter: 245 train_iter_loss: 0.078624 learn_rate: 0.001000 
epoch: 2 iter: 246 train_iter_loss: 0.068256 learn_rate: 0.001000 
epoch: 2 iter: 247 train_iter_loss: 0.072990 learn_rate: 0.001000 
epoch: 2 iter: 248 train_iter_loss: 0.073327 learn_rate: 0.001000 
epoch: 2 iter: 249 train_iter_loss: 0.081621 learn_rate: 0.001000 
epoch: 2 iter: 250 train_iter_loss: 0.080253 learn_rate: 0.001000 
epoch: 2 iter: 251 train_iter_loss: 0.076510 learn_rate: 0.001000 
epoch: 2 iter: 252 train_iter_loss: 0.067014 learn_rate: 0.001000 
epoch: 2 iter: 253 train_iter_loss: 0.066629 learn_rate: 0.001000 
epoch: 2 iter: 254 train_iter_loss: 0.081154 learn_rate: 0.001000 
epoch: 2 iter: 255 train_iter_loss: 0.066623 learn_rate: 0.001000 
epoch: 2 iter: 256 train_iter_loss: 0.065691 learn_rate: 0.001000 
epoch: 2 iter: 257 train_iter_loss: 0.087192 learn_rate: 0.001000 
epoch: 2 iter: 258 train_iter_loss: 0.067370 learn_rate: 0.001000 
epoch: 2 iter: 259 train_iter_loss: 0.070695 learn_rate: 0.001000 
epoch: 2 iter: 260 train_iter_loss: 0.070429 learn_rate: 0.001000 
epoch: 2 iter: 261 train_iter_loss: 0.066061 learn_rate: 0.001000 
epoch: 2 iter: 262 train_iter_loss: 0.071761 learn_rate: 0.001000 
epoch: 2 iter: 263 train_iter_loss: 0.070274 learn_rate: 0.001000 
epoch: 2 iter: 264 train_iter_loss: 0.067482 learn_rate: 0.001000 
epoch: 2 iter: 265 train_iter_loss: 0.062341 learn_rate: 0.001000 
epoch: 2 iter: 266 train_iter_loss: 0.066980 learn_rate: 0.001000 
epoch: 2 iter: 267 train_iter_loss: 0.083003 learn_rate: 0.001000 
epoch: 2 iter: 268 train_iter_loss: 0.071803 learn_rate: 0.001000 
epoch: 2 iter: 269 train_iter_loss: 0.071258 learn_rate: 0.001000 
epoch: 2 iter: 270 train_iter_loss: 0.056785 learn_rate: 0.001000 
epoch: 2 iter: 271 train_iter_loss: 0.105878 learn_rate: 0.001000 
epoch: 2 iter: 272 train_iter_loss: 0.088775 learn_rate: 0.001000 
epoch: 2 iter: 273 train_iter_loss: 0.067472 learn_rate: 0.001000 
epoch: 2 iter: 274 train_iter_loss: 0.098896 learn_rate: 0.001000 
epoch: 2 iter: 275 train_iter_loss: 0.074235 learn_rate: 0.001000 
epoch: 2 iter: 276 train_iter_loss: 0.093052 learn_rate: 0.001000 
epoch: 2 iter: 277 train_iter_loss: 0.080831 learn_rate: 0.001000 
epoch: 2 iter: 278 train_iter_loss: 0.071472 learn_rate: 0.001000 
epoch: 2 iter: 279 train_iter_loss: 0.081688 learn_rate: 0.001000 
epoch: 2 iter: 280 train_iter_loss: 0.096392 learn_rate: 0.001000 
epoch: 2 iter: 281 train_iter_loss: 0.109168 learn_rate: 0.001000 
epoch: 2 iter: 282 train_iter_loss: 0.058669 learn_rate: 0.001000 
epoch: 2 iter: 283 train_iter_loss: 0.074974 learn_rate: 0.001000 
epoch: 2 iter: 284 train_iter_loss: 0.065784 learn_rate: 0.001000 
epoch: 2 iter: 285 train_iter_loss: 0.068093 learn_rate: 0.001000 
epoch: 2 iter: 286 train_iter_loss: 0.072062 learn_rate: 0.001000 
epoch: 2 iter: 287 train_iter_loss: 0.079396 learn_rate: 0.001000 
epoch: 2 iter: 288 train_iter_loss: 0.066519 learn_rate: 0.001000 
epoch: 2 iter: 289 train_iter_loss: 0.076245 learn_rate: 0.001000 
epoch: 2 iter: 290 train_iter_loss: 0.088125 learn_rate: 0.001000 
epoch: 2 iter: 291 train_iter_loss: 0.067640 learn_rate: 0.001000 
epoch: 2 iter: 292 train_iter_loss: 0.064813 learn_rate: 0.001000 
epoch: 2 iter: 293 train_iter_loss: 0.090107 learn_rate: 0.001000 
epoch: 2 iter: 294 train_iter_loss: 0.070174 learn_rate: 0.001000 
epoch: 2 iter: 295 train_iter_loss: 0.086999 learn_rate: 0.001000 
epoch: 2 iter: 296 train_iter_loss: 0.097804 learn_rate: 0.001000 
epoch: 2 iter: 297 train_iter_loss: 0.065209 learn_rate: 0.001000 
epoch: 2 iter: 298 train_iter_loss: 0.073930 learn_rate: 0.001000 
epoch: 2 iter: 299 train_iter_loss: 0.078295 learn_rate: 0.001000 
epoch: 2 iter: 300 train_iter_loss: 0.081448 learn_rate: 0.001000 
epoch: 2 iter: 301 train_iter_loss: 0.068527 learn_rate: 0.001000 
epoch: 2 iter: 302 train_iter_loss: 0.072787 learn_rate: 0.001000 
epoch: 2 iter: 303 train_iter_loss: 0.084782 learn_rate: 0.001000 
epoch: 2 iter: 304 train_iter_loss: 0.081612 learn_rate: 0.001000 
epoch: 2 iter: 305 train_iter_loss: 0.071597 learn_rate: 0.001000 
epoch: 2 iter: 306 train_iter_loss: 0.075085 learn_rate: 0.001000 
epoch: 2 iter: 307 train_iter_loss: 0.064978 learn_rate: 0.001000 
epoch: 2 iter: 308 train_iter_loss: 0.062876 learn_rate: 0.001000 
epoch: 2 iter: 309 train_iter_loss: 0.062714 learn_rate: 0.001000 
epoch: 2 iter: 310 train_iter_loss: 0.058858 learn_rate: 0.001000 
epoch: 2 iter: 311 train_iter_loss: 0.094045 learn_rate: 0.001000 
epoch: 2 iter: 312 train_iter_loss: 0.062154 learn_rate: 0.001000 
epoch: 2 iter: 313 train_iter_loss: 0.064422 learn_rate: 0.001000 
epoch: 2 iter: 314 train_iter_loss: 0.064927 learn_rate: 0.001000 
epoch: 2 iter: 315 train_iter_loss: 0.083025 learn_rate: 0.001000 
epoch: 2 iter: 316 train_iter_loss: 0.076042 learn_rate: 0.001000 
epoch: 2 iter: 317 train_iter_loss: 0.064694 learn_rate: 0.001000 
epoch: 2 iter: 318 train_iter_loss: 0.072495 learn_rate: 0.001000 
epoch: 2 iter: 319 train_iter_loss: 0.087569 learn_rate: 0.001000 
epoch: 2 iter: 320 train_iter_loss: 0.064254 learn_rate: 0.001000 
epoch: 2 iter: 321 train_iter_loss: 0.066414 learn_rate: 0.001000 
epoch: 2 iter: 322 train_iter_loss: 0.065104 learn_rate: 0.001000 
epoch: 2 iter: 323 train_iter_loss: 0.066006 learn_rate: 0.001000 
epoch: 2 iter: 324 train_iter_loss: 0.066443 learn_rate: 0.001000 
epoch: 2 iter: 325 train_iter_loss: 0.091505 learn_rate: 0.001000 
epoch: 2 iter: 326 train_iter_loss: 0.073805 learn_rate: 0.001000 
epoch: 2 iter: 327 train_iter_loss: 0.065122 learn_rate: 0.001000 
epoch: 2 iter: 328 train_iter_loss: 0.082126 learn_rate: 0.001000 
epoch: 2 iter: 329 train_iter_loss: 0.070854 learn_rate: 0.001000 
epoch: 2 iter: 330 train_iter_loss: 0.069058 learn_rate: 0.001000 
epoch: 2 iter: 331 train_iter_loss: 0.077171 learn_rate: 0.001000 
epoch: 2 iter: 332 train_iter_loss: 0.069785 learn_rate: 0.001000 
epoch: 2 iter: 333 train_iter_loss: 0.059295 learn_rate: 0.001000 
epoch: 2 iter: 334 train_iter_loss: 0.061602 learn_rate: 0.001000 
epoch: 2 iter: 335 train_iter_loss: 0.075389 learn_rate: 0.001000 
epoch: 2 iter: 336 train_iter_loss: 0.081187 learn_rate: 0.001000 
epoch: 2 iter: 337 train_iter_loss: 0.064923 learn_rate: 0.001000 
epoch: 2 iter: 338 train_iter_loss: 0.063117 learn_rate: 0.001000 
epoch: 2 iter: 339 train_iter_loss: 0.066588 learn_rate: 0.001000 
epoch: 2 iter: 340 train_iter_loss: 0.063421 learn_rate: 0.001000 
epoch: 2 iter: 341 train_iter_loss: 0.073307 learn_rate: 0.001000 
epoch: 2 iter: 342 train_iter_loss: 0.065277 learn_rate: 0.001000 
epoch: 2 iter: 343 train_iter_loss: 0.067207 learn_rate: 0.001000 
epoch: 2 iter: 344 train_iter_loss: 0.070854 learn_rate: 0.001000 
epoch: 2 iter: 345 train_iter_loss: 0.084025 learn_rate: 0.001000 
epoch: 2 iter: 346 train_iter_loss: 0.078683 learn_rate: 0.001000 
epoch: 2 iter: 347 train_iter_loss: 0.079153 learn_rate: 0.001000 
epoch: 2 iter: 348 train_iter_loss: 0.062734 learn_rate: 0.001000 
epoch: 2 iter: 349 train_iter_loss: 0.079387 learn_rate: 0.001000 
epoch: 2 iter: 350 train_iter_loss: 0.072351 learn_rate: 0.001000 
epoch: 2 iter: 351 train_iter_loss: 0.062999 learn_rate: 0.001000 
epoch: 2 iter: 352 train_iter_loss: 0.066562 learn_rate: 0.001000 
epoch: 2 iter: 353 train_iter_loss: 0.063652 learn_rate: 0.001000 
epoch: 2 iter: 354 train_iter_loss: 0.101314 learn_rate: 0.001000 
epoch: 2 iter: 355 train_iter_loss: 0.063403 learn_rate: 0.001000 
epoch: 2 iter: 356 train_iter_loss: 0.061920 learn_rate: 0.001000 
epoch: 2 iter: 357 train_iter_loss: 0.068809 learn_rate: 0.001000 
epoch: 2 iter: 358 train_iter_loss: 0.070929 learn_rate: 0.001000 
epoch: 2 iter: 359 train_iter_loss: 0.065820 learn_rate: 0.001000 
epoch: 2 iter: 360 train_iter_loss: 0.062768 learn_rate: 0.001000 
epoch: 2 iter: 361 train_iter_loss: 0.064153 learn_rate: 0.001000 
epoch: 2 iter: 362 train_iter_loss: 0.064414 learn_rate: 0.001000 
epoch: 2 iter: 363 train_iter_loss: 0.061535 learn_rate: 0.001000 
epoch: 2 iter: 364 train_iter_loss: 0.066572 learn_rate: 0.001000 
epoch: 2 iter: 365 train_iter_loss: 0.067113 learn_rate: 0.001000 
epoch: 2 iter: 366 train_iter_loss: 0.068287 learn_rate: 0.001000 
epoch: 2 iter: 367 train_iter_loss: 0.064098 learn_rate: 0.001000 
epoch: 2 iter: 368 train_iter_loss: 0.071570 learn_rate: 0.001000 
epoch: 2 iter: 369 train_iter_loss: 0.070334 learn_rate: 0.001000 
epoch: 2 iter: 370 train_iter_loss: 0.068590 learn_rate: 0.001000 
epoch: 2 iter: 371 train_iter_loss: 0.073850 learn_rate: 0.001000 
epoch: 2 iter: 372 train_iter_loss: 0.070098 learn_rate: 0.001000 
epoch: 2 iter: 373 train_iter_loss: 0.071635 learn_rate: 0.001000 
epoch: 2 iter: 374 train_iter_loss: 0.070231 learn_rate: 0.001000 
epoch: 2 iter: 375 train_iter_loss: 0.069359 learn_rate: 0.001000 
epoch: 2 iter: 376 train_iter_loss: 0.072071 learn_rate: 0.001000 
epoch: 2 iter: 377 train_iter_loss: 0.077163 learn_rate: 0.001000 
epoch: 2 iter: 378 train_iter_loss: 0.069842 learn_rate: 0.001000 
epoch: 2 iter: 379 train_iter_loss: 0.071414 learn_rate: 0.001000 
epoch: 2 iter: 380 train_iter_loss: 0.066036 learn_rate: 0.001000 
epoch: 2 iter: 381 train_iter_loss: 0.061083 learn_rate: 0.001000 
epoch: 2 iter: 382 train_iter_loss: 0.068664 learn_rate: 0.001000 
epoch: 2 iter: 383 train_iter_loss: 0.067908 learn_rate: 0.001000 
epoch: 2 iter: 384 train_iter_loss: 0.074908 learn_rate: 0.001000 
epoch: 2 iter: 385 train_iter_loss: 0.065178 learn_rate: 0.001000 
epoch: 2 iter: 386 train_iter_loss: 0.093825 learn_rate: 0.001000 
epoch: 2 iter: 387 train_iter_loss: 0.070843 learn_rate: 0.001000 
epoch: 2 iter: 388 train_iter_loss: 0.067180 learn_rate: 0.001000 
epoch: 2 iter: 389 train_iter_loss: 0.077242 learn_rate: 0.001000 
epoch: 2 iter: 390 train_iter_loss: 0.066368 learn_rate: 0.001000 
epoch: 2 iter: 391 train_iter_loss: 0.076475 learn_rate: 0.001000 
epoch: 2 iter: 392 train_iter_loss: 0.064213 learn_rate: 0.001000 
epoch: 2 iter: 393 train_iter_loss: 0.070522 learn_rate: 0.001000 
epoch: 2 iter: 394 train_iter_loss: 0.059579 learn_rate: 0.001000 
epoch: 2 iter: 395 train_iter_loss: 0.066249 learn_rate: 0.001000 
epoch: 2 iter: 396 train_iter_loss: 0.065209 learn_rate: 0.001000 
epoch: 2 iter: 397 train_iter_loss: 0.060102 learn_rate: 0.001000 
epoch: 2 iter: 398 train_iter_loss: 0.066411 learn_rate: 0.001000 
epoch: 2 iter: 399 train_iter_loss: 0.067559 learn_rate: 0.001000 
epoch: 2 iter: 400 train_iter_loss: 0.067550 learn_rate: 0.001000 
epoch: 2 iter: 401 train_iter_loss: 0.081720 learn_rate: 0.001000 
epoch: 2 iter: 402 train_iter_loss: 0.080198 learn_rate: 0.001000 
epoch: 2 iter: 403 train_iter_loss: 0.059742 learn_rate: 0.001000 
epoch: 2 iter: 404 train_iter_loss: 0.063780 learn_rate: 0.001000 
epoch: 2 iter: 405 train_iter_loss: 0.146546 learn_rate: 0.001000 
epoch: 2 iter: 406 train_iter_loss: 0.064994 learn_rate: 0.001000 
epoch: 2 iter: 407 train_iter_loss: 0.061750 learn_rate: 0.001000 
epoch: 2 iter: 408 train_iter_loss: 0.081106 learn_rate: 0.001000 
epoch: 2 iter: 409 train_iter_loss: 0.069670 learn_rate: 0.001000 
epoch: 2 iter: 410 train_iter_loss: 0.079138 learn_rate: 0.001000 
epoch: 2 iter: 411 train_iter_loss: 0.089205 learn_rate: 0.001000 
epoch: 2 iter: 412 train_iter_loss: 0.079893 learn_rate: 0.001000 
epoch: 2 iter: 413 train_iter_loss: 0.064905 learn_rate: 0.001000 
epoch: 2 iter: 414 train_iter_loss: 0.069361 learn_rate: 0.001000 
epoch: 2 iter: 415 train_iter_loss: 0.066969 learn_rate: 0.001000 
epoch: 2 iter: 416 train_iter_loss: 0.077966 learn_rate: 0.001000 
epoch: 2 iter: 417 train_iter_loss: 0.069821 learn_rate: 0.001000 
epoch: 2 iter: 418 train_iter_loss: 0.092652 learn_rate: 0.001000 
epoch: 2 iter: 419 train_iter_loss: 0.066862 learn_rate: 0.001000 
epoch: 2 iter: 420 train_iter_loss: 0.069566 learn_rate: 0.001000 
epoch: 2 iter: 421 train_iter_loss: 0.064966 learn_rate: 0.001000 
epoch: 2 iter: 422 train_iter_loss: 0.067091 learn_rate: 0.001000 
epoch: 2 iter: 423 train_iter_loss: 0.069085 learn_rate: 0.001000 
epoch: 2 iter: 424 train_iter_loss: 0.063068 learn_rate: 0.001000 
epoch: 2 iter: 425 train_iter_loss: 0.062876 learn_rate: 0.001000 
epoch: 2 iter: 426 train_iter_loss: 0.079449 learn_rate: 0.001000 
epoch: 2 iter: 427 train_iter_loss: 0.063350 learn_rate: 0.001000 
epoch: 2 iter: 428 train_iter_loss: 0.071040 learn_rate: 0.001000 
epoch: 2 iter: 429 train_iter_loss: 0.060483 learn_rate: 0.001000 
epoch: 2 iter: 430 train_iter_loss: 0.071362 learn_rate: 0.001000 
epoch: 2 iter: 431 train_iter_loss: 0.064751 learn_rate: 0.001000 
epoch: 2 iter: 432 train_iter_loss: 0.063544 learn_rate: 0.001000 
epoch: 2 iter: 433 train_iter_loss: 0.080841 learn_rate: 0.001000 
epoch: 2 iter: 434 train_iter_loss: 0.071289 learn_rate: 0.001000 
epoch: 2 iter: 435 train_iter_loss: 0.069993 learn_rate: 0.001000 
epoch: 2 iter: 436 train_iter_loss: 0.062406 learn_rate: 0.001000 
epoch: 2 iter: 437 train_iter_loss: 0.058558 learn_rate: 0.001000 
epoch: 2 iter: 438 train_iter_loss: 0.072423 learn_rate: 0.001000 
epoch: 2 iter: 439 train_iter_loss: 0.063292 learn_rate: 0.001000 
epoch: 2 iter: 440 train_iter_loss: 0.072712 learn_rate: 0.001000 
epoch: 2 iter: 441 train_iter_loss: 0.065723 learn_rate: 0.001000 
epoch: 2 iter: 442 train_iter_loss: 0.072417 learn_rate: 0.001000 
epoch: 2 iter: 443 train_iter_loss: 0.087816 learn_rate: 0.001000 
epoch: 2 iter: 444 train_iter_loss: 0.071388 learn_rate: 0.001000 
epoch: 2 iter: 445 train_iter_loss: 0.063717 learn_rate: 0.001000 
epoch: 2 iter: 446 train_iter_loss: 0.072924 learn_rate: 0.001000 
epoch: 2 iter: 447 train_iter_loss: 0.061680 learn_rate: 0.001000 
epoch: 2 iter: 448 train_iter_loss: 0.064346 learn_rate: 0.001000 
epoch: 2 iter: 449 train_iter_loss: 0.077293 learn_rate: 0.001000 
epoch: 2 iter: 450 train_iter_loss: 0.066341 learn_rate: 0.001000 
epoch: 2 iter: 451 train_iter_loss: 0.072397 learn_rate: 0.001000 
epoch: 2 iter: 452 train_iter_loss: 0.068323 learn_rate: 0.001000 
epoch: 2 iter: 453 train_iter_loss: 0.057830 learn_rate: 0.001000 
epoch: 2 iter: 454 train_iter_loss: 0.061796 learn_rate: 0.001000 
epoch: 2 iter: 455 train_iter_loss: 0.072534 learn_rate: 0.001000 
epoch: 2 iter: 456 train_iter_loss: 0.063807 learn_rate: 0.001000 
epoch: 2 iter: 457 train_iter_loss: 0.059681 learn_rate: 0.001000 
epoch: 2 iter: 458 train_iter_loss: 0.066339 learn_rate: 0.001000 
epoch: 2 iter: 459 train_iter_loss: 0.091223 learn_rate: 0.001000 
epoch: 2 iter: 460 train_iter_loss: 0.071691 learn_rate: 0.001000 
epoch: 2 iter: 461 train_iter_loss: 0.074135 learn_rate: 0.001000 
epoch: 2 iter: 462 train_iter_loss: 0.080514 learn_rate: 0.001000 
epoch: 2 iter: 463 train_iter_loss: 0.064038 learn_rate: 0.001000 
epoch: 2 iter: 464 train_iter_loss: 0.074172 learn_rate: 0.001000 
epoch: 2 iter: 465 train_iter_loss: 0.067745 learn_rate: 0.001000 
epoch: 2 iter: 466 train_iter_loss: 0.074051 learn_rate: 0.001000 
epoch: 2 iter: 467 train_iter_loss: 0.066097 learn_rate: 0.001000 
epoch: 2 iter: 468 train_iter_loss: 0.062559 learn_rate: 0.001000 
epoch: 2 iter: 469 train_iter_loss: 0.062228 learn_rate: 0.001000 
epoch: 2 iter: 470 train_iter_loss: 0.072759 learn_rate: 0.001000 
epoch: 2 iter: 471 train_iter_loss: 0.064057 learn_rate: 0.001000 
epoch: 2 iter: 472 train_iter_loss: 0.062444 learn_rate: 0.001000 
epoch: 2 iter: 473 train_iter_loss: 0.071411 learn_rate: 0.001000 
epoch: 2 iter: 474 train_iter_loss: 0.067410 learn_rate: 0.001000 
epoch: 2 iter: 475 train_iter_loss: 0.073645 learn_rate: 0.001000 
epoch: 2 iter: 476 train_iter_loss: 0.073326 learn_rate: 0.001000 
epoch: 2 iter: 477 train_iter_loss: 0.067892 learn_rate: 0.001000 
epoch: 2 iter: 478 train_iter_loss: 0.076575 learn_rate: 0.001000 
epoch: 2 iter: 479 train_iter_loss: 0.072798 learn_rate: 0.001000 
epoch: 2 iter: 480 train_iter_loss: 0.065421 learn_rate: 0.001000 
epoch: 2 iter: 481 train_iter_loss: 0.064042 learn_rate: 0.001000 
epoch: 2 iter: 482 train_iter_loss: 0.072181 learn_rate: 0.001000 
epoch: 2 iter: 483 train_iter_loss: 0.069311 learn_rate: 0.001000 
epoch: 2 iter: 484 train_iter_loss: 0.061742 learn_rate: 0.001000 
epoch: 2 iter: 485 train_iter_loss: 0.065099 learn_rate: 0.001000 
epoch: 2 iter: 486 train_iter_loss: 0.063603 learn_rate: 0.001000 
epoch: 2 iter: 487 train_iter_loss: 0.065450 learn_rate: 0.001000 
epoch: 2 iter: 488 train_iter_loss: 0.072351 learn_rate: 0.001000 
epoch: 2 iter: 489 train_iter_loss: 0.079309 learn_rate: 0.001000 
epoch: 2 iter: 490 train_iter_loss: 0.062042 learn_rate: 0.001000 
epoch: 2 iter: 491 train_iter_loss: 0.072031 learn_rate: 0.001000 
epoch: 2 iter: 492 train_iter_loss: 0.067967 learn_rate: 0.001000 
epoch: 2 iter: 493 train_iter_loss: 0.059904 learn_rate: 0.001000 
epoch: 2 iter: 494 train_iter_loss: 0.067524 learn_rate: 0.001000 
epoch: 2 iter: 495 train_iter_loss: 0.076168 learn_rate: 0.001000 
epoch: 2 iter: 496 train_iter_loss: 0.072217 learn_rate: 0.001000 
epoch: 2 iter: 497 train_iter_loss: 0.069693 learn_rate: 0.001000 
epoch: 2 iter: 498 train_iter_loss: 0.076621 learn_rate: 0.001000 
epoch: 2 iter: 499 train_iter_loss: 0.064189 learn_rate: 0.001000 
epoch: 2 iter: 500 train_iter_loss: 0.060187 learn_rate: 0.001000 
epoch: 2 train_epoch_loss: 0.076118 learn_rate: 0.001000 test_p: 0.840299 test_r: 0.834170 test_f: 0.836150
epoch: 3 iter: 1 train_iter_loss: 0.069290 learn_rate: 0.001000 
epoch: 3 iter: 2 train_iter_loss: 0.072173 learn_rate: 0.001000 
epoch: 3 iter: 3 train_iter_loss: 0.063109 learn_rate: 0.001000 
epoch: 3 iter: 4 train_iter_loss: 0.062818 learn_rate: 0.001000 
epoch: 3 iter: 5 train_iter_loss: 0.063392 learn_rate: 0.001000 
epoch: 3 iter: 6 train_iter_loss: 0.061665 learn_rate: 0.001000 
epoch: 3 iter: 7 train_iter_loss: 0.067980 learn_rate: 0.001000 
epoch: 3 iter: 8 train_iter_loss: 0.072158 learn_rate: 0.001000 
epoch: 3 iter: 9 train_iter_loss: 0.064239 learn_rate: 0.001000 
epoch: 3 iter: 10 train_iter_loss: 0.060051 learn_rate: 0.001000 
epoch: 3 iter: 11 train_iter_loss: 0.073850 learn_rate: 0.001000 
epoch: 3 iter: 12 train_iter_loss: 0.074350 learn_rate: 0.001000 
epoch: 3 iter: 13 train_iter_loss: 0.070424 learn_rate: 0.001000 
epoch: 3 iter: 14 train_iter_loss: 0.063548 learn_rate: 0.001000 
epoch: 3 iter: 15 train_iter_loss: 0.064698 learn_rate: 0.001000 
epoch: 3 iter: 16 train_iter_loss: 0.066604 learn_rate: 0.001000 
epoch: 3 iter: 17 train_iter_loss: 0.061100 learn_rate: 0.001000 
epoch: 3 iter: 18 train_iter_loss: 0.062708 learn_rate: 0.001000 
epoch: 3 iter: 19 train_iter_loss: 0.068847 learn_rate: 0.001000 
epoch: 3 iter: 20 train_iter_loss: 0.065726 learn_rate: 0.001000 
epoch: 3 iter: 21 train_iter_loss: 0.069548 learn_rate: 0.001000 
epoch: 3 iter: 22 train_iter_loss: 0.068707 learn_rate: 0.001000 
epoch: 3 iter: 23 train_iter_loss: 0.058742 learn_rate: 0.001000 
epoch: 3 iter: 24 train_iter_loss: 0.055562 learn_rate: 0.001000 
epoch: 3 iter: 25 train_iter_loss: 0.069901 learn_rate: 0.001000 
epoch: 3 iter: 26 train_iter_loss: 0.064112 learn_rate: 0.001000 
epoch: 3 iter: 27 train_iter_loss: 0.077508 learn_rate: 0.001000 
epoch: 3 iter: 28 train_iter_loss: 0.064022 learn_rate: 0.001000 
epoch: 3 iter: 29 train_iter_loss: 0.068050 learn_rate: 0.001000 
epoch: 3 iter: 30 train_iter_loss: 0.061296 learn_rate: 0.001000 
epoch: 3 iter: 31 train_iter_loss: 0.070799 learn_rate: 0.001000 
epoch: 3 iter: 32 train_iter_loss: 0.067640 learn_rate: 0.001000 
epoch: 3 iter: 33 train_iter_loss: 0.069637 learn_rate: 0.001000 
epoch: 3 iter: 34 train_iter_loss: 0.077301 learn_rate: 0.001000 
epoch: 3 iter: 35 train_iter_loss: 0.067666 learn_rate: 0.001000 
epoch: 3 iter: 36 train_iter_loss: 0.063775 learn_rate: 0.001000 
epoch: 3 iter: 37 train_iter_loss: 0.066617 learn_rate: 0.001000 
epoch: 3 iter: 38 train_iter_loss: 0.067128 learn_rate: 0.001000 
epoch: 3 iter: 39 train_iter_loss: 0.072110 learn_rate: 0.001000 
epoch: 3 iter: 40 train_iter_loss: 0.069666 learn_rate: 0.001000 
epoch: 3 iter: 41 train_iter_loss: 0.060911 learn_rate: 0.001000 
epoch: 3 iter: 42 train_iter_loss: 0.090679 learn_rate: 0.001000 
epoch: 3 iter: 43 train_iter_loss: 0.065020 learn_rate: 0.001000 
epoch: 3 iter: 44 train_iter_loss: 0.074305 learn_rate: 0.001000 
epoch: 3 iter: 45 train_iter_loss: 0.084934 learn_rate: 0.001000 
epoch: 3 iter: 46 train_iter_loss: 0.065096 learn_rate: 0.001000 
epoch: 3 iter: 47 train_iter_loss: 0.058907 learn_rate: 0.001000 
epoch: 3 iter: 48 train_iter_loss: 0.070389 learn_rate: 0.001000 
epoch: 3 iter: 49 train_iter_loss: 0.063987 learn_rate: 0.001000 
epoch: 3 iter: 50 train_iter_loss: 0.059866 learn_rate: 0.001000 
epoch: 3 iter: 51 train_iter_loss: 0.063532 learn_rate: 0.001000 
epoch: 3 iter: 52 train_iter_loss: 0.063260 learn_rate: 0.001000 
epoch: 3 iter: 53 train_iter_loss: 0.064543 learn_rate: 0.001000 
epoch: 3 iter: 54 train_iter_loss: 0.065935 learn_rate: 0.001000 
epoch: 3 iter: 55 train_iter_loss: 0.060817 learn_rate: 0.001000 
epoch: 3 iter: 56 train_iter_loss: 0.066380 learn_rate: 0.001000 
epoch: 3 iter: 57 train_iter_loss: 0.060225 learn_rate: 0.001000 
epoch: 3 iter: 58 train_iter_loss: 0.061450 learn_rate: 0.001000 
epoch: 3 iter: 59 train_iter_loss: 0.066375 learn_rate: 0.001000 
epoch: 3 iter: 60 train_iter_loss: 0.063295 learn_rate: 0.001000 
epoch: 3 iter: 61 train_iter_loss: 0.064546 learn_rate: 0.001000 
epoch: 3 iter: 62 train_iter_loss: 0.062350 learn_rate: 0.001000 
epoch: 3 iter: 63 train_iter_loss: 0.065693 learn_rate: 0.001000 
epoch: 3 iter: 64 train_iter_loss: 0.060030 learn_rate: 0.001000 
epoch: 3 iter: 65 train_iter_loss: 0.064032 learn_rate: 0.001000 
epoch: 3 iter: 66 train_iter_loss: 0.070109 learn_rate: 0.001000 
epoch: 3 iter: 67 train_iter_loss: 0.065237 learn_rate: 0.001000 
epoch: 3 iter: 68 train_iter_loss: 0.061219 learn_rate: 0.001000 
epoch: 3 iter: 69 train_iter_loss: 0.068940 learn_rate: 0.001000 
epoch: 3 iter: 70 train_iter_loss: 0.059328 learn_rate: 0.001000 
epoch: 3 iter: 71 train_iter_loss: 0.066573 learn_rate: 0.001000 
epoch: 3 iter: 72 train_iter_loss: 0.062878 learn_rate: 0.001000 
epoch: 3 iter: 73 train_iter_loss: 0.066152 learn_rate: 0.001000 
epoch: 3 iter: 74 train_iter_loss: 0.058933 learn_rate: 0.001000 
epoch: 3 iter: 75 train_iter_loss: 0.066260 learn_rate: 0.001000 
epoch: 3 iter: 76 train_iter_loss: 0.060554 learn_rate: 0.001000 
epoch: 3 iter: 77 train_iter_loss: 0.060202 learn_rate: 0.001000 
epoch: 3 iter: 78 train_iter_loss: 0.072746 learn_rate: 0.001000 
epoch: 3 iter: 79 train_iter_loss: 0.064769 learn_rate: 0.001000 
epoch: 3 iter: 80 train_iter_loss: 0.063558 learn_rate: 0.001000 
epoch: 3 iter: 81 train_iter_loss: 0.059548 learn_rate: 0.001000 
epoch: 3 iter: 82 train_iter_loss: 0.064504 learn_rate: 0.001000 
epoch: 3 iter: 83 train_iter_loss: 0.066923 learn_rate: 0.001000 
epoch: 3 iter: 84 train_iter_loss: 0.064226 learn_rate: 0.001000 
epoch: 3 iter: 85 train_iter_loss: 0.062563 learn_rate: 0.001000 
epoch: 3 iter: 86 train_iter_loss: 0.074130 learn_rate: 0.001000 
epoch: 3 iter: 87 train_iter_loss: 0.067796 learn_rate: 0.001000 
epoch: 3 iter: 88 train_iter_loss: 0.070133 learn_rate: 0.001000 
epoch: 3 iter: 89 train_iter_loss: 0.077476 learn_rate: 0.001000 
epoch: 3 iter: 90 train_iter_loss: 0.063769 learn_rate: 0.001000 
epoch: 3 iter: 91 train_iter_loss: 0.065148 learn_rate: 0.001000 
epoch: 3 iter: 92 train_iter_loss: 0.064041 learn_rate: 0.001000 
epoch: 3 iter: 93 train_iter_loss: 0.061945 learn_rate: 0.001000 
epoch: 3 iter: 94 train_iter_loss: 0.064469 learn_rate: 0.001000 
epoch: 3 iter: 95 train_iter_loss: 0.076670 learn_rate: 0.001000 
epoch: 3 iter: 96 train_iter_loss: 0.070204 learn_rate: 0.001000 
epoch: 3 iter: 97 train_iter_loss: 0.067296 learn_rate: 0.001000 
epoch: 3 iter: 98 train_iter_loss: 0.079824 learn_rate: 0.001000 
epoch: 3 iter: 99 train_iter_loss: 0.058020 learn_rate: 0.001000 
epoch: 3 iter: 100 train_iter_loss: 0.059837 learn_rate: 0.001000 
epoch: 3 iter: 101 train_iter_loss: 0.066361 learn_rate: 0.001000 
epoch: 3 iter: 102 train_iter_loss: 0.058662 learn_rate: 0.001000 
epoch: 3 iter: 103 train_iter_loss: 0.065752 learn_rate: 0.001000 
epoch: 3 iter: 104 train_iter_loss: 0.061708 learn_rate: 0.001000 
epoch: 3 iter: 105 train_iter_loss: 0.062761 learn_rate: 0.001000 
epoch: 3 iter: 106 train_iter_loss: 0.060943 learn_rate: 0.001000 
epoch: 3 iter: 107 train_iter_loss: 0.074751 learn_rate: 0.001000 
epoch: 3 iter: 108 train_iter_loss: 0.063633 learn_rate: 0.001000 
epoch: 3 iter: 109 train_iter_loss: 0.067386 learn_rate: 0.001000 
epoch: 3 iter: 110 train_iter_loss: 0.063868 learn_rate: 0.001000 
epoch: 3 iter: 111 train_iter_loss: 0.060644 learn_rate: 0.001000 
epoch: 3 iter: 112 train_iter_loss: 0.059137 learn_rate: 0.001000 
epoch: 3 iter: 113 train_iter_loss: 0.061296 learn_rate: 0.001000 
epoch: 3 iter: 114 train_iter_loss: 0.066134 learn_rate: 0.001000 
epoch: 3 iter: 115 train_iter_loss: 0.060258 learn_rate: 0.001000 
epoch: 3 iter: 116 train_iter_loss: 0.066687 learn_rate: 0.001000 
epoch: 3 iter: 117 train_iter_loss: 0.063975 learn_rate: 0.001000 
epoch: 3 iter: 118 train_iter_loss: 0.059864 learn_rate: 0.001000 
epoch: 3 iter: 119 train_iter_loss: 0.070121 learn_rate: 0.001000 
epoch: 3 iter: 120 train_iter_loss: 0.070631 learn_rate: 0.001000 
epoch: 3 iter: 121 train_iter_loss: 0.063365 learn_rate: 0.001000 
epoch: 3 iter: 122 train_iter_loss: 0.069547 learn_rate: 0.001000 
epoch: 3 iter: 123 train_iter_loss: 0.059973 learn_rate: 0.001000 
epoch: 3 iter: 124 train_iter_loss: 0.075545 learn_rate: 0.001000 
epoch: 3 iter: 125 train_iter_loss: 0.067846 learn_rate: 0.001000 
epoch: 3 iter: 126 train_iter_loss: 0.072046 learn_rate: 0.001000 
epoch: 3 iter: 127 train_iter_loss: 0.063703 learn_rate: 0.001000 
epoch: 3 iter: 128 train_iter_loss: 0.076388 learn_rate: 0.001000 
epoch: 3 iter: 129 train_iter_loss: 0.063057 learn_rate: 0.001000 
epoch: 3 iter: 130 train_iter_loss: 0.064629 learn_rate: 0.001000 
epoch: 3 iter: 131 train_iter_loss: 0.060540 learn_rate: 0.001000 
epoch: 3 iter: 132 train_iter_loss: 0.072019 learn_rate: 0.001000 
epoch: 3 iter: 133 train_iter_loss: 0.060061 learn_rate: 0.001000 
epoch: 3 iter: 134 train_iter_loss: 0.059140 learn_rate: 0.001000 
epoch: 3 iter: 135 train_iter_loss: 0.067192 learn_rate: 0.001000 
epoch: 3 iter: 136 train_iter_loss: 0.062455 learn_rate: 0.001000 
epoch: 3 iter: 137 train_iter_loss: 0.068146 learn_rate: 0.001000 
epoch: 3 iter: 138 train_iter_loss: 0.065712 learn_rate: 0.001000 
epoch: 3 iter: 139 train_iter_loss: 0.059943 learn_rate: 0.001000 
epoch: 3 iter: 140 train_iter_loss: 0.071192 learn_rate: 0.001000 
epoch: 3 iter: 141 train_iter_loss: 0.057992 learn_rate: 0.001000 
epoch: 3 iter: 142 train_iter_loss: 0.063809 learn_rate: 0.001000 
epoch: 3 iter: 143 train_iter_loss: 0.066905 learn_rate: 0.001000 
epoch: 3 iter: 144 train_iter_loss: 0.063090 learn_rate: 0.001000 
epoch: 3 iter: 145 train_iter_loss: 0.072402 learn_rate: 0.001000 
epoch: 3 iter: 146 train_iter_loss: 0.090349 learn_rate: 0.001000 
epoch: 3 iter: 147 train_iter_loss: 0.066214 learn_rate: 0.001000 
epoch: 3 iter: 148 train_iter_loss: 0.055481 learn_rate: 0.001000 
epoch: 3 iter: 149 train_iter_loss: 0.076112 learn_rate: 0.001000 
epoch: 3 iter: 150 train_iter_loss: 0.089311 learn_rate: 0.001000 
epoch: 3 iter: 151 train_iter_loss: 0.069133 learn_rate: 0.001000 
epoch: 3 iter: 152 train_iter_loss: 0.064925 learn_rate: 0.001000 
epoch: 3 iter: 153 train_iter_loss: 0.069536 learn_rate: 0.001000 
epoch: 3 iter: 154 train_iter_loss: 0.068001 learn_rate: 0.001000 
epoch: 3 iter: 155 train_iter_loss: 0.066424 learn_rate: 0.001000 
epoch: 3 iter: 156 train_iter_loss: 0.061214 learn_rate: 0.001000 
epoch: 3 iter: 157 train_iter_loss: 0.060575 learn_rate: 0.001000 
epoch: 3 iter: 158 train_iter_loss: 0.063012 learn_rate: 0.001000 
epoch: 3 iter: 159 train_iter_loss: 0.067908 learn_rate: 0.001000 
epoch: 3 iter: 160 train_iter_loss: 0.061632 learn_rate: 0.001000 
epoch: 3 iter: 161 train_iter_loss: 0.058488 learn_rate: 0.001000 
epoch: 3 iter: 162 train_iter_loss: 0.067940 learn_rate: 0.001000 
epoch: 3 iter: 163 train_iter_loss: 0.061165 learn_rate: 0.001000 
epoch: 3 iter: 164 train_iter_loss: 0.071970 learn_rate: 0.001000 
epoch: 3 iter: 165 train_iter_loss: 0.075276 learn_rate: 0.001000 
epoch: 3 iter: 166 train_iter_loss: 0.066448 learn_rate: 0.001000 
epoch: 3 iter: 167 train_iter_loss: 0.064252 learn_rate: 0.001000 
epoch: 3 iter: 168 train_iter_loss: 0.062438 learn_rate: 0.001000 
epoch: 3 iter: 169 train_iter_loss: 0.067465 learn_rate: 0.001000 
epoch: 3 iter: 170 train_iter_loss: 0.069946 learn_rate: 0.001000 
epoch: 3 iter: 171 train_iter_loss: 0.078875 learn_rate: 0.001000 
epoch: 3 iter: 172 train_iter_loss: 0.063137 learn_rate: 0.001000 
epoch: 3 iter: 173 train_iter_loss: 0.068901 learn_rate: 0.001000 
epoch: 3 iter: 174 train_iter_loss: 0.061132 learn_rate: 0.001000 
epoch: 3 iter: 175 train_iter_loss: 0.059335 learn_rate: 0.001000 
epoch: 3 iter: 176 train_iter_loss: 0.065830 learn_rate: 0.001000 
epoch: 3 iter: 177 train_iter_loss: 0.057537 learn_rate: 0.001000 
epoch: 3 iter: 178 train_iter_loss: 0.062733 learn_rate: 0.001000 
epoch: 3 iter: 179 train_iter_loss: 0.056062 learn_rate: 0.001000 
epoch: 3 iter: 180 train_iter_loss: 0.068311 learn_rate: 0.001000 
epoch: 3 iter: 181 train_iter_loss: 0.059640 learn_rate: 0.001000 
epoch: 3 iter: 182 train_iter_loss: 0.061849 learn_rate: 0.001000 
epoch: 3 iter: 183 train_iter_loss: 0.063530 learn_rate: 0.001000 
epoch: 3 iter: 184 train_iter_loss: 0.073293 learn_rate: 0.001000 
epoch: 3 iter: 185 train_iter_loss: 0.063097 learn_rate: 0.001000 
epoch: 3 iter: 186 train_iter_loss: 0.065665 learn_rate: 0.001000 
epoch: 3 iter: 187 train_iter_loss: 0.071779 learn_rate: 0.001000 
epoch: 3 iter: 188 train_iter_loss: 0.058573 learn_rate: 0.001000 
epoch: 3 iter: 189 train_iter_loss: 0.057765 learn_rate: 0.001000 
epoch: 3 iter: 190 train_iter_loss: 0.068022 learn_rate: 0.001000 
epoch: 3 iter: 191 train_iter_loss: 0.075242 learn_rate: 0.001000 
epoch: 3 iter: 192 train_iter_loss: 0.062235 learn_rate: 0.001000 
epoch: 3 iter: 193 train_iter_loss: 0.061802 learn_rate: 0.001000 
epoch: 3 iter: 194 train_iter_loss: 0.063618 learn_rate: 0.001000 
epoch: 3 iter: 195 train_iter_loss: 0.068782 learn_rate: 0.001000 
epoch: 3 iter: 196 train_iter_loss: 0.061560 learn_rate: 0.001000 
epoch: 3 iter: 197 train_iter_loss: 0.062154 learn_rate: 0.001000 
